[2023-04-28 15:50:05,677] multiqc                                            [DEBUG  ]  This is MultiQC v1.13
[2023-04-28 15:50:05,679] multiqc                                            [DEBUG  ]  Found command line config: {'max_table_rows': 3000}
[2023-04-28 15:50:05,679] multiqc                                            [DEBUG  ]  New config: {'max_table_rows': 3000}
[2023-04-28 15:50:05,679] multiqc                                            [DEBUG  ]  Command used: /opt/conda/bin/multiqc -v -p -ip -f --data-dir --data-format tsv --cl-config max_table_rows: 3000 --filename 1st_fastp_report --outdir fq_p1 fq_p1
[2023-04-28 15:50:05,900] multiqc                                            [WARNING]  MultiQC Version v1.14 now available!
[2023-04-28 15:50:05,900] multiqc                                            [DEBUG  ]  Working dir : /home/e1garcia/shotgun_PIRE/pire_lcwgs_data_processing/ambassis_buruensis/1st_sequencing_run
[2023-04-28 15:50:05,900] multiqc                                            [DEBUG  ]  Template    : default
[2023-04-28 15:50:05,900] multiqc                                            [DEBUG  ]  Running Python 3.9.12 (main, Aug 29 2022, 00:54:58)  [GCC 11.2.0]
[2023-04-28 15:50:05,901] multiqc                                            [DEBUG  ]  Analysing modules: custom_content, ccs, ngsderive, purple, conpair, lima, peddy, somalier, methylQA, mosdepth, phantompeakqualtools, qualimap, preseq, quast, qorts, rna_seqc, rockhopper, rsem, rseqc, busco, bustools, goleft_indexcov, gffcompare, disambiguate, supernova, deeptools, sargasso, verifybamid, mirtrace, happy, mirtop, sambamba, homer, hops, macs2, theta2, snpeff, gatk, htseq, bcftools, featureCounts, fgbio, dragen, dedup, pbmarkdup, damageprofiler, biobambam2, jcvi, mtnucratio, picard, vep, sentieon, prokka, qc3C, nanostat, samblaster, samtools, sexdeterrmine, eigenstratdatabasetools, bamtools, jellyfish, vcftools, longranger, stacks, varscan2, snippy, bbmap, bismark, biscuit, hicexplorer, hicup, hicpro, salmon, kallisto, slamdunk, star, hisat2, tophat, bowtie2, bowtie1, snpsplit, odgi, pangolin, kat, leehom, adapterRemoval, clipandmerge, cutadapt, flexbar, kaiju, kraken, malt, trimmomatic, sickle, skewer, sortmerna, biobloomtools, fastq_screen, afterqc, fastp, fastqc, pychopper, pycoqc, minionqc, multivcfanalyzer, clusterflow, checkqc, bcl2fastq, bclconvert, interop, ivar, flash, seqyclean, optitype, whatshap
[2023-04-28 15:50:05,901] multiqc                                            [DEBUG  ]  Using temporary directory for creating report: /tmp/tmplwvo2hqr
[2023-04-28 15:50:06,054] multiqc                                            [INFO   ]  Search path : /home/e1garcia/shotgun_PIRE/pire_lcwgs_data_processing/ambassis_buruensis/1st_sequencing_run/fq_p1
[2023-04-28 15:50:24,188] multiqc                                            [DEBUG  ]  Summary of files that were skipped by the search: [skipped_module_specific_max_filesize: 714] // [skipped_no_match: 595] // [skipped_ignore_pattern: 476]
[2023-04-28 15:50:24,666] multiqc.plots.bargraph                             [DEBUG  ]  Using matplotlib version 3.1.2
[2023-04-28 15:50:24,668] multiqc.plots.linegraph                            [DEBUG  ]  Using matplotlib version 3.1.2
[2023-04-28 15:50:24,669] multiqc                                            [DEBUG  ]  No samples found: custom_content
[2023-04-28 15:50:25,196] multiqc.modules.fastp.fastp                        [INFO   ]  Found 119 reports
[2023-04-28 15:51:08,283] multiqc                                            [INFO   ]  Compressing plot data
[2023-04-28 15:51:17,267] multiqc                                            [INFO   ]  Report      : fq_p1/1st_fastp_report.html
[2023-04-28 15:51:17,268] multiqc                                            [INFO   ]  Data        : fq_p1/1st_fastp_report_data
[2023-04-28 15:51:17,268] multiqc                                            [DEBUG  ]  Moving data file from '/tmp/tmplwvo2hqr/multiqc_data' to 'fq_p1/1st_fastp_report_data'
[2023-04-28 15:51:18,216] multiqc                                            [INFO   ]  Plots       : fq_p1/1st_fastp_report_plots
[2023-04-28 15:51:18,216] multiqc                                            [DEBUG  ]  Moving plots directory from '/tmp/tmplwvo2hqr/multiqc_plots' to 'fq_p1/1st_fastp_report_plots'
[2023-04-28 15:51:18,588] multiqc                                            [INFO   ]  MultiQC complete
