preview of orig and new R1 file names...
PaA0100106G_CKDL220033558-1A_HJFC3CCX2_L5_1.fq.gz Par-ARag_001-Ex1-6G-lcwgs-2-T.1.fq.gz
PaA0100206H_CKDL220033558-1A_HJFC3CCX2_L5_1.fq.gz Par-ARag_002-Ex1-6H-lcwgs-2-T.1.fq.gz
PaA0100607C_CKDL220033558-1A_HJFC3CCX2_L5_1.fq.gz Par-ARag_006-Ex1-7C-lcwgs-2-T.1.fq.gz
PaA0100707D_CKDL220033558-1A_HJFC3CCX2_L5_1.fq.gz Par-ARag_007-Ex1-7D-lcwgs-2-T.1.fq.gz
PaA0100807E_CKDL220033558-1A_HJFC3CCX2_L5_1.fq.gz Par-ARag_008-Ex1-7E-lcwgs-2-T.1.fq.gz
PaA0100907F_CKDL220033558-1A_HJFC3CCX2_L5_1.fq.gz Par-ARag_009-Ex1-7F-lcwgs-2-T.1.fq.gz
PaA0101007G_CKDL220033558-1A_HJFC3CCX2_L5_1.fq.gz Par-ARag_010-Ex1-7G-lcwgs-2-T.1.fq.gz
PaA0101107H_CKDL220033558-1A_HJFC3CCX2_L5_1.fq.gz Par-ARag_011-Ex1-7H-lcwgs-2-T.1.fq.gz
PaA0101208A_CKDL220033558-1A_HJFC3CCX2_L5_1.fq.gz Par-ARag_012-Ex1-8A-lcwgs-2-T.1.fq.gz
PaA0101308B_CKDL220033558-1A_HJFC3CCX2_L5_1.fq.gz Par-ARag_013-Ex1-8B-lcwgs-2-T.1.fq.gz
PaA0101408C_CKDL220033558-1A_HJFC3CCX2_L5_1.fq.gz Par-ARag_014-Ex1-8C-lcwgs-2-T.1.fq.gz
PaA0101708E_CKDL220033558-1A_HJFC3CCX2_L5_1.fq.gz Par-ARag_017-Ex1-8E-lcwgs-2-T.1.fq.gz
PaA0101908F_CKDL220033558-1A_HJFC3CCX2_L5_1.fq.gz Par-ARag_019-Ex1-8F-lcwgs-2-T.1.fq.gz
PaA0102008G_CKDL220033558-1A_HJFC3CCX2_L5_1.fq.gz Par-ARag_020-Ex1-8G-lcwgs-2-T.1.fq.gz
PaA0102108H_CKDL220033558-1A_HJFC3CCX2_L5_1.fq.gz Par-ARag_021-Ex1-8H-lcwgs-2-T.1.fq.gz
PaA0102209A_CKDL220033558-1A_HJFC3CCX2_L5_1.fq.gz Par-ARag_022-Ex1-9A-lcwgs-2-T.1.fq.gz
PaA0102509D_CKDL220033558-1A_HJFC3CCX2_L5_1.fq.gz Par-ARag_025-Ex1-9D-lcwgs-2-T.1.fq.gz
PaA0102709F_CKDL220033558-1A_HJFC3CCX2_L5_1.fq.gz Par-ARag_027-Ex1-9F-lcwgs-2-T.1.fq.gz
PaA0102809G_CKDL220033558-1A_HJFC3CCX2_L5_1.fq.gz Par-ARag_028-Ex1-9G-lcwgs-2-T.1.fq.gz
PaA0102909H_CKDL220033558-1A_HJFC3CCX2_L5_1.fq.gz Par-ARag_029-Ex1-9H-lcwgs-2-T.1.fq.gz
PaA0103010A_CKDL220033558-1A_HJFC3CCX2_L5_1.fq.gz Par-ARag_030-Ex1-10A-lcwgs-2-T.1.fq.gz
PaC0100305C_CKDL220033558-1A_HJFC3CCX2_L5_1.fq.gz Par-CPas_003-Ex1-5C-lcwgs-1-T.1.fq.gz
PaC0100407D_CKDL220033558-1A_HJFC3CCX2_L5_1.fq.gz Par-CPas_004-Ex1-7D7E-lcwgs-1and2-T.1.fq.gz
PaC0100806E_CKDL220033558-1A_HJFC3CCX2_L5_1.fq.gz Par-CPas_008-Ex1-6E6F-lcwgs-1and2-T.1.fq.gz
PaC0101005A_CKDL220033558-1A_HJFC3CCX2_L5_1.fq.gz Par-CPas_010-Ex1-5A-lcwgs-1-T.1.fq.gz
PaC0101302F_CKDL220033558-1A_HJFC3CCX2_L5_1.fq.gz Par-CPas_013-Ex1-2F3G-lcwgs-1and2-T.1.fq.gz
PaC0101507H_CKDL220033558-1A_HJFC3CCX2_L5_1.fq.gz Par-CPas_015-Ex1-7H-lcwgs-1-T.1.fq.gz
PaC0101606F_CKDL220033558-1A_HJFC3CCX2_L5_1.fq.gz Par-CPas_016-Ex1-6F6G-lcwgs-1and2-T.1.fq.gz
PaC0101803H_CKDL220033558-1A_HJFC3CCX2_L5_1.fq.gz Par-CPas_018-Ex1-3H4H-lcwgs-1and2-T.1.fq.gz
PaC0102006A_CKDL220033558-1A_HJFC3CCX2_L5_1.fq.gz Par-CPas_020-Ex1-6A-lcwgs-1-T.1.fq.gz
PaC0102308H_CKDL220033558-1A_HJFC3CCX2_L5_1.fq.gz Par-CPas_023-Ex1-8H-lcwgs-1-T.1.fq.gz
PaC0102702E_CKDL220033558-1A_HJFC3CCX2_L5_1.fq.gz Par-CPas_027-Ex1-2E-lcwgs-1-T.1.fq.gz
PaC0102803C_CKDL220033558-1A_HJFC3CCX2_L5_1.fq.gz Par-CPas_028-Ex1-3C-lcwgs-1-T.1.fq.gz
PaC0103305F_CKDL220033558-1A_HJFC3CCX2_L5_1.fq.gz Par-CPas_033-Ex1-5F-lcwgs-1-T.1.fq.gz
PaC0103502G_CKDL220033558-1A_HJFC3CCX2_L5_1.fq.gz Par-CPas_035-Ex1-2G3H-lcwgs-1and2-T.1.fq.gz
PaC0103707C_CKDL220033558-1A_HJFC3CCX2_L5_1.fq.gz Par-CPas_037-Ex1-7C7D-lcwgs-1and2-T.1.fq.gz
PaC0103804D_CKDL220033558-1A_HJFC3CCX2_L5_1.fq.gz Par-CPas_038-Ex1-4D-lcwgs-1-T.1.fq.gz
PaC0104108F_CKDL220033558-1A_HJFC3CCX2_L5_1.fq.gz Par-CPas_041-Ex1-8F-lcwgs-1-T.1.fq.gz
PaC0104307F_CKDL220033558-1A_HJFC3CCX2_L5_1.fq.gz Par-CPas_043-Ex1-7F7G-lcwgs-1and2-T.1.fq.gz
PaC0104408D_CKDL220033558-1A_HJFC3CCX2_L5_1.fq.gz Par-CPas_044-Ex1-8D-lcwgs-1-T.1.fq.gz
PaC0104506H_CKDL220033558-1A_HJFC3CCX2_L5_1.fq.gz Par-CPas_045-Ex1-6H7A-lcwgs-1and2-T.1.fq.gz
PaC0104603G_CKDL220033558-1A_HJFC3CCX2_L5_1.fq.gz Par-CPas_046-Ex1-3G-lcwgs-1-T.1.fq.gz
PaC0104702H_CKDL220033558-1A_HJFC3CCX2_L5_1.fq.gz Par-CPas_047-Ex1-2H-lcwgs-1-T.1.fq.gz
PaC0104804E_CKDL220033558-1A_HJFC3CCX2_L5_1.fq.gz Par-CPas_048-Ex1-4E-lcwgs-1-T.1.fq.gz
PaC0104904B_CKDL220033558-1A_HJFC3CCX2_L5_1.fq.gz Par-CPas_049-Ex1-4B-lcwgs-1-T.1.fq.gz
PaC0105504F_CKDL220033558-1A_HJFC3CCX2_L5_1.fq.gz Par-CPas_055-Ex1-4F5E-lcwgs-1and2-T.1.fq.gz
PaC0105805D_CKDL220033558-1A_HJFC3CCX2_L5_1.fq.gz Par-CPas_058-Ex1-5D-lcwgs-1-T.1.fq.gz
PaC0105903A_CKDL220033558-1A_HJFC3CCX2_L5_1.fq.gz Par-CPas_059-Ex1-3A-lcwgs-1-T.1.fq.gz
PaC0106103D_CKDL220033558-1A_HJFC3CCX2_L5_1.fq.gz Par-CPas_061-Ex1-3D-lcwgs-1-T.1.fq.gz
PaC0106205E_CKDL220033558-1A_HJFC3CCX2_L5_1.fq.gz Par-CPas_062-Ex1-5E-lcwgs-1-T.1.fq.gz
PaC0106308B_CKDL220033558-1A_HJFC3CCX2_L5_1.fq.gz Par-CPas_063-Ex1-8B8C-lcwgs-1and2-T.1.fq.gz
PaC0106406C_CKDL220033558-1A_HJFC3CCX2_L5_1.fq.gz Par-CPas_064-Ex1-6C6D-lcwgs-1and2-T.1.fq.gz
PaC0106503E_CKDL220033558-1A_HJFC3CCX2_L5_1.fq.gz Par-CPas_065-Ex1-3E-lcwgs-1-T.1.fq.gz
PaC0106608G_CKDL220033558-1A_HJFC3CCX2_L5_1.fq.gz Par-CPas_066-Ex1-8G-lcwgs-1-T.1.fq.gz
PaC0106707E_CKDL220033558-1A_HJFC3CCX2_L5_1.fq.gz Par-CPas_067-Ex1-7E7F-lcwgs-1and2-T.1.fq.gz
PaC0106804H_CKDL220033558-1A_HJFC3CCX2_L5_1.fq.gz Par-CPas_068-Ex1-4H-lcwgs-1-T.1.fq.gz
PaC0106905B_CKDL220033558-1A_HJFC3CCX2_L5_1.fq.gz Par-CPas_069-Ex1-5B-lcwgs-1-T.1.fq.gz
PaC0107004C_CKDL220033558-1A_HJFC3CCX2_L5_1.fq.gz Par-CPas_070-Ex1-4C2D-lcwgs-1and2-T.1.fq.gz
PaC0107106B_CKDL220033558-1A_HJFC3CCX2_L5_1.fq.gz Par-CPas_071-Ex1-6B-lcwgs-1-T.1.fq.gz
PaC0107206D_CKDL220033558-1A_HJFC3CCX2_L5_1.fq.gz Par-CPas_072-Ex1-6D6E-lcwgs-1and2-T.1.fq.gz
PaC0107308E_CKDL220033558-1A_HJFC3CCX2_L5_1.fq.gz Par-CPas_073-Ex1-8E8F-lcwgs-1and2-T.1.fq.gz
PaC0107404G_CKDL220033558-1A_HJFC3CCX2_L5_1.fq.gz Par-CPas_074-Ex1-4G-lcwgs-1-T.1.fq.gz
PaC0107508A_CKDL220033558-1A_HJFC3CCX2_L5_1.fq.gz Par-CPas_075-Ex1-8A8B-lcwgs-1and2-T.1.fq.gz
PaC0107605G_CKDL220033558-1A_HJFC3CCX2_L5_1.fq.gz Par-CPas_076-Ex1-5G-lcwgs-1-T.1.fq.gz
PaC0107707G_CKDL220033558-1A_HJFC3CCX2_L5_1.fq.gz Par-CPas_077-Ex1-7G7H-lcwgs-1and2-T.1.fq.gz
PaC0107908C_CKDL220033558-1A_HJFC3CCX2_L5_1.fq.gz Par-CPas_079-Ex1-8C-lcwgs-1-T.1.fq.gz
PaC0108206G_CKDL220033558-1A_HJFC3CCX2_L5_1.fq.gz Par-CPas_082-Ex1-6G6H-lcwgs-1and2-T.1.fq.gz
PaC0108304A_CKDL220033558-1A_HJFC3CCX2_L5_1.fq.gz Par-CPas_083-Ex1-4A-lcwgs-1-T.1.fq.gz
PaC0108403F_CKDL220033558-1A_HJFC3CCX2_L5_1.fq.gz Par-CPas_084-Ex1-3F4F-lcwgs-1and2-T.1.fq.gz
PaC0108502D_CKDL220033558-1A_HJFC3CCX2_L5_1.fq.gz Par-CPas_085-Ex1-2D3F-lcwgs-1and2-T.1.fq.gz
PaC0108705H_CKDL220033558-1A_HJFC3CCX2_L5_1.fq.gz Par-CPas_087-Ex1-5H-lcwgs-1-T.1.fq.gz
preview of orig and new R2 file names...
PaA0100106G_CKDL220033558-1A_HJFC3CCX2_L5_2.fq.gz Par-ARag_001-Ex1-6G-lcwgs-2-T.2.fq.gz
PaA0100206H_CKDL220033558-1A_HJFC3CCX2_L5_2.fq.gz Par-ARag_002-Ex1-6H-lcwgs-2-T.2.fq.gz
PaA0100607C_CKDL220033558-1A_HJFC3CCX2_L5_2.fq.gz Par-ARag_006-Ex1-7C-lcwgs-2-T.2.fq.gz
PaA0100707D_CKDL220033558-1A_HJFC3CCX2_L5_2.fq.gz Par-ARag_007-Ex1-7D-lcwgs-2-T.2.fq.gz
PaA0100807E_CKDL220033558-1A_HJFC3CCX2_L5_2.fq.gz Par-ARag_008-Ex1-7E-lcwgs-2-T.2.fq.gz
PaA0100907F_CKDL220033558-1A_HJFC3CCX2_L5_2.fq.gz Par-ARag_009-Ex1-7F-lcwgs-2-T.2.fq.gz
PaA0101007G_CKDL220033558-1A_HJFC3CCX2_L5_2.fq.gz Par-ARag_010-Ex1-7G-lcwgs-2-T.2.fq.gz
PaA0101107H_CKDL220033558-1A_HJFC3CCX2_L5_2.fq.gz Par-ARag_011-Ex1-7H-lcwgs-2-T.2.fq.gz
PaA0101208A_CKDL220033558-1A_HJFC3CCX2_L5_2.fq.gz Par-ARag_012-Ex1-8A-lcwgs-2-T.2.fq.gz
PaA0101308B_CKDL220033558-1A_HJFC3CCX2_L5_2.fq.gz Par-ARag_013-Ex1-8B-lcwgs-2-T.2.fq.gz
PaA0101408C_CKDL220033558-1A_HJFC3CCX2_L5_2.fq.gz Par-ARag_014-Ex1-8C-lcwgs-2-T.2.fq.gz
PaA0101708E_CKDL220033558-1A_HJFC3CCX2_L5_2.fq.gz Par-ARag_017-Ex1-8E-lcwgs-2-T.2.fq.gz
PaA0101908F_CKDL220033558-1A_HJFC3CCX2_L5_2.fq.gz Par-ARag_019-Ex1-8F-lcwgs-2-T.2.fq.gz
PaA0102008G_CKDL220033558-1A_HJFC3CCX2_L5_2.fq.gz Par-ARag_020-Ex1-8G-lcwgs-2-T.2.fq.gz
PaA0102108H_CKDL220033558-1A_HJFC3CCX2_L5_2.fq.gz Par-ARag_021-Ex1-8H-lcwgs-2-T.2.fq.gz
PaA0102209A_CKDL220033558-1A_HJFC3CCX2_L5_2.fq.gz Par-ARag_022-Ex1-9A-lcwgs-2-T.2.fq.gz
PaA0102509D_CKDL220033558-1A_HJFC3CCX2_L5_2.fq.gz Par-ARag_025-Ex1-9D-lcwgs-2-T.2.fq.gz
PaA0102709F_CKDL220033558-1A_HJFC3CCX2_L5_2.fq.gz Par-ARag_027-Ex1-9F-lcwgs-2-T.2.fq.gz
PaA0102809G_CKDL220033558-1A_HJFC3CCX2_L5_2.fq.gz Par-ARag_028-Ex1-9G-lcwgs-2-T.2.fq.gz
PaA0102909H_CKDL220033558-1A_HJFC3CCX2_L5_2.fq.gz Par-ARag_029-Ex1-9H-lcwgs-2-T.2.fq.gz
PaA0103010A_CKDL220033558-1A_HJFC3CCX2_L5_2.fq.gz Par-ARag_030-Ex1-10A-lcwgs-2-T.2.fq.gz
PaC0100305C_CKDL220033558-1A_HJFC3CCX2_L5_2.fq.gz Par-CPas_003-Ex1-5C-lcwgs-1-T.2.fq.gz
PaC0100407D_CKDL220033558-1A_HJFC3CCX2_L5_2.fq.gz Par-CPas_004-Ex1-7D7E-lcwgs-1and2-T.2.fq.gz
PaC0100806E_CKDL220033558-1A_HJFC3CCX2_L5_2.fq.gz Par-CPas_008-Ex1-6E6F-lcwgs-1and2-T.2.fq.gz
PaC0101005A_CKDL220033558-1A_HJFC3CCX2_L5_2.fq.gz Par-CPas_010-Ex1-5A-lcwgs-1-T.2.fq.gz
PaC0101302F_CKDL220033558-1A_HJFC3CCX2_L5_2.fq.gz Par-CPas_013-Ex1-2F3G-lcwgs-1and2-T.2.fq.gz
PaC0101507H_CKDL220033558-1A_HJFC3CCX2_L5_2.fq.gz Par-CPas_015-Ex1-7H-lcwgs-1-T.2.fq.gz
PaC0101606F_CKDL220033558-1A_HJFC3CCX2_L5_2.fq.gz Par-CPas_016-Ex1-6F6G-lcwgs-1and2-T.2.fq.gz
PaC0101803H_CKDL220033558-1A_HJFC3CCX2_L5_2.fq.gz Par-CPas_018-Ex1-3H4H-lcwgs-1and2-T.2.fq.gz
PaC0102006A_CKDL220033558-1A_HJFC3CCX2_L5_2.fq.gz Par-CPas_020-Ex1-6A-lcwgs-1-T.2.fq.gz
PaC0102308H_CKDL220033558-1A_HJFC3CCX2_L5_2.fq.gz Par-CPas_023-Ex1-8H-lcwgs-1-T.2.fq.gz
PaC0102702E_CKDL220033558-1A_HJFC3CCX2_L5_2.fq.gz Par-CPas_027-Ex1-2E-lcwgs-1-T.2.fq.gz
PaC0102803C_CKDL220033558-1A_HJFC3CCX2_L5_2.fq.gz Par-CPas_028-Ex1-3C-lcwgs-1-T.2.fq.gz
PaC0103305F_CKDL220033558-1A_HJFC3CCX2_L5_2.fq.gz Par-CPas_033-Ex1-5F-lcwgs-1-T.2.fq.gz
PaC0103502G_CKDL220033558-1A_HJFC3CCX2_L5_2.fq.gz Par-CPas_035-Ex1-2G3H-lcwgs-1and2-T.2.fq.gz
PaC0103707C_CKDL220033558-1A_HJFC3CCX2_L5_2.fq.gz Par-CPas_037-Ex1-7C7D-lcwgs-1and2-T.2.fq.gz
PaC0103804D_CKDL220033558-1A_HJFC3CCX2_L5_2.fq.gz Par-CPas_038-Ex1-4D-lcwgs-1-T.2.fq.gz
PaC0104108F_CKDL220033558-1A_HJFC3CCX2_L5_2.fq.gz Par-CPas_041-Ex1-8F-lcwgs-1-T.2.fq.gz
PaC0104307F_CKDL220033558-1A_HJFC3CCX2_L5_2.fq.gz Par-CPas_043-Ex1-7F7G-lcwgs-1and2-T.2.fq.gz
PaC0104408D_CKDL220033558-1A_HJFC3CCX2_L5_2.fq.gz Par-CPas_044-Ex1-8D-lcwgs-1-T.2.fq.gz
PaC0104506H_CKDL220033558-1A_HJFC3CCX2_L5_2.fq.gz Par-CPas_045-Ex1-6H7A-lcwgs-1and2-T.2.fq.gz
PaC0104603G_CKDL220033558-1A_HJFC3CCX2_L5_2.fq.gz Par-CPas_046-Ex1-3G-lcwgs-1-T.2.fq.gz
PaC0104702H_CKDL220033558-1A_HJFC3CCX2_L5_2.fq.gz Par-CPas_047-Ex1-2H-lcwgs-1-T.2.fq.gz
PaC0104804E_CKDL220033558-1A_HJFC3CCX2_L5_2.fq.gz Par-CPas_048-Ex1-4E-lcwgs-1-T.2.fq.gz
PaC0104904B_CKDL220033558-1A_HJFC3CCX2_L5_2.fq.gz Par-CPas_049-Ex1-4B-lcwgs-1-T.2.fq.gz
PaC0105504F_CKDL220033558-1A_HJFC3CCX2_L5_2.fq.gz Par-CPas_055-Ex1-4F5E-lcwgs-1and2-T.2.fq.gz
PaC0105805D_CKDL220033558-1A_HJFC3CCX2_L5_2.fq.gz Par-CPas_058-Ex1-5D-lcwgs-1-T.2.fq.gz
PaC0105903A_CKDL220033558-1A_HJFC3CCX2_L5_2.fq.gz Par-CPas_059-Ex1-3A-lcwgs-1-T.2.fq.gz
PaC0106103D_CKDL220033558-1A_HJFC3CCX2_L5_2.fq.gz Par-CPas_061-Ex1-3D-lcwgs-1-T.2.fq.gz
PaC0106205E_CKDL220033558-1A_HJFC3CCX2_L5_2.fq.gz Par-CPas_062-Ex1-5E-lcwgs-1-T.2.fq.gz
PaC0106308B_CKDL220033558-1A_HJFC3CCX2_L5_2.fq.gz Par-CPas_063-Ex1-8B8C-lcwgs-1and2-T.2.fq.gz
PaC0106406C_CKDL220033558-1A_HJFC3CCX2_L5_2.fq.gz Par-CPas_064-Ex1-6C6D-lcwgs-1and2-T.2.fq.gz
PaC0106503E_CKDL220033558-1A_HJFC3CCX2_L5_2.fq.gz Par-CPas_065-Ex1-3E-lcwgs-1-T.2.fq.gz
PaC0106608G_CKDL220033558-1A_HJFC3CCX2_L5_2.fq.gz Par-CPas_066-Ex1-8G-lcwgs-1-T.2.fq.gz
PaC0106707E_CKDL220033558-1A_HJFC3CCX2_L5_2.fq.gz Par-CPas_067-Ex1-7E7F-lcwgs-1and2-T.2.fq.gz
PaC0106804H_CKDL220033558-1A_HJFC3CCX2_L5_2.fq.gz Par-CPas_068-Ex1-4H-lcwgs-1-T.2.fq.gz
PaC0106905B_CKDL220033558-1A_HJFC3CCX2_L5_2.fq.gz Par-CPas_069-Ex1-5B-lcwgs-1-T.2.fq.gz
PaC0107004C_CKDL220033558-1A_HJFC3CCX2_L5_2.fq.gz Par-CPas_070-Ex1-4C2D-lcwgs-1and2-T.2.fq.gz
PaC0107106B_CKDL220033558-1A_HJFC3CCX2_L5_2.fq.gz Par-CPas_071-Ex1-6B-lcwgs-1-T.2.fq.gz
PaC0107206D_CKDL220033558-1A_HJFC3CCX2_L5_2.fq.gz Par-CPas_072-Ex1-6D6E-lcwgs-1and2-T.2.fq.gz
PaC0107308E_CKDL220033558-1A_HJFC3CCX2_L5_2.fq.gz Par-CPas_073-Ex1-8E8F-lcwgs-1and2-T.2.fq.gz
PaC0107404G_CKDL220033558-1A_HJFC3CCX2_L5_2.fq.gz Par-CPas_074-Ex1-4G-lcwgs-1-T.2.fq.gz
PaC0107508A_CKDL220033558-1A_HJFC3CCX2_L5_2.fq.gz Par-CPas_075-Ex1-8A8B-lcwgs-1and2-T.2.fq.gz
PaC0107605G_CKDL220033558-1A_HJFC3CCX2_L5_2.fq.gz Par-CPas_076-Ex1-5G-lcwgs-1-T.2.fq.gz
PaC0107707G_CKDL220033558-1A_HJFC3CCX2_L5_2.fq.gz Par-CPas_077-Ex1-7G7H-lcwgs-1and2-T.2.fq.gz
PaC0107908C_CKDL220033558-1A_HJFC3CCX2_L5_2.fq.gz Par-CPas_079-Ex1-8C-lcwgs-1-T.2.fq.gz
PaC0108206G_CKDL220033558-1A_HJFC3CCX2_L5_2.fq.gz Par-CPas_082-Ex1-6G6H-lcwgs-1and2-T.2.fq.gz
PaC0108304A_CKDL220033558-1A_HJFC3CCX2_L5_2.fq.gz Par-CPas_083-Ex1-4A-lcwgs-1-T.2.fq.gz
PaC0108403F_CKDL220033558-1A_HJFC3CCX2_L5_2.fq.gz Par-CPas_084-Ex1-3F4F-lcwgs-1and2-T.2.fq.gz
PaC0108502D_CKDL220033558-1A_HJFC3CCX2_L5_2.fq.gz Par-CPas_085-Ex1-2D3F-lcwgs-1and2-T.2.fq.gz
PaC0108705H_CKDL220033558-1A_HJFC3CCX2_L5_2.fq.gz Par-CPas_087-Ex1-5H-lcwgs-1-T.2.fq.gz
