preview of orig and new R1 file names...
ChA0600101A_CKDL230029730-1A_HJLFCCCX2_L3_1.fq.gz Cha-APnd_001-Ex1-1A-lcwgs-1-1.1.fq.gz
ChA0600201B_CKDL230029730-1A_HJLFCCCX2_L3_1.fq.gz Cha-APnd_002-Ex1-1B-lcwgs-1-1.1.fq.gz
ChA0600301C_CKDL230029730-1A_HJLFCCCX2_L3_1.fq.gz Cha-APnd_003-Ex1-1C-lcwgs-1-1.1.fq.gz
ChA0600401D_CKDL230029730-1A_HJLFCCCX2_L3_1.fq.gz Cha-APnd_004-Ex1-1D-lcwgs-1-1.1.fq.gz
ChA0600501E_CKDL230029730-1A_HJLFCCCX2_L3_1.fq.gz Cha-APnd_005-Ex1-1E-lcwgs-1-1.1.fq.gz
ChA0600601F_CKDL230029730-1A_HJLFCCCX2_L3_1.fq.gz Cha-APnd_006-Ex1-1F-lcwgs-1-1.1.fq.gz
ChA0600701G_CKDL230029730-1A_HJLFCCCX2_L3_1.fq.gz Cha-APnd_007-Ex1-1G-lcwgs-1-1.1.fq.gz
ChA0600801H_CKDL230029730-1A_HJLFCCCX2_L3_1.fq.gz Cha-APnd_008-Ex1-1H-lcwgs-1-1.1.fq.gz
ChA0600902A_CKDL230029730-1A_HJLFCCCX2_L3_1.fq.gz Cha-APnd_009-Ex1-2A-lcwgs-1-1.1.fq.gz
ChA0601002B_CKDL230029730-1A_HJLFCCCX2_L3_1.fq.gz Cha-APnd_010-Ex1-2B-lcwgs-1-1.1.fq.gz
ChA0601102C_CKDL230029730-1A_HJLFCCCX2_L3_1.fq.gz Cha-APnd_011-Ex1-2C-lcwgs-1-1.1.fq.gz
ChA0601202D_CKDL230029730-1A_HJLFCCCX2_L3_1.fq.gz Cha-APnd_012-Ex1-2D-lcwgs-1-1.1.fq.gz
ChA0601302E_CKDL230029730-1A_HJLFCCCX2_L3_1.fq.gz Cha-APnd_013-Ex1-2E-lcwgs-1-1.1.fq.gz
ChA0601402F_CKDL230029730-1A_HJLFCCCX2_L3_1.fq.gz Cha-APnd_014-Ex1-2F-lcwgs-1-1.1.fq.gz
ChA0601502G_CKDL230029730-1A_HJLFCCCX2_L3_1.fq.gz Cha-APnd_015-Ex1-2G-lcwgs-1-1.1.fq.gz
ChA0601602H_CKDL230029730-1A_HJLFCCCX2_L3_1.fq.gz Cha-APnd_016-Ex1-2H-lcwgs-1-1.1.fq.gz
ChA0601703A_CKDL230029730-1A_HJLFCCCX2_L3_1.fq.gz Cha-APnd_017-Ex1-3A-lcwgs-1-1.1.fq.gz
ChA0601803B_CKDL230029730-1A_HJLFCCCX2_L3_1.fq.gz Cha-APnd_018-Ex1-3B-lcwgs-1-1.1.fq.gz
ChA0601903C_CKDL230029730-1A_HJLFCCCX2_L3_1.fq.gz Cha-APnd_019-Ex1-3C-lcwgs-1-1.1.fq.gz
ChA0602003D_CKDL230029730-1A_HJLFCCCX2_L3_1.fq.gz Cha-APnd_020-Ex1-3D-lcwgs-1-1.1.fq.gz
ChA0602103E_CKDL230029730-1A_HJLFCCCX2_L3_1.fq.gz Cha-APnd_021-Ex1-3E-lcwgs-1-1.1.fq.gz
ChA0602203F_CKDL230029730-1A_HJLFCCCX2_L3_1.fq.gz Cha-APnd_022-Ex1-3F-lcwgs-1-1.1.fq.gz
ChA0602303G_CKDL230029730-1A_HJLFCCCX2_L3_1.fq.gz Cha-APnd_023-Ex1-3G-lcwgs-1-1.1.fq.gz
ChA0602403H_CKDL230029730-1A_HJLFCCCX2_L3_1.fq.gz Cha-APnd_024-Ex1-3H-lcwgs-1-1.1.fq.gz
ChA0602504A_CKDL230029730-1A_HJLFCCCX2_L3_1.fq.gz Cha-APnd_025-Ex1-4A-lcwgs-1-1.1.fq.gz
ChA0602604B_CKDL230029730-1A_HJLFCCCX2_L3_1.fq.gz Cha-APnd_026-Ex1-4B-lcwgs-1-1.1.fq.gz
ChA0602704C_CKDL230029730-1A_HJLFCCCX2_L3_1.fq.gz Cha-APnd_027-Ex1-4C-lcwgs-1-1.1.fq.gz
ChA0602804D_CKDL230029730-1A_HJLFCCCX2_L3_1.fq.gz Cha-APnd_028-Ex1-4D-lcwgs-1-1.1.fq.gz
ChA0602904E_CKDL230029730-1A_HJLFCCCX2_L3_1.fq.gz Cha-APnd_029-Ex1-4E-lcwgs-1-1.1.fq.gz
ChA0603004F_CKDL230029730-1A_HJLFCCCX2_L3_1.fq.gz Cha-APnd_030-Ex1-4F-lcwgs-1-1.1.fq.gz
ChA0603104G_CKDL230029730-1A_HJLFCCCX2_L3_1.fq.gz Cha-APnd_031-Ex1-4G-lcwgs-1-1.1.fq.gz
ChA0603204H_CKDL230029730-1A_HJLFCCCX2_L3_1.fq.gz Cha-APnd_032-Ex1-4H-lcwgs-1-1.1.fq.gz
ChA0603305A_CKDL230029730-1A_HJLFCCCX2_L3_1.fq.gz Cha-APnd_033-Ex1-5A-lcwgs-1-1.1.fq.gz
ChA0603405B_CKDL230029730-1A_HJLFCCCX2_L3_1.fq.gz Cha-APnd_034-Ex1-5B-lcwgs-1-1.1.fq.gz
ChA0603505C_CKDL230029730-1A_HJLFCCCX2_L3_1.fq.gz Cha-APnd_035-Ex1-5C-lcwgs-1-1.1.fq.gz
ChA0603605D_CKDL230029730-1A_HJLFCCCX2_L3_1.fq.gz Cha-APnd_036-Ex1-5D-lcwgs-1-1.1.fq.gz
ChA0603705E_CKDL230029730-1A_HJLFCCCX2_L3_1.fq.gz Cha-APnd_037-Ex1-5E-lcwgs-1-1.1.fq.gz
ChA0603805F_CKDL230029730-1A_HJLFCCCX2_L3_1.fq.gz Cha-APnd_038-Ex1-5F-lcwgs-1-1.1.fq.gz
ChA0603905G_CKDL230029730-1A_HJLFCCCX2_L3_1.fq.gz Cha-APnd_039-Ex1-5G-lcwgs-1-1.1.fq.gz
ChA0604005H_CKDL230029730-1A_HJLFCCCX2_L3_1.fq.gz Cha-APnd_040-Ex1-5H-lcwgs-1-1.1.fq.gz
ChC0100908D_CKDL230029730-1A_HJLFCCCX2_L3_1.fq.gz Cha-CPnd_009-Ex1-8D-lcwgs-1-1.1.fq.gz
ChC0101007D_CKDL230029730-1A_HJLFCCCX2_L3_1.fq.gz Cha-CPnd_010-Ex1-7D-lcwgs-1-1.1.fq.gz
ChC0101107C_CKDL230029730-1A_HJLFCCCX2_L3_1.fq.gz Cha-CPnd_011-Ex1-7C-lcwgs-1-1.1.fq.gz
ChC0101308G_CKDL230029730-1A_HJLFCCCX2_L3_1.fq.gz Cha-CPnd_013-Ex1-8G-lcwgs-1-1.1.fq.gz
ChC0101407F_CKDL230029730-1A_HJLFCCCX2_L3_1.fq.gz Cha-CPnd_014-Ex1-7F-lcwgs-1-1.1.fq.gz
ChC0101507E_CKDL230029730-1A_HJLFCCCX2_L3_1.fq.gz Cha-CPnd_015-Ex1-7E-lcwgs-1-1.1.fq.gz
ChC0101606E_CKDL230029730-1A_HJLFCCCX2_L3_1.fq.gz Cha-CPnd_016-Ex1-6E-lcwgs-1-1.1.fq.gz
ChC0101708E_CKDL230029730-1A_HJLFCCCX2_L3_1.fq.gz Cha-CPnd_017-Ex1-8E-lcwgs-1-1.1.fq.gz
ChC0101806C_CKDL230029730-1A_HJLFCCCX2_L3_1.fq.gz Cha-CPnd_018-Ex1-6C-lcwgs-1-1.1.fq.gz
ChC0102105F_CKDL230029730-1A_HJLFCCCX2_L3_1.fq.gz Cha-CPnd_021-Ex1-5F-lcwgs-1-1.1.fq.gz
ChC0102206H_CKDL230029730-1A_HJLFCCCX2_L3_1.fq.gz Cha-CPnd_022-Ex1-6H-lcwgs-1-1.1.fq.gz
ChC0102301G_CKDL230029730-1A_HJLFCCCX2_L3_1.fq.gz Cha-CPnd_023-Ex1-1G-lcwgs-1-1.1.fq.gz
ChC0102404A_CKDL230029730-1A_HJLFCCCX2_L3_1.fq.gz Cha-CPnd_024-Ex1-4A-lcwgs-1-1.1.fq.gz
ChC0102502H_CKDL230029730-1A_HJLFCCCX2_L3_1.fq.gz Cha-CPnd_025-Ex1-2H-lcwgs-1-1.1.fq.gz
ChC0102608H_CKDL230029730-1A_HJLFCCCX2_L3_1.fq.gz Cha-CPnd_026-Ex1-8H-lcwgs-1-1.1.fq.gz
ChC0102705E_CKDL230029730-1A_HJLFCCCX2_L3_1.fq.gz Cha-CPnd_027-Ex1-5E-lcwgs-1-1.1.fq.gz
ChC0102801B_CKDL230029730-1A_HJLFCCCX2_L3_1.fq.gz Cha-CPnd_028-Ex1-1B-lcwgs-1-1.1.fq.gz
ChC0103003H_CKDL230029730-1A_HJLFCCCX2_L3_1.fq.gz Cha-CPnd_030-Ex1-3H-lcwgs-1-1.1.fq.gz
ChC0103102E_CKDL230029730-1A_HJLFCCCX2_L3_1.fq.gz Cha-CPnd_031-Ex1-2E-lcwgs-1-1.1.fq.gz
ChC0103207B_CKDL230029730-1A_HJLFCCCX2_L3_1.fq.gz Cha-CPnd_032-Ex1-7B-lcwgs-1-1.1.fq.gz
ChC0103308F_CKDL230029730-1A_HJLFCCCX2_L3_1.fq.gz Cha-CPnd_033-Ex1-8F-lcwgs-1-1.1.fq.gz
ChC0103406B_CKDL230029730-1A_HJLFCCCX2_L3_1.fq.gz Cha-CPnd_034-Ex1-6B-lcwgs-1-1.1.fq.gz
ChC0103504B_CKDL230029730-1A_HJLFCCCX2_L3_1.fq.gz Cha-CPnd_035-Ex1-4B-lcwgs-1-1.1.fq.gz
ChC0103604G_CKDL230029730-1A_HJLFCCCX2_L3_1.fq.gz Cha-CPnd_036-Ex1-4G-lcwgs-1-1.1.fq.gz
ChC0103702C_CKDL230029730-1A_HJLFCCCX2_L3_1.fq.gz Cha-CPnd_037-Ex1-2C-lcwgs-1-1.1.fq.gz
ChC0103805B_CKDL230029730-1A_HJLFCCCX2_L3_1.fq.gz Cha-CPnd_038-Ex1-5B-lcwgs-1-1.1.fq.gz
ChC0103903C_CKDL230029730-1A_HJLFCCCX2_L3_1.fq.gz Cha-CPnd_039-Ex1-3C-lcwgs-1-1.1.fq.gz
ChC0104007G_CKDL230029730-1A_HJLFCCCX2_L3_1.fq.gz Cha-CPnd_040-Ex1-7G-lcwgs-1-1.1.fq.gz
ChC0104101A_CKDL230029730-1A_HJLFCCCX2_L3_1.fq.gz Cha-CPnd_041-Ex1-1A-lcwgs-1-1.1.fq.gz
ChC0104205H_CKDL230029730-1A_HJLFCCCX2_L3_1.fq.gz Cha-CPnd_042-Ex1-5H-lcwgs-1-1.1.fq.gz
ChC0104303G_CKDL230029730-1A_HJLFCCCX2_L3_1.fq.gz Cha-CPnd_043-Ex1-3G-lcwgs-1-1.1.fq.gz
ChC0104404E_CKDL230029730-1A_HJLFCCCX2_L3_1.fq.gz Cha-CPnd_044-Ex1-4E-lcwgs-1-1.1.fq.gz
ChC0104506F_CKDL230029730-1A_HJLFCCCX2_L3_1.fq.gz Cha-CPnd_045-Ex1-6F-lcwgs-1-1.1.fq.gz
ChC0104701D_CKDL230029730-1A_HJLFCCCX2_L3_1.fq.gz Cha-CPnd_047-Ex1-1D-lcwgs-1-1.1.fq.gz
ChC0104805A_CKDL230029730-1A_HJLFCCCX2_L3_1.fq.gz Cha-CPnd_048-Ex1-5A-lcwgs-1-1.1.fq.gz
ChC0104902B_CKDL230029730-1A_HJLFCCCX2_L3_1.fq.gz Cha-CPnd_049-Ex1-2B-lcwgs-1-1.1.fq.gz
ChC0105101C_CKDL230029730-1A_HJLFCCCX2_L3_1.fq.gz Cha-CPnd_051-Ex1-1C-lcwgs-1-1.1.fq.gz
ChC0105203E_CKDL230029730-1A_HJLFCCCX2_L3_1.fq.gz Cha-CPnd_052-Ex1-3E-lcwgs-1-1.1.fq.gz
ChC0105303D_CKDL230029730-1A_HJLFCCCX2_L3_1.fq.gz Cha-CPnd_053-Ex1-3D-lcwgs-1-1.1.fq.gz
ChC0105401H_CKDL230029730-1A_HJLFCCCX2_L3_1.fq.gz Cha-CPnd_054-Ex1-1H-lcwgs-1-1.1.fq.gz
ChC0105908A_CKDL230029730-1A_HJLFCCCX2_L3_1.fq.gz Cha-CPnd_059-Ex1-8A-lcwgs-1-1.1.fq.gz
ChC0106001F_CKDL230029730-1A_HJLFCCCX2_L3_1.fq.gz Cha-CPnd_060-Ex1-1F-lcwgs-1-1.1.fq.gz
ChC0106105D_CKDL230029730-1A_HJLFCCCX2_L3_1.fq.gz Cha-CPnd_061-Ex1-5D-lcwgs-1-1.1.fq.gz
ChC0106201E_CKDL230029730-1A_HJLFCCCX2_L3_1.fq.gz Cha-CPnd_062-Ex1-1E-lcwgs-1-1.1.fq.gz
ChC0106407H_CKDL230029730-1A_HJLFCCCX2_L3_1.fq.gz Cha-CPnd_064-Ex1-7H-lcwgs-1-1.1.fq.gz
ChC0106507A_CKDL230029730-1A_HJLFCCCX2_L3_1.fq.gz Cha-CPnd_065-Ex1-7A-lcwgs-1-1.1.fq.gz
ChC0106603B_CKDL230029730-1A_HJLFCCCX2_L3_1.fq.gz Cha-CPnd_066-Ex1-3B-lcwgs-1-1.1.fq.gz
ChC0106702A_CKDL230029730-1A_HJLFCCCX2_L3_1.fq.gz Cha-CPnd_067-Ex1-2A-lcwgs-1-1.1.fq.gz
ChC0106902G_CKDL230029730-1A_HJLFCCCX2_L3_1.fq.gz Cha-CPnd_069-Ex1-2G-lcwgs-1-1.1.fq.gz
ChC0107003F_CKDL230029730-1A_HJLFCCCX2_L3_1.fq.gz Cha-CPnd_070-Ex1-3F-lcwgs-1-1.1.fq.gz
ChC0107106D_CKDL230029730-1A_HJLFCCCX2_L3_1.fq.gz Cha-CPnd_071-Ex1-6D-lcwgs-1-1.1.fq.gz
ChC0107203A_CKDL230029730-1A_HJLFCCCX2_L3_1.fq.gz Cha-CPnd_072-Ex1-3A-lcwgs-1-1.1.fq.gz
ChC0107302F_CKDL230029730-1A_HJLFCCCX2_L3_1.fq.gz Cha-CPnd_073-Ex1-2F-lcwgs-1-1.1.fq.gz
ChC0107402D_CKDL230029730-1A_HJLFCCCX2_L3_1.fq.gz Cha-CPnd_074-Ex1-2D-lcwgs-1-1.1.fq.gz
ChC0107604C_CKDL230029730-1A_HJLFCCCX2_L3_1.fq.gz Cha-CPnd_076-Ex1-4C-lcwgs-1-1.1.fq.gz
ChC0107706G_CKDL230029730-1A_HJLFCCCX2_L3_1.fq.gz Cha-CPnd_077-Ex1-6G-lcwgs-1-1.1.fq.gz
ChC0107804D_CKDL230029730-1A_HJLFCCCX2_L3_1.fq.gz Cha-CPnd_078-Ex1-4D-lcwgs-1-1.1.fq.gz
ChC0107904H_CKDL230029730-1A_HJLFCCCX2_L3_1.fq.gz Cha-CPnd_079-Ex1-4H-lcwgs-1-1.1.fq.gz
ChC0108108C_CKDL230029730-1A_HJLFCCCX2_L3_1.fq.gz Cha-CPnd_081-Ex1-8C-lcwgs-1-1.1.fq.gz
ChC0108208B_CKDL230029730-1A_HJLFCCCX2_L3_1.fq.gz Cha-CPnd_082-Ex1-8B-lcwgs-1-1.1.fq.gz
ChC0108306A_CKDL230029730-1A_HJLFCCCX2_L3_1.fq.gz Cha-CPnd_083-Ex1-6A-lcwgs-1-1.1.fq.gz
ChC0108404F_CKDL230029730-1A_HJLFCCCX2_L3_1.fq.gz Cha-CPnd_084-Ex1-4F-lcwgs-1-1.1.fq.gz
ChC0108505C_CKDL230029730-1A_HJLFCCCX2_L3_1.fq.gz Cha-CPnd_085-Ex1-5C-lcwgs-1-1.1.fq.gz
ChC0108605G_CKDL230029730-1A_HJLFCCCX2_L3_1.fq.gz Cha-CPnd_086-Ex1-5G-lcwgs-1-1.1.fq.gz
preview of orig and new R2 file names...
ChA0600101A_CKDL230029730-1A_HJLFCCCX2_L3_2.fq.gz Cha-APnd_001-Ex1-1A-lcwgs-1-1.2.fq.gz
ChA0600201B_CKDL230029730-1A_HJLFCCCX2_L3_2.fq.gz Cha-APnd_002-Ex1-1B-lcwgs-1-1.2.fq.gz
ChA0600301C_CKDL230029730-1A_HJLFCCCX2_L3_2.fq.gz Cha-APnd_003-Ex1-1C-lcwgs-1-1.2.fq.gz
ChA0600401D_CKDL230029730-1A_HJLFCCCX2_L3_2.fq.gz Cha-APnd_004-Ex1-1D-lcwgs-1-1.2.fq.gz
ChA0600501E_CKDL230029730-1A_HJLFCCCX2_L3_2.fq.gz Cha-APnd_005-Ex1-1E-lcwgs-1-1.2.fq.gz
ChA0600601F_CKDL230029730-1A_HJLFCCCX2_L3_2.fq.gz Cha-APnd_006-Ex1-1F-lcwgs-1-1.2.fq.gz
ChA0600701G_CKDL230029730-1A_HJLFCCCX2_L3_2.fq.gz Cha-APnd_007-Ex1-1G-lcwgs-1-1.2.fq.gz
ChA0600801H_CKDL230029730-1A_HJLFCCCX2_L3_2.fq.gz Cha-APnd_008-Ex1-1H-lcwgs-1-1.2.fq.gz
ChA0600902A_CKDL230029730-1A_HJLFCCCX2_L3_2.fq.gz Cha-APnd_009-Ex1-2A-lcwgs-1-1.2.fq.gz
ChA0601002B_CKDL230029730-1A_HJLFCCCX2_L3_2.fq.gz Cha-APnd_010-Ex1-2B-lcwgs-1-1.2.fq.gz
ChA0601102C_CKDL230029730-1A_HJLFCCCX2_L3_2.fq.gz Cha-APnd_011-Ex1-2C-lcwgs-1-1.2.fq.gz
ChA0601202D_CKDL230029730-1A_HJLFCCCX2_L3_2.fq.gz Cha-APnd_012-Ex1-2D-lcwgs-1-1.2.fq.gz
ChA0601302E_CKDL230029730-1A_HJLFCCCX2_L3_2.fq.gz Cha-APnd_013-Ex1-2E-lcwgs-1-1.2.fq.gz
ChA0601402F_CKDL230029730-1A_HJLFCCCX2_L3_2.fq.gz Cha-APnd_014-Ex1-2F-lcwgs-1-1.2.fq.gz
ChA0601502G_CKDL230029730-1A_HJLFCCCX2_L3_2.fq.gz Cha-APnd_015-Ex1-2G-lcwgs-1-1.2.fq.gz
ChA0601602H_CKDL230029730-1A_HJLFCCCX2_L3_2.fq.gz Cha-APnd_016-Ex1-2H-lcwgs-1-1.2.fq.gz
ChA0601703A_CKDL230029730-1A_HJLFCCCX2_L3_2.fq.gz Cha-APnd_017-Ex1-3A-lcwgs-1-1.2.fq.gz
ChA0601803B_CKDL230029730-1A_HJLFCCCX2_L3_2.fq.gz Cha-APnd_018-Ex1-3B-lcwgs-1-1.2.fq.gz
ChA0601903C_CKDL230029730-1A_HJLFCCCX2_L3_2.fq.gz Cha-APnd_019-Ex1-3C-lcwgs-1-1.2.fq.gz
ChA0602003D_CKDL230029730-1A_HJLFCCCX2_L3_2.fq.gz Cha-APnd_020-Ex1-3D-lcwgs-1-1.2.fq.gz
ChA0602103E_CKDL230029730-1A_HJLFCCCX2_L3_2.fq.gz Cha-APnd_021-Ex1-3E-lcwgs-1-1.2.fq.gz
ChA0602203F_CKDL230029730-1A_HJLFCCCX2_L3_2.fq.gz Cha-APnd_022-Ex1-3F-lcwgs-1-1.2.fq.gz
ChA0602303G_CKDL230029730-1A_HJLFCCCX2_L3_2.fq.gz Cha-APnd_023-Ex1-3G-lcwgs-1-1.2.fq.gz
ChA0602403H_CKDL230029730-1A_HJLFCCCX2_L3_2.fq.gz Cha-APnd_024-Ex1-3H-lcwgs-1-1.2.fq.gz
ChA0602504A_CKDL230029730-1A_HJLFCCCX2_L3_2.fq.gz Cha-APnd_025-Ex1-4A-lcwgs-1-1.2.fq.gz
ChA0602604B_CKDL230029730-1A_HJLFCCCX2_L3_2.fq.gz Cha-APnd_026-Ex1-4B-lcwgs-1-1.2.fq.gz
ChA0602704C_CKDL230029730-1A_HJLFCCCX2_L3_2.fq.gz Cha-APnd_027-Ex1-4C-lcwgs-1-1.2.fq.gz
ChA0602804D_CKDL230029730-1A_HJLFCCCX2_L3_2.fq.gz Cha-APnd_028-Ex1-4D-lcwgs-1-1.2.fq.gz
ChA0602904E_CKDL230029730-1A_HJLFCCCX2_L3_2.fq.gz Cha-APnd_029-Ex1-4E-lcwgs-1-1.2.fq.gz
ChA0603004F_CKDL230029730-1A_HJLFCCCX2_L3_2.fq.gz Cha-APnd_030-Ex1-4F-lcwgs-1-1.2.fq.gz
ChA0603104G_CKDL230029730-1A_HJLFCCCX2_L3_2.fq.gz Cha-APnd_031-Ex1-4G-lcwgs-1-1.2.fq.gz
ChA0603204H_CKDL230029730-1A_HJLFCCCX2_L3_2.fq.gz Cha-APnd_032-Ex1-4H-lcwgs-1-1.2.fq.gz
ChA0603305A_CKDL230029730-1A_HJLFCCCX2_L3_2.fq.gz Cha-APnd_033-Ex1-5A-lcwgs-1-1.2.fq.gz
ChA0603405B_CKDL230029730-1A_HJLFCCCX2_L3_2.fq.gz Cha-APnd_034-Ex1-5B-lcwgs-1-1.2.fq.gz
ChA0603505C_CKDL230029730-1A_HJLFCCCX2_L3_2.fq.gz Cha-APnd_035-Ex1-5C-lcwgs-1-1.2.fq.gz
ChA0603605D_CKDL230029730-1A_HJLFCCCX2_L3_2.fq.gz Cha-APnd_036-Ex1-5D-lcwgs-1-1.2.fq.gz
ChA0603705E_CKDL230029730-1A_HJLFCCCX2_L3_2.fq.gz Cha-APnd_037-Ex1-5E-lcwgs-1-1.2.fq.gz
ChA0603805F_CKDL230029730-1A_HJLFCCCX2_L3_2.fq.gz Cha-APnd_038-Ex1-5F-lcwgs-1-1.2.fq.gz
ChA0603905G_CKDL230029730-1A_HJLFCCCX2_L3_2.fq.gz Cha-APnd_039-Ex1-5G-lcwgs-1-1.2.fq.gz
ChA0604005H_CKDL230029730-1A_HJLFCCCX2_L3_2.fq.gz Cha-APnd_040-Ex1-5H-lcwgs-1-1.2.fq.gz
ChC0100908D_CKDL230029730-1A_HJLFCCCX2_L3_2.fq.gz Cha-CPnd_009-Ex1-8D-lcwgs-1-1.2.fq.gz
ChC0101007D_CKDL230029730-1A_HJLFCCCX2_L3_2.fq.gz Cha-CPnd_010-Ex1-7D-lcwgs-1-1.2.fq.gz
ChC0101107C_CKDL230029730-1A_HJLFCCCX2_L3_2.fq.gz Cha-CPnd_011-Ex1-7C-lcwgs-1-1.2.fq.gz
ChC0101308G_CKDL230029730-1A_HJLFCCCX2_L3_2.fq.gz Cha-CPnd_013-Ex1-8G-lcwgs-1-1.2.fq.gz
ChC0101407F_CKDL230029730-1A_HJLFCCCX2_L3_2.fq.gz Cha-CPnd_014-Ex1-7F-lcwgs-1-1.2.fq.gz
ChC0101507E_CKDL230029730-1A_HJLFCCCX2_L3_2.fq.gz Cha-CPnd_015-Ex1-7E-lcwgs-1-1.2.fq.gz
ChC0101606E_CKDL230029730-1A_HJLFCCCX2_L3_2.fq.gz Cha-CPnd_016-Ex1-6E-lcwgs-1-1.2.fq.gz
ChC0101708E_CKDL230029730-1A_HJLFCCCX2_L3_2.fq.gz Cha-CPnd_017-Ex1-8E-lcwgs-1-1.2.fq.gz
ChC0101806C_CKDL230029730-1A_HJLFCCCX2_L3_2.fq.gz Cha-CPnd_018-Ex1-6C-lcwgs-1-1.2.fq.gz
ChC0102105F_CKDL230029730-1A_HJLFCCCX2_L3_2.fq.gz Cha-CPnd_021-Ex1-5F-lcwgs-1-1.2.fq.gz
ChC0102206H_CKDL230029730-1A_HJLFCCCX2_L3_2.fq.gz Cha-CPnd_022-Ex1-6H-lcwgs-1-1.2.fq.gz
ChC0102301G_CKDL230029730-1A_HJLFCCCX2_L3_2.fq.gz Cha-CPnd_023-Ex1-1G-lcwgs-1-1.2.fq.gz
ChC0102404A_CKDL230029730-1A_HJLFCCCX2_L3_2.fq.gz Cha-CPnd_024-Ex1-4A-lcwgs-1-1.2.fq.gz
ChC0102502H_CKDL230029730-1A_HJLFCCCX2_L3_2.fq.gz Cha-CPnd_025-Ex1-2H-lcwgs-1-1.2.fq.gz
ChC0102608H_CKDL230029730-1A_HJLFCCCX2_L3_2.fq.gz Cha-CPnd_026-Ex1-8H-lcwgs-1-1.2.fq.gz
ChC0102705E_CKDL230029730-1A_HJLFCCCX2_L3_2.fq.gz Cha-CPnd_027-Ex1-5E-lcwgs-1-1.2.fq.gz
ChC0102801B_CKDL230029730-1A_HJLFCCCX2_L3_2.fq.gz Cha-CPnd_028-Ex1-1B-lcwgs-1-1.2.fq.gz
ChC0103003H_CKDL230029730-1A_HJLFCCCX2_L3_2.fq.gz Cha-CPnd_030-Ex1-3H-lcwgs-1-1.2.fq.gz
ChC0103102E_CKDL230029730-1A_HJLFCCCX2_L3_2.fq.gz Cha-CPnd_031-Ex1-2E-lcwgs-1-1.2.fq.gz
ChC0103207B_CKDL230029730-1A_HJLFCCCX2_L3_2.fq.gz Cha-CPnd_032-Ex1-7B-lcwgs-1-1.2.fq.gz
ChC0103308F_CKDL230029730-1A_HJLFCCCX2_L3_2.fq.gz Cha-CPnd_033-Ex1-8F-lcwgs-1-1.2.fq.gz
ChC0103406B_CKDL230029730-1A_HJLFCCCX2_L3_2.fq.gz Cha-CPnd_034-Ex1-6B-lcwgs-1-1.2.fq.gz
ChC0103504B_CKDL230029730-1A_HJLFCCCX2_L3_2.fq.gz Cha-CPnd_035-Ex1-4B-lcwgs-1-1.2.fq.gz
ChC0103604G_CKDL230029730-1A_HJLFCCCX2_L3_2.fq.gz Cha-CPnd_036-Ex1-4G-lcwgs-1-1.2.fq.gz
ChC0103702C_CKDL230029730-1A_HJLFCCCX2_L3_2.fq.gz Cha-CPnd_037-Ex1-2C-lcwgs-1-1.2.fq.gz
ChC0103805B_CKDL230029730-1A_HJLFCCCX2_L3_2.fq.gz Cha-CPnd_038-Ex1-5B-lcwgs-1-1.2.fq.gz
ChC0103903C_CKDL230029730-1A_HJLFCCCX2_L3_2.fq.gz Cha-CPnd_039-Ex1-3C-lcwgs-1-1.2.fq.gz
ChC0104007G_CKDL230029730-1A_HJLFCCCX2_L3_2.fq.gz Cha-CPnd_040-Ex1-7G-lcwgs-1-1.2.fq.gz
ChC0104101A_CKDL230029730-1A_HJLFCCCX2_L3_2.fq.gz Cha-CPnd_041-Ex1-1A-lcwgs-1-1.2.fq.gz
ChC0104205H_CKDL230029730-1A_HJLFCCCX2_L3_2.fq.gz Cha-CPnd_042-Ex1-5H-lcwgs-1-1.2.fq.gz
ChC0104303G_CKDL230029730-1A_HJLFCCCX2_L3_2.fq.gz Cha-CPnd_043-Ex1-3G-lcwgs-1-1.2.fq.gz
ChC0104404E_CKDL230029730-1A_HJLFCCCX2_L3_2.fq.gz Cha-CPnd_044-Ex1-4E-lcwgs-1-1.2.fq.gz
ChC0104506F_CKDL230029730-1A_HJLFCCCX2_L3_2.fq.gz Cha-CPnd_045-Ex1-6F-lcwgs-1-1.2.fq.gz
ChC0104701D_CKDL230029730-1A_HJLFCCCX2_L3_2.fq.gz Cha-CPnd_047-Ex1-1D-lcwgs-1-1.2.fq.gz
ChC0104805A_CKDL230029730-1A_HJLFCCCX2_L3_2.fq.gz Cha-CPnd_048-Ex1-5A-lcwgs-1-1.2.fq.gz
ChC0104902B_CKDL230029730-1A_HJLFCCCX2_L3_2.fq.gz Cha-CPnd_049-Ex1-2B-lcwgs-1-1.2.fq.gz
ChC0105101C_CKDL230029730-1A_HJLFCCCX2_L3_2.fq.gz Cha-CPnd_051-Ex1-1C-lcwgs-1-1.2.fq.gz
ChC0105203E_CKDL230029730-1A_HJLFCCCX2_L3_2.fq.gz Cha-CPnd_052-Ex1-3E-lcwgs-1-1.2.fq.gz
ChC0105303D_CKDL230029730-1A_HJLFCCCX2_L3_2.fq.gz Cha-CPnd_053-Ex1-3D-lcwgs-1-1.2.fq.gz
ChC0105401H_CKDL230029730-1A_HJLFCCCX2_L3_2.fq.gz Cha-CPnd_054-Ex1-1H-lcwgs-1-1.2.fq.gz
ChC0105908A_CKDL230029730-1A_HJLFCCCX2_L3_2.fq.gz Cha-CPnd_059-Ex1-8A-lcwgs-1-1.2.fq.gz
ChC0106001F_CKDL230029730-1A_HJLFCCCX2_L3_2.fq.gz Cha-CPnd_060-Ex1-1F-lcwgs-1-1.2.fq.gz
ChC0106105D_CKDL230029730-1A_HJLFCCCX2_L3_2.fq.gz Cha-CPnd_061-Ex1-5D-lcwgs-1-1.2.fq.gz
ChC0106201E_CKDL230029730-1A_HJLFCCCX2_L3_2.fq.gz Cha-CPnd_062-Ex1-1E-lcwgs-1-1.2.fq.gz
ChC0106407H_CKDL230029730-1A_HJLFCCCX2_L3_2.fq.gz Cha-CPnd_064-Ex1-7H-lcwgs-1-1.2.fq.gz
ChC0106507A_CKDL230029730-1A_HJLFCCCX2_L3_2.fq.gz Cha-CPnd_065-Ex1-7A-lcwgs-1-1.2.fq.gz
ChC0106603B_CKDL230029730-1A_HJLFCCCX2_L3_2.fq.gz Cha-CPnd_066-Ex1-3B-lcwgs-1-1.2.fq.gz
ChC0106702A_CKDL230029730-1A_HJLFCCCX2_L3_2.fq.gz Cha-CPnd_067-Ex1-2A-lcwgs-1-1.2.fq.gz
ChC0106902G_CKDL230029730-1A_HJLFCCCX2_L3_2.fq.gz Cha-CPnd_069-Ex1-2G-lcwgs-1-1.2.fq.gz
ChC0107003F_CKDL230029730-1A_HJLFCCCX2_L3_2.fq.gz Cha-CPnd_070-Ex1-3F-lcwgs-1-1.2.fq.gz
ChC0107106D_CKDL230029730-1A_HJLFCCCX2_L3_2.fq.gz Cha-CPnd_071-Ex1-6D-lcwgs-1-1.2.fq.gz
ChC0107203A_CKDL230029730-1A_HJLFCCCX2_L3_2.fq.gz Cha-CPnd_072-Ex1-3A-lcwgs-1-1.2.fq.gz
ChC0107302F_CKDL230029730-1A_HJLFCCCX2_L3_2.fq.gz Cha-CPnd_073-Ex1-2F-lcwgs-1-1.2.fq.gz
ChC0107402D_CKDL230029730-1A_HJLFCCCX2_L3_2.fq.gz Cha-CPnd_074-Ex1-2D-lcwgs-1-1.2.fq.gz
ChC0107604C_CKDL230029730-1A_HJLFCCCX2_L3_2.fq.gz Cha-CPnd_076-Ex1-4C-lcwgs-1-1.2.fq.gz
ChC0107706G_CKDL230029730-1A_HJLFCCCX2_L3_2.fq.gz Cha-CPnd_077-Ex1-6G-lcwgs-1-1.2.fq.gz
ChC0107804D_CKDL230029730-1A_HJLFCCCX2_L3_2.fq.gz Cha-CPnd_078-Ex1-4D-lcwgs-1-1.2.fq.gz
ChC0107904H_CKDL230029730-1A_HJLFCCCX2_L3_2.fq.gz Cha-CPnd_079-Ex1-4H-lcwgs-1-1.2.fq.gz
ChC0108108C_CKDL230029730-1A_HJLFCCCX2_L3_2.fq.gz Cha-CPnd_081-Ex1-8C-lcwgs-1-1.2.fq.gz
ChC0108208B_CKDL230029730-1A_HJLFCCCX2_L3_2.fq.gz Cha-CPnd_082-Ex1-8B-lcwgs-1-1.2.fq.gz
ChC0108306A_CKDL230029730-1A_HJLFCCCX2_L3_2.fq.gz Cha-CPnd_083-Ex1-6A-lcwgs-1-1.2.fq.gz
ChC0108404F_CKDL230029730-1A_HJLFCCCX2_L3_2.fq.gz Cha-CPnd_084-Ex1-4F-lcwgs-1-1.2.fq.gz
ChC0108505C_CKDL230029730-1A_HJLFCCCX2_L3_2.fq.gz Cha-CPnd_085-Ex1-5C-lcwgs-1-1.2.fq.gz
ChC0108605G_CKDL230029730-1A_HJLFCCCX2_L3_2.fq.gz Cha-CPnd_086-Ex1-5G-lcwgs-1-1.2.fq.gz
