[2023-01-28 22:42:25,859] multiqc                                            [DEBUG  ]  No MultiQC config found: /opt/conda/lib/python3.7/site-packages/multiqc_config.yaml
[2023-01-28 22:42:25,860] multiqc                                            [DEBUG  ]  No MultiQC config found: /home/hpc-0289/.multiqc_config.yaml
[2023-01-28 22:42:25,860] multiqc                                            [DEBUG  ]  No MultiQC config found: multiqc_config.yaml
[2023-01-28 22:42:25,860] multiqc                                            [DEBUG  ]  Command used: /opt/conda/bin/multiqc -v -p -ip -f --data-dir --data-format tsv --filename fqc_raw_report --outdir fq_raw fq_raw
[2023-01-28 22:42:26,348] multiqc                                            [WARNING]  MultiQC Version v1.14 now available!
[2023-01-28 22:42:26,348] multiqc                                            [INFO   ]  This is MultiQC v1.9
[2023-01-28 22:42:26,349] multiqc                                            [DEBUG  ]  Command     : /opt/conda/bin/multiqc -v -p -ip -f --data-dir --data-format tsv --filename fqc_raw_report --outdir fq_raw fq_raw
[2023-01-28 22:42:26,349] multiqc                                            [DEBUG  ]  Working dir : /home/e1garcia/shotgun_PIRE/pire_lcwgs_data_processing/siganus_fuscescens
[2023-01-28 22:42:26,349] multiqc                                            [INFO   ]  Template    : default
[2023-01-28 22:42:26,349] multiqc                                            [DEBUG  ]  Running Python 3.7.7 (default, Jun 26 2020, 05:10:03)  [GCC 7.3.0]
[2023-01-28 22:42:26,349] multiqc                                            [INFO   ]  Searching   : /home/e1garcia/shotgun_PIRE/pire_lcwgs_data_processing/siganus_fuscescens/fq_raw
[2023-01-28 22:42:26,350] multiqc                                            [DEBUG  ]  Analysing modules: custom_content, conpair, peddy, somalier, methylQA, mosdepth, phantompeakqualtools, qualimap, preseq, quast, qorts, rna_seqc, rockhopper, rsem, rseqc, busco, goleft_indexcov, disambiguate, supernova, deeptools, sargasso, verifybamid, mirtrace, happy, mirtop, homer, macs2, theta2, snpeff, gatk, htseq, bcftools, featureCounts, fgbio, dragen, dedup, damageprofiler, biobambam2, mtnucratio, picard, prokka, samblaster, samtools, sexdeterrmine, bamtools, jellyfish, vcftools, longranger, stacks, varscan2, bbmap, bismark, biscuit, hicexplorer, hicup, hicpro, salmon, kallisto, slamdunk, star, hisat2, tophat, bowtie2, bowtie1, snpsplit, kat, leehom, adapterRemoval, clipandmerge, cutadapt, flexbar, kaiju, kraken, malt, trimmomatic, sickle, skewer, sortmerna, biobloomtools, fastq_screen, afterqc, fastp, fastqc, pycoqc, minionqc, multivcfanalyzer, clusterflow, bcl2fastq, interop, ivar, flash, seqyclean
[2023-01-28 22:42:26,350] multiqc                                            [DEBUG  ]  Using temporary directory for creating report: /tmp/tmpj9_3k6r1
[2023-01-28 22:42:26,483] multiqc                                            [DEBUG  ]  Ignoring file as matched an ignore pattern: Sfu-ABai_005-Ex1-1A-lcwgs-1-1.1.fq.gz
[2023-01-28 22:42:26,543] multiqc                                            [DEBUG  ]  File ignored by hicexplorer because it exceeded search pattern filesize limit: Sfu-ABai_007-Ex1-1C-lcwgs-1-1.1_fastqc.html
[2023-01-28 22:42:26,548] multiqc                                            [DEBUG  ]  File ignored by longranger/invocation because it exceeded search pattern filesize limit: Sfu-ABai_007-Ex1-1C-lcwgs-1-1.1_fastqc.html
[2023-01-28 22:42:26,589] multiqc                                            [DEBUG  ]  Ignoring file as matched an ignore pattern: Sfu-ABai_005-Ex1-1A-lcwgs-1-1.2.fq.gz
[2023-01-28 22:42:26,601] multiqc                                            [DEBUG  ]  File ignored by hicexplorer because it exceeded search pattern filesize limit: Sfu-ABai_006-Ex1-1B-lcwgs-1-1.2_fastqc.html
[2023-01-28 22:42:26,606] multiqc                                            [DEBUG  ]  File ignored by longranger/invocation because it exceeded search pattern filesize limit: Sfu-ABai_006-Ex1-1B-lcwgs-1-1.2_fastqc.html
[2023-01-28 22:42:26,658] multiqc                                            [DEBUG  ]  File ignored by hicexplorer because it exceeded search pattern filesize limit: Sfu-ABai_006-Ex1-1B-lcwgs-1-1.1_fastqc.html
[2023-01-28 22:42:26,663] multiqc                                            [DEBUG  ]  File ignored by longranger/invocation because it exceeded search pattern filesize limit: Sfu-ABai_006-Ex1-1B-lcwgs-1-1.1_fastqc.html
[2023-01-28 22:42:26,716] multiqc                                            [DEBUG  ]  File ignored by hicexplorer because it exceeded search pattern filesize limit: Sfu-ABai_010-Ex1-1F-lcwgs-1-1.2_fastqc.html
[2023-01-28 22:42:26,721] multiqc                                            [DEBUG  ]  File ignored by longranger/invocation because it exceeded search pattern filesize limit: Sfu-ABai_010-Ex1-1F-lcwgs-1-1.2_fastqc.html
[2023-01-28 22:42:26,761] multiqc                                            [DEBUG  ]  Ignoring file as matched an ignore pattern: Sfu-ABai_006-Ex1-1B-lcwgs-1-1.1.fq.gz
[2023-01-28 22:42:26,787] multiqc                                            [DEBUG  ]  Ignoring file as matched an ignore pattern: Sfu-ABai_012-Ex1-1H-lcwgs-1-1.2.fq.gz
[2023-01-28 22:42:26,787] multiqc                                            [DEBUG  ]  Ignoring file as matched an ignore pattern: Sfu-ABai_011-Ex1-1G-lcwgs-1-1.2.fq.gz
[2023-01-28 22:42:26,813] multiqc                                            [DEBUG  ]  Ignoring file as matched an ignore pattern: Sfu-ABai_006-Ex1-1B-lcwgs-1-1.2.fq.gz
[2023-01-28 22:42:26,825] multiqc                                            [DEBUG  ]  File ignored by hicexplorer because it exceeded search pattern filesize limit: Sfu-ABai_007-Ex1-1C-lcwgs-1-1.2_fastqc.html
[2023-01-28 22:42:26,830] multiqc                                            [DEBUG  ]  File ignored by longranger/invocation because it exceeded search pattern filesize limit: Sfu-ABai_007-Ex1-1C-lcwgs-1-1.2_fastqc.html
[2023-01-28 22:42:26,871] multiqc                                            [DEBUG  ]  Ignoring file as matched an ignore pattern: Sfu-ABai_009-Ex1-1E-lcwgs-1-1.2.fq.gz
[2023-01-28 22:42:26,882] multiqc                                            [DEBUG  ]  File ignored by hicexplorer because it exceeded search pattern filesize limit: Sfu-ABai_012-Ex1-1H-lcwgs-1-1.1_fastqc.html
[2023-01-28 22:42:26,887] multiqc                                            [DEBUG  ]  File ignored by longranger/invocation because it exceeded search pattern filesize limit: Sfu-ABai_012-Ex1-1H-lcwgs-1-1.1_fastqc.html
[2023-01-28 22:42:26,940] multiqc                                            [DEBUG  ]  File ignored by hicexplorer because it exceeded search pattern filesize limit: Sfu-ABai_008-Ex1-1D-lcwgs-1-1.1_fastqc.html
[2023-01-28 22:42:26,945] multiqc                                            [DEBUG  ]  File ignored by longranger/invocation because it exceeded search pattern filesize limit: Sfu-ABai_008-Ex1-1D-lcwgs-1-1.1_fastqc.html
[2023-01-28 22:42:26,998] multiqc                                            [DEBUG  ]  File ignored by hicexplorer because it exceeded search pattern filesize limit: Sfu-ABai_005-Ex1-1A-lcwgs-1-1.2_fastqc.html
[2023-01-28 22:42:27,003] multiqc                                            [DEBUG  ]  File ignored by longranger/invocation because it exceeded search pattern filesize limit: Sfu-ABai_005-Ex1-1A-lcwgs-1-1.2_fastqc.html
[2023-01-28 22:42:27,044] multiqc                                            [DEBUG  ]  Ignoring file as matched an ignore pattern: Sfu-ABai_010-Ex1-1F-lcwgs-1-1.1.fq.gz
[2023-01-28 22:42:27,095] multiqc                                            [DEBUG  ]  Ignoring file as matched an ignore pattern: Sfu-ABai_007-Ex1-1C-lcwgs-1-1.1.fq.gz
[2023-01-28 22:42:27,106] multiqc                                            [DEBUG  ]  File ignored by hicexplorer because it exceeded search pattern filesize limit: Sfu-ABai_008-Ex1-1D-lcwgs-1-1.2_fastqc.html
[2023-01-28 22:42:27,110] multiqc                                            [DEBUG  ]  File ignored by longranger/invocation because it exceeded search pattern filesize limit: Sfu-ABai_008-Ex1-1D-lcwgs-1-1.2_fastqc.html
[2023-01-28 22:42:27,151] multiqc                                            [DEBUG  ]  Ignoring file as matched an ignore pattern: Sfu-ABai_012-Ex1-1H-lcwgs-1-1.1.fq.gz
[2023-01-28 22:42:27,189] multiqc                                            [DEBUG  ]  File ignored by hicexplorer because it exceeded search pattern filesize limit: Sfu-ABai_010-Ex1-1F-lcwgs-1-1.1_fastqc.html
[2023-01-28 22:42:27,194] multiqc                                            [DEBUG  ]  File ignored by longranger/invocation because it exceeded search pattern filesize limit: Sfu-ABai_010-Ex1-1F-lcwgs-1-1.1_fastqc.html
[2023-01-28 22:42:27,245] multiqc                                            [DEBUG  ]  File ignored by hicexplorer because it exceeded search pattern filesize limit: Sfu-ABai_009-Ex1-1E-lcwgs-1-1.1_fastqc.html
[2023-01-28 22:42:27,250] multiqc                                            [DEBUG  ]  File ignored by longranger/invocation because it exceeded search pattern filesize limit: Sfu-ABai_009-Ex1-1E-lcwgs-1-1.1_fastqc.html
[2023-01-28 22:42:27,291] multiqc                                            [DEBUG  ]  Ignoring file as matched an ignore pattern: Sfu-ABai_007-Ex1-1C-lcwgs-1-1.2.fq.gz
[2023-01-28 22:42:27,291] multiqc                                            [DEBUG  ]  Ignoring file as matched an ignore pattern: Sfu-ABai_009-Ex1-1E-lcwgs-1-1.1.fq.gz
[2023-01-28 22:42:27,302] multiqc                                            [DEBUG  ]  File ignored by hicexplorer because it exceeded search pattern filesize limit: Sfu-ABai_005-Ex1-1A-lcwgs-1-1.1_fastqc.html
[2023-01-28 22:42:27,307] multiqc                                            [DEBUG  ]  File ignored by longranger/invocation because it exceeded search pattern filesize limit: Sfu-ABai_005-Ex1-1A-lcwgs-1-1.1_fastqc.html
[2023-01-28 22:42:27,358] multiqc                                            [DEBUG  ]  File ignored by hicexplorer because it exceeded search pattern filesize limit: Sfu-ABai_011-Ex1-1G-lcwgs-1-1.2_fastqc.html
[2023-01-28 22:42:27,362] multiqc                                            [DEBUG  ]  File ignored by longranger/invocation because it exceeded search pattern filesize limit: Sfu-ABai_011-Ex1-1G-lcwgs-1-1.2_fastqc.html
[2023-01-28 22:42:27,403] multiqc                                            [DEBUG  ]  Ignoring file as matched an ignore pattern: Sfu-ABai_010-Ex1-1F-lcwgs-1-1.2.fq.gz
[2023-01-28 22:42:27,413] multiqc                                            [DEBUG  ]  File ignored by hicexplorer because it exceeded search pattern filesize limit: Sfu-ABai_011-Ex1-1G-lcwgs-1-1.1_fastqc.html
[2023-01-28 22:42:27,418] multiqc                                            [DEBUG  ]  File ignored by longranger/invocation because it exceeded search pattern filesize limit: Sfu-ABai_011-Ex1-1G-lcwgs-1-1.1_fastqc.html
[2023-01-28 22:42:27,458] multiqc                                            [DEBUG  ]  Ignoring file as matched an ignore pattern: Sfu-ABai_011-Ex1-1G-lcwgs-1-1.1.fq.gz
[2023-01-28 22:42:27,459] multiqc                                            [DEBUG  ]  Ignoring file as matched an ignore pattern: Sfu-ABai_008-Ex1-1D-lcwgs-1-1.1.fq.gz
[2023-01-28 22:42:27,491] multiqc                                            [DEBUG  ]  File ignored by hicexplorer because it exceeded search pattern filesize limit: Sfu-ABai_012-Ex1-1H-lcwgs-1-1.2_fastqc.html
[2023-01-28 22:42:27,496] multiqc                                            [DEBUG  ]  File ignored by longranger/invocation because it exceeded search pattern filesize limit: Sfu-ABai_012-Ex1-1H-lcwgs-1-1.2_fastqc.html
[2023-01-28 22:42:27,568] multiqc                                            [DEBUG  ]  File ignored by hicexplorer because it exceeded search pattern filesize limit: Sfu-ABai_009-Ex1-1E-lcwgs-1-1.2_fastqc.html
[2023-01-28 22:42:27,573] multiqc                                            [DEBUG  ]  File ignored by longranger/invocation because it exceeded search pattern filesize limit: Sfu-ABai_009-Ex1-1E-lcwgs-1-1.2_fastqc.html
[2023-01-28 22:42:27,614] multiqc                                            [DEBUG  ]  Ignoring file as matched an ignore pattern: Sfu-ABai_008-Ex1-1D-lcwgs-1-1.2.fq.gz
[2023-01-28 22:42:27,995] multiqc.plots.bargraph                             [DEBUG  ]  Using matplotlib version 3.1.2
[2023-01-28 22:42:27,997] multiqc.plots.linegraph                            [DEBUG  ]  Using matplotlib version 3.1.2
[2023-01-28 22:42:27,998] multiqc                                            [DEBUG  ]  No samples found: custom_content
[2023-01-28 22:42:28,002] multiqc                                            [DEBUG  ]  No samples found: conpair
[2023-01-28 22:42:28,006] multiqc                                            [DEBUG  ]  No samples found: peddy
[2023-01-28 22:42:28,011] multiqc                                            [DEBUG  ]  No samples found: somalier
[2023-01-28 22:42:28,015] multiqc                                            [DEBUG  ]  No samples found: methylQA
[2023-01-28 22:42:28,022] multiqc                                            [DEBUG  ]  No samples found: mosdepth
[2023-01-28 22:42:28,026] multiqc                                            [DEBUG  ]  No samples found: phantompeakqualtools
[2023-01-28 22:42:28,028] multiqc                                            [DEBUG  ]  No samples found: qualimap
[2023-01-28 22:42:28,033] multiqc                                            [DEBUG  ]  No samples found: preseq
[2023-01-28 22:42:28,037] multiqc                                            [DEBUG  ]  No samples found: quast
[2023-01-28 22:42:28,041] multiqc                                            [DEBUG  ]  No samples found: qorts
[2023-01-28 22:42:28,044] multiqc                                            [DEBUG  ]  No samples found: rna_seqc
[2023-01-28 22:42:28,048] multiqc                                            [DEBUG  ]  No samples found: rockhopper
[2023-01-28 22:42:28,051] multiqc                                            [DEBUG  ]  No samples found: rsem
[2023-01-28 22:42:28,056] multiqc                                            [DEBUG  ]  No samples found: rseqc
[2023-01-28 22:42:28,060] multiqc                                            [DEBUG  ]  No samples found: busco
[2023-01-28 22:42:28,069] multiqc                                            [DEBUG  ]  No samples found: goleft_indexcov
[2023-01-28 22:42:28,076] multiqc                                            [DEBUG  ]  No samples found: disambiguate
[2023-01-28 22:42:28,081] multiqc                                            [DEBUG  ]  No samples found: supernova
[2023-01-28 22:42:28,088] multiqc                                            [DEBUG  ]  No samples found: deeptools
[2023-01-28 22:42:28,092] multiqc                                            [DEBUG  ]  No samples found: sargasso
[2023-01-28 22:42:28,097] multiqc                                            [DEBUG  ]  No samples found: verifybamid
[2023-01-28 22:42:28,101] multiqc                                            [DEBUG  ]  No samples found: mirtrace
[2023-01-28 22:42:28,106] multiqc                                            [DEBUG  ]  No samples found: happy
[2023-01-28 22:42:28,110] multiqc                                            [DEBUG  ]  No samples found: mirtop
[2023-01-28 22:42:28,115] multiqc                                            [DEBUG  ]  No samples found: homer
[2023-01-28 22:42:28,118] multiqc                                            [DEBUG  ]  No samples found: macs2
[2023-01-28 22:42:28,122] multiqc                                            [DEBUG  ]  No samples found: theta2
[2023-01-28 22:42:28,126] multiqc                                            [DEBUG  ]  No samples found: snpeff
[2023-01-28 22:42:28,131] multiqc                                            [DEBUG  ]  No samples found: gatk
[2023-01-28 22:42:28,135] multiqc                                            [DEBUG  ]  No samples found: htseq
[2023-01-28 22:42:28,140] multiqc                                            [DEBUG  ]  No samples found: bcftools
[2023-01-28 22:42:28,144] multiqc                                            [DEBUG  ]  No samples found: featureCounts
[2023-01-28 22:42:28,148] multiqc                                            [DEBUG  ]  No samples found: fgbio
[2023-01-28 22:42:28,155] multiqc                                            [DEBUG  ]  No samples found: dragen
[2023-01-28 22:42:28,159] multiqc                                            [DEBUG  ]  No samples found: dedup
[2023-01-28 22:42:28,162] multiqc                                            [DEBUG  ]  No samples found: damageprofiler
[2023-01-28 22:42:28,173] multiqc                                            [DEBUG  ]  No samples found: biobambam2
[2023-01-28 22:42:28,177] multiqc                                            [DEBUG  ]  No samples found: mtnucratio
[2023-01-28 22:42:28,180] multiqc                                            [DEBUG  ]  No samples found: picard
[2023-01-28 22:42:28,184] multiqc                                            [DEBUG  ]  No samples found: prokka
[2023-01-28 22:42:28,188] multiqc                                            [DEBUG  ]  No samples found: samblaster
[2023-01-28 22:42:28,192] multiqc                                            [DEBUG  ]  No samples found: samtools
[2023-01-28 22:42:28,196] multiqc                                            [DEBUG  ]  No samples found: sexdeterrmine
[2023-01-28 22:42:28,200] multiqc                                            [DEBUG  ]  No samples found: bamtools
[2023-01-28 22:42:28,205] multiqc                                            [DEBUG  ]  No samples found: jellyfish
[2023-01-28 22:42:28,209] multiqc                                            [DEBUG  ]  No samples found: vcftools
[2023-01-28 22:42:28,213] multiqc                                            [DEBUG  ]  No samples found: longranger
[2023-01-28 22:42:28,218] multiqc                                            [DEBUG  ]  No samples found: stacks
[2023-01-28 22:42:28,222] multiqc                                            [DEBUG  ]  No samples found: varscan2
[2023-01-28 22:42:28,229] multiqc                                            [DEBUG  ]  No samples found: bbmap
[2023-01-28 22:42:28,233] multiqc                                            [DEBUG  ]  No samples found: bismark
[2023-01-28 22:42:28,238] multiqc                                            [DEBUG  ]  No samples found: biscuit
[2023-01-28 22:42:28,242] multiqc                                            [DEBUG  ]  No samples found: hicexplorer
[2023-01-28 22:42:28,245] multiqc                                            [DEBUG  ]  No samples found: hicup
[2023-01-28 22:42:28,249] multiqc                                            [DEBUG  ]  No samples found: hicpro
[2023-01-28 22:42:28,253] multiqc                                            [DEBUG  ]  No samples found: salmon
[2023-01-28 22:42:28,257] multiqc                                            [DEBUG  ]  No samples found: kallisto
[2023-01-28 22:42:28,261] multiqc                                            [DEBUG  ]  No samples found: slamdunk
[2023-01-28 22:42:28,264] multiqc                                            [DEBUG  ]  No samples found: star
[2023-01-28 22:42:28,268] multiqc                                            [DEBUG  ]  No samples found: hisat2
[2023-01-28 22:42:28,272] multiqc                                            [DEBUG  ]  No samples found: tophat
[2023-01-28 22:42:28,276] multiqc                                            [DEBUG  ]  No samples found: bowtie2
[2023-01-28 22:42:28,280] multiqc                                            [DEBUG  ]  No samples found: bowtie1
[2023-01-28 22:42:28,284] multiqc                                            [DEBUG  ]  No samples found: snpsplit
[2023-01-28 22:42:28,288] multiqc                                            [DEBUG  ]  No samples found: kat
[2023-01-28 22:42:28,291] multiqc                                            [DEBUG  ]  No samples found: leehom
[2023-01-28 22:42:28,295] multiqc                                            [DEBUG  ]  No samples found: adapterRemoval
[2023-01-28 22:42:28,299] multiqc                                            [DEBUG  ]  No samples found: clipandmerge
[2023-01-28 22:42:28,304] multiqc                                            [DEBUG  ]  No samples found: cutadapt
[2023-01-28 22:42:28,308] multiqc                                            [DEBUG  ]  No samples found: flexbar
[2023-01-28 22:42:28,312] multiqc                                            [DEBUG  ]  No samples found: kaiju
[2023-01-28 22:42:28,316] multiqc                                            [DEBUG  ]  No samples found: kraken
[2023-01-28 22:42:28,319] multiqc                                            [DEBUG  ]  No samples found: malt
[2023-01-28 22:42:28,323] multiqc                                            [DEBUG  ]  No samples found: trimmomatic
[2023-01-28 22:42:28,327] multiqc                                            [DEBUG  ]  No samples found: sickle
[2023-01-28 22:42:28,331] multiqc                                            [DEBUG  ]  No samples found: skewer
[2023-01-28 22:42:28,335] multiqc                                            [DEBUG  ]  No samples found: sortmerna
[2023-01-28 22:42:28,339] multiqc                                            [DEBUG  ]  No samples found: biobloomtools
[2023-01-28 22:42:28,343] multiqc                                            [DEBUG  ]  No samples found: fastq_screen
[2023-01-28 22:42:28,347] multiqc                                            [DEBUG  ]  No samples found: afterqc
[2023-01-28 22:42:28,351] multiqc                                            [DEBUG  ]  No samples found: fastp
[2023-01-28 22:42:30,750] multiqc.modules.fastqc.fastqc                      [INFO   ]  Found 16 reports
[2023-01-28 22:42:42,493] multiqc                                            [DEBUG  ]  No samples found: pycoqc
[2023-01-28 22:42:42,497] multiqc                                            [DEBUG  ]  No samples found: minionqc
[2023-01-28 22:42:42,502] multiqc                                            [DEBUG  ]  No samples found: multivcfanalyzer
[2023-01-28 22:42:42,507] multiqc                                            [DEBUG  ]  No samples found: clusterflow
[2023-01-28 22:42:42,511] multiqc                                            [DEBUG  ]  No samples found: bcl2fastq
[2023-01-28 22:42:42,515] multiqc                                            [DEBUG  ]  No samples found: interop
[2023-01-28 22:42:42,518] multiqc                                            [DEBUG  ]  No samples found: ivar
[2023-01-28 22:42:42,522] multiqc                                            [DEBUG  ]  No samples found: flash
[2023-01-28 22:42:42,526] multiqc                                            [DEBUG  ]  No samples found: seqyclean
[2023-01-28 22:42:42,550] multiqc                                            [INFO   ]  Compressing plot data
[2023-01-28 22:42:42,891] multiqc                                            [INFO   ]  Report      : fq_raw/fqc_raw_report.html
[2023-01-28 22:42:42,891] multiqc                                            [INFO   ]  Data        : fq_raw/fqc_raw_report_data
[2023-01-28 22:42:42,891] multiqc                                            [DEBUG  ]  Moving data file from '/tmp/tmpj9_3k6r1/multiqc_data' to 'fq_raw/fqc_raw_report_data'
[2023-01-28 22:42:42,976] multiqc                                            [INFO   ]  Plots       : fq_raw/fqc_raw_report_plots
[2023-01-28 22:42:42,976] multiqc                                            [DEBUG  ]  Moving plots directory from '/tmp/tmpj9_3k6r1/multiqc_plots' to 'fq_raw/fqc_raw_report_plots'
[2023-01-28 22:42:43,268] multiqc                                            [INFO   ]  MultiQC complete
