[2023-08-13 00:56:09,884] multiqc                                            [DEBUG  ]  This is MultiQC v1.13
[2023-08-13 00:56:09,887] multiqc                                            [DEBUG  ]  Found command line config: {'max_table_rows': 3000}
[2023-08-13 00:56:09,887] multiqc                                            [DEBUG  ]  New config: {'max_table_rows': 3000}
[2023-08-13 00:56:09,887] multiqc                                            [DEBUG  ]  Command used: /opt/conda/bin/multiqc -v -p -ip -f --data-dir --data-format tsv --cl-config max_table_rows: 3000 --filename 1st_fastp_report --outdir fq_fp1 fq_fp1
[2023-08-13 00:56:10,103] multiqc                                            [WARNING]  MultiQC Version v1.15 now available!
[2023-08-13 00:56:10,103] multiqc                                            [DEBUG  ]  Working dir : /home/e1garcia/shotgun_PIRE/pire_lcwgs_data_processing/lethrinus_variegatus/1st_sequencing_run
[2023-08-13 00:56:10,103] multiqc                                            [DEBUG  ]  Template    : default
[2023-08-13 00:56:10,103] multiqc                                            [DEBUG  ]  Running Python 3.9.12 (main, Aug 29 2022, 00:54:58)  [GCC 11.2.0]
[2023-08-13 00:56:10,104] multiqc                                            [DEBUG  ]  Analysing modules: custom_content, ccs, ngsderive, purple, conpair, lima, peddy, somalier, methylQA, mosdepth, phantompeakqualtools, qualimap, preseq, quast, qorts, rna_seqc, rockhopper, rsem, rseqc, busco, bustools, goleft_indexcov, gffcompare, disambiguate, supernova, deeptools, sargasso, verifybamid, mirtrace, happy, mirtop, sambamba, homer, hops, macs2, theta2, snpeff, gatk, htseq, bcftools, featureCounts, fgbio, dragen, dedup, pbmarkdup, damageprofiler, biobambam2, jcvi, mtnucratio, picard, vep, sentieon, prokka, qc3C, nanostat, samblaster, samtools, sexdeterrmine, eigenstratdatabasetools, bamtools, jellyfish, vcftools, longranger, stacks, varscan2, snippy, bbmap, bismark, biscuit, hicexplorer, hicup, hicpro, salmon, kallisto, slamdunk, star, hisat2, tophat, bowtie2, bowtie1, snpsplit, odgi, pangolin, kat, leehom, adapterRemoval, clipandmerge, cutadapt, flexbar, kaiju, kraken, malt, trimmomatic, sickle, skewer, sortmerna, biobloomtools, fastq_screen, afterqc, fastp, fastqc, pychopper, pycoqc, minionqc, multivcfanalyzer, clusterflow, checkqc, bcl2fastq, bclconvert, interop, ivar, flash, seqyclean, optitype, whatshap
[2023-08-13 00:56:10,104] multiqc                                            [DEBUG  ]  Using temporary directory for creating report: /tmp/tmpth2qxr5x
[2023-08-13 00:56:10,309] multiqc                                            [INFO   ]  Search path : /home/e1garcia/shotgun_PIRE/pire_lcwgs_data_processing/lethrinus_variegatus/1st_sequencing_run/fq_fp1
[2023-08-13 00:56:26,527] multiqc                                            [DEBUG  ]  Summary of files that were skipped by the search: [skipped_module_specific_max_filesize: 570] // [skipped_no_match: 475] // [skipped_ignore_pattern: 380]
[2023-08-13 00:56:27,433] multiqc.plots.bargraph                             [DEBUG  ]  Using matplotlib version 3.1.2
[2023-08-13 00:56:27,434] multiqc.plots.linegraph                            [DEBUG  ]  Using matplotlib version 3.1.2
[2023-08-13 00:56:27,436] multiqc                                            [DEBUG  ]  No samples found: custom_content
[2023-08-13 00:56:27,450] multiqc.modules.fastp.fastp                        [DEBUG  ]  No insert size plot data: Lva-APnd_042-Ex1-2E-lcwgs-1-1.fastp.json
[2023-08-13 00:56:27,455] multiqc.modules.fastp.fastp                        [DEBUG  ]  No insert size plot data: Lva-APnd_045-Ex1-2H-lcwgs-1-1.fastp.json
[2023-08-13 00:56:27,565] multiqc.modules.fastp.fastp                        [DEBUG  ]  No insert size plot data: Lva-APnd_047-Ex1-3B-lcwgs-1-1.fastp.json
[2023-08-13 00:56:27,809] multiqc.modules.fastp.fastp                        [DEBUG  ]  No insert size plot data: Lva-APnd_043-Ex1-2F-lcwgs-1-1.fastp.json
[2023-08-13 00:56:27,930] multiqc.modules.fastp.fastp                        [INFO   ]  Found 95 reports
[2023-08-13 00:57:08,511] multiqc                                            [INFO   ]  Compressing plot data
[2023-08-13 00:57:15,802] multiqc                                            [INFO   ]  Report      : fq_fp1/1st_fastp_report.html
[2023-08-13 00:57:15,802] multiqc                                            [INFO   ]  Data        : fq_fp1/1st_fastp_report_data
[2023-08-13 00:57:15,802] multiqc                                            [DEBUG  ]  Moving data file from '/tmp/tmpth2qxr5x/multiqc_data' to 'fq_fp1/1st_fastp_report_data'
[2023-08-13 00:57:16,626] multiqc                                            [INFO   ]  Plots       : fq_fp1/1st_fastp_report_plots
[2023-08-13 00:57:16,626] multiqc                                            [DEBUG  ]  Moving plots directory from '/tmp/tmpth2qxr5x/multiqc_plots' to 'fq_fp1/1st_fastp_report_plots'
[2023-08-13 00:57:17,231] multiqc                                            [INFO   ]  MultiQC complete
