preview of orig and new R1 file names...
OcA0100101A_CKDL230029730-1A_HJLFCCCX2_L3_1.fq.gz Och-ACat_001-Ex1-1A-lcwgs-2-1.1.fq.gz
OcA0100106D_CKDL230029730-1A_HJLFCCCX2_L3_1.fq.gz Och-ATum_001-Ex1-6D-lcwgs-2-1.1.fq.gz
OcA0100202A_CKDL230029730-1A_HJLFCCCX2_L3_1.fq.gz Och-ACat_002-Ex1-2A-lcwgs-2-1.1.fq.gz
OcA0100207D_CKDL230029730-1A_HJLFCCCX2_L3_1.fq.gz Och-ATum_002-Ex1-7D-lcwgs-2-1.1.fq.gz
OcA0100303A_CKDL230029730-1A_HJLFCCCX2_L3_1.fq.gz Och-ACat_003-Ex1-3A-lcwgs-2-1.1.fq.gz
OcA0100308D_CKDL230029730-1A_HJLFCCCX2_L3_1.fq.gz Och-ATum_003-Ex1-8D-lcwgs-2-1.1.fq.gz
OcA0100404A_CKDL230029730-1A_HJLFCCCX2_L3_1.fq.gz Och-ACat_004-Ex1-4A-lcwgs-2-1.1.fq.gz
OcA0100409D_CKDL230029730-1A_HJLFCCCX2_L3_1.fq.gz Och-ATum_004-Ex1-9D-lcwgs-2-1.1.fq.gz
OcA0100505A_CKDL230029730-1A_HJLFCCCX2_L3_1.fq.gz Och-ACat_005-Ex1-5A-lcwgs-2-1.1.fq.gz
OcA0100510D_CKDL230029730-1A_HJLFCCCX2_L3_1.fq.gz Och-ATum_005-Ex1-10D-lcwgs-2-1.1.fq.gz
OcA0100606A_CKDL230029730-1A_HJLFCCCX2_L3_1.fq.gz Och-ACat_006-Ex1-6A-lcwgs-2-1.1.fq.gz
OcA0100611D_CKDL230029730-1A_HJLFCCCX2_L3_1.fq.gz Och-ATum_006-Ex1-11D-lcwgs-2-1.1.fq.gz
OcA0100704A_CKDL230029730-1A_HJLFCCCX2_L3_1.fq.gz Och-ACat_007-Ex1-4A-lcwgs-1-1.1.fq.gz
OcA0100707A_CKDL230029730-1A_HJLFCCCX2_L3_1.fq.gz Och-ACat_007-Ex1-7A-lcwgs-2-1.1.fq.gz
OcA0100712D_CKDL230029730-1A_HJLFCCCX2_L3_1.fq.gz Och-ATum_007-Ex1-12D-lcwgs-2-1.1.fq.gz
OcA0100801E_CKDL230029730-1A_HJLFCCCX2_L3_1.fq.gz Och-ATum_008-Ex1-1E-lcwgs-2-1.1.fq.gz
OcA0100808A_CKDL230029730-1A_HJLFCCCX2_L3_1.fq.gz Och-ACat_008-Ex1-8A-lcwgs-2-1.1.fq.gz
OcA0100902E_CKDL230029730-1A_HJLFCCCX2_L3_1.fq.gz Och-ATum_009-Ex1-2E-lcwgs-2-1.1.fq.gz
OcA0100904C_CKDL230029730-1A_HJLFCCCX2_L3_1.fq.gz Och-ACat_009-Ex1-4C-lcwgs-1-1.1.fq.gz
OcA0100909A_CKDL230029730-1A_HJLFCCCX2_L3_1.fq.gz Och-ACat_009-Ex1-9A-lcwgs-2-1.1.fq.gz
OcA0101003E_CKDL230029730-1A_HJLFCCCX2_L3_1.fq.gz Och-ATum_010-Ex1-3E-lcwgs-2-1.1.fq.gz
OcA0101010A_CKDL230029730-1A_HJLFCCCX2_L3_1.fq.gz Och-ACat_010-Ex1-10A-lcwgs-2-1.1.fq.gz
OcA0101104E_CKDL230029730-1A_HJLFCCCX2_L3_1.fq.gz Och-ATum_011-Ex1-4E-lcwgs-2-1.1.fq.gz
OcA0101111A_CKDL230029730-1A_HJLFCCCX2_L3_1.fq.gz Och-ACat_011-Ex1-11A-lcwgs-2-1.1.fq.gz
OcA0101205E_CKDL230029730-1A_HJLFCCCX2_L3_1.fq.gz Och-ATum_012-Ex1-5E-lcwgs-2-1.1.fq.gz
OcA0101212A_CKDL230029730-1A_HJLFCCCX2_L3_1.fq.gz Och-ACat_012-Ex1-12A-lcwgs-2-1.1.fq.gz
OcA0101301B_CKDL230029730-1A_HJLFCCCX2_L3_1.fq.gz Och-ACat_013-Ex1-1B-lcwgs-2-1.1.fq.gz
OcA0101306E_CKDL230029730-1A_HJLFCCCX2_L3_1.fq.gz Och-ATum_013-Ex1-6E-lcwgs-2-1.1.fq.gz
OcA0101402B_CKDL230029730-1A_HJLFCCCX2_L3_1.fq.gz Och-ACat_014-Ex1-2B-lcwgs-2-1.1.fq.gz
OcA0101407E_CKDL230029730-1A_HJLFCCCX2_L3_1.fq.gz Och-ATum_014-Ex1-7E-lcwgs-2-1.1.fq.gz
OcA0101503B_CKDL230029730-1A_HJLFCCCX2_L3_1.fq.gz Och-ACat_015-Ex1-3B-lcwgs-2-1.1.fq.gz
OcA0101505A_CKDL230029730-1A_HJLFCCCX2_L3_1.fq.gz Och-ACat_015-Ex1-5A-lcwgs-1-1.1.fq.gz
OcA0101508E_CKDL230029730-1A_HJLFCCCX2_L3_1.fq.gz Och-ATum_015-Ex1-8E-lcwgs-2-1.1.fq.gz
OcA0101604B_CKDL230029730-1A_HJLFCCCX2_L3_1.fq.gz Och-ACat_016-Ex1-4B-lcwgs-2-1.1.fq.gz
OcA0101609E_CKDL230029730-1A_HJLFCCCX2_L3_1.fq.gz Och-ATum_016-Ex1-9E-lcwgs-2-1.1.fq.gz
OcA0101705B_CKDL230029730-1A_HJLFCCCX2_L3_1.fq.gz Och-ACat_017-Ex1-5B-lcwgs-2-1.1.fq.gz
OcA0101710E_CKDL230029730-1A_HJLFCCCX2_L3_1.fq.gz Och-ATum_017-Ex1-10E-lcwgs-2-1.1.fq.gz
OcA0101806B_CKDL230029730-1A_HJLFCCCX2_L3_1.fq.gz Och-ACat_018-Ex1-6B-lcwgs-2-1.1.fq.gz
OcA0101811E_CKDL230029730-1A_HJLFCCCX2_L3_1.fq.gz Och-ATum_018-Ex1-11E-lcwgs-2-1.1.fq.gz
OcA0101907B_CKDL230029730-1A_HJLFCCCX2_L3_1.fq.gz Och-ACat_019-Ex1-7B-lcwgs-2-1.1.fq.gz
OcA0101912E_CKDL230029730-1A_HJLFCCCX2_L3_1.fq.gz Och-ATum_019-Ex1-12E-lcwgs-2-1.1.fq.gz
OcA0102001F_CKDL230029730-1A_HJLFCCCX2_L3_1.fq.gz Och-ATum_020-Ex1-1F-lcwgs-2-1.1.fq.gz
OcA0102008B_CKDL230029730-1A_HJLFCCCX2_L3_1.fq.gz Och-ACat_020-Ex1-8B-lcwgs-2-1.1.fq.gz
OcA0102102F_CKDL230029730-1A_HJLFCCCX2_L3_1.fq.gz Och-ATum_021-Ex1-2F-lcwgs-2-1.1.fq.gz
OcA0102109B_CKDL230029730-1A_HJLFCCCX2_L3_1.fq.gz Och-ACat_021-Ex1-9B-lcwgs-2-1.1.fq.gz
OcA0102203F_CKDL230029730-1A_HJLFCCCX2_L3_1.fq.gz Och-ATum_022-Ex1-3F-lcwgs-2-1.1.fq.gz
OcA0102210B_CKDL230029730-1A_HJLFCCCX2_L3_1.fq.gz Och-ACat_022-Ex1-10B-lcwgs-2-1.1.fq.gz
OcA0102304F_CKDL230029730-1A_HJLFCCCX2_L3_1.fq.gz Och-ATum_023-Ex1-4F-lcwgs-2-1.1.fq.gz
OcA0102311B_CKDL230029730-1A_HJLFCCCX2_L3_1.fq.gz Och-ACat_023-Ex1-11B-lcwgs-2-1.1.fq.gz
OcA0102405F_CKDL230029730-1A_HJLFCCCX2_L3_1.fq.gz Och-ATum_024-Ex1-5F-lcwgs-2-1.1.fq.gz
OcA0102412B_CKDL230029730-1A_HJLFCCCX2_L3_1.fq.gz Och-ACat_024-Ex1-12B-lcwgs-2-1.1.fq.gz
OcA0102501C_CKDL230029730-1A_HJLFCCCX2_L3_1.fq.gz Och-ACat_025-Ex1-1C-lcwgs-2-1.1.fq.gz
OcA0102506F_CKDL230029730-1A_HJLFCCCX2_L3_1.fq.gz Och-ATum_025-Ex1-6F-lcwgs-2-1.1.fq.gz
OcA0102602C_CKDL230029730-1A_HJLFCCCX2_L3_1.fq.gz Och-ACat_026-Ex1-2C-lcwgs-2-1.1.fq.gz
OcA0102607F_CKDL230029730-1A_HJLFCCCX2_L3_1.fq.gz Och-ATum_026-Ex1-7F-lcwgs-2-1.1.fq.gz
OcA0102703C_CKDL230029730-1A_HJLFCCCX2_L3_1.fq.gz Och-ACat_027-Ex1-3C-lcwgs-2-1.1.fq.gz
OcA0102708F_CKDL230029730-1A_HJLFCCCX2_L3_1.fq.gz Och-ATum_027-Ex1-8F-lcwgs-2-1.1.fq.gz
OcA0102804C_CKDL230029730-1A_HJLFCCCX2_L3_1.fq.gz Och-ACat_028-Ex1-4C-lcwgs-2-1.1.fq.gz
OcA0102809F_CKDL230029730-1A_HJLFCCCX2_L3_1.fq.gz Och-ATum_028-Ex1-9F-lcwgs-2-1.1.fq.gz
OcA0102905C_CKDL230029730-1A_HJLFCCCX2_L3_1.fq.gz Och-ACat_029-Ex1-5C-lcwgs-2-1.1.fq.gz
OcA0102910F_CKDL230029730-1A_HJLFCCCX2_L3_1.fq.gz Och-ATum_029-Ex1-10F-lcwgs-2-1.1.fq.gz
OcA0103006C_CKDL230029730-1A_HJLFCCCX2_L3_1.fq.gz Och-ACat_030-Ex1-6C-lcwgs-2-1.1.fq.gz
OcA0103011F_CKDL230029730-1A_HJLFCCCX2_L3_1.fq.gz Och-ATum_030-Ex1-11F-lcwgs-2-1.1.fq.gz
OcA0103107C_CKDL230029730-1A_HJLFCCCX2_L3_1.fq.gz Och-ACat_031-Ex1-7C-lcwgs-2-1.1.fq.gz
OcA0103112F_CKDL230029730-1A_HJLFCCCX2_L3_1.fq.gz Och-ATum_031-Ex1-12F-lcwgs-2-1.1.fq.gz
OcA0103201G_CKDL230029730-1A_HJLFCCCX2_L3_1.fq.gz Och-ATum_032-Ex1-1G-lcwgs-2-1.1.fq.gz
OcA0103207B_CKDL230029730-1A_HJLFCCCX2_L3_1.fq.gz Och-ACat_032-Ex1-7B-lcwgs-1-1.1.fq.gz
OcA0103208C_CKDL230029730-1A_HJLFCCCX2_L3_1.fq.gz Och-ACat_032-Ex1-8C-lcwgs-2-1.1.fq.gz
OcA0103302G_CKDL230029730-1A_HJLFCCCX2_L3_1.fq.gz Och-ATum_033-Ex1-2G-lcwgs-2-1.1.fq.gz
OcA0103309C_CKDL230029730-1A_HJLFCCCX2_L3_1.fq.gz Och-ACat_033-Ex1-9C-lcwgs-2-1.1.fq.gz
OcA0103312D_CKDL230029730-1A_HJLFCCCX2_L3_1.fq.gz Och-ATum_033-Ex1-12D-lcwgs-1-1.1.fq.gz
OcA0103403G_CKDL230029730-1A_HJLFCCCX2_L3_1.fq.gz Och-ATum_034-Ex1-3G-lcwgs-2-1.1.fq.gz
OcA0103410C_CKDL230029730-1A_HJLFCCCX2_L3_1.fq.gz Och-ACat_034-Ex1-10C-lcwgs-2-1.1.fq.gz
OcA0103504G_CKDL230029730-1A_HJLFCCCX2_L3_1.fq.gz Och-ATum_035-Ex1-4G-lcwgs-2-1.1.fq.gz
OcA0103511C_CKDL230029730-1A_HJLFCCCX2_L3_1.fq.gz Och-ACat_035-Ex1-11C-lcwgs-2-1.1.fq.gz
OcA0103605G_CKDL230029730-1A_HJLFCCCX2_L3_1.fq.gz Och-ATum_036-Ex1-5G-lcwgs-2-1.1.fq.gz
OcA0103612C_CKDL230029730-1A_HJLFCCCX2_L3_1.fq.gz Och-ACat_036-Ex1-12C-lcwgs-2-1.1.fq.gz
OcA0103701D_CKDL230029730-1A_HJLFCCCX2_L3_1.fq.gz Och-ACat_037-Ex1-1D-lcwgs-2-1.1.fq.gz
OcA0103802D_CKDL230029730-1A_HJLFCCCX2_L3_1.fq.gz Och-ACat_038-Ex1-2D-lcwgs-2-1.1.fq.gz
OcA0103903D_CKDL230029730-1A_HJLFCCCX2_L3_1.fq.gz Och-ACat_039-Ex1-3D-lcwgs-2-1.1.fq.gz
OcA0103908A_CKDL230029730-1A_HJLFCCCX2_L3_1.fq.gz Och-ACat_039-Ex1-8A-lcwgs-1-1.1.fq.gz
OcA0104004D_CKDL230029730-1A_HJLFCCCX2_L3_1.fq.gz Och-ACat_040-Ex1-4D-lcwgs-2-1.1.fq.gz
OcA0104105D_CKDL230029730-1A_HJLFCCCX2_L3_1.fq.gz Och-ACat_041-Ex1-5D-lcwgs-2-1.1.fq.gz
OcC0200101A_CKDL230029730-1A_HJLFCCCX2_L3_1.fq.gz Och-CCat_001-Ex1-1A-lcwgs-1-1.1.fq.gz
OcC0200201B_CKDL230029730-1A_HJLFCCCX2_L3_1.fq.gz Och-CCat_002-Ex1-1B-lcwgs-1-1.1.fq.gz
OcC0200301C_CKDL230029730-1A_HJLFCCCX2_L3_1.fq.gz Och-CCat_003-Ex1-1C-lcwgs-1-1.1.fq.gz
OcC0200401D_CKDL230029730-1A_HJLFCCCX2_L3_1.fq.gz Och-CCat_004-Ex1-1D-lcwgs-1-1.1.fq.gz
OcC0200501E_CKDL230029730-1A_HJLFCCCX2_L3_1.fq.gz Och-CCat_005-Ex1-1E-lcwgs-1-1.1.fq.gz
OcC0200601F_CKDL230029730-1A_HJLFCCCX2_L3_1.fq.gz Och-CCat_006-Ex1-1F-lcwgs-1-1.1.fq.gz
OcC0200701G_CKDL230029730-1A_HJLFCCCX2_L3_1.fq.gz Och-CCat_007-Ex1-1G-lcwgs-1-1.1.fq.gz
OcC0200801H_CKDL230029730-1A_HJLFCCCX2_L3_1.fq.gz Och-CCat_008-Ex1-1H-lcwgs-1-1.1.fq.gz
OcC0200902A_CKDL230029730-1A_HJLFCCCX2_L3_1.fq.gz Och-CCat_009-Ex1-2A-lcwgs-1-1.1.fq.gz
OcC0201002B_CKDL230029730-1A_HJLFCCCX2_L3_1.fq.gz Och-CCat_010-Ex1-2B-lcwgs-1-1.1.fq.gz
OcC0201102C_CKDL230029730-1A_HJLFCCCX2_L3_1.fq.gz Och-CCat_011-Ex1-2C-lcwgs-1-1.1.fq.gz
OcC0201202D_CKDL230029730-1A_HJLFCCCX2_L3_1.fq.gz Och-CCat_012-Ex1-2D-lcwgs-1-1.1.fq.gz
OcC0201302E_CKDL230029730-1A_HJLFCCCX2_L3_1.fq.gz Och-CCat_013-Ex1-2E-lcwgs-1-1.1.fq.gz
OcC0201402F_CKDL230029730-1A_HJLFCCCX2_L3_1.fq.gz Och-CCat_014-Ex1-2F-lcwgs-1-1.1.fq.gz
OcC0201502G_CKDL230029730-1A_HJLFCCCX2_L3_1.fq.gz Och-CCat_015-Ex1-2G-lcwgs-1-1.1.fq.gz
OcC0201602H_CKDL230029730-1A_HJLFCCCX2_L3_1.fq.gz Och-CCat_016-Ex1-2H-lcwgs-1-1.1.fq.gz
OcC0201703A_CKDL230029730-1A_HJLFCCCX2_L3_1.fq.gz Och-CCat_017-Ex1-3A-lcwgs-1-1.1.fq.gz
OcC0201803B_CKDL230029730-1A_HJLFCCCX2_L3_1.fq.gz Och-CCat_018-Ex1-3B-lcwgs-1-1.1.fq.gz
OcC0201903C_CKDL230029730-1A_HJLFCCCX2_L3_1.fq.gz Och-CCat_019-Ex1-3C-lcwgs-1-1.1.fq.gz
OcC0202003D_CKDL230029730-1A_HJLFCCCX2_L3_1.fq.gz Och-CCat_020-Ex1-3D-lcwgs-1-1.1.fq.gz
OcC0202103E_CKDL230029730-1A_HJLFCCCX2_L3_1.fq.gz Och-CCat_021-Ex1-3E-lcwgs-1-1.1.fq.gz
OcC0202203F_CKDL230029730-1A_HJLFCCCX2_L3_1.fq.gz Och-CCat_022-Ex1-3F-lcwgs-1-1.1.fq.gz
OcC0202304E_CKDL230029730-1A_HJLFCCCX2_L3_1.fq.gz Och-CCat_023-Ex1-4E-lcwgs-1-1.1.fq.gz
OcC0202405G_CKDL230029730-1A_HJLFCCCX2_L3_1.fq.gz Och-CCat_024-Ex1-5G-lcwgs-1-1.1.fq.gz
OcC0202504A_CKDL230029730-1A_HJLFCCCX2_L3_1.fq.gz Och-CCat_025-Ex1-4A-lcwgs-1-1.1.fq.gz
OcC0202805C_CKDL230029730-1A_HJLFCCCX2_L3_1.fq.gz Och-CCat_028-Ex1-5C-lcwgs-1-1.1.fq.gz
OcC0202903H_CKDL230029730-1A_HJLFCCCX2_L3_1.fq.gz Och-CCat_029-Ex1-3H-lcwgs-1-1.1.fq.gz
OcC0203103G_CKDL230029730-1A_HJLFCCCX2_L3_1.fq.gz Och-CCat_031-Ex1-3G-lcwgs-1-1.1.fq.gz
OcC0203506A_CKDL230029730-1A_HJLFCCCX2_L3_1.fq.gz Och-CCat_035-Ex1-6A-lcwgs-1-1.1.fq.gz
OcC0203605D_CKDL230029730-1A_HJLFCCCX2_L3_1.fq.gz Och-CCat_036-Ex1-5D-lcwgs-1-1.1.fq.gz
OcC0203704B_CKDL230029730-1A_HJLFCCCX2_L3_1.fq.gz Och-CCat_037-Ex1-4B-lcwgs-1-1.1.fq.gz
OcC0203804C_CKDL230029730-1A_HJLFCCCX2_L3_1.fq.gz Och-CCat_038-Ex1-4C-lcwgs-1-1.1.fq.gz
OcC0204704H_CKDL230029730-1A_HJLFCCCX2_L3_1.fq.gz Och-CCat_047-Ex1-4H-lcwgs-1-1.1.fq.gz
OcC0205108B_CKDL230029730-1A_HJLFCCCX2_L3_1.fq.gz Och-CCat_051-Ex1-8B-lcwgs-1-1.1.fq.gz
OcC0205908C_CKDL230029730-1A_HJLFCCCX2_L3_1.fq.gz Och-CCat_059-Ex1-8C-lcwgs-1-1.1.fq.gz
OcC0206305E_CKDL230029730-1A_HJLFCCCX2_L3_1.fq.gz Och-CCat_063-Ex1-5E-lcwgs-1-1.1.fq.gz
OcC0206504F_CKDL230029730-1A_HJLFCCCX2_L3_1.fq.gz Och-CCat_065-Ex1-4F-lcwgs-1-1.1.fq.gz
OcC0206607A_CKDL230029730-1A_HJLFCCCX2_L3_1.fq.gz Och-CCat_066-Ex1-7A-lcwgs-1-1.1.fq.gz
OcC0206804G_CKDL230029730-1A_HJLFCCCX2_L3_1.fq.gz Och-CCat_068-Ex1-4G-lcwgs-1-1.1.fq.gz
OcC0206905F_CKDL230029730-1A_HJLFCCCX2_L3_1.fq.gz Och-CCat_069-Ex1-5F-lcwgs-1-1.1.fq.gz
OcC0207007F_CKDL230029730-1A_HJLFCCCX2_L3_1.fq.gz Och-CCat_070-Ex1-7F-lcwgs-1-1.1.fq.gz
OcC0207108H_CKDL230029730-1A_HJLFCCCX2_L3_1.fq.gz Och-CCat_071-Ex1-8H-lcwgs-1-1.1.fq.gz
OcC0207207E_CKDL230029730-1A_HJLFCCCX2_L3_1.fq.gz Och-CCat_072-Ex1-7E-lcwgs-1-1.1.fq.gz
OcC0207406E_CKDL230029730-1A_HJLFCCCX2_L3_1.fq.gz Och-CCat_074-Ex1-6E-lcwgs-1-1.1.fq.gz
OcC0207505B_CKDL230029730-1A_HJLFCCCX2_L3_1.fq.gz Och-CCat_075-Ex1-5B-lcwgs-1-1.1.fq.gz
OcC0207605H_CKDL230029730-1A_HJLFCCCX2_L3_1.fq.gz Och-CCat_076-Ex1-5H-lcwgs-1-1.1.fq.gz
OcC0207705A_CKDL230029730-1A_HJLFCCCX2_L3_1.fq.gz Och-CCat_077-Ex1-5A-lcwgs-1-1.1.fq.gz
OcC0207908A_CKDL230029730-1A_HJLFCCCX2_L3_1.fq.gz Och-CCat_079-Ex1-8A-lcwgs-1-1.1.fq.gz
OcC0208007C_CKDL230029730-1A_HJLFCCCX2_L3_1.fq.gz Och-CCat_080-Ex1-7C-lcwgs-1-1.1.fq.gz
OcC0208108D_CKDL230029730-1A_HJLFCCCX2_L3_1.fq.gz Och-CCat_081-Ex1-8D-lcwgs-1-1.1.fq.gz
OcC0208206H_CKDL230029730-1A_HJLFCCCX2_L3_1.fq.gz Och-CCat_082-Ex1-6H-lcwgs-1-1.1.fq.gz
OcC0208306F_CKDL230029730-1A_HJLFCCCX2_L3_1.fq.gz Och-CCat_083-Ex1-6F-lcwgs-1-1.1.fq.gz
OcC0208407D_CKDL230029730-1A_HJLFCCCX2_L3_1.fq.gz Och-CCat_084-Ex1-7D-lcwgs-1-1.1.fq.gz
OcC0208506G_CKDL230029730-1A_HJLFCCCX2_L3_1.fq.gz Och-CCat_085-Ex1-6G-lcwgs-1-1.1.fq.gz
OcC0208608E_CKDL230029730-1A_HJLFCCCX2_L3_1.fq.gz Och-CCat_086-Ex1-8E-lcwgs-1-1.1.fq.gz
OcC0208706C_CKDL230029730-1A_HJLFCCCX2_L3_1.fq.gz Och-CCat_087-Ex1-6C-lcwgs-1-1.1.fq.gz
OcC0208807H_CKDL230029730-1A_HJLFCCCX2_L3_1.fq.gz Och-CCat_088-Ex1-7H-lcwgs-1-1.1.fq.gz
OcC0209008G_CKDL230029730-1A_HJLFCCCX2_L3_1.fq.gz Och-CCat_090-Ex1-8G-lcwgs-1-1.1.fq.gz
OcC0209107G_CKDL230029730-1A_HJLFCCCX2_L3_1.fq.gz Och-CCat_091-Ex1-7G-lcwgs-1-1.1.fq.gz
OcC0209208F_CKDL230029730-1A_HJLFCCCX2_L3_1.fq.gz Och-CCat_092-Ex1-8F-lcwgs-1-1.1.fq.gz
OcC0209404D_CKDL230029730-1A_HJLFCCCX2_L3_1.fq.gz Och-CCat_094-Ex1-4D-lcwgs-1-1.1.fq.gz
OcC0209507B_CKDL230029730-1A_HJLFCCCX2_L3_1.fq.gz Och-CCat_095-Ex1-7B-lcwgs-1-1.1.fq.gz
OcC0209606B_CKDL230029730-1A_HJLFCCCX2_L3_1.fq.gz Och-CCat_096-Ex1-6B-lcwgs-1-1.1.fq.gz
OcC0800105A_CKDL230029730-1A_HJLFCCCX2_L3_1.fq.gz Och-CTum_001-Ex1-5A-lcwgs-1-1.1.fq.gz
OcC0800205B_CKDL230029730-1A_HJLFCCCX2_L3_1.fq.gz Och-CTum_002-Ex1-5B-lcwgs-1-1.1.fq.gz
OcC0800305C_CKDL230029730-1A_HJLFCCCX2_L3_1.fq.gz Och-CTum_003-Ex1-5C-lcwgs-1-1.1.fq.gz
OcC0800405D_CKDL230029730-1A_HJLFCCCX2_L3_1.fq.gz Och-CTum_004-Ex1-5D-lcwgs-1-1.1.fq.gz
OcC0800505E_CKDL230029730-1A_HJLFCCCX2_L3_1.fq.gz Och-CTum_005-Ex1-5E-lcwgs-1-1.1.fq.gz
OcC0800605F_CKDL230029730-1A_HJLFCCCX2_L3_1.fq.gz Och-CTum_006-Ex1-5F-lcwgs-1-1.1.fq.gz
OcC0800705G_CKDL230029730-1A_HJLFCCCX2_L3_1.fq.gz Och-CTum_007-Ex1-5G-lcwgs-1-1.1.fq.gz
OcC0800805H_CKDL230029730-1A_HJLFCCCX2_L3_1.fq.gz Och-CTum_008-Ex1-5H-lcwgs-1-1.1.fq.gz
OcC0800906A_CKDL230029730-1A_HJLFCCCX2_L3_1.fq.gz Och-CTum_009-Ex1-6A-lcwgs-1-1.1.fq.gz
OcC0801006B_CKDL230029730-1A_HJLFCCCX2_L3_1.fq.gz Och-CTum_010-Ex1-6B-lcwgs-1-1.1.fq.gz
OcC0801106C_CKDL230029730-1A_HJLFCCCX2_L3_1.fq.gz Och-CTum_011-Ex1-6C-lcwgs-1-1.1.fq.gz
OcC0801206D_CKDL230029730-1A_HJLFCCCX2_L3_1.fq.gz Och-CTum_012-Ex1-6D-lcwgs-1-1.1.fq.gz
OcC0801306E_CKDL230029730-1A_HJLFCCCX2_L3_1.fq.gz Och-CTum_013-Ex1-6E-lcwgs-1-1.1.fq.gz
OcC0801406F_CKDL230029730-1A_HJLFCCCX2_L3_1.fq.gz Och-CTum_014-Ex1-6F-lcwgs-1-1.1.fq.gz
OcC0801506G_CKDL230029730-1A_HJLFCCCX2_L3_1.fq.gz Och-CTum_015-Ex1-6G-lcwgs-1-1.1.fq.gz
OcC0801606H_CKDL230029730-1A_HJLFCCCX2_L3_1.fq.gz Och-CTum_016-Ex1-6H-lcwgs-1-1.1.fq.gz
OcC0801707A_CKDL230029730-1A_HJLFCCCX2_L3_1.fq.gz Och-CTum_017-Ex1-7A-lcwgs-1-1.1.fq.gz
OcC0801807B_CKDL230029730-1A_HJLFCCCX2_L3_1.fq.gz Och-CTum_018-Ex1-7B-lcwgs-1-1.1.fq.gz
OcC0801907C_CKDL230029730-1A_HJLFCCCX2_L3_1.fq.gz Och-CTum_019-Ex1-7C-lcwgs-1-1.1.fq.gz
OcC0802007D_CKDL230029730-1A_HJLFCCCX2_L3_1.fq.gz Och-CTum_020-Ex1-7D-lcwgs-1-1.1.fq.gz
OcC0802107E_CKDL230029730-1A_HJLFCCCX2_L3_1.fq.gz Och-CTum_021-Ex1-7E-lcwgs-1-1.1.fq.gz
OcC0802207F_CKDL230029730-1A_HJLFCCCX2_L3_1.fq.gz Och-CTum_022-Ex1-7F-lcwgs-1-1.1.fq.gz
OcC0802307G_CKDL230029730-1A_HJLFCCCX2_L3_1.fq.gz Och-CTum_023-Ex1-7G-lcwgs-1-1.1.fq.gz
OcC0802407H_CKDL230029730-1A_HJLFCCCX2_L3_1.fq.gz Och-CTum_024-Ex1-7H-lcwgs-1-1.1.fq.gz
OcC0802508A_CKDL230029730-1A_HJLFCCCX2_L3_1.fq.gz Och-CTum_025-Ex1-8A-lcwgs-1-1.1.fq.gz
OcC0802608B_CKDL230029730-1A_HJLFCCCX2_L3_1.fq.gz Och-CTum_026-Ex1-8B-lcwgs-1-1.1.fq.gz
OcC0802708C_CKDL230029730-1A_HJLFCCCX2_L3_1.fq.gz Och-CTum_027-Ex1-8C-lcwgs-1-1.1.fq.gz
OcC0802808D_CKDL230029730-1A_HJLFCCCX2_L3_1.fq.gz Och-CTum_028-Ex1-8D-lcwgs-1-1.1.fq.gz
OcC0802908E_CKDL230029730-1A_HJLFCCCX2_L3_1.fq.gz Och-CTum_029-Ex1-8E-lcwgs-1-1.1.fq.gz
OcC0803008F_CKDL230029730-1A_HJLFCCCX2_L3_1.fq.gz Och-CTum_030-Ex1-8F-lcwgs-1-1.1.fq.gz
OcC0803108G_CKDL230029730-1A_HJLFCCCX2_L3_1.fq.gz Och-CTum_031-Ex1-8G-lcwgs-1-1.1.fq.gz
OcC0803208H_CKDL230029730-1A_HJLFCCCX2_L3_1.fq.gz Och-CTum_032-Ex1-8H-lcwgs-1-1.1.fq.gz
OcC0803309A_CKDL230029730-1A_HJLFCCCX2_L3_1.fq.gz Och-CTum_033-Ex1-9A-lcwgs-1-1.1.fq.gz
OcC0803409B_CKDL230029730-1A_HJLFCCCX2_L3_1.fq.gz Och-CTum_034-Ex1-9B-lcwgs-1-1.1.fq.gz
OcC0803509C_CKDL230029730-1A_HJLFCCCX2_L3_1.fq.gz Och-CTum_035-Ex1-9C-lcwgs-1-1.1.fq.gz
OcC0803609D_CKDL230029730-1A_HJLFCCCX2_L3_1.fq.gz Och-CTum_036-Ex1-9D-lcwgs-1-1.1.fq.gz
OcC0803709E_CKDL230029730-1A_HJLFCCCX2_L3_1.fq.gz Och-CTum_037-Ex1-9E-lcwgs-1-1.1.fq.gz
OcC0803809F_CKDL230029730-1A_HJLFCCCX2_L3_1.fq.gz Och-CTum_038-Ex1-9F-lcwgs-1-1.1.fq.gz
OcC0803909G_CKDL230029730-1A_HJLFCCCX2_L3_1.fq.gz Och-CTum_039-Ex1-9G-lcwgs-1-1.1.fq.gz
OcC0804009H_CKDL230029730-1A_HJLFCCCX2_L3_1.fq.gz Och-CTum_040-Ex1-9H-lcwgs-1-1.1.fq.gz
OcC0804110A_CKDL230029730-1A_HJLFCCCX2_L3_1.fq.gz Och-CTum_041-Ex1-10A-lcwgs-1-1.1.fq.gz
OcC0804210B_CKDL230029730-1A_HJLFCCCX2_L3_1.fq.gz Och-CTum_042-Ex1-10B-lcwgs-1-1.1.fq.gz
OcC0804310C_CKDL230029730-1A_HJLFCCCX2_L3_1.fq.gz Och-CTum_043-Ex1-10C-lcwgs-1-1.1.fq.gz
OcC0804410D_CKDL230029730-1A_HJLFCCCX2_L3_1.fq.gz Och-CTum_044-Ex1-10D-lcwgs-1-1.1.fq.gz
OcC0804510E_CKDL230029730-1A_HJLFCCCX2_L3_1.fq.gz Och-CTum_045-Ex1-10E-lcwgs-1-1.1.fq.gz
OcC0804710G_CKDL230029730-1A_HJLFCCCX2_L3_1.fq.gz Och-CTum_047-Ex1-10G-lcwgs-1-1.1.fq.gz
OcC0804810H_CKDL230029730-1A_HJLFCCCX2_L3_1.fq.gz Och-CTum_048-Ex1-10H-lcwgs-1-1.1.fq.gz
OcC0804911A_CKDL230029730-1A_HJLFCCCX2_L3_1.fq.gz Och-CTum_049-Ex1-11A-lcwgs-1-1.1.fq.gz
OcC0805011B_CKDL230029730-1A_HJLFCCCX2_L3_1.fq.gz Och-CTum_050-Ex1-11B-lcwgs-1-1.1.fq.gz
OcC0805111C_CKDL230029730-1A_HJLFCCCX2_L3_1.fq.gz Och-CTum_051-Ex1-11C-lcwgs-1-1.1.fq.gz
preview of orig and new R2 file names...
OcA0100101A_CKDL230029730-1A_HJLFCCCX2_L3_2.fq.gz Och-ACat_001-Ex1-1A-lcwgs-2-1.2.fq.gz
OcA0100106D_CKDL230029730-1A_HJLFCCCX2_L3_2.fq.gz Och-ATum_001-Ex1-6D-lcwgs-2-1.2.fq.gz
OcA0100202A_CKDL230029730-1A_HJLFCCCX2_L3_2.fq.gz Och-ACat_002-Ex1-2A-lcwgs-2-1.2.fq.gz
OcA0100207D_CKDL230029730-1A_HJLFCCCX2_L3_2.fq.gz Och-ATum_002-Ex1-7D-lcwgs-2-1.2.fq.gz
OcA0100303A_CKDL230029730-1A_HJLFCCCX2_L3_2.fq.gz Och-ACat_003-Ex1-3A-lcwgs-2-1.2.fq.gz
OcA0100308D_CKDL230029730-1A_HJLFCCCX2_L3_2.fq.gz Och-ATum_003-Ex1-8D-lcwgs-2-1.2.fq.gz
OcA0100404A_CKDL230029730-1A_HJLFCCCX2_L3_2.fq.gz Och-ACat_004-Ex1-4A-lcwgs-2-1.2.fq.gz
OcA0100409D_CKDL230029730-1A_HJLFCCCX2_L3_2.fq.gz Och-ATum_004-Ex1-9D-lcwgs-2-1.2.fq.gz
OcA0100505A_CKDL230029730-1A_HJLFCCCX2_L3_2.fq.gz Och-ACat_005-Ex1-5A-lcwgs-2-1.2.fq.gz
OcA0100510D_CKDL230029730-1A_HJLFCCCX2_L3_2.fq.gz Och-ATum_005-Ex1-10D-lcwgs-2-1.2.fq.gz
OcA0100606A_CKDL230029730-1A_HJLFCCCX2_L3_2.fq.gz Och-ACat_006-Ex1-6A-lcwgs-2-1.2.fq.gz
OcA0100611D_CKDL230029730-1A_HJLFCCCX2_L3_2.fq.gz Och-ATum_006-Ex1-11D-lcwgs-2-1.2.fq.gz
OcA0100704A_CKDL230029730-1A_HJLFCCCX2_L3_2.fq.gz Och-ACat_007-Ex1-4A-lcwgs-1-1.2.fq.gz
OcA0100707A_CKDL230029730-1A_HJLFCCCX2_L3_2.fq.gz Och-ACat_007-Ex1-7A-lcwgs-2-1.2.fq.gz
OcA0100712D_CKDL230029730-1A_HJLFCCCX2_L3_2.fq.gz Och-ATum_007-Ex1-12D-lcwgs-2-1.2.fq.gz
OcA0100801E_CKDL230029730-1A_HJLFCCCX2_L3_2.fq.gz Och-ATum_008-Ex1-1E-lcwgs-2-1.2.fq.gz
OcA0100808A_CKDL230029730-1A_HJLFCCCX2_L3_2.fq.gz Och-ACat_008-Ex1-8A-lcwgs-2-1.2.fq.gz
OcA0100902E_CKDL230029730-1A_HJLFCCCX2_L3_2.fq.gz Och-ATum_009-Ex1-2E-lcwgs-2-1.2.fq.gz
OcA0100904C_CKDL230029730-1A_HJLFCCCX2_L3_2.fq.gz Och-ACat_009-Ex1-4C-lcwgs-1-1.2.fq.gz
OcA0100909A_CKDL230029730-1A_HJLFCCCX2_L3_2.fq.gz Och-ACat_009-Ex1-9A-lcwgs-2-1.2.fq.gz
OcA0101003E_CKDL230029730-1A_HJLFCCCX2_L3_2.fq.gz Och-ATum_010-Ex1-3E-lcwgs-2-1.2.fq.gz
OcA0101010A_CKDL230029730-1A_HJLFCCCX2_L3_2.fq.gz Och-ACat_010-Ex1-10A-lcwgs-2-1.2.fq.gz
OcA0101104E_CKDL230029730-1A_HJLFCCCX2_L3_2.fq.gz Och-ATum_011-Ex1-4E-lcwgs-2-1.2.fq.gz
OcA0101111A_CKDL230029730-1A_HJLFCCCX2_L3_2.fq.gz Och-ACat_011-Ex1-11A-lcwgs-2-1.2.fq.gz
OcA0101205E_CKDL230029730-1A_HJLFCCCX2_L3_2.fq.gz Och-ATum_012-Ex1-5E-lcwgs-2-1.2.fq.gz
OcA0101212A_CKDL230029730-1A_HJLFCCCX2_L3_2.fq.gz Och-ACat_012-Ex1-12A-lcwgs-2-1.2.fq.gz
OcA0101301B_CKDL230029730-1A_HJLFCCCX2_L3_2.fq.gz Och-ACat_013-Ex1-1B-lcwgs-2-1.2.fq.gz
OcA0101306E_CKDL230029730-1A_HJLFCCCX2_L3_2.fq.gz Och-ATum_013-Ex1-6E-lcwgs-2-1.2.fq.gz
OcA0101402B_CKDL230029730-1A_HJLFCCCX2_L3_2.fq.gz Och-ACat_014-Ex1-2B-lcwgs-2-1.2.fq.gz
OcA0101407E_CKDL230029730-1A_HJLFCCCX2_L3_2.fq.gz Och-ATum_014-Ex1-7E-lcwgs-2-1.2.fq.gz
OcA0101503B_CKDL230029730-1A_HJLFCCCX2_L3_2.fq.gz Och-ACat_015-Ex1-3B-lcwgs-2-1.2.fq.gz
OcA0101505A_CKDL230029730-1A_HJLFCCCX2_L3_2.fq.gz Och-ACat_015-Ex1-5A-lcwgs-1-1.2.fq.gz
OcA0101508E_CKDL230029730-1A_HJLFCCCX2_L3_2.fq.gz Och-ATum_015-Ex1-8E-lcwgs-2-1.2.fq.gz
OcA0101604B_CKDL230029730-1A_HJLFCCCX2_L3_2.fq.gz Och-ACat_016-Ex1-4B-lcwgs-2-1.2.fq.gz
OcA0101609E_CKDL230029730-1A_HJLFCCCX2_L3_2.fq.gz Och-ATum_016-Ex1-9E-lcwgs-2-1.2.fq.gz
OcA0101705B_CKDL230029730-1A_HJLFCCCX2_L3_2.fq.gz Och-ACat_017-Ex1-5B-lcwgs-2-1.2.fq.gz
OcA0101710E_CKDL230029730-1A_HJLFCCCX2_L3_2.fq.gz Och-ATum_017-Ex1-10E-lcwgs-2-1.2.fq.gz
OcA0101806B_CKDL230029730-1A_HJLFCCCX2_L3_2.fq.gz Och-ACat_018-Ex1-6B-lcwgs-2-1.2.fq.gz
OcA0101811E_CKDL230029730-1A_HJLFCCCX2_L3_2.fq.gz Och-ATum_018-Ex1-11E-lcwgs-2-1.2.fq.gz
OcA0101907B_CKDL230029730-1A_HJLFCCCX2_L3_2.fq.gz Och-ACat_019-Ex1-7B-lcwgs-2-1.2.fq.gz
OcA0101912E_CKDL230029730-1A_HJLFCCCX2_L3_2.fq.gz Och-ATum_019-Ex1-12E-lcwgs-2-1.2.fq.gz
OcA0102001F_CKDL230029730-1A_HJLFCCCX2_L3_2.fq.gz Och-ATum_020-Ex1-1F-lcwgs-2-1.2.fq.gz
OcA0102008B_CKDL230029730-1A_HJLFCCCX2_L3_2.fq.gz Och-ACat_020-Ex1-8B-lcwgs-2-1.2.fq.gz
OcA0102102F_CKDL230029730-1A_HJLFCCCX2_L3_2.fq.gz Och-ATum_021-Ex1-2F-lcwgs-2-1.2.fq.gz
OcA0102109B_CKDL230029730-1A_HJLFCCCX2_L3_2.fq.gz Och-ACat_021-Ex1-9B-lcwgs-2-1.2.fq.gz
OcA0102203F_CKDL230029730-1A_HJLFCCCX2_L3_2.fq.gz Och-ATum_022-Ex1-3F-lcwgs-2-1.2.fq.gz
OcA0102210B_CKDL230029730-1A_HJLFCCCX2_L3_2.fq.gz Och-ACat_022-Ex1-10B-lcwgs-2-1.2.fq.gz
OcA0102304F_CKDL230029730-1A_HJLFCCCX2_L3_2.fq.gz Och-ATum_023-Ex1-4F-lcwgs-2-1.2.fq.gz
OcA0102311B_CKDL230029730-1A_HJLFCCCX2_L3_2.fq.gz Och-ACat_023-Ex1-11B-lcwgs-2-1.2.fq.gz
OcA0102405F_CKDL230029730-1A_HJLFCCCX2_L3_2.fq.gz Och-ATum_024-Ex1-5F-lcwgs-2-1.2.fq.gz
OcA0102412B_CKDL230029730-1A_HJLFCCCX2_L3_2.fq.gz Och-ACat_024-Ex1-12B-lcwgs-2-1.2.fq.gz
OcA0102501C_CKDL230029730-1A_HJLFCCCX2_L3_2.fq.gz Och-ACat_025-Ex1-1C-lcwgs-2-1.2.fq.gz
OcA0102506F_CKDL230029730-1A_HJLFCCCX2_L3_2.fq.gz Och-ATum_025-Ex1-6F-lcwgs-2-1.2.fq.gz
OcA0102602C_CKDL230029730-1A_HJLFCCCX2_L3_2.fq.gz Och-ACat_026-Ex1-2C-lcwgs-2-1.2.fq.gz
OcA0102607F_CKDL230029730-1A_HJLFCCCX2_L3_2.fq.gz Och-ATum_026-Ex1-7F-lcwgs-2-1.2.fq.gz
OcA0102703C_CKDL230029730-1A_HJLFCCCX2_L3_2.fq.gz Och-ACat_027-Ex1-3C-lcwgs-2-1.2.fq.gz
OcA0102708F_CKDL230029730-1A_HJLFCCCX2_L3_2.fq.gz Och-ATum_027-Ex1-8F-lcwgs-2-1.2.fq.gz
OcA0102804C_CKDL230029730-1A_HJLFCCCX2_L3_2.fq.gz Och-ACat_028-Ex1-4C-lcwgs-2-1.2.fq.gz
OcA0102809F_CKDL230029730-1A_HJLFCCCX2_L3_2.fq.gz Och-ATum_028-Ex1-9F-lcwgs-2-1.2.fq.gz
OcA0102905C_CKDL230029730-1A_HJLFCCCX2_L3_2.fq.gz Och-ACat_029-Ex1-5C-lcwgs-2-1.2.fq.gz
OcA0102910F_CKDL230029730-1A_HJLFCCCX2_L3_2.fq.gz Och-ATum_029-Ex1-10F-lcwgs-2-1.2.fq.gz
OcA0103006C_CKDL230029730-1A_HJLFCCCX2_L3_2.fq.gz Och-ACat_030-Ex1-6C-lcwgs-2-1.2.fq.gz
OcA0103011F_CKDL230029730-1A_HJLFCCCX2_L3_2.fq.gz Och-ATum_030-Ex1-11F-lcwgs-2-1.2.fq.gz
OcA0103107C_CKDL230029730-1A_HJLFCCCX2_L3_2.fq.gz Och-ACat_031-Ex1-7C-lcwgs-2-1.2.fq.gz
OcA0103112F_CKDL230029730-1A_HJLFCCCX2_L3_2.fq.gz Och-ATum_031-Ex1-12F-lcwgs-2-1.2.fq.gz
OcA0103201G_CKDL230029730-1A_HJLFCCCX2_L3_2.fq.gz Och-ATum_032-Ex1-1G-lcwgs-2-1.2.fq.gz
OcA0103207B_CKDL230029730-1A_HJLFCCCX2_L3_2.fq.gz Och-ACat_032-Ex1-7B-lcwgs-1-1.2.fq.gz
OcA0103208C_CKDL230029730-1A_HJLFCCCX2_L3_2.fq.gz Och-ACat_032-Ex1-8C-lcwgs-2-1.2.fq.gz
OcA0103302G_CKDL230029730-1A_HJLFCCCX2_L3_2.fq.gz Och-ATum_033-Ex1-2G-lcwgs-2-1.2.fq.gz
OcA0103309C_CKDL230029730-1A_HJLFCCCX2_L3_2.fq.gz Och-ACat_033-Ex1-9C-lcwgs-2-1.2.fq.gz
OcA0103312D_CKDL230029730-1A_HJLFCCCX2_L3_2.fq.gz Och-ATum_033-Ex1-12D-lcwgs-1-1.2.fq.gz
OcA0103403G_CKDL230029730-1A_HJLFCCCX2_L3_2.fq.gz Och-ATum_034-Ex1-3G-lcwgs-2-1.2.fq.gz
OcA0103410C_CKDL230029730-1A_HJLFCCCX2_L3_2.fq.gz Och-ACat_034-Ex1-10C-lcwgs-2-1.2.fq.gz
OcA0103504G_CKDL230029730-1A_HJLFCCCX2_L3_2.fq.gz Och-ATum_035-Ex1-4G-lcwgs-2-1.2.fq.gz
OcA0103511C_CKDL230029730-1A_HJLFCCCX2_L3_2.fq.gz Och-ACat_035-Ex1-11C-lcwgs-2-1.2.fq.gz
OcA0103605G_CKDL230029730-1A_HJLFCCCX2_L3_2.fq.gz Och-ATum_036-Ex1-5G-lcwgs-2-1.2.fq.gz
OcA0103612C_CKDL230029730-1A_HJLFCCCX2_L3_2.fq.gz Och-ACat_036-Ex1-12C-lcwgs-2-1.2.fq.gz
OcA0103701D_CKDL230029730-1A_HJLFCCCX2_L3_2.fq.gz Och-ACat_037-Ex1-1D-lcwgs-2-1.2.fq.gz
OcA0103802D_CKDL230029730-1A_HJLFCCCX2_L3_2.fq.gz Och-ACat_038-Ex1-2D-lcwgs-2-1.2.fq.gz
OcA0103903D_CKDL230029730-1A_HJLFCCCX2_L3_2.fq.gz Och-ACat_039-Ex1-3D-lcwgs-2-1.2.fq.gz
OcA0103908A_CKDL230029730-1A_HJLFCCCX2_L3_2.fq.gz Och-ACat_039-Ex1-8A-lcwgs-1-1.2.fq.gz
OcA0104004D_CKDL230029730-1A_HJLFCCCX2_L3_2.fq.gz Och-ACat_040-Ex1-4D-lcwgs-2-1.2.fq.gz
OcA0104105D_CKDL230029730-1A_HJLFCCCX2_L3_2.fq.gz Och-ACat_041-Ex1-5D-lcwgs-2-1.2.fq.gz
OcC0200101A_CKDL230029730-1A_HJLFCCCX2_L3_2.fq.gz Och-CCat_001-Ex1-1A-lcwgs-1-1.2.fq.gz
OcC0200201B_CKDL230029730-1A_HJLFCCCX2_L3_2.fq.gz Och-CCat_002-Ex1-1B-lcwgs-1-1.2.fq.gz
OcC0200301C_CKDL230029730-1A_HJLFCCCX2_L3_2.fq.gz Och-CCat_003-Ex1-1C-lcwgs-1-1.2.fq.gz
OcC0200401D_CKDL230029730-1A_HJLFCCCX2_L3_2.fq.gz Och-CCat_004-Ex1-1D-lcwgs-1-1.2.fq.gz
OcC0200501E_CKDL230029730-1A_HJLFCCCX2_L3_2.fq.gz Och-CCat_005-Ex1-1E-lcwgs-1-1.2.fq.gz
OcC0200601F_CKDL230029730-1A_HJLFCCCX2_L3_2.fq.gz Och-CCat_006-Ex1-1F-lcwgs-1-1.2.fq.gz
OcC0200701G_CKDL230029730-1A_HJLFCCCX2_L3_2.fq.gz Och-CCat_007-Ex1-1G-lcwgs-1-1.2.fq.gz
OcC0200801H_CKDL230029730-1A_HJLFCCCX2_L3_2.fq.gz Och-CCat_008-Ex1-1H-lcwgs-1-1.2.fq.gz
OcC0200902A_CKDL230029730-1A_HJLFCCCX2_L3_2.fq.gz Och-CCat_009-Ex1-2A-lcwgs-1-1.2.fq.gz
OcC0201002B_CKDL230029730-1A_HJLFCCCX2_L3_2.fq.gz Och-CCat_010-Ex1-2B-lcwgs-1-1.2.fq.gz
OcC0201102C_CKDL230029730-1A_HJLFCCCX2_L3_2.fq.gz Och-CCat_011-Ex1-2C-lcwgs-1-1.2.fq.gz
OcC0201202D_CKDL230029730-1A_HJLFCCCX2_L3_2.fq.gz Och-CCat_012-Ex1-2D-lcwgs-1-1.2.fq.gz
OcC0201302E_CKDL230029730-1A_HJLFCCCX2_L3_2.fq.gz Och-CCat_013-Ex1-2E-lcwgs-1-1.2.fq.gz
OcC0201402F_CKDL230029730-1A_HJLFCCCX2_L3_2.fq.gz Och-CCat_014-Ex1-2F-lcwgs-1-1.2.fq.gz
OcC0201502G_CKDL230029730-1A_HJLFCCCX2_L3_2.fq.gz Och-CCat_015-Ex1-2G-lcwgs-1-1.2.fq.gz
OcC0201602H_CKDL230029730-1A_HJLFCCCX2_L3_2.fq.gz Och-CCat_016-Ex1-2H-lcwgs-1-1.2.fq.gz
OcC0201703A_CKDL230029730-1A_HJLFCCCX2_L3_2.fq.gz Och-CCat_017-Ex1-3A-lcwgs-1-1.2.fq.gz
OcC0201803B_CKDL230029730-1A_HJLFCCCX2_L3_2.fq.gz Och-CCat_018-Ex1-3B-lcwgs-1-1.2.fq.gz
OcC0201903C_CKDL230029730-1A_HJLFCCCX2_L3_2.fq.gz Och-CCat_019-Ex1-3C-lcwgs-1-1.2.fq.gz
OcC0202003D_CKDL230029730-1A_HJLFCCCX2_L3_2.fq.gz Och-CCat_020-Ex1-3D-lcwgs-1-1.2.fq.gz
OcC0202103E_CKDL230029730-1A_HJLFCCCX2_L3_2.fq.gz Och-CCat_021-Ex1-3E-lcwgs-1-1.2.fq.gz
OcC0202203F_CKDL230029730-1A_HJLFCCCX2_L3_2.fq.gz Och-CCat_022-Ex1-3F-lcwgs-1-1.2.fq.gz
OcC0202304E_CKDL230029730-1A_HJLFCCCX2_L3_2.fq.gz Och-CCat_023-Ex1-4E-lcwgs-1-1.2.fq.gz
OcC0202405G_CKDL230029730-1A_HJLFCCCX2_L3_2.fq.gz Och-CCat_024-Ex1-5G-lcwgs-1-1.2.fq.gz
OcC0202504A_CKDL230029730-1A_HJLFCCCX2_L3_2.fq.gz Och-CCat_025-Ex1-4A-lcwgs-1-1.2.fq.gz
OcC0202805C_CKDL230029730-1A_HJLFCCCX2_L3_2.fq.gz Och-CCat_028-Ex1-5C-lcwgs-1-1.2.fq.gz
OcC0202903H_CKDL230029730-1A_HJLFCCCX2_L3_2.fq.gz Och-CCat_029-Ex1-3H-lcwgs-1-1.2.fq.gz
OcC0203103G_CKDL230029730-1A_HJLFCCCX2_L3_2.fq.gz Och-CCat_031-Ex1-3G-lcwgs-1-1.2.fq.gz
OcC0203506A_CKDL230029730-1A_HJLFCCCX2_L3_2.fq.gz Och-CCat_035-Ex1-6A-lcwgs-1-1.2.fq.gz
OcC0203605D_CKDL230029730-1A_HJLFCCCX2_L3_2.fq.gz Och-CCat_036-Ex1-5D-lcwgs-1-1.2.fq.gz
OcC0203704B_CKDL230029730-1A_HJLFCCCX2_L3_2.fq.gz Och-CCat_037-Ex1-4B-lcwgs-1-1.2.fq.gz
OcC0203804C_CKDL230029730-1A_HJLFCCCX2_L3_2.fq.gz Och-CCat_038-Ex1-4C-lcwgs-1-1.2.fq.gz
OcC0204704H_CKDL230029730-1A_HJLFCCCX2_L3_2.fq.gz Och-CCat_047-Ex1-4H-lcwgs-1-1.2.fq.gz
OcC0205108B_CKDL230029730-1A_HJLFCCCX2_L3_2.fq.gz Och-CCat_051-Ex1-8B-lcwgs-1-1.2.fq.gz
OcC0205908C_CKDL230029730-1A_HJLFCCCX2_L3_2.fq.gz Och-CCat_059-Ex1-8C-lcwgs-1-1.2.fq.gz
OcC0206305E_CKDL230029730-1A_HJLFCCCX2_L3_2.fq.gz Och-CCat_063-Ex1-5E-lcwgs-1-1.2.fq.gz
OcC0206504F_CKDL230029730-1A_HJLFCCCX2_L3_2.fq.gz Och-CCat_065-Ex1-4F-lcwgs-1-1.2.fq.gz
OcC0206607A_CKDL230029730-1A_HJLFCCCX2_L3_2.fq.gz Och-CCat_066-Ex1-7A-lcwgs-1-1.2.fq.gz
OcC0206804G_CKDL230029730-1A_HJLFCCCX2_L3_2.fq.gz Och-CCat_068-Ex1-4G-lcwgs-1-1.2.fq.gz
OcC0206905F_CKDL230029730-1A_HJLFCCCX2_L3_2.fq.gz Och-CCat_069-Ex1-5F-lcwgs-1-1.2.fq.gz
OcC0207007F_CKDL230029730-1A_HJLFCCCX2_L3_2.fq.gz Och-CCat_070-Ex1-7F-lcwgs-1-1.2.fq.gz
OcC0207108H_CKDL230029730-1A_HJLFCCCX2_L3_2.fq.gz Och-CCat_071-Ex1-8H-lcwgs-1-1.2.fq.gz
OcC0207207E_CKDL230029730-1A_HJLFCCCX2_L3_2.fq.gz Och-CCat_072-Ex1-7E-lcwgs-1-1.2.fq.gz
OcC0207406E_CKDL230029730-1A_HJLFCCCX2_L3_2.fq.gz Och-CCat_074-Ex1-6E-lcwgs-1-1.2.fq.gz
OcC0207505B_CKDL230029730-1A_HJLFCCCX2_L3_2.fq.gz Och-CCat_075-Ex1-5B-lcwgs-1-1.2.fq.gz
OcC0207605H_CKDL230029730-1A_HJLFCCCX2_L3_2.fq.gz Och-CCat_076-Ex1-5H-lcwgs-1-1.2.fq.gz
OcC0207705A_CKDL230029730-1A_HJLFCCCX2_L3_2.fq.gz Och-CCat_077-Ex1-5A-lcwgs-1-1.2.fq.gz
OcC0207908A_CKDL230029730-1A_HJLFCCCX2_L3_2.fq.gz Och-CCat_079-Ex1-8A-lcwgs-1-1.2.fq.gz
OcC0208007C_CKDL230029730-1A_HJLFCCCX2_L3_2.fq.gz Och-CCat_080-Ex1-7C-lcwgs-1-1.2.fq.gz
OcC0208108D_CKDL230029730-1A_HJLFCCCX2_L3_2.fq.gz Och-CCat_081-Ex1-8D-lcwgs-1-1.2.fq.gz
OcC0208206H_CKDL230029730-1A_HJLFCCCX2_L3_2.fq.gz Och-CCat_082-Ex1-6H-lcwgs-1-1.2.fq.gz
OcC0208306F_CKDL230029730-1A_HJLFCCCX2_L3_2.fq.gz Och-CCat_083-Ex1-6F-lcwgs-1-1.2.fq.gz
OcC0208407D_CKDL230029730-1A_HJLFCCCX2_L3_2.fq.gz Och-CCat_084-Ex1-7D-lcwgs-1-1.2.fq.gz
OcC0208506G_CKDL230029730-1A_HJLFCCCX2_L3_2.fq.gz Och-CCat_085-Ex1-6G-lcwgs-1-1.2.fq.gz
OcC0208608E_CKDL230029730-1A_HJLFCCCX2_L3_2.fq.gz Och-CCat_086-Ex1-8E-lcwgs-1-1.2.fq.gz
OcC0208706C_CKDL230029730-1A_HJLFCCCX2_L3_2.fq.gz Och-CCat_087-Ex1-6C-lcwgs-1-1.2.fq.gz
OcC0208807H_CKDL230029730-1A_HJLFCCCX2_L3_2.fq.gz Och-CCat_088-Ex1-7H-lcwgs-1-1.2.fq.gz
OcC0209008G_CKDL230029730-1A_HJLFCCCX2_L3_2.fq.gz Och-CCat_090-Ex1-8G-lcwgs-1-1.2.fq.gz
OcC0209107G_CKDL230029730-1A_HJLFCCCX2_L3_2.fq.gz Och-CCat_091-Ex1-7G-lcwgs-1-1.2.fq.gz
OcC0209208F_CKDL230029730-1A_HJLFCCCX2_L3_2.fq.gz Och-CCat_092-Ex1-8F-lcwgs-1-1.2.fq.gz
OcC0209404D_CKDL230029730-1A_HJLFCCCX2_L3_2.fq.gz Och-CCat_094-Ex1-4D-lcwgs-1-1.2.fq.gz
OcC0209507B_CKDL230029730-1A_HJLFCCCX2_L3_2.fq.gz Och-CCat_095-Ex1-7B-lcwgs-1-1.2.fq.gz
OcC0209606B_CKDL230029730-1A_HJLFCCCX2_L3_2.fq.gz Och-CCat_096-Ex1-6B-lcwgs-1-1.2.fq.gz
OcC0800105A_CKDL230029730-1A_HJLFCCCX2_L3_2.fq.gz Och-CTum_001-Ex1-5A-lcwgs-1-1.2.fq.gz
OcC0800205B_CKDL230029730-1A_HJLFCCCX2_L3_2.fq.gz Och-CTum_002-Ex1-5B-lcwgs-1-1.2.fq.gz
OcC0800305C_CKDL230029730-1A_HJLFCCCX2_L3_2.fq.gz Och-CTum_003-Ex1-5C-lcwgs-1-1.2.fq.gz
OcC0800405D_CKDL230029730-1A_HJLFCCCX2_L3_2.fq.gz Och-CTum_004-Ex1-5D-lcwgs-1-1.2.fq.gz
OcC0800505E_CKDL230029730-1A_HJLFCCCX2_L3_2.fq.gz Och-CTum_005-Ex1-5E-lcwgs-1-1.2.fq.gz
OcC0800605F_CKDL230029730-1A_HJLFCCCX2_L3_2.fq.gz Och-CTum_006-Ex1-5F-lcwgs-1-1.2.fq.gz
OcC0800705G_CKDL230029730-1A_HJLFCCCX2_L3_2.fq.gz Och-CTum_007-Ex1-5G-lcwgs-1-1.2.fq.gz
OcC0800805H_CKDL230029730-1A_HJLFCCCX2_L3_2.fq.gz Och-CTum_008-Ex1-5H-lcwgs-1-1.2.fq.gz
OcC0800906A_CKDL230029730-1A_HJLFCCCX2_L3_2.fq.gz Och-CTum_009-Ex1-6A-lcwgs-1-1.2.fq.gz
OcC0801006B_CKDL230029730-1A_HJLFCCCX2_L3_2.fq.gz Och-CTum_010-Ex1-6B-lcwgs-1-1.2.fq.gz
OcC0801106C_CKDL230029730-1A_HJLFCCCX2_L3_2.fq.gz Och-CTum_011-Ex1-6C-lcwgs-1-1.2.fq.gz
OcC0801206D_CKDL230029730-1A_HJLFCCCX2_L3_2.fq.gz Och-CTum_012-Ex1-6D-lcwgs-1-1.2.fq.gz
OcC0801306E_CKDL230029730-1A_HJLFCCCX2_L3_2.fq.gz Och-CTum_013-Ex1-6E-lcwgs-1-1.2.fq.gz
OcC0801406F_CKDL230029730-1A_HJLFCCCX2_L3_2.fq.gz Och-CTum_014-Ex1-6F-lcwgs-1-1.2.fq.gz
OcC0801506G_CKDL230029730-1A_HJLFCCCX2_L3_2.fq.gz Och-CTum_015-Ex1-6G-lcwgs-1-1.2.fq.gz
OcC0801606H_CKDL230029730-1A_HJLFCCCX2_L3_2.fq.gz Och-CTum_016-Ex1-6H-lcwgs-1-1.2.fq.gz
OcC0801707A_CKDL230029730-1A_HJLFCCCX2_L3_2.fq.gz Och-CTum_017-Ex1-7A-lcwgs-1-1.2.fq.gz
OcC0801807B_CKDL230029730-1A_HJLFCCCX2_L3_2.fq.gz Och-CTum_018-Ex1-7B-lcwgs-1-1.2.fq.gz
OcC0801907C_CKDL230029730-1A_HJLFCCCX2_L3_2.fq.gz Och-CTum_019-Ex1-7C-lcwgs-1-1.2.fq.gz
OcC0802007D_CKDL230029730-1A_HJLFCCCX2_L3_2.fq.gz Och-CTum_020-Ex1-7D-lcwgs-1-1.2.fq.gz
OcC0802107E_CKDL230029730-1A_HJLFCCCX2_L3_2.fq.gz Och-CTum_021-Ex1-7E-lcwgs-1-1.2.fq.gz
OcC0802207F_CKDL230029730-1A_HJLFCCCX2_L3_2.fq.gz Och-CTum_022-Ex1-7F-lcwgs-1-1.2.fq.gz
OcC0802307G_CKDL230029730-1A_HJLFCCCX2_L3_2.fq.gz Och-CTum_023-Ex1-7G-lcwgs-1-1.2.fq.gz
OcC0802407H_CKDL230029730-1A_HJLFCCCX2_L3_2.fq.gz Och-CTum_024-Ex1-7H-lcwgs-1-1.2.fq.gz
OcC0802508A_CKDL230029730-1A_HJLFCCCX2_L3_2.fq.gz Och-CTum_025-Ex1-8A-lcwgs-1-1.2.fq.gz
OcC0802608B_CKDL230029730-1A_HJLFCCCX2_L3_2.fq.gz Och-CTum_026-Ex1-8B-lcwgs-1-1.2.fq.gz
OcC0802708C_CKDL230029730-1A_HJLFCCCX2_L3_2.fq.gz Och-CTum_027-Ex1-8C-lcwgs-1-1.2.fq.gz
OcC0802808D_CKDL230029730-1A_HJLFCCCX2_L3_2.fq.gz Och-CTum_028-Ex1-8D-lcwgs-1-1.2.fq.gz
OcC0802908E_CKDL230029730-1A_HJLFCCCX2_L3_2.fq.gz Och-CTum_029-Ex1-8E-lcwgs-1-1.2.fq.gz
OcC0803008F_CKDL230029730-1A_HJLFCCCX2_L3_2.fq.gz Och-CTum_030-Ex1-8F-lcwgs-1-1.2.fq.gz
OcC0803108G_CKDL230029730-1A_HJLFCCCX2_L3_2.fq.gz Och-CTum_031-Ex1-8G-lcwgs-1-1.2.fq.gz
OcC0803208H_CKDL230029730-1A_HJLFCCCX2_L3_2.fq.gz Och-CTum_032-Ex1-8H-lcwgs-1-1.2.fq.gz
OcC0803309A_CKDL230029730-1A_HJLFCCCX2_L3_2.fq.gz Och-CTum_033-Ex1-9A-lcwgs-1-1.2.fq.gz
OcC0803409B_CKDL230029730-1A_HJLFCCCX2_L3_2.fq.gz Och-CTum_034-Ex1-9B-lcwgs-1-1.2.fq.gz
OcC0803509C_CKDL230029730-1A_HJLFCCCX2_L3_2.fq.gz Och-CTum_035-Ex1-9C-lcwgs-1-1.2.fq.gz
OcC0803609D_CKDL230029730-1A_HJLFCCCX2_L3_2.fq.gz Och-CTum_036-Ex1-9D-lcwgs-1-1.2.fq.gz
OcC0803709E_CKDL230029730-1A_HJLFCCCX2_L3_2.fq.gz Och-CTum_037-Ex1-9E-lcwgs-1-1.2.fq.gz
OcC0803809F_CKDL230029730-1A_HJLFCCCX2_L3_2.fq.gz Och-CTum_038-Ex1-9F-lcwgs-1-1.2.fq.gz
OcC0803909G_CKDL230029730-1A_HJLFCCCX2_L3_2.fq.gz Och-CTum_039-Ex1-9G-lcwgs-1-1.2.fq.gz
OcC0804009H_CKDL230029730-1A_HJLFCCCX2_L3_2.fq.gz Och-CTum_040-Ex1-9H-lcwgs-1-1.2.fq.gz
OcC0804110A_CKDL230029730-1A_HJLFCCCX2_L3_2.fq.gz Och-CTum_041-Ex1-10A-lcwgs-1-1.2.fq.gz
OcC0804210B_CKDL230029730-1A_HJLFCCCX2_L3_2.fq.gz Och-CTum_042-Ex1-10B-lcwgs-1-1.2.fq.gz
OcC0804310C_CKDL230029730-1A_HJLFCCCX2_L3_2.fq.gz Och-CTum_043-Ex1-10C-lcwgs-1-1.2.fq.gz
OcC0804410D_CKDL230029730-1A_HJLFCCCX2_L3_2.fq.gz Och-CTum_044-Ex1-10D-lcwgs-1-1.2.fq.gz
OcC0804510E_CKDL230029730-1A_HJLFCCCX2_L3_2.fq.gz Och-CTum_045-Ex1-10E-lcwgs-1-1.2.fq.gz
OcC0804710G_CKDL230029730-1A_HJLFCCCX2_L3_2.fq.gz Och-CTum_047-Ex1-10G-lcwgs-1-1.2.fq.gz
OcC0804810H_CKDL230029730-1A_HJLFCCCX2_L3_2.fq.gz Och-CTum_048-Ex1-10H-lcwgs-1-1.2.fq.gz
OcC0804911A_CKDL230029730-1A_HJLFCCCX2_L3_2.fq.gz Och-CTum_049-Ex1-11A-lcwgs-1-1.2.fq.gz
OcC0805011B_CKDL230029730-1A_HJLFCCCX2_L3_2.fq.gz Och-CTum_050-Ex1-11B-lcwgs-1-1.2.fq.gz
OcC0805111C_CKDL230029730-1A_HJLFCCCX2_L3_2.fq.gz Och-CTum_051-Ex1-11C-lcwgs-1-1.2.fq.gz
