[2024-02-12 13:57:20,397] multiqc                                            [DEBUG  ]  This is MultiQC v1.13
[2024-02-12 13:57:20,400] multiqc                                            [DEBUG  ]  Found command line config: {'max_table_rows': 3000}
[2024-02-12 13:57:20,401] multiqc                                            [DEBUG  ]  New config: {'max_table_rows': 3000}
[2024-02-12 13:57:20,401] multiqc                                            [DEBUG  ]  Command used: /opt/conda/bin/multiqc -v -p -ip -f --data-dir --data-format tsv --cl-config max_table_rows: 3000 --filename fastq_screen_report --outdir fq_fp1_clmp_fp2_fqscrn fq_fp1_clmp_fp2_fqscrn
[2024-02-12 13:57:21,339] multiqc                                            [DEBUG  ]  Could not connect to multiqc.info for version check: HTTP Error 502: Bad Gateway
[2024-02-12 13:57:21,340] multiqc                                            [DEBUG  ]  Working dir : /home/l1weeks/pire_lcwgs_data_processing/spratelloides_gracilis/1st_sequencing_run
[2024-02-12 13:57:21,341] multiqc                                            [DEBUG  ]  Template    : default
[2024-02-12 13:57:21,341] multiqc                                            [DEBUG  ]  Running Python 3.9.12 (main, Aug 29 2022, 00:54:58)  [GCC 11.2.0]
[2024-02-12 13:57:21,342] multiqc                                            [DEBUG  ]  Analysing modules: custom_content, ccs, ngsderive, purple, conpair, lima, peddy, somalier, methylQA, mosdepth, phantompeakqualtools, qualimap, preseq, quast, qorts, rna_seqc, rockhopper, rsem, rseqc, busco, bustools, goleft_indexcov, gffcompare, disambiguate, supernova, deeptools, sargasso, verifybamid, mirtrace, happy, mirtop, sambamba, homer, hops, macs2, theta2, snpeff, gatk, htseq, bcftools, featureCounts, fgbio, dragen, dedup, pbmarkdup, damageprofiler, biobambam2, jcvi, mtnucratio, picard, vep, sentieon, prokka, qc3C, nanostat, samblaster, samtools, sexdeterrmine, eigenstratdatabasetools, bamtools, jellyfish, vcftools, longranger, stacks, varscan2, snippy, bbmap, bismark, biscuit, hicexplorer, hicup, hicpro, salmon, kallisto, slamdunk, star, hisat2, tophat, bowtie2, bowtie1, snpsplit, odgi, pangolin, kat, leehom, adapterRemoval, clipandmerge, cutadapt, flexbar, kaiju, kraken, malt, trimmomatic, sickle, skewer, sortmerna, biobloomtools, fastq_screen, afterqc, fastp, fastqc, pychopper, pycoqc, minionqc, multivcfanalyzer, clusterflow, checkqc, bcl2fastq, bclconvert, interop, ivar, flash, seqyclean, optitype, whatshap
[2024-02-12 13:57:21,342] multiqc                                            [DEBUG  ]  Using temporary directory for creating report: /tmp/tmp658aysj1
[2024-02-12 13:57:21,544] multiqc                                            [INFO   ]  Search path : /home/l1weeks/pire_lcwgs_data_processing/spratelloides_gracilis/1st_sequencing_run/fq_fp1_clmp_fp2_fqscrn
[2024-02-12 14:05:38,552] multiqc                                            [DEBUG  ]  Summary of files that were skipped by the search: [skipped_module_specific_max_filesize: 10354] // [skipped_no_match: 3186] // [skipped_ignore_pattern: 1592]
[2024-02-12 14:05:40,552] multiqc.plots.bargraph                             [DEBUG  ]  Using matplotlib version 3.1.2
[2024-02-12 14:05:40,555] multiqc.plots.linegraph                            [DEBUG  ]  Using matplotlib version 3.1.2
[2024-02-12 14:05:40,557] multiqc                                            [DEBUG  ]  No samples found: custom_content
[2024-02-12 14:05:40,576] multiqc.modules.bowtie2.bowtie2                    [INFO   ]  Found 13 reports
[2024-02-12 14:05:44,793] multiqc.modules.fastq_screen.fastq_screen          [INFO   ]  Found 796 reports
[2024-02-12 14:07:19,224] multiqc                                            [INFO   ]  Compressing plot data
[2024-02-12 14:07:19,437] multiqc                                            [INFO   ]  Report      : fq_fp1_clmp_fp2_fqscrn/fastq_screen_report.html
[2024-02-12 14:07:19,437] multiqc                                            [INFO   ]  Data        : fq_fp1_clmp_fp2_fqscrn/fastq_screen_report_data
[2024-02-12 14:07:19,437] multiqc                                            [DEBUG  ]  Moving data file from '/tmp/tmp658aysj1/multiqc_data' to 'fq_fp1_clmp_fp2_fqscrn/fastq_screen_report_data'
[2024-02-12 14:07:19,495] multiqc                                            [INFO   ]  Plots       : fq_fp1_clmp_fp2_fqscrn/fastq_screen_report_plots
[2024-02-12 14:07:19,496] multiqc                                            [DEBUG  ]  Moving plots directory from '/tmp/tmp658aysj1/multiqc_plots' to 'fq_fp1_clmp_fp2_fqscrn/fastq_screen_report_plots'
[2024-02-12 14:07:19,832] multiqc                                            [INFO   ]  MultiQC complete
