[2023-10-02 09:58:42,654] multiqc                                            [DEBUG  ]  This is MultiQC v1.13
[2023-10-02 09:58:42,657] multiqc                                            [DEBUG  ]  Found command line config: {'max_table_rows': 3000}
[2023-10-02 09:58:42,657] multiqc                                            [DEBUG  ]  New config: {'max_table_rows': 3000}
[2023-10-02 09:58:42,657] multiqc                                            [DEBUG  ]  Command used: /opt/conda/bin/multiqc -v -p -ip -f --data-dir --data-format tsv --cl-config max_table_rows: 3000 --filename 2nd_fastp_report --outdir fq_fp1_clmp_fp2 fq_fp1_clmp_fp2
[2023-10-02 09:58:43,472] multiqc                                            [WARNING]  MultiQC Version v1.16 now available!
[2023-10-02 09:58:43,472] multiqc                                            [DEBUG  ]  Working dir : /home/e1garcia/shotgun_PIRE/pire_lcwgs_data_processing/corythoichthys_haematopterus/1st_sequencing_run
[2023-10-02 09:58:43,472] multiqc                                            [DEBUG  ]  Template    : default
[2023-10-02 09:58:43,472] multiqc                                            [DEBUG  ]  Running Python 3.9.12 (main, Aug 29 2022, 00:54:58)  [GCC 11.2.0]
[2023-10-02 09:58:43,473] multiqc                                            [DEBUG  ]  Analysing modules: custom_content, ccs, ngsderive, purple, conpair, lima, peddy, somalier, methylQA, mosdepth, phantompeakqualtools, qualimap, preseq, quast, qorts, rna_seqc, rockhopper, rsem, rseqc, busco, bustools, goleft_indexcov, gffcompare, disambiguate, supernova, deeptools, sargasso, verifybamid, mirtrace, happy, mirtop, sambamba, homer, hops, macs2, theta2, snpeff, gatk, htseq, bcftools, featureCounts, fgbio, dragen, dedup, pbmarkdup, damageprofiler, biobambam2, jcvi, mtnucratio, picard, vep, sentieon, prokka, qc3C, nanostat, samblaster, samtools, sexdeterrmine, eigenstratdatabasetools, bamtools, jellyfish, vcftools, longranger, stacks, varscan2, snippy, bbmap, bismark, biscuit, hicexplorer, hicup, hicpro, salmon, kallisto, slamdunk, star, hisat2, tophat, bowtie2, bowtie1, snpsplit, odgi, pangolin, kat, leehom, adapterRemoval, clipandmerge, cutadapt, flexbar, kaiju, kraken, malt, trimmomatic, sickle, skewer, sortmerna, biobloomtools, fastq_screen, afterqc, fastp, fastqc, pychopper, pycoqc, minionqc, multivcfanalyzer, clusterflow, checkqc, bcl2fastq, bclconvert, interop, ivar, flash, seqyclean, optitype, whatshap
[2023-10-02 09:58:43,474] multiqc                                            [DEBUG  ]  Using temporary directory for creating report: /tmp/tmpq_g6glfo
[2023-10-02 09:58:43,676] multiqc                                            [INFO   ]  Search path : /home/e1garcia/shotgun_PIRE/pire_lcwgs_data_processing/corythoichthys_haematopterus/1st_sequencing_run/fq_fp1_clmp_fp2
[2023-10-02 09:59:01,619] multiqc                                            [DEBUG  ]  Summary of files that were skipped by the search: [skipped_module_specific_max_filesize: 624] // [skipped_no_match: 520] // [skipped_ignore_pattern: 416]
[2023-10-02 09:59:02,727] multiqc.plots.bargraph                             [DEBUG  ]  Using matplotlib version 3.1.2
[2023-10-02 09:59:02,729] multiqc.plots.linegraph                            [DEBUG  ]  Using matplotlib version 3.1.2
[2023-10-02 09:59:02,731] multiqc                                            [DEBUG  ]  No samples found: custom_content
[2023-10-02 09:59:03,271] multiqc.modules.fastp.fastp                        [INFO   ]  Found 104 reports
[2023-10-02 09:59:47,176] multiqc                                            [INFO   ]  Compressing plot data
[2023-10-02 09:59:55,179] multiqc                                            [INFO   ]  Report      : fq_fp1_clmp_fp2/2nd_fastp_report.html
[2023-10-02 09:59:55,179] multiqc                                            [INFO   ]  Data        : fq_fp1_clmp_fp2/2nd_fastp_report_data
[2023-10-02 09:59:55,179] multiqc                                            [DEBUG  ]  Moving data file from '/tmp/tmpq_g6glfo/multiqc_data' to 'fq_fp1_clmp_fp2/2nd_fastp_report_data'
[2023-10-02 09:59:56,182] multiqc                                            [INFO   ]  Plots       : fq_fp1_clmp_fp2/2nd_fastp_report_plots
[2023-10-02 09:59:56,182] multiqc                                            [DEBUG  ]  Moving plots directory from '/tmp/tmpq_g6glfo/multiqc_plots' to 'fq_fp1_clmp_fp2/2nd_fastp_report_plots'
[2023-10-02 09:59:56,724] multiqc                                            [INFO   ]  MultiQC complete
