parallel: Warning: A record was longer than 1048576. Increasing to --blocksize 1363150.
parallel: Warning: A record was longer than 1363150. Increasing to --blocksize 1772096.
parallel: Warning: A record was longer than 1772096. Increasing to --blocksize 2303726.
parallel: Warning: A record was longer than 2303726. Increasing to --blocksize 2994845.
parallel: Warning: A record was longer than 2994845. Increasing to --blocksize 3893300.
parallel: Warning: A record was longer than 3893300. Increasing to --blocksize 5061291.
parallel: Warning: A record was longer than 5061291. Increasing to --blocksize 6579680.
parallel: Warning: A record was longer than 6579680. Increasing to --blocksize 8553585.
parallel: Warning: A record was longer than 8553585. Increasing to --blocksize 11119662.
parallel: Warning: A record was longer than 11119662. Increasing to --blocksize 14455562.
parallel: Warning: A record was longer than 14455562. Increasing to --blocksize 18792232.
parallel: Warning: A record was longer than 18792232. Increasing to --blocksize 24429903.
parallel: Warning: A record was longer than 24429903. Increasing to --blocksize 31758875.
parallel: Warning: A record was longer than 31758875. Increasing to --blocksize 41286539.
parallel: Warning: A record was longer than 41286539. Increasing to --blocksize 53672502.
parallel: Warning: A record was longer than 53672502. Increasing to --blocksize 69774254.
parallel: Warning: A record was longer than 69774254. Increasing to --blocksize 90706532.
parallel: Warning: A record was longer than 90706532. Increasing to --blocksize 117918493.
parallel: Warning: A record was longer than 117918493. Increasing to --blocksize 153294042.
parallel: Warning: A record was longer than 153294042. Increasing to --blocksize 199282256.
parallel: Warning: A record was longer than 199282256. Increasing to --blocksize 259066934.
grep: mkBGL/test03.minIndPerPop.sites.txt:7471810: Memory exhausted
grep: memory exhausted
grep: mkBGL/test03.minIndPerPop.sites.txt:7004416: Memory exhausted
grep: memory exhausted
grep: mkBGL/test03.minIndPerPop.sites.txt:6488247: Memory exhausted
grep: memory exhausted
grep: mkBGL/test03.minIndPerPop.sites.txt:6334768: Memory exhausted
grep: memory exhausted
grep: mkBGL/test03.minIndPerPop.sites.txt:6013146: Memory exhausted
grep: memory exhausted
grep: memory exhausted
grep: memory exhausted
grep: mkBGL/test03.minIndPerPop.sites.txt:1443752: Memory exhausted
grep: mkBGL/test03.minIndPerPop.sites.txt:1444063: Memory exhausted
grep: memory exhausted
grep: mkBGL/test03.minIndPerPop.sites.txt:3136020: Memory exhausted
grep: memory exhausted
grep: mkBGL/test03.minIndPerPop.sites.txt:3142124: Memory exhausted
grep: memory exhausted
grep: mkBGL/test03.minIndPerPop.sites.txt:1444195: Memory exhausted
grep: mkBGL/test03.minIndPerPop.sites.txt:1444328: Memory exhausted
grep: memory exhausted
grep: mkBGL/test03.minIndPerPop.sites.txt:3209796: Memory exhausted
grep: memory exhausted
grep: mkBGL/test03.minIndPerPop.sites.txt:3520834: Memory exhausted
grep: memory exhausted
grep: mkBGL/test03.minIndPerPop.sites.txt:3152076: Memory exhausted
grep: memory exhausted
grep: mkBGL/test03.minIndPerPop.sites.txt:1065892: Memory exhausted
grep: memory exhausted
grep: mkBGL/test03.minIndPerPop.sites.txt:798829: Memory exhausted
grep: mkBGL/test03.minIndPerPop.sites.txt:2488046: Memory exhausted
grep: memory exhausted
grep: mkBGL/test03.minIndPerPop.sites.txt:2415861: Memory exhausted
grep: memory exhausted
grep: mkBGL/test03.minIndPerPop.sites.txt:311749: Memory exhausted
grep: memory exhausted
grep: mkBGL/test03.minIndPerPop.sites.txt:2014731: Memory exhausted
grep: memory exhausted
grep: mkBGL/test03.minIndPerPop.sites.txt:730140: Memory exhausted
grep: memory exhausted
grep: mkBGL/test03.minIndPerPop.sites.txt:503282: Memory exhausted
grep: memory exhausted
grep: mkBGL/test03.minIndPerPop.sites.txt:676886: Memory exhausted
grep: memory exhausted
grep: mkBGL/test03.minIndPerPop.sites.txt:679407: Memory exhausted
grep: memory exhausted
grep: memory exhausted
grep: mkBGL/test03.minIndPerPop.sites.txt:250388: Memory exhausted
grep: memory exhausted
grep: memory exhausted
grep: mkBGL/test03.minIndPerPop.sites.txt:9404208: Memory exhausted
grep: memory exhausted
grep: mkBGL/test03.minIndPerPop.sites.txt:8707811: Memory exhausted
grep: memory exhausted
grep: memory exhausted
grep: mkBGL/test03.minIndPerPop.sites.txt:7330924: Memory exhausted
grep: memory exhausted
grep: mkBGL/test03.minIndPerPop.sites.txt:7272938: Memory exhausted
grep: memory exhausted
grep: mkBGL/test03.minIndPerPop.sites.txt:7045815: Memory exhausted
grep: memory exhausted
grep: memory exhausted
grep: memory exhausted
grep: mkBGL/test03.minIndPerPop.sites.txt:5748365: Memory exhausted
grep: memory exhausted
grep: mkBGL/test03.minIndPerPop.sites.txt:5525532: Memory exhausted
grep: memory exhausted
grep: mkBGL/test03.minIndPerPop.sites.txt:5003481: Memory exhausted
grep: memory exhausted
grep: mkBGL/test03.minIndPerPop.sites.txt:7318407: Memory exhausted
grep: mkBGL/test03.minIndPerPop.sites.txt:9015167: Memory exhausted
grep: mkBGL/test03.minIndPerPop.sites.txt:16267094: Memory exhausted
grep: memory exhausted
grep: mkBGL/test03.minIndPerPop.sites.txt:5837192: Memory exhausted
grep: memory exhausted
grep: mkBGL/test03.minIndPerPop.sites.txt:5789299: Memory exhausted
grep: memory exhausted
grep: mkBGL/test03.minIndPerPop.sites.txt:5851408: Memory exhausted
grep: memory exhausted
grep: mkBGL/test03.minIndPerPop.sites.txt:5260990: Memory exhausted
grep: memory exhausted
grep: mkBGL/test03.minIndPerPop.sites.txt:5091721: Memory exhausted
grep: memory exhausted
grep: mkBGL/test03.minIndPerPop.sites.txt:4769219: Memory exhausted
grep: memory exhausted
grep: mkBGL/test03.minIndPerPop.sites.txt:4500724: Memory exhausted
grep: memory exhausted
grep: mkBGL/test03.minIndPerPop.sites.txt:10480767: Memory exhausted
grep: memory exhausted
grep: memory exhausted
grep: mkBGL/test03.minIndPerPop.sites.txt:4303147: Memory exhausted
grep: memory exhausted
grep: mkBGL/test03.minIndPerPop.sites.txt:4006848: Memory exhausted
grep: memory exhausted
grep: mkBGL/test03.minIndPerPop.sites.txt:8433538: Memory exhausted
grep: memory exhausted
grep: mkBGL/test03.minIndPerPop.sites.txt:3447618: Memory exhausted
grep: memory exhausted
grep: mkBGL/test03.minIndPerPop.sites.txt:7710625: Memory exhausted
grep: memory exhausted
grep: mkBGL/test03.minIndPerPop.sites.txt:2923626: Memory exhausted
grep: memory exhausted
grep: memory exhausted
grep: mkBGL/test03.minIndPerPop.sites.txt:2384458: Memory exhausted
grep: memory exhausted
grep: mkBGL/test03.minIndPerPop.sites.txt:2115426: Memory exhausted
grep: memory exhausted
grep: mkBGL/test03.minIndPerPop.sites.txt:1634076: Memory exhausted
grep: memory exhausted
grep: mkBGL/test03.minIndPerPop.sites.txt:1326763: Memory exhausted
grep: memory exhausted
grep: mkBGL/test03.minIndPerPop.sites.txt:1069785: Memory exhausted
grep: memory exhausted
grep: mkBGL/test03.minIndPerPop.sites.txt:826473: Memory exhausted
grep: memory exhausted
grep: mkBGL/test03.minIndPerPop.sites.txt:659636: Memory exhausted
grep: memory exhausted
grep: mkBGL/test03.minIndPerPop.sites.txt:1823198: Memory exhausted
grep: mkBGL/test03.minIndPerPop.sites.txt:6567022: Memory exhausted
grep: mkBGL/test03.minIndPerPop.sites.txt:10996228: Memory exhausted
grep: memory exhausted
grep: mkBGL/test03.minIndPerPop.sites.txt:6080594: Memory exhausted
grep: mkBGL/test03.minIndPerPop.sites.txt:15153822: Memory exhausted
grep: memory exhausted
grep: mkBGL/test03.minIndPerPop.sites.txt:4695867: Memory exhausted
grep: mkBGL/test03.minIndPerPop.sites.txt:6597055: Memory exhausted
grep: mkBGL/test03.minIndPerPop.sites.txt:22842878: Memory exhausted
grep: memory exhausted
grep: mkBGL/test03.minIndPerPop.sites.txt:4937770: Memory exhausted
grep: memory exhausted
grep: mkBGL/test03.minIndPerPop.sites.txt:4619744: Memory exhausted
grep: memory exhausted
grep: mkBGL/test03.minIndPerPop.sites.txt:8486880: Memory exhausted
grep: memory exhausted
grep: mkBGL/test03.minIndPerPop.sites.txt:8394748: Memory exhausted
grep: memory exhausted
grep: mkBGL/test03.minIndPerPop.sites.txt:4010696: Memory exhausted
grep: memory exhausted
grep: mkBGL/test03.minIndPerPop.sites.txt:3635427: Memory exhausted
grep: memory exhausted
grep: mkBGL/test03.minIndPerPop.sites.txt:3457429: Memory exhausted
grep: memory exhausted
grep: mkBGL/test03.minIndPerPop.sites.txt:3150616: Memory exhausted
grep: memory exhausted
grep: mkBGL/test03.minIndPerPop.sites.txt:2938797: Memory exhausted
grep: memory exhausted
grep: mkBGL/test03.minIndPerPop.sites.txt:2713797: Memory exhausted
grep: memory exhausted
grep: mkBGL/test03.minIndPerPop.sites.txt:6716874: Memory exhausted
grep: memory exhausted
grep: mkBGL/test03.minIndPerPop.sites.txt:6443132: Memory exhausted
grep: memory exhausted
grep: mkBGL/test03.minIndPerPop.sites.txt:6195369: Memory exhausted
grep: memory exhausted
grep: mkBGL/test03.minIndPerPop.sites.txt:1456712: Memory exhausted
grep: memory exhausted
grep: mkBGL/test03.minIndPerPop.sites.txt:1199203: Memory exhausted
grep: memory exhausted
grep: mkBGL/test03.minIndPerPop.sites.txt:998618: Memory exhausted
grep: memory exhausted
grep: mkBGL/test03.minIndPerPop.sites.txt:705769: Memory exhausted
grep: memory exhausted
grep: mkBGL/test03.minIndPerPop.sites.txt:467898: Memory exhausted
grep: memory exhausted
grep: mkBGL/test03.minIndPerPop.sites.txt:4495239: Memory exhausted
grep: memory exhausted
grep: memory exhausted
grep: mkBGL/test03.minIndPerPop.sites.txt:3766809: Memory exhausted
grep: memory exhausted
grep: mkBGL/test03.minIndPerPop.sites.txt:3586420: Memory exhausted
grep: memory exhausted
grep: mkBGL/test03.minIndPerPop.sites.txt:3318002: Memory exhausted
grep: memory exhausted
grep: mkBGL/test03.minIndPerPop.sites.txt:3084713: Memory exhausted
grep: memory exhausted
grep: mkBGL/test03.minIndPerPop.sites.txt:2818800: Memory exhausted
grep: memory exhausted
grep: mkBGL/test03.minIndPerPop.sites.txt:2453590: Memory exhausted
grep: memory exhausted
grep: mkBGL/test03.minIndPerPop.sites.txt:2170156: Memory exhausted
grep: memory exhausted
grep: mkBGL/test03.minIndPerPop.sites.txt:1933703: Memory exhausted
grep: memory exhausted
grep: mkBGL/test03.minIndPerPop.sites.txt:1564855: Memory exhausted
grep: memory exhausted
grep: mkBGL/test03.minIndPerPop.sites.txt:1282179: Memory exhausted
grep: memory exhausted
grep: mkBGL/test03.minIndPerPop.sites.txt:1069829: Memory exhausted
grep: memory exhausted
grep: mkBGL/test03.minIndPerPop.sites.txt:754820: Memory exhausted
grep: memory exhausted
grep: mkBGL/test03.minIndPerPop.sites.txt:214779: Memory exhausted
grep: memory exhausted
grep: memory exhausted
grep: memory exhausted
grep: mkBGL/test03.minIndPerPop.sites.txt:7270859: Memory exhausted
grep: memory exhausted
grep: mkBGL/test03.minIndPerPop.sites.txt:6494882: Memory exhausted
grep: memory exhausted
grep: mkBGL/test03.minIndPerPop.sites.txt:11333041: Memory exhausted
grep: memory exhausted
grep: mkBGL/test03.minIndPerPop.sites.txt:9840098: Memory exhausted
grep: memory exhausted
grep: memory exhausted
grep: mkBGL/test03.minIndPerPop.sites.txt:8845367: Memory exhausted
grep: memory exhausted
grep: mkBGL/test03.minIndPerPop.sites.txt:6996366: Memory exhausted
grep: memory exhausted
grep: mkBGL/test03.minIndPerPop.sites.txt:6257542: Memory exhausted
grep: memory exhausted
grep: memory exhausted
grep: mkBGL/test03.minIndPerPop.sites.txt:10127109: Memory exhausted
grep: memory exhausted
grep: mkBGL/test03.minIndPerPop.sites.txt:9957530: Memory exhausted
grep: memory exhausted
grep: mkBGL/test03.minIndPerPop.sites.txt:9347327: Memory exhausted
grep: memory exhausted
grep: mkBGL/test03.minIndPerPop.sites.txt:4269532: Memory exhausted
grep: memory exhausted
grep: mkBGL/test03.minIndPerPop.sites.txt:3120274: Memory exhausted
grep: memory exhausted
grep: mkBGL/test03.minIndPerPop.sites.txt:4497141: Memory exhausted
grep: mkBGL/test03.minIndPerPop.sites.txt:4497230: Memory exhausted
grep: memory exhausted
grep: mkBGL/test03.minIndPerPop.sites.txt:2245353: Memory exhausted
grep: memory exhausted
grep: mkBGL/test03.minIndPerPop.sites.txt:1727623: Memory exhausted
grep: memory exhausted
grep: mkBGL/test03.minIndPerPop.sites.txt:6036673: Memory exhausted
grep: memory exhausted
grep: mkBGL/test03.minIndPerPop.sites.txt:1203891: Memory exhausted
grep: memory exhausted
grep: mkBGL/test03.minIndPerPop.sites.txt:11417348: Memory exhausted
grep: memory exhausted
grep: mkBGL/test03.minIndPerPop.sites.txt:14550873: Memory exhausted
grep: memory exhausted
grep: mkBGL/test03.minIndPerPop.sites.txt:11036609: Memory exhausted
grep: memory exhausted
grep: mkBGL/test03.minIndPerPop.sites.txt:10581053: Memory exhausted
grep: memory exhausted
grep: mkBGL/test03.minIndPerPop.sites.txt:10177708: Memory exhausted
grep: memory exhausted
grep: mkBGL/test03.minIndPerPop.sites.txt:9512572: Memory exhausted
grep: memory exhausted
grep: mkBGL/test03.minIndPerPop.sites.txt:2816323: Memory exhausted
grep: memory exhausted
grep: mkBGL/test03.minIndPerPop.sites.txt:347903: Memory exhausted
grep: memory exhausted
grep: mkBGL/test03.minIndPerPop.sites.txt:68120: Memory exhausted
grep: memory exhausted
grep: mkBGL/test03.minIndPerPop.sites.txt:4283155: Memory exhausted
grep: memory exhausted
grep: mkBGL/test03.minIndPerPop.sites.txt:1230120: Memory exhausted
grep: memory exhausted
grep: mkBGL/test03.minIndPerPop.sites.txt:6683922: Memory exhausted
grep: memory exhausted
grep: mkBGL/test03.minIndPerPop.sites.txt:977343: Memory exhausted
grep: mkBGL/test03.minIndPerPop.sites.txt:977432: Memory exhausted
grep: mkBGL/test03.minIndPerPop.sites.txt:977477: Memory exhausted
grep: memory exhausted
grep: mkBGL/test03.minIndPerPop.sites.txt:1553797: Memory exhausted
grep: memory exhausted
grep: mkBGL/test03.minIndPerPop.sites.txt:1257189: Memory exhausted
grep: memory exhausted
grep: mkBGL/test03.minIndPerPop.sites.txt:2399142: Memory exhausted
grep: memory exhausted
grep: mkBGL/test03.minIndPerPop.sites.txt:4521869: Memory exhausted
grep: memory exhausted
grep: mkBGL/test03.minIndPerPop.sites.txt:4669024: Memory exhausted
grep: memory exhausted
grep: mkBGL/test03.minIndPerPop.sites.txt:14758: Memory exhausted
grep: memory exhausted
grep: mkBGL/test03.minIndPerPop.sites.txt:1215612: Memory exhausted
grep: memory exhausted
grep: mkBGL/test03.minIndPerPop.sites.txt:3736423: Memory exhausted
grep: memory exhausted
grep: memory exhausted
grep: mkBGL/test03.minIndPerPop.sites.txt:728105: Memory exhausted
grep: memory exhausted
grep: mkBGL/test03.minIndPerPop.sites.txt:9148064: Memory exhausted
grep: memory exhausted
grep: mkBGL/test03.minIndPerPop.sites.txt:2960470: Memory exhausted
grep: memory exhausted
grep: mkBGL/test03.minIndPerPop.sites.txt:14189539: Memory exhausted
grep: memory exhausted
grep: mkBGL/test03.minIndPerPop.sites.txt:12136271: Memory exhausted
grep: memory exhausted
grep: mkBGL/test03.minIndPerPop.sites.txt:2713974: Memory exhausted
grep: memory exhausted
grep: mkBGL/test03.minIndPerPop.sites.txt:2241019: Memory exhausted
grep: memory exhausted
grep: mkBGL/test03.minIndPerPop.sites.txt:8066338: Memory exhausted
grep: memory exhausted
grep: mkBGL/test03.minIndPerPop.sites.txt:7826742: Memory exhausted
grep: memory exhausted
grep: mkBGL/test03.minIndPerPop.sites.txt:1656766: Memory exhausted
grep: memory exhausted
grep: mkBGL/test03.minIndPerPop.sites.txt:1416772: Memory exhausted
grep: memory exhausted
grep: mkBGL/test03.minIndPerPop.sites.txt:7239279: Memory exhausted
grep: memory exhausted
grep: mkBGL/test03.minIndPerPop.sites.txt:792195: Memory exhausted
grep: memory exhausted
grep: mkBGL/test03.minIndPerPop.sites.txt:561799: Memory exhausted
grep: memory exhausted
grep: mkBGL/test03.minIndPerPop.sites.txt:263605: Memory exhausted
grep: memory exhausted
grep: mkBGL/test03.minIndPerPop.sites.txt:31374: Memory exhausted
grep: memory exhausted
grep: mkBGL/test03.minIndPerPop.sites.txt:4775260: Memory exhausted
grep: memory exhausted
grep: mkBGL/test03.minIndPerPop.sites.txt:4687055: Memory exhausted
grep: memory exhausted
grep: mkBGL/test03.minIndPerPop.sites.txt:4561916: Memory exhausted
grep: memory exhausted
grep: mkBGL/test03.minIndPerPop.sites.txt:4689962: Memory exhausted
grep: memory exhausted
grep: mkBGL/test03.minIndPerPop.sites.txt:4687010: Memory exhausted
grep: memory exhausted
grep: mkBGL/test03.minIndPerPop.sites.txt:4285366: Memory exhausted
grep: memory exhausted
grep: mkBGL/test03.minIndPerPop.sites.txt:4146660: Memory exhausted
grep: memory exhausted
grep: mkBGL/test03.minIndPerPop.sites.txt:3902641: Memory exhausted
grep: memory exhausted
grep: mkBGL/test03.minIndPerPop.sites.txt:3552265: Memory exhausted
grep: memory exhausted
grep: memory exhausted
grep: mkBGL/test03.minIndPerPop.sites.txt:3178393: Memory exhausted
grep: memory exhausted
grep: mkBGL/test03.minIndPerPop.sites.txt:2791023: Memory exhausted
grep: memory exhausted
grep: mkBGL/test03.minIndPerPop.sites.txt:2660809: Memory exhausted
grep: memory exhausted
grep: mkBGL/test03.minIndPerPop.sites.txt:2296130: Memory exhausted
grep: memory exhausted
grep: mkBGL/test03.minIndPerPop.sites.txt:2180290: Memory exhausted
grep: memory exhausted
grep: mkBGL/test03.minIndPerPop.sites.txt:1901728: Memory exhausted
grep: memory exhausted
grep: mkBGL/test03.minIndPerPop.sites.txt:1425574: Memory exhausted
grep: memory exhausted
grep: mkBGL/test03.minIndPerPop.sites.txt:1204908: Memory exhausted
grep: memory exhausted
grep: memory exhausted
grep: mkBGL/test03.minIndPerPop.sites.txt:702761: Memory exhausted
grep: memory exhausted
grep: mkBGL/test03.minIndPerPop.sites.txt:558039: Memory exhausted
grep: memory exhausted
grep: mkBGL/test03.minIndPerPop.sites.txt:160321: Memory exhausted
grep: memory exhausted
grep: mkBGL/test03.minIndPerPop.sites.txt:8613246: Memory exhausted
grep: memory exhausted
grep: mkBGL/test03.minIndPerPop.sites.txt:7387832: Memory exhausted
grep: memory exhausted
grep: mkBGL/test03.minIndPerPop.sites.txt:7271523: Memory exhausted
grep: memory exhausted
grep: mkBGL/test03.minIndPerPop.sites.txt:7262544: Memory exhausted
grep: memory exhausted
grep: mkBGL/test03.minIndPerPop.sites.txt:7194252: Memory exhausted
grep: memory exhausted
grep: mkBGL/test03.minIndPerPop.sites.txt:6526507: Memory exhausted
grep: memory exhausted
grep: mkBGL/test03.minIndPerPop.sites.txt:6883446: Memory exhausted
grep: memory exhausted
grep: mkBGL/test03.minIndPerPop.sites.txt:6608510: Memory exhausted
grep: memory exhausted
grep: mkBGL/test03.minIndPerPop.sites.txt:6312653: Memory exhausted
grep: memory exhausted
grep: mkBGL/test03.minIndPerPop.sites.txt:6037218: Memory exhausted
grep: memory exhausted
grep: mkBGL/test03.minIndPerPop.sites.txt:5926441: Memory exhausted
grep: memory exhausted
grep: memory exhausted
grep: mkBGL/test03.minIndPerPop.sites.txt:5392487: Memory exhausted
grep: memory exhausted
grep: mkBGL/test03.minIndPerPop.sites.txt:5098886: Memory exhausted
grep: memory exhausted
grep: mkBGL/test03.minIndPerPop.sites.txt:4858014: Memory exhausted
grep: memory exhausted
grep: mkBGL/test03.minIndPerPop.sites.txt:3951427: Memory exhausted
grep: memory exhausted
grep: mkBGL/test03.minIndPerPop.sites.txt:4247682: Memory exhausted
grep: memory exhausted
grep: memory exhausted
grep: mkBGL/test03.minIndPerPop.sites.txt:3746552: Memory exhausted
grep: memory exhausted
grep: mkBGL/test03.minIndPerPop.sites.txt:3444802: Memory exhausted
grep: memory exhausted
grep: mkBGL/test03.minIndPerPop.sites.txt:3235406: Memory exhausted
grep: memory exhausted
grep: mkBGL/test03.minIndPerPop.sites.txt:3007089: Memory exhausted
grep: memory exhausted
grep: mkBGL/test03.minIndPerPop.sites.txt:2832290: Memory exhausted
grep: memory exhausted
grep: mkBGL/test03.minIndPerPop.sites.txt:1826831: Memory exhausted
grep: memory exhausted
grep: mkBGL/test03.minIndPerPop.sites.txt:2323199: Memory exhausted
grep: memory exhausted
grep: mkBGL/test03.minIndPerPop.sites.txt:1323092: Memory exhausted
grep: memory exhausted
grep: mkBGL/test03.minIndPerPop.sites.txt:1694096: Memory exhausted
grep: memory exhausted
grep: mkBGL/test03.minIndPerPop.sites.txt:828375: Memory exhausted
grep: memory exhausted
grep: mkBGL/test03.minIndPerPop.sites.txt:1144711: Memory exhausted
grep: memory exhausted
grep: mkBGL/test03.minIndPerPop.sites.txt:828198: Memory exhausted
grep: memory exhausted
grep: mkBGL/test03.minIndPerPop.sites.txt:686882: Memory exhausted
grep: memory exhausted
grep: mkBGL/test03.minIndPerPop.sites.txt:7310269: Memory exhausted
grep: memory exhausted
grep: memory exhausted
grep: mkBGL/test03.minIndPerPop.sites.txt:6646725: Memory exhausted
grep: memory exhausted
grep: mkBGL/test03.minIndPerPop.sites.txt:6817144: Memory exhausted
grep: memory exhausted
grep: mkBGL/test03.minIndPerPop.sites.txt:6650705: Memory exhausted
grep: memory exhausted
grep: mkBGL/test03.minIndPerPop.sites.txt:6590375: Memory exhausted
grep: memory exhausted
grep: mkBGL/test03.minIndPerPop.sites.txt:6436940: Memory exhausted
grep: memory exhausted
grep: mkBGL/test03.minIndPerPop.sites.txt:6238213: Memory exhausted
grep: memory exhausted
grep: mkBGL/test03.minIndPerPop.sites.txt:5813849: Memory exhausted
grep: memory exhausted
grep: mkBGL/test03.minIndPerPop.sites.txt:5639160: Memory exhausted
grep: memory exhausted
grep: mkBGL/test03.minIndPerPop.sites.txt:5380766: Memory exhausted
grep: memory exhausted
grep: mkBGL/test03.minIndPerPop.sites.txt:5081946: Memory exhausted
grep: memory exhausted
grep: mkBGL/test03.minIndPerPop.sites.txt:4774533: Memory exhausted
grep: memory exhausted
grep: mkBGL/test03.minIndPerPop.sites.txt:4589540: Memory exhausted
grep: memory exhausted
grep: memory exhausted
grep: mkBGL/test03.minIndPerPop.sites.txt:4071203: Memory exhausted
grep: memory exhausted
grep: mkBGL/test03.minIndPerPop.sites.txt:3651824: Memory exhausted
grep: memory exhausted
grep: mkBGL/test03.minIndPerPop.sites.txt:3384077: Memory exhausted
grep: memory exhausted
grep: mkBGL/test03.minIndPerPop.sites.txt:3047294: Memory exhausted
grep: memory exhausted
grep: mkBGL/test03.minIndPerPop.sites.txt:2902440: Memory exhausted
grep: memory exhausted
grep: mkBGL/test03.minIndPerPop.sites.txt:2574383: Memory exhausted
grep: memory exhausted
grep: mkBGL/test03.minIndPerPop.sites.txt:2401531: Memory exhausted
grep: memory exhausted
grep: mkBGL/test03.minIndPerPop.sites.txt:2113064: Memory exhausted
grep: memory exhausted
grep: mkBGL/test03.minIndPerPop.sites.txt:1821971: Memory exhausted
grep: memory exhausted
grep: mkBGL/test03.minIndPerPop.sites.txt:1570870: Memory exhausted
grep: memory exhausted
grep: mkBGL/test03.minIndPerPop.sites.txt:1315086: Memory exhausted
grep: memory exhausted
grep: mkBGL/test03.minIndPerPop.sites.txt:1078719: Memory exhausted
grep: memory exhausted
grep: mkBGL/test03.minIndPerPop.sites.txt:864511: Memory exhausted
grep: memory exhausted
grep: mkBGL/test03.minIndPerPop.sites.txt:556093: Memory exhausted
grep: memory exhausted
grep: mkBGL/test03.minIndPerPop.sites.txt:270826: Memory exhausted
grep: memory exhausted
grep: mkBGL/test03.minIndPerPop.sites.txt:8124678: Memory exhausted
grep: memory exhausted
grep: mkBGL/test03.minIndPerPop.sites.txt:7009502: Memory exhausted
grep: memory exhausted
grep: memory exhausted
grep: memory exhausted
grep: mkBGL/test03.minIndPerPop.sites.txt:6773843: Memory exhausted
grep: memory exhausted
grep: mkBGL/test03.minIndPerPop.sites.txt:6733991: Memory exhausted
grep: memory exhausted
grep: mkBGL/test03.minIndPerPop.sites.txt:6510761: Memory exhausted
grep: memory exhausted
grep: mkBGL/test03.minIndPerPop.sites.txt:6230387: Memory exhausted
grep: memory exhausted
grep: mkBGL/test03.minIndPerPop.sites.txt:6007605: Memory exhausted
grep: memory exhausted
grep: mkBGL/test03.minIndPerPop.sites.txt:5724790: Memory exhausted
grep: memory exhausted
grep: mkBGL/test03.minIndPerPop.sites.txt:5394345: Memory exhausted
grep: memory exhausted
grep: mkBGL/test03.minIndPerPop.sites.txt:4812504: Memory exhausted
grep: memory exhausted
grep: mkBGL/test03.minIndPerPop.sites.txt:4525977: Memory exhausted
grep: memory exhausted
grep: mkBGL/test03.minIndPerPop.sites.txt:3907197: Memory exhausted
grep: memory exhausted
grep: mkBGL/test03.minIndPerPop.sites.txt:3656820: Memory exhausted
grep: memory exhausted
grep: mkBGL/test03.minIndPerPop.sites.txt:3386166: Memory exhausted
grep: memory exhausted
grep: mkBGL/test03.minIndPerPop.sites.txt:3160833: Memory exhausted
grep: memory exhausted
parallel: Warning: No more processes: Decreasing number of running jobs to 39.
parallel: Warning: Raising ulimit -u or /etc/security/limits.conf may help.
grep: mkBGL/test03.minIndPerPop.sites.txt:2915532: Memory exhausted
grep: memory exhausted
grep: mkBGL/test03.minIndPerPop.sites.txt:2546827: Memory exhausted
grep: memory exhausted
grep: mkBGL/test03.minIndPerPop.sites.txt:2296484: Memory exhausted
grep: memory exhausted
grep: memory exhausted
grep: mkBGL/test03.minIndPerPop.sites.txt:1767344: Memory exhausted
grep: memory exhausted
grep: mkBGL/test03.minIndPerPop.sites.txt:1546676: Memory exhausted
grep: memory exhausted
grep: mkBGL/test03.minIndPerPop.sites.txt:1269396: Memory exhausted
grep: memory exhausted
grep: memory exhausted
grep: mkBGL/test03.minIndPerPop.sites.txt:12291077: Memory exhausted
grep: mkBGL/test03.minIndPerPop.sites.txt:13816329: Memory exhausted
grep: memory exhausted
grep: mkBGL/test03.minIndPerPop.sites.txt:12906029: Memory exhausted
grep: memory exhausted
grep: mkBGL/test03.minIndPerPop.sites.txt:631727: Memory exhausted
grep: memory exhausted
grep: mkBGL/test03.minIndPerPop.sites.txt:235626: Memory exhausted
grep: memory exhausted
grep: mkBGL/test03.minIndPerPop.sites.txt:7195049: Memory exhausted
grep: memory exhausted
grep: mkBGL/test03.minIndPerPop.sites.txt:8039667: Memory exhausted
grep: memory exhausted
grep: mkBGL/test03.minIndPerPop.sites.txt:6421106: Memory exhausted
grep: memory exhausted
grep: mkBGL/test03.minIndPerPop.sites.txt:7757407: Memory exhausted
grep: memory exhausted
grep: mkBGL/test03.minIndPerPop.sites.txt:7599211: Memory exhausted
grep: memory exhausted
grep: mkBGL/test03.minIndPerPop.sites.txt:7318230: Memory exhausted
grep: memory exhausted
grep: mkBGL/test03.minIndPerPop.sites.txt:5543888: Memory exhausted
grep: memory exhausted
grep: mkBGL/test03.minIndPerPop.sites.txt:5293057: Memory exhausted
grep: memory exhausted
grep: mkBGL/test03.minIndPerPop.sites.txt:5047225: Memory exhausted
grep: mkBGL/test03.minIndPerPop.sites.txt:6519917: Memory exhausted
grep: memory exhausted
grep: mkBGL/test03.minIndPerPop.sites.txt:6238346: Memory exhausted
grep: memory exhausted
grep: mkBGL/test03.minIndPerPop.sites.txt:6079322: Memory exhausted
grep: memory exhausted
grep: mkBGL/test03.minIndPerPop.sites.txt:5698296: Memory exhausted
grep: memory exhausted
grep: mkBGL/test03.minIndPerPop.sites.txt:5438398: Memory exhausted
grep: memory exhausted
grep: mkBGL/test03.minIndPerPop.sites.txt:3622755: Memory exhausted
grep: memory exhausted
grep: mkBGL/test03.minIndPerPop.sites.txt:4915787: Memory exhausted
grep: memory exhausted
grep: mkBGL/test03.minIndPerPop.sites.txt:3113595: Memory exhausted
grep: mkBGL/test03.minIndPerPop.sites.txt:4594310: Memory exhausted
grep: memory exhausted
grep: mkBGL/test03.minIndPerPop.sites.txt:4277095: Memory exhausted
grep: memory exhausted
grep: mkBGL/test03.minIndPerPop.sites.txt:4042320: Memory exhausted
grep: memory exhausted
grep: mkBGL/test03.minIndPerPop.sites.txt:2279411: Memory exhausted
grep: mkBGL/test03.minIndPerPop.sites.txt:3748941: Memory exhausted
grep: mkBGL/test03.minIndPerPop.sites.txt:3748986: Memory exhausted
grep: memory exhausted
grep: mkBGL/test03.minIndPerPop.sites.txt:3486316: Memory exhausted
grep: memory exhausted
grep: mkBGL/test03.minIndPerPop.sites.txt:1686754: Memory exhausted
grep: memory exhausted
grep: mkBGL/test03.minIndPerPop.sites.txt:2946360: Memory exhausted
grep: memory exhausted
grep: mkBGL/test03.minIndPerPop.sites.txt:1194160: Memory exhausted
grep: memory exhausted
grep: mkBGL/test03.minIndPerPop.sites.txt:815593: Memory exhausted
grep: mkBGL/test03.minIndPerPop.sites.txt:2347969: Memory exhausted
grep: memory exhausted
grep: mkBGL/test03.minIndPerPop.sites.txt:552422: Memory exhausted
grep: memory exhausted
grep: mkBGL/test03.minIndPerPop.sites.txt:1817157: Memory exhausted
grep: memory exhausted
grep: mkBGL/test03.minIndPerPop.sites.txt:1512973: Memory exhausted
grep: memory exhausted
grep: mkBGL/test03.minIndPerPop.sites.txt:352036: Memory exhausted
grep: memory exhausted
grep: mkBGL/test03.minIndPerPop.sites.txt:150919: Memory exhausted
grep: memory exhausted
grep: mkBGL/test03.minIndPerPop.sites.txt:141926: Memory exhausted
grep: memory exhausted
grep: mkBGL/test03.minIndPerPop.sites.txt:150147: Memory exhausted
grep: memory exhausted
grep: mkBGL/test03.minIndPerPop.sites.txt:130163: Memory exhausted
grep: memory exhausted
grep: mkBGL/test03.minIndPerPop.sites.txt:7542664: Memory exhausted
grep: memory exhausted
grep: mkBGL/test03.minIndPerPop.sites.txt:7491522: Memory exhausted
grep: memory exhausted
grep: mkBGL/test03.minIndPerPop.sites.txt:7247550: Memory exhausted
grep: memory exhausted
grep: mkBGL/test03.minIndPerPop.sites.txt:6859738: Memory exhausted
grep: memory exhausted
grep: mkBGL/test03.minIndPerPop.sites.txt:6561581: Memory exhausted
grep: memory exhausted
grep: mkBGL/test03.minIndPerPop.sites.txt:6465424: Memory exhausted
grep: memory exhausted
grep: mkBGL/test03.minIndPerPop.sites.txt:6230069: Memory exhausted
grep: memory exhausted
grep: mkBGL/test03.minIndPerPop.sites.txt:5814456: Memory exhausted
grep: memory exhausted
grep: mkBGL/test03.minIndPerPop.sites.txt:5809835: Memory exhausted
grep: memory exhausted
grep: mkBGL/test03.minIndPerPop.sites.txt:5333086: Memory exhausted
grep: memory exhausted
grep: mkBGL/test03.minIndPerPop.sites.txt:5308007: Memory exhausted
grep: memory exhausted
grep: mkBGL/test03.minIndPerPop.sites.txt:4841527: Memory exhausted
grep: memory exhausted
grep: mkBGL/test03.minIndPerPop.sites.txt:4765313: Memory exhausted
grep: memory exhausted
grep: mkBGL/test03.minIndPerPop.sites.txt:4249274: Memory exhausted
grep: memory exhausted
grep: mkBGL/test03.minIndPerPop.sites.txt:3804538: Memory exhausted
grep: memory exhausted
grep: mkBGL/test03.minIndPerPop.sites.txt:3582968: Memory exhausted
grep: memory exhausted
grep: mkBGL/test03.minIndPerPop.sites.txt:3285165: Memory exhausted
grep: memory exhausted
grep: mkBGL/test03.minIndPerPop.sites.txt:3145928: Memory exhausted
grep: memory exhausted
grep: mkBGL/test03.minIndPerPop.sites.txt:2924289: Memory exhausted
grep: memory exhausted
Out of memory!
slurmstepd: error: *** JOB 680553 ON e3-w6420b-18 CANCELLED AT 2022-05-15T21:50:32 ***
