
PCAngsd v.1.10.
Jonas Meisner and Anders Albrechtsen.
Using 40 thread(s).

Parsing Beagle file.
Loaded 36418650 sites and 81 individuals.
Estimating minor allele frequencies.
EM (MAF) converged at iteration: 16
Number of sites after MAF filtering (0.05): 7780498

Estimating covariance matrix.
Using 1 principal components (MAP test).
Individual allele frequencies estimated (1).
Individual allele frequencies estimated (2). RMSE=0.014473859269481306
Individual allele frequencies estimated (3). RMSE=0.22197861199837002
Individual allele frequencies estimated (4). RMSE=0.007581182017569072
Individual allele frequencies estimated (5). RMSE=0.0056493132545367645
Individual allele frequencies estimated (6). RMSE=0.004302840281356073
Individual allele frequencies estimated (7). RMSE=0.0033368050406403045
Individual allele frequencies estimated (8). RMSE=0.002624658473757773
Individual allele frequencies estimated (9). RMSE=0.002087294734549963
Individual allele frequencies estimated (10). RMSE=0.001672345209415624
Individual allele frequencies estimated (11). RMSE=0.0013482150510587922
Individual allele frequencies estimated (12). RMSE=0.0010923844962755665
Individual allele frequencies estimated (13). RMSE=0.0008893388198219386
Individual allele frequencies estimated (14). RMSE=0.0007267182108789519
Individual allele frequencies estimated (15). RMSE=0.0005972692582612272
Individual allele frequencies estimated (16). RMSE=0.0004930051754964065
Individual allele frequencies estimated (17). RMSE=0.0004090539578221404
Individual allele frequencies estimated (18). RMSE=0.00034071098372809734
Individual allele frequencies estimated (19). RMSE=0.00028493885570552346
Individual allele frequencies estimated (20). RMSE=0.0002398549709822118
Individual allele frequencies estimated (21). RMSE=0.00020270204191624914
Individual allele frequencies estimated (22). RMSE=0.0001719817737060023
Individual allele frequencies estimated (23). RMSE=0.00014614188625754407
Individual allele frequencies estimated (24). RMSE=0.000124876254416311
Individual allele frequencies estimated (25). RMSE=0.0001075405726022928
Individual allele frequencies estimated (26). RMSE=9.22380674250469e-05
Individual allele frequencies estimated (27). RMSE=7.983045913655591e-05
Individual allele frequencies estimated (28). RMSE=6.939987025850872e-05
Individual allele frequencies estimated (29). RMSE=6.010338065399424e-05
Individual allele frequencies estimated (30). RMSE=5.256339780726491e-05
Individual allele frequencies estimated (31). RMSE=4.593977487470794e-05
Individual allele frequencies estimated (32). RMSE=4.050134927187827e-05
Individual allele frequencies estimated (33). RMSE=3.5439222118150096e-05
Individual allele frequencies estimated (34). RMSE=3.110048158464173e-05
Individual allele frequencies estimated (35). RMSE=2.733666756999458e-05
Individual allele frequencies estimated (36). RMSE=2.4720572824725818e-05
Individual allele frequencies estimated (37). RMSE=2.1604015487722902e-05
Individual allele frequencies estimated (38). RMSE=1.976689160964454e-05
Individual allele frequencies estimated (39). RMSE=1.7071667841227835e-05
Individual allele frequencies estimated (40). RMSE=1.5096750769950292e-05
Individual allele frequencies estimated (41). RMSE=1.3802504709080448e-05
Individual allele frequencies estimated (42). RMSE=1.2582708841668782e-05
Individual allele frequencies estimated (43). RMSE=1.1269219894925758e-05
Individual allele frequencies estimated (44). RMSE=9.505431701969763e-06
PCAngsd converged.
Saved covariance matrix as ./PCAngsd_selection/test03_maptest_minMaf0.05.cov (Text).

Performing selection scan (FastPCA) for 1 PCs.
Saved test statistics as ./PCAngsd_selection/test03_maptest_minMaf0.05.selection.npy (Binary).

