
PCAngsd v.1.10.
Jonas Meisner and Anders Albrechtsen.
Using 40 thread(s).

Parsing Beagle file.
Loaded 2574955 sites and 81 individuals.
Estimating minor allele frequencies.
EM (MAF) converged at iteration: 13
Number of sites after MAF filtering (0.05): 701713

Estimating covariance matrix.
Using 1 principal components (MAP test).
Individual allele frequencies estimated (1).
Individual allele frequencies estimated (2). RMSE=0.22169777716546968
Individual allele frequencies estimated (3). RMSE=0.01106923596215418
Individual allele frequencies estimated (4). RMSE=0.008003345776017572
Individual allele frequencies estimated (5). RMSE=0.005895230796954688
Individual allele frequencies estimated (6). RMSE=0.004432080904886242
Individual allele frequencies estimated (7). RMSE=0.003392435634830982
Individual allele frequencies estimated (8). RMSE=0.002633831183016417
Individual allele frequencies estimated (9). RMSE=0.0020661202748649366
Individual allele frequencies estimated (10). RMSE=0.0016314075205823085
Individual allele frequencies estimated (11). RMSE=0.001296510982234903
Individual allele frequencies estimated (12). RMSE=0.001037143509715245
Individual allele frequencies estimated (13). RMSE=0.000833715340500906
Individual allele frequencies estimated (14). RMSE=0.0006758807187887754
Individual allele frequencies estimated (15). RMSE=0.0005518867156876135
Individual allele frequencies estimated (16). RMSE=0.0004546445075639736
Individual allele frequencies estimated (17). RMSE=0.0003768469432575014
Individual allele frequencies estimated (18). RMSE=0.00031431432117843714
Individual allele frequencies estimated (19). RMSE=0.0002637900643468525
Individual allele frequencies estimated (20). RMSE=0.00022311432572217057
Individual allele frequencies estimated (21). RMSE=0.00018960141003617067
Individual allele frequencies estimated (22). RMSE=0.0001621099072668087
Individual allele frequencies estimated (23). RMSE=0.00013965321843790145
Individual allele frequencies estimated (24). RMSE=0.00012069125942714364
Individual allele frequencies estimated (25). RMSE=0.00010472852000458177
Individual allele frequencies estimated (26). RMSE=9.130557602169139e-05
Individual allele frequencies estimated (27). RMSE=8.006922906774208e-05
Individual allele frequencies estimated (28). RMSE=7.013152957054498e-05
Individual allele frequencies estimated (29). RMSE=6.179407521950556e-05
Individual allele frequencies estimated (30). RMSE=5.444820274614464e-05
Individual allele frequencies estimated (31). RMSE=4.804406593936283e-05
Individual allele frequencies estimated (32). RMSE=4.229888772232936e-05
Individual allele frequencies estimated (33). RMSE=3.75063633295689e-05
Individual allele frequencies estimated (34). RMSE=3.3232624683513376e-05
Individual allele frequencies estimated (35). RMSE=2.9424483161208936e-05
Individual allele frequencies estimated (36). RMSE=2.6151510300445127e-05
Individual allele frequencies estimated (37). RMSE=2.3175782759319074e-05
Individual allele frequencies estimated (38). RMSE=2.0763091875834385e-05
Individual allele frequencies estimated (39). RMSE=1.8495613514095902e-05
Individual allele frequencies estimated (40). RMSE=1.6445458472059988e-05
Individual allele frequencies estimated (41). RMSE=1.4724402058650186e-05
Individual allele frequencies estimated (42). RMSE=1.3276649788562381e-05
Individual allele frequencies estimated (43). RMSE=1.1803922531709987e-05
Individual allele frequencies estimated (44). RMSE=1.0507150083084127e-05
Individual allele frequencies estimated (45). RMSE=9.459647633614392e-06
PCAngsd converged.
Saved covariance matrix as ./PCAngsd_selection/test04_maptest_minMaf0.05.cov (Text).

Performing selection scan (FastPCA) for 1 PCs.
Saved test statistics as ./PCAngsd_selection/test04_maptest_minMaf0.05.selection.npy (Binary).

