
PCAngsd v.1.10.
Jonas Meisner and Anders Albrechtsen.
Using 40 thread(s).

Parsing Beagle file.
Loaded 113274 sites and 81 individuals.
Estimating minor allele frequencies.
EM (MAF) converged at iteration: 12
Number of sites after MAF filtering (0.05): 27400

Estimating covariance matrix.
Using 1 principal components (MAP test).
Individual allele frequencies estimated (1).
Individual allele frequencies estimated (2). RMSE=0.013083852750448113
Individual allele frequencies estimated (3). RMSE=0.0077948160561889576
Individual allele frequencies estimated (4). RMSE=0.004683617198179883
Individual allele frequencies estimated (5). RMSE=0.0029123613192411127
Individual allele frequencies estimated (6). RMSE=0.001866479394829476
Individual allele frequencies estimated (7). RMSE=0.0012174158332353942
Individual allele frequencies estimated (8). RMSE=0.0008014721665479653
Individual allele frequencies estimated (9). RMSE=0.0005296213970071522
Individual allele frequencies estimated (10). RMSE=0.0003498709789770183
Individual allele frequencies estimated (11). RMSE=0.00023038622434407634
Individual allele frequencies estimated (12). RMSE=0.00015262524372980452
Individual allele frequencies estimated (13). RMSE=0.0001013272825390807
Individual allele frequencies estimated (14). RMSE=6.782452377924213e-05
Individual allele frequencies estimated (15). RMSE=4.6678757359747144e-05
Individual allele frequencies estimated (16). RMSE=3.079774071958686e-05
Individual allele frequencies estimated (17). RMSE=2.0443947177196986e-05
Individual allele frequencies estimated (18). RMSE=1.3611127987676019e-05
Individual allele frequencies estimated (19). RMSE=9.016881825258732e-06
PCAngsd converged.
Saved covariance matrix as ./PCAngsd_selection/CHR05_PCAngsd_selection_maptest_minMaf0.05.cov (Text).

Performing selection scan (FastPCA) for 1 PCs.
Saved test statistics as ./PCAngsd_selection/CHR05_PCAngsd_selection_maptest_minMaf0.05.selection.npy (Binary).

Saved boolean vector of sites kept after filtering as ./PCAngsd_selection/CHR05_PCAngsd_selection_maptest_minMaf0.05.sites (Text)
