
PCAngsd v.1.10.
Jonas Meisner and Anders Albrechtsen.
Using 40 thread(s).

Parsing Beagle file.
Loaded 17627135 sites and 81 individuals.
Estimating minor allele frequencies.
EM (MAF) converged at iteration: 12
Number of sites after MAF filtering (0.05): 2507917

Estimating covariance matrix.
Using 1 principal components (MAP test).
Individual allele frequencies estimated (1).
Individual allele frequencies estimated (2). RMSE=0.01568307087865134
Individual allele frequencies estimated (3). RMSE=0.2219271098314968
Individual allele frequencies estimated (4). RMSE=0.00826846301968029
Individual allele frequencies estimated (5). RMSE=0.006054416701390704
Individual allele frequencies estimated (6). RMSE=0.0045139125119833794
Individual allele frequencies estimated (7). RMSE=0.0034190055539121576
Individual allele frequencies estimated (8). RMSE=0.002625153343232371
Individual allele frequencies estimated (9). RMSE=0.0020339470957125502
Individual allele frequencies estimated (10). RMSE=0.0015882807987663149
Individual allele frequencies estimated (11). RMSE=0.0012479911607049688
Individual allele frequencies estimated (12). RMSE=0.0009881062346919032
Individual allele frequencies estimated (13). RMSE=0.0007874076329921751
Individual allele frequencies estimated (14). RMSE=0.0006327573616816685
Individual allele frequencies estimated (15). RMSE=0.0005119140882627057
Individual allele frequencies estimated (16). RMSE=0.00041748999416505453
Individual allele frequencies estimated (17). RMSE=0.0003430029336431986
Individual allele frequencies estimated (18). RMSE=0.00028383591654374056
Individual allele frequencies estimated (19). RMSE=0.000236699095250123
Individual allele frequencies estimated (20). RMSE=0.00019846672160732097
Individual allele frequencies estimated (21). RMSE=0.0001675358752220711
Individual allele frequencies estimated (22). RMSE=0.00014193362216622716
Individual allele frequencies estimated (23). RMSE=0.0001210252167358644
Individual allele frequencies estimated (24). RMSE=0.0001039469289330151
Individual allele frequencies estimated (25). RMSE=8.913907009099094e-05
Individual allele frequencies estimated (26). RMSE=7.691063691546405e-05
Individual allele frequencies estimated (27). RMSE=6.672632831813796e-05
Individual allele frequencies estimated (28). RMSE=5.775092232890208e-05
Individual allele frequencies estimated (29). RMSE=5.0189004480652276e-05
Individual allele frequencies estimated (30). RMSE=4.3685272016903854e-05
Individual allele frequencies estimated (31). RMSE=3.817808506020248e-05
Individual allele frequencies estimated (32). RMSE=3.345988638751098e-05
Individual allele frequencies estimated (33). RMSE=2.9094245345534063e-05
Individual allele frequencies estimated (34). RMSE=2.5562328558423178e-05
Individual allele frequencies estimated (35). RMSE=2.255117951579702e-05
Individual allele frequencies estimated (36). RMSE=1.9942527352182704e-05
Individual allele frequencies estimated (37). RMSE=1.7442922273262446e-05
Individual allele frequencies estimated (38). RMSE=1.558245070233103e-05
Individual allele frequencies estimated (39). RMSE=1.372095471734031e-05
Individual allele frequencies estimated (40). RMSE=1.1970739705210516e-05
Individual allele frequencies estimated (41). RMSE=1.0727373007270464e-05
Individual allele frequencies estimated (42). RMSE=9.291658911085416e-06
PCAngsd converged.
Saved covariance matrix as ./PCAngsd_selection/test05_fltrd_maptest_minMaf0.05.cov (Text).

Performing selection scan (FastPCA) for 1 PCs.
Saved test statistics as ./PCAngsd_selection/test05_fltrd_maptest_minMaf0.05.selection.npy (Binary).

