
PCAngsd v.1.10.
Jonas Meisner and Anders Albrechtsen.
Using 40 thread(s).

Parsing Beagle file.
Loaded 17627135 sites and 81 individuals.
Estimating minor allele frequencies.
EM (MAF) converged at iteration: 12
Number of sites after MAF filtering (0.3): 434560

Estimating covariance matrix.
Using 1 principal components (MAP test).
Individual allele frequencies estimated (1).
Individual allele frequencies estimated (2). RMSE=0.01550465624874328
Individual allele frequencies estimated (3). RMSE=0.2219884125890167
Individual allele frequencies estimated (4). RMSE=0.006703500981251247
Individual allele frequencies estimated (5). RMSE=0.004511314193718898
Individual allele frequencies estimated (6). RMSE=0.0031164740086707826
Individual allele frequencies estimated (7). RMSE=0.002200403493718661
Individual allele frequencies estimated (8). RMSE=0.0015720735353312806
Individual allele frequencies estimated (9). RMSE=0.0011309968262942542
Individual allele frequencies estimated (10). RMSE=0.0008203981921132954
Individual allele frequencies estimated (11). RMSE=0.0006004114537809099
Individual allele frequencies estimated (12). RMSE=0.0004425964480396845
Individual allele frequencies estimated (13). RMSE=0.00032880930247736206
Individual allele frequencies estimated (14). RMSE=0.00024670430875933596
Individual allele frequencies estimated (15). RMSE=0.00018551576804128379
Individual allele frequencies estimated (16). RMSE=0.00014063452896326744
Individual allele frequencies estimated (17). RMSE=0.00010661142595549311
Individual allele frequencies estimated (18). RMSE=8.180001904120954e-05
Individual allele frequencies estimated (19). RMSE=6.300978167821267e-05
Individual allele frequencies estimated (20). RMSE=4.870483458698125e-05
Individual allele frequencies estimated (21). RMSE=3.810184958349623e-05
Individual allele frequencies estimated (22). RMSE=3.004396438955475e-05
Individual allele frequencies estimated (23). RMSE=2.387616526934426e-05
Individual allele frequencies estimated (24). RMSE=1.896017815712868e-05
Individual allele frequencies estimated (25). RMSE=1.5160839516859093e-05
Individual allele frequencies estimated (26). RMSE=1.2076549423296172e-05
Individual allele frequencies estimated (27). RMSE=9.79233353718209e-06
PCAngsd converged.
Saved covariance matrix as ./PCAngsd_selection/test05_fltrd_maptest_minMaf0.3.cov (Text).

Performing selection scan (FastPCA) for 1 PCs.
Saved test statistics as ./PCAngsd_selection/test05_fltrd_maptest_minMaf0.3.selection.npy (Binary).

Saved boolean vector of sites kept after filtering as ./PCAngsd_selection/test05_fltrd_maptest_minMaf0.3.sites (Text)
