
PCAngsd v.1.10.
Jonas Meisner and Anders Albrechtsen.
Using 40 thread(s).

Parsing Beagle file.
Loaded 17627135 sites and 81 individuals.
Estimating minor allele frequencies.
EM (MAF) converged at iteration: 12
Number of sites after MAF filtering (0.1): 1490440

Estimating covariance matrix.
Using 1 principal components (MAP test).
Individual allele frequencies estimated (1).
Individual allele frequencies estimated (2). RMSE=0.015806364641109922
Individual allele frequencies estimated (3). RMSE=0.22194067258455255
Individual allele frequencies estimated (4). RMSE=0.007873890927874707
Individual allele frequencies estimated (5). RMSE=0.005638089650926581
Individual allele frequencies estimated (6). RMSE=0.00412016598225188
Individual allele frequencies estimated (7). RMSE=0.0030661136510281043
Individual allele frequencies estimated (8). RMSE=0.002313674330806417
Individual allele frequencies estimated (9). RMSE=0.0017630833881699622
Individual allele frequencies estimated (10). RMSE=0.001353924595352825
Individual allele frequencies estimated (11). RMSE=0.0010468224328255011
Individual allele frequencies estimated (12). RMSE=0.0008170283283137172
Individual allele frequencies estimated (13). RMSE=0.0006432995194617264
Individual allele frequencies estimated (14). RMSE=0.2222216446979952
Individual allele frequencies estimated (15). RMSE=0.0004088097440704358
Individual allele frequencies estimated (16). RMSE=0.0003298182826871433
Individual allele frequencies estimated (17). RMSE=0.00026802019716343125
Individual allele frequencies estimated (18). RMSE=0.0002194422446458745
Individual allele frequencies estimated (19). RMSE=0.00018095475404934522
Individual allele frequencies estimated (20). RMSE=0.0001501147090755902
Individual allele frequencies estimated (21). RMSE=0.00012531945665534124
Individual allele frequencies estimated (22). RMSE=0.000105037214539499
Individual allele frequencies estimated (23). RMSE=8.84446067703079e-05
Individual allele frequencies estimated (24). RMSE=7.480480577678683e-05
Individual allele frequencies estimated (25). RMSE=6.361616888642958e-05
Individual allele frequencies estimated (26). RMSE=5.403069200079617e-05
Individual allele frequencies estimated (27). RMSE=4.617835954789133e-05
Individual allele frequencies estimated (28). RMSE=3.97650029536492e-05
Individual allele frequencies estimated (29). RMSE=3.384567761421059e-05
Individual allele frequencies estimated (30). RMSE=2.933281942410594e-05
Individual allele frequencies estimated (31). RMSE=2.5246820879919928e-05
Individual allele frequencies estimated (32). RMSE=2.1767890974696423e-05
Individual allele frequencies estimated (33). RMSE=1.8950668552280366e-05
Individual allele frequencies estimated (34). RMSE=1.6595700416729383e-05
Individual allele frequencies estimated (35). RMSE=1.418103572106553e-05
Individual allele frequencies estimated (36). RMSE=1.2341781622635745e-05
Individual allele frequencies estimated (37). RMSE=1.0762188302367788e-05
Individual allele frequencies estimated (38). RMSE=9.382776495305478e-06
PCAngsd converged.
Saved covariance matrix as ./PCAngsd_selection/test05_fltrd_maptest_minMaf0.1.cov (Text).

Performing selection scan (FastPCA) for 1 PCs.
Saved test statistics as ./PCAngsd_selection/test05_fltrd_maptest_minMaf0.1.selection.npy (Binary).

Saved boolean vector of sites kept after filtering as ./PCAngsd_selection/test05_fltrd_maptest_minMaf0.1.sites (Text)
