
==> Input Arguments:
	geno: mkGLF/Sfa-ABas-CBas_all_final_fltrd.glf
	probs: true
	log_scale: true
	n_ind: 81
	n_sites: 509340
	pos: mkGLF/Sfa-ABas-CBas_all_final_fltrd.glf.pos.gz (WITHOUT header)
	max_kb_dist (kb): 100
	max_snp_dist: 0
	min_maf: 0.001000
	ignore_miss_data: false
	call_geno: false
	N_thresh: 0.000000
	call_thresh: 0.000000
	rnd_sample: 1.000000
	seed: 1654722514
	extend_out: false
	out: ./ngsLD/Sfa-ABas-CBas_all_final_fltrd.glf
	n_threads: 40
	verbose: 1
	version: 1.1.0 (Mar 24 2022 @ 20:43:20)

==> BINARY input file (always lkl)
> Reading data from file...
==> Calculating MAF for all sites...
==> Getting sites coordinates
==> Launching threads...
==> Waiting for all threads to finish...
==> Freeing memory...
Done!
