Looking to launch executable "/opt/conda/bin/bwa-meme_mode3.avx512bw", simd = _mode3.avx512bw
Launching executable "/opt/conda/bin/bwa-meme_mode3.avx512bw"
-----------------------------
Executing in AVX512 mode!!
-----------------------------
* SA compression enabled with xfactor: 8
* Ref file: reference.ssl.Cvi.fasta
* Entering FMI_search
Reading other elements of the index from files reference.ssl.Cvi.fasta
* Index prefix: reference.ssl.Cvi.fasta
* Read 0 ALT contigs
* Reading reference genome..
* Binary seq file = reference.ssl.Cvi.fasta.0123
* Reference genome size: 1654032310 bp
* Done reading reference genome !!

------------------------------------------
1. Memory pre-allocation for Chaining: 5679.4903 MB
2. Memory pre-allocation for BSW: 9584.6810 MB
[M::memoryAllocLearned::MEME] Reading Learned-index models into memory
[Learned-Config] MODE:3 SEARCH_METHOD: 1 MEM_TRADEOFF:1 EXPONENTIAL_SMEMSEARCH: 1 DEBUG_MODE:0 Num 2nd Models:268435456 PWL Bits Used:28
[M::memoryAllocLearned::MEME] Loading RMI model and Pac reference file took 11.542 sec
[M::memoryAllocLearned::MEME] Reading suffix array into memory
[M::memoryAllocLearned::MEME] Loading pos_packed file took 14.687 sec
[M::memoryAllocLearned::MEME] Generating SA, 64-bit Suffix and ISA in memory
[M::memoryAllocLearned::MEME] Runtime-build-index took 19.639 sec
3. Memory pre-allocation for BWT: 8913.5523 MB
------------------------------------------
* Threads used (compute): 40
* No. of pipeline threads: 2

[0000] read_chunk: 400000000, work_chunk_size: 400000186, nseq: 3038278
	[0000][ M::kt_pipeline] read 3038278 sequences (400000186 bp)...
[0000] Reallocating initial memory allocations!!
[0000] Calling mem_process_seqs.., task: 0
[0000] 1. Calling kt_for - worker_bwt
[0000] 2. Calling kt_for - worker_aln
[0000] Inferring insert size distribution of PE reads from data, l_pac: 827016155, n: 3038278
[0000][PE] # candidate unique pairs for (FF, FR, RF, RR): (182, 404311, 227, 127)
[0000][PE] analyzing insert size distribution for orientation FF...
[0000][PE] (25, 50, 75) percentile: (44, 92, 127)
[0000][PE] low and high boundaries for computing mean and std.dev: (1, 293)
[0000][PE] mean and std.dev: (91.62, 51.70)
[0000][PE] low and high boundaries for proper pairs: (1, 376)
[0000][PE] analyzing insert size distribution for orientation FR...
[0000][PE] (25, 50, 75) percentile: (74, 108, 175)
[0000][PE] low and high boundaries for computing mean and std.dev: (1, 377)
[0000][PE] mean and std.dev: (131.75, 76.24)
[0000][PE] low and high boundaries for proper pairs: (1, 478)
[0000][PE] analyzing insert size distribution for orientation RF...
[0000][PE] (25, 50, 75) percentile: (97, 458, 700)
[0000][PE] low and high boundaries for computing mean and std.dev: (1, 1906)
[0000][PE] mean and std.dev: (420.65, 315.52)
[0000][PE] low and high boundaries for proper pairs: (1, 2509)
[0000][PE] analyzing insert size distribution for orientation RR...
[0000][PE] (25, 50, 75) percentile: (53, 73, 106)
[0000][PE] low and high boundaries for computing mean and std.dev: (1, 212)
[0000][PE] mean and std.dev: (80.65, 42.53)
[0000][PE] low and high boundaries for proper pairs: (1, 265)
[0000][PE] skip orientation FF
[0000][PE] skip orientation RF
[0000][PE] skip orientation RR
[0000] 3. Calling kt_for - worker_sam
[0000] read_chunk: 400000000, work_chunk_size: 400000057, nseq: 3036484
	[0000][ M::kt_pipeline] read 3036484 sequences (400000057 bp)...
	[0000][ M::mem_process_seqs] Processed 3038278 reads in 341.581 CPU sec, 8.977 real sec
[0000] Calling mem_process_seqs.., task: 1
[0000] 1. Calling kt_for - worker_bwt
[0000] 2. Calling kt_for - worker_aln
[0000] Inferring insert size distribution of PE reads from data, l_pac: 827016155, n: 3036484
[0000][PE] # candidate unique pairs for (FF, FR, RF, RR): (149, 404320, 487, 117)
[0000][PE] analyzing insert size distribution for orientation FF...
[0000][PE] (25, 50, 75) percentile: (52, 92, 154)
[0000][PE] low and high boundaries for computing mean and std.dev: (1, 358)
[0000][PE] mean and std.dev: (105.14, 68.34)
[0000][PE] low and high boundaries for proper pairs: (1, 460)
[0000][PE] analyzing insert size distribution for orientation FR...
[0000][PE] (25, 50, 75) percentile: (75, 108, 176)
[0000][PE] low and high boundaries for computing mean and std.dev: (1, 378)
[0000][PE] mean and std.dev: (132.22, 76.57)
[0000][PE] low and high boundaries for proper pairs: (1, 479)
[0000][PE] analyzing insert size distribution for orientation RF...
[0000][PE] (25, 50, 75) percentile: (321, 690, 745)
[0000][PE] low and high boundaries for computing mean and std.dev: (1, 1593)
[0000][PE] mean and std.dev: (562.18, 275.76)
[0000][PE] low and high boundaries for proper pairs: (1, 2017)
[0000][PE] analyzing insert size distribution for orientation RR...
[0000][PE] (25, 50, 75) percentile: (54, 78, 121)
[0000][PE] low and high boundaries for computing mean and std.dev: (1, 255)
[0000][PE] mean and std.dev: (87.50, 51.89)
[0000][PE] low and high boundaries for proper pairs: (1, 322)
[0000][PE] skip orientation FF
[0000][PE] skip orientation RF
[0000][PE] skip orientation RR
[0000] 3. Calling kt_for - worker_sam
	[0000][ M::mem_process_seqs] Processed 3036484 reads in 337.449 CPU sec, 9.003 real sec
[0000] read_chunk: 400000000, work_chunk_size: 400000024, nseq: 3036978
	[0000][ M::kt_pipeline] read 3036978 sequences (400000024 bp)...
[0000] Calling mem_process_seqs.., task: 2
[0000] 1. Calling kt_for - worker_bwt
[0000] 2. Calling kt_for - worker_aln
[0000] Inferring insert size distribution of PE reads from data, l_pac: 827016155, n: 3036978
[0000][PE] # candidate unique pairs for (FF, FR, RF, RR): (201, 405778, 290, 144)
[0000][PE] analyzing insert size distribution for orientation FF...
[0000][PE] (25, 50, 75) percentile: (52, 91, 164)
[0000][PE] low and high boundaries for computing mean and std.dev: (1, 388)
[0000][PE] mean and std.dev: (112.43, 76.26)
[0000][PE] low and high boundaries for proper pairs: (1, 500)
[0000][PE] analyzing insert size distribution for orientation FR...
[0000][PE] (25, 50, 75) percentile: (75, 108, 176)
[0000][PE] low and high boundaries for computing mean and std.dev: (1, 378)
[0000][PE] mean and std.dev: (131.92, 76.14)
[0000][PE] low and high boundaries for proper pairs: (1, 479)
[0000][PE] analyzing insert size distribution for orientation RF...
[0000][PE] (25, 50, 75) percentile: (61, 212, 707)
[0000][PE] low and high boundaries for computing mean and std.dev: (1, 1999)
[0000][PE] mean and std.dev: (361.14, 320.48)
[0000][PE] low and high boundaries for proper pairs: (1, 2645)
[0000][PE] analyzing insert size distribution for orientation RR...
[0000][PE] (25, 50, 75) percentile: (57, 86, 124)
[0000][PE] low and high boundaries for computing mean and std.dev: (1, 258)
[0000][PE] mean and std.dev: (93.69, 54.96)
[0000][PE] low and high boundaries for proper pairs: (1, 325)
[0000][PE] skip orientation FF
[0000][PE] skip orientation RF
[0000][PE] skip orientation RR
[0000] 3. Calling kt_for - worker_sam
[0000] read_chunk: 400000000, work_chunk_size: 400000280, nseq: 3036234
	[0000][ M::mem_process_seqs] Processed 3036978 reads in 335.665 CPU sec, 8.822 real sec
	[0000][ M::kt_pipeline] read 3036234 sequences (400000280 bp)...
[0000] Calling mem_process_seqs.., task: 3
[0000] 1. Calling kt_for - worker_bwt
[0000] 2. Calling kt_for - worker_aln
[0000] Inferring insert size distribution of PE reads from data, l_pac: 827016155, n: 3036234
[0000][PE] # candidate unique pairs for (FF, FR, RF, RR): (147, 403593, 316, 166)
[0000][PE] analyzing insert size distribution for orientation FF...
[0000][PE] (25, 50, 75) percentile: (50, 67, 123)
[0000][PE] low and high boundaries for computing mean and std.dev: (1, 269)
[0000][PE] mean and std.dev: (88.96, 58.14)
[0000][PE] low and high boundaries for proper pairs: (1, 342)
[0000][PE] analyzing insert size distribution for orientation FR...
[0000][PE] (25, 50, 75) percentile: (74, 107, 174)
[0000][PE] low and high boundaries for computing mean and std.dev: (1, 374)
[0000][PE] mean and std.dev: (131.04, 75.35)
[0000][PE] low and high boundaries for proper pairs: (1, 474)
[0000][PE] analyzing insert size distribution for orientation RF...
[0000][PE] (25, 50, 75) percentile: (456, 683, 728)
[0000][PE] low and high boundaries for computing mean and std.dev: (1, 1272)
[0000][PE] mean and std.dev: (567.93, 253.92)
[0000][PE] low and high boundaries for proper pairs: (1, 1584)
[0000][PE] analyzing insert size distribution for orientation RR...
[0000][PE] (25, 50, 75) percentile: (46, 92, 135)
[0000][PE] low and high boundaries for computing mean and std.dev: (1, 313)
[0000][PE] mean and std.dev: (96.71, 59.52)
[0000][PE] low and high boundaries for proper pairs: (1, 402)
[0000][PE] skip orientation FF
[0000][PE] skip orientation RF
[0000][PE] skip orientation RR
[0000] 3. Calling kt_for - worker_sam
	[0000][ M::mem_process_seqs] Processed 3036234 reads in 339.080 CPU sec, 9.061 real sec
[0000] read_chunk: 400000000, work_chunk_size: 400000220, nseq: 3040998
	[0000][ M::kt_pipeline] read 3040998 sequences (400000220 bp)...
[0000] Reallocating initial memory allocations!!
[0000] Calling mem_process_seqs.., task: 4
[0000] 1. Calling kt_for - worker_bwt
[0000] 2. Calling kt_for - worker_aln
[0000] Inferring insert size distribution of PE reads from data, l_pac: 827016155, n: 3040998
[0000][PE] # candidate unique pairs for (FF, FR, RF, RR): (199, 400659, 141, 132)
[0000][PE] analyzing insert size distribution for orientation FF...
[0000][PE] (25, 50, 75) percentile: (46, 77, 149)
[0000][PE] low and high boundaries for computing mean and std.dev: (1, 355)
[0000][PE] mean and std.dev: (100.55, 70.25)
[0000][PE] low and high boundaries for proper pairs: (1, 458)
[0000][PE] analyzing insert size distribution for orientation FR...
[0000][PE] (25, 50, 75) percentile: (75, 108, 176)
[0000][PE] low and high boundaries for computing mean and std.dev: (1, 378)
[0000][PE] mean and std.dev: (131.95, 76.25)
[0000][PE] low and high boundaries for proper pairs: (1, 479)
[0000][PE] analyzing insert size distribution for orientation RF...
[0000][PE] (25, 50, 75) percentile: (105, 278, 706)
[0000][PE] low and high boundaries for computing mean and std.dev: (1, 1908)
[0000][PE] mean and std.dev: (380.77, 302.85)
[0000][PE] low and high boundaries for proper pairs: (1, 2509)
[0000][PE] analyzing insert size distribution for orientation RR...
[0000][PE] (25, 50, 75) percentile: (35, 67, 113)
[0000][PE] low and high boundaries for computing mean and std.dev: (1, 269)
[0000][PE] mean and std.dev: (75.77, 50.96)
[0000][PE] low and high boundaries for proper pairs: (1, 347)
[0000][PE] skip orientation FF
[0000][PE] skip orientation RF
[0000][PE] skip orientation RR
[0000] 3. Calling kt_for - worker_sam
[0000] read_chunk: 400000000, work_chunk_size: 400000035, nseq: 3038492
	[0000][ M::kt_pipeline] read 3038492 sequences (400000035 bp)...
	[0000][ M::mem_process_seqs] Processed 3040998 reads in 354.982 CPU sec, 9.317 real sec
[0000] Calling mem_process_seqs.., task: 5
[0000] 1. Calling kt_for - worker_bwt
[0000] 2. Calling kt_for - worker_aln
[0000] Inferring insert size distribution of PE reads from data, l_pac: 827016155, n: 3038492
[0000][PE] # candidate unique pairs for (FF, FR, RF, RR): (156, 401235, 297, 138)
[0000][PE] analyzing insert size distribution for orientation FF...
[0000][PE] (25, 50, 75) percentile: (50, 82, 132)
[0000][PE] low and high boundaries for computing mean and std.dev: (1, 296)
[0000][PE] mean and std.dev: (95.12, 61.07)
[0000][PE] low and high boundaries for proper pairs: (1, 378)
[0000][PE] analyzing insert size distribution for orientation FR...
[0000][PE] (25, 50, 75) percentile: (75, 108, 176)
[0000][PE] low and high boundaries for computing mean and std.dev: (1, 378)
[0000][PE] mean and std.dev: (131.95, 76.25)
[0000][PE] low and high boundaries for proper pairs: (1, 479)
[0000][PE] analyzing insert size distribution for orientation RF...
[0000][PE] (25, 50, 75) percentile: (59, 188, 685)
[0000][PE] low and high boundaries for computing mean and std.dev: (1, 1937)
[0000][PE] mean and std.dev: (365.95, 314.19)
[0000][PE] low and high boundaries for proper pairs: (1, 2563)
[0000][PE] analyzing insert size distribution for orientation RR...
[0000][PE] (25, 50, 75) percentile: (49, 76, 116)
[0000][PE] low and high boundaries for computing mean and std.dev: (1, 250)
[0000][PE] mean and std.dev: (84.13, 51.34)
[0000][PE] low and high boundaries for proper pairs: (1, 317)
[0000][PE] skip orientation FF
[0000][PE] skip orientation RF
[0000][PE] skip orientation RR
[0000] 3. Calling kt_for - worker_sam
	[0000][ M::mem_process_seqs] Processed 3038492 reads in 352.878 CPU sec, 9.324 real sec
[0000] read_chunk: 400000000, work_chunk_size: 400000264, nseq: 3037966
	[0000][ M::kt_pipeline] read 3037966 sequences (400000264 bp)...
[0000] Calling mem_process_seqs.., task: 6
[0000] 1. Calling kt_for - worker_bwt
[0000] 2. Calling kt_for - worker_aln
[0000] Inferring insert size distribution of PE reads from data, l_pac: 827016155, n: 3037966
[0000][PE] # candidate unique pairs for (FF, FR, RF, RR): (177, 401453, 561, 187)
[0000][PE] analyzing insert size distribution for orientation FF...
[0000][PE] (25, 50, 75) percentile: (53, 89, 126)
[0000][PE] low and high boundaries for computing mean and std.dev: (1, 272)
[0000][PE] mean and std.dev: (96.51, 56.16)
[0000][PE] low and high boundaries for proper pairs: (1, 345)
[0000][PE] analyzing insert size distribution for orientation FR...
[0000][PE] (25, 50, 75) percentile: (74, 107, 174)
[0000][PE] low and high boundaries for computing mean and std.dev: (1, 374)
[0000][PE] mean and std.dev: (130.77, 75.21)
[0000][PE] low and high boundaries for proper pairs: (1, 474)
[0000][PE] analyzing insert size distribution for orientation RF...
[0000][PE] (25, 50, 75) percentile: (51, 614, 724)
[0000][PE] low and high boundaries for computing mean and std.dev: (1, 2070)
[0000][PE] mean and std.dev: (407.03, 331.35)
[0000][PE] low and high boundaries for proper pairs: (1, 2743)
[0000][PE] analyzing insert size distribution for orientation RR...
[0000][PE] (25, 50, 75) percentile: (46, 72, 139)
[0000][PE] low and high boundaries for computing mean and std.dev: (1, 325)
[0000][PE] mean and std.dev: (98.48, 68.06)
[0000][PE] low and high boundaries for proper pairs: (1, 418)
[0000][PE] skip orientation FF
[0000][PE] skip orientation RF
[0000][PE] skip orientation RR
[0000] 3. Calling kt_for - worker_sam
[0000] read_chunk: 400000000, work_chunk_size: 400000139, nseq: 3042418
	[0000][ M::kt_pipeline] read 3042418 sequences (400000139 bp)...
	[0000][ M::mem_process_seqs] Processed 3037966 reads in 348.523 CPU sec, 9.205 real sec
[0000] Reallocating initial memory allocations!!
[0000] Calling mem_process_seqs.., task: 7
[0000] 1. Calling kt_for - worker_bwt
[0000] 2. Calling kt_for - worker_aln
[0000] Inferring insert size distribution of PE reads from data, l_pac: 827016155, n: 3042418
[0000][PE] # candidate unique pairs for (FF, FR, RF, RR): (170, 405436, 148, 122)
[0000][PE] analyzing insert size distribution for orientation FF...
[0000][PE] (25, 50, 75) percentile: (45, 70, 131)
[0000][PE] low and high boundaries for computing mean and std.dev: (1, 303)
[0000][PE] mean and std.dev: (91.97, 63.92)
[0000][PE] low and high boundaries for proper pairs: (1, 389)
[0000][PE] analyzing insert size distribution for orientation FR...
[0000][PE] (25, 50, 75) percentile: (74, 107, 175)
[0000][PE] low and high boundaries for computing mean and std.dev: (1, 377)
[0000][PE] mean and std.dev: (131.35, 75.91)
[0000][PE] low and high boundaries for proper pairs: (1, 478)
[0000][PE] analyzing insert size distribution for orientation RF...
[0000][PE] (25, 50, 75) percentile: (56, 160, 721)
[0000][PE] low and high boundaries for computing mean and std.dev: (1, 2051)
[0000][PE] mean and std.dev: (345.47, 325.86)
[0000][PE] low and high boundaries for proper pairs: (1, 2716)
[0000][PE] analyzing insert size distribution for orientation RR...
[0000][PE] (25, 50, 75) percentile: (55, 86, 145)
[0000][PE] low and high boundaries for computing mean and std.dev: (1, 325)
[0000][PE] mean and std.dev: (101.64, 60.91)
[0000][PE] low and high boundaries for proper pairs: (1, 415)
[0000][PE] skip orientation FF
[0000][PE] skip orientation RF
[0000][PE] skip orientation RR
[0000] 3. Calling kt_for - worker_sam
	[0000][ M::mem_process_seqs] Processed 3042418 reads in 348.657 CPU sec, 9.232 real sec
[0000] read_chunk: 400000000, work_chunk_size: 400000245, nseq: 3036396
	[0000][ M::kt_pipeline] read 3036396 sequences (400000245 bp)...
[0000] Calling mem_process_seqs.., task: 8
[0000] 1. Calling kt_for - worker_bwt
[0000] 2. Calling kt_for - worker_aln
[0000] Inferring insert size distribution of PE reads from data, l_pac: 827016155, n: 3036396
[0000][PE] # candidate unique pairs for (FF, FR, RF, RR): (166, 398667, 155, 176)
[0000][PE] analyzing insert size distribution for orientation FF...
[0000][PE] (25, 50, 75) percentile: (39, 63, 105)
[0000][PE] low and high boundaries for computing mean and std.dev: (1, 237)
[0000][PE] mean and std.dev: (73.24, 48.33)
[0000][PE] low and high boundaries for proper pairs: (1, 303)
[0000][PE] analyzing insert size distribution for orientation FR...
[0000][PE] (25, 50, 75) percentile: (74, 107, 173)
[0000][PE] low and high boundaries for computing mean and std.dev: (1, 371)
[0000][PE] mean and std.dev: (130.13, 74.45)
[0000][PE] low and high boundaries for proper pairs: (1, 470)
[0000][PE] analyzing insert size distribution for orientation RF...
[0000][PE] (25, 50, 75) percentile: (90, 124, 604)
[0000][PE] low and high boundaries for computing mean and std.dev: (1, 1632)
[0000][PE] mean and std.dev: (296.03, 316.24)
[0000][PE] low and high boundaries for proper pairs: (1, 2146)
[0000][PE] analyzing insert size distribution for orientation RR...
[0000][PE] (25, 50, 75) percentile: (50, 79, 142)
[0000][PE] low and high boundaries for computing mean and std.dev: (1, 326)
[0000][PE] mean and std.dev: (101.90, 69.27)
[0000][PE] low and high boundaries for proper pairs: (1, 418)
[0000][PE] skip orientation FF
[0000][PE] skip orientation RF
[0000][PE] skip orientation RR
[0000] 3. Calling kt_for - worker_sam
	[0000][ M::mem_process_seqs] Processed 3036396 reads in 342.338 CPU sec, 9.067 real sec
[0000] read_chunk: 400000000, work_chunk_size: 400000203, nseq: 3038256
	[0000][ M::kt_pipeline] read 3038256 sequences (400000203 bp)...
[0000] Calling mem_process_seqs.., task: 9
[0000] 1. Calling kt_for - worker_bwt
[0000] 2. Calling kt_for - worker_aln
[0000] Inferring insert size distribution of PE reads from data, l_pac: 827016155, n: 3038256
[0000][PE] # candidate unique pairs for (FF, FR, RF, RR): (163, 405491, 496, 175)
[0000][PE] analyzing insert size distribution for orientation FF...
[0000][PE] (25, 50, 75) percentile: (51, 77, 118)
[0000][PE] low and high boundaries for computing mean and std.dev: (1, 252)
[0000][PE] mean and std.dev: (90.91, 56.02)
[0000][PE] low and high boundaries for proper pairs: (1, 319)
[0000][PE] analyzing insert size distribution for orientation FR...
[0000][PE] (25, 50, 75) percentile: (75, 107, 175)
[0000][PE] low and high boundaries for computing mean and std.dev: (1, 375)
[0000][PE] mean and std.dev: (131.17, 75.23)
[0000][PE] low and high boundaries for proper pairs: (1, 475)
[0000][PE] analyzing insert size distribution for orientation RF...
[0000][PE] (25, 50, 75) percentile: (152, 701, 779)
[0000][PE] low and high boundaries for computing mean and std.dev: (1, 2033)
[0000][PE] mean and std.dev: (550.59, 327.06)
[0000][PE] low and high boundaries for proper pairs: (1, 2660)
[0000][PE] analyzing insert size distribution for orientation RR...
[0000][PE] (25, 50, 75) percentile: (45, 72, 134)
[0000][PE] low and high boundaries for computing mean and std.dev: (1, 312)
[0000][PE] mean and std.dev: (99.12, 71.36)
[0000][PE] low and high boundaries for proper pairs: (1, 401)
[0000][PE] skip orientation FF
[0000][PE] skip orientation RF
[0000][PE] skip orientation RR
[0000] 3. Calling kt_for - worker_sam
[0000] read_chunk: 400000000, work_chunk_size: 375014404, nseq: 2847304
	[0000][ M::kt_pipeline] read 2847304 sequences (375014404 bp)...
	[0000][ M::mem_process_seqs] Processed 3038256 reads in 341.818 CPU sec, 9.032 real sec
[0000] Calling mem_process_seqs.., task: 10
[0000] 1. Calling kt_for - worker_bwt
[0000] 2. Calling kt_for - worker_aln
[0000] read_chunk: 400000000, work_chunk_size: 0, nseq: 0
[0000] Inferring insert size distribution of PE reads from data, l_pac: 827016155, n: 2847304
[0000][PE] # candidate unique pairs for (FF, FR, RF, RR): (174, 377167, 364, 139)
[0000][PE] analyzing insert size distribution for orientation FF...
[0000][PE] (25, 50, 75) percentile: (40, 72, 129)
[0000][PE] low and high boundaries for computing mean and std.dev: (1, 307)
[0000][PE] mean and std.dev: (88.46, 57.38)
[0000][PE] low and high boundaries for proper pairs: (1, 396)
[0000][PE] analyzing insert size distribution for orientation FR...
[0000][PE] (25, 50, 75) percentile: (74, 107, 174)
[0000][PE] low and high boundaries for computing mean and std.dev: (1, 374)
[0000][PE] mean and std.dev: (130.75, 75.13)
[0000][PE] low and high boundaries for proper pairs: (1, 474)
[0000][PE] analyzing insert size distribution for orientation RF...
[0000][PE] (25, 50, 75) percentile: (635, 707, 767)
[0000][PE] low and high boundaries for computing mean and std.dev: (371, 1031)
[0000][PE] mean and std.dev: (730.44, 73.61)
[0000][PE] low and high boundaries for proper pairs: (239, 1163)
[0000][PE] analyzing insert size distribution for orientation RR...
[0000][PE] (25, 50, 75) percentile: (51, 75, 116)
[0000][PE] low and high boundaries for computing mean and std.dev: (1, 246)
[0000][PE] mean and std.dev: (84.87, 49.08)
[0000][PE] low and high boundaries for proper pairs: (1, 311)
[0000][PE] skip orientation FF
[0000][PE] skip orientation RF
[0000][PE] skip orientation RR
[0000] 3. Calling kt_for - worker_sam
	[0000][ M::mem_process_seqs] Processed 2847304 reads in 320.233 CPU sec, 8.765 real sec
[0000] read_chunk: 400000000, work_chunk_size: 0, nseq: 0
[0000] Computation ends..
No. of OMP threads: 40
Processor is running @2394.704022 MHz
Runtime profile:

	Time taken for main_mem function: 168.73 sec

	IO times (sec) :
	Reading IO time (reads) avg: 94.11, (94.11, 94.11)
	Writing IO time (SAM) avg: 35.16, (35.16, 35.16)
	Reading IO time (Reference Genome) avg: 0.70, (0.70, 0.70)
	Index read time avg: 0.40, (0.40, 0.40)

	Overall time (sec) (Excluding Index reading time):
	PROCESS() (Total compute time + (read + SAM) IO time) : 167.37
	MEM_PROCESS_SEQ() (Total compute time (Kernel + SAM)), avg: 99.79, (99.79, 99.79)

	 SAM Processing time (sec):
	--WORKER_SAM avg: 35.43, (35.43, 35.43)

	Kernels' compute time (sec):
	Total kernel (smem+sal+bsw) time avg: 62.58, (62.58, 62.58)
		MEM_ALN_CHAIN_FLT avg: 0.00, (0.00, 0.00)
		MEM_ALN_CHAIN_SEED avg: 0.00, (0.00, 0.00)
		ERT_SEED_CHAIN avg: 0.00, (0.00, 0.00)
	LEARNED_SEED_CHAIN avg: 36.43, (36.53, 36.31)
		SMEM compute avg: 0.00, (0.00, 0.00)
		SAL compute avg: 0.00, (0.00, 0.00)
				MEM_SA avg: 0.00, (0.00, 0.00)

		BSW time, avg: 24.43, (24.69, 24.15)

Important parameter settings: 
	BATCH_SIZE: 512
	MAX_SEQ_LEN_REF: 256
	MAX_SEQ_LEN_QER: 128
	MAX_SEQ_LEN8: 128
	SEEDS_PER_READ: 500
	SIMD_WIDTH8 X: 64
	SIMD_WIDTH16 X: 32
	AVG_SEEDS_PER_READ: 64
