Looking to launch executable "/opt/conda/bin/bwa-meme_mode3.avx512bw", simd = _mode3.avx512bw
Launching executable "/opt/conda/bin/bwa-meme_mode3.avx512bw"
-----------------------------
Executing in AVX512 mode!!
-----------------------------
* SA compression enabled with xfactor: 8
* Ref file: reference.ssl.Cvi.fasta
* Entering FMI_search
* Index file found. Loading index from reference.ssl.Cvi.fasta.bwt.2bit.64
* Reference seq len for bi-index = 1654032311
* sentinel-index: 1124853023
* Count:
0,	1
1,	494271467
2,	827016156
3,	1159760845
4,	1654032311

* Reading other elements of the index from files reference.ssl.Cvi.fasta
* Index prefix: reference.ssl.Cvi.fasta
* Read 0 ALT contigs
* Done reading Index!!
* Reading reference genome..
* Binary seq file = reference.ssl.Cvi.fasta.0123
* Reference genome size: 1654032310 bp
* Done reading reference genome !!

------------------------------------------
1. Memory pre-allocation for Chaining: 5679.4903 MB
2. Memory pre-allocation for BSW: 9584.6810 MB
3. Memory pre-allocation for BWT: 3092.5670 MB
------------------------------------------
* Threads used (compute): 40
* No. of pipeline threads: 2

[0000] read_chunk: 400000000, work_chunk_size: 400000173, nseq: 2977708
	[0000][ M::kt_pipeline] read 2977708 sequences (400000173 bp)...
[0000] Reallocating initial memory allocations!!
[0000] Calling mem_process_seqs.., task: 0
[0000] 1. Calling kt_for - worker_bwt
[0000] read_chunk: 400000000, work_chunk_size: 400000258, nseq: 2975410
	[0000][ M::kt_pipeline] read 2975410 sequences (400000258 bp)...
[0000] 2. Calling kt_for - worker_aln
[0000] Inferring insert size distribution of PE reads from data, l_pac: 827016155, n: 2977708
[0000][PE] # candidate unique pairs for (FF, FR, RF, RR): (64, 312446, 408, 85)
[0000][PE] analyzing insert size distribution for orientation FF...
[0000][PE] (25, 50, 75) percentile: (34, 55, 91)
[0000][PE] low and high boundaries for computing mean and std.dev: (1, 205)
[0000][PE] mean and std.dev: (65.32, 49.63)
[0000][PE] low and high boundaries for proper pairs: (1, 264)
[0000][PE] analyzing insert size distribution for orientation FR...
[0000][PE] (25, 50, 75) percentile: (71, 103, 177)
[0000][PE] low and high boundaries for computing mean and std.dev: (1, 389)
[0000][PE] mean and std.dev: (131.16, 79.21)
[0000][PE] low and high boundaries for proper pairs: (1, 495)
[0000][PE] analyzing insert size distribution for orientation RF...
[0000][PE] (25, 50, 75) percentile: (234, 686, 736)
[0000][PE] low and high boundaries for computing mean and std.dev: (1, 1740)
[0000][PE] mean and std.dev: (548.21, 288.55)
[0000][PE] low and high boundaries for proper pairs: (1, 2242)
[0000][PE] analyzing insert size distribution for orientation RR...
[0000][PE] (25, 50, 75) percentile: (52, 69, 123)
[0000][PE] low and high boundaries for computing mean and std.dev: (1, 265)
[0000][PE] mean and std.dev: (84.63, 53.98)
[0000][PE] low and high boundaries for proper pairs: (1, 336)
[0000][PE] skip orientation FF
[0000][PE] skip orientation RF
[0000][PE] skip orientation RR
[0000] 3. Calling kt_for - worker_sam
	[0000][ M::mem_process_seqs] Processed 2977708 reads in 518.712 CPU sec, 13.322 real sec
[0000] Calling mem_process_seqs.., task: 1
[0000] 1. Calling kt_for - worker_bwt
[0000] 2. Calling kt_for - worker_aln
[0000] Inferring insert size distribution of PE reads from data, l_pac: 827016155, n: 2975410
[0000][PE] # candidate unique pairs for (FF, FR, RF, RR): (76, 312050, 281, 59)
[0000][PE] analyzing insert size distribution for orientation FF...
[0000][PE] (25, 50, 75) percentile: (50, 73, 125)
[0000][PE] low and high boundaries for computing mean and std.dev: (1, 275)
[0000][PE] mean and std.dev: (94.07, 61.75)
[0000][PE] low and high boundaries for proper pairs: (1, 350)
[0000][PE] analyzing insert size distribution for orientation FR...
[0000][PE] (25, 50, 75) percentile: (71, 104, 177)
[0000][PE] low and high boundaries for computing mean and std.dev: (1, 389)
[0000][PE] mean and std.dev: (131.35, 79.08)
[0000][PE] low and high boundaries for proper pairs: (1, 495)
[0000][PE] analyzing insert size distribution for orientation RF...
[0000][PE] (25, 50, 75) percentile: (97, 682, 732)
[0000][PE] low and high boundaries for computing mean and std.dev: (1, 2002)
[0000][PE] mean and std.dev: (493.27, 311.13)
[0000][PE] low and high boundaries for proper pairs: (1, 2637)
[0000][PE] analyzing insert size distribution for orientation RR...
[0000][PE] (25, 50, 75) percentile: (38, 57, 99)
[0000][PE] low and high boundaries for computing mean and std.dev: (1, 221)
[0000][PE] mean and std.dev: (67.89, 48.60)
[0000][PE] low and high boundaries for proper pairs: (1, 282)
[0000][PE] skip orientation FF
[0000][PE] skip orientation RF
[0000][PE] skip orientation RR
[0000] 3. Calling kt_for - worker_sam
	[0000][ M::mem_process_seqs] Processed 2975410 reads in 475.237 CPU sec, 12.534 real sec
[0000] read_chunk: 400000000, work_chunk_size: 400000284, nseq: 2975942
	[0000][ M::kt_pipeline] read 2975942 sequences (400000284 bp)...
[0000] Calling mem_process_seqs.., task: 2
[0000] 1. Calling kt_for - worker_bwt
[0000] 2. Calling kt_for - worker_aln
[0000] read_chunk: 400000000, work_chunk_size: 400000027, nseq: 2978106
	[0000][ M::kt_pipeline] read 2978106 sequences (400000027 bp)...
[0000] Inferring insert size distribution of PE reads from data, l_pac: 827016155, n: 2975942
[0000][PE] # candidate unique pairs for (FF, FR, RF, RR): (106, 307118, 289, 83)
[0000][PE] analyzing insert size distribution for orientation FF...
[0000][PE] (25, 50, 75) percentile: (41, 63, 108)
[0000][PE] low and high boundaries for computing mean and std.dev: (1, 242)
[0000][PE] mean and std.dev: (75.11, 45.11)
[0000][PE] low and high boundaries for proper pairs: (1, 309)
[0000][PE] analyzing insert size distribution for orientation FR...
[0000][PE] (25, 50, 75) percentile: (71, 103, 175)
[0000][PE] low and high boundaries for computing mean and std.dev: (1, 383)
[0000][PE] mean and std.dev: (130.10, 77.92)
[0000][PE] low and high boundaries for proper pairs: (1, 487)
[0000][PE] analyzing insert size distribution for orientation RF...
[0000][PE] (25, 50, 75) percentile: (641, 684, 718)
[0000][PE] low and high boundaries for computing mean and std.dev: (487, 872)
[0000][PE] mean and std.dev: (699.79, 49.81)
[0000][PE] low and high boundaries for proper pairs: (410, 949)
[0000][PE] analyzing insert size distribution for orientation RR...
[0000][PE] (25, 50, 75) percentile: (41, 57, 85)
[0000][PE] low and high boundaries for computing mean and std.dev: (1, 173)
[0000][PE] mean and std.dev: (59.09, 27.79)
[0000][PE] low and high boundaries for proper pairs: (1, 217)
[0000][PE] skip orientation FF
[0000][PE] skip orientation RF
[0000][PE] skip orientation RR
[0000] 3. Calling kt_for - worker_sam
	[0000][ M::mem_process_seqs] Processed 2975942 reads in 485.548 CPU sec, 12.629 real sec
[0000] Reallocating initial memory allocations!!
[0000] Calling mem_process_seqs.., task: 3
[0000] 1. Calling kt_for - worker_bwt
[0000] read_chunk: 400000000, work_chunk_size: 400000227, nseq: 2977360
	[0000][ M::kt_pipeline] read 2977360 sequences (400000227 bp)...
[0000] 2. Calling kt_for - worker_aln
[0000] Inferring insert size distribution of PE reads from data, l_pac: 827016155, n: 2978106
[0000][PE] # candidate unique pairs for (FF, FR, RF, RR): (81, 307570, 384, 78)
[0000][PE] analyzing insert size distribution for orientation FF...
[0000][PE] (25, 50, 75) percentile: (48, 75, 116)
[0000][PE] low and high boundaries for computing mean and std.dev: (1, 252)
[0000][PE] mean and std.dev: (85.56, 53.96)
[0000][PE] low and high boundaries for proper pairs: (1, 320)
[0000][PE] analyzing insert size distribution for orientation FR...
[0000][PE] (25, 50, 75) percentile: (71, 103, 175)
[0000][PE] low and high boundaries for computing mean and std.dev: (1, 383)
[0000][PE] mean and std.dev: (130.07, 78.00)
[0000][PE] low and high boundaries for proper pairs: (1, 487)
[0000][PE] analyzing insert size distribution for orientation RF...
[0000][PE] (25, 50, 75) percentile: (93, 654, 718)
[0000][PE] low and high boundaries for computing mean and std.dev: (1, 1968)
[0000][PE] mean and std.dev: (456.27, 319.17)
[0000][PE] low and high boundaries for proper pairs: (1, 2593)
[0000][PE] analyzing insert size distribution for orientation RR...
[0000][PE] (25, 50, 75) percentile: (46, 59, 113)
[0000][PE] low and high boundaries for computing mean and std.dev: (1, 247)
[0000][PE] mean and std.dev: (83.03, 63.81)
[0000][PE] low and high boundaries for proper pairs: (1, 338)
[0000][PE] skip orientation FF
[0000][PE] skip orientation RF
[0000][PE] skip orientation RR
[0000] 3. Calling kt_for - worker_sam
	[0000][ M::mem_process_seqs] Processed 2978106 reads in 479.530 CPU sec, 12.708 real sec
[0000] Calling mem_process_seqs.., task: 4
[0000] 1. Calling kt_for - worker_bwt
[0000] 2. Calling kt_for - worker_aln
[0000] Inferring insert size distribution of PE reads from data, l_pac: 827016155, n: 2977360
[0000][PE] # candidate unique pairs for (FF, FR, RF, RR): (74, 311936, 357, 66)
[0000][PE] analyzing insert size distribution for orientation FF...
[0000][PE] (25, 50, 75) percentile: (34, 61, 127)
[0000][PE] low and high boundaries for computing mean and std.dev: (1, 313)
[0000][PE] mean and std.dev: (78.01, 61.07)
[0000][PE] low and high boundaries for proper pairs: (1, 406)
[0000][PE] analyzing insert size distribution for orientation FR...
[0000][PE] (25, 50, 75) percentile: (71, 104, 177)
[0000][PE] low and high boundaries for computing mean and std.dev: (1, 389)
[0000][PE] mean and std.dev: (131.18, 79.13)
[0000][PE] low and high boundaries for proper pairs: (1, 495)
[0000][PE] analyzing insert size distribution for orientation RF...
[0000][PE] (25, 50, 75) percentile: (53, 665, 748)
[0000][PE] low and high boundaries for computing mean and std.dev: (1, 2138)
[0000][PE] mean and std.dev: (438.68, 332.38)
[0000][PE] low and high boundaries for proper pairs: (1, 2833)
[0000][PE] analyzing insert size distribution for orientation RR...
[0000][PE] (25, 50, 75) percentile: (44, 77, 125)
[0000][PE] low and high boundaries for computing mean and std.dev: (1, 287)
[0000][PE] mean and std.dev: (84.70, 59.35)
[0000][PE] low and high boundaries for proper pairs: (1, 368)
[0000][PE] skip orientation FF
[0000][PE] skip orientation RF
[0000][PE] skip orientation RR
[0000] 3. Calling kt_for - worker_sam
[0000] read_chunk: 400000000, work_chunk_size: 400000154, nseq: 2975564
	[0000][ M::kt_pipeline] read 2975564 sequences (400000154 bp)...
	[0000][ M::mem_process_seqs] Processed 2977360 reads in 486.958 CPU sec, 12.713 real sec
[0000] Calling mem_process_seqs.., task: 5
[0000] 1. Calling kt_for - worker_bwt
[0000] 2. Calling kt_for - worker_aln
[0000] Inferring insert size distribution of PE reads from data, l_pac: 827016155, n: 2975564
[0000][PE] # candidate unique pairs for (FF, FR, RF, RR): (87, 309394, 463, 111)
[0000][PE] analyzing insert size distribution for orientation FF...
[0000][PE] (25, 50, 75) percentile: (51, 73, 128)
[0000][PE] low and high boundaries for computing mean and std.dev: (1, 282)
[0000][PE] mean and std.dev: (85.67, 61.30)
[0000][PE] low and high boundaries for proper pairs: (1, 359)
[0000][PE] analyzing insert size distribution for orientation FR...
[0000][PE] (25, 50, 75) percentile: (71, 103, 175)
[0000][PE] low and high boundaries for computing mean and std.dev: (1, 383)
[0000][PE] mean and std.dev: (129.81, 77.56)
[0000][PE] low and high boundaries for proper pairs: (1, 487)
[0000][PE] analyzing insert size distribution for orientation RF...
[0000][PE] (25, 50, 75) percentile: (190, 684, 772)
[0000][PE] low and high boundaries for computing mean and std.dev: (1, 1936)
[0000][PE] mean and std.dev: (534.99, 306.78)
[0000][PE] low and high boundaries for proper pairs: (1, 2518)
[0000][PE] analyzing insert size distribution for orientation RR...
[0000][PE] (25, 50, 75) percentile: (52, 68, 113)
[0000][PE] low and high boundaries for computing mean and std.dev: (1, 235)
[0000][PE] mean and std.dev: (90.43, 59.26)
[0000][PE] low and high boundaries for proper pairs: (1, 327)
[0000][PE] skip orientation FF
[0000][PE] skip orientation RF
[0000][PE] skip orientation RR
[0000] 3. Calling kt_for - worker_sam
[0000] read_chunk: 400000000, work_chunk_size: 297475994, nseq: 2212626
	[0000][ M::kt_pipeline] read 2212626 sequences (297475994 bp)...
	[0000][ M::mem_process_seqs] Processed 2975564 reads in 471.093 CPU sec, 12.320 real sec
[0000] Calling mem_process_seqs.., task: 6
[0000] 1. Calling kt_for - worker_bwt
[0000] read_chunk: 400000000, work_chunk_size: 0, nseq: 0
[0000] 2. Calling kt_for - worker_aln
[0000] Inferring insert size distribution of PE reads from data, l_pac: 827016155, n: 2212626
[0000][PE] # candidate unique pairs for (FF, FR, RF, RR): (75, 229590, 293, 48)
[0000][PE] analyzing insert size distribution for orientation FF...
[0000][PE] (25, 50, 75) percentile: (36, 62, 83)
[0000][PE] low and high boundaries for computing mean and std.dev: (1, 177)
[0000][PE] mean and std.dev: (56.97, 28.07)
[0000][PE] low and high boundaries for proper pairs: (1, 224)
[0000][PE] analyzing insert size distribution for orientation FR...
[0000][PE] (25, 50, 75) percentile: (71, 103, 174)
[0000][PE] low and high boundaries for computing mean and std.dev: (1, 380)
[0000][PE] mean and std.dev: (129.39, 77.15)
[0000][PE] low and high boundaries for proper pairs: (1, 483)
[0000][PE] analyzing insert size distribution for orientation RF...
[0000][PE] (25, 50, 75) percentile: (621, 701, 754)
[0000][PE] low and high boundaries for computing mean and std.dev: (355, 1020)
[0000][PE] mean and std.dev: (725.38, 75.58)
[0000][PE] low and high boundaries for proper pairs: (222, 1153)
[0000][PE] analyzing insert size distribution for orientation RR...
[0000][PE] (25, 50, 75) percentile: (45, 58, 87)
[0000][PE] low and high boundaries for computing mean and std.dev: (1, 171)
[0000][PE] mean and std.dev: (59.02, 30.05)
[0000][PE] low and high boundaries for proper pairs: (1, 213)
[0000][PE] skip orientation FF
[0000][PE] skip orientation RF
[0000][PE] skip orientation RR
[0000] 3. Calling kt_for - worker_sam
	[0000][ M::mem_process_seqs] Processed 2212626 reads in 351.581 CPU sec, 9.737 real sec
[0000] read_chunk: 400000000, work_chunk_size: 0, nseq: 0
[0000] Computation ends..
No. of OMP threads: 40
Processor is running @2394.638976 MHz
Runtime profile:

	Time taken for main_mem function: 117.77 sec

	IO times (sec) :
	Reading IO time (reads) avg: 61.73, (61.73, 61.73)
	Writing IO time (SAM) avg: 24.85, (24.85, 24.85)
	Reading IO time (Reference Genome) avg: 1.00, (1.00, 1.00)
	Index read time avg: 2.13, (2.13, 2.13)

	Overall time (sec) (Excluding Index reading time):
	PROCESS() (Total compute time + (read + SAM) IO time) : 113.99
	MEM_PROCESS_SEQ() (Total compute time (Kernel + SAM)), avg: 85.95, (85.95, 85.95)

	 SAM Processing time (sec):
	--WORKER_SAM avg: 17.28, (17.28, 17.28)

	Kernels' compute time (sec):
	Total kernel (smem+sal+bsw) time avg: 67.26, (67.26, 67.26)
		MEM_ALN_CHAIN_FLT avg: 0.00, (0.00, 0.00)
		MEM_ALN_CHAIN_SEED avg: 0.00, (0.00, 0.00)
		ERT_SEED_CHAIN avg: 0.00, (0.00, 0.00)
	LEARNED_SEED_CHAIN avg: 0.00, (0.00, 0.00)
		SMEM compute avg: 47.41, (47.72, 47.07)
		SAL compute avg: 4.95, (5.21, 4.63)
				MEM_SA avg: 2.40, (2.56, 2.24)

		BSW time, avg: 12.58, (12.78, 12.50)

Important parameter settings: 
	BATCH_SIZE: 512
	MAX_SEQ_LEN_REF: 256
	MAX_SEQ_LEN_QER: 128
	MAX_SEQ_LEN8: 128
	SEEDS_PER_READ: 500
	SIMD_WIDTH8 X: 64
	SIMD_WIDTH16 X: 32
	AVG_SEEDS_PER_READ: 64
