Looking to launch executable "/opt/conda/bin/bwa-meme_mode3.avx512bw", simd = _mode3.avx512bw
Launching executable "/opt/conda/bin/bwa-meme_mode3.avx512bw"
-----------------------------
Executing in AVX512 mode!!
-----------------------------
* SA compression enabled with xfactor: 8
* Ref file: reference.ssl.Cvi.fasta
* Entering FMI_search
Reading other elements of the index from files reference.ssl.Cvi.fasta
* Index prefix: reference.ssl.Cvi.fasta
* Read 0 ALT contigs
* Reading reference genome..
* Binary seq file = reference.ssl.Cvi.fasta.0123
* Reference genome size: 1654032310 bp
* Done reading reference genome !!

------------------------------------------
1. Memory pre-allocation for Chaining: 5679.4903 MB
2. Memory pre-allocation for BSW: 9584.6810 MB
[M::memoryAllocLearned::MEME] Reading Learned-index models into memory
[Learned-Config] MODE:3 SEARCH_METHOD: 1 MEM_TRADEOFF:1 EXPONENTIAL_SMEMSEARCH: 1 DEBUG_MODE:0 Num 2nd Models:268435456 PWL Bits Used:28
[M::memoryAllocLearned::MEME] Loading RMI model and Pac reference file took 11.446 sec
[M::memoryAllocLearned::MEME] Reading suffix array into memory
[M::memoryAllocLearned::MEME] Loading pos_packed file took 14.524 sec
[M::memoryAllocLearned::MEME] Generating SA, 64-bit Suffix and ISA in memory
[M::memoryAllocLearned::MEME] Runtime-build-index took 19.618 sec
3. Memory pre-allocation for BWT: 8913.5523 MB
------------------------------------------
* Threads used (compute): 40
* No. of pipeline threads: 2

[0000] read_chunk: 400000000, work_chunk_size: 400000062, nseq: 3846568
	[0000][ M::kt_pipeline] read 3846568 sequences (400000062 bp)...
[0000] Reallocating initial memory allocations!!
[0000] Calling mem_process_seqs.., task: 0
[0000] 1. Calling kt_for - worker_bwt
[0000] 2. Calling kt_for - worker_aln
[0000] read_chunk: 400000000, work_chunk_size: 400000120, nseq: 3843516
	[0000][ M::kt_pipeline] read 3843516 sequences (400000120 bp)...
[0000] Inferring insert size distribution of PE reads from data, l_pac: 827016155, n: 3846568
[0000][PE] # candidate unique pairs for (FF, FR, RF, RR): (331, 947227, 148, 335)
[0000][PE] analyzing insert size distribution for orientation FF...
[0000][PE] (25, 50, 75) percentile: (35, 52, 77)
[0000][PE] low and high boundaries for computing mean and std.dev: (1, 161)
[0000][PE] mean and std.dev: (55.43, 29.27)
[0000][PE] low and high boundaries for proper pairs: (1, 203)
[0000][PE] analyzing insert size distribution for orientation FR...
[0000][PE] (25, 50, 75) percentile: (60, 80, 110)
[0000][PE] low and high boundaries for computing mean and std.dev: (1, 210)
[0000][PE] mean and std.dev: (86.77, 37.10)
[0000][PE] low and high boundaries for proper pairs: (1, 260)
[0000][PE] analyzing insert size distribution for orientation RF...
[0000][PE] (25, 50, 75) percentile: (107, 641, 750)
[0000][PE] low and high boundaries for computing mean and std.dev: (1, 2036)
[0000][PE] mean and std.dev: (472.41, 301.77)
[0000][PE] low and high boundaries for proper pairs: (1, 2679)
[0000][PE] analyzing insert size distribution for orientation RR...
[0000][PE] (25, 50, 75) percentile: (37, 53, 85)
[0000][PE] low and high boundaries for computing mean and std.dev: (1, 181)
[0000][PE] mean and std.dev: (60.17, 32.98)
[0000][PE] low and high boundaries for proper pairs: (1, 229)
[0000][PE] skip orientation FF
[0000][PE] skip orientation RF
[0000][PE] skip orientation RR
[0000] 3. Calling kt_for - worker_sam
	[0000][ M::mem_process_seqs] Processed 3846568 reads in 698.427 CPU sec, 18.230 real sec
[0000] Calling mem_process_seqs.., task: 1
[0000] 1. Calling kt_for - worker_bwt
[0000] 2. Calling kt_for - worker_aln
[0000] Inferring insert size distribution of PE reads from data, l_pac: 827016155, n: 3843516
[0000][PE] # candidate unique pairs for (FF, FR, RF, RR): (382, 953918, 107, 292)
[0000][PE] analyzing insert size distribution for orientation FF...
[0000][PE] (25, 50, 75) percentile: (37, 51, 76)
[0000][PE] low and high boundaries for computing mean and std.dev: (1, 154)
[0000][PE] mean and std.dev: (57.70, 31.46)
[0000][PE] low and high boundaries for proper pairs: (1, 193)
[0000][PE] analyzing insert size distribution for orientation FR...
[0000][PE] (25, 50, 75) percentile: (60, 80, 110)
[0000][PE] low and high boundaries for computing mean and std.dev: (1, 210)
[0000][PE] mean and std.dev: (86.78, 37.10)
[0000][PE] low and high boundaries for proper pairs: (1, 260)
[0000][PE] analyzing insert size distribution for orientation RF...
[0000][PE] (25, 50, 75) percentile: (77, 168, 740)
[0000][PE] low and high boundaries for computing mean and std.dev: (1, 2066)
[0000][PE] mean and std.dev: (378.30, 334.64)
[0000][PE] low and high boundaries for proper pairs: (1, 2729)
[0000][PE] analyzing insert size distribution for orientation RR...
[0000][PE] (25, 50, 75) percentile: (37, 61, 82)
[0000][PE] low and high boundaries for computing mean and std.dev: (1, 172)
[0000][PE] mean and std.dev: (62.11, 33.47)
[0000][PE] low and high boundaries for proper pairs: (1, 217)
[0000][PE] skip orientation FF
[0000][PE] skip orientation RF
[0000][PE] skip orientation RR
[0000] 3. Calling kt_for - worker_sam
[0000] read_chunk: 400000000, work_chunk_size: 400000047, nseq: 3840320
	[0000][ M::kt_pipeline] read 3840320 sequences (400000047 bp)...
	[0000][ M::mem_process_seqs] Processed 3843516 reads in 684.966 CPU sec, 18.089 real sec
[0000] Calling mem_process_seqs.., task: 2
[0000] 1. Calling kt_for - worker_bwt
[0000] 2. Calling kt_for - worker_aln
[0000] Inferring insert size distribution of PE reads from data, l_pac: 827016155, n: 3840320
[0000][PE] # candidate unique pairs for (FF, FR, RF, RR): (346, 919570, 101, 291)
[0000][PE] analyzing insert size distribution for orientation FF...
[0000][PE] (25, 50, 75) percentile: (38, 56, 83)
[0000][PE] low and high boundaries for computing mean and std.dev: (1, 173)
[0000][PE] mean and std.dev: (59.98, 31.83)
[0000][PE] low and high boundaries for proper pairs: (1, 218)
[0000][PE] analyzing insert size distribution for orientation FR...
[0000][PE] (25, 50, 75) percentile: (60, 80, 110)
[0000][PE] low and high boundaries for computing mean and std.dev: (1, 210)
[0000][PE] mean and std.dev: (86.79, 37.15)
[0000][PE] low and high boundaries for proper pairs: (1, 260)
[0000][PE] analyzing insert size distribution for orientation RF...
[0000][PE] (25, 50, 75) percentile: (147, 515, 729)
[0000][PE] low and high boundaries for computing mean and std.dev: (1, 1893)
[0000][PE] mean and std.dev: (440.52, 285.68)
[0000][PE] low and high boundaries for proper pairs: (1, 2475)
[0000][PE] analyzing insert size distribution for orientation RR...
[0000][PE] (25, 50, 75) percentile: (36, 56, 80)
[0000][PE] low and high boundaries for computing mean and std.dev: (1, 168)
[0000][PE] mean and std.dev: (59.04, 30.80)
[0000][PE] low and high boundaries for proper pairs: (1, 212)
[0000][PE] skip orientation FF
[0000][PE] skip orientation RF
[0000][PE] skip orientation RR
[0000] 3. Calling kt_for - worker_sam
[0000] read_chunk: 400000000, work_chunk_size: 400000112, nseq: 3830504
	[0000][ M::kt_pipeline] read 3830504 sequences (400000112 bp)...
	[0000][ M::mem_process_seqs] Processed 3840320 reads in 756.185 CPU sec, 20.909 real sec
[0000] Calling mem_process_seqs.., task: 3
[0000] 1. Calling kt_for - worker_bwt
[0000] 2. Calling kt_for - worker_aln
[0000] Inferring insert size distribution of PE reads from data, l_pac: 827016155, n: 3830504
[0000][PE] # candidate unique pairs for (FF, FR, RF, RR): (373, 913892, 136, 304)
[0000][PE] analyzing insert size distribution for orientation FF...
[0000][PE] (25, 50, 75) percentile: (37, 51, 80)
[0000][PE] low and high boundaries for computing mean and std.dev: (1, 166)
[0000][PE] mean and std.dev: (56.81, 30.10)
[0000][PE] low and high boundaries for proper pairs: (1, 209)
[0000][PE] analyzing insert size distribution for orientation FR...
[0000][PE] (25, 50, 75) percentile: (60, 80, 110)
[0000][PE] low and high boundaries for computing mean and std.dev: (1, 210)
[0000][PE] mean and std.dev: (86.67, 37.03)
[0000][PE] low and high boundaries for proper pairs: (1, 260)
[0000][PE] analyzing insert size distribution for orientation RF...
[0000][PE] (25, 50, 75) percentile: (78, 361, 714)
[0000][PE] low and high boundaries for computing mean and std.dev: (1, 1986)
[0000][PE] mean and std.dev: (409.38, 343.27)
[0000][PE] low and high boundaries for proper pairs: (1, 2622)
[0000][PE] analyzing insert size distribution for orientation RR...
[0000][PE] (25, 50, 75) percentile: (39, 58, 85)
[0000][PE] low and high boundaries for computing mean and std.dev: (1, 177)
[0000][PE] mean and std.dev: (62.60, 33.75)
[0000][PE] low and high boundaries for proper pairs: (1, 223)
[0000][PE] skip orientation FF
[0000][PE] skip orientation RF
[0000][PE] skip orientation RR
[0000] 3. Calling kt_for - worker_sam
[0000] read_chunk: 400000000, work_chunk_size: 400000168, nseq: 3831702
	[0000][ M::kt_pipeline] read 3831702 sequences (400000168 bp)...
	[0000][ M::mem_process_seqs] Processed 3830504 reads in 759.250 CPU sec, 21.180 real sec
[0000] Calling mem_process_seqs.., task: 4
[0000] 1. Calling kt_for - worker_bwt
[0000] 2. Calling kt_for - worker_aln
[0000] Inferring insert size distribution of PE reads from data, l_pac: 827016155, n: 3831702
[0000][PE] # candidate unique pairs for (FF, FR, RF, RR): (371, 929241, 153, 318)
[0000][PE] analyzing insert size distribution for orientation FF...
[0000][PE] (25, 50, 75) percentile: (34, 50, 75)
[0000][PE] low and high boundaries for computing mean and std.dev: (1, 157)
[0000][PE] mean and std.dev: (54.52, 29.10)
[0000][PE] low and high boundaries for proper pairs: (1, 198)
[0000][PE] analyzing insert size distribution for orientation FR...
[0000][PE] (25, 50, 75) percentile: (60, 80, 110)
[0000][PE] low and high boundaries for computing mean and std.dev: (1, 210)
[0000][PE] mean and std.dev: (86.74, 37.10)
[0000][PE] low and high boundaries for proper pairs: (1, 260)
[0000][PE] analyzing insert size distribution for orientation RF...
[0000][PE] (25, 50, 75) percentile: (45, 116, 732)
[0000][PE] low and high boundaries for computing mean and std.dev: (1, 2106)
[0000][PE] mean and std.dev: (317.26, 338.97)
[0000][PE] low and high boundaries for proper pairs: (1, 2793)
[0000][PE] analyzing insert size distribution for orientation RR...
[0000][PE] (25, 50, 75) percentile: (35, 56, 80)
[0000][PE] low and high boundaries for computing mean and std.dev: (1, 170)
[0000][PE] mean and std.dev: (58.60, 31.37)
[0000][PE] low and high boundaries for proper pairs: (1, 215)
[0000][PE] skip orientation FF
[0000][PE] skip orientation RF
[0000][PE] skip orientation RR
[0000] 3. Calling kt_for - worker_sam
[0000] read_chunk: 400000000, work_chunk_size: 400000246, nseq: 3843744
	[0000][ M::kt_pipeline] read 3843744 sequences (400000246 bp)...
	[0000][ M::mem_process_seqs] Processed 3831702 reads in 731.119 CPU sec, 20.343 real sec
[0000] Calling mem_process_seqs.., task: 5
[0000] 1. Calling kt_for - worker_bwt
[0000] 2. Calling kt_for - worker_aln
[0000] Inferring insert size distribution of PE reads from data, l_pac: 827016155, n: 3843744
[0000][PE] # candidate unique pairs for (FF, FR, RF, RR): (358, 950142, 179, 330)
[0000][PE] analyzing insert size distribution for orientation FF...
[0000][PE] (25, 50, 75) percentile: (36, 56, 85)
[0000][PE] low and high boundaries for computing mean and std.dev: (1, 183)
[0000][PE] mean and std.dev: (59.75, 31.93)
[0000][PE] low and high boundaries for proper pairs: (1, 232)
[0000][PE] analyzing insert size distribution for orientation FR...
[0000][PE] (25, 50, 75) percentile: (60, 80, 110)
[0000][PE] low and high boundaries for computing mean and std.dev: (1, 210)
[0000][PE] mean and std.dev: (86.72, 37.06)
[0000][PE] low and high boundaries for proper pairs: (1, 260)
[0000][PE] analyzing insert size distribution for orientation RF...
[0000][PE] (25, 50, 75) percentile: (118, 704, 790)
[0000][PE] low and high boundaries for computing mean and std.dev: (1, 2134)
[0000][PE] mean and std.dev: (515.29, 319.86)
[0000][PE] low and high boundaries for proper pairs: (1, 2806)
[0000][PE] analyzing insert size distribution for orientation RR...
[0000][PE] (25, 50, 75) percentile: (41, 62, 93)
[0000][PE] low and high boundaries for computing mean and std.dev: (1, 197)
[0000][PE] mean and std.dev: (68.86, 38.71)
[0000][PE] low and high boundaries for proper pairs: (1, 249)
[0000][PE] skip orientation FF
[0000][PE] skip orientation RF
[0000][PE] skip orientation RR
[0000] 3. Calling kt_for - worker_sam
[0000] read_chunk: 400000000, work_chunk_size: 306873000, nseq: 2943574
	[0000][ M::kt_pipeline] read 2943574 sequences (306873000 bp)...
	[0000][ M::mem_process_seqs] Processed 3843744 reads in 701.489 CPU sec, 19.098 real sec
[0000] Calling mem_process_seqs.., task: 6
[0000] 1. Calling kt_for - worker_bwt
[0000] 2. Calling kt_for - worker_aln
[0000] read_chunk: 400000000, work_chunk_size: 0, nseq: 0
[0000] Inferring insert size distribution of PE reads from data, l_pac: 827016155, n: 2943574
[0000][PE] # candidate unique pairs for (FF, FR, RF, RR): (293, 719534, 109, 253)
[0000][PE] analyzing insert size distribution for orientation FF...
[0000][PE] (25, 50, 75) percentile: (36, 50, 73)
[0000][PE] low and high boundaries for computing mean and std.dev: (1, 147)
[0000][PE] mean and std.dev: (53.77, 27.37)
[0000][PE] low and high boundaries for proper pairs: (1, 184)
[0000][PE] analyzing insert size distribution for orientation FR...
[0000][PE] (25, 50, 75) percentile: (60, 80, 110)
[0000][PE] low and high boundaries for computing mean and std.dev: (1, 210)
[0000][PE] mean and std.dev: (86.72, 37.11)
[0000][PE] low and high boundaries for proper pairs: (1, 260)
[0000][PE] analyzing insert size distribution for orientation RF...
[0000][PE] (25, 50, 75) percentile: (398, 725, 767)
[0000][PE] low and high boundaries for computing mean and std.dev: (1, 1505)
[0000][PE] mean and std.dev: (582.03, 270.31)
[0000][PE] low and high boundaries for proper pairs: (1, 1874)
[0000][PE] analyzing insert size distribution for orientation RR...
[0000][PE] (25, 50, 75) percentile: (36, 58, 89)
[0000][PE] low and high boundaries for computing mean and std.dev: (1, 195)
[0000][PE] mean and std.dev: (62.06, 34.54)
[0000][PE] low and high boundaries for proper pairs: (1, 248)
[0000][PE] skip orientation FF
[0000][PE] skip orientation RF
[0000][PE] skip orientation RR
[0000] 3. Calling kt_for - worker_sam
	[0000][ M::mem_process_seqs] Processed 2943574 reads in 550.600 CPU sec, 14.997 real sec
[0000] read_chunk: 400000000, work_chunk_size: 0, nseq: 0
[0000] Computation ends..
No. of OMP threads: 40
Processor is running @2394.706770 MHz
Runtime profile:

	Time taken for main_mem function: 183.38 sec

	IO times (sec) :
	Reading IO time (reads) avg: 69.69, (69.69, 69.69)
	Writing IO time (SAM) avg: 39.81, (39.81, 39.81)
	Reading IO time (Reference Genome) avg: 0.67, (0.67, 0.67)
	Index read time avg: 0.36, (0.36, 0.36)

	Overall time (sec) (Excluding Index reading time):
	PROCESS() (Total compute time + (read + SAM) IO time) : 182.10
	MEM_PROCESS_SEQ() (Total compute time (Kernel + SAM)), avg: 132.83, (132.83, 132.83)

	 SAM Processing time (sec):
	--WORKER_SAM avg: 47.98, (47.98, 47.98)

	Kernels' compute time (sec):
	Total kernel (smem+sal+bsw) time avg: 82.63, (82.63, 82.63)
		MEM_ALN_CHAIN_FLT avg: 0.00, (0.00, 0.00)
		MEM_ALN_CHAIN_SEED avg: 0.00, (0.00, 0.00)
		ERT_SEED_CHAIN avg: 0.00, (0.00, 0.00)
	LEARNED_SEED_CHAIN avg: 36.55, (36.70, 36.45)
		SMEM compute avg: 0.00, (0.00, 0.00)
		SAL compute avg: 0.00, (0.00, 0.00)
				MEM_SA avg: 0.00, (0.00, 0.00)

		BSW time, avg: 43.38, (43.60, 43.13)

Important parameter settings: 
	BATCH_SIZE: 512
	MAX_SEQ_LEN_REF: 256
	MAX_SEQ_LEN_QER: 128
	MAX_SEQ_LEN8: 128
	SEEDS_PER_READ: 500
	SIMD_WIDTH8 X: 64
	SIMD_WIDTH16 X: 32
	AVG_SEEDS_PER_READ: 64
