Looking to launch executable "/opt/conda/bin/bwa-meme_mode3.avx512bw", simd = _mode3.avx512bw
Launching executable "/opt/conda/bin/bwa-meme_mode3.avx512bw"
-----------------------------
Executing in AVX512 mode!!
-----------------------------
* SA compression enabled with xfactor: 8
* Ref file: reference.ssl.Cvi.fasta
* Entering FMI_search
Reading other elements of the index from files reference.ssl.Cvi.fasta
* Index prefix: reference.ssl.Cvi.fasta
* Read 0 ALT contigs
* Reading reference genome..
* Binary seq file = reference.ssl.Cvi.fasta.0123
* Reference genome size: 1654032310 bp
* Done reading reference genome !!

------------------------------------------
1. Memory pre-allocation for Chaining: 5679.4903 MB
2. Memory pre-allocation for BSW: 9584.6810 MB
[M::memoryAllocLearned::MEME] Reading Learned-index models into memory
[Learned-Config] MODE:3 SEARCH_METHOD: 1 MEM_TRADEOFF:1 EXPONENTIAL_SMEMSEARCH: 1 DEBUG_MODE:0 Num 2nd Models:268435456 PWL Bits Used:28
[M::memoryAllocLearned::MEME] Loading RMI model and Pac reference file took 11.555 sec
[M::memoryAllocLearned::MEME] Reading suffix array into memory
[M::memoryAllocLearned::MEME] Loading pos_packed file took 14.702 sec
[M::memoryAllocLearned::MEME] Generating SA, 64-bit Suffix and ISA in memory
[M::memoryAllocLearned::MEME] Runtime-build-index took 19.627 sec
3. Memory pre-allocation for BWT: 8913.5523 MB
------------------------------------------
* Threads used (compute): 40
* No. of pipeline threads: 2

[0000] read_chunk: 400000000, work_chunk_size: 400000125, nseq: 3317184
	[0000][ M::kt_pipeline] read 3317184 sequences (400000125 bp)...
[0000] Reallocating initial memory allocations!!
[0000] Calling mem_process_seqs.., task: 0
[0000] 1. Calling kt_for - worker_bwt
[0000] 2. Calling kt_for - worker_aln
[0000] Inferring insert size distribution of PE reads from data, l_pac: 827016155, n: 3317184
[0000][PE] # candidate unique pairs for (FF, FR, RF, RR): (339, 525805, 174, 311)
[0000][PE] analyzing insert size distribution for orientation FF...
[0000][PE] (25, 50, 75) percentile: (33, 49, 73)
[0000][PE] low and high boundaries for computing mean and std.dev: (1, 153)
[0000][PE] mean and std.dev: (52.95, 26.24)
[0000][PE] low and high boundaries for proper pairs: (1, 193)
[0000][PE] analyzing insert size distribution for orientation FR...
[0000][PE] (25, 50, 75) percentile: (65, 86, 121)
[0000][PE] low and high boundaries for computing mean and std.dev: (1, 233)
[0000][PE] mean and std.dev: (92.94, 41.46)
[0000][PE] low and high boundaries for proper pairs: (1, 289)
[0000][PE] analyzing insert size distribution for orientation RF...
[0000][PE] (25, 50, 75) percentile: (97, 636, 713)
[0000][PE] low and high boundaries for computing mean and std.dev: (1, 1945)
[0000][PE] mean and std.dev: (460.88, 310.46)
[0000][PE] low and high boundaries for proper pairs: (1, 2561)
[0000][PE] analyzing insert size distribution for orientation RR...
[0000][PE] (25, 50, 75) percentile: (38, 57, 78)
[0000][PE] low and high boundaries for computing mean and std.dev: (1, 158)
[0000][PE] mean and std.dev: (59.15, 29.20)
[0000][PE] low and high boundaries for proper pairs: (1, 198)
[0000][PE] skip orientation FF
[0000][PE] skip orientation RF
[0000][PE] skip orientation RR
[0000] 3. Calling kt_for - worker_sam
[0000] read_chunk: 400000000, work_chunk_size: 400000151, nseq: 3314344
	[0000][ M::kt_pipeline] read 3314344 sequences (400000151 bp)...
	[0000][ M::mem_process_seqs] Processed 3317184 reads in 419.713 CPU sec, 11.106 real sec
[0000] Calling mem_process_seqs.., task: 1
[0000] 1. Calling kt_for - worker_bwt
[0000] 2. Calling kt_for - worker_aln
[0000] Inferring insert size distribution of PE reads from data, l_pac: 827016155, n: 3314344
[0000][PE] # candidate unique pairs for (FF, FR, RF, RR): (238, 533032, 232, 254)
[0000][PE] analyzing insert size distribution for orientation FF...
[0000][PE] (25, 50, 75) percentile: (35, 52, 75)
[0000][PE] low and high boundaries for computing mean and std.dev: (1, 155)
[0000][PE] mean and std.dev: (52.24, 26.08)
[0000][PE] low and high boundaries for proper pairs: (1, 195)
[0000][PE] analyzing insert size distribution for orientation FR...
[0000][PE] (25, 50, 75) percentile: (65, 86, 121)
[0000][PE] low and high boundaries for computing mean and std.dev: (1, 233)
[0000][PE] mean and std.dev: (93.03, 41.68)
[0000][PE] low and high boundaries for proper pairs: (1, 289)
[0000][PE] analyzing insert size distribution for orientation RF...
[0000][PE] (25, 50, 75) percentile: (111, 671, 723)
[0000][PE] low and high boundaries for computing mean and std.dev: (1, 1947)
[0000][PE] mean and std.dev: (490.20, 322.73)
[0000][PE] low and high boundaries for proper pairs: (1, 2559)
[0000][PE] analyzing insert size distribution for orientation RR...
[0000][PE] (25, 50, 75) percentile: (38, 56, 88)
[0000][PE] low and high boundaries for computing mean and std.dev: (1, 188)
[0000][PE] mean and std.dev: (63.74, 35.52)
[0000][PE] low and high boundaries for proper pairs: (1, 238)
[0000][PE] skip orientation FF
[0000][PE] skip orientation RF
[0000][PE] skip orientation RR
[0000] 3. Calling kt_for - worker_sam
	[0000][ M::mem_process_seqs] Processed 3314344 reads in 415.297 CPU sec, 11.102 real sec
[0000] read_chunk: 400000000, work_chunk_size: 400000130, nseq: 3308914
	[0000][ M::kt_pipeline] read 3308914 sequences (400000130 bp)...
[0000] Calling mem_process_seqs.., task: 2
[0000] 1. Calling kt_for - worker_bwt
[0000] 2. Calling kt_for - worker_aln
[0000] Inferring insert size distribution of PE reads from data, l_pac: 827016155, n: 3308914
[0000][PE] # candidate unique pairs for (FF, FR, RF, RR): (296, 528334, 395, 270)
[0000][PE] analyzing insert size distribution for orientation FF...
[0000][PE] (25, 50, 75) percentile: (39, 49, 69)
[0000][PE] low and high boundaries for computing mean and std.dev: (1, 129)
[0000][PE] mean and std.dev: (50.92, 21.84)
[0000][PE] low and high boundaries for proper pairs: (1, 159)
[0000][PE] analyzing insert size distribution for orientation FR...
[0000][PE] (25, 50, 75) percentile: (65, 86, 121)
[0000][PE] low and high boundaries for computing mean and std.dev: (1, 233)
[0000][PE] mean and std.dev: (93.14, 41.74)
[0000][PE] low and high boundaries for proper pairs: (1, 289)
[0000][PE] analyzing insert size distribution for orientation RF...
[0000][PE] (25, 50, 75) percentile: (623, 704, 765)
[0000][PE] low and high boundaries for computing mean and std.dev: (339, 1049)
[0000][PE] mean and std.dev: (726.33, 73.24)
[0000][PE] low and high boundaries for proper pairs: (197, 1191)
[0000][PE] analyzing insert size distribution for orientation RR...
[0000][PE] (25, 50, 75) percentile: (35, 52, 81)
[0000][PE] low and high boundaries for computing mean and std.dev: (1, 173)
[0000][PE] mean and std.dev: (59.09, 34.47)
[0000][PE] low and high boundaries for proper pairs: (1, 219)
[0000][PE] skip orientation FF
[0000][PE] skip orientation RF
[0000][PE] skip orientation RR
[0000] 3. Calling kt_for - worker_sam
[0000] read_chunk: 400000000, work_chunk_size: 400000050, nseq: 3314430
	[0000][ M::kt_pipeline] read 3314430 sequences (400000050 bp)...
	[0000][ M::mem_process_seqs] Processed 3308914 reads in 408.423 CPU sec, 10.648 real sec
[0000] Calling mem_process_seqs.., task: 3
[0000] 1. Calling kt_for - worker_bwt
[0000] 2. Calling kt_for - worker_aln
[0000] Inferring insert size distribution of PE reads from data, l_pac: 827016155, n: 3314430
[0000][PE] # candidate unique pairs for (FF, FR, RF, RR): (256, 531478, 338, 256)
[0000][PE] analyzing insert size distribution for orientation FF...
[0000][PE] (25, 50, 75) percentile: (35, 51, 78)
[0000][PE] low and high boundaries for computing mean and std.dev: (1, 164)
[0000][PE] mean and std.dev: (57.05, 30.37)
[0000][PE] low and high boundaries for proper pairs: (1, 207)
[0000][PE] analyzing insert size distribution for orientation FR...
[0000][PE] (25, 50, 75) percentile: (65, 86, 121)
[0000][PE] low and high boundaries for computing mean and std.dev: (1, 233)
[0000][PE] mean and std.dev: (93.09, 41.67)
[0000][PE] low and high boundaries for proper pairs: (1, 289)
[0000][PE] analyzing insert size distribution for orientation RF...
[0000][PE] (25, 50, 75) percentile: (61, 631, 724)
[0000][PE] low and high boundaries for computing mean and std.dev: (1, 2050)
[0000][PE] mean and std.dev: (409.38, 339.28)
[0000][PE] low and high boundaries for proper pairs: (1, 2713)
[0000][PE] analyzing insert size distribution for orientation RR...
[0000][PE] (25, 50, 75) percentile: (42, 59, 95)
[0000][PE] low and high boundaries for computing mean and std.dev: (1, 201)
[0000][PE] mean and std.dev: (70.51, 41.62)
[0000][PE] low and high boundaries for proper pairs: (1, 254)
[0000][PE] skip orientation FF
[0000][PE] skip orientation RF
[0000][PE] skip orientation RR
[0000] 3. Calling kt_for - worker_sam
	[0000][ M::mem_process_seqs] Processed 3314430 reads in 409.437 CPU sec, 11.062 real sec
[0000] read_chunk: 400000000, work_chunk_size: 400000128, nseq: 3314368
	[0000][ M::kt_pipeline] read 3314368 sequences (400000128 bp)...
[0000] Calling mem_process_seqs.., task: 4
[0000] 1. Calling kt_for - worker_bwt
[0000] 2. Calling kt_for - worker_aln
[0000] Inferring insert size distribution of PE reads from data, l_pac: 827016155, n: 3314368
[0000][PE] # candidate unique pairs for (FF, FR, RF, RR): (243, 534745, 141, 201)
[0000][PE] analyzing insert size distribution for orientation FF...
[0000][PE] (25, 50, 75) percentile: (33, 48, 70)
[0000][PE] low and high boundaries for computing mean and std.dev: (1, 144)
[0000][PE] mean and std.dev: (50.92, 27.48)
[0000][PE] low and high boundaries for proper pairs: (1, 181)
[0000][PE] analyzing insert size distribution for orientation FR...
[0000][PE] (25, 50, 75) percentile: (65, 86, 121)
[0000][PE] low and high boundaries for computing mean and std.dev: (1, 233)
[0000][PE] mean and std.dev: (93.19, 41.66)
[0000][PE] low and high boundaries for proper pairs: (1, 289)
[0000][PE] analyzing insert size distribution for orientation RF...
[0000][PE] (25, 50, 75) percentile: (108, 664, 751)
[0000][PE] low and high boundaries for computing mean and std.dev: (1, 2037)
[0000][PE] mean and std.dev: (467.96, 323.51)
[0000][PE] low and high boundaries for proper pairs: (1, 2680)
[0000][PE] analyzing insert size distribution for orientation RR...
[0000][PE] (25, 50, 75) percentile: (36, 51, 78)
[0000][PE] low and high boundaries for computing mean and std.dev: (1, 162)
[0000][PE] mean and std.dev: (56.50, 31.61)
[0000][PE] low and high boundaries for proper pairs: (1, 204)
[0000][PE] skip orientation FF
[0000][PE] skip orientation RF
[0000][PE] skip orientation RR
[0000] 3. Calling kt_for - worker_sam
[0000] read_chunk: 400000000, work_chunk_size: 400000193, nseq: 3307530
	[0000][ M::kt_pipeline] read 3307530 sequences (400000193 bp)...
	[0000][ M::mem_process_seqs] Processed 3314368 reads in 404.744 CPU sec, 10.687 real sec
[0000] Calling mem_process_seqs.., task: 5
[0000] 1. Calling kt_for - worker_bwt
[0000] 2. Calling kt_for - worker_aln
[0000] Inferring insert size distribution of PE reads from data, l_pac: 827016155, n: 3307530
[0000][PE] # candidate unique pairs for (FF, FR, RF, RR): (253, 522284, 318, 286)
[0000][PE] analyzing insert size distribution for orientation FF...
[0000][PE] (25, 50, 75) percentile: (35, 54, 85)
[0000][PE] low and high boundaries for computing mean and std.dev: (1, 185)
[0000][PE] mean and std.dev: (59.19, 31.98)
[0000][PE] low and high boundaries for proper pairs: (1, 235)
[0000][PE] analyzing insert size distribution for orientation FR...
[0000][PE] (25, 50, 75) percentile: (65, 86, 121)
[0000][PE] low and high boundaries for computing mean and std.dev: (1, 233)
[0000][PE] mean and std.dev: (93.18, 41.71)
[0000][PE] low and high boundaries for proper pairs: (1, 289)
[0000][PE] analyzing insert size distribution for orientation RF...
[0000][PE] (25, 50, 75) percentile: (648, 688, 721)
[0000][PE] low and high boundaries for computing mean and std.dev: (502, 867)
[0000][PE] mean and std.dev: (696.86, 47.69)
[0000][PE] low and high boundaries for proper pairs: (429, 940)
[0000][PE] analyzing insert size distribution for orientation RR...
[0000][PE] (25, 50, 75) percentile: (43, 65, 88)
[0000][PE] low and high boundaries for computing mean and std.dev: (1, 178)
[0000][PE] mean and std.dev: (65.25, 32.34)
[0000][PE] low and high boundaries for proper pairs: (1, 223)
[0000][PE] skip orientation FF
[0000][PE] skip orientation RF
[0000][PE] skip orientation RR
[0000] 3. Calling kt_for - worker_sam
	[0000][ M::mem_process_seqs] Processed 3307530 reads in 420.290 CPU sec, 11.285 real sec
[0000] read_chunk: 400000000, work_chunk_size: 400000204, nseq: 3325136
	[0000][ M::kt_pipeline] read 3325136 sequences (400000204 bp)...
[0000] Reallocating initial memory allocations!!
[0000] Calling mem_process_seqs.., task: 6
[0000] 1. Calling kt_for - worker_bwt
[0000] 2. Calling kt_for - worker_aln
[0000] Inferring insert size distribution of PE reads from data, l_pac: 827016155, n: 3325136
[0000][PE] # candidate unique pairs for (FF, FR, RF, RR): (305, 519028, 152, 245)
[0000][PE] analyzing insert size distribution for orientation FF...
[0000][PE] (25, 50, 75) percentile: (38, 51, 87)
[0000][PE] low and high boundaries for computing mean and std.dev: (1, 185)
[0000][PE] mean and std.dev: (63.86, 39.76)
[0000][PE] low and high boundaries for proper pairs: (1, 234)
[0000][PE] analyzing insert size distribution for orientation FR...
[0000][PE] (25, 50, 75) percentile: (66, 86, 121)
[0000][PE] low and high boundaries for computing mean and std.dev: (1, 231)
[0000][PE] mean and std.dev: (93.09, 41.41)
[0000][PE] low and high boundaries for proper pairs: (1, 286)
[0000][PE] analyzing insert size distribution for orientation RF...
[0000][PE] (25, 50, 75) percentile: (107, 643, 745)
[0000][PE] low and high boundaries for computing mean and std.dev: (1, 2021)
[0000][PE] mean and std.dev: (449.31, 315.05)
[0000][PE] low and high boundaries for proper pairs: (1, 2659)
[0000][PE] analyzing insert size distribution for orientation RR...
[0000][PE] (25, 50, 75) percentile: (37, 54, 84)
[0000][PE] low and high boundaries for computing mean and std.dev: (1, 178)
[0000][PE] mean and std.dev: (61.66, 34.64)
[0000][PE] low and high boundaries for proper pairs: (1, 225)
[0000][PE] skip orientation FF
[0000][PE] skip orientation RF
[0000][PE] skip orientation RR
[0000] 3. Calling kt_for - worker_sam
[0000] read_chunk: 400000000, work_chunk_size: 400000032, nseq: 3318470
	[0000][ M::kt_pipeline] read 3318470 sequences (400000032 bp)...
	[0000][ M::mem_process_seqs] Processed 3325136 reads in 450.203 CPU sec, 12.271 real sec
[0000] Calling mem_process_seqs.., task: 7
[0000] 1. Calling kt_for - worker_bwt
[0000] 2. Calling kt_for - worker_aln
[0000] Inferring insert size distribution of PE reads from data, l_pac: 827016155, n: 3318470
[0000][PE] # candidate unique pairs for (FF, FR, RF, RR): (262, 521629, 206, 270)
[0000][PE] analyzing insert size distribution for orientation FF...
[0000][PE] (25, 50, 75) percentile: (36, 57, 87)
[0000][PE] low and high boundaries for computing mean and std.dev: (1, 189)
[0000][PE] mean and std.dev: (62.18, 34.90)
[0000][PE] low and high boundaries for proper pairs: (1, 240)
[0000][PE] analyzing insert size distribution for orientation FR...
[0000][PE] (25, 50, 75) percentile: (65, 86, 120)
[0000][PE] low and high boundaries for computing mean and std.dev: (1, 230)
[0000][PE] mean and std.dev: (92.31, 40.77)
[0000][PE] low and high boundaries for proper pairs: (1, 285)
[0000][PE] analyzing insert size distribution for orientation RF...
[0000][PE] (25, 50, 75) percentile: (70, 650, 683)
[0000][PE] low and high boundaries for computing mean and std.dev: (1, 1909)
[0000][PE] mean and std.dev: (456.75, 309.20)
[0000][PE] low and high boundaries for proper pairs: (1, 2522)
[0000][PE] analyzing insert size distribution for orientation RR...
[0000][PE] (25, 50, 75) percentile: (36, 58, 93)
[0000][PE] low and high boundaries for computing mean and std.dev: (1, 207)
[0000][PE] mean and std.dev: (67.83, 44.79)
[0000][PE] low and high boundaries for proper pairs: (1, 264)
[0000][PE] skip orientation FF
[0000][PE] skip orientation RF
[0000][PE] skip orientation RR
[0000] 3. Calling kt_for - worker_sam
	[0000][ M::mem_process_seqs] Processed 3318470 reads in 433.343 CPU sec, 12.080 real sec
[0000] read_chunk: 400000000, work_chunk_size: 400000187, nseq: 3318276
	[0000][ M::kt_pipeline] read 3318276 sequences (400000187 bp)...
[0000] Calling mem_process_seqs.., task: 8
[0000] 1. Calling kt_for - worker_bwt
[0000] 2. Calling kt_for - worker_aln
[0000] Inferring insert size distribution of PE reads from data, l_pac: 827016155, n: 3318276
[0000][PE] # candidate unique pairs for (FF, FR, RF, RR): (232, 520347, 228, 271)
[0000][PE] analyzing insert size distribution for orientation FF...
[0000][PE] (25, 50, 75) percentile: (37, 55, 83)
[0000][PE] low and high boundaries for computing mean and std.dev: (1, 175)
[0000][PE] mean and std.dev: (57.40, 31.93)
[0000][PE] low and high boundaries for proper pairs: (1, 221)
[0000][PE] analyzing insert size distribution for orientation FR...
[0000][PE] (25, 50, 75) percentile: (65, 86, 120)
[0000][PE] low and high boundaries for computing mean and std.dev: (1, 230)
[0000][PE] mean and std.dev: (92.49, 40.93)
[0000][PE] low and high boundaries for proper pairs: (1, 285)
[0000][PE] analyzing insert size distribution for orientation RF...
[0000][PE] (25, 50, 75) percentile: (69, 323, 704)
[0000][PE] low and high boundaries for computing mean and std.dev: (1, 1974)
[0000][PE] mean and std.dev: (379.73, 313.57)
[0000][PE] low and high boundaries for proper pairs: (1, 2609)
[0000][PE] analyzing insert size distribution for orientation RR...
[0000][PE] (25, 50, 75) percentile: (39, 52, 88)
[0000][PE] low and high boundaries for computing mean and std.dev: (1, 186)
[0000][PE] mean and std.dev: (62.11, 35.92)
[0000][PE] low and high boundaries for proper pairs: (1, 235)
[0000][PE] skip orientation FF
[0000][PE] skip orientation RF
[0000][PE] skip orientation RR
[0000] 3. Calling kt_for - worker_sam
[0000] read_chunk: 400000000, work_chunk_size: 400000159, nseq: 3317060
	[0000][ M::kt_pipeline] read 3317060 sequences (400000159 bp)...
	[0000][ M::mem_process_seqs] Processed 3318276 reads in 435.830 CPU sec, 12.337 real sec
[0000] Calling mem_process_seqs.., task: 9
[0000] 1. Calling kt_for - worker_bwt
[0000] 2. Calling kt_for - worker_aln
[0000] Inferring insert size distribution of PE reads from data, l_pac: 827016155, n: 3317060
[0000][PE] # candidate unique pairs for (FF, FR, RF, RR): (250, 522219, 632, 248)
[0000][PE] analyzing insert size distribution for orientation FF...
[0000][PE] (25, 50, 75) percentile: (37, 58, 83)
[0000][PE] low and high boundaries for computing mean and std.dev: (1, 175)
[0000][PE] mean and std.dev: (65.18, 35.79)
[0000][PE] low and high boundaries for proper pairs: (1, 221)
[0000][PE] analyzing insert size distribution for orientation FR...
[0000][PE] (25, 50, 75) percentile: (65, 86, 120)
[0000][PE] low and high boundaries for computing mean and std.dev: (1, 230)
[0000][PE] mean and std.dev: (92.39, 40.78)
[0000][PE] low and high boundaries for proper pairs: (1, 285)
[0000][PE] analyzing insert size distribution for orientation RF...
[0000][PE] (25, 50, 75) percentile: (53, 687, 751)
[0000][PE] low and high boundaries for computing mean and std.dev: (1, 2147)
[0000][PE] mean and std.dev: (495.71, 326.43)
[0000][PE] low and high boundaries for proper pairs: (1, 2845)
[0000][PE] analyzing insert size distribution for orientation RR...
[0000][PE] (25, 50, 75) percentile: (35, 54, 87)
[0000][PE] low and high boundaries for computing mean and std.dev: (1, 191)
[0000][PE] mean and std.dev: (61.85, 38.05)
[0000][PE] low and high boundaries for proper pairs: (1, 243)
[0000][PE] skip orientation FF
[0000][PE] skip orientation RF
[0000][PE] skip orientation RR
[0000] 3. Calling kt_for - worker_sam
	[0000][ M::mem_process_seqs] Processed 3317060 reads in 450.053 CPU sec, 12.915 real sec
[0000] read_chunk: 400000000, work_chunk_size: 400000091, nseq: 3321718
	[0000][ M::kt_pipeline] read 3321718 sequences (400000091 bp)...
[0000] Calling mem_process_seqs.., task: 10
[0000] 1. Calling kt_for - worker_bwt
[0000] 2. Calling kt_for - worker_aln
[0000] Inferring insert size distribution of PE reads from data, l_pac: 827016155, n: 3321718
[0000][PE] # candidate unique pairs for (FF, FR, RF, RR): (254, 530071, 179, 291)
[0000][PE] analyzing insert size distribution for orientation FF...
[0000][PE] (25, 50, 75) percentile: (36, 51, 74)
[0000][PE] low and high boundaries for computing mean and std.dev: (1, 150)
[0000][PE] mean and std.dev: (54.72, 28.77)
[0000][PE] low and high boundaries for proper pairs: (1, 188)
[0000][PE] analyzing insert size distribution for orientation FR...
[0000][PE] (25, 50, 75) percentile: (65, 86, 119)
[0000][PE] low and high boundaries for computing mean and std.dev: (1, 227)
[0000][PE] mean and std.dev: (91.89, 40.12)
[0000][PE] low and high boundaries for proper pairs: (1, 281)
[0000][PE] analyzing insert size distribution for orientation RF...
[0000][PE] (25, 50, 75) percentile: (45, 98, 332)
[0000][PE] low and high boundaries for computing mean and std.dev: (1, 906)
[0000][PE] mean and std.dev: (235.68, 285.66)
[0000][PE] low and high boundaries for proper pairs: (1, 1378)
[0000][PE] analyzing insert size distribution for orientation RR...
[0000][PE] (25, 50, 75) percentile: (43, 67, 107)
[0000][PE] low and high boundaries for computing mean and std.dev: (1, 235)
[0000][PE] mean and std.dev: (76.29, 46.42)
[0000][PE] low and high boundaries for proper pairs: (1, 299)
[0000][PE] skip orientation FF
[0000][PE] skip orientation RF
[0000][PE] skip orientation RR
[0000] 3. Calling kt_for - worker_sam
[0000] read_chunk: 400000000, work_chunk_size: 400000236, nseq: 3318172
	[0000][ M::kt_pipeline] read 3318172 sequences (400000236 bp)...
	[0000][ M::mem_process_seqs] Processed 3321718 reads in 413.126 CPU sec, 10.935 real sec
[0000] Calling mem_process_seqs.., task: 11
[0000] 1. Calling kt_for - worker_bwt
[0000] 2. Calling kt_for - worker_aln
[0000] Inferring insert size distribution of PE reads from data, l_pac: 827016155, n: 3318172
[0000][PE] # candidate unique pairs for (FF, FR, RF, RR): (279, 529228, 130, 215)
[0000][PE] analyzing insert size distribution for orientation FF...
[0000][PE] (25, 50, 75) percentile: (34, 54, 79)
[0000][PE] low and high boundaries for computing mean and std.dev: (1, 169)
[0000][PE] mean and std.dev: (57.67, 31.89)
[0000][PE] low and high boundaries for proper pairs: (1, 214)
[0000][PE] analyzing insert size distribution for orientation FR...
[0000][PE] (25, 50, 75) percentile: (66, 86, 121)
[0000][PE] low and high boundaries for computing mean and std.dev: (1, 231)
[0000][PE] mean and std.dev: (93.01, 41.35)
[0000][PE] low and high boundaries for proper pairs: (1, 286)
[0000][PE] analyzing insert size distribution for orientation RF...
[0000][PE] (25, 50, 75) percentile: (71, 626, 718)
[0000][PE] low and high boundaries for computing mean and std.dev: (1, 2012)
[0000][PE] mean and std.dev: (421.58, 313.27)
[0000][PE] low and high boundaries for proper pairs: (1, 2659)
[0000][PE] analyzing insert size distribution for orientation RR...
[0000][PE] (25, 50, 75) percentile: (39, 55, 83)
[0000][PE] low and high boundaries for computing mean and std.dev: (1, 171)
[0000][PE] mean and std.dev: (60.27, 32.69)
[0000][PE] low and high boundaries for proper pairs: (1, 215)
[0000][PE] skip orientation FF
[0000][PE] skip orientation RF
[0000][PE] skip orientation RR
[0000] 3. Calling kt_for - worker_sam
	[0000][ M::mem_process_seqs] Processed 3318172 reads in 428.905 CPU sec, 11.516 real sec
[0000] read_chunk: 400000000, work_chunk_size: 400000058, nseq: 3309706
	[0000][ M::kt_pipeline] read 3309706 sequences (400000058 bp)...
[0000] Calling mem_process_seqs.., task: 12
[0000] 1. Calling kt_for - worker_bwt
[0000] 2. Calling kt_for - worker_aln
[0000] Inferring insert size distribution of PE reads from data, l_pac: 827016155, n: 3309706
[0000][PE] # candidate unique pairs for (FF, FR, RF, RR): (200, 523317, 168, 258)
[0000][PE] analyzing insert size distribution for orientation FF...
[0000][PE] (25, 50, 75) percentile: (37, 52, 74)
[0000][PE] low and high boundaries for computing mean and std.dev: (1, 148)
[0000][PE] mean and std.dev: (55.76, 25.94)
[0000][PE] low and high boundaries for proper pairs: (1, 185)
[0000][PE] analyzing insert size distribution for orientation FR...
[0000][PE] (25, 50, 75) percentile: (65, 86, 119)
[0000][PE] low and high boundaries for computing mean and std.dev: (1, 227)
[0000][PE] mean and std.dev: (91.89, 40.21)
[0000][PE] low and high boundaries for proper pairs: (1, 281)
[0000][PE] analyzing insert size distribution for orientation RF...
[0000][PE] (25, 50, 75) percentile: (38, 97, 632)
[0000][PE] low and high boundaries for computing mean and std.dev: (1, 1820)
[0000][PE] mean and std.dev: (251.11, 299.78)
[0000][PE] low and high boundaries for proper pairs: (1, 2414)
[0000][PE] analyzing insert size distribution for orientation RR...
[0000][PE] (25, 50, 75) percentile: (43, 67, 99)
[0000][PE] low and high boundaries for computing mean and std.dev: (1, 211)
[0000][PE] mean and std.dev: (72.30, 43.05)
[0000][PE] low and high boundaries for proper pairs: (1, 267)
[0000][PE] skip orientation FF
[0000][PE] skip orientation RF
[0000][PE] skip orientation RR
[0000] 3. Calling kt_for - worker_sam
[0000] read_chunk: 400000000, work_chunk_size: 400000009, nseq: 3312730
	[0000][ M::kt_pipeline] read 3312730 sequences (400000009 bp)...
	[0000][ M::mem_process_seqs] Processed 3309706 reads in 407.970 CPU sec, 10.827 real sec
[0000] Calling mem_process_seqs.., task: 13
[0000] 1. Calling kt_for - worker_bwt
[0000] 2. Calling kt_for - worker_aln
[0000] Inferring insert size distribution of PE reads from data, l_pac: 827016155, n: 3312730
[0000][PE] # candidate unique pairs for (FF, FR, RF, RR): (326, 529886, 226, 223)
[0000][PE] analyzing insert size distribution for orientation FF...
[0000][PE] (25, 50, 75) percentile: (39, 55, 71)
[0000][PE] low and high boundaries for computing mean and std.dev: (1, 135)
[0000][PE] mean and std.dev: (54.16, 24.06)
[0000][PE] low and high boundaries for proper pairs: (1, 167)
[0000][PE] analyzing insert size distribution for orientation FR...
[0000][PE] (25, 50, 75) percentile: (65, 86, 121)
[0000][PE] low and high boundaries for computing mean and std.dev: (1, 233)
[0000][PE] mean and std.dev: (93.11, 41.57)
[0000][PE] low and high boundaries for proper pairs: (1, 289)
[0000][PE] analyzing insert size distribution for orientation RF...
[0000][PE] (25, 50, 75) percentile: (37, 366, 693)
[0000][PE] low and high boundaries for computing mean and std.dev: (1, 2005)
[0000][PE] mean and std.dev: (381.24, 336.08)
[0000][PE] low and high boundaries for proper pairs: (1, 2661)
[0000][PE] analyzing insert size distribution for orientation RR...
[0000][PE] (25, 50, 75) percentile: (38, 55, 81)
[0000][PE] low and high boundaries for computing mean and std.dev: (1, 167)
[0000][PE] mean and std.dev: (57.29, 29.42)
[0000][PE] low and high boundaries for proper pairs: (1, 210)
[0000][PE] skip orientation FF
[0000][PE] skip orientation RF
[0000][PE] skip orientation RR
[0000] 3. Calling kt_for - worker_sam
	[0000][ M::mem_process_seqs] Processed 3312730 reads in 412.846 CPU sec, 11.256 real sec
[0000] read_chunk: 400000000, work_chunk_size: 400000219, nseq: 3313340
	[0000][ M::kt_pipeline] read 3313340 sequences (400000219 bp)...
[0000] Calling mem_process_seqs.., task: 14
[0000] 1. Calling kt_for - worker_bwt
[0000] 2. Calling kt_for - worker_aln
[0000] Inferring insert size distribution of PE reads from data, l_pac: 827016155, n: 3313340
[0000][PE] # candidate unique pairs for (FF, FR, RF, RR): (270, 529066, 513, 292)
[0000][PE] analyzing insert size distribution for orientation FF...
[0000][PE] (25, 50, 75) percentile: (40, 58, 89)
[0000][PE] low and high boundaries for computing mean and std.dev: (1, 187)
[0000][PE] mean and std.dev: (63.33, 36.12)
[0000][PE] low and high boundaries for proper pairs: (1, 236)
[0000][PE] analyzing insert size distribution for orientation FR...
[0000][PE] (25, 50, 75) percentile: (65, 86, 120)
[0000][PE] low and high boundaries for computing mean and std.dev: (1, 230)
[0000][PE] mean and std.dev: (92.58, 40.92)
[0000][PE] low and high boundaries for proper pairs: (1, 285)
[0000][PE] analyzing insert size distribution for orientation RF...
[0000][PE] (25, 50, 75) percentile: (648, 729, 802)
[0000][PE] low and high boundaries for computing mean and std.dev: (340, 1110)
[0000][PE] mean and std.dev: (757.40, 77.39)
[0000][PE] low and high boundaries for proper pairs: (186, 1264)
[0000][PE] analyzing insert size distribution for orientation RR...
[0000][PE] (25, 50, 75) percentile: (35, 50, 88)
[0000][PE] low and high boundaries for computing mean and std.dev: (1, 194)
[0000][PE] mean and std.dev: (58.68, 35.78)
[0000][PE] low and high boundaries for proper pairs: (1, 247)
[0000][PE] skip orientation FF
[0000][PE] skip orientation RF
[0000][PE] skip orientation RR
[0000] 3. Calling kt_for - worker_sam
	[0000][ M::mem_process_seqs] Processed 3313340 reads in 421.567 CPU sec, 12.286 real sec
[0000] read_chunk: 400000000, work_chunk_size: 400000275, nseq: 3311178
	[0000][ M::kt_pipeline] read 3311178 sequences (400000275 bp)...
[0000] Calling mem_process_seqs.., task: 15
[0000] 1. Calling kt_for - worker_bwt
[0000] 2. Calling kt_for - worker_aln
[0000] Inferring insert size distribution of PE reads from data, l_pac: 827016155, n: 3311178
[0000][PE] # candidate unique pairs for (FF, FR, RF, RR): (270, 529354, 416, 225)
[0000][PE] analyzing insert size distribution for orientation FF...
[0000][PE] (25, 50, 75) percentile: (34, 51, 74)
[0000][PE] low and high boundaries for computing mean and std.dev: (1, 154)
[0000][PE] mean and std.dev: (52.38, 26.62)
[0000][PE] low and high boundaries for proper pairs: (1, 194)
[0000][PE] analyzing insert size distribution for orientation FR...
[0000][PE] (25, 50, 75) percentile: (65, 86, 120)
[0000][PE] low and high boundaries for computing mean and std.dev: (1, 230)
[0000][PE] mean and std.dev: (92.68, 41.03)
[0000][PE] low and high boundaries for proper pairs: (1, 285)
[0000][PE] analyzing insert size distribution for orientation RF...
[0000][PE] (25, 50, 75) percentile: (643, 707, 754)
[0000][PE] low and high boundaries for computing mean and std.dev: (421, 976)
[0000][PE] mean and std.dev: (723.55, 61.68)
[0000][PE] low and high boundaries for proper pairs: (310, 1087)
[0000][PE] analyzing insert size distribution for orientation RR...
[0000][PE] (25, 50, 75) percentile: (39, 54, 83)
[0000][PE] low and high boundaries for computing mean and std.dev: (1, 171)
[0000][PE] mean and std.dev: (59.39, 30.56)
[0000][PE] low and high boundaries for proper pairs: (1, 215)
[0000][PE] skip orientation FF
[0000][PE] skip orientation RF
[0000][PE] skip orientation RR
[0000] 3. Calling kt_for - worker_sam
[0000] read_chunk: 400000000, work_chunk_size: 27057788, nseq: 225162
	[0000][ M::kt_pipeline] read 225162 sequences (27057788 bp)...
	[0000][ M::mem_process_seqs] Processed 3311178 reads in 414.578 CPU sec, 12.102 real sec
[0000] Calling mem_process_seqs.., task: 16
[0000] 1. Calling kt_for - worker_bwt
[0000] 2. Calling kt_for - worker_aln
[0000] Inferring insert size distribution of PE reads from data, l_pac: 827016155, n: 225162
[0000][PE] # candidate unique pairs for (FF, FR, RF, RR): (19, 29943, 6, 19)
[0000][PE] analyzing insert size distribution for orientation FF...
[0000][PE] (25, 50, 75) percentile: (40, 56, 66)
[0000][PE] low and high boundaries for computing mean and std.dev: (1, 118)
[0000][PE] mean and std.dev: (50.06, 20.54)
[0000][PE] low and high boundaries for proper pairs: (1, 144)
[0000][PE] analyzing insert size distribution for orientation FR...
[0000][PE] (25, 50, 75) percentile: (66, 87, 123)
[0000][PE] low and high boundaries for computing mean and std.dev: (1, 237)
[0000][PE] mean and std.dev: (94.37, 43.40)
[0000][PE] low and high boundaries for proper pairs: (1, 294)
[0000][PE] skip orientation RF as there are not enough pairs
[0000][PE] analyzing insert size distribution for orientation RR...
[0000][PE] (25, 50, 75) percentile: (34, 42, 61)
[0000][PE] low and high boundaries for computing mean and std.dev: (1, 115)
[0000][PE] mean and std.dev: (48.28, 18.81)
[0000][PE] low and high boundaries for proper pairs: (1, 142)
[0000][PE] skip orientation FF
[0000][PE] skip orientation RR
[0000] 3. Calling kt_for - worker_sam
	[0000][ M::mem_process_seqs] Processed 225162 reads in 52.744 CPU sec, 1.976 real sec
[0000] read_chunk: 400000000, work_chunk_size: 0, nseq: 0
[0000] read_chunk: 400000000, work_chunk_size: 0, nseq: 0
[0000] Computation ends..
No. of OMP threads: 40
Processor is running @2394.706226 MHz
Runtime profile:

	Time taken for main_mem function: 267.13 sec

	IO times (sec) :
	Reading IO time (reads) avg: 153.25, (153.25, 153.25)
	Writing IO time (SAM) avg: 79.47, (79.47, 79.47)
	Reading IO time (Reference Genome) avg: 0.69, (0.69, 0.69)
	Index read time avg: 0.37, (0.37, 0.37)

	Overall time (sec) (Excluding Index reading time):
	PROCESS() (Total compute time + (read + SAM) IO time) : 265.81
	MEM_PROCESS_SEQ() (Total compute time (Kernel + SAM)), avg: 186.36, (186.36, 186.36)

	 SAM Processing time (sec):
	--WORKER_SAM avg: 63.89, (63.89, 63.89)

	Kernels' compute time (sec):
	Total kernel (smem+sal+bsw) time avg: 119.11, (119.11, 119.11)
		MEM_ALN_CHAIN_FLT avg: 0.00, (0.00, 0.00)
		MEM_ALN_CHAIN_SEED avg: 0.00, (0.00, 0.00)
		ERT_SEED_CHAIN avg: 0.00, (0.00, 0.00)
	LEARNED_SEED_CHAIN avg: 62.85, (63.09, 62.61)
		SMEM compute avg: 0.00, (0.00, 0.00)
		SAL compute avg: 0.00, (0.00, 0.00)
				MEM_SA avg: 0.00, (0.00, 0.00)

		BSW time, avg: 51.67, (51.99, 51.31)

Important parameter settings: 
	BATCH_SIZE: 512
	MAX_SEQ_LEN_REF: 256
	MAX_SEQ_LEN_QER: 128
	MAX_SEQ_LEN8: 128
	SEEDS_PER_READ: 500
	SIMD_WIDTH8 X: 64
	SIMD_WIDTH16 X: 32
	AVG_SEEDS_PER_READ: 64
