Looking to launch executable "/opt/conda/bin/bwa-meme_mode3.avx512bw", simd = _mode3.avx512bw
Launching executable "/opt/conda/bin/bwa-meme_mode3.avx512bw"
-----------------------------
Executing in AVX512 mode!!
-----------------------------
* SA compression enabled with xfactor: 8
* Ref file: reference.ssl.Cvi.fasta
* Entering FMI_search
* Index file found. Loading index from reference.ssl.Cvi.fasta.bwt.2bit.64
* Reference seq len for bi-index = 1654032311
* sentinel-index: 1124853023
* Count:
0,	1
1,	494271467
2,	827016156
3,	1159760845
4,	1654032311

* Reading other elements of the index from files reference.ssl.Cvi.fasta
* Index prefix: reference.ssl.Cvi.fasta
* Read 0 ALT contigs
* Done reading Index!!
* Reading reference genome..
* Binary seq file = reference.ssl.Cvi.fasta.0123
* Reference genome size: 1654032310 bp
* Done reading reference genome !!

------------------------------------------
1. Memory pre-allocation for Chaining: 5679.4903 MB
2. Memory pre-allocation for BSW: 9584.6810 MB
3. Memory pre-allocation for BWT: 3092.5670 MB
------------------------------------------
* Threads used (compute): 40
* No. of pipeline threads: 2

[0000] read_chunk: 400000000, work_chunk_size: 400000248, nseq: 3811056
	[0000][ M::kt_pipeline] read 3811056 sequences (400000248 bp)...
[0000] Reallocating initial memory allocations!!
[0000] Calling mem_process_seqs.., task: 0
[0000] 1. Calling kt_for - worker_bwt
[0000] read_chunk: 400000000, work_chunk_size: 400000117, nseq: 3804852
	[0000][ M::kt_pipeline] read 3804852 sequences (400000117 bp)...
[0000] 2. Calling kt_for - worker_aln
[0000] Inferring insert size distribution of PE reads from data, l_pac: 827016155, n: 3811056
[0000][PE] # candidate unique pairs for (FF, FR, RF, RR): (287, 896987, 120, 273)
[0000][PE] analyzing insert size distribution for orientation FF...
[0000][PE] (25, 50, 75) percentile: (34, 49, 87)
[0000][PE] low and high boundaries for computing mean and std.dev: (1, 193)
[0000][PE] mean and std.dev: (61.05, 40.03)
[0000][PE] low and high boundaries for proper pairs: (1, 246)
[0000][PE] analyzing insert size distribution for orientation FR...
[0000][PE] (25, 50, 75) percentile: (61, 81, 112)
[0000][PE] low and high boundaries for computing mean and std.dev: (1, 214)
[0000][PE] mean and std.dev: (87.52, 37.41)
[0000][PE] low and high boundaries for proper pairs: (1, 265)
[0000][PE] analyzing insert size distribution for orientation RF...
[0000][PE] (25, 50, 75) percentile: (92, 294, 671)
[0000][PE] low and high boundaries for computing mean and std.dev: (1, 1829)
[0000][PE] mean and std.dev: (367.74, 302.61)
[0000][PE] low and high boundaries for proper pairs: (1, 2408)
[0000][PE] analyzing insert size distribution for orientation RR...
[0000][PE] (25, 50, 75) percentile: (35, 61, 100)
[0000][PE] low and high boundaries for computing mean and std.dev: (1, 230)
[0000][PE] mean and std.dev: (68.83, 44.72)
[0000][PE] low and high boundaries for proper pairs: (1, 295)
[0000][PE] skip orientation FF
[0000][PE] skip orientation RF
[0000][PE] skip orientation RR
[0000] 3. Calling kt_for - worker_sam
	[0000][ M::mem_process_seqs] Processed 3811056 reads in 1015.035 CPU sec, 27.557 real sec
[0000] Calling mem_process_seqs.., task: 1
[0000] 1. Calling kt_for - worker_bwt
[0000] 2. Calling kt_for - worker_aln
[0000] Inferring insert size distribution of PE reads from data, l_pac: 827016155, n: 3804852
[0000][PE] # candidate unique pairs for (FF, FR, RF, RR): (287, 898702, 218, 267)
[0000][PE] analyzing insert size distribution for orientation FF...
[0000][PE] (25, 50, 75) percentile: (35, 57, 91)
[0000][PE] low and high boundaries for computing mean and std.dev: (1, 203)
[0000][PE] mean and std.dev: (63.72, 41.09)
[0000][PE] low and high boundaries for proper pairs: (1, 259)
[0000][PE] analyzing insert size distribution for orientation FR...
[0000][PE] (25, 50, 75) percentile: (61, 82, 113)
[0000][PE] low and high boundaries for computing mean and std.dev: (1, 217)
[0000][PE] mean and std.dev: (87.88, 37.87)
[0000][PE] low and high boundaries for proper pairs: (1, 269)
[0000][PE] analyzing insert size distribution for orientation RF...
[0000][PE] (25, 50, 75) percentile: (113, 674, 751)
[0000][PE] low and high boundaries for computing mean and std.dev: (1, 2027)
[0000][PE] mean and std.dev: (495.62, 313.55)
[0000][PE] low and high boundaries for proper pairs: (1, 2665)
[0000][PE] analyzing insert size distribution for orientation RR...
[0000][PE] (25, 50, 75) percentile: (41, 59, 94)
[0000][PE] low and high boundaries for computing mean and std.dev: (1, 200)
[0000][PE] mean and std.dev: (66.50, 37.93)
[0000][PE] low and high boundaries for proper pairs: (1, 253)
[0000][PE] skip orientation FF
[0000][PE] skip orientation RF
[0000][PE] skip orientation RR
[0000] 3. Calling kt_for - worker_sam
[0000] read_chunk: 400000000, work_chunk_size: 400000271, nseq: 3803288
	[0000][ M::kt_pipeline] read 3803288 sequences (400000271 bp)...
	[0000][ M::mem_process_seqs] Processed 3804852 reads in 958.595 CPU sec, 25.455 real sec
[0000] Calling mem_process_seqs.., task: 2
[0000] 1. Calling kt_for - worker_bwt
[0000] 2. Calling kt_for - worker_aln
[0000] read_chunk: 400000000, work_chunk_size: 400000229, nseq: 3811298
	[0000][ M::kt_pipeline] read 3811298 sequences (400000229 bp)...
[0000] Inferring insert size distribution of PE reads from data, l_pac: 827016155, n: 3803288
[0000][PE] # candidate unique pairs for (FF, FR, RF, RR): (261, 894050, 150, 266)
[0000][PE] analyzing insert size distribution for orientation FF...
[0000][PE] (25, 50, 75) percentile: (35, 55, 78)
[0000][PE] low and high boundaries for computing mean and std.dev: (1, 164)
[0000][PE] mean and std.dev: (56.98, 31.54)
[0000][PE] low and high boundaries for proper pairs: (1, 207)
[0000][PE] analyzing insert size distribution for orientation FR...
[0000][PE] (25, 50, 75) percentile: (61, 82, 113)
[0000][PE] low and high boundaries for computing mean and std.dev: (1, 217)
[0000][PE] mean and std.dev: (87.90, 37.90)
[0000][PE] low and high boundaries for proper pairs: (1, 269)
[0000][PE] analyzing insert size distribution for orientation RF...
[0000][PE] (25, 50, 75) percentile: (95, 556, 746)
[0000][PE] low and high boundaries for computing mean and std.dev: (1, 2048)
[0000][PE] mean and std.dev: (425.73, 324.12)
[0000][PE] low and high boundaries for proper pairs: (1, 2699)
[0000][PE] analyzing insert size distribution for orientation RR...
[0000][PE] (25, 50, 75) percentile: (35, 57, 89)
[0000][PE] low and high boundaries for computing mean and std.dev: (1, 197)
[0000][PE] mean and std.dev: (64.71, 38.31)
[0000][PE] low and high boundaries for proper pairs: (1, 251)
[0000][PE] skip orientation FF
[0000][PE] skip orientation RF
[0000][PE] skip orientation RR
[0000] 3. Calling kt_for - worker_sam
	[0000][ M::mem_process_seqs] Processed 3803288 reads in 948.873 CPU sec, 25.069 real sec
[0000] Reallocating initial memory allocations!!
[0000] Calling mem_process_seqs.., task: 3
[0000] 1. Calling kt_for - worker_bwt
[0000] read_chunk: 400000000, work_chunk_size: 400000006, nseq: 3801686
	[0000][ M::kt_pipeline] read 3801686 sequences (400000006 bp)...
[0000] 2. Calling kt_for - worker_aln
[0000] Inferring insert size distribution of PE reads from data, l_pac: 827016155, n: 3811298
[0000][PE] # candidate unique pairs for (FF, FR, RF, RR): (284, 863594, 126, 250)
[0000][PE] analyzing insert size distribution for orientation FF...
[0000][PE] (25, 50, 75) percentile: (33, 53, 98)
[0000][PE] low and high boundaries for computing mean and std.dev: (1, 228)
[0000][PE] mean and std.dev: (69.47, 48.31)
[0000][PE] low and high boundaries for proper pairs: (1, 293)
[0000][PE] analyzing insert size distribution for orientation FR...
[0000][PE] (25, 50, 75) percentile: (61, 81, 112)
[0000][PE] low and high boundaries for computing mean and std.dev: (1, 214)
[0000][PE] mean and std.dev: (87.51, 37.34)
[0000][PE] low and high boundaries for proper pairs: (1, 265)
[0000][PE] analyzing insert size distribution for orientation RF...
[0000][PE] (25, 50, 75) percentile: (75, 184, 685)
[0000][PE] low and high boundaries for computing mean and std.dev: (1, 1905)
[0000][PE] mean and std.dev: (348.26, 323.95)
[0000][PE] low and high boundaries for proper pairs: (1, 2515)
[0000][PE] analyzing insert size distribution for orientation RR...
[0000][PE] (25, 50, 75) percentile: (41, 57, 85)
[0000][PE] low and high boundaries for computing mean and std.dev: (1, 173)
[0000][PE] mean and std.dev: (61.64, 31.75)
[0000][PE] low and high boundaries for proper pairs: (1, 217)
[0000][PE] skip orientation FF
[0000][PE] skip orientation RF
[0000][PE] skip orientation RR
[0000] 3. Calling kt_for - worker_sam
	[0000][ M::mem_process_seqs] Processed 3811298 reads in 1014.484 CPU sec, 27.122 real sec
[0000] Calling mem_process_seqs.., task: 4
[0000] 1. Calling kt_for - worker_bwt
[0000] 2. Calling kt_for - worker_aln
[0000] Inferring insert size distribution of PE reads from data, l_pac: 827016155, n: 3801686
[0000] read_chunk: 400000000, work_chunk_size: 400000119, nseq: 3800402
	[0000][ M::kt_pipeline] read 3800402 sequences (400000119 bp)...
[0000][PE] # candidate unique pairs for (FF, FR, RF, RR): (248, 872209, 145, 262)
[0000][PE] analyzing insert size distribution for orientation FF...
[0000][PE] (25, 50, 75) percentile: (35, 59, 91)
[0000][PE] low and high boundaries for computing mean and std.dev: (1, 203)
[0000][PE] mean and std.dev: (63.30, 38.91)
[0000][PE] low and high boundaries for proper pairs: (1, 259)
[0000][PE] analyzing insert size distribution for orientation FR...
[0000][PE] (25, 50, 75) percentile: (61, 81, 113)
[0000][PE] low and high boundaries for computing mean and std.dev: (1, 217)
[0000][PE] mean and std.dev: (87.83, 37.76)
[0000][PE] low and high boundaries for proper pairs: (1, 269)
[0000][PE] analyzing insert size distribution for orientation RF...
[0000][PE] (25, 50, 75) percentile: (41, 118, 631)
[0000][PE] low and high boundaries for computing mean and std.dev: (1, 1811)
[0000][PE] mean and std.dev: (259.77, 288.79)
[0000][PE] low and high boundaries for proper pairs: (1, 2401)
[0000][PE] analyzing insert size distribution for orientation RR...
[0000][PE] (25, 50, 75) percentile: (36, 61, 98)
[0000][PE] low and high boundaries for computing mean and std.dev: (1, 222)
[0000][PE] mean and std.dev: (66.22, 40.97)
[0000][PE] low and high boundaries for proper pairs: (1, 284)
[0000][PE] skip orientation FF
[0000][PE] skip orientation RF
[0000][PE] skip orientation RR
[0000] 3. Calling kt_for - worker_sam
	[0000][ M::mem_process_seqs] Processed 3801686 reads in 1005.564 CPU sec, 27.759 real sec
[0000] Calling mem_process_seqs.., task: 5
[0000] 1. Calling kt_for - worker_bwt
[0000] 2. Calling kt_for - worker_aln
[0000] Inferring insert size distribution of PE reads from data, l_pac: 827016155, n: 3800402
[0000][PE] # candidate unique pairs for (FF, FR, RF, RR): (270, 879859, 122, 260)
[0000][PE] analyzing insert size distribution for orientation FF...
[0000][PE] (25, 50, 75) percentile: (34, 54, 81)
[0000][PE] low and high boundaries for computing mean and std.dev: (1, 175)
[0000][PE] mean and std.dev: (58.08, 34.08)
[0000][PE] low and high boundaries for proper pairs: (1, 222)
[0000][PE] analyzing insert size distribution for orientation FR...
[0000][PE] (25, 50, 75) percentile: (61, 81, 112)
[0000][PE] low and high boundaries for computing mean and std.dev: (1, 214)
[0000][PE] mean and std.dev: (87.53, 37.35)
[0000][PE] low and high boundaries for proper pairs: (1, 265)
[0000][PE] analyzing insert size distribution for orientation RF...
[0000][PE] (25, 50, 75) percentile: (92, 463, 751)
[0000][PE] low and high boundaries for computing mean and std.dev: (1, 2069)
[0000][PE] mean and std.dev: (440.90, 352.92)
[0000][PE] low and high boundaries for proper pairs: (1, 2728)
[0000][PE] analyzing insert size distribution for orientation RR...
[0000][PE] (25, 50, 75) percentile: (42, 59, 91)
[0000][PE] low and high boundaries for computing mean and std.dev: (1, 189)
[0000][PE] mean and std.dev: (66.62, 37.02)
[0000][PE] low and high boundaries for proper pairs: (1, 238)
[0000][PE] skip orientation FF
[0000][PE] skip orientation RF
[0000][PE] skip orientation RR
[0000] 3. Calling kt_for - worker_sam
[0000] read_chunk: 400000000, work_chunk_size: 400000063, nseq: 3807886
	[0000][ M::kt_pipeline] read 3807886 sequences (400000063 bp)...
	[0000][ M::mem_process_seqs] Processed 3800402 reads in 978.489 CPU sec, 25.923 real sec
[0000] Calling mem_process_seqs.., task: 6
[0000] 1. Calling kt_for - worker_bwt
[0000] 2. Calling kt_for - worker_aln
[0000] Inferring insert size distribution of PE reads from data, l_pac: 827016155, n: 3807886
[0000][PE] # candidate unique pairs for (FF, FR, RF, RR): (274, 900812, 122, 280)
[0000][PE] analyzing insert size distribution for orientation FF...
[0000][PE] (25, 50, 75) percentile: (38, 59, 93)
[0000][PE] low and high boundaries for computing mean and std.dev: (1, 203)
[0000][PE] mean and std.dev: (65.47, 41.15)
[0000][PE] low and high boundaries for proper pairs: (1, 258)
[0000][PE] analyzing insert size distribution for orientation FR...
[0000][PE] (25, 50, 75) percentile: (61, 81, 112)
[0000][PE] low and high boundaries for computing mean and std.dev: (1, 214)
[0000][PE] mean and std.dev: (87.52, 37.37)
[0000][PE] low and high boundaries for proper pairs: (1, 265)
[0000][PE] analyzing insert size distribution for orientation RF...
[0000][PE] (25, 50, 75) percentile: (52, 122, 495)
[0000][PE] low and high boundaries for computing mean and std.dev: (1, 1381)
[0000][PE] mean and std.dev: (276.10, 289.72)
[0000][PE] low and high boundaries for proper pairs: (1, 1824)
[0000][PE] analyzing insert size distribution for orientation RR...
[0000][PE] (25, 50, 75) percentile: (41, 63, 99)
[0000][PE] low and high boundaries for computing mean and std.dev: (1, 215)
[0000][PE] mean and std.dev: (70.18, 42.11)
[0000][PE] low and high boundaries for proper pairs: (1, 273)
[0000][PE] skip orientation FF
[0000][PE] skip orientation RF
[0000][PE] skip orientation RR
[0000] 3. Calling kt_for - worker_sam
[0000] read_chunk: 400000000, work_chunk_size: 400000129, nseq: 3807664
	[0000][ M::kt_pipeline] read 3807664 sequences (400000129 bp)...
	[0000][ M::mem_process_seqs] Processed 3807886 reads in 935.913 CPU sec, 24.711 real sec
[0000] Calling mem_process_seqs.., task: 7
[0000] 1. Calling kt_for - worker_bwt
[0000] read_chunk: 400000000, work_chunk_size: 19416595, nseq: 180140
	[0000][ M::kt_pipeline] read 180140 sequences (19416595 bp)...
[0000] 2. Calling kt_for - worker_aln
[0000] Inferring insert size distribution of PE reads from data, l_pac: 827016155, n: 3807664
[0000][PE] # candidate unique pairs for (FF, FR, RF, RR): (294, 901552, 250, 288)
[0000][PE] analyzing insert size distribution for orientation FF...
[0000][PE] (25, 50, 75) percentile: (34, 54, 84)
[0000][PE] low and high boundaries for computing mean and std.dev: (1, 184)
[0000][PE] mean and std.dev: (58.43, 35.40)
[0000][PE] low and high boundaries for proper pairs: (1, 234)
[0000][PE] analyzing insert size distribution for orientation FR...
[0000][PE] (25, 50, 75) percentile: (61, 81, 112)
[0000][PE] low and high boundaries for computing mean and std.dev: (1, 214)
[0000][PE] mean and std.dev: (87.61, 37.44)
[0000][PE] low and high boundaries for proper pairs: (1, 265)
[0000][PE] analyzing insert size distribution for orientation RF...
[0000][PE] (25, 50, 75) percentile: (428, 725, 813)
[0000][PE] low and high boundaries for computing mean and std.dev: (1, 1583)
[0000][PE] mean and std.dev: (599.70, 285.81)
[0000][PE] low and high boundaries for proper pairs: (1, 1968)
[0000][PE] analyzing insert size distribution for orientation RR...
[0000][PE] (25, 50, 75) percentile: (37, 57, 89)
[0000][PE] low and high boundaries for computing mean and std.dev: (1, 193)
[0000][PE] mean and std.dev: (63.54, 39.53)
[0000][PE] low and high boundaries for proper pairs: (1, 245)
[0000][PE] skip orientation FF
[0000][PE] skip orientation RF
[0000][PE] skip orientation RR
[0000] 3. Calling kt_for - worker_sam
	[0000][ M::mem_process_seqs] Processed 3807664 reads in 922.865 CPU sec, 24.183 real sec
[0000] Calling mem_process_seqs.., task: 8
[0000] 1. Calling kt_for - worker_bwt
[0000] 2. Calling kt_for - worker_aln
[0000] Inferring insert size distribution of PE reads from data, l_pac: 827016155, n: 180140
[0000][PE] # candidate unique pairs for (FF, FR, RF, RR): (11, 30751, 2, 7)
[0000][PE] analyzing insert size distribution for orientation FF...
[0000][PE] (25, 50, 75) percentile: (31, 32, 113)
[0000][PE] low and high boundaries for computing mean and std.dev: (1, 277)
[0000][PE] mean and std.dev: (74.36, 65.85)
[0000][PE] low and high boundaries for proper pairs: (1, 359)
[0000][PE] analyzing insert size distribution for orientation FR...
[0000][PE] (25, 50, 75) percentile: (61, 81, 112)
[0000][PE] low and high boundaries for computing mean and std.dev: (1, 214)
[0000][PE] mean and std.dev: (87.25, 37.20)
[0000][PE] low and high boundaries for proper pairs: (1, 265)
[0000][PE] skip orientation RF as there are not enough pairs
[0000][PE] skip orientation RR as there are not enough pairs
[0000][PE] skip orientation FF
[0000] 3. Calling kt_for - worker_sam
	[0000][ M::mem_process_seqs] Processed 180140 reads in 81.867 CPU sec, 2.722 real sec
[0000] read_chunk: 400000000, work_chunk_size: 0, nseq: 0
[0000] read_chunk: 400000000, work_chunk_size: 0, nseq: 0
[0000] Computation ends..
No. of OMP threads: 40
Processor is running @2394.646782 MHz
Runtime profile:

	Time taken for main_mem function: 243.04 sec

	IO times (sec) :
	Reading IO time (reads) avg: 89.06, (89.06, 89.06)
	Writing IO time (SAM) avg: 60.98, (60.98, 60.98)
	Reading IO time (Reference Genome) avg: 1.00, (1.00, 1.00)
	Index read time avg: 2.09, (2.09, 2.09)

	Overall time (sec) (Excluding Index reading time):
	PROCESS() (Total compute time + (read + SAM) IO time) : 239.31
	MEM_PROCESS_SEQ() (Total compute time (Kernel + SAM)), avg: 210.48, (210.48, 210.48)

	 SAM Processing time (sec):
	--WORKER_SAM avg: 53.86, (53.86, 53.86)

	Kernels' compute time (sec):
	Total kernel (smem+sal+bsw) time avg: 150.46, (150.46, 150.46)
		MEM_ALN_CHAIN_FLT avg: 0.00, (0.00, 0.00)
		MEM_ALN_CHAIN_SEED avg: 0.00, (0.00, 0.00)
		ERT_SEED_CHAIN avg: 0.00, (0.00, 0.00)
	LEARNED_SEED_CHAIN avg: 0.00, (0.00, 0.00)
		SMEM compute avg: 72.25, (72.87, 71.58)
		SAL compute avg: 21.78, (22.35, 21.15)
				MEM_SA avg: 8.98, (9.17, 8.71)

		BSW time, avg: 47.14, (47.43, 46.97)

Important parameter settings: 
	BATCH_SIZE: 512
	MAX_SEQ_LEN_REF: 256
	MAX_SEQ_LEN_QER: 128
	MAX_SEQ_LEN8: 128
	SEEDS_PER_READ: 500
	SIMD_WIDTH8 X: 64
	SIMD_WIDTH16 X: 32
	AVG_SEEDS_PER_READ: 64
