Looking to launch executable "/opt/conda/bin/bwa-meme_mode3.avx512bw", simd = _mode3.avx512bw
Launching executable "/opt/conda/bin/bwa-meme_mode3.avx512bw"
-----------------------------
Executing in AVX512 mode!!
-----------------------------
* SA compression enabled with xfactor: 8
* Ref file: reference.ssl.Cvi.fasta
* Entering FMI_search
Reading other elements of the index from files reference.ssl.Cvi.fasta
* Index prefix: reference.ssl.Cvi.fasta
* Read 0 ALT contigs
* Reading reference genome..
* Binary seq file = reference.ssl.Cvi.fasta.0123
* Reference genome size: 1654032310 bp
* Done reading reference genome !!

------------------------------------------
1. Memory pre-allocation for Chaining: 5679.4903 MB
2. Memory pre-allocation for BSW: 9584.6810 MB
[M::memoryAllocLearned::MEME] Reading Learned-index models into memory
[Learned-Config] MODE:3 SEARCH_METHOD: 1 MEM_TRADEOFF:1 EXPONENTIAL_SMEMSEARCH: 1 DEBUG_MODE:0 Num 2nd Models:268435456 PWL Bits Used:28
[M::memoryAllocLearned::MEME] Loading RMI model and Pac reference file took 11.530 sec
[M::memoryAllocLearned::MEME] Reading suffix array into memory
[M::memoryAllocLearned::MEME] Loading pos_packed file took 14.647 sec
[M::memoryAllocLearned::MEME] Generating SA, 64-bit Suffix and ISA in memory
[M::memoryAllocLearned::MEME] Runtime-build-index took 19.664 sec
3. Memory pre-allocation for BWT: 8913.5523 MB
------------------------------------------
* Threads used (compute): 40
* No. of pipeline threads: 2

[0000] read_chunk: 400000000, work_chunk_size: 400000078, nseq: 3066894
	[0000][ M::kt_pipeline] read 3066894 sequences (400000078 bp)...
[0000] Reallocating initial memory allocations!!
[0000] Calling mem_process_seqs.., task: 0
[0000] 1. Calling kt_for - worker_bwt
[0000] 2. Calling kt_for - worker_aln
[0000] Inferring insert size distribution of PE reads from data, l_pac: 827016155, n: 3066894
[0000][PE] # candidate unique pairs for (FF, FR, RF, RR): (101, 354470, 220, 115)
[0000][PE] analyzing insert size distribution for orientation FF...
[0000][PE] (25, 50, 75) percentile: (43, 57, 90)
[0000][PE] low and high boundaries for computing mean and std.dev: (1, 184)
[0000][PE] mean and std.dev: (66.55, 36.00)
[0000][PE] low and high boundaries for proper pairs: (1, 231)
[0000][PE] analyzing insert size distribution for orientation FR...
[0000][PE] (25, 50, 75) percentile: (70, 98, 152)
[0000][PE] low and high boundaries for computing mean and std.dev: (1, 316)
[0000][PE] mean and std.dev: (116.33, 64.42)
[0000][PE] low and high boundaries for proper pairs: (1, 398)
[0000][PE] analyzing insert size distribution for orientation RF...
[0000][PE] (25, 50, 75) percentile: (97, 625, 689)
[0000][PE] low and high boundaries for computing mean and std.dev: (1, 1873)
[0000][PE] mean and std.dev: (415.38, 306.64)
[0000][PE] low and high boundaries for proper pairs: (1, 2465)
[0000][PE] analyzing insert size distribution for orientation RR...
[0000][PE] (25, 50, 75) percentile: (44, 70, 113)
[0000][PE] low and high boundaries for computing mean and std.dev: (1, 251)
[0000][PE] mean and std.dev: (76.72, 47.53)
[0000][PE] low and high boundaries for proper pairs: (1, 320)
[0000][PE] skip orientation FF
[0000][PE] skip orientation RF
[0000][PE] skip orientation RR
[0000] 3. Calling kt_for - worker_sam
[0000] read_chunk: 400000000, work_chunk_size: 400000024, nseq: 3061396
	[0000][ M::kt_pipeline] read 3061396 sequences (400000024 bp)...
	[0000][ M::mem_process_seqs] Processed 3066894 reads in 329.471 CPU sec, 8.767 real sec
[0000] Calling mem_process_seqs.., task: 1
[0000] 1. Calling kt_for - worker_bwt
[0000] 2. Calling kt_for - worker_aln
[0000] Inferring insert size distribution of PE reads from data, l_pac: 827016155, n: 3061396
[0000][PE] # candidate unique pairs for (FF, FR, RF, RR): (89, 359153, 257, 103)
[0000][PE] analyzing insert size distribution for orientation FF...
[0000][PE] (25, 50, 75) percentile: (39, 58, 91)
[0000][PE] low and high boundaries for computing mean and std.dev: (1, 195)
[0000][PE] mean and std.dev: (65.69, 35.09)
[0000][PE] low and high boundaries for proper pairs: (1, 247)
[0000][PE] analyzing insert size distribution for orientation FR...
[0000][PE] (25, 50, 75) percentile: (70, 99, 156)
[0000][PE] low and high boundaries for computing mean and std.dev: (1, 328)
[0000][PE] mean and std.dev: (118.96, 66.95)
[0000][PE] low and high boundaries for proper pairs: (1, 414)
[0000][PE] analyzing insert size distribution for orientation RF...
[0000][PE] (25, 50, 75) percentile: (88, 672, 711)
[0000][PE] low and high boundaries for computing mean and std.dev: (1, 1957)
[0000][PE] mean and std.dev: (497.58, 298.14)
[0000][PE] low and high boundaries for proper pairs: (1, 2580)
[0000][PE] analyzing insert size distribution for orientation RR...
[0000][PE] (25, 50, 75) percentile: (37, 60, 77)
[0000][PE] low and high boundaries for computing mean and std.dev: (1, 157)
[0000][PE] mean and std.dev: (57.91, 27.78)
[0000][PE] low and high boundaries for proper pairs: (1, 197)
[0000][PE] skip orientation FF
[0000][PE] skip orientation RF
[0000][PE] skip orientation RR
[0000] 3. Calling kt_for - worker_sam
	[0000][ M::mem_process_seqs] Processed 3061396 reads in 323.269 CPU sec, 8.792 real sec
[0000] read_chunk: 400000000, work_chunk_size: 400000042, nseq: 3063784
	[0000][ M::kt_pipeline] read 3063784 sequences (400000042 bp)...
[0000] Calling mem_process_seqs.., task: 2
[0000] 1. Calling kt_for - worker_bwt
[0000] 2. Calling kt_for - worker_aln
[0000] Inferring insert size distribution of PE reads from data, l_pac: 827016155, n: 3063784
[0000][PE] # candidate unique pairs for (FF, FR, RF, RR): (112, 358372, 514, 106)
[0000][PE] analyzing insert size distribution for orientation FF...
[0000][PE] (25, 50, 75) percentile: (39, 56, 76)
[0000][PE] low and high boundaries for computing mean and std.dev: (1, 150)
[0000][PE] mean and std.dev: (58.86, 28.63)
[0000][PE] low and high boundaries for proper pairs: (1, 187)
[0000][PE] analyzing insert size distribution for orientation FR...
[0000][PE] (25, 50, 75) percentile: (70, 99, 155)
[0000][PE] low and high boundaries for computing mean and std.dev: (1, 325)
[0000][PE] mean and std.dev: (118.27, 66.36)
[0000][PE] low and high boundaries for proper pairs: (1, 410)
[0000][PE] analyzing insert size distribution for orientation RF...
[0000][PE] (25, 50, 75) percentile: (623, 707, 757)
[0000][PE] low and high boundaries for computing mean and std.dev: (355, 1025)
[0000][PE] mean and std.dev: (729.52, 66.41)
[0000][PE] low and high boundaries for proper pairs: (221, 1159)
[0000][PE] analyzing insert size distribution for orientation RR...
[0000][PE] (25, 50, 75) percentile: (41, 70, 122)
[0000][PE] low and high boundaries for computing mean and std.dev: (1, 284)
[0000][PE] mean and std.dev: (81.99, 53.51)
[0000][PE] low and high boundaries for proper pairs: (1, 365)
[0000][PE] skip orientation FF
[0000][PE] skip orientation RF
[0000][PE] skip orientation RR
[0000] 3. Calling kt_for - worker_sam
	[0000][ M::mem_process_seqs] Processed 3063784 reads in 324.539 CPU sec, 8.551 real sec
[0000] read_chunk: 400000000, work_chunk_size: 400000069, nseq: 3060172
	[0000][ M::kt_pipeline] read 3060172 sequences (400000069 bp)...
[0000] Calling mem_process_seqs.., task: 3
[0000] 1. Calling kt_for - worker_bwt
[0000] 2. Calling kt_for - worker_aln
[0000] Inferring insert size distribution of PE reads from data, l_pac: 827016155, n: 3060172
[0000][PE] # candidate unique pairs for (FF, FR, RF, RR): (105, 355561, 386, 101)
[0000][PE] analyzing insert size distribution for orientation FF...
[0000][PE] (25, 50, 75) percentile: (43, 51, 75)
[0000][PE] low and high boundaries for computing mean and std.dev: (1, 139)
[0000][PE] mean and std.dev: (49.16, 20.58)
[0000][PE] low and high boundaries for proper pairs: (1, 171)
[0000][PE] analyzing insert size distribution for orientation FR...
[0000][PE] (25, 50, 75) percentile: (70, 99, 155)
[0000][PE] low and high boundaries for computing mean and std.dev: (1, 325)
[0000][PE] mean and std.dev: (118.43, 66.86)
[0000][PE] low and high boundaries for proper pairs: (1, 410)
[0000][PE] analyzing insert size distribution for orientation RF...
[0000][PE] (25, 50, 75) percentile: (63, 665, 752)
[0000][PE] low and high boundaries for computing mean and std.dev: (1, 2130)
[0000][PE] mean and std.dev: (456.88, 338.19)
[0000][PE] low and high boundaries for proper pairs: (1, 2819)
[0000][PE] analyzing insert size distribution for orientation RR...
[0000][PE] (25, 50, 75) percentile: (44, 74, 91)
[0000][PE] low and high boundaries for computing mean and std.dev: (1, 185)
[0000][PE] mean and std.dev: (70.32, 38.01)
[0000][PE] low and high boundaries for proper pairs: (1, 232)
[0000][PE] skip orientation FF
[0000][PE] skip orientation RF
[0000][PE] skip orientation RR
[0000] 3. Calling kt_for - worker_sam
	[0000][ M::mem_process_seqs] Processed 3060172 reads in 321.749 CPU sec, 8.651 real sec
[0000] read_chunk: 400000000, work_chunk_size: 400000197, nseq: 3062770
	[0000][ M::kt_pipeline] read 3062770 sequences (400000197 bp)...
[0000] Calling mem_process_seqs.., task: 4
[0000] 1. Calling kt_for - worker_bwt
[0000] 2. Calling kt_for - worker_aln
[0000] Inferring insert size distribution of PE reads from data, l_pac: 827016155, n: 3062770
[0000][PE] # candidate unique pairs for (FF, FR, RF, RR): (117, 360808, 306, 98)
[0000][PE] analyzing insert size distribution for orientation FF...
[0000][PE] (25, 50, 75) percentile: (40, 53, 88)
[0000][PE] low and high boundaries for computing mean and std.dev: (1, 184)
[0000][PE] mean and std.dev: (60.15, 36.75)
[0000][PE] low and high boundaries for proper pairs: (1, 232)
[0000][PE] analyzing insert size distribution for orientation FR...
[0000][PE] (25, 50, 75) percentile: (71, 99, 156)
[0000][PE] low and high boundaries for computing mean and std.dev: (1, 326)
[0000][PE] mean and std.dev: (119.27, 66.90)
[0000][PE] low and high boundaries for proper pairs: (1, 411)
[0000][PE] analyzing insert size distribution for orientation RF...
[0000][PE] (25, 50, 75) percentile: (148, 679, 734)
[0000][PE] low and high boundaries for computing mean and std.dev: (1, 1906)
[0000][PE] mean and std.dev: (518.85, 295.66)
[0000][PE] low and high boundaries for proper pairs: (1, 2492)
[0000][PE] analyzing insert size distribution for orientation RR...
[0000][PE] (25, 50, 75) percentile: (42, 62, 89)
[0000][PE] low and high boundaries for computing mean and std.dev: (1, 183)
[0000][PE] mean and std.dev: (65.20, 34.31)
[0000][PE] low and high boundaries for proper pairs: (1, 230)
[0000][PE] skip orientation FF
[0000][PE] skip orientation RF
[0000][PE] skip orientation RR
[0000] 3. Calling kt_for - worker_sam
	[0000][ M::mem_process_seqs] Processed 3062770 reads in 320.388 CPU sec, 8.455 real sec
[0000] read_chunk: 400000000, work_chunk_size: 400000023, nseq: 3061046
	[0000][ M::kt_pipeline] read 3061046 sequences (400000023 bp)...
[0000] Calling mem_process_seqs.., task: 5
[0000] 1. Calling kt_for - worker_bwt
[0000] 2. Calling kt_for - worker_aln
[0000] Inferring insert size distribution of PE reads from data, l_pac: 827016155, n: 3061046
[0000][PE] # candidate unique pairs for (FF, FR, RF, RR): (125, 352987, 388, 109)
[0000][PE] analyzing insert size distribution for orientation FF...
[0000][PE] (25, 50, 75) percentile: (42, 57, 81)
[0000][PE] low and high boundaries for computing mean and std.dev: (1, 159)
[0000][PE] mean and std.dev: (58.34, 26.89)
[0000][PE] low and high boundaries for proper pairs: (1, 198)
[0000][PE] analyzing insert size distribution for orientation FR...
[0000][PE] (25, 50, 75) percentile: (70, 98, 153)
[0000][PE] low and high boundaries for computing mean and std.dev: (1, 319)
[0000][PE] mean and std.dev: (116.90, 64.84)
[0000][PE] low and high boundaries for proper pairs: (1, 402)
[0000][PE] analyzing insert size distribution for orientation RF...
[0000][PE] (25, 50, 75) percentile: (661, 698, 727)
[0000][PE] low and high boundaries for computing mean and std.dev: (529, 859)
[0000][PE] mean and std.dev: (706.74, 42.52)
[0000][PE] low and high boundaries for proper pairs: (463, 925)
[0000][PE] analyzing insert size distribution for orientation RR...
[0000][PE] (25, 50, 75) percentile: (37, 54, 90)
[0000][PE] low and high boundaries for computing mean and std.dev: (1, 196)
[0000][PE] mean and std.dev: (63.81, 37.72)
[0000][PE] low and high boundaries for proper pairs: (1, 249)
[0000][PE] skip orientation FF
[0000][PE] skip orientation RF
[0000][PE] skip orientation RR
[0000] 3. Calling kt_for - worker_sam
	[0000][ M::mem_process_seqs] Processed 3061046 reads in 321.307 CPU sec, 8.720 real sec
[0000] read_chunk: 400000000, work_chunk_size: 400000211, nseq: 3064988
	[0000][ M::kt_pipeline] read 3064988 sequences (400000211 bp)...
[0000] Calling mem_process_seqs.., task: 6
[0000] 1. Calling kt_for - worker_bwt
[0000] 2. Calling kt_for - worker_aln
[0000] Inferring insert size distribution of PE reads from data, l_pac: 827016155, n: 3064988
[0000][PE] # candidate unique pairs for (FF, FR, RF, RR): (163, 351402, 188, 104)
[0000][PE] analyzing insert size distribution for orientation FF...
[0000][PE] (25, 50, 75) percentile: (48, 88, 151)
[0000][PE] low and high boundaries for computing mean and std.dev: (1, 357)
[0000][PE] mean and std.dev: (105.76, 65.93)
[0000][PE] low and high boundaries for proper pairs: (1, 460)
[0000][PE] analyzing insert size distribution for orientation FR...
[0000][PE] (25, 50, 75) percentile: (70, 99, 155)
[0000][PE] low and high boundaries for computing mean and std.dev: (1, 325)
[0000][PE] mean and std.dev: (118.16, 66.02)
[0000][PE] low and high boundaries for proper pairs: (1, 410)
[0000][PE] analyzing insert size distribution for orientation RF...
[0000][PE] (25, 50, 75) percentile: (105, 681, 733)
[0000][PE] low and high boundaries for computing mean and std.dev: (1, 1989)
[0000][PE] mean and std.dev: (510.59, 307.22)
[0000][PE] low and high boundaries for proper pairs: (1, 2617)
[0000][PE] analyzing insert size distribution for orientation RR...
[0000][PE] (25, 50, 75) percentile: (40, 57, 94)
[0000][PE] low and high boundaries for computing mean and std.dev: (1, 202)
[0000][PE] mean and std.dev: (68.72, 39.58)
[0000][PE] low and high boundaries for proper pairs: (1, 256)
[0000][PE] skip orientation FF
[0000][PE] skip orientation RF
[0000][PE] skip orientation RR
[0000] 3. Calling kt_for - worker_sam
	[0000][ M::mem_process_seqs] Processed 3064988 reads in 340.148 CPU sec, 9.059 real sec
[0000] read_chunk: 400000000, work_chunk_size: 400000062, nseq: 3065390
	[0000][ M::kt_pipeline] read 3065390 sequences (400000062 bp)...
[0000] Calling mem_process_seqs.., task: 7
[0000] 1. Calling kt_for - worker_bwt
[0000] 2. Calling kt_for - worker_aln
[0000] Inferring insert size distribution of PE reads from data, l_pac: 827016155, n: 3065390
[0000][PE] # candidate unique pairs for (FF, FR, RF, RR): (82, 353883, 157, 120)
[0000][PE] analyzing insert size distribution for orientation FF...
[0000][PE] (25, 50, 75) percentile: (41, 64, 96)
[0000][PE] low and high boundaries for computing mean and std.dev: (1, 206)
[0000][PE] mean and std.dev: (66.83, 40.71)
[0000][PE] low and high boundaries for proper pairs: (1, 261)
[0000][PE] analyzing insert size distribution for orientation FR...
[0000][PE] (25, 50, 75) percentile: (70, 98, 153)
[0000][PE] low and high boundaries for computing mean and std.dev: (1, 319)
[0000][PE] mean and std.dev: (117.35, 65.22)
[0000][PE] low and high boundaries for proper pairs: (1, 402)
[0000][PE] analyzing insert size distribution for orientation RF...
[0000][PE] (25, 50, 75) percentile: (125, 651, 737)
[0000][PE] low and high boundaries for computing mean and std.dev: (1, 1961)
[0000][PE] mean and std.dev: (465.29, 311.78)
[0000][PE] low and high boundaries for proper pairs: (1, 2573)
[0000][PE] analyzing insert size distribution for orientation RR...
[0000][PE] (25, 50, 75) percentile: (33, 55, 100)
[0000][PE] low and high boundaries for computing mean and std.dev: (1, 234)
[0000][PE] mean and std.dev: (67.43, 49.57)
[0000][PE] low and high boundaries for proper pairs: (1, 301)
[0000][PE] skip orientation FF
[0000][PE] skip orientation RF
[0000][PE] skip orientation RR
[0000] 3. Calling kt_for - worker_sam
	[0000][ M::mem_process_seqs] Processed 3065390 reads in 332.407 CPU sec, 8.813 real sec
[0000] read_chunk: 400000000, work_chunk_size: 400000039, nseq: 3067830
	[0000][ M::kt_pipeline] read 3067830 sequences (400000039 bp)...
[0000] Reallocating initial memory allocations!!
[0000] Calling mem_process_seqs.., task: 8
[0000] 1. Calling kt_for - worker_bwt
[0000] read_chunk: 400000000, work_chunk_size: 400000237, nseq: 3062322
[0000] 2. Calling kt_for - worker_aln
	[0000][ M::kt_pipeline] read 3062322 sequences (400000237 bp)...
[0000] Inferring insert size distribution of PE reads from data, l_pac: 827016155, n: 3067830
[0000][PE] # candidate unique pairs for (FF, FR, RF, RR): (102, 354836, 363, 141)
[0000][PE] analyzing insert size distribution for orientation FF...
[0000][PE] (25, 50, 75) percentile: (43, 61, 80)
[0000][PE] low and high boundaries for computing mean and std.dev: (1, 154)
[0000][PE] mean and std.dev: (60.41, 24.97)
[0000][PE] low and high boundaries for proper pairs: (1, 191)
[0000][PE] analyzing insert size distribution for orientation FR...
[0000][PE] (25, 50, 75) percentile: (70, 99, 156)
[0000][PE] low and high boundaries for computing mean and std.dev: (1, 328)
[0000][PE] mean and std.dev: (119.18, 67.31)
[0000][PE] low and high boundaries for proper pairs: (1, 414)
[0000][PE] analyzing insert size distribution for orientation RF...
[0000][PE] (25, 50, 75) percentile: (55, 123, 650)
[0000][PE] low and high boundaries for computing mean and std.dev: (1, 1840)
[0000][PE] mean and std.dev: (289.26, 289.83)
[0000][PE] low and high boundaries for proper pairs: (1, 2435)
[0000][PE] analyzing insert size distribution for orientation RR...
[0000][PE] (25, 50, 75) percentile: (48, 70, 126)
[0000][PE] low and high boundaries for computing mean and std.dev: (1, 282)
[0000][PE] mean and std.dev: (92.74, 66.06)
[0000][PE] low and high boundaries for proper pairs: (1, 360)
[0000][PE] skip orientation FF
[0000][PE] skip orientation RF
[0000][PE] skip orientation RR
[0000] 3. Calling kt_for - worker_sam
	[0000][ M::mem_process_seqs] Processed 3067830 reads in 333.551 CPU sec, 8.729 real sec
[0000] Calling mem_process_seqs.., task: 9
[0000] 1. Calling kt_for - worker_bwt
[0000] 2. Calling kt_for - worker_aln
[0000] Inferring insert size distribution of PE reads from data, l_pac: 827016155, n: 3062322
[0000][PE] # candidate unique pairs for (FF, FR, RF, RR): (105, 351996, 185, 108)
[0000][PE] analyzing insert size distribution for orientation FF...
[0000][PE] (25, 50, 75) percentile: (39, 51, 90)
[0000][PE] low and high boundaries for computing mean and std.dev: (1, 192)
[0000][PE] mean and std.dev: (60.33, 31.33)
[0000][PE] low and high boundaries for proper pairs: (1, 243)
[0000][PE] analyzing insert size distribution for orientation FR...
[0000][PE] (25, 50, 75) percentile: (70, 98, 152)
[0000][PE] low and high boundaries for computing mean and std.dev: (1, 316)
[0000][PE] mean and std.dev: (116.31, 64.23)
[0000][PE] low and high boundaries for proper pairs: (1, 398)
[0000][PE] analyzing insert size distribution for orientation RF...
[0000][PE] (25, 50, 75) percentile: (629, 704, 744)
[0000][PE] low and high boundaries for computing mean and std.dev: (399, 974)
[0000][PE] mean and std.dev: (720.92, 54.13)
[0000][PE] low and high boundaries for proper pairs: (284, 1089)
[0000][PE] analyzing insert size distribution for orientation RR...
[0000][PE] (25, 50, 75) percentile: (38, 51, 78)
[0000][PE] low and high boundaries for computing mean and std.dev: (1, 158)
[0000][PE] mean and std.dev: (56.63, 30.55)
[0000][PE] low and high boundaries for proper pairs: (1, 198)
[0000][PE] skip orientation FF
[0000][PE] skip orientation RF
[0000][PE] skip orientation RR
[0000] 3. Calling kt_for - worker_sam
	[0000][ M::mem_process_seqs] Processed 3062322 reads in 323.679 CPU sec, 8.807 real sec
[0000] read_chunk: 400000000, work_chunk_size: 400000218, nseq: 3068214
	[0000][ M::kt_pipeline] read 3068214 sequences (400000218 bp)...
[0000] Reallocating initial memory allocations!!
[0000] Calling mem_process_seqs.., task: 10
[0000] 1. Calling kt_for - worker_bwt
[0000] 2. Calling kt_for - worker_aln
[0000] Inferring insert size distribution of PE reads from data, l_pac: 827016155, n: 3068214
[0000][PE] # candidate unique pairs for (FF, FR, RF, RR): (105, 355785, 596, 147)
[0000][PE] analyzing insert size distribution for orientation FF...
[0000][PE] (25, 50, 75) percentile: (40, 58, 134)
[0000][PE] low and high boundaries for computing mean and std.dev: (1, 322)
[0000][PE] mean and std.dev: (76.54, 52.07)
[0000][PE] low and high boundaries for proper pairs: (1, 416)
[0000][PE] analyzing insert size distribution for orientation FR...
[0000][PE] (25, 50, 75) percentile: (70, 98, 152)
[0000][PE] low and high boundaries for computing mean and std.dev: (1, 316)
[0000][PE] mean and std.dev: (116.32, 64.22)
[0000][PE] low and high boundaries for proper pairs: (1, 398)
[0000][PE] analyzing insert size distribution for orientation RF...
[0000][PE] (25, 50, 75) percentile: (33, 473, 740)
[0000][PE] low and high boundaries for computing mean and std.dev: (1, 2154)
[0000][PE] mean and std.dev: (389.69, 347.15)
[0000][PE] low and high boundaries for proper pairs: (1, 2861)
[0000][PE] analyzing insert size distribution for orientation RR...
[0000][PE] (25, 50, 75) percentile: (45, 66, 85)
[0000][PE] low and high boundaries for computing mean and std.dev: (1, 165)
[0000][PE] mean and std.dev: (67.29, 32.69)
[0000][PE] low and high boundaries for proper pairs: (1, 205)
[0000][PE] skip orientation FF
[0000][PE] skip orientation RF
[0000][PE] skip orientation RR
[0000] 3. Calling kt_for - worker_sam
[0000] read_chunk: 400000000, work_chunk_size: 400000120, nseq: 3067254
	[0000][ M::kt_pipeline] read 3067254 sequences (400000120 bp)...
	[0000][ M::mem_process_seqs] Processed 3068214 reads in 332.361 CPU sec, 8.777 real sec
[0000] Calling mem_process_seqs.., task: 11
[0000] 1. Calling kt_for - worker_bwt
[0000] 2. Calling kt_for - worker_aln
[0000] Inferring insert size distribution of PE reads from data, l_pac: 827016155, n: 3067254
[0000][PE] # candidate unique pairs for (FF, FR, RF, RR): (117, 356400, 483, 127)
[0000][PE] analyzing insert size distribution for orientation FF...
[0000][PE] (25, 50, 75) percentile: (35, 51, 73)
[0000][PE] low and high boundaries for computing mean and std.dev: (1, 149)
[0000][PE] mean and std.dev: (52.26, 25.10)
[0000][PE] low and high boundaries for proper pairs: (1, 187)
[0000][PE] analyzing insert size distribution for orientation FR...
[0000][PE] (25, 50, 75) percentile: (70, 98, 153)
[0000][PE] low and high boundaries for computing mean and std.dev: (1, 319)
[0000][PE] mean and std.dev: (116.69, 64.76)
[0000][PE] low and high boundaries for proper pairs: (1, 402)
[0000][PE] analyzing insert size distribution for orientation RF...
[0000][PE] (25, 50, 75) percentile: (97, 673, 733)
[0000][PE] low and high boundaries for computing mean and std.dev: (1, 2005)
[0000][PE] mean and std.dev: (490.61, 312.87)
[0000][PE] low and high boundaries for proper pairs: (1, 2641)
[0000][PE] analyzing insert size distribution for orientation RR...
[0000][PE] (25, 50, 75) percentile: (45, 71, 105)
[0000][PE] low and high boundaries for computing mean and std.dev: (1, 225)
[0000][PE] mean and std.dev: (71.11, 39.81)
[0000][PE] low and high boundaries for proper pairs: (1, 285)
[0000][PE] skip orientation FF
[0000][PE] skip orientation RF
[0000][PE] skip orientation RR
[0000] 3. Calling kt_for - worker_sam
	[0000][ M::mem_process_seqs] Processed 3067254 reads in 326.847 CPU sec, 8.782 real sec
[0000] read_chunk: 400000000, work_chunk_size: 400000242, nseq: 3067262
	[0000][ M::kt_pipeline] read 3067262 sequences (400000242 bp)...
[0000] Calling mem_process_seqs.., task: 12
[0000] 1. Calling kt_for - worker_bwt
[0000] 2. Calling kt_for - worker_aln
[0000] Inferring insert size distribution of PE reads from data, l_pac: 827016155, n: 3067262
[0000][PE] # candidate unique pairs for (FF, FR, RF, RR): (81, 359045, 123, 116)
[0000][PE] analyzing insert size distribution for orientation FF...
[0000][PE] (25, 50, 75) percentile: (36, 49, 66)
[0000][PE] low and high boundaries for computing mean and std.dev: (1, 126)
[0000][PE] mean and std.dev: (50.28, 20.61)
[0000][PE] low and high boundaries for proper pairs: (1, 156)
[0000][PE] analyzing insert size distribution for orientation FR...
[0000][PE] (25, 50, 75) percentile: (70, 99, 155)
[0000][PE] low and high boundaries for computing mean and std.dev: (1, 325)
[0000][PE] mean and std.dev: (118.36, 66.40)
[0000][PE] low and high boundaries for proper pairs: (1, 410)
[0000][PE] analyzing insert size distribution for orientation RF...
[0000][PE] (25, 50, 75) percentile: (96, 663, 733)
[0000][PE] low and high boundaries for computing mean and std.dev: (1, 2007)
[0000][PE] mean and std.dev: (471.27, 336.39)
[0000][PE] low and high boundaries for proper pairs: (1, 2644)
[0000][PE] analyzing insert size distribution for orientation RR...
[0000][PE] (25, 50, 75) percentile: (45, 63, 97)
[0000][PE] low and high boundaries for computing mean and std.dev: (1, 201)
[0000][PE] mean and std.dev: (67.51, 37.05)
[0000][PE] low and high boundaries for proper pairs: (1, 253)
[0000][PE] skip orientation FF
[0000][PE] skip orientation RF
[0000][PE] skip orientation RR
[0000] 3. Calling kt_for - worker_sam
	[0000][ M::mem_process_seqs] Processed 3067262 reads in 329.534 CPU sec, 8.828 real sec
[0000] read_chunk: 400000000, work_chunk_size: 400000110, nseq: 3060534
	[0000][ M::kt_pipeline] read 3060534 sequences (400000110 bp)...
[0000] Calling mem_process_seqs.., task: 13
[0000] 1. Calling kt_for - worker_bwt
[0000] 2. Calling kt_for - worker_aln
[0000] Inferring insert size distribution of PE reads from data, l_pac: 827016155, n: 3060534
[0000][PE] # candidate unique pairs for (FF, FR, RF, RR): (128, 349078, 187, 155)
[0000][PE] analyzing insert size distribution for orientation FF...
[0000][PE] (25, 50, 75) percentile: (42, 59, 86)
[0000][PE] low and high boundaries for computing mean and std.dev: (1, 174)
[0000][PE] mean and std.dev: (60.74, 27.15)
[0000][PE] low and high boundaries for proper pairs: (1, 218)
[0000][PE] analyzing insert size distribution for orientation FR...
[0000][PE] (25, 50, 75) percentile: (70, 98, 151)
[0000][PE] low and high boundaries for computing mean and std.dev: (1, 313)
[0000][PE] mean and std.dev: (115.77, 63.81)
[0000][PE] low and high boundaries for proper pairs: (1, 394)
[0000][PE] analyzing insert size distribution for orientation RF...
[0000][PE] (25, 50, 75) percentile: (59, 97, 362)
[0000][PE] low and high boundaries for computing mean and std.dev: (1, 968)
[0000][PE] mean and std.dev: (239.95, 281.20)
[0000][PE] low and high boundaries for proper pairs: (1, 1365)
[0000][PE] analyzing insert size distribution for orientation RR...
[0000][PE] (25, 50, 75) percentile: (53, 73, 138)
[0000][PE] low and high boundaries for computing mean and std.dev: (1, 308)
[0000][PE] mean and std.dev: (94.06, 61.61)
[0000][PE] low and high boundaries for proper pairs: (1, 393)
[0000][PE] skip orientation FF
[0000][PE] skip orientation RF
[0000][PE] skip orientation RR
[0000] 3. Calling kt_for - worker_sam
	[0000][ M::mem_process_seqs] Processed 3060534 reads in 322.863 CPU sec, 8.683 real sec
[0000] read_chunk: 400000000, work_chunk_size: 400000152, nseq: 3059912
	[0000][ M::kt_pipeline] read 3059912 sequences (400000152 bp)...
[0000] Calling mem_process_seqs.., task: 14
[0000] 1. Calling kt_for - worker_bwt
[0000] 2. Calling kt_for - worker_aln
[0000] Inferring insert size distribution of PE reads from data, l_pac: 827016155, n: 3059912
[0000][PE] # candidate unique pairs for (FF, FR, RF, RR): (115, 352952, 262, 80)
[0000][PE] analyzing insert size distribution for orientation FF...
[0000][PE] (25, 50, 75) percentile: (40, 48, 67)
[0000][PE] low and high boundaries for computing mean and std.dev: (1, 121)
[0000][PE] mean and std.dev: (49.31, 21.67)
[0000][PE] low and high boundaries for proper pairs: (1, 148)
[0000][PE] analyzing insert size distribution for orientation FR...
[0000][PE] (25, 50, 75) percentile: (70, 98, 153)
[0000][PE] low and high boundaries for computing mean and std.dev: (1, 319)
[0000][PE] mean and std.dev: (117.20, 64.87)
[0000][PE] low and high boundaries for proper pairs: (1, 402)
[0000][PE] analyzing insert size distribution for orientation RF...
[0000][PE] (25, 50, 75) percentile: (56, 258, 690)
[0000][PE] low and high boundaries for computing mean and std.dev: (1, 1958)
[0000][PE] mean and std.dev: (365.36, 317.20)
[0000][PE] low and high boundaries for proper pairs: (1, 2592)
[0000][PE] analyzing insert size distribution for orientation RR...
[0000][PE] (25, 50, 75) percentile: (31, 50, 86)
[0000][PE] low and high boundaries for computing mean and std.dev: (1, 196)
[0000][PE] mean and std.dev: (53.72, 35.68)
[0000][PE] low and high boundaries for proper pairs: (1, 251)
[0000][PE] skip orientation FF
[0000][PE] skip orientation RF
[0000][PE] skip orientation RR
[0000] 3. Calling kt_for - worker_sam
	[0000][ M::mem_process_seqs] Processed 3059912 reads in 326.248 CPU sec, 8.616 real sec
[0000] read_chunk: 400000000, work_chunk_size: 400000141, nseq: 3065930
	[0000][ M::kt_pipeline] read 3065930 sequences (400000141 bp)...
[0000] Calling mem_process_seqs.., task: 15
[0000] 1. Calling kt_for - worker_bwt
[0000] 2. Calling kt_for - worker_aln
[0000] Inferring insert size distribution of PE reads from data, l_pac: 827016155, n: 3065930
[0000][PE] # candidate unique pairs for (FF, FR, RF, RR): (134, 359344, 634, 126)
[0000][PE] analyzing insert size distribution for orientation FF...
[0000][PE] (25, 50, 75) percentile: (39, 62, 78)
[0000][PE] low and high boundaries for computing mean and std.dev: (1, 156)
[0000][PE] mean and std.dev: (54.31, 27.26)
[0000][PE] low and high boundaries for proper pairs: (1, 195)
[0000][PE] analyzing insert size distribution for orientation FR...
[0000][PE] (25, 50, 75) percentile: (70, 99, 154)
[0000][PE] low and high boundaries for computing mean and std.dev: (1, 322)
[0000][PE] mean and std.dev: (117.96, 65.81)
[0000][PE] low and high boundaries for proper pairs: (1, 406)
[0000][PE] analyzing insert size distribution for orientation RF...
[0000][PE] (25, 50, 75) percentile: (664, 735, 806)
[0000][PE] low and high boundaries for computing mean and std.dev: (380, 1090)
[0000][PE] mean and std.dev: (763.53, 69.17)
[0000][PE] low and high boundaries for proper pairs: (238, 1232)
[0000][PE] analyzing insert size distribution for orientation RR...
[0000][PE] (25, 50, 75) percentile: (33, 57, 88)
[0000][PE] low and high boundaries for computing mean and std.dev: (1, 198)
[0000][PE] mean and std.dev: (61.41, 42.50)
[0000][PE] low and high boundaries for proper pairs: (1, 253)
[0000][PE] skip orientation FF
[0000][PE] skip orientation RF
[0000][PE] skip orientation RR
[0000] 3. Calling kt_for - worker_sam
	[0000][ M::mem_process_seqs] Processed 3065930 reads in 324.869 CPU sec, 8.724 real sec
[0000] read_chunk: 400000000, work_chunk_size: 400000064, nseq: 3061512
	[0000][ M::kt_pipeline] read 3061512 sequences (400000064 bp)...
[0000] Calling mem_process_seqs.., task: 16
[0000] 1. Calling kt_for - worker_bwt
[0000] 2. Calling kt_for - worker_aln
[0000] Inferring insert size distribution of PE reads from data, l_pac: 827016155, n: 3061512
[0000][PE] # candidate unique pairs for (FF, FR, RF, RR): (126, 353508, 175, 113)
[0000][PE] analyzing insert size distribution for orientation FF...
[0000][PE] (25, 50, 75) percentile: (42, 64, 113)
[0000][PE] low and high boundaries for computing mean and std.dev: (1, 255)
[0000][PE] mean and std.dev: (84.48, 57.46)
[0000][PE] low and high boundaries for proper pairs: (1, 326)
[0000][PE] analyzing insert size distribution for orientation FR...
[0000][PE] (25, 50, 75) percentile: (70, 98, 152)
[0000][PE] low and high boundaries for computing mean and std.dev: (1, 316)
[0000][PE] mean and std.dev: (116.30, 64.20)
[0000][PE] low and high boundaries for proper pairs: (1, 398)
[0000][PE] analyzing insert size distribution for orientation RF...
[0000][PE] (25, 50, 75) percentile: (81, 136, 284)
[0000][PE] low and high boundaries for computing mean and std.dev: (1, 690)
[0000][PE] mean and std.dev: (152.81, 143.55)
[0000][PE] low and high boundaries for proper pairs: (1, 893)
[0000][PE] analyzing insert size distribution for orientation RR...
[0000][PE] (25, 50, 75) percentile: (49, 71, 129)
[0000][PE] low and high boundaries for computing mean and std.dev: (1, 289)
[0000][PE] mean and std.dev: (80.25, 47.75)
[0000][PE] low and high boundaries for proper pairs: (1, 369)
[0000][PE] skip orientation FF
[0000][PE] skip orientation RF
[0000][PE] skip orientation RR
[0000] 3. Calling kt_for - worker_sam
[0000] read_chunk: 400000000, work_chunk_size: 319959610, nseq: 2449660
	[0000][ M::kt_pipeline] read 2449660 sequences (319959610 bp)...
	[0000][ M::mem_process_seqs] Processed 3061512 reads in 319.797 CPU sec, 8.528 real sec
[0000] Calling mem_process_seqs.., task: 17
[0000] 1. Calling kt_for - worker_bwt
[0000] 2. Calling kt_for - worker_aln
[0000] Inferring insert size distribution of PE reads from data, l_pac: 827016155, n: 2449660
[0000] read_chunk: 400000000, work_chunk_size: 0, nseq: 0
[0000][PE] # candidate unique pairs for (FF, FR, RF, RR): (107, 282878, 571, 106)
[0000][PE] analyzing insert size distribution for orientation FF...
[0000][PE] (25, 50, 75) percentile: (50, 66, 93)
[0000][PE] low and high boundaries for computing mean and std.dev: (1, 179)
[0000][PE] mean and std.dev: (69.68, 36.14)
[0000][PE] low and high boundaries for proper pairs: (1, 222)
[0000][PE] analyzing insert size distribution for orientation FR...
[0000][PE] (25, 50, 75) percentile: (70, 98, 154)
[0000][PE] low and high boundaries for computing mean and std.dev: (1, 322)
[0000][PE] mean and std.dev: (117.76, 65.65)
[0000][PE] low and high boundaries for proper pairs: (1, 406)
[0000][PE] analyzing insert size distribution for orientation RF...
[0000][PE] (25, 50, 75) percentile: (664, 735, 783)
[0000][PE] low and high boundaries for computing mean and std.dev: (426, 1021)
[0000][PE] mean and std.dev: (741.51, 56.19)
[0000][PE] low and high boundaries for proper pairs: (307, 1140)
[0000][PE] analyzing insert size distribution for orientation RR...
[0000][PE] (25, 50, 75) percentile: (41, 55, 91)
[0000][PE] low and high boundaries for computing mean and std.dev: (1, 191)
[0000][PE] mean and std.dev: (63.00, 37.07)
[0000][PE] low and high boundaries for proper pairs: (1, 241)
[0000][PE] skip orientation FF
[0000][PE] skip orientation RF
[0000][PE] skip orientation RR
[0000] 3. Calling kt_for - worker_sam
	[0000][ M::mem_process_seqs] Processed 2449660 reads in 263.296 CPU sec, 7.414 real sec
[0000] read_chunk: 400000000, work_chunk_size: 0, nseq: 0
[0000] Computation ends..
No. of OMP threads: 40
Processor is running @2394.772986 MHz
Runtime profile:

	Time taken for main_mem function: 251.04 sec

	IO times (sec) :
	Reading IO time (reads) avg: 157.26, (157.26, 157.26)
	Writing IO time (SAM) avg: 61.65, (61.65, 61.65)
	Reading IO time (Reference Genome) avg: 0.75, (0.75, 0.75)
	Index read time avg: 0.42, (0.42, 0.42)

	Overall time (sec) (Excluding Index reading time):
	PROCESS() (Total compute time + (read + SAM) IO time) : 249.61
	MEM_PROCESS_SEQ() (Total compute time (Kernel + SAM)), avg: 155.67, (155.67, 155.67)

	 SAM Processing time (sec):
	--WORKER_SAM avg: 53.53, (53.53, 53.53)

	Kernels' compute time (sec):
	Total kernel (smem+sal+bsw) time avg: 99.39, (99.39, 99.39)
		MEM_ALN_CHAIN_FLT avg: 0.00, (0.00, 0.00)
		MEM_ALN_CHAIN_SEED avg: 0.00, (0.00, 0.00)
		ERT_SEED_CHAIN avg: 0.00, (0.00, 0.00)
	LEARNED_SEED_CHAIN avg: 61.64, (61.81, 61.46)
		SMEM compute avg: 0.00, (0.00, 0.00)
		SAL compute avg: 0.00, (0.00, 0.00)
				MEM_SA avg: 0.00, (0.00, 0.00)

		BSW time, avg: 34.38, (34.78, 34.05)

Important parameter settings: 
	BATCH_SIZE: 512
	MAX_SEQ_LEN_REF: 256
	MAX_SEQ_LEN_QER: 128
	MAX_SEQ_LEN8: 128
	SEEDS_PER_READ: 500
	SIMD_WIDTH8 X: 64
	SIMD_WIDTH16 X: 32
	AVG_SEEDS_PER_READ: 64
