Looking to launch executable "/opt/conda/bin/bwa-meme_mode3.avx512bw", simd = _mode3.avx512bw
Launching executable "/opt/conda/bin/bwa-meme_mode3.avx512bw"
-----------------------------
Executing in AVX512 mode!!
-----------------------------
* SA compression enabled with xfactor: 8
* Ref file: reference.ssl.Cvi.fasta
* Entering FMI_search
Reading other elements of the index from files reference.ssl.Cvi.fasta
* Index prefix: reference.ssl.Cvi.fasta
* Read 0 ALT contigs
* Reading reference genome..
* Binary seq file = reference.ssl.Cvi.fasta.0123
* Reference genome size: 1654032310 bp
* Done reading reference genome !!

------------------------------------------
1. Memory pre-allocation for Chaining: 5679.4903 MB
2. Memory pre-allocation for BSW: 9584.6810 MB
[M::memoryAllocLearned::MEME] Reading Learned-index models into memory
[Learned-Config] MODE:3 SEARCH_METHOD: 1 MEM_TRADEOFF:1 EXPONENTIAL_SMEMSEARCH: 1 DEBUG_MODE:0 Num 2nd Models:268435456 PWL Bits Used:28
[M::memoryAllocLearned::MEME] Loading RMI model and Pac reference file took 12.008 sec
[M::memoryAllocLearned::MEME] Reading suffix array into memory
[M::memoryAllocLearned::MEME] Loading pos_packed file took 15.753 sec
[M::memoryAllocLearned::MEME] Generating SA, 64-bit Suffix and ISA in memory
[M::memoryAllocLearned::MEME] Runtime-build-index took 19.656 sec
3. Memory pre-allocation for BWT: 8913.5523 MB
------------------------------------------
* Threads used (compute): 40
* No. of pipeline threads: 2

[0000] read_chunk: 400000000, work_chunk_size: 400000135, nseq: 4107692
	[0000][ M::kt_pipeline] read 4107692 sequences (400000135 bp)...
[0000] Reallocating initial memory allocations!!
[0000] Calling mem_process_seqs.., task: 0
[0000] 1. Calling kt_for - worker_bwt
[0000] 2. Calling kt_for - worker_aln
[0000] read_chunk: 400000000, work_chunk_size: 400000089, nseq: 4111518
	[0000][ M::kt_pipeline] read 4111518 sequences (400000089 bp)...
[0000] Inferring insert size distribution of PE reads from data, l_pac: 827016155, n: 4107692
[0000][PE] # candidate unique pairs for (FF, FR, RF, RR): (111, 1275947, 100, 124)
[0000][PE] analyzing insert size distribution for orientation FF...
[0000][PE] (25, 50, 75) percentile: (31, 49, 61)
[0000][PE] low and high boundaries for computing mean and std.dev: (1, 121)
[0000][PE] mean and std.dev: (46.92, 19.45)
[0000][PE] low and high boundaries for proper pairs: (1, 151)
[0000][PE] analyzing insert size distribution for orientation FR...
[0000][PE] (25, 50, 75) percentile: (62, 82, 109)
[0000][PE] low and high boundaries for computing mean and std.dev: (1, 203)
[0000][PE] mean and std.dev: (87.71, 34.92)
[0000][PE] low and high boundaries for proper pairs: (1, 250)
[0000][PE] analyzing insert size distribution for orientation RF...
[0000][PE] (25, 50, 75) percentile: (97, 162, 471)
[0000][PE] low and high boundaries for computing mean and std.dev: (1, 1219)
[0000][PE] mean and std.dev: (251.58, 247.89)
[0000][PE] low and high boundaries for proper pairs: (1, 1593)
[0000][PE] analyzing insert size distribution for orientation RR...
[0000][PE] (25, 50, 75) percentile: (33, 50, 63)
[0000][PE] low and high boundaries for computing mean and std.dev: (1, 123)
[0000][PE] mean and std.dev: (47.31, 24.72)
[0000][PE] low and high boundaries for proper pairs: (1, 153)
[0000][PE] skip orientation FF
[0000][PE] skip orientation RF
[0000][PE] skip orientation RR
[0000] 3. Calling kt_for - worker_sam
	[0000][ M::mem_process_seqs] Processed 4107692 reads in 683.015 CPU sec, 17.871 real sec
[0000] Reallocating initial memory allocations!!
[0000] Calling mem_process_seqs.., task: 1
[0000] 1. Calling kt_for - worker_bwt
[0000] 2. Calling kt_for - worker_aln
[0000] Inferring insert size distribution of PE reads from data, l_pac: 827016155, n: 4111518
[0000][PE] # candidate unique pairs for (FF, FR, RF, RR): (103, 1293806, 112, 115)
[0000][PE] analyzing insert size distribution for orientation FF...
[0000][PE] (25, 50, 75) percentile: (33, 47, 71)
[0000][PE] low and high boundaries for computing mean and std.dev: (1, 147)
[0000][PE] mean and std.dev: (50.71, 27.39)
[0000][PE] low and high boundaries for proper pairs: (1, 185)
[0000][PE] analyzing insert size distribution for orientation FR...
[0000][PE] (25, 50, 75) percentile: (62, 82, 109)
[0000][PE] low and high boundaries for computing mean and std.dev: (1, 203)
[0000][PE] mean and std.dev: (87.65, 34.78)
[0000][PE] low and high boundaries for proper pairs: (1, 250)
[0000][PE] analyzing insert size distribution for orientation RF...
[0000][PE] (25, 50, 75) percentile: (41, 124, 219)
[0000][PE] low and high boundaries for computing mean and std.dev: (1, 575)
[0000][PE] mean and std.dev: (132.98, 121.45)
[0000][PE] low and high boundaries for proper pairs: (1, 753)
[0000][PE] analyzing insert size distribution for orientation RR...
[0000][PE] (25, 50, 75) percentile: (38, 51, 73)
[0000][PE] low and high boundaries for computing mean and std.dev: (1, 143)
[0000][PE] mean and std.dev: (54.45, 28.30)
[0000][PE] low and high boundaries for proper pairs: (1, 178)
[0000][PE] skip orientation FF
[0000][PE] skip orientation RF
[0000][PE] skip orientation RR
[0000] 3. Calling kt_for - worker_sam
[0000] read_chunk: 400000000, work_chunk_size: 400000184, nseq: 4110092
	[0000][ M::kt_pipeline] read 4110092 sequences (400000184 bp)...
	[0000][ M::mem_process_seqs] Processed 4111518 reads in 653.312 CPU sec, 17.177 real sec
[0000] Calling mem_process_seqs.., task: 2
[0000] 1. Calling kt_for - worker_bwt
[0000] 2. Calling kt_for - worker_aln
[0000] Inferring insert size distribution of PE reads from data, l_pac: 827016155, n: 4110092
[0000][PE] # candidate unique pairs for (FF, FR, RF, RR): (116, 1289093, 99, 124)
[0000][PE] analyzing insert size distribution for orientation FF...
[0000][PE] (25, 50, 75) percentile: (33, 44, 66)
[0000][PE] low and high boundaries for computing mean and std.dev: (1, 132)
[0000][PE] mean and std.dev: (49.53, 24.96)
[0000][PE] low and high boundaries for proper pairs: (1, 165)
[0000][PE] analyzing insert size distribution for orientation FR...
[0000][PE] (25, 50, 75) percentile: (62, 82, 109)
[0000][PE] low and high boundaries for computing mean and std.dev: (1, 203)
[0000][PE] mean and std.dev: (87.66, 34.86)
[0000][PE] low and high boundaries for proper pairs: (1, 250)
[0000][PE] analyzing insert size distribution for orientation RF...
[0000][PE] (25, 50, 75) percentile: (74, 266, 689)
[0000][PE] low and high boundaries for computing mean and std.dev: (1, 1919)
[0000][PE] mean and std.dev: (356.69, 301.00)
[0000][PE] low and high boundaries for proper pairs: (1, 2534)
[0000][PE] analyzing insert size distribution for orientation RR...
[0000][PE] (25, 50, 75) percentile: (36, 49, 74)
[0000][PE] low and high boundaries for computing mean and std.dev: (1, 150)
[0000][PE] mean and std.dev: (53.85, 28.95)
[0000][PE] low and high boundaries for proper pairs: (1, 188)
[0000][PE] skip orientation FF
[0000][PE] skip orientation RF
[0000][PE] skip orientation RR
[0000] 3. Calling kt_for - worker_sam
[0000] read_chunk: 400000000, work_chunk_size: 400000079, nseq: 4112826
	[0000][ M::kt_pipeline] read 4112826 sequences (400000079 bp)...
	[0000][ M::mem_process_seqs] Processed 4110092 reads in 664.119 CPU sec, 17.984 real sec
[0000] Reallocating initial memory allocations!!
[0000] Calling mem_process_seqs.., task: 3
[0000] 1. Calling kt_for - worker_bwt
[0000] 2. Calling kt_for - worker_aln
[0000] Inferring insert size distribution of PE reads from data, l_pac: 827016155, n: 4112826
[0000][PE] # candidate unique pairs for (FF, FR, RF, RR): (117, 1294318, 180, 141)
[0000][PE] analyzing insert size distribution for orientation FF...
[0000][PE] (25, 50, 75) percentile: (34, 49, 68)
[0000][PE] low and high boundaries for computing mean and std.dev: (1, 136)
[0000][PE] mean and std.dev: (51.55, 25.61)
[0000][PE] low and high boundaries for proper pairs: (1, 170)
[0000][PE] analyzing insert size distribution for orientation FR...
[0000][PE] (25, 50, 75) percentile: (62, 82, 109)
[0000][PE] low and high boundaries for computing mean and std.dev: (1, 203)
[0000][PE] mean and std.dev: (87.68, 34.86)
[0000][PE] low and high boundaries for proper pairs: (1, 250)
[0000][PE] analyzing insert size distribution for orientation RF...
[0000][PE] (25, 50, 75) percentile: (116, 667, 758)
[0000][PE] low and high boundaries for computing mean and std.dev: (1, 2042)
[0000][PE] mean and std.dev: (496.97, 340.70)
[0000][PE] low and high boundaries for proper pairs: (1, 2684)
[0000][PE] analyzing insert size distribution for orientation RR...
[0000][PE] (25, 50, 75) percentile: (35, 45, 68)
[0000][PE] low and high boundaries for computing mean and std.dev: (1, 134)
[0000][PE] mean and std.dev: (49.59, 24.37)
[0000][PE] low and high boundaries for proper pairs: (1, 167)
[0000][PE] skip orientation FF
[0000][PE] skip orientation RF
[0000][PE] skip orientation RR
[0000] 3. Calling kt_for - worker_sam
[0000] read_chunk: 400000000, work_chunk_size: 400000069, nseq: 4100884
	[0000][ M::kt_pipeline] read 4100884 sequences (400000069 bp)...
	[0000][ M::mem_process_seqs] Processed 4112826 reads in 651.311 CPU sec, 17.182 real sec
[0000] Calling mem_process_seqs.., task: 4
[0000] 1. Calling kt_for - worker_bwt
[0000] 2. Calling kt_for - worker_aln
[0000] Inferring insert size distribution of PE reads from data, l_pac: 827016155, n: 4100884
[0000][PE] # candidate unique pairs for (FF, FR, RF, RR): (117, 1280060, 110, 131)
[0000][PE] analyzing insert size distribution for orientation FF...
[0000][PE] (25, 50, 75) percentile: (31, 45, 72)
[0000][PE] low and high boundaries for computing mean and std.dev: (1, 154)
[0000][PE] mean and std.dev: (50.98, 28.03)
[0000][PE] low and high boundaries for proper pairs: (1, 195)
[0000][PE] analyzing insert size distribution for orientation FR...
[0000][PE] (25, 50, 75) percentile: (62, 82, 109)
[0000][PE] low and high boundaries for computing mean and std.dev: (1, 203)
[0000][PE] mean and std.dev: (87.63, 34.86)
[0000][PE] low and high boundaries for proper pairs: (1, 250)
[0000][PE] analyzing insert size distribution for orientation RF...
[0000][PE] (25, 50, 75) percentile: (96, 337, 742)
[0000][PE] low and high boundaries for computing mean and std.dev: (1, 2034)
[0000][PE] mean and std.dev: (413.02, 327.59)
[0000][PE] low and high boundaries for proper pairs: (1, 2680)
[0000][PE] analyzing insert size distribution for orientation RR...
[0000][PE] (25, 50, 75) percentile: (31, 45, 69)
[0000][PE] low and high boundaries for computing mean and std.dev: (1, 145)
[0000][PE] mean and std.dev: (48.44, 26.55)
[0000][PE] low and high boundaries for proper pairs: (1, 183)
[0000][PE] skip orientation FF
[0000][PE] skip orientation RF
[0000][PE] skip orientation RR
[0000] 3. Calling kt_for - worker_sam
[0000] read_chunk: 400000000, work_chunk_size: 400000067, nseq: 4115456
	[0000][ M::kt_pipeline] read 4115456 sequences (400000067 bp)...
	[0000][ M::mem_process_seqs] Processed 4100884 reads in 660.311 CPU sec, 17.750 real sec
[0000] Reallocating initial memory allocations!!
[0000] Calling mem_process_seqs.., task: 5
[0000] 1. Calling kt_for - worker_bwt
[0000] 2. Calling kt_for - worker_aln
[0000] Inferring insert size distribution of PE reads from data, l_pac: 827016155, n: 4115456
[0000][PE] # candidate unique pairs for (FF, FR, RF, RR): (125, 1295601, 123, 103)
[0000][PE] analyzing insert size distribution for orientation FF...
[0000][PE] (25, 50, 75) percentile: (32, 43, 71)
[0000][PE] low and high boundaries for computing mean and std.dev: (1, 149)
[0000][PE] mean and std.dev: (49.48, 26.51)
[0000][PE] low and high boundaries for proper pairs: (1, 188)
[0000][PE] analyzing insert size distribution for orientation FR...
[0000][PE] (25, 50, 75) percentile: (62, 82, 109)
[0000][PE] low and high boundaries for computing mean and std.dev: (1, 203)
[0000][PE] mean and std.dev: (87.64, 34.83)
[0000][PE] low and high boundaries for proper pairs: (1, 250)
[0000][PE] analyzing insert size distribution for orientation RF...
[0000][PE] (25, 50, 75) percentile: (40, 105, 519)
[0000][PE] low and high boundaries for computing mean and std.dev: (1, 1477)
[0000][PE] mean and std.dev: (263.43, 300.81)
[0000][PE] low and high boundaries for proper pairs: (1, 1956)
[0000][PE] analyzing insert size distribution for orientation RR...
[0000][PE] (25, 50, 75) percentile: (36, 51, 74)
[0000][PE] low and high boundaries for computing mean and std.dev: (1, 150)
[0000][PE] mean and std.dev: (51.99, 26.36)
[0000][PE] low and high boundaries for proper pairs: (1, 188)
[0000][PE] skip orientation FF
[0000][PE] skip orientation RF
[0000][PE] skip orientation RR
[0000] 3. Calling kt_for - worker_sam
[0000] read_chunk: 400000000, work_chunk_size: 400000098, nseq: 4111484
	[0000][ M::kt_pipeline] read 4111484 sequences (400000098 bp)...
	[0000][ M::mem_process_seqs] Processed 4115456 reads in 657.633 CPU sec, 17.441 real sec
[0000] Calling mem_process_seqs.., task: 6
[0000] 1. Calling kt_for - worker_bwt
[0000] 2. Calling kt_for - worker_aln
[0000] Inferring insert size distribution of PE reads from data, l_pac: 827016155, n: 4111484
[0000][PE] # candidate unique pairs for (FF, FR, RF, RR): (121, 1295211, 96, 137)
[0000][PE] analyzing insert size distribution for orientation FF...
[0000][PE] (25, 50, 75) percentile: (35, 46, 70)
[0000][PE] low and high boundaries for computing mean and std.dev: (1, 140)
[0000][PE] mean and std.dev: (53.33, 29.14)
[0000][PE] low and high boundaries for proper pairs: (1, 175)
[0000][PE] analyzing insert size distribution for orientation FR...
[0000][PE] (25, 50, 75) percentile: (62, 82, 109)
[0000][PE] low and high boundaries for computing mean and std.dev: (1, 203)
[0000][PE] mean and std.dev: (87.70, 34.86)
[0000][PE] low and high boundaries for proper pairs: (1, 250)
[0000][PE] analyzing insert size distribution for orientation RF...
[0000][PE] (25, 50, 75) percentile: (53, 283, 701)
[0000][PE] low and high boundaries for computing mean and std.dev: (1, 1997)
[0000][PE] mean and std.dev: (357.99, 305.05)
[0000][PE] low and high boundaries for proper pairs: (1, 2645)
[0000][PE] analyzing insert size distribution for orientation RR...
[0000][PE] (25, 50, 75) percentile: (35, 48, 77)
[0000][PE] low and high boundaries for computing mean and std.dev: (1, 161)
[0000][PE] mean and std.dev: (54.06, 30.70)
[0000][PE] low and high boundaries for proper pairs: (1, 203)
[0000][PE] skip orientation FF
[0000][PE] skip orientation RF
[0000][PE] skip orientation RR
[0000] 3. Calling kt_for - worker_sam
[0000] read_chunk: 400000000, work_chunk_size: 400000043, nseq: 4108782
	[0000][ M::kt_pipeline] read 4108782 sequences (400000043 bp)...
	[0000][ M::mem_process_seqs] Processed 4111484 reads in 658.466 CPU sec, 17.661 real sec
[0000] Calling mem_process_seqs.., task: 7
[0000] 1. Calling kt_for - worker_bwt
[0000] 2. Calling kt_for - worker_aln
[0000] Inferring insert size distribution of PE reads from data, l_pac: 827016155, n: 4108782
[0000][PE] # candidate unique pairs for (FF, FR, RF, RR): (139, 1291963, 104, 129)
[0000][PE] analyzing insert size distribution for orientation FF...
[0000][PE] (25, 50, 75) percentile: (40, 59, 83)
[0000][PE] low and high boundaries for computing mean and std.dev: (1, 169)
[0000][PE] mean and std.dev: (59.40, 28.45)
[0000][PE] low and high boundaries for proper pairs: (1, 212)
[0000][PE] analyzing insert size distribution for orientation FR...
[0000][PE] (25, 50, 75) percentile: (62, 82, 109)
[0000][PE] low and high boundaries for computing mean and std.dev: (1, 203)
[0000][PE] mean and std.dev: (87.73, 34.89)
[0000][PE] low and high boundaries for proper pairs: (1, 250)
[0000][PE] analyzing insert size distribution for orientation RF...
[0000][PE] (25, 50, 75) percentile: (128, 262, 505)
[0000][PE] low and high boundaries for computing mean and std.dev: (1, 1259)
[0000][PE] mean and std.dev: (326.23, 244.08)
[0000][PE] low and high boundaries for proper pairs: (1, 1636)
[0000][PE] analyzing insert size distribution for orientation RR...
[0000][PE] (25, 50, 75) percentile: (31, 46, 70)
[0000][PE] low and high boundaries for computing mean and std.dev: (1, 148)
[0000][PE] mean and std.dev: (50.00, 26.50)
[0000][PE] low and high boundaries for proper pairs: (1, 187)
[0000][PE] skip orientation FF
[0000][PE] skip orientation RF
[0000][PE] skip orientation RR
[0000] 3. Calling kt_for - worker_sam
[0000] read_chunk: 400000000, work_chunk_size: 400000075, nseq: 4103974
	[0000][ M::kt_pipeline] read 4103974 sequences (400000075 bp)...
	[0000][ M::mem_process_seqs] Processed 4108782 reads in 659.173 CPU sec, 18.153 real sec
[0000] Calling mem_process_seqs.., task: 8
[0000] 1. Calling kt_for - worker_bwt
[0000] 2. Calling kt_for - worker_aln
[0000] Inferring insert size distribution of PE reads from data, l_pac: 827016155, n: 4103974
[0000][PE] # candidate unique pairs for (FF, FR, RF, RR): (127, 1284013, 194, 124)
[0000][PE] analyzing insert size distribution for orientation FF...
[0000][PE] (25, 50, 75) percentile: (37, 51, 73)
[0000][PE] low and high boundaries for computing mean and std.dev: (1, 145)
[0000][PE] mean and std.dev: (52.07, 25.83)
[0000][PE] low and high boundaries for proper pairs: (1, 181)
[0000][PE] analyzing insert size distribution for orientation FR...
[0000][PE] (25, 50, 75) percentile: (62, 82, 109)
[0000][PE] low and high boundaries for computing mean and std.dev: (1, 203)
[0000][PE] mean and std.dev: (87.67, 34.90)
[0000][PE] low and high boundaries for proper pairs: (1, 250)
[0000][PE] analyzing insert size distribution for orientation RF...
[0000][PE] (25, 50, 75) percentile: (201, 668, 708)
[0000][PE] low and high boundaries for computing mean and std.dev: (1, 1722)
[0000][PE] mean and std.dev: (518.90, 270.04)
[0000][PE] low and high boundaries for proper pairs: (1, 2229)
[0000][PE] analyzing insert size distribution for orientation RR...
[0000][PE] (25, 50, 75) percentile: (32, 48, 70)
[0000][PE] low and high boundaries for computing mean and std.dev: (1, 146)
[0000][PE] mean and std.dev: (49.70, 26.77)
[0000][PE] low and high boundaries for proper pairs: (1, 184)
[0000][PE] skip orientation FF
[0000][PE] skip orientation RF
[0000][PE] skip orientation RR
[0000] 3. Calling kt_for - worker_sam
[0000] read_chunk: 400000000, work_chunk_size: 400000105, nseq: 4103626
	[0000][ M::kt_pipeline] read 4103626 sequences (400000105 bp)...
	[0000][ M::mem_process_seqs] Processed 4103974 reads in 668.025 CPU sec, 18.031 real sec
[0000] Calling mem_process_seqs.., task: 9
[0000] 1. Calling kt_for - worker_bwt
[0000] 2. Calling kt_for - worker_aln
[0000] Inferring insert size distribution of PE reads from data, l_pac: 827016155, n: 4103626
[0000][PE] # candidate unique pairs for (FF, FR, RF, RR): (136, 1234048, 74, 108)
[0000][PE] analyzing insert size distribution for orientation FF...
[0000][PE] (25, 50, 75) percentile: (34, 53, 84)
[0000][PE] low and high boundaries for computing mean and std.dev: (1, 184)
[0000][PE] mean and std.dev: (59.56, 36.37)
[0000][PE] low and high boundaries for proper pairs: (1, 234)
[0000][PE] analyzing insert size distribution for orientation FR...
[0000][PE] (25, 50, 75) percentile: (62, 82, 109)
[0000][PE] low and high boundaries for computing mean and std.dev: (1, 203)
[0000][PE] mean and std.dev: (87.69, 34.87)
[0000][PE] low and high boundaries for proper pairs: (1, 250)
[0000][PE] analyzing insert size distribution for orientation RF...
[0000][PE] (25, 50, 75) percentile: (85, 222, 585)
[0000][PE] low and high boundaries for computing mean and std.dev: (1, 1585)
[0000][PE] mean and std.dev: (323.67, 316.81)
[0000][PE] low and high boundaries for proper pairs: (1, 2085)
[0000][PE] analyzing insert size distribution for orientation RR...
[0000][PE] (25, 50, 75) percentile: (37, 60, 79)
[0000][PE] low and high boundaries for computing mean and std.dev: (1, 163)
[0000][PE] mean and std.dev: (54.03, 27.55)
[0000][PE] low and high boundaries for proper pairs: (1, 205)
[0000][PE] skip orientation FF
[0000][PE] skip orientation RF
[0000][PE] skip orientation RR
[0000] 3. Calling kt_for - worker_sam
[0000] read_chunk: 400000000, work_chunk_size: 400000197, nseq: 4105896
	[0000][ M::kt_pipeline] read 4105896 sequences (400000197 bp)...
	[0000][ M::mem_process_seqs] Processed 4103626 reads in 733.854 CPU sec, 19.636 real sec
[0000] Calling mem_process_seqs.., task: 10
[0000] 1. Calling kt_for - worker_bwt
[0000] 2. Calling kt_for - worker_aln
[0000] Inferring insert size distribution of PE reads from data, l_pac: 827016155, n: 4105896
[0000][PE] # candidate unique pairs for (FF, FR, RF, RR): (122, 1284720, 78, 119)
[0000][PE] analyzing insert size distribution for orientation FF...
[0000][PE] (25, 50, 75) percentile: (34, 46, 69)
[0000][PE] low and high boundaries for computing mean and std.dev: (1, 139)
[0000][PE] mean and std.dev: (50.23, 23.23)
[0000][PE] low and high boundaries for proper pairs: (1, 174)
[0000][PE] analyzing insert size distribution for orientation FR...
[0000][PE] (25, 50, 75) percentile: (62, 82, 109)
[0000][PE] low and high boundaries for computing mean and std.dev: (1, 203)
[0000][PE] mean and std.dev: (87.72, 34.91)
[0000][PE] low and high boundaries for proper pairs: (1, 250)
[0000][PE] analyzing insert size distribution for orientation RF...
[0000][PE] (25, 50, 75) percentile: (74, 175, 425)
[0000][PE] low and high boundaries for computing mean and std.dev: (1, 1127)
[0000][PE] mean and std.dev: (242.20, 211.06)
[0000][PE] low and high boundaries for proper pairs: (1, 1478)
[0000][PE] analyzing insert size distribution for orientation RR...
[0000][PE] (25, 50, 75) percentile: (36, 50, 77)
[0000][PE] low and high boundaries for computing mean and std.dev: (1, 159)
[0000][PE] mean and std.dev: (56.59, 31.67)
[0000][PE] low and high boundaries for proper pairs: (1, 200)
[0000][PE] skip orientation FF
[0000][PE] skip orientation RF
[0000][PE] skip orientation RR
[0000] 3. Calling kt_for - worker_sam
[0000] read_chunk: 400000000, work_chunk_size: 400000250, nseq: 4104016
	[0000][ M::kt_pipeline] read 4104016 sequences (400000250 bp)...
	[0000][ M::mem_process_seqs] Processed 4105896 reads in 672.474 CPU sec, 18.204 real sec
[0000] Calling mem_process_seqs.., task: 11
[0000] 1. Calling kt_for - worker_bwt
[0000] 2. Calling kt_for - worker_aln
[0000] Inferring insert size distribution of PE reads from data, l_pac: 827016155, n: 4104016
[0000][PE] # candidate unique pairs for (FF, FR, RF, RR): (133, 1265790, 102, 103)
[0000][PE] analyzing insert size distribution for orientation FF...
[0000][PE] (25, 50, 75) percentile: (36, 49, 71)
[0000][PE] low and high boundaries for computing mean and std.dev: (1, 141)
[0000][PE] mean and std.dev: (52.10, 23.99)
[0000][PE] low and high boundaries for proper pairs: (1, 176)
[0000][PE] analyzing insert size distribution for orientation FR...
[0000][PE] (25, 50, 75) percentile: (62, 82, 109)
[0000][PE] low and high boundaries for computing mean and std.dev: (1, 203)
[0000][PE] mean and std.dev: (87.69, 34.87)
[0000][PE] low and high boundaries for proper pairs: (1, 250)
[0000][PE] analyzing insert size distribution for orientation RF...
[0000][PE] (25, 50, 75) percentile: (65, 198, 491)
[0000][PE] low and high boundaries for computing mean and std.dev: (1, 1343)
[0000][PE] mean and std.dev: (303.21, 265.70)
[0000][PE] low and high boundaries for proper pairs: (1, 1769)
[0000][PE] analyzing insert size distribution for orientation RR...
[0000][PE] (25, 50, 75) percentile: (32, 50, 70)
[0000][PE] low and high boundaries for computing mean and std.dev: (1, 146)
[0000][PE] mean and std.dev: (50.51, 26.61)
[0000][PE] low and high boundaries for proper pairs: (1, 184)
[0000][PE] skip orientation FF
[0000][PE] skip orientation RF
[0000][PE] skip orientation RR
[0000] 3. Calling kt_for - worker_sam
[0000] read_chunk: 400000000, work_chunk_size: 400000105, nseq: 4099518
	[0000][ M::kt_pipeline] read 4099518 sequences (400000105 bp)...
	[0000][ M::mem_process_seqs] Processed 4104016 reads in 697.731 CPU sec, 18.789 real sec
[0000] Calling mem_process_seqs.., task: 12
[0000] 1. Calling kt_for - worker_bwt
[0000] 2. Calling kt_for - worker_aln
[0000] Inferring insert size distribution of PE reads from data, l_pac: 827016155, n: 4099518
[0000][PE] # candidate unique pairs for (FF, FR, RF, RR): (120, 1265020, 154, 121)
[0000][PE] analyzing insert size distribution for orientation FF...
[0000][PE] (25, 50, 75) percentile: (34, 53, 74)
[0000][PE] low and high boundaries for computing mean and std.dev: (1, 154)
[0000][PE] mean and std.dev: (51.35, 28.69)
[0000][PE] low and high boundaries for proper pairs: (1, 194)
[0000][PE] analyzing insert size distribution for orientation FR...
[0000][PE] (25, 50, 75) percentile: (62, 82, 109)
[0000][PE] low and high boundaries for computing mean and std.dev: (1, 203)
[0000][PE] mean and std.dev: (87.75, 34.86)
[0000][PE] low and high boundaries for proper pairs: (1, 250)
[0000][PE] analyzing insert size distribution for orientation RF...
[0000][PE] (25, 50, 75) percentile: (52, 148, 357)
[0000][PE] low and high boundaries for computing mean and std.dev: (1, 967)
[0000][PE] mean and std.dev: (238.32, 238.25)
[0000][PE] low and high boundaries for proper pairs: (1, 1272)
[0000][PE] analyzing insert size distribution for orientation RR...
[0000][PE] (25, 50, 75) percentile: (38, 57, 77)
[0000][PE] low and high boundaries for computing mean and std.dev: (1, 155)
[0000][PE] mean and std.dev: (55.95, 27.66)
[0000][PE] low and high boundaries for proper pairs: (1, 194)
[0000][PE] skip orientation FF
[0000][PE] skip orientation RF
[0000][PE] skip orientation RR
[0000] 3. Calling kt_for - worker_sam
[0000] read_chunk: 400000000, work_chunk_size: 400000079, nseq: 4107456
	[0000][ M::kt_pipeline] read 4107456 sequences (400000079 bp)...
	[0000][ M::mem_process_seqs] Processed 4099518 reads in 690.796 CPU sec, 18.462 real sec
[0000] Calling mem_process_seqs.., task: 13
[0000] 1. Calling kt_for - worker_bwt
[0000] 2. Calling kt_for - worker_aln
[0000] Inferring insert size distribution of PE reads from data, l_pac: 827016155, n: 4107456
[0000][PE] # candidate unique pairs for (FF, FR, RF, RR): (99, 1289185, 89, 106)
[0000][PE] analyzing insert size distribution for orientation FF...
[0000][PE] (25, 50, 75) percentile: (29, 47, 65)
[0000][PE] low and high boundaries for computing mean and std.dev: (1, 137)
[0000][PE] mean and std.dev: (47.60, 24.82)
[0000][PE] low and high boundaries for proper pairs: (1, 173)
[0000][PE] analyzing insert size distribution for orientation FR...
[0000][PE] (25, 50, 75) percentile: (62, 82, 109)
[0000][PE] low and high boundaries for computing mean and std.dev: (1, 203)
[0000][PE] mean and std.dev: (87.68, 34.83)
[0000][PE] low and high boundaries for proper pairs: (1, 250)
[0000][PE] analyzing insert size distribution for orientation RF...
[0000][PE] (25, 50, 75) percentile: (53, 158, 629)
[0000][PE] low and high boundaries for computing mean and std.dev: (1, 1781)
[0000][PE] mean and std.dev: (311.94, 332.25)
[0000][PE] low and high boundaries for proper pairs: (1, 2357)
[0000][PE] analyzing insert size distribution for orientation RR...
[0000][PE] (25, 50, 75) percentile: (34, 55, 70)
[0000][PE] low and high boundaries for computing mean and std.dev: (1, 142)
[0000][PE] mean and std.dev: (52.18, 25.17)
[0000][PE] low and high boundaries for proper pairs: (1, 178)
[0000][PE] skip orientation FF
[0000][PE] skip orientation RF
[0000][PE] skip orientation RR
[0000] 3. Calling kt_for - worker_sam
[0000] read_chunk: 400000000, work_chunk_size: 400000206, nseq: 4104744
	[0000][ M::kt_pipeline] read 4104744 sequences (400000206 bp)...
	[0000][ M::mem_process_seqs] Processed 4107456 reads in 664.065 CPU sec, 18.045 real sec
[0000] Calling mem_process_seqs.., task: 14
[0000] 1. Calling kt_for - worker_bwt
[0000] 2. Calling kt_for - worker_aln
[0000] Inferring insert size distribution of PE reads from data, l_pac: 827016155, n: 4104744
[0000][PE] # candidate unique pairs for (FF, FR, RF, RR): (129, 1272811, 144, 103)
[0000][PE] analyzing insert size distribution for orientation FF...
[0000][PE] (25, 50, 75) percentile: (32, 45, 70)
[0000][PE] low and high boundaries for computing mean and std.dev: (1, 146)
[0000][PE] mean and std.dev: (52.17, 30.59)
[0000][PE] low and high boundaries for proper pairs: (1, 184)
[0000][PE] analyzing insert size distribution for orientation FR...
[0000][PE] (25, 50, 75) percentile: (62, 82, 109)
[0000][PE] low and high boundaries for computing mean and std.dev: (1, 203)
[0000][PE] mean and std.dev: (87.71, 34.86)
[0000][PE] low and high boundaries for proper pairs: (1, 250)
[0000][PE] analyzing insert size distribution for orientation RF...
[0000][PE] (25, 50, 75) percentile: (119, 444, 740)
[0000][PE] low and high boundaries for computing mean and std.dev: (1, 1982)
[0000][PE] mean and std.dev: (440.34, 324.98)
[0000][PE] low and high boundaries for proper pairs: (1, 2603)
[0000][PE] analyzing insert size distribution for orientation RR...
[0000][PE] (25, 50, 75) percentile: (34, 49, 76)
[0000][PE] low and high boundaries for computing mean and std.dev: (1, 160)
[0000][PE] mean and std.dev: (56.03, 33.36)
[0000][PE] low and high boundaries for proper pairs: (1, 202)
[0000][PE] skip orientation FF
[0000][PE] skip orientation RF
[0000][PE] skip orientation RR
[0000] 3. Calling kt_for - worker_sam
[0000] read_chunk: 400000000, work_chunk_size: 400000214, nseq: 4090594
	[0000][ M::kt_pipeline] read 4090594 sequences (400000214 bp)...
	[0000][ M::mem_process_seqs] Processed 4104744 reads in 692.549 CPU sec, 18.580 real sec
[0000] Calling mem_process_seqs.., task: 15
[0000] 1. Calling kt_for - worker_bwt
[0000] 2. Calling kt_for - worker_aln
[0000] Inferring insert size distribution of PE reads from data, l_pac: 827016155, n: 4090594
[0000][PE] # candidate unique pairs for (FF, FR, RF, RR): (113, 1268931, 216, 115)
[0000][PE] analyzing insert size distribution for orientation FF...
[0000][PE] (25, 50, 75) percentile: (34, 57, 80)
[0000][PE] low and high boundaries for computing mean and std.dev: (1, 172)
[0000][PE] mean and std.dev: (55.72, 30.98)
[0000][PE] low and high boundaries for proper pairs: (1, 218)
[0000][PE] analyzing insert size distribution for orientation FR...
[0000][PE] (25, 50, 75) percentile: (62, 82, 109)
[0000][PE] low and high boundaries for computing mean and std.dev: (1, 203)
[0000][PE] mean and std.dev: (87.76, 34.94)
[0000][PE] low and high boundaries for proper pairs: (1, 250)
[0000][PE] analyzing insert size distribution for orientation RF...
[0000][PE] (25, 50, 75) percentile: (45, 149, 700)
[0000][PE] low and high boundaries for computing mean and std.dev: (1, 2010)
[0000][PE] mean and std.dev: (325.22, 324.68)
[0000][PE] low and high boundaries for proper pairs: (1, 2665)
[0000][PE] analyzing insert size distribution for orientation RR...
[0000][PE] (25, 50, 75) percentile: (32, 51, 75)
[0000][PE] low and high boundaries for computing mean and std.dev: (1, 161)
[0000][PE] mean and std.dev: (52.91, 30.87)
[0000][PE] low and high boundaries for proper pairs: (1, 204)
[0000][PE] skip orientation FF
[0000][PE] skip orientation RF
[0000][PE] skip orientation RR
[0000] 3. Calling kt_for - worker_sam
[0000] read_chunk: 400000000, work_chunk_size: 400000028, nseq: 4115708
	[0000][ M::kt_pipeline] read 4115708 sequences (400000028 bp)...
	[0000][ M::mem_process_seqs] Processed 4090594 reads in 677.209 CPU sec, 18.119 real sec
[0000] Reallocating initial memory allocations!!
[0000] Calling mem_process_seqs.., task: 16
[0000] 1. Calling kt_for - worker_bwt
[0000] 2. Calling kt_for - worker_aln
[0000] Inferring insert size distribution of PE reads from data, l_pac: 827016155, n: 4115708
[0000][PE] # candidate unique pairs for (FF, FR, RF, RR): (115, 1290130, 107, 119)
[0000][PE] analyzing insert size distribution for orientation FF...
[0000][PE] (25, 50, 75) percentile: (32, 47, 67)
[0000][PE] low and high boundaries for computing mean and std.dev: (1, 137)
[0000][PE] mean and std.dev: (49.32, 26.53)
[0000][PE] low and high boundaries for proper pairs: (1, 172)
[0000][PE] analyzing insert size distribution for orientation FR...
[0000][PE] (25, 50, 75) percentile: (62, 82, 109)
[0000][PE] low and high boundaries for computing mean and std.dev: (1, 203)
[0000][PE] mean and std.dev: (87.68, 34.84)
[0000][PE] low and high boundaries for proper pairs: (1, 250)
[0000][PE] analyzing insert size distribution for orientation RF...
[0000][PE] (25, 50, 75) percentile: (57, 124, 307)
[0000][PE] low and high boundaries for computing mean and std.dev: (1, 807)
[0000][PE] mean and std.dev: (203.56, 210.16)
[0000][PE] low and high boundaries for proper pairs: (1, 1057)
[0000][PE] analyzing insert size distribution for orientation RR...
[0000][PE] (25, 50, 75) percentile: (33, 52, 85)
[0000][PE] low and high boundaries for computing mean and std.dev: (1, 189)
[0000][PE] mean and std.dev: (58.62, 34.83)
[0000][PE] low and high boundaries for proper pairs: (1, 241)
[0000][PE] skip orientation FF
[0000][PE] skip orientation RF
[0000][PE] skip orientation RR
[0000] 3. Calling kt_for - worker_sam
	[0000][ M::mem_process_seqs] Processed 4115708 reads in 658.581 CPU sec, 23.191 real sec
[0000] read_chunk: 400000000, work_chunk_size: 400000267, nseq: 4109182
	[0000][ M::kt_pipeline] read 4109182 sequences (400000267 bp)...
[0000] Calling mem_process_seqs.., task: 17
[0000] 1. Calling kt_for - worker_bwt
[0000] 2. Calling kt_for - worker_aln
[0000] Inferring insert size distribution of PE reads from data, l_pac: 827016155, n: 4109182
[0000] read_chunk: 400000000, work_chunk_size: 400000164, nseq: 4103386
	[0000][ M::kt_pipeline] read 4103386 sequences (400000164 bp)...
[0000][PE] # candidate unique pairs for (FF, FR, RF, RR): (125, 1280770, 66, 101)
[0000][PE] analyzing insert size distribution for orientation FF...
[0000][PE] (25, 50, 75) percentile: (31, 53, 69)
[0000][PE] low and high boundaries for computing mean and std.dev: (1, 145)
[0000][PE] mean and std.dev: (53.69, 29.10)
[0000][PE] low and high boundaries for proper pairs: (1, 183)
[0000][PE] analyzing insert size distribution for orientation FR...
[0000][PE] (25, 50, 75) percentile: (62, 82, 109)
[0000][PE] low and high boundaries for computing mean and std.dev: (1, 203)
[0000][PE] mean and std.dev: (87.71, 34.88)
[0000][PE] low and high boundaries for proper pairs: (1, 250)
[0000][PE] analyzing insert size distribution for orientation RF...
[0000][PE] (25, 50, 75) percentile: (89, 198, 410)
[0000][PE] low and high boundaries for computing mean and std.dev: (1, 1052)
[0000][PE] mean and std.dev: (239.78, 201.39)
[0000][PE] low and high boundaries for proper pairs: (1, 1373)
[0000][PE] analyzing insert size distribution for orientation RR...
[0000][PE] (25, 50, 75) percentile: (34, 54, 76)
[0000][PE] low and high boundaries for computing mean and std.dev: (1, 160)
[0000][PE] mean and std.dev: (55.37, 32.02)
[0000][PE] low and high boundaries for proper pairs: (1, 202)
[0000][PE] skip orientation FF
[0000][PE] skip orientation RF
[0000][PE] skip orientation RR
[0000] 3. Calling kt_for - worker_sam
	[0000][ M::mem_process_seqs] Processed 4109182 reads in 669.331 CPU sec, 17.696 real sec
[0000] Calling mem_process_seqs.., task: 18
[0000] 1. Calling kt_for - worker_bwt
[0000] 2. Calling kt_for - worker_aln
[0000] Inferring insert size distribution of PE reads from data, l_pac: 827016155, n: 4103386
[0000][PE] # candidate unique pairs for (FF, FR, RF, RR): (103, 1281156, 85, 119)
[0000][PE] analyzing insert size distribution for orientation FF...
[0000][PE] (25, 50, 75) percentile: (30, 47, 71)
[0000][PE] low and high boundaries for computing mean and std.dev: (1, 153)
[0000][PE] mean and std.dev: (51.27, 28.88)
[0000][PE] low and high boundaries for proper pairs: (1, 194)
[0000][PE] analyzing insert size distribution for orientation FR...
[0000][PE] (25, 50, 75) percentile: (62, 82, 109)
[0000][PE] low and high boundaries for computing mean and std.dev: (1, 203)
[0000][PE] mean and std.dev: (87.65, 34.86)
[0000][PE] low and high boundaries for proper pairs: (1, 250)
[0000][PE] analyzing insert size distribution for orientation RF...
[0000][PE] (25, 50, 75) percentile: (55, 115, 494)
[0000][PE] low and high boundaries for computing mean and std.dev: (1, 1372)
[0000][PE] mean and std.dev: (242.70, 273.66)
[0000][PE] low and high boundaries for proper pairs: (1, 1811)
[0000][PE] analyzing insert size distribution for orientation RR...
[0000][PE] (25, 50, 75) percentile: (36, 50, 79)
[0000][PE] low and high boundaries for computing mean and std.dev: (1, 165)
[0000][PE] mean and std.dev: (56.14, 32.92)
[0000][PE] low and high boundaries for proper pairs: (1, 208)
[0000][PE] skip orientation FF
[0000][PE] skip orientation RF
[0000][PE] skip orientation RR
[0000] 3. Calling kt_for - worker_sam
[0000] read_chunk: 400000000, work_chunk_size: 400000091, nseq: 4108550
	[0000][ M::kt_pipeline] read 4108550 sequences (400000091 bp)...
	[0000][ M::mem_process_seqs] Processed 4103386 reads in 666.982 CPU sec, 17.824 real sec
[0000] Calling mem_process_seqs.., task: 19
[0000] 1. Calling kt_for - worker_bwt
[0000] 2. Calling kt_for - worker_aln
[0000] Inferring insert size distribution of PE reads from data, l_pac: 827016155, n: 4108550
[0000][PE] # candidate unique pairs for (FF, FR, RF, RR): (100, 1292538, 116, 129)
[0000][PE] analyzing insert size distribution for orientation FF...
[0000][PE] (25, 50, 75) percentile: (32, 45, 62)
[0000][PE] low and high boundaries for computing mean and std.dev: (1, 122)
[0000][PE] mean and std.dev: (45.96, 22.73)
[0000][PE] low and high boundaries for proper pairs: (1, 152)
[0000][PE] analyzing insert size distribution for orientation FR...
[0000][PE] (25, 50, 75) percentile: (62, 82, 109)
[0000][PE] low and high boundaries for computing mean and std.dev: (1, 203)
[0000][PE] mean and std.dev: (87.68, 34.91)
[0000][PE] low and high boundaries for proper pairs: (1, 250)
[0000][PE] analyzing insert size distribution for orientation RF...
[0000][PE] (25, 50, 75) percentile: (42, 97, 253)
[0000][PE] low and high boundaries for computing mean and std.dev: (1, 675)
[0000][PE] mean and std.dev: (144.32, 146.96)
[0000][PE] low and high boundaries for proper pairs: (1, 886)
[0000][PE] analyzing insert size distribution for orientation RR...
[0000][PE] (25, 50, 75) percentile: (36, 50, 95)
[0000][PE] low and high boundaries for computing mean and std.dev: (1, 213)
[0000][PE] mean and std.dev: (56.04, 36.28)
[0000][PE] low and high boundaries for proper pairs: (1, 272)
[0000][PE] skip orientation FF
[0000][PE] skip orientation RF
[0000][PE] skip orientation RR
[0000] 3. Calling kt_for - worker_sam
[0000] read_chunk: 400000000, work_chunk_size: 400000037, nseq: 4104260
	[0000][ M::kt_pipeline] read 4104260 sequences (400000037 bp)...
	[0000][ M::mem_process_seqs] Processed 4108550 reads in 655.148 CPU sec, 17.481 real sec
[0000] Calling mem_process_seqs.., task: 20
[0000] 1. Calling kt_for - worker_bwt
[0000] 2. Calling kt_for - worker_aln
[0000] Inferring insert size distribution of PE reads from data, l_pac: 827016155, n: 4104260
[0000][PE] # candidate unique pairs for (FF, FR, RF, RR): (149, 1281879, 101, 107)
[0000][PE] analyzing insert size distribution for orientation FF...
[0000][PE] (25, 50, 75) percentile: (35, 50, 82)
[0000][PE] low and high boundaries for computing mean and std.dev: (1, 176)
[0000][PE] mean and std.dev: (52.49, 29.30)
[0000][PE] low and high boundaries for proper pairs: (1, 223)
[0000][PE] analyzing insert size distribution for orientation FR...
[0000][PE] (25, 50, 75) percentile: (62, 82, 109)
[0000][PE] low and high boundaries for computing mean and std.dev: (1, 203)
[0000][PE] mean and std.dev: (87.74, 34.90)
[0000][PE] low and high boundaries for proper pairs: (1, 250)
[0000][PE] analyzing insert size distribution for orientation RF...
[0000][PE] (25, 50, 75) percentile: (99, 187, 670)
[0000][PE] low and high boundaries for computing mean and std.dev: (1, 1812)
[0000][PE] mean and std.dev: (355.00, 325.31)
[0000][PE] low and high boundaries for proper pairs: (1, 2383)
[0000][PE] analyzing insert size distribution for orientation RR...
[0000][PE] (25, 50, 75) percentile: (35, 50, 83)
[0000][PE] low and high boundaries for computing mean and std.dev: (1, 179)
[0000][PE] mean and std.dev: (54.82, 32.38)
[0000][PE] low and high boundaries for proper pairs: (1, 227)
[0000][PE] skip orientation FF
[0000][PE] skip orientation RF
[0000][PE] skip orientation RR
[0000] 3. Calling kt_for - worker_sam
[0000] read_chunk: 400000000, work_chunk_size: 400000016, nseq: 4113532
	[0000][ M::kt_pipeline] read 4113532 sequences (400000016 bp)...
	[0000][ M::mem_process_seqs] Processed 4104260 reads in 668.087 CPU sec, 17.948 real sec
[0000] Calling mem_process_seqs.., task: 21
[0000] 1. Calling kt_for - worker_bwt
[0000] 2. Calling kt_for - worker_aln
[0000] Inferring insert size distribution of PE reads from data, l_pac: 827016155, n: 4113532
[0000][PE] # candidate unique pairs for (FF, FR, RF, RR): (112, 1294874, 95, 101)
[0000][PE] analyzing insert size distribution for orientation FF...
[0000][PE] (25, 50, 75) percentile: (33, 46, 86)
[0000][PE] low and high boundaries for computing mean and std.dev: (1, 192)
[0000][PE] mean and std.dev: (55.67, 35.48)
[0000][PE] low and high boundaries for proper pairs: (1, 245)
[0000][PE] analyzing insert size distribution for orientation FR...
[0000][PE] (25, 50, 75) percentile: (62, 82, 109)
[0000][PE] low and high boundaries for computing mean and std.dev: (1, 203)
[0000][PE] mean and std.dev: (87.69, 34.85)
[0000][PE] low and high boundaries for proper pairs: (1, 250)
[0000][PE] analyzing insert size distribution for orientation RF...
[0000][PE] (25, 50, 75) percentile: (39, 168, 514)
[0000][PE] low and high boundaries for computing mean and std.dev: (1, 1464)
[0000][PE] mean and std.dev: (278.74, 303.34)
[0000][PE] low and high boundaries for proper pairs: (1, 1939)
[0000][PE] analyzing insert size distribution for orientation RR...
[0000][PE] (25, 50, 75) percentile: (35, 46, 70)
[0000][PE] low and high boundaries for computing mean and std.dev: (1, 140)
[0000][PE] mean and std.dev: (49.05, 28.08)
[0000][PE] low and high boundaries for proper pairs: (1, 175)
[0000][PE] skip orientation FF
[0000][PE] skip orientation RF
[0000][PE] skip orientation RR
[0000] 3. Calling kt_for - worker_sam
[0000] read_chunk: 400000000, work_chunk_size: 400000035, nseq: 4105042
	[0000][ M::kt_pipeline] read 4105042 sequences (400000035 bp)...
	[0000][ M::mem_process_seqs] Processed 4113532 reads in 666.419 CPU sec, 17.959 real sec
[0000] Calling mem_process_seqs.., task: 22
[0000] 1. Calling kt_for - worker_bwt
[0000] 2. Calling kt_for - worker_aln
[0000] Inferring insert size distribution of PE reads from data, l_pac: 827016155, n: 4105042
[0000][PE] # candidate unique pairs for (FF, FR, RF, RR): (116, 1285704, 224, 98)
[0000][PE] analyzing insert size distribution for orientation FF...
[0000][PE] (25, 50, 75) percentile: (38, 50, 64)
[0000][PE] low and high boundaries for computing mean and std.dev: (1, 116)
[0000][PE] mean and std.dev: (49.65, 18.42)
[0000][PE] low and high boundaries for proper pairs: (1, 142)
[0000][PE] analyzing insert size distribution for orientation FR...
[0000][PE] (25, 50, 75) percentile: (62, 82, 109)
[0000][PE] low and high boundaries for computing mean and std.dev: (1, 203)
[0000][PE] mean and std.dev: (87.79, 34.93)
[0000][PE] low and high boundaries for proper pairs: (1, 250)
[0000][PE] analyzing insert size distribution for orientation RF...
[0000][PE] (25, 50, 75) percentile: (223, 714, 792)
[0000][PE] low and high boundaries for computing mean and std.dev: (1, 1930)
[0000][PE] mean and std.dev: (569.96, 300.53)
[0000][PE] low and high boundaries for proper pairs: (1, 2499)
[0000][PE] analyzing insert size distribution for orientation RR...
[0000][PE] (25, 50, 75) percentile: (35, 53, 71)
[0000][PE] low and high boundaries for computing mean and std.dev: (1, 143)
[0000][PE] mean and std.dev: (52.43, 25.67)
[0000][PE] low and high boundaries for proper pairs: (1, 179)
[0000][PE] skip orientation FF
[0000][PE] skip orientation RF
[0000][PE] skip orientation RR
[0000] 3. Calling kt_for - worker_sam
[0000] read_chunk: 400000000, work_chunk_size: 400000025, nseq: 4110586
	[0000][ M::kt_pipeline] read 4110586 sequences (400000025 bp)...
	[0000][ M::mem_process_seqs] Processed 4105042 reads in 665.065 CPU sec, 17.937 real sec
[0000] Calling mem_process_seqs.., task: 23
[0000] 1. Calling kt_for - worker_bwt
[0000] 2. Calling kt_for - worker_aln
[0000] Inferring insert size distribution of PE reads from data, l_pac: 827016155, n: 4110586
[0000][PE] # candidate unique pairs for (FF, FR, RF, RR): (125, 1291615, 94, 139)
[0000][PE] analyzing insert size distribution for orientation FF...
[0000][PE] (25, 50, 75) percentile: (35, 53, 84)
[0000][PE] low and high boundaries for computing mean and std.dev: (1, 182)
[0000][PE] mean and std.dev: (56.06, 32.90)
[0000][PE] low and high boundaries for proper pairs: (1, 231)
[0000][PE] analyzing insert size distribution for orientation FR...
[0000][PE] (25, 50, 75) percentile: (62, 82, 109)
[0000][PE] low and high boundaries for computing mean and std.dev: (1, 203)
[0000][PE] mean and std.dev: (87.71, 34.88)
[0000][PE] low and high boundaries for proper pairs: (1, 250)
[0000][PE] analyzing insert size distribution for orientation RF...
[0000][PE] (25, 50, 75) percentile: (71, 162, 386)
[0000][PE] low and high boundaries for computing mean and std.dev: (1, 1016)
[0000][PE] mean and std.dev: (232.50, 240.85)
[0000][PE] low and high boundaries for proper pairs: (1, 1331)
[0000][PE] analyzing insert size distribution for orientation RR...
[0000][PE] (25, 50, 75) percentile: (36, 54, 79)
[0000][PE] low and high boundaries for computing mean and std.dev: (1, 165)
[0000][PE] mean and std.dev: (56.69, 32.04)
[0000][PE] low and high boundaries for proper pairs: (1, 208)
[0000][PE] skip orientation FF
[0000][PE] skip orientation RF
[0000][PE] skip orientation RR
[0000] 3. Calling kt_for - worker_sam
[0000] read_chunk: 400000000, work_chunk_size: 400000029, nseq: 4106124
	[0000][ M::kt_pipeline] read 4106124 sequences (400000029 bp)...
	[0000][ M::mem_process_seqs] Processed 4110586 reads in 659.682 CPU sec, 17.731 real sec
[0000] Calling mem_process_seqs.., task: 24
[0000] 1. Calling kt_for - worker_bwt
[0000] 2. Calling kt_for - worker_aln
[0000] read_chunk: 400000000, work_chunk_size: 105618980, nseq: 1076434
	[0000][ M::kt_pipeline] read 1076434 sequences (105618980 bp)...
[0000] Inferring insert size distribution of PE reads from data, l_pac: 827016155, n: 4106124
[0000][PE] # candidate unique pairs for (FF, FR, RF, RR): (143, 1288898, 224, 133)
[0000][PE] analyzing insert size distribution for orientation FF...
[0000][PE] (25, 50, 75) percentile: (33, 53, 74)
[0000][PE] low and high boundaries for computing mean and std.dev: (1, 156)
[0000][PE] mean and std.dev: (53.64, 29.45)
[0000][PE] low and high boundaries for proper pairs: (1, 197)
[0000][PE] analyzing insert size distribution for orientation FR...
[0000][PE] (25, 50, 75) percentile: (62, 82, 109)
[0000][PE] low and high boundaries for computing mean and std.dev: (1, 203)
[0000][PE] mean and std.dev: (87.75, 34.91)
[0000][PE] low and high boundaries for proper pairs: (1, 250)
[0000][PE] analyzing insert size distribution for orientation RF...
[0000][PE] (25, 50, 75) percentile: (189, 725, 798)
[0000][PE] low and high boundaries for computing mean and std.dev: (1, 2016)
[0000][PE] mean and std.dev: (566.08, 327.01)
[0000][PE] low and high boundaries for proper pairs: (1, 2625)
[0000][PE] analyzing insert size distribution for orientation RR...
[0000][PE] (25, 50, 75) percentile: (37, 49, 67)
[0000][PE] low and high boundaries for computing mean and std.dev: (1, 127)
[0000][PE] mean and std.dev: (51.50, 25.01)
[0000][PE] low and high boundaries for proper pairs: (1, 157)
[0000][PE] skip orientation FF
[0000][PE] skip orientation RF
[0000][PE] skip orientation RR
[0000] 3. Calling kt_for - worker_sam
	[0000][ M::mem_process_seqs] Processed 4106124 reads in 654.369 CPU sec, 17.744 real sec
[0000] Calling mem_process_seqs.., task: 25
[0000] 1. Calling kt_for - worker_bwt
[0000] 2. Calling kt_for - worker_aln
[0000] Inferring insert size distribution of PE reads from data, l_pac: 827016155, n: 1076434
[0000][PE] # candidate unique pairs for (FF, FR, RF, RR): (24, 319247, 15, 38)
[0000][PE] analyzing insert size distribution for orientation FF...
[0000][PE] (25, 50, 75) percentile: (31, 57, 85)
[0000][PE] low and high boundaries for computing mean and std.dev: (1, 193)
[0000][PE] mean and std.dev: (58.21, 36.21)
[0000][PE] low and high boundaries for proper pairs: (1, 247)
[0000][PE] analyzing insert size distribution for orientation FR...
[0000][PE] (25, 50, 75) percentile: (62, 82, 109)
[0000][PE] low and high boundaries for computing mean and std.dev: (1, 203)
[0000][PE] mean and std.dev: (87.67, 34.93)
[0000][PE] low and high boundaries for proper pairs: (1, 250)
[0000][PE] analyzing insert size distribution for orientation RF...
[0000][PE] (25, 50, 75) percentile: (138, 232, 402)
[0000][PE] low and high boundaries for computing mean and std.dev: (1, 930)
[0000][PE] mean and std.dev: (243.36, 166.12)
[0000][PE] low and high boundaries for proper pairs: (1, 1194)
[0000][PE] analyzing insert size distribution for orientation RR...
[0000][PE] (25, 50, 75) percentile: (22, 46, 71)
[0000][PE] low and high boundaries for computing mean and std.dev: (1, 169)
[0000][PE] mean and std.dev: (46.22, 31.27)
[0000][PE] low and high boundaries for proper pairs: (1, 218)
[0000][PE] skip orientation FF
[0000][PE] skip orientation RF
[0000][PE] skip orientation RR
[0000] 3. Calling kt_for - worker_sam
[0000] read_chunk: 400000000, work_chunk_size: 0, nseq: 0
	[0000][ M::mem_process_seqs] Processed 1076434 reads in 211.118 CPU sec, 6.260 real sec
[0000] read_chunk: 400000000, work_chunk_size: 0, nseq: 0
[0000] Computation ends..
No. of OMP threads: 40
Processor is running @2394.733684 MHz
Runtime profile:

	Time taken for main_mem function: 564.40 sec

	IO times (sec) :
	Reading IO time (reads) avg: 254.93, (254.93, 254.93)
	Writing IO time (SAM) avg: 196.03, (196.03, 196.03)
	Reading IO time (Reference Genome) avg: 0.81, (0.81, 0.81)
	Index read time avg: 0.40, (0.40, 0.40)

	Overall time (sec) (Excluding Index reading time):
	PROCESS() (Total compute time + (read + SAM) IO time) : 562.92
	MEM_PROCESS_SEQ() (Total compute time (Kernel + SAM)), avg: 460.78, (460.78, 460.78)

	 SAM Processing time (sec):
	--WORKER_SAM avg: 180.07, (180.07, 180.07)

	Kernels' compute time (sec):
	Total kernel (smem+sal+bsw) time avg: 270.19, (270.19, 270.19)
		MEM_ALN_CHAIN_FLT avg: 0.00, (0.00, 0.00)
		MEM_ALN_CHAIN_SEED avg: 0.00, (0.00, 0.00)
		ERT_SEED_CHAIN avg: 0.00, (0.00, 0.00)
	LEARNED_SEED_CHAIN avg: 119.45, (119.70, 119.25)
		SMEM compute avg: 0.00, (0.00, 0.00)
		SAL compute avg: 0.00, (0.00, 0.00)
				MEM_SA avg: 0.00, (0.00, 0.00)

		BSW time, avg: 141.06, (141.55, 140.44)

Important parameter settings: 
	BATCH_SIZE: 512
	MAX_SEQ_LEN_REF: 256
	MAX_SEQ_LEN_QER: 128
	MAX_SEQ_LEN8: 128
	SEEDS_PER_READ: 500
	SIMD_WIDTH8 X: 64
	SIMD_WIDTH16 X: 32
	AVG_SEEDS_PER_READ: 64
