Looking to launch executable "/opt/conda/bin/bwa-meme_mode3.avx512bw", simd = _mode3.avx512bw
Launching executable "/opt/conda/bin/bwa-meme_mode3.avx512bw"
-----------------------------
Executing in AVX512 mode!!
-----------------------------
* SA compression enabled with xfactor: 8
* Ref file: reference.ssl.Cvi.fasta
* Entering FMI_search
Reading other elements of the index from files reference.ssl.Cvi.fasta
* Index prefix: reference.ssl.Cvi.fasta
* Read 0 ALT contigs
* Reading reference genome..
* Binary seq file = reference.ssl.Cvi.fasta.0123
* Reference genome size: 1654032310 bp
* Done reading reference genome !!

------------------------------------------
1. Memory pre-allocation for Chaining: 5679.4903 MB
2. Memory pre-allocation for BSW: 9584.6810 MB
[M::memoryAllocLearned::MEME] Reading Learned-index models into memory
[Learned-Config] MODE:3 SEARCH_METHOD: 1 MEM_TRADEOFF:1 EXPONENTIAL_SMEMSEARCH: 1 DEBUG_MODE:0 Num 2nd Models:268435456 PWL Bits Used:28
[M::memoryAllocLearned::MEME] Loading RMI model and Pac reference file took 11.967 sec
[M::memoryAllocLearned::MEME] Reading suffix array into memory
[M::memoryAllocLearned::MEME] Loading pos_packed file took 17.489 sec
[M::memoryAllocLearned::MEME] Generating SA, 64-bit Suffix and ISA in memory
[M::memoryAllocLearned::MEME] Runtime-build-index took 17.793 sec
3. Memory pre-allocation for BWT: 8913.5523 MB
------------------------------------------
* Threads used (compute): 40
* No. of pipeline threads: 2

[0000] read_chunk: 400000000, work_chunk_size: 400000255, nseq: 2842762
	[0000][ M::kt_pipeline] read 2842762 sequences (400000255 bp)...
[0000] Reallocating initial memory allocations!!
[0000] Calling mem_process_seqs.., task: 0
[0000] 1. Calling kt_for - worker_bwt
[0000] read_chunk: 400000000, work_chunk_size: 234942842, nseq: 1669026
	[0000][ M::kt_pipeline] read 1669026 sequences (234942842 bp)...
[0000] 2. Calling kt_for - worker_aln
[0000] Inferring insert size distribution of PE reads from data, l_pac: 827016155, n: 2842762
[0000][PE] # candidate unique pairs for (FF, FR, RF, RR): (248, 1100970, 389, 266)
[0000][PE] analyzing insert size distribution for orientation FF...
[0000][PE] (25, 50, 75) percentile: (117, 161, 238)
[0000][PE] low and high boundaries for computing mean and std.dev: (1, 480)
[0000][PE] mean and std.dev: (167.29, 80.87)
[0000][PE] low and high boundaries for proper pairs: (1, 601)
[0000][PE] analyzing insert size distribution for orientation FR...
[0000][PE] (25, 50, 75) percentile: (163, 247, 317)
[0000][PE] low and high boundaries for computing mean and std.dev: (1, 625)
[0000][PE] mean and std.dev: (239.60, 92.78)
[0000][PE] low and high boundaries for proper pairs: (1, 779)
[0000][PE] analyzing insert size distribution for orientation RF...
[0000][PE] (25, 50, 75) percentile: (102, 240, 563)
[0000][PE] low and high boundaries for computing mean and std.dev: (1, 1485)
[0000][PE] mean and std.dev: (291.59, 282.14)
[0000][PE] low and high boundaries for proper pairs: (1, 1946)
[0000][PE] analyzing insert size distribution for orientation RR...
[0000][PE] (25, 50, 75) percentile: (130, 184, 237)
[0000][PE] low and high boundaries for computing mean and std.dev: (1, 451)
[0000][PE] mean and std.dev: (182.92, 72.59)
[0000][PE] low and high boundaries for proper pairs: (1, 558)
[0000][PE] skip orientation FF
[0000][PE] skip orientation RF
[0000][PE] skip orientation RR
[0000] 3. Calling kt_for - worker_sam
	[0000][ M::mem_process_seqs] Processed 2842762 reads in 790.656 CPU sec, 20.686 real sec
[0000] Calling mem_process_seqs.., task: 1
[0000] 1. Calling kt_for - worker_bwt
[0000] 2. Calling kt_for - worker_aln
[0000] Inferring insert size distribution of PE reads from data, l_pac: 827016155, n: 1669026
[0000][PE] # candidate unique pairs for (FF, FR, RF, RR): (197, 644223, 251, 164)
[0000][PE] analyzing insert size distribution for orientation FF...
[0000][PE] (25, 50, 75) percentile: (107, 161, 251)
[0000][PE] low and high boundaries for computing mean and std.dev: (1, 539)
[0000][PE] mean and std.dev: (167.72, 83.15)
[0000][PE] low and high boundaries for proper pairs: (1, 683)
[0000][PE] analyzing insert size distribution for orientation FR...
[0000][PE] (25, 50, 75) percentile: (163, 247, 317)
[0000][PE] low and high boundaries for computing mean and std.dev: (1, 625)
[0000][PE] mean and std.dev: (239.52, 92.73)
[0000][PE] low and high boundaries for proper pairs: (1, 779)
[0000][PE] analyzing insert size distribution for orientation RF...
[0000][PE] (25, 50, 75) percentile: (83, 272, 707)
[0000][PE] low and high boundaries for computing mean and std.dev: (1, 1955)
[0000][PE] mean and std.dev: (359.19, 384.11)
[0000][PE] low and high boundaries for proper pairs: (1, 2579)
[0000][PE] analyzing insert size distribution for orientation RR...
[0000][PE] (25, 50, 75) percentile: (116, 166, 242)
[0000][PE] low and high boundaries for computing mean and std.dev: (1, 494)
[0000][PE] mean and std.dev: (167.01, 80.81)
[0000][PE] low and high boundaries for proper pairs: (1, 620)
[0000][PE] skip orientation FF
[0000][PE] skip orientation RF
[0000][PE] skip orientation RR
[0000] 3. Calling kt_for - worker_sam
[0000] read_chunk: 400000000, work_chunk_size: 0, nseq: 0
	[0000][ M::mem_process_seqs] Processed 1669026 reads in 472.218 CPU sec, 13.773 real sec
[0000] read_chunk: 400000000, work_chunk_size: 0, nseq: 0
[0000] Computation ends..
No. of OMP threads: 40
Processor is running @2394.717888 MHz
Runtime profile:

	Time taken for main_mem function: 88.06 sec

	IO times (sec) :
	Reading IO time (reads) avg: 13.71, (13.71, 13.71)
	Writing IO time (SAM) avg: 11.14, (11.14, 11.14)
	Reading IO time (Reference Genome) avg: 0.70, (0.70, 0.70)
	Index read time avg: 0.41, (0.41, 0.41)

	Overall time (sec) (Excluding Index reading time):
	PROCESS() (Total compute time + (read + SAM) IO time) : 86.69
	MEM_PROCESS_SEQ() (Total compute time (Kernel + SAM)), avg: 34.45, (34.45, 34.45)

	 SAM Processing time (sec):
	--WORKER_SAM avg: 15.84, (15.84, 15.84)

	Kernels' compute time (sec):
	Total kernel (smem+sal+bsw) time avg: 18.09, (18.09, 18.09)
		MEM_ALN_CHAIN_FLT avg: 0.00, (0.00, 0.00)
		MEM_ALN_CHAIN_SEED avg: 0.00, (0.00, 0.00)
		ERT_SEED_CHAIN avg: 0.00, (0.00, 0.00)
	LEARNED_SEED_CHAIN avg: 8.08, (8.17, 8.02)
		SMEM compute avg: 0.00, (0.00, 0.00)
		SAL compute avg: 0.00, (0.00, 0.00)
				MEM_SA avg: 0.00, (0.00, 0.00)

		BSW time, avg: 9.47, (9.64, 9.35)

Important parameter settings: 
	BATCH_SIZE: 512
	MAX_SEQ_LEN_REF: 256
	MAX_SEQ_LEN_QER: 128
	MAX_SEQ_LEN8: 128
	SEEDS_PER_READ: 500
	SIMD_WIDTH8 X: 64
	SIMD_WIDTH16 X: 32
	AVG_SEEDS_PER_READ: 64
