Looking to launch executable "/opt/conda/bin/bwa-meme_mode3.avx512bw", simd = _mode3.avx512bw
Launching executable "/opt/conda/bin/bwa-meme_mode3.avx512bw"
-----------------------------
Executing in AVX512 mode!!
-----------------------------
* SA compression enabled with xfactor: 8
* Ref file: reference.ssl.Cvi.fasta
* Entering FMI_search
* Index file found. Loading index from reference.ssl.Cvi.fasta.bwt.2bit.64
* Reference seq len for bi-index = 1654032311
* sentinel-index: 1124853023
* Count:
0,	1
1,	494271467
2,	827016156
3,	1159760845
4,	1654032311

* Reading other elements of the index from files reference.ssl.Cvi.fasta
* Index prefix: reference.ssl.Cvi.fasta
* Read 0 ALT contigs
* Done reading Index!!
* Reading reference genome..
* Binary seq file = reference.ssl.Cvi.fasta.0123
* Reference genome size: 1654032310 bp
* Done reading reference genome !!

------------------------------------------
1. Memory pre-allocation for Chaining: 5679.4903 MB
2. Memory pre-allocation for BSW: 9584.6810 MB
3. Memory pre-allocation for BWT: 3092.5670 MB
------------------------------------------
* Threads used (compute): 40
* No. of pipeline threads: 2

[0000] read_chunk: 400000000, work_chunk_size: 400000072, nseq: 3438674
	[0000][ M::kt_pipeline] read 3438674 sequences (400000072 bp)...
[0000] Reallocating initial memory allocations!!
[0000] Calling mem_process_seqs.., task: 0
[0000] 1. Calling kt_for - worker_bwt
[0000] read_chunk: 400000000, work_chunk_size: 400000044, nseq: 3425972
	[0000][ M::kt_pipeline] read 3425972 sequences (400000044 bp)...
[0000] 2. Calling kt_for - worker_aln
[0000] Inferring insert size distribution of PE reads from data, l_pac: 827016155, n: 3438674
[0000][PE] # candidate unique pairs for (FF, FR, RF, RR): (862, 1207708, 202, 829)
[0000][PE] analyzing insert size distribution for orientation FF...
[0000][PE] (25, 50, 75) percentile: (79, 121, 180)
[0000][PE] low and high boundaries for computing mean and std.dev: (1, 382)
[0000][PE] mean and std.dev: (130.70, 71.85)
[0000][PE] low and high boundaries for proper pairs: (1, 483)
[0000][PE] analyzing insert size distribution for orientation FR...
[0000][PE] (25, 50, 75) percentile: (79, 127, 200)
[0000][PE] low and high boundaries for computing mean and std.dev: (1, 442)
[0000][PE] mean and std.dev: (147.82, 85.58)
[0000][PE] low and high boundaries for proper pairs: (1, 563)
[0000][PE] analyzing insert size distribution for orientation RF...
[0000][PE] (25, 50, 75) percentile: (67, 200, 460)
[0000][PE] low and high boundaries for computing mean and std.dev: (1, 1246)
[0000][PE] mean and std.dev: (262.74, 234.99)
[0000][PE] low and high boundaries for proper pairs: (1, 1639)
[0000][PE] analyzing insert size distribution for orientation RR...
[0000][PE] (25, 50, 75) percentile: (83, 133, 195)
[0000][PE] low and high boundaries for computing mean and std.dev: (1, 419)
[0000][PE] mean and std.dev: (140.45, 74.92)
[0000][PE] low and high boundaries for proper pairs: (1, 531)
[0000][PE] skip orientation FF
[0000][PE] skip orientation RF
[0000][PE] skip orientation RR
[0000] 3. Calling kt_for - worker_sam
	[0000][ M::mem_process_seqs] Processed 3438674 reads in 1327.145 CPU sec, 36.640 real sec
[0000] Calling mem_process_seqs.., task: 1
[0000] 1. Calling kt_for - worker_bwt
[0000] 2. Calling kt_for - worker_aln
[0000] Inferring insert size distribution of PE reads from data, l_pac: 827016155, n: 3425972
[0000][PE] # candidate unique pairs for (FF, FR, RF, RR): (782, 1173261, 179, 727)
[0000][PE] analyzing insert size distribution for orientation FF...
[0000][PE] (25, 50, 75) percentile: (80, 124, 191)
[0000][PE] low and high boundaries for computing mean and std.dev: (1, 413)
[0000][PE] mean and std.dev: (134.05, 72.47)
[0000][PE] low and high boundaries for proper pairs: (1, 524)
[0000][PE] analyzing insert size distribution for orientation FR...
[0000] read_chunk: 400000000, work_chunk_size: 400000277, nseq: 3411754
[0000][PE] (25, 50, 75) percentile: (79, 127, 199)
[0000][PE] low and high boundaries for computing mean and std.dev: (1, 439)
[0000][PE] mean and std.dev: (147.70, 85.39)
[0000][PE] low and high boundaries for proper pairs: (1, 559)
[0000][PE] analyzing insert size distribution for orientation RF...
[0000][PE] (25, 50, 75) percentile: (81, 197, 385)
[0000][PE] low and high boundaries for computing mean and std.dev: (1, 993)
[0000][PE] mean and std.dev: (222.77, 214.90)
[0000][PE] low and high boundaries for proper pairs: (1, 1297)
[0000][PE] analyzing insert size distribution for orientation RR...
[0000][PE] (25, 50, 75) percentile: (83, 130, 190)
[0000][PE] low and high boundaries for computing mean and std.dev: (1, 404)
[0000][PE] mean and std.dev: (138.09, 73.11)
[0000][PE] low and high boundaries for proper pairs: (1, 511)
[0000][PE] skip orientation FF
[0000][PE] skip orientation RF
[0000][PE] skip orientation RR
[0000] 3. Calling kt_for - worker_sam
	[0000][ M::kt_pipeline] read 3411754 sequences (400000277 bp)...
	[0000][ M::mem_process_seqs] Processed 3425972 reads in 1349.922 CPU sec, 35.270 real sec
[0000] Calling mem_process_seqs.., task: 2
[0000] 1. Calling kt_for - worker_bwt
[0000] 2. Calling kt_for - worker_aln
[0000] Inferring insert size distribution of PE reads from data, l_pac: 827016155, n: 3411754
[0000] read_chunk: 400000000, work_chunk_size: 400000000, nseq: 3419050
	[0000][ M::kt_pipeline] read 3419050 sequences (400000000 bp)...
[0000][PE] # candidate unique pairs for (FF, FR, RF, RR): (813, 1150148, 181, 704)
[0000][PE] analyzing insert size distribution for orientation FF...
[0000][PE] (25, 50, 75) percentile: (80, 121, 189)
[0000][PE] low and high boundaries for computing mean and std.dev: (1, 407)
[0000][PE] mean and std.dev: (133.80, 74.61)
[0000][PE] low and high boundaries for proper pairs: (1, 516)
[0000][PE] analyzing insert size distribution for orientation FR...
[0000][PE] (25, 50, 75) percentile: (79, 127, 199)
[0000][PE] low and high boundaries for computing mean and std.dev: (1, 439)
[0000][PE] mean and std.dev: (147.76, 85.44)
[0000][PE] low and high boundaries for proper pairs: (1, 559)
[0000][PE] analyzing insert size distribution for orientation RF...
[0000][PE] (25, 50, 75) percentile: (77, 198, 406)
[0000][PE] low and high boundaries for computing mean and std.dev: (1, 1064)
[0000][PE] mean and std.dev: (241.57, 223.85)
[0000][PE] low and high boundaries for proper pairs: (1, 1393)
[0000][PE] analyzing insert size distribution for orientation RR...
[0000][PE] (25, 50, 75) percentile: (88, 130, 192)
[0000][PE] low and high boundaries for computing mean and std.dev: (1, 400)
[0000][PE] mean and std.dev: (140.75, 73.74)
[0000][PE] low and high boundaries for proper pairs: (1, 504)
[0000][PE] skip orientation FF
[0000][PE] skip orientation RF
[0000][PE] skip orientation RR
[0000] 3. Calling kt_for - worker_sam
	[0000][ M::mem_process_seqs] Processed 3411754 reads in 1368.903 CPU sec, 37.063 real sec
[0000] Calling mem_process_seqs.., task: 3
[0000] 1. Calling kt_for - worker_bwt
[0000] 2. Calling kt_for - worker_aln
[0000] read_chunk: 400000000, work_chunk_size: 194143662, nseq: 1655510
	[0000][ M::kt_pipeline] read 1655510 sequences (194143662 bp)...
[0000] Inferring insert size distribution of PE reads from data, l_pac: 827016155, n: 3419050
[0000][PE] # candidate unique pairs for (FF, FR, RF, RR): (774, 1175792, 217, 764)
[0000][PE] analyzing insert size distribution for orientation FF...
[0000][PE] (25, 50, 75) percentile: (79, 119, 176)
[0000][PE] low and high boundaries for computing mean and std.dev: (1, 370)
[0000][PE] mean and std.dev: (128.97, 70.17)
[0000][PE] low and high boundaries for proper pairs: (1, 467)
[0000][PE] analyzing insert size distribution for orientation FR...
[0000][PE] (25, 50, 75) percentile: (79, 127, 200)
[0000][PE] low and high boundaries for computing mean and std.dev: (1, 442)
[0000][PE] mean and std.dev: (147.77, 85.50)
[0000][PE] low and high boundaries for proper pairs: (1, 563)
[0000][PE] analyzing insert size distribution for orientation RF...
[0000][PE] (25, 50, 75) percentile: (82, 201, 488)
[0000][PE] low and high boundaries for computing mean and std.dev: (1, 1300)
[0000][PE] mean and std.dev: (277.98, 281.21)
[0000][PE] low and high boundaries for proper pairs: (1, 1706)
[0000][PE] analyzing insert size distribution for orientation RR...
[0000][PE] (25, 50, 75) percentile: (87, 126, 194)
[0000][PE] low and high boundaries for computing mean and std.dev: (1, 408)
[0000][PE] mean and std.dev: (139.83, 72.53)
[0000][PE] low and high boundaries for proper pairs: (1, 515)
[0000][PE] skip orientation FF
[0000][PE] skip orientation RF
[0000][PE] skip orientation RR
[0000] 3. Calling kt_for - worker_sam
	[0000][ M::mem_process_seqs] Processed 3419050 reads in 1331.839 CPU sec, 34.788 real sec
[0000] Calling mem_process_seqs.., task: 4
[0000] 1. Calling kt_for - worker_bwt
[0000] 2. Calling kt_for - worker_aln
[0000] Inferring insert size distribution of PE reads from data, l_pac: 827016155, n: 1655510
[0000][PE] # candidate unique pairs for (FF, FR, RF, RR): (409, 562635, 85, 330)
[0000][PE] analyzing insert size distribution for orientation FF...
[0000][PE] (25, 50, 75) percentile: (81, 128, 186)
[0000][PE] low and high boundaries for computing mean and std.dev: (1, 396)
[0000][PE] mean and std.dev: (136.55, 73.74)
[0000][PE] low and high boundaries for proper pairs: (1, 501)
[0000][PE] analyzing insert size distribution for orientation FR...
[0000][PE] (25, 50, 75) percentile: (79, 127, 200)
[0000][PE] low and high boundaries for computing mean and std.dev: (1, 442)
[0000][PE] mean and std.dev: (147.81, 85.46)
[0000][PE] low and high boundaries for proper pairs: (1, 563)
[0000][PE] analyzing insert size distribution for orientation RF...
[0000][PE] (25, 50, 75) percentile: (81, 199, 701)
[0000][PE] low and high boundaries for computing mean and std.dev: (1, 1941)
[0000][PE] mean and std.dev: (348.71, 398.07)
[0000][PE] low and high boundaries for proper pairs: (1, 2561)
[0000][PE] analyzing insert size distribution for orientation RR...
[0000][PE] (25, 50, 75) percentile: (92, 131, 188)
[0000][PE] low and high boundaries for computing mean and std.dev: (1, 380)
[0000][PE] mean and std.dev: (138.82, 69.10)
[0000][PE] low and high boundaries for proper pairs: (1, 476)
[0000][PE] skip orientation FF
[0000][PE] skip orientation RF
[0000][PE] skip orientation RR
[0000] 3. Calling kt_for - worker_sam
[0000] read_chunk: 400000000, work_chunk_size: 0, nseq: 0
	[0000][ M::mem_process_seqs] Processed 1655510 reads in 662.399 CPU sec, 17.952 real sec
[0000] read_chunk: 400000000, work_chunk_size: 0, nseq: 0
[0000] Computation ends..
No. of OMP threads: 40
Processor is running @2394.601068 MHz
Runtime profile:

	Time taken for main_mem function: 185.86 sec

	IO times (sec) :
	Reading IO time (reads) avg: 46.65, (46.65, 46.65)
	Writing IO time (SAM) avg: 60.81, (60.81, 60.81)
	Reading IO time (Reference Genome) avg: 1.04, (1.04, 1.04)
	Index read time avg: 2.15, (2.15, 2.15)

	Overall time (sec) (Excluding Index reading time):
	PROCESS() (Total compute time + (read + SAM) IO time) : 182.02
	MEM_PROCESS_SEQ() (Total compute time (Kernel + SAM)), avg: 161.70, (161.70, 161.70)

	 SAM Processing time (sec):
	--WORKER_SAM avg: 46.00, (46.00, 46.00)

	Kernels' compute time (sec):
	Total kernel (smem+sal+bsw) time avg: 110.38, (110.38, 110.38)
		MEM_ALN_CHAIN_FLT avg: 0.00, (0.00, 0.00)
		MEM_ALN_CHAIN_SEED avg: 0.00, (0.00, 0.00)
		ERT_SEED_CHAIN avg: 0.00, (0.00, 0.00)
	LEARNED_SEED_CHAIN avg: 0.00, (0.00, 0.00)
		SMEM compute avg: 49.72, (50.10, 49.31)
		SAL compute avg: 17.41, (17.71, 17.17)
				MEM_SA avg: 7.34, (7.48, 7.19)

		BSW time, avg: 37.33, (37.67, 37.16)

Important parameter settings: 
	BATCH_SIZE: 512
	MAX_SEQ_LEN_REF: 256
	MAX_SEQ_LEN_QER: 128
	MAX_SEQ_LEN8: 128
	SEEDS_PER_READ: 500
	SIMD_WIDTH8 X: 64
	SIMD_WIDTH16 X: 32
	AVG_SEEDS_PER_READ: 64
