Looking to launch executable "/opt/conda/bin/bwa-meme_mode3.avx512bw", simd = _mode3.avx512bw
Launching executable "/opt/conda/bin/bwa-meme_mode3.avx512bw"
-----------------------------
Executing in AVX512 mode!!
-----------------------------
* SA compression enabled with xfactor: 8
* Ref file: reference.ssl.Cvi.fasta
* Entering FMI_search
Reading other elements of the index from files reference.ssl.Cvi.fasta
* Index prefix: reference.ssl.Cvi.fasta
* Read 0 ALT contigs
* Reading reference genome..
* Binary seq file = reference.ssl.Cvi.fasta.0123
* Reference genome size: 1654032310 bp
* Done reading reference genome !!

------------------------------------------
1. Memory pre-allocation for Chaining: 5679.4903 MB
2. Memory pre-allocation for BSW: 9584.6810 MB
[M::memoryAllocLearned::MEME] Reading Learned-index models into memory
[Learned-Config] MODE:3 SEARCH_METHOD: 1 MEM_TRADEOFF:1 EXPONENTIAL_SMEMSEARCH: 1 DEBUG_MODE:0 Num 2nd Models:268435456 PWL Bits Used:28
[M::memoryAllocLearned::MEME] Loading RMI model and Pac reference file took 13.161 sec
[M::memoryAllocLearned::MEME] Reading suffix array into memory
[M::memoryAllocLearned::MEME] Loading pos_packed file took 19.149 sec
[M::memoryAllocLearned::MEME] Generating SA, 64-bit Suffix and ISA in memory
[M::memoryAllocLearned::MEME] Runtime-build-index took 17.769 sec
3. Memory pre-allocation for BWT: 8913.5523 MB
------------------------------------------
* Threads used (compute): 40
* No. of pipeline threads: 2

[0000] read_chunk: 400000000, work_chunk_size: 400000103, nseq: 3251472
	[0000][ M::kt_pipeline] read 3251472 sequences (400000103 bp)...
[0000] Reallocating initial memory allocations!!
[0000] Calling mem_process_seqs.., task: 0
[0000] 1. Calling kt_for - worker_bwt
[0000] 2. Calling kt_for - worker_aln
[0000] read_chunk: 400000000, work_chunk_size: 400000061, nseq: 3251304
	[0000][ M::kt_pipeline] read 3251304 sequences (400000061 bp)...
[0000] Inferring insert size distribution of PE reads from data, l_pac: 827016155, n: 3251472
[0000][PE] # candidate unique pairs for (FF, FR, RF, RR): (128, 562346, 201, 123)
[0000][PE] analyzing insert size distribution for orientation FF...
[0000][PE] (25, 50, 75) percentile: (49, 80, 125)
[0000][PE] low and high boundaries for computing mean and std.dev: (1, 277)
[0000][PE] mean and std.dev: (88.39, 56.06)
[0000][PE] low and high boundaries for proper pairs: (1, 353)
[0000][PE] analyzing insert size distribution for orientation FR...
[0000][PE] (25, 50, 75) percentile: (68, 95, 155)
[0000][PE] low and high boundaries for computing mean and std.dev: (1, 329)
[0000][PE] mean and std.dev: (115.78, 67.48)
[0000][PE] low and high boundaries for proper pairs: (1, 416)
[0000][PE] analyzing insert size distribution for orientation RF...
[0000][PE] (25, 50, 75) percentile: (79, 539, 762)
[0000][PE] low and high boundaries for computing mean and std.dev: (1, 2128)
[0000][PE] mean and std.dev: (451.46, 363.75)
[0000][PE] low and high boundaries for proper pairs: (1, 2811)
[0000][PE] analyzing insert size distribution for orientation RR...
[0000][PE] (25, 50, 75) percentile: (54, 89, 146)
[0000][PE] low and high boundaries for computing mean and std.dev: (1, 330)
[0000][PE] mean and std.dev: (103.21, 69.73)
[0000][PE] low and high boundaries for proper pairs: (1, 422)
[0000][PE] skip orientation FF
[0000][PE] skip orientation RF
[0000][PE] skip orientation RR
[0000] 3. Calling kt_for - worker_sam
	[0000][ M::mem_process_seqs] Processed 3251472 reads in 535.754 CPU sec, 13.962 real sec
[0000] Calling mem_process_seqs.., task: 1
[0000] 1. Calling kt_for - worker_bwt
[0000] 2. Calling kt_for - worker_aln
[0000] Inferring insert size distribution of PE reads from data, l_pac: 827016155, n: 3251304
[0000][PE] # candidate unique pairs for (FF, FR, RF, RR): (113, 553050, 176, 119)
[0000][PE] analyzing insert size distribution for orientation FF...
[0000][PE] (25, 50, 75) percentile: (57, 108, 167)
[0000][PE] low and high boundaries for computing mean and std.dev: (1, 387)
[0000][PE] mean and std.dev: (116.44, 74.62)
[0000][PE] low and high boundaries for proper pairs: (1, 497)
[0000][PE] analyzing insert size distribution for orientation FR...
[0000][PE] (25, 50, 75) percentile: (68, 95, 154)
[0000][PE] low and high boundaries for computing mean and std.dev: (1, 326)
[0000][PE] mean and std.dev: (115.14, 66.70)
[0000][PE] low and high boundaries for proper pairs: (1, 412)
[0000][PE] analyzing insert size distribution for orientation RF...
[0000][PE] (25, 50, 75) percentile: (99, 352, 727)
[0000][PE] low and high boundaries for computing mean and std.dev: (1, 1983)
[0000][PE] mean and std.dev: (405.75, 315.90)
[0000][PE] low and high boundaries for proper pairs: (1, 2611)
[0000][PE] analyzing insert size distribution for orientation RR...
[0000][PE] (25, 50, 75) percentile: (42, 75, 148)
[0000][PE] low and high boundaries for computing mean and std.dev: (1, 360)
[0000][PE] mean and std.dev: (92.87, 67.54)
[0000][PE] low and high boundaries for proper pairs: (1, 466)
[0000][PE] skip orientation FF
[0000][PE] skip orientation RF
[0000][PE] skip orientation RR
[0000] 3. Calling kt_for - worker_sam
	[0000][ M::mem_process_seqs] Processed 3251304 reads in 569.981 CPU sec, 15.401 real sec
[0000] read_chunk: 400000000, work_chunk_size: 400000185, nseq: 3250810
	[0000][ M::kt_pipeline] read 3250810 sequences (400000185 bp)...
[0000] Calling mem_process_seqs.., task: 2
[0000] 1. Calling kt_for - worker_bwt
[0000] 2. Calling kt_for - worker_aln
[0000] read_chunk: 400000000, work_chunk_size: 179177138, nseq: 1454876
	[0000][ M::kt_pipeline] read 1454876 sequences (179177138 bp)...
[0000] Inferring insert size distribution of PE reads from data, l_pac: 827016155, n: 3250810
[0000][PE] # candidate unique pairs for (FF, FR, RF, RR): (122, 557635, 193, 133)
[0000][PE] analyzing insert size distribution for orientation FF...
[0000][PE] (25, 50, 75) percentile: (46, 71, 119)
[0000][PE] low and high boundaries for computing mean and std.dev: (1, 265)
[0000][PE] mean and std.dev: (82.36, 56.24)
[0000][PE] low and high boundaries for proper pairs: (1, 338)
[0000][PE] analyzing insert size distribution for orientation FR...
[0000][PE] (25, 50, 75) percentile: (68, 95, 154)
[0000][PE] low and high boundaries for computing mean and std.dev: (1, 326)
[0000][PE] mean and std.dev: (114.94, 66.54)
[0000][PE] low and high boundaries for proper pairs: (1, 412)
[0000][PE] analyzing insert size distribution for orientation RF...
[0000][PE] (25, 50, 75) percentile: (46, 130, 684)
[0000][PE] low and high boundaries for computing mean and std.dev: (1, 1960)
[0000][PE] mean and std.dev: (321.07, 330.88)
[0000][PE] low and high boundaries for proper pairs: (1, 2598)
[0000][PE] analyzing insert size distribution for orientation RR...
[0000][PE] (25, 50, 75) percentile: (42, 83, 153)
[0000][PE] low and high boundaries for computing mean and std.dev: (1, 375)
[0000][PE] mean and std.dev: (92.50, 62.00)
[0000][PE] low and high boundaries for proper pairs: (1, 486)
[0000][PE] skip orientation FF
[0000][PE] skip orientation RF
[0000][PE] skip orientation RR
[0000] 3. Calling kt_for - worker_sam
	[0000][ M::mem_process_seqs] Processed 3250810 reads in 553.337 CPU sec, 14.533 real sec
[0000] Calling mem_process_seqs.., task: 3
[0000] 1. Calling kt_for - worker_bwt
[0000] 2. Calling kt_for - worker_aln
[0000] Inferring insert size distribution of PE reads from data, l_pac: 827016155, n: 1454876
[0000][PE] # candidate unique pairs for (FF, FR, RF, RR): (52, 249726, 189, 50)
[0000][PE] analyzing insert size distribution for orientation FF...
[0000][PE] (25, 50, 75) percentile: (53, 105, 179)
[0000][PE] low and high boundaries for computing mean and std.dev: (1, 431)
[0000][PE] mean and std.dev: (108.61, 77.33)
[0000][PE] low and high boundaries for proper pairs: (1, 557)
[0000][PE] analyzing insert size distribution for orientation FR...
[0000][PE] (25, 50, 75) percentile: (68, 95, 154)
[0000][PE] low and high boundaries for computing mean and std.dev: (1, 326)
[0000][PE] mean and std.dev: (115.19, 66.61)
[0000][PE] low and high boundaries for proper pairs: (1, 412)
[0000][PE] analyzing insert size distribution for orientation RF...
[0000][PE] (25, 50, 75) percentile: (435, 754, 799)
[0000][PE] low and high boundaries for computing mean and std.dev: (1, 1527)
[0000][PE] mean and std.dev: (610.18, 296.56)
[0000][PE] low and high boundaries for proper pairs: (1, 1891)
[0000][PE] analyzing insert size distribution for orientation RR...
[0000][PE] (25, 50, 75) percentile: (45, 74, 156)
[0000][PE] low and high boundaries for computing mean and std.dev: (1, 378)
[0000][PE] mean and std.dev: (104.24, 78.81)
[0000][PE] low and high boundaries for proper pairs: (1, 489)
[0000][PE] skip orientation FF
[0000][PE] skip orientation RF
[0000][PE] skip orientation RR
[0000] 3. Calling kt_for - worker_sam
[0000] read_chunk: 400000000, work_chunk_size: 0, nseq: 0
	[0000][ M::mem_process_seqs] Processed 1454876 reads in 250.442 CPU sec, 7.161 real sec
[0000] read_chunk: 400000000, work_chunk_size: 0, nseq: 0
[0000] Computation ends..
No. of OMP threads: 40
Processor is running @2394.722270 MHz
Runtime profile:

	Time taken for main_mem function: 108.36 sec

	IO times (sec) :
	Reading IO time (reads) avg: 31.90, (31.90, 31.90)
	Writing IO time (SAM) avg: 18.28, (18.28, 18.28)
	Reading IO time (Reference Genome) avg: 0.82, (0.82, 0.82)
	Index read time avg: 0.43, (0.43, 0.43)

	Overall time (sec) (Excluding Index reading time):
	PROCESS() (Total compute time + (read + SAM) IO time) : 106.85
	MEM_PROCESS_SEQ() (Total compute time (Kernel + SAM)), avg: 51.05, (51.05, 51.05)

	 SAM Processing time (sec):
	--WORKER_SAM avg: 18.77, (18.77, 18.77)

	Kernels' compute time (sec):
	Total kernel (smem+sal+bsw) time avg: 31.49, (31.49, 31.49)
		MEM_ALN_CHAIN_FLT avg: 0.00, (0.00, 0.00)
		MEM_ALN_CHAIN_SEED avg: 0.00, (0.00, 0.00)
		ERT_SEED_CHAIN avg: 0.00, (0.00, 0.00)
	LEARNED_SEED_CHAIN avg: 18.23, (18.34, 18.18)
		SMEM compute avg: 0.00, (0.00, 0.00)
		SAL compute avg: 0.00, (0.00, 0.00)
				MEM_SA avg: 0.00, (0.00, 0.00)

		BSW time, avg: 12.20, (12.35, 12.07)

Important parameter settings: 
	BATCH_SIZE: 512
	MAX_SEQ_LEN_REF: 256
	MAX_SEQ_LEN_QER: 128
	MAX_SEQ_LEN8: 128
	SEEDS_PER_READ: 500
	SIMD_WIDTH8 X: 64
	SIMD_WIDTH16 X: 32
	AVG_SEEDS_PER_READ: 64
