Looking to launch executable "/opt/conda/bin/bwa-meme_mode3.avx512bw", simd = _mode3.avx512bw
Launching executable "/opt/conda/bin/bwa-meme_mode3.avx512bw"
-----------------------------
Executing in AVX512 mode!!
-----------------------------
* SA compression enabled with xfactor: 8
* Ref file: reference.ssl.Cvi.fasta
* Entering FMI_search
Reading other elements of the index from files reference.ssl.Cvi.fasta
* Index prefix: reference.ssl.Cvi.fasta
* Read 0 ALT contigs
* Reading reference genome..
* Binary seq file = reference.ssl.Cvi.fasta.0123
* Reference genome size: 1654032310 bp
* Done reading reference genome !!

------------------------------------------
1. Memory pre-allocation for Chaining: 5679.4903 MB
2. Memory pre-allocation for BSW: 9584.6810 MB
[M::memoryAllocLearned::MEME] Reading Learned-index models into memory
[Learned-Config] MODE:3 SEARCH_METHOD: 1 MEM_TRADEOFF:1 EXPONENTIAL_SMEMSEARCH: 1 DEBUG_MODE:0 Num 2nd Models:268435456 PWL Bits Used:28
[M::memoryAllocLearned::MEME] Loading RMI model and Pac reference file took 12.058 sec
[M::memoryAllocLearned::MEME] Reading suffix array into memory
[M::memoryAllocLearned::MEME] Loading pos_packed file took 17.142 sec
[M::memoryAllocLearned::MEME] Generating SA, 64-bit Suffix and ISA in memory
[M::memoryAllocLearned::MEME] Runtime-build-index took 17.784 sec
3. Memory pre-allocation for BWT: 8913.5523 MB
------------------------------------------
* Threads used (compute): 40
* No. of pipeline threads: 2

[0000] read_chunk: 400000000, work_chunk_size: 400000282, nseq: 2987230
	[0000][ M::kt_pipeline] read 2987230 sequences (400000282 bp)...
[0000] Reallocating initial memory allocations!!
[0000] Calling mem_process_seqs.., task: 0
[0000] 1. Calling kt_for - worker_bwt
[0000] 2. Calling kt_for - worker_aln
[0000] read_chunk: 400000000, work_chunk_size: 400000157, nseq: 2986752
	[0000][ M::kt_pipeline] read 2986752 sequences (400000157 bp)...
[0000] Inferring insert size distribution of PE reads from data, l_pac: 827016155, n: 2987230
[0000][PE] # candidate unique pairs for (FF, FR, RF, RR): (985, 1070281, 333, 878)
[0000][PE] analyzing insert size distribution for orientation FF...
[0000][PE] (25, 50, 75) percentile: (94, 136, 197)
[0000][PE] low and high boundaries for computing mean and std.dev: (1, 403)
[0000][PE] mean and std.dev: (145.39, 69.69)
[0000][PE] low and high boundaries for proper pairs: (1, 506)
[0000][PE] analyzing insert size distribution for orientation FR...
[0000][PE] (25, 50, 75) percentile: (126, 196, 282)
[0000][PE] low and high boundaries for computing mean and std.dev: (1, 594)
[0000][PE] mean and std.dev: (204.02, 94.55)
[0000][PE] low and high boundaries for proper pairs: (1, 750)
[0000][PE] analyzing insert size distribution for orientation RF...
[0000][PE] (25, 50, 75) percentile: (85, 208, 464)
[0000][PE] low and high boundaries for computing mean and std.dev: (1, 1222)
[0000][PE] mean and std.dev: (247.34, 243.42)
[0000][PE] low and high boundaries for proper pairs: (1, 1601)
[0000][PE] analyzing insert size distribution for orientation RR...
[0000][PE] (25, 50, 75) percentile: (105, 154, 207)
[0000][PE] low and high boundaries for computing mean and std.dev: (1, 411)
[0000][PE] mean and std.dev: (158.35, 66.92)
[0000][PE] low and high boundaries for proper pairs: (1, 513)
[0000][PE] skip orientation FF
[0000][PE] skip orientation RF
[0000][PE] skip orientation RR
[0000] 3. Calling kt_for - worker_sam
	[0000][ M::mem_process_seqs] Processed 2987230 reads in 985.043 CPU sec, 25.537 real sec
[0000] Calling mem_process_seqs.., task: 1
[0000] 1. Calling kt_for - worker_bwt
[0000] 2. Calling kt_for - worker_aln
[0000] Inferring insert size distribution of PE reads from data, l_pac: 827016155, n: 2986752
[0000][PE] # candidate unique pairs for (FF, FR, RF, RR): (898, 1072394, 327, 808)
[0000][PE] analyzing insert size distribution for orientation FF...
[0000][PE] (25, 50, 75) percentile: (97, 146, 205)
[0000][PE] low and high boundaries for computing mean and std.dev: (1, 421)
[0000][PE] mean and std.dev: (151.68, 69.05)
[0000][PE] low and high boundaries for proper pairs: (1, 529)
[0000][PE] analyzing insert size distribution for orientation FR...
[0000][PE] (25, 50, 75) percentile: (126, 196, 282)
[0000][PE] low and high boundaries for computing mean and std.dev: (1, 594)
[0000][PE] mean and std.dev: (204.04, 94.55)
[0000][PE] low and high boundaries for proper pairs: (1, 750)
[0000][PE] analyzing insert size distribution for orientation RF...
[0000][PE] (25, 50, 75) percentile: (83, 173, 471)
[0000][PE] low and high boundaries for computing mean and std.dev: (1, 1247)
[0000][PE] mean and std.dev: (232.32, 225.74)
[0000][PE] low and high boundaries for proper pairs: (1, 1635)
[0000][PE] analyzing insert size distribution for orientation RR...
[0000][PE] (25, 50, 75) percentile: (102, 152, 211)
[0000][PE] low and high boundaries for computing mean and std.dev: (1, 429)
[0000][PE] mean and std.dev: (157.72, 70.18)
[0000][PE] low and high boundaries for proper pairs: (1, 538)
[0000][PE] skip orientation FF
[0000][PE] skip orientation RF
[0000][PE] skip orientation RR
[0000] 3. Calling kt_for - worker_sam
[0000] read_chunk: 400000000, work_chunk_size: 400000235, nseq: 2988164
	[0000][ M::kt_pipeline] read 2988164 sequences (400000235 bp)...
	[0000][ M::mem_process_seqs] Processed 2986752 reads in 987.807 CPU sec, 26.045 real sec
[0000] Reallocating initial memory allocations!!
[0000] Calling mem_process_seqs.., task: 2
[0000] 1. Calling kt_for - worker_bwt
[0000] 2. Calling kt_for - worker_aln
[0000] read_chunk: 400000000, work_chunk_size: 400000031, nseq: 2983470
	[0000][ M::kt_pipeline] read 2983470 sequences (400000031 bp)...
[0000] Inferring insert size distribution of PE reads from data, l_pac: 827016155, n: 2988164
[0000][PE] # candidate unique pairs for (FF, FR, RF, RR): (936, 1081388, 302, 825)
[0000][PE] analyzing insert size distribution for orientation FF...
[0000][PE] (25, 50, 75) percentile: (101, 146, 202)
[0000][PE] low and high boundaries for computing mean and std.dev: (1, 404)
[0000][PE] mean and std.dev: (151.36, 68.39)
[0000][PE] low and high boundaries for proper pairs: (1, 505)
[0000][PE] analyzing insert size distribution for orientation FR...
[0000][PE] (25, 50, 75) percentile: (125, 196, 282)
[0000][PE] low and high boundaries for computing mean and std.dev: (1, 596)
[0000][PE] mean and std.dev: (204.00, 94.65)
[0000][PE] low and high boundaries for proper pairs: (1, 753)
[0000][PE] analyzing insert size distribution for orientation RF...
[0000][PE] (25, 50, 75) percentile: (69, 195, 496)
[0000][PE] low and high boundaries for computing mean and std.dev: (1, 1350)
[0000][PE] mean and std.dev: (246.79, 242.18)
[0000][PE] low and high boundaries for proper pairs: (1, 1777)
[0000][PE] analyzing insert size distribution for orientation RR...
[0000][PE] (25, 50, 75) percentile: (103, 155, 211)
[0000][PE] low and high boundaries for computing mean and std.dev: (1, 427)
[0000][PE] mean and std.dev: (158.26, 70.02)
[0000][PE] low and high boundaries for proper pairs: (1, 535)
[0000][PE] skip orientation FF
[0000][PE] skip orientation RF
[0000][PE] skip orientation RR
[0000] 3. Calling kt_for - worker_sam
	[0000][ M::mem_process_seqs] Processed 2988164 reads in 963.312 CPU sec, 25.243 real sec
[0000] Calling mem_process_seqs.., task: 3
[0000] 1. Calling kt_for - worker_bwt
[0000] 2. Calling kt_for - worker_aln
[0000] Inferring insert size distribution of PE reads from data, l_pac: 827016155, n: 2983470
[0000][PE] # candidate unique pairs for (FF, FR, RF, RR): (915, 1059712, 300, 809)
[0000][PE] analyzing insert size distribution for orientation FF...
[0000][PE] (25, 50, 75) percentile: (97, 145, 198)
[0000][PE] low and high boundaries for computing mean and std.dev: (1, 400)
[0000][PE] mean and std.dev: (148.59, 66.76)
[0000][PE] low and high boundaries for proper pairs: (1, 501)
[0000][PE] analyzing insert size distribution for orientation FR...
[0000][PE] (25, 50, 75) percentile: (126, 196, 282)
[0000][PE] low and high boundaries for computing mean and std.dev: (1, 594)
[0000][PE] mean and std.dev: (204.27, 94.51)
[0000][PE] low and high boundaries for proper pairs: (1, 750)
[0000][PE] analyzing insert size distribution for orientation RF...
[0000][PE] (25, 50, 75) percentile: (86, 199, 555)
[0000][PE] low and high boundaries for computing mean and std.dev: (1, 1493)
[0000][PE] mean and std.dev: (261.41, 261.68)
[0000][PE] low and high boundaries for proper pairs: (1, 1962)
[0000][PE] analyzing insert size distribution for orientation RR...
[0000][PE] (25, 50, 75) percentile: (104, 154, 209)
[0000][PE] low and high boundaries for computing mean and std.dev: (1, 419)
[0000][PE] mean and std.dev: (156.59, 69.96)
[0000][PE] low and high boundaries for proper pairs: (1, 524)
[0000][PE] skip orientation FF
[0000][PE] skip orientation RF
[0000][PE] skip orientation RR
[0000] 3. Calling kt_for - worker_sam
[0000] read_chunk: 400000000, work_chunk_size: 400000246, nseq: 2974798
	[0000][ M::kt_pipeline] read 2974798 sequences (400000246 bp)...
	[0000][ M::mem_process_seqs] Processed 2983470 reads in 980.917 CPU sec, 25.886 real sec
[0000] Calling mem_process_seqs.., task: 4
[0000] 1. Calling kt_for - worker_bwt
[0000] 2. Calling kt_for - worker_aln
[0000] Inferring insert size distribution of PE reads from data, l_pac: 827016155, n: 2974798
[0000] read_chunk: 400000000, work_chunk_size: 400000032, nseq: 2972440
	[0000][ M::kt_pipeline] read 2972440 sequences (400000032 bp)...
[0000][PE] # candidate unique pairs for (FF, FR, RF, RR): (829, 993595, 263, 786)
[0000][PE] analyzing insert size distribution for orientation FF...
[0000][PE] (25, 50, 75) percentile: (99, 144, 206)
[0000][PE] low and high boundaries for computing mean and std.dev: (1, 420)
[0000][PE] mean and std.dev: (151.62, 70.86)
[0000][PE] low and high boundaries for proper pairs: (1, 527)
[0000][PE] analyzing insert size distribution for orientation FR...
[0000][PE] (25, 50, 75) percentile: (126, 195, 281)
[0000][PE] low and high boundaries for computing mean and std.dev: (1, 591)
[0000][PE] mean and std.dev: (203.85, 94.51)
[0000][PE] low and high boundaries for proper pairs: (1, 746)
[0000][PE] analyzing insert size distribution for orientation RF...
[0000][PE] (25, 50, 75) percentile: (84, 214, 538)
[0000][PE] low and high boundaries for computing mean and std.dev: (1, 1446)
[0000][PE] mean and std.dev: (267.83, 256.41)
[0000][PE] low and high boundaries for proper pairs: (1, 1900)
[0000][PE] analyzing insert size distribution for orientation RR...
[0000][PE] (25, 50, 75) percentile: (101, 150, 207)
[0000][PE] low and high boundaries for computing mean and std.dev: (1, 419)
[0000][PE] mean and std.dev: (155.54, 69.15)
[0000][PE] low and high boundaries for proper pairs: (1, 525)
[0000][PE] skip orientation FF
[0000][PE] skip orientation RF
[0000][PE] skip orientation RR
[0000] 3. Calling kt_for - worker_sam
	[0000][ M::mem_process_seqs] Processed 2974798 reads in 1138.408 CPU sec, 29.931 real sec
[0000] Calling mem_process_seqs.., task: 5
[0000] 1. Calling kt_for - worker_bwt
[0000] 2. Calling kt_for - worker_aln
[0000] Inferring insert size distribution of PE reads from data, l_pac: 827016155, n: 2972440
[0000][PE] # candidate unique pairs for (FF, FR, RF, RR): (798, 999980, 283, 766)
[0000][PE] analyzing insert size distribution for orientation FF...
[0000][PE] (25, 50, 75) percentile: (100, 148, 204)
[0000][PE] low and high boundaries for computing mean and std.dev: (1, 412)
[0000][PE] mean and std.dev: (153.73, 71.32)
[0000][PE] low and high boundaries for proper pairs: (1, 516)
[0000][PE] analyzing insert size distribution for orientation FR...
[0000][PE] (25, 50, 75) percentile: (126, 196, 282)
[0000][PE] low and high boundaries for computing mean and std.dev: (1, 594)
[0000][PE] mean and std.dev: (204.43, 94.53)
[0000][PE] low and high boundaries for proper pairs: (1, 750)
[0000][PE] analyzing insert size distribution for orientation RF...
[0000][PE] (25, 50, 75) percentile: (87, 204, 507)
[0000][PE] low and high boundaries for computing mean and std.dev: (1, 1347)
[0000][PE] mean and std.dev: (268.69, 273.73)
[0000][PE] low and high boundaries for proper pairs: (1, 1767)
[0000][PE] analyzing insert size distribution for orientation RR...
[0000][PE] (25, 50, 75) percentile: (100, 150, 207)
[0000][PE] low and high boundaries for computing mean and std.dev: (1, 421)
[0000][PE] mean and std.dev: (154.75, 69.51)
[0000][PE] low and high boundaries for proper pairs: (1, 528)
[0000][PE] skip orientation FF
[0000][PE] skip orientation RF
[0000][PE] skip orientation RR
[0000] 3. Calling kt_for - worker_sam
[0000] read_chunk: 400000000, work_chunk_size: 400000199, nseq: 2976756
	[0000][ M::kt_pipeline] read 2976756 sequences (400000199 bp)...
	[0000][ M::mem_process_seqs] Processed 2972440 reads in 1089.514 CPU sec, 28.737 real sec
[0000] Calling mem_process_seqs.., task: 6
[0000] 1. Calling kt_for - worker_bwt
[0000] 2. Calling kt_for - worker_aln
[0000] Inferring insert size distribution of PE reads from data, l_pac: 827016155, n: 2976756
[0000][PE] # candidate unique pairs for (FF, FR, RF, RR): (876, 1015015, 323, 785)
[0000][PE] analyzing insert size distribution for orientation FF...
[0000][PE] (25, 50, 75) percentile: (102, 150, 204)
[0000][PE] low and high boundaries for computing mean and std.dev: (1, 408)
[0000][PE] mean and std.dev: (154.07, 66.20)
[0000][PE] low and high boundaries for proper pairs: (1, 510)
[0000][PE] analyzing insert size distribution for orientation FR...
[0000][PE] (25, 50, 75) percentile: (126, 196, 282)
[0000][PE] low and high boundaries for computing mean and std.dev: (1, 594)
[0000][PE] mean and std.dev: (203.97, 94.48)
[0000][PE] low and high boundaries for proper pairs: (1, 750)
[0000][PE] analyzing insert size distribution for orientation RF...
[0000][PE] (25, 50, 75) percentile: (76, 184, 440)
[0000][PE] low and high boundaries for computing mean and std.dev: (1, 1168)
[0000][PE] mean and std.dev: (226.89, 226.08)
[0000][PE] low and high boundaries for proper pairs: (1, 1532)
[0000][PE] analyzing insert size distribution for orientation RR...
[0000][PE] (25, 50, 75) percentile: (104, 151, 210)
[0000][PE] low and high boundaries for computing mean and std.dev: (1, 422)
[0000][PE] mean and std.dev: (157.35, 69.11)
[0000][PE] low and high boundaries for proper pairs: (1, 528)
[0000][PE] skip orientation FF
[0000][PE] skip orientation RF
[0000][PE] skip orientation RR
[0000] 3. Calling kt_for - worker_sam
[0000] read_chunk: 400000000, work_chunk_size: 400000135, nseq: 2978230
	[0000][ M::kt_pipeline] read 2978230 sequences (400000135 bp)...
	[0000][ M::mem_process_seqs] Processed 2976756 reads in 1033.553 CPU sec, 27.310 real sec
[0000] Calling mem_process_seqs.., task: 7
[0000] 1. Calling kt_for - worker_bwt
[0000] 2. Calling kt_for - worker_aln
[0000] Inferring insert size distribution of PE reads from data, l_pac: 827016155, n: 2978230
[0000][PE] # candidate unique pairs for (FF, FR, RF, RR): (894, 1036892, 281, 760)
[0000][PE] analyzing insert size distribution for orientation FF...
[0000][PE] (25, 50, 75) percentile: (98, 147, 204)
[0000][PE] low and high boundaries for computing mean and std.dev: (1, 416)
[0000][PE] mean and std.dev: (151.74, 69.76)
[0000][PE] low and high boundaries for proper pairs: (1, 522)
[0000][PE] analyzing insert size distribution for orientation FR...
[0000][PE] (25, 50, 75) percentile: (126, 196, 282)
[0000][PE] low and high boundaries for computing mean and std.dev: (1, 594)
[0000][PE] mean and std.dev: (204.27, 94.55)
[0000][PE] low and high boundaries for proper pairs: (1, 750)
[0000][PE] analyzing insert size distribution for orientation RF...
[0000][PE] (25, 50, 75) percentile: (79, 179, 438)
[0000][PE] low and high boundaries for computing mean and std.dev: (1, 1156)
[0000][PE] mean and std.dev: (220.44, 211.06)
[0000][PE] low and high boundaries for proper pairs: (1, 1515)
[0000][PE] analyzing insert size distribution for orientation RR...
[0000][PE] (25, 50, 75) percentile: (102, 152, 208)
[0000][PE] low and high boundaries for computing mean and std.dev: (1, 420)
[0000][PE] mean and std.dev: (154.12, 68.88)
[0000][PE] low and high boundaries for proper pairs: (1, 526)
[0000][PE] skip orientation FF
[0000][PE] skip orientation RF
[0000][PE] skip orientation RR
[0000] 3. Calling kt_for - worker_sam
[0000] read_chunk: 400000000, work_chunk_size: 400000026, nseq: 2978440
	[0000][ M::kt_pipeline] read 2978440 sequences (400000026 bp)...
	[0000][ M::mem_process_seqs] Processed 2978230 reads in 1041.410 CPU sec, 27.465 real sec
[0000] Calling mem_process_seqs.., task: 8
[0000] 1. Calling kt_for - worker_bwt
[0000] 2. Calling kt_for - worker_aln
[0000] Inferring insert size distribution of PE reads from data, l_pac: 827016155, n: 2978440
[0000][PE] # candidate unique pairs for (FF, FR, RF, RR): (919, 1044274, 314, 782)
[0000][PE] analyzing insert size distribution for orientation FF...
[0000][PE] (25, 50, 75) percentile: (97, 147, 204)
[0000][PE] low and high boundaries for computing mean and std.dev: (1, 418)
[0000][PE] mean and std.dev: (151.22, 69.92)
[0000][PE] low and high boundaries for proper pairs: (1, 525)
[0000][PE] analyzing insert size distribution for orientation FR...
[0000][PE] (25, 50, 75) percentile: (126, 196, 282)
[0000][PE] low and high boundaries for computing mean and std.dev: (1, 594)
[0000][PE] mean and std.dev: (204.05, 94.57)
[0000][PE] low and high boundaries for proper pairs: (1, 750)
[0000][PE] analyzing insert size distribution for orientation RF...
[0000][PE] (25, 50, 75) percentile: (72, 204, 470)
[0000][PE] low and high boundaries for computing mean and std.dev: (1, 1266)
[0000][PE] mean and std.dev: (248.66, 251.62)
[0000][PE] low and high boundaries for proper pairs: (1, 1664)
[0000][PE] analyzing insert size distribution for orientation RR...
[0000][PE] (25, 50, 75) percentile: (104, 155, 213)
[0000][PE] low and high boundaries for computing mean and std.dev: (1, 431)
[0000][PE] mean and std.dev: (158.02, 70.39)
[0000][PE] low and high boundaries for proper pairs: (1, 540)
[0000][PE] skip orientation FF
[0000][PE] skip orientation RF
[0000][PE] skip orientation RR
[0000] 3. Calling kt_for - worker_sam
[0000] read_chunk: 400000000, work_chunk_size: 400000259, nseq: 2982136
	[0000][ M::kt_pipeline] read 2982136 sequences (400000259 bp)...
	[0000][ M::mem_process_seqs] Processed 2978440 reads in 1037.638 CPU sec, 27.538 real sec
[0000] Calling mem_process_seqs.., task: 9
[0000] 1. Calling kt_for - worker_bwt
[0000] 2. Calling kt_for - worker_aln
[0000] Inferring insert size distribution of PE reads from data, l_pac: 827016155, n: 2982136
[0000][PE] # candidate unique pairs for (FF, FR, RF, RR): (931, 1057136, 287, 833)
[0000][PE] analyzing insert size distribution for orientation FF...
[0000][PE] (25, 50, 75) percentile: (97, 143, 208)
[0000][PE] low and high boundaries for computing mean and std.dev: (1, 430)
[0000][PE] mean and std.dev: (153.45, 72.59)
[0000][PE] low and high boundaries for proper pairs: (1, 541)
[0000][PE] analyzing insert size distribution for orientation FR...
[0000][PE] (25, 50, 75) percentile: (126, 196, 282)
[0000][PE] low and high boundaries for computing mean and std.dev: (1, 594)
[0000][PE] mean and std.dev: (204.11, 94.58)
[0000][PE] low and high boundaries for proper pairs: (1, 750)
[0000][PE] analyzing insert size distribution for orientation RF...
[0000][PE] (25, 50, 75) percentile: (106, 251, 551)
[0000][PE] low and high boundaries for computing mean and std.dev: (1, 1441)
[0000][PE] mean and std.dev: (273.35, 255.07)
[0000][PE] low and high boundaries for proper pairs: (1, 1886)
[0000][PE] analyzing insert size distribution for orientation RR...
[0000][PE] (25, 50, 75) percentile: (104, 151, 209)
[0000][PE] low and high boundaries for computing mean and std.dev: (1, 419)
[0000][PE] mean and std.dev: (157.42, 69.73)
[0000][PE] low and high boundaries for proper pairs: (1, 524)
[0000][PE] skip orientation FF
[0000][PE] skip orientation RF
[0000][PE] skip orientation RR
[0000] 3. Calling kt_for - worker_sam
[0000] read_chunk: 400000000, work_chunk_size: 400000106, nseq: 2983570
	[0000][ M::kt_pipeline] read 2983570 sequences (400000106 bp)...
	[0000][ M::mem_process_seqs] Processed 2982136 reads in 989.601 CPU sec, 26.329 real sec
[0000] Calling mem_process_seqs.., task: 10
[0000] 1. Calling kt_for - worker_bwt
[0000] 2. Calling kt_for - worker_aln
[0000] read_chunk: 400000000, work_chunk_size: 104146607, nseq: 769186
	[0000][ M::kt_pipeline] read 769186 sequences (104146607 bp)...
[0000] Inferring insert size distribution of PE reads from data, l_pac: 827016155, n: 2983570
[0000][PE] # candidate unique pairs for (FF, FR, RF, RR): (866, 1052562, 310, 840)
[0000][PE] analyzing insert size distribution for orientation FF...
[0000][PE] (25, 50, 75) percentile: (93, 144, 204)
[0000][PE] low and high boundaries for computing mean and std.dev: (1, 426)
[0000][PE] mean and std.dev: (151.16, 72.69)
[0000][PE] low and high boundaries for proper pairs: (1, 537)
[0000][PE] analyzing insert size distribution for orientation FR...
[0000][PE] (25, 50, 75) percentile: (125, 196, 282)
[0000][PE] low and high boundaries for computing mean and std.dev: (1, 596)
[0000][PE] mean and std.dev: (203.91, 94.67)
[0000][PE] low and high boundaries for proper pairs: (1, 753)
[0000][PE] analyzing insert size distribution for orientation RF...
[0000][PE] (25, 50, 75) percentile: (84, 196, 437)
[0000][PE] low and high boundaries for computing mean and std.dev: (1, 1143)
[0000][PE] mean and std.dev: (242.73, 234.86)
[0000][PE] low and high boundaries for proper pairs: (1, 1496)
[0000][PE] analyzing insert size distribution for orientation RR...
[0000][PE] (25, 50, 75) percentile: (106, 152, 215)
[0000][PE] low and high boundaries for computing mean and std.dev: (1, 433)
[0000][PE] mean and std.dev: (159.94, 67.79)
[0000][PE] low and high boundaries for proper pairs: (1, 542)
[0000][PE] skip orientation FF
[0000][PE] skip orientation RF
[0000][PE] skip orientation RR
[0000] 3. Calling kt_for - worker_sam
	[0000][ M::mem_process_seqs] Processed 2983570 reads in 998.124 CPU sec, 26.489 real sec
[0000] Calling mem_process_seqs.., task: 11
[0000] 1. Calling kt_for - worker_bwt
[0000] 2. Calling kt_for - worker_aln
[0000] Inferring insert size distribution of PE reads from data, l_pac: 827016155, n: 769186
[0000][PE] # candidate unique pairs for (FF, FR, RF, RR): (211, 244880, 71, 189)
[0000][PE] analyzing insert size distribution for orientation FF...
[0000][PE] (25, 50, 75) percentile: (102, 152, 206)
[0000][PE] low and high boundaries for computing mean and std.dev: (1, 414)
[0000][PE] mean and std.dev: (154.40, 68.54)
[0000][PE] low and high boundaries for proper pairs: (1, 518)
[0000][PE] analyzing insert size distribution for orientation FR...
[0000][PE] (25, 50, 75) percentile: (126, 196, 282)
[0000][PE] low and high boundaries for computing mean and std.dev: (1, 594)
[0000][PE] mean and std.dev: (204.19, 94.65)
[0000][PE] low and high boundaries for proper pairs: (1, 750)
[0000][PE] analyzing insert size distribution for orientation RF...
[0000][PE] (25, 50, 75) percentile: (90, 226, 425)
[0000][PE] low and high boundaries for computing mean and std.dev: (1, 1095)
[0000][PE] mean and std.dev: (225.65, 195.47)
[0000][PE] low and high boundaries for proper pairs: (1, 1430)
[0000][PE] analyzing insert size distribution for orientation RR...
[0000][PE] (25, 50, 75) percentile: (97, 162, 217)
[0000][PE] low and high boundaries for computing mean and std.dev: (1, 457)
[0000][PE] mean and std.dev: (160.91, 73.53)
[0000][PE] low and high boundaries for proper pairs: (1, 577)
[0000][PE] skip orientation FF
[0000][PE] skip orientation RF
[0000][PE] skip orientation RR
[0000] 3. Calling kt_for - worker_sam
[0000] read_chunk: 400000000, work_chunk_size: 0, nseq: 0
	[0000][ M::mem_process_seqs] Processed 769186 reads in 321.055 CPU sec, 9.262 real sec
[0000] read_chunk: 400000000, work_chunk_size: 0, nseq: 0
[0000] Computation ends..
No. of OMP threads: 40
Processor is running @2394.718054 MHz
Runtime profile:

	Time taken for main_mem function: 359.46 sec

	IO times (sec) :
	Reading IO time (reads) avg: 104.44, (104.44, 104.44)
	Writing IO time (SAM) avg: 76.00, (76.00, 76.00)
	Reading IO time (Reference Genome) avg: 0.82, (0.82, 0.82)
	Index read time avg: 0.41, (0.41, 0.41)

	Overall time (sec) (Excluding Index reading time):
	PROCESS() (Total compute time + (read + SAM) IO time) : 357.96
	MEM_PROCESS_SEQ() (Total compute time (Kernel + SAM)), avg: 305.73, (305.73, 305.73)

	 SAM Processing time (sec):
	--WORKER_SAM avg: 139.07, (139.07, 139.07)

	Kernels' compute time (sec):
	Total kernel (smem+sal+bsw) time avg: 162.79, (162.79, 162.79)
		MEM_ALN_CHAIN_FLT avg: 0.00, (0.00, 0.00)
		MEM_ALN_CHAIN_SEED avg: 0.00, (0.00, 0.00)
		ERT_SEED_CHAIN avg: 0.00, (0.00, 0.00)
	LEARNED_SEED_CHAIN avg: 63.69, (63.89, 63.45)
		SMEM compute avg: 0.00, (0.00, 0.00)
		SAL compute avg: 0.00, (0.00, 0.00)
				MEM_SA avg: 0.00, (0.00, 0.00)

		BSW time, avg: 93.90, (94.34, 93.49)

Important parameter settings: 
	BATCH_SIZE: 512
	MAX_SEQ_LEN_REF: 256
	MAX_SEQ_LEN_QER: 128
	MAX_SEQ_LEN8: 128
	SEEDS_PER_READ: 500
	SIMD_WIDTH8 X: 64
	SIMD_WIDTH16 X: 32
	AVG_SEEDS_PER_READ: 64
