#
# There is insufficient memory for the Java Runtime Environment to continue.
# Native memory allocation (mmap) failed to map 504658657280 bytes for committing reserved memory.
# Possible reasons:
#   The system is out of physical RAM or swap space
# Possible solutions:
#   Reduce memory load on the system
#   Increase physical memory or swap space
#   Check if swap backing store is full
#   Decrease Java heap size (-Xmx/-Xms)
#   Decrease number of Java threads
#   Decrease Java thread stack sizes (-Xss)
#   Set larger code cache with -XX:ReservedCodeCacheSize=
# This output file may be truncated or incomplete.
#
#  Out of Memory Error (os_linux.cpp:2913), pid=1885609, tid=1885610
#
# JRE version:  (11.0.9.1) (build )
# Java VM: OpenJDK 64-Bit Server VM (11.0.9.1-internal+0-adhoc..src, mixed mode, tiered, g1 gc, linux-amd64)
# Core dump will be written. Default location: Core dumps may be processed with "/usr/lib/systemd/systemd-coredump %P %u %g %s %t %c %h" (or dumping to /home/e1garcia/shotgun_PIRE/pire_lcwgs_data_processing/gotanco-chanos_chanos/2nd_sequencing_run/core.1885609)
#

---------------  S U M M A R Y ------------

Command Line: -ea -Xmx470g -Xms470g clump.Clumpify in=fq_fp1_stragglers/Cch-CBL_009-9A-lcwgs-1-2.r1.fq.gz in2=fq_fp1_stragglers/Cch-CBL_009-9A-lcwgs-1-2.r2.fq.gz out=fq_fp1_clmp_stragglers/Cch-CBL_009-9A-lcwgs-1-2.clmp.r1.fq.gz out2=fq_fp1_clmp_stragglers/Cch-CBL_009-9A-lcwgs-1-2.clmp.r2.fq.gz groups=14514 overwrite=t usetmpdir=t tmpdir=/scratch-lustre/hpc-0289 dedupe=t addcount=t subs=2 containment=t consensus=f -Xmx470g

Host: Intel(R) Xeon(R) CPU E5-2683 v4 @ 2.10GHz, 32 cores, 377G, CentOS Stream release 8
Time: Wed Aug 16 16:03:45 2023 EDT elapsed time: 0.071816 seconds (0d 0h 0m 0s)

---------------  T H R E A D  ---------------

Current thread (0x00007f1210015000):  JavaThread "Unknown thread" [_thread_in_vm, id=1885610, stack(0x00007f12155b2000,0x00007f12156b3000)]

Stack: [0x00007f12155b2000,0x00007f12156b3000],  sp=0x00007f12156b11f0,  free space=1020k
Native frames: (J=compiled Java code, A=aot compiled Java code, j=interpreted, Vv=VM code, C=native code)
V  [libjvm.so+0xd657ea]  VMError::report_and_die(int, char const*, char const*, __va_list_tag*, Thread*, unsigned char*, void*, void*, char const*, int, unsigned long)+0x38a
V  [libjvm.so+0xd6645d]  VMError::report_and_die(Thread*, char const*, int, unsigned long, VMErrorType, char const*, __va_list_tag*)+0x2d
V  [libjvm.so+0x651c39]  report_vm_out_of_memory(char const*, int, unsigned long, VMErrorType, char const*, ...)+0xd9
V  [libjvm.so+0xb73e74]  os::pd_commit_memory_or_exit(char*, unsigned long, unsigned long, bool, char const*)+0xe4
V  [libjvm.so+0xb6a90d]  os::commit_memory_or_exit(char*, unsigned long, unsigned long, bool, char const*)+0x2d
V  [libjvm.so+0x754c8c]  G1PageBasedVirtualSpace::commit_preferred_pages(unsigned long, unsigned long)+0x6c
V  [libjvm.so+0x7550a8]  G1PageBasedVirtualSpace::commit(unsigned long, unsigned long)+0x1c8
V  [libjvm.so+0x75edd2]  G1RegionsLargerThanCommitSizeMapper::commit_regions(unsigned int, unsigned long, WorkGang*)+0x42
V  [libjvm.so+0x7cee04]  HeapRegionManager::commit_regions(unsigned int, unsigned long, WorkGang*)+0x54
V  [libjvm.so+0x7cfa14]  HeapRegionManager::make_regions_available(unsigned int, unsigned int, WorkGang*)+0x34
V  [libjvm.so+0x7d0066]  HeapRegionManager::expand_by(unsigned int, WorkGang*)+0x66
V  [libjvm.so+0x7162f7]  G1CollectedHeap::expand(unsigned long, WorkGang*, double*)+0xe7
V  [libjvm.so+0x716a36]  G1CollectedHeap::initialize()+0x6b6
V  [libjvm.so+0xd24e62]  Universe::initialize_heap()+0x42
V  [libjvm.so+0xd25145]  universe_init()+0x55
V  [libjvm.so+0x7ec961]  init_globals()+0x71
V  [libjvm.so+0xd00590]  Threads::create_vm(JavaVMInitArgs*, bool*)+0x4b0
V  [libjvm.so+0x897ea1]  JNI_CreateJavaVM+0x61
C  [libjli.so+0x4689]  JavaMain+0xa9


---------------  P R O C E S S  ---------------

Threads class SMR info:
_java_thread_list=0x00005596f524f820, length=0, elements={
}

Java Threads: ( => current thread )

Other Threads:
  0x00007f121002f000 GCTaskThread "GC Thread#0" [stack: 0x00007f1214e88000,0x00007f1214f88000] [id=1885611]
  0x00007f121010a000 ConcurrentGCThread "G1 Main Marker" [stack: 0x00007f11f2602000,0x00007f11f2702000] [id=1885612]
  0x00007f121010c000 ConcurrentGCThread "G1 Conc#0" [stack: 0x00007f11f2500000,0x00007f11f2600000] [id=1885613]

[error occurred during error reporting (printing all threads), id 0xb, SIGSEGV (0xb) at pc=0x00007f1216161870]

VM state:not at safepoint (not fully initialized)

VM Mutex/Monitor currently owned by a thread:  ([mutex/lock_event])
[0x00007f1210013600] Heap_lock - owner thread: 0x00007f1210015000

GC Heap History (0 events):
No events

Deoptimization events (0 events):
No events

Classes redefined (0 events):
No events

Internal exceptions (0 events):
No events

Events (2 events):
Event: 0.048 Protecting memory [0x00007f12155b2000,0x00007f12155b6000] with protection modes 0
Event: 0.049 Loaded shared library /opt/conda/lib/libzip.so


Dynamic libraries:
5596f4657000-5596f4658000 r--p 00000000 00:2b 1398870687                 /opt/conda/bin/java
5596f4658000-5596f4659000 r-xp 00001000 00:2b 1398870687                 /opt/conda/bin/java
5596f4659000-5596f465a000 r--p 00002000 00:2b 1398870687                 /opt/conda/bin/java
5596f465a000-5596f465b000 r--p 00002000 00:2b 1398870687                 /opt/conda/bin/java
5596f465b000-5596f465c000 rw-p 00003000 00:2b 1398870687                 /opt/conda/bin/java
5596f5237000-5596f5258000 rw-p 00000000 00:00 0                          [heap]
7e9808000000-7e9808021000 rw-p 00000000 00:00 0 
7e9808021000-7e980c000000 ---p 00000000 00:00 0 
7e980e000000-7e9810000000 rw-p 00000000 00:00 0 
7e9810000000-7e9810021000 rw-p 00000000 00:00 0 
7e9810021000-7e9814000000 ---p 00000000 00:00 0 
7e98148ed000-7e9815c00000 rw-p 00000000 00:00 0 
7e9815c00000-7e9c72000000 ---p 00000000 00:00 0 
7f11f1df7000-7f11f24fe000 rw-p 00000000 00:00 0 
7f11f24fe000-7f11f24ff000 ---p 00000000 00:00 0 
7f11f24ff000-7f11f2600000 rw-p 00000000 00:00 0 
7f11f2600000-7f11f2601000 ---p 00000000 00:00 0 
7f11f2601000-7f11f4000000 rw-p 00000000 00:00 0 
7f11f4000000-7f11f4021000 rw-p 00000000 00:00 0 
7f11f4021000-7f11f8000000 ---p 00000000 00:00 0 
7f11f8091000-7f11f8899000 rw-p 00000000 00:00 0 
7f11f8899000-7f11f8b09000 rwxp 00000000 00:00 0 
7f11f8b09000-7f11f9067000 ---p 00000000 00:00 0 
7f11f9067000-7f11f92d7000 rwxp 00000000 00:00 0 
7f11f92d7000-7f1200480000 ---p 00000000 00:00 0 
7f1200480000-7f12006f0000 rwxp 00000000 00:00 0 
7f12006f0000-7f1207899000 ---p 00000000 00:00 0 
7f1207899000-7f1210000000 r--s 00000000 00:2b 23290452654                /opt/conda/lib/modules
7f1210000000-7f121017b000 rw-p 00000000 00:00 0 
7f121017b000-7f1214000000 ---p 00000000 00:00 0 
7f1214002000-7f1214e86000 rw-p 00000000 00:00 0 
7f1214e86000-7f1214e87000 ---p 00000000 00:00 0 
7f1214e87000-7f1214f8d000 rw-p 00000000 00:00 0 
7f1214f8d000-7f1215071000 ---p 00000000 00:00 0 
7f1215071000-7f1215076000 rw-p 00000000 00:00 0 
7f1215076000-7f121515a000 ---p 00000000 00:00 0 
7f121515a000-7f121515f000 rw-p 00000000 00:00 0 
7f121515f000-7f121516a000 ---p 00000000 00:00 0 
7f121516a000-7f1215175000 r-xp 00000000 00:2b 91477640194                /usr/lib64/libnss_files-2.28.so
7f1215175000-7f1215375000 ---p 0000b000 00:2b 91477640194                /usr/lib64/libnss_files-2.28.so
7f1215375000-7f1215376000 r--p 0000b000 00:2b 91477640194                /usr/lib64/libnss_files-2.28.so
7f1215376000-7f1215377000 rw-p 0000c000 00:2b 91477640194                /usr/lib64/libnss_files-2.28.so
7f1215377000-7f121537d000 rw-p 00000000 00:00 0 
7f121537d000-7f121538b000 r--p 00000000 00:2b 21167345057                /opt/conda/lib/libjava.so
7f121538b000-7f12153a0000 r-xp 0000e000 00:2b 21167345057                /opt/conda/lib/libjava.so
7f12153a0000-7f12153a6000 r--p 00023000 00:2b 21167345057                /opt/conda/lib/libjava.so
7f12153a6000-7f12153a7000 ---p 00029000 00:2b 21167345057                /opt/conda/lib/libjava.so
7f12153a7000-7f12153a8000 r--p 00029000 00:2b 21167345057                /opt/conda/lib/libjava.so
7f12153a8000-7f12153a9000 rw-p 0002a000 00:2b 21167345057                /opt/conda/lib/libjava.so
7f12153a9000-7f12153aa000 rw-p 00000000 00:00 0 
7f12153aa000-7f12153b1000 r-xp 00000000 00:2b 91477644565                /usr/lib64/librt-2.28.so
7f12153b1000-7f12155b0000 ---p 00007000 00:2b 91477644565                /usr/lib64/librt-2.28.so
7f12155b0000-7f12155b1000 r--p 00006000 00:2b 91477644565                /usr/lib64/librt-2.28.so
7f12155b1000-7f12155b2000 rw-p 00007000 00:2b 91477644565                /usr/lib64/librt-2.28.so
7f12155b2000-7f12155b6000 ---p 00000000 00:00 0 
7f12155b6000-7f12156b3000 rw-p 00000000 00:00 0 
7f12156b3000-7f1215834000 r-xp 00000000 00:2b 91227822494                /usr/lib64/libm-2.28.so
7f1215834000-7f1215a33000 ---p 00181000 00:2b 91227822494                /usr/lib64/libm-2.28.so
7f1215a33000-7f1215a34000 r--p 00180000 00:2b 91227822494                /usr/lib64/libm-2.28.so
7f1215a34000-7f1215a35000 rw-p 00181000 00:2b 91227822494                /usr/lib64/libm-2.28.so
7f1215a35000-7f1215c9b000 r--p 00000000 00:2b 36972794887                /opt/conda/lib/server/libjvm.so
7f1215c9b000-7f1216807000 r-xp 00266000 00:2b 36972794887                /opt/conda/lib/server/libjvm.so
7f1216807000-7f1216a06000 r--p 00dd2000 00:2b 36972794887                /opt/conda/lib/server/libjvm.so
7f1216a06000-7f1216a07000 ---p 00fd1000 00:2b 36972794887                /opt/conda/lib/server/libjvm.so
7f1216a07000-7f1216ac1000 r--p 00fd1000 00:2b 36972794887                /opt/conda/lib/server/libjvm.so
7f1216ac1000-7f1216afa000 rw-p 0108b000 00:2b 36972794887                /opt/conda/lib/server/libjvm.so
7f1216afa000-7f1216b51000 rw-p 00000000 00:00 0 
7f1216b51000-7f1216b6c000 r-xp 00000000 00:2b 91477643328                /usr/lib64/libpthread-2.28.so
7f1216b6c000-7f1216d6b000 ---p 0001b000 00:2b 91477643328                /usr/lib64/libpthread-2.28.so
7f1216d6b000-7f1216d6c000 r--p 0001a000 00:2b 91477643328                /usr/lib64/libpthread-2.28.so
7f1216d6c000-7f1216d6d000 rw-p 0001b000 00:2b 91477643328                /usr/lib64/libpthread-2.28.so
7f1216d6d000-7f1216d71000 rw-p 00000000 00:00 0 
7f1216d71000-7f1216d74000 r-xp 00000000 00:2b 90980354347                /usr/lib64/libdl-2.28.so
7f1216d74000-7f1216f73000 ---p 00003000 00:2b 90980354347                /usr/lib64/libdl-2.28.so
7f1216f73000-7f1216f74000 r--p 00002000 00:2b 90980354347                /usr/lib64/libdl-2.28.so
7f1216f74000-7f1216f75000 rw-p 00003000 00:2b 90980354347                /usr/lib64/libdl-2.28.so
7f1216f75000-7f1217131000 r-xp 00000000 00:2b 90771562428                /usr/lib64/libc-2.28.so
7f1217131000-7f1217330000 ---p 001bc000 00:2b 90771562428                /usr/lib64/libc-2.28.so
7f1217330000-7f1217334000 r--p 001bb000 00:2b 90771562428                /usr/lib64/libc-2.28.so
7f1217334000-7f1217336000 rw-p 001bf000 00:2b 90771562428                /usr/lib64/libc-2.28.so
7f1217336000-7f121733a000 rw-p 00000000 00:00 0 
7f121733a000-7f1217366000 r-xp 00000000 00:2b 90580260263                /usr/lib64/ld-2.28.so
7f1217374000-7f1217376000 r--p 00000000 00:2b 23290452378                /opt/conda/lib/libzip.so
7f1217376000-7f121737a000 r-xp 00002000 00:2b 23290452378                /opt/conda/lib/libzip.so
7f121737a000-7f121737c000 r--p 00006000 00:2b 23290452378                /opt/conda/lib/libzip.so
7f121737c000-7f121737d000 r--p 00007000 00:2b 23290452378                /opt/conda/lib/libzip.so
7f121737d000-7f121737e000 rw-p 00008000 00:2b 23290452378                /opt/conda/lib/libzip.so
7f121737e000-7f1217386000 rw-s 00000000 08:02 25952654                   /tmp/hsperfdata_hpc-0289/1885609
7f1217386000-7f1217388000 r--p 00000000 00:2b 21167345823                /opt/conda/lib/libjimage.so
7f1217388000-7f121738b000 r-xp 00002000 00:2b 21167345823                /opt/conda/lib/libjimage.so
7f121738b000-7f121738c000 r--p 00005000 00:2b 21167345823                /opt/conda/lib/libjimage.so
7f121738c000-7f121738d000 ---p 00006000 00:2b 21167345823                /opt/conda/lib/libjimage.so
7f121738d000-7f121738e000 r--p 00006000 00:2b 21167345823                /opt/conda/lib/libjimage.so
7f121738e000-7f121738f000 rw-p 00007000 00:2b 21167345823                /opt/conda/lib/libjimage.so
7f121738f000-7f1217394000 r--p 00000000 00:2b 23023984570                /opt/conda/lib/libverify.so
7f1217394000-7f121739b000 r-xp 00005000 00:2b 23023984570                /opt/conda/lib/libverify.so
7f121739b000-7f121739d000 r--p 0000c000 00:2b 23023984570                /opt/conda/lib/libverify.so
7f121739d000-7f121739e000 ---p 0000e000 00:2b 23023984570                /opt/conda/lib/libverify.so
7f121739e000-7f12173a0000 r--p 0000e000 00:2b 23023984570                /opt/conda/lib/libverify.so
7f12173a0000-7f12173a1000 rw-p 00010000 00:2b 23023984570                /opt/conda/lib/libverify.so
7f12173a1000-7f12173a4000 r--p 00000000 00:2b 20919813147                /opt/conda/lib/libgcc_s.so.1
7f12173a4000-7f12173b0000 r-xp 00003000 00:2b 20919813147                /opt/conda/lib/libgcc_s.so.1
7f12173b0000-7f12173b3000 r--p 0000f000 00:2b 20919813147                /opt/conda/lib/libgcc_s.so.1
7f12173b3000-7f12173b4000 r--p 00011000 00:2b 20919813147                /opt/conda/lib/libgcc_s.so.1
7f12173b4000-7f12173b5000 rw-p 00012000 00:2b 20919813147                /opt/conda/lib/libgcc_s.so.1
7f12173b5000-7f1217458000 r--p 00000000 00:2b 23023979371                /opt/conda/lib/libstdc++.so.6.0.28
7f1217458000-7f12174d7000 r-xp 000a3000 00:2b 23023979371                /opt/conda/lib/libstdc++.so.6.0.28
7f12174d7000-7f1217518000 r--p 00122000 00:2b 23023979371                /opt/conda/lib/libstdc++.so.6.0.28
7f1217518000-7f1217523000 r--p 00162000 00:2b 23023979371                /opt/conda/lib/libstdc++.so.6.0.28
7f1217523000-7f1217527000 rw-p 0016d000 00:2b 23023979371                /opt/conda/lib/libstdc++.so.6.0.28
7f1217527000-7f121752c000 rw-p 00000000 00:00 0 
7f121752c000-7f121752f000 r--p 00000000 00:2b 23290452322                /opt/conda/lib/libz.so.1.2.11.1-motley
7f121752f000-7f1217542000 r-xp 00003000 00:2b 23290452322                /opt/conda/lib/libz.so.1.2.11.1-motley
7f1217542000-7f1217549000 r--p 00016000 00:2b 23290452322                /opt/conda/lib/libz.so.1.2.11.1-motley
7f1217549000-7f121754a000 r--p 0001c000 00:2b 23290452322                /opt/conda/lib/libz.so.1.2.11.1-motley
7f121754a000-7f121754b000 rw-p 0001d000 00:2b 23290452322                /opt/conda/lib/libz.so.1.2.11.1-motley
7f121754f000-7f1217550000 ---p 00000000 00:00 0 
7f1217550000-7f1217551000 r--p 00000000 00:00 0 
7f1217551000-7f1217554000 r--p 00000000 00:2b 21167345879                /opt/conda/lib/libjli.so
7f1217554000-7f121755e000 r-xp 00003000 00:2b 21167345879                /opt/conda/lib/libjli.so
7f121755e000-7f1217561000 r--p 0000d000 00:2b 21167345879                /opt/conda/lib/libjli.so
7f1217561000-7f1217562000 ---p 00010000 00:2b 21167345879                /opt/conda/lib/libjli.so
7f1217562000-7f1217563000 r--p 00010000 00:2b 21167345879                /opt/conda/lib/libjli.so
7f1217563000-7f1217564000 rw-p 00011000 00:2b 21167345879                /opt/conda/lib/libjli.so
7f1217564000-7f1217566000 rw-p 00000000 00:00 0 
7f1217566000-7f1217567000 r--p 0002c000 00:2b 90580260263                /usr/lib64/ld-2.28.so
7f1217567000-7f1217569000 rw-p 0002d000 00:2b 90580260263                /usr/lib64/ld-2.28.so
7ffe878da000-7ffe878fe000 rw-p 00000000 00:00 0                          [stack]
7ffe87991000-7ffe87995000 r--p 00000000 00:00 0                          [vvar]
7ffe87995000-7ffe87997000 r-xp 00000000 00:00 0                          [vdso]
ffffffffff600000-ffffffffff601000 r-xp 00000000 00:00 0                  [vsyscall]


VM Arguments:
jvm_args: -ea -Xmx470g -Xms470g 
java_command: clump.Clumpify in=fq_fp1_stragglers/Cch-CBL_009-9A-lcwgs-1-2.r1.fq.gz in2=fq_fp1_stragglers/Cch-CBL_009-9A-lcwgs-1-2.r2.fq.gz out=fq_fp1_clmp_stragglers/Cch-CBL_009-9A-lcwgs-1-2.clmp.r1.fq.gz out2=fq_fp1_clmp_stragglers/Cch-CBL_009-9A-lcwgs-1-2.clmp.r2.fq.gz groups=14514 overwrite=t usetmpdir=t tmpdir=/scratch-lustre/hpc-0289 dedupe=t addcount=t subs=2 containment=t consensus=f -Xmx470g
java_class_path (initial): /opt/conda/opt/bbmap-38.90-3/current/
Launcher Type: SUN_STANDARD

[Global flags]
     intx CICompilerCount                          = 15                                        {product} {ergonomic}
     uint ConcGCThreads                            = 6                                         {product} {ergonomic}
     uint G1ConcRefinementThreads                  = 23                                        {product} {ergonomic}
   size_t G1HeapRegionSize                         = 33554432                                  {product} {ergonomic}
    uintx GCDrainStackTargetSize                   = 64                                        {product} {ergonomic}
   size_t InitialHeapSize                          = 504658657280                              {product} {command line}
   size_t MarkStackSize                            = 4194304                                   {product} {ergonomic}
   size_t MaxHeapSize                              = 504658657280                              {product} {command line}
   size_t MinHeapDeltaBytes                        = 33554432                                  {product} {ergonomic}
    uintx NonNMethodCodeHeapSize                   = 8182140                                {pd product} {ergonomic}
    uintx NonProfiledCodeHeapSize                  = 121738050                              {pd product} {ergonomic}
    uintx ProfiledCodeHeapSize                     = 121738050                              {pd product} {ergonomic}
    uintx ReservedCodeCacheSize                    = 251658240                              {pd product} {ergonomic}
     bool SegmentedCodeCache                       = true                                      {product} {ergonomic}
     bool UseG1GC                                  = true                                      {product} {ergonomic}

Logging:
Log output configuration:
 #0: stdout all=warning uptime,level,tags
 #1: stderr all=off uptime,level,tags

Environment Variables:
JAVA_HOME=/opt/conda
CLASSPATH=/opt/conda/lib/mpi.jar
PATH=/opt/conda/bin/libfabric:/opt/conda/bin:/opt/psmc/bin:/opt/abyss/bin:/opt/conda/bin/libfabric:/opt/micromamba/condabin:/cm/shared/applications/slurm/23.02.2/bin:/usr/local/sbin:/usr/local/bin:/usr/sbin:/usr/bin:/sbin:/bin
LD_LIBRARY_PATH=/opt/conda/lib/libfabric:/opt/conda/lib/libfabric/prov/:/usr/local/lib:/cm/shared/applications/slurm/23.02.2/lib:/cm/shared/applications/slurm/23.02.2/lib/slurm:/.singularity.d/libs
SHELL=/bin/tcsh
HOSTTYPE=x86_64-linux
OSTYPE=linux
MACHTYPE=x86_64
LANG=en_US.UTF-8
LC_ALL=en_US.UTF-8
TZ=/etc/localtime

Signal Handlers:
SIGSEGV: [libjvm.so+0xd66470], sa_mask[0]=11111111011111111101111111111110, sa_flags=SA_RESTART|SA_SIGINFO
SIGBUS: [libjvm.so+0xd66470], sa_mask[0]=11111111011111111101111111111110, sa_flags=SA_RESTART|SA_SIGINFO
SIGFPE: [libjvm.so+0xd66470], sa_mask[0]=11111111011111111101111111111110, sa_flags=SA_RESTART|SA_SIGINFO
SIGPIPE: [libjvm.so+0xb6f5b0], sa_mask[0]=11111111011111111101111111111110, sa_flags=SA_RESTART|SA_SIGINFO
SIGXFSZ: [libjvm.so+0xb6f5b0], sa_mask[0]=11111111011111111101111111111110, sa_flags=SA_RESTART|SA_SIGINFO
SIGILL: [libjvm.so+0xd66470], sa_mask[0]=11111111011111111101111111111110, sa_flags=SA_RESTART|SA_SIGINFO
SIGUSR2: [libjvm.so+0xb6f420], sa_mask[0]=00000000000000000000000000000000, sa_flags=SA_RESTART|SA_SIGINFO
SIGHUP: SIG_DFL, sa_mask[0]=00000000000000000000000000000000, sa_flags=none
SIGINT: SIG_DFL, sa_mask[0]=00000000000000000000000000000000, sa_flags=none
SIGTERM: SIG_DFL, sa_mask[0]=00000000000000000000000000000000, sa_flags=none
SIGQUIT: SIG_DFL, sa_mask[0]=00000000000000000000000000000000, sa_flags=none


---------------  S Y S T E M  ---------------

OS:CentOS Stream release 8
uname:Linux 4.18.0-425.19.2.el8_7.x86_64 #1 SMP Tue Apr 4 22:38:11 UTC 2023 x86_64
OS uptime: 87 days 21:52 hours
libc:glibc 2.28 NPTL 2.28 
rlimit (soft/hard): STACK 8192k/infinity , CORE 0k/infinity , NPROC 515109/1546609 , NOFILE 40960/40960 , AS infinity/infinity , CPU infinity/infinity , DATA infinity/infinity , FSIZE infinity/infinity , MEMLOCK infinity/infinity
load average:0.26 0.18 0.07

/proc/meminfo:
MemTotal:       396017344 kB
MemFree:        198158204 kB
MemAvailable:   390163764 kB
Buffers:          142276 kB
Cached:         195403204 kB
SwapCached:            0 kB
Active:         48984800 kB
Inactive:       146684296 kB
Active(anon):      82836 kB
Inactive(anon):  2002864 kB
Active(file):   48901964 kB
Inactive(file): 144681432 kB
Unevictable:        3072 kB
Mlocked:               0 kB
SwapTotal:             0 kB
SwapFree:              0 kB
Dirty:                48 kB
Writeback:             0 kB
AnonPages:        123264 kB
Mapped:           192256 kB
Shmem:           1962084 kB
KReclaimable:     807456 kB
Slab:            1142160 kB
SReclaimable:     807456 kB
SUnreclaim:       334704 kB
KernelStack:       10272 kB
PageTables:         4028 kB
NFS_Unstable:          0 kB
Bounce:                0 kB
WritebackTmp:          0 kB
CommitLimit:    198008672 kB
Committed_AS:    2056352 kB
VmallocTotal:   34359738367 kB
VmallocUsed:           0 kB
VmallocChunk:          0 kB
Percpu:            24704 kB
HardwareCorrupted:     0 kB
AnonHugePages:     26624 kB
ShmemHugePages:        0 kB
ShmemPmdMapped:        0 kB
FileHugePages:         0 kB
FilePmdMapped:         0 kB
HugePages_Total:       0
HugePages_Free:        0
HugePages_Rsvd:        0
HugePages_Surp:        0
Hugepagesize:       2048 kB
Hugetlb:               0 kB
DirectMap4k:     5419740 kB
DirectMap2M:    384423936 kB
DirectMap1G:    14680064 kB

/sys/kernel/mm/transparent_hugepage/enabled:
[always] madvise never
/sys/kernel/mm/transparent_hugepage/defrag (defrag/compaction efforts parameter):
always defer defer+madvise [madvise] never

/proc/sys/kernel/threads-max (system-wide limit on the number of threads):
3093219
/proc/sys/vm/max_map_count (maximum number of memory map areas a process may have):
65530
/proc/sys/kernel/pid_max (system-wide limit on number of process identifiers):
4194304

Steal ticks since vm start: 0
Steal ticks percentage since vm start:  0.000

CPU:total 32 (initial active 32) (16 cores per cpu, 2 threads per core) family 6 model 79 stepping 1, cmov, cx8, fxsr, mmx, sse, sse2, sse3, ssse3, sse4.1, sse4.2, popcnt, avx, avx2, aes, clmul, erms, rtm, 3dnowpref, lzcnt, ht, tsc, tscinvbit, bmi1, bmi2, adx, fma
CPU Model and flags from /proc/cpuinfo:
model name	: Intel(R) Xeon(R) CPU E5-2683 v4 @ 2.10GHz
flags		: fpu vme de pse tsc msr pae mce cx8 apic sep mtrr pge mca cmov pat pse36 clflush dts acpi mmx fxsr sse sse2 ss ht tm pbe syscall nx pdpe1gb rdtscp lm constant_tsc arch_perfmon pebs bts rep_good nopl xtopology nonstop_tsc cpuid aperfmperf pni pclmulqdq dtes64 monitor ds_cpl smx est tm2 ssse3 sdbg fma cx16 xtpr pdcm pcid dca sse4_1 sse4_2 x2apic movbe popcnt aes xsave avx f16c rdrand lahf_lm abm 3dnowprefetch cpuid_fault epb cat_l3 cdp_l3 invpcid_single pti fsgsbase tsc_adjust bmi1 hle avx2 smep bmi2 erms invpcid rtm cqm rdt_a rdseed adx smap intel_pt xsaveopt cqm_llc cqm_occup_llc cqm_mbm_total cqm_mbm_local dtherm ida arat pln pts
Online cpus:
0-31
Offline cpus:

BIOS frequency limitation:
<Not Available>
Frequency switch latency (ns):
20000
Available cpu frequencies:
<Not Available>
Current governor:
conservative
Core performance/turbo boost:
<Not Available>

Memory: 4k page, physical 396017344k(198158204k free), swap 0k(0k free)

vm_info: OpenJDK 64-Bit Server VM (11.0.9.1-internal+0-adhoc..src) for linux-amd64 JRE (11.0.9.1-internal+0-adhoc..src), built on Mar 19 2021 22:30:45 by "" with gcc 9.3.0

END.
