#
# There is insufficient memory for the Java Runtime Environment to continue.
# Native memory allocation (mmap) failed to map 493921239040 bytes for committing reserved memory.
# Possible reasons:
#   The system is out of physical RAM or swap space
# Possible solutions:
#   Reduce memory load on the system
#   Increase physical memory or swap space
#   Check if swap backing store is full
#   Decrease Java heap size (-Xmx/-Xms)
#   Decrease number of Java threads
#   Decrease Java thread stack sizes (-Xss)
#   Set larger code cache with -XX:ReservedCodeCacheSize=
# This output file may be truncated or incomplete.
#
#  Out of Memory Error (os_linux.cpp:2913), pid=1882192, tid=1882193
#
# JRE version:  (11.0.9.1) (build )
# Java VM: OpenJDK 64-Bit Server VM (11.0.9.1-internal+0-adhoc..src, mixed mode, tiered, g1 gc, linux-amd64)
# Core dump will be written. Default location: Core dumps may be processed with "/usr/lib/systemd/systemd-coredump %P %u %g %s %t %c %h" (or dumping to /home/e1garcia/shotgun_PIRE/pire_lcwgs_data_processing/gotanco-chanos_chanos/2nd_sequencing_run/core.1882192)
#

---------------  S U M M A R Y ------------

Command Line: -ea -Xmx460g -Xms460g clump.Clumpify in=fq_fp1_stragglers_KL/Cch-CBL_002-4C-lcwgs-1-2.r1.fq.gz in2=fq_fp1_stragglers_KL/Cch-CBL_002-4C-lcwgs-1-2.r2.fq.gz out=fq_fp1_clmp_stragglers/Cch-CBL_002-4C-lcwgs-1-2.clmp.r1.fq.gz out2=fq_fp1_clmp_stragglers/Cch-CBL_002-4C-lcwgs-1-2.clmp.r2.fq.gz groups=14514 overwrite=t usetmpdir=t tmpdir=/scratch-lustre/hpc-0289 dedupe=t addcount=t subs=2 containment=t consensus=f -Xmx460g

Host: Intel(R) Xeon(R) CPU E5-2683 v4 @ 2.10GHz, 32 cores, 377G, CentOS Stream release 8
Time: Wed Aug 16 16:00:03 2023 EDT elapsed time: 0.078473 seconds (0d 0h 0m 0s)

---------------  T H R E A D  ---------------

Current thread (0x00007f7c4c015000):  JavaThread "Unknown thread" [_thread_in_vm, id=1882193, stack(0x00007f7c538fa000,0x00007f7c539fb000)]

Stack: [0x00007f7c538fa000,0x00007f7c539fb000],  sp=0x00007f7c539f91f0,  free space=1020k
Native frames: (J=compiled Java code, A=aot compiled Java code, j=interpreted, Vv=VM code, C=native code)
V  [libjvm.so+0xd657ea]  VMError::report_and_die(int, char const*, char const*, __va_list_tag*, Thread*, unsigned char*, void*, void*, char const*, int, unsigned long)+0x38a
V  [libjvm.so+0xd6645d]  VMError::report_and_die(Thread*, char const*, int, unsigned long, VMErrorType, char const*, __va_list_tag*)+0x2d
V  [libjvm.so+0x651c39]  report_vm_out_of_memory(char const*, int, unsigned long, VMErrorType, char const*, ...)+0xd9
V  [libjvm.so+0xb73e74]  os::pd_commit_memory_or_exit(char*, unsigned long, unsigned long, bool, char const*)+0xe4
V  [libjvm.so+0xb6a90d]  os::commit_memory_or_exit(char*, unsigned long, unsigned long, bool, char const*)+0x2d
V  [libjvm.so+0x754c8c]  G1PageBasedVirtualSpace::commit_preferred_pages(unsigned long, unsigned long)+0x6c
V  [libjvm.so+0x7550a8]  G1PageBasedVirtualSpace::commit(unsigned long, unsigned long)+0x1c8
V  [libjvm.so+0x75edd2]  G1RegionsLargerThanCommitSizeMapper::commit_regions(unsigned int, unsigned long, WorkGang*)+0x42
V  [libjvm.so+0x7cee04]  HeapRegionManager::commit_regions(unsigned int, unsigned long, WorkGang*)+0x54
V  [libjvm.so+0x7cfa14]  HeapRegionManager::make_regions_available(unsigned int, unsigned int, WorkGang*)+0x34
V  [libjvm.so+0x7d0066]  HeapRegionManager::expand_by(unsigned int, WorkGang*)+0x66
V  [libjvm.so+0x7162f7]  G1CollectedHeap::expand(unsigned long, WorkGang*, double*)+0xe7
V  [libjvm.so+0x716a36]  G1CollectedHeap::initialize()+0x6b6
V  [libjvm.so+0xd24e62]  Universe::initialize_heap()+0x42
V  [libjvm.so+0xd25145]  universe_init()+0x55
V  [libjvm.so+0x7ec961]  init_globals()+0x71
V  [libjvm.so+0xd00590]  Threads::create_vm(JavaVMInitArgs*, bool*)+0x4b0
V  [libjvm.so+0x897ea1]  JNI_CreateJavaVM+0x61
C  [libjli.so+0x4689]  JavaMain+0xa9


---------------  P R O C E S S  ---------------

Threads class SMR info:
_java_thread_list=0x00005651387dd840, length=0, elements={
}

Java Threads: ( => current thread )

Other Threads:
  0x00007f7c4c02f000 GCTaskThread "GC Thread#0" [stack: 0x00007f7c531d0000,0x00007f7c532d0000] [id=1882194]
  0x00007f7c4c105800 ConcurrentGCThread "G1 Main Marker" [stack: 0x00007f7c501c9000,0x00007f7c502c9000] [id=1882195]
  0x00007f7c4c107800 ConcurrentGCThread "G1 Conc#0" [stack: 0x00007f7c500c7000,0x00007f7c501c7000] [id=1882196]

[error occurred during error reporting (printing all threads), id 0xb, SIGSEGV (0xb) at pc=0x00007f7c544a9870]

VM state:not at safepoint (not fully initialized)

VM Mutex/Monitor currently owned by a thread:  ([mutex/lock_event])
[0x00007f7c4c013620] Heap_lock - owner thread: 0x00007f7c4c015000

GC Heap History (0 events):
No events

Deoptimization events (0 events):
No events

Classes redefined (0 events):
No events

Internal exceptions (0 events):
No events

Events (2 events):
Event: 0.053 Protecting memory [0x00007f7c538fa000,0x00007f7c538fe000] with protection modes 0
Event: 0.053 Loaded shared library /opt/conda/lib/libzip.so


Dynamic libraries:
56513732d000-56513732e000 r--p 00000000 00:2b 1398870687                 /opt/conda/bin/java
56513732e000-56513732f000 r-xp 00001000 00:2b 1398870687                 /opt/conda/bin/java
56513732f000-565137330000 r--p 00002000 00:2b 1398870687                 /opt/conda/bin/java
565137330000-565137331000 r--p 00002000 00:2b 1398870687                 /opt/conda/bin/java
565137331000-565137332000 rw-p 00003000 00:2b 1398870687                 /opt/conda/bin/java
5651387c5000-5651387e6000 rw-p 00000000 00:00 0                          [heap]
7f04dc000000-7f04dc021000 rw-p 00000000 00:00 0 
7f04dc021000-7f04e0000000 ---p 00000000 00:00 0 
7f04e4000000-7f04e4021000 rw-p 00000000 00:00 0 
7f04e4021000-7f04e8000000 ---p 00000000 00:00 0 
7f04e88f1000-7f04eb800000 rw-p 00000000 00:00 0 
7f04eb800000-7f0930000000 ---p 00000000 00:00 0 
7f7c2fcfd000-7f7c30000000 rw-p 00000000 00:00 0 
7f7c30000000-7f7c30021000 rw-p 00000000 00:00 0 
7f7c30021000-7f7c34000000 ---p 00000000 00:00 0 
7f7c34091000-7f7c34899000 rw-p 00000000 00:00 0 
7f7c34899000-7f7c34b09000 rwxp 00000000 00:00 0 
7f7c34b09000-7f7c35067000 ---p 00000000 00:00 0 
7f7c35067000-7f7c352d7000 rwxp 00000000 00:00 0 
7f7c352d7000-7f7c3c480000 ---p 00000000 00:00 0 
7f7c3c480000-7f7c3c6f0000 rwxp 00000000 00:00 0 
7f7c3c6f0000-7f7c43899000 ---p 00000000 00:00 0 
7f7c43899000-7f7c4c000000 r--s 00000000 00:2b 23290452654                /opt/conda/lib/modules
7f7c4c000000-7f7c4c176000 rw-p 00000000 00:00 0 
7f7c4c176000-7f7c50000000 ---p 00000000 00:00 0 
7f7c500c5000-7f7c500c6000 ---p 00000000 00:00 0 
7f7c500c6000-7f7c501c7000 rw-p 00000000 00:00 0 
7f7c501c7000-7f7c501c8000 ---p 00000000 00:00 0 
7f7c501c8000-7f7c531ce000 rw-p 00000000 00:00 0 
7f7c531ce000-7f7c531cf000 ---p 00000000 00:00 0 
7f7c531cf000-7f7c532d5000 rw-p 00000000 00:00 0 
7f7c532d5000-7f7c533b9000 ---p 00000000 00:00 0 
7f7c533b9000-7f7c533be000 rw-p 00000000 00:00 0 
7f7c533be000-7f7c534a2000 ---p 00000000 00:00 0 
7f7c534a2000-7f7c534a7000 rw-p 00000000 00:00 0 
7f7c534a7000-7f7c534b2000 ---p 00000000 00:00 0 
7f7c534b2000-7f7c534bd000 r-xp 00000000 00:2b 91477640194                /usr/lib64/libnss_files-2.28.so
7f7c534bd000-7f7c536bd000 ---p 0000b000 00:2b 91477640194                /usr/lib64/libnss_files-2.28.so
7f7c536bd000-7f7c536be000 r--p 0000b000 00:2b 91477640194                /usr/lib64/libnss_files-2.28.so
7f7c536be000-7f7c536bf000 rw-p 0000c000 00:2b 91477640194                /usr/lib64/libnss_files-2.28.so
7f7c536bf000-7f7c536c5000 rw-p 00000000 00:00 0 
7f7c536c5000-7f7c536d3000 r--p 00000000 00:2b 21167345057                /opt/conda/lib/libjava.so
7f7c536d3000-7f7c536e8000 r-xp 0000e000 00:2b 21167345057                /opt/conda/lib/libjava.so
7f7c536e8000-7f7c536ee000 r--p 00023000 00:2b 21167345057                /opt/conda/lib/libjava.so
7f7c536ee000-7f7c536ef000 ---p 00029000 00:2b 21167345057                /opt/conda/lib/libjava.so
7f7c536ef000-7f7c536f0000 r--p 00029000 00:2b 21167345057                /opt/conda/lib/libjava.so
7f7c536f0000-7f7c536f1000 rw-p 0002a000 00:2b 21167345057                /opt/conda/lib/libjava.so
7f7c536f1000-7f7c536f2000 rw-p 00000000 00:00 0 
7f7c536f2000-7f7c536f9000 r-xp 00000000 00:2b 91477644565                /usr/lib64/librt-2.28.so
7f7c536f9000-7f7c538f8000 ---p 00007000 00:2b 91477644565                /usr/lib64/librt-2.28.so
7f7c538f8000-7f7c538f9000 r--p 00006000 00:2b 91477644565                /usr/lib64/librt-2.28.so
7f7c538f9000-7f7c538fa000 rw-p 00007000 00:2b 91477644565                /usr/lib64/librt-2.28.so
7f7c538fa000-7f7c538fe000 ---p 00000000 00:00 0 
7f7c538fe000-7f7c539fb000 rw-p 00000000 00:00 0 
7f7c539fb000-7f7c53b7c000 r-xp 00000000 00:2b 91227822494                /usr/lib64/libm-2.28.so
7f7c53b7c000-7f7c53d7b000 ---p 00181000 00:2b 91227822494                /usr/lib64/libm-2.28.so
7f7c53d7b000-7f7c53d7c000 r--p 00180000 00:2b 91227822494                /usr/lib64/libm-2.28.so
7f7c53d7c000-7f7c53d7d000 rw-p 00181000 00:2b 91227822494                /usr/lib64/libm-2.28.so
7f7c53d7d000-7f7c53fe3000 r--p 00000000 00:2b 36972794887                /opt/conda/lib/server/libjvm.so
7f7c53fe3000-7f7c54b4f000 r-xp 00266000 00:2b 36972794887                /opt/conda/lib/server/libjvm.so
7f7c54b4f000-7f7c54d4e000 r--p 00dd2000 00:2b 36972794887                /opt/conda/lib/server/libjvm.so
7f7c54d4e000-7f7c54d4f000 ---p 00fd1000 00:2b 36972794887                /opt/conda/lib/server/libjvm.so
7f7c54d4f000-7f7c54e09000 r--p 00fd1000 00:2b 36972794887                /opt/conda/lib/server/libjvm.so
7f7c54e09000-7f7c54e42000 rw-p 0108b000 00:2b 36972794887                /opt/conda/lib/server/libjvm.so
7f7c54e42000-7f7c54e99000 rw-p 00000000 00:00 0 
7f7c54e99000-7f7c54eb4000 r-xp 00000000 00:2b 91477643328                /usr/lib64/libpthread-2.28.so
7f7c54eb4000-7f7c550b3000 ---p 0001b000 00:2b 91477643328                /usr/lib64/libpthread-2.28.so
7f7c550b3000-7f7c550b4000 r--p 0001a000 00:2b 91477643328                /usr/lib64/libpthread-2.28.so
7f7c550b4000-7f7c550b5000 rw-p 0001b000 00:2b 91477643328                /usr/lib64/libpthread-2.28.so
7f7c550b5000-7f7c550b9000 rw-p 00000000 00:00 0 
7f7c550b9000-7f7c550bc000 r-xp 00000000 00:2b 90980354347                /usr/lib64/libdl-2.28.so
7f7c550bc000-7f7c552bb000 ---p 00003000 00:2b 90980354347                /usr/lib64/libdl-2.28.so
7f7c552bb000-7f7c552bc000 r--p 00002000 00:2b 90980354347                /usr/lib64/libdl-2.28.so
7f7c552bc000-7f7c552bd000 rw-p 00003000 00:2b 90980354347                /usr/lib64/libdl-2.28.so
7f7c552bd000-7f7c55479000 r-xp 00000000 00:2b 90771562428                /usr/lib64/libc-2.28.so
7f7c55479000-7f7c55678000 ---p 001bc000 00:2b 90771562428                /usr/lib64/libc-2.28.so
7f7c55678000-7f7c5567c000 r--p 001bb000 00:2b 90771562428                /usr/lib64/libc-2.28.so
7f7c5567c000-7f7c5567e000 rw-p 001bf000 00:2b 90771562428                /usr/lib64/libc-2.28.so
7f7c5567e000-7f7c55682000 rw-p 00000000 00:00 0 
7f7c55682000-7f7c556ae000 r-xp 00000000 00:2b 90580260263                /usr/lib64/ld-2.28.so
7f7c556bc000-7f7c556be000 r--p 00000000 00:2b 23290452378                /opt/conda/lib/libzip.so
7f7c556be000-7f7c556c2000 r-xp 00002000 00:2b 23290452378                /opt/conda/lib/libzip.so
7f7c556c2000-7f7c556c4000 r--p 00006000 00:2b 23290452378                /opt/conda/lib/libzip.so
7f7c556c4000-7f7c556c5000 r--p 00007000 00:2b 23290452378                /opt/conda/lib/libzip.so
7f7c556c5000-7f7c556c6000 rw-p 00008000 00:2b 23290452378                /opt/conda/lib/libzip.so
7f7c556c6000-7f7c556ce000 rw-s 00000000 08:02 25952533                   /tmp/hsperfdata_hpc-0289/1882192
7f7c556ce000-7f7c556d0000 r--p 00000000 00:2b 21167345823                /opt/conda/lib/libjimage.so
7f7c556d0000-7f7c556d3000 r-xp 00002000 00:2b 21167345823                /opt/conda/lib/libjimage.so
7f7c556d3000-7f7c556d4000 r--p 00005000 00:2b 21167345823                /opt/conda/lib/libjimage.so
7f7c556d4000-7f7c556d5000 ---p 00006000 00:2b 21167345823                /opt/conda/lib/libjimage.so
7f7c556d5000-7f7c556d6000 r--p 00006000 00:2b 21167345823                /opt/conda/lib/libjimage.so
7f7c556d6000-7f7c556d7000 rw-p 00007000 00:2b 21167345823                /opt/conda/lib/libjimage.so
7f7c556d7000-7f7c556dc000 r--p 00000000 00:2b 23023984570                /opt/conda/lib/libverify.so
7f7c556dc000-7f7c556e3000 r-xp 00005000 00:2b 23023984570                /opt/conda/lib/libverify.so
7f7c556e3000-7f7c556e5000 r--p 0000c000 00:2b 23023984570                /opt/conda/lib/libverify.so
7f7c556e5000-7f7c556e6000 ---p 0000e000 00:2b 23023984570                /opt/conda/lib/libverify.so
7f7c556e6000-7f7c556e8000 r--p 0000e000 00:2b 23023984570                /opt/conda/lib/libverify.so
7f7c556e8000-7f7c556e9000 rw-p 00010000 00:2b 23023984570                /opt/conda/lib/libverify.so
7f7c556e9000-7f7c556ec000 r--p 00000000 00:2b 20919813147                /opt/conda/lib/libgcc_s.so.1
7f7c556ec000-7f7c556f8000 r-xp 00003000 00:2b 20919813147                /opt/conda/lib/libgcc_s.so.1
7f7c556f8000-7f7c556fb000 r--p 0000f000 00:2b 20919813147                /opt/conda/lib/libgcc_s.so.1
7f7c556fb000-7f7c556fc000 r--p 00011000 00:2b 20919813147                /opt/conda/lib/libgcc_s.so.1
7f7c556fc000-7f7c556fd000 rw-p 00012000 00:2b 20919813147                /opt/conda/lib/libgcc_s.so.1
7f7c556fd000-7f7c557a0000 r--p 00000000 00:2b 23023979371                /opt/conda/lib/libstdc++.so.6.0.28
7f7c557a0000-7f7c5581f000 r-xp 000a3000 00:2b 23023979371                /opt/conda/lib/libstdc++.so.6.0.28
7f7c5581f000-7f7c55860000 r--p 00122000 00:2b 23023979371                /opt/conda/lib/libstdc++.so.6.0.28
7f7c55860000-7f7c5586b000 r--p 00162000 00:2b 23023979371                /opt/conda/lib/libstdc++.so.6.0.28
7f7c5586b000-7f7c5586f000 rw-p 0016d000 00:2b 23023979371                /opt/conda/lib/libstdc++.so.6.0.28
7f7c5586f000-7f7c55874000 rw-p 00000000 00:00 0 
7f7c55874000-7f7c55877000 r--p 00000000 00:2b 23290452322                /opt/conda/lib/libz.so.1.2.11.1-motley
7f7c55877000-7f7c5588a000 r-xp 00003000 00:2b 23290452322                /opt/conda/lib/libz.so.1.2.11.1-motley
7f7c5588a000-7f7c55891000 r--p 00016000 00:2b 23290452322                /opt/conda/lib/libz.so.1.2.11.1-motley
7f7c55891000-7f7c55892000 r--p 0001c000 00:2b 23290452322                /opt/conda/lib/libz.so.1.2.11.1-motley
7f7c55892000-7f7c55893000 rw-p 0001d000 00:2b 23290452322                /opt/conda/lib/libz.so.1.2.11.1-motley
7f7c55897000-7f7c55898000 ---p 00000000 00:00 0 
7f7c55898000-7f7c55899000 r--p 00000000 00:00 0 
7f7c55899000-7f7c5589c000 r--p 00000000 00:2b 21167345879                /opt/conda/lib/libjli.so
7f7c5589c000-7f7c558a6000 r-xp 00003000 00:2b 21167345879                /opt/conda/lib/libjli.so
7f7c558a6000-7f7c558a9000 r--p 0000d000 00:2b 21167345879                /opt/conda/lib/libjli.so
7f7c558a9000-7f7c558aa000 ---p 00010000 00:2b 21167345879                /opt/conda/lib/libjli.so
7f7c558aa000-7f7c558ab000 r--p 00010000 00:2b 21167345879                /opt/conda/lib/libjli.so
7f7c558ab000-7f7c558ac000 rw-p 00011000 00:2b 21167345879                /opt/conda/lib/libjli.so
7f7c558ac000-7f7c558ae000 rw-p 00000000 00:00 0 
7f7c558ae000-7f7c558af000 r--p 0002c000 00:2b 90580260263                /usr/lib64/ld-2.28.so
7f7c558af000-7f7c558b1000 rw-p 0002d000 00:2b 90580260263                /usr/lib64/ld-2.28.so
7ffcbdd54000-7ffcbdd78000 rw-p 00000000 00:00 0                          [stack]
7ffcbdd86000-7ffcbdd8a000 r--p 00000000 00:00 0                          [vvar]
7ffcbdd8a000-7ffcbdd8c000 r-xp 00000000 00:00 0                          [vdso]
ffffffffff600000-ffffffffff601000 r-xp 00000000 00:00 0                  [vsyscall]


VM Arguments:
jvm_args: -ea -Xmx460g -Xms460g 
java_command: clump.Clumpify in=fq_fp1_stragglers_KL/Cch-CBL_002-4C-lcwgs-1-2.r1.fq.gz in2=fq_fp1_stragglers_KL/Cch-CBL_002-4C-lcwgs-1-2.r2.fq.gz out=fq_fp1_clmp_stragglers/Cch-CBL_002-4C-lcwgs-1-2.clmp.r1.fq.gz out2=fq_fp1_clmp_stragglers/Cch-CBL_002-4C-lcwgs-1-2.clmp.r2.fq.gz groups=14514 overwrite=t usetmpdir=t tmpdir=/scratch-lustre/hpc-0289 dedupe=t addcount=t subs=2 containment=t consensus=f -Xmx460g
java_class_path (initial): /opt/conda/opt/bbmap-38.90-3/current/
Launcher Type: SUN_STANDARD

[Global flags]
     intx CICompilerCount                          = 15                                        {product} {ergonomic}
     uint ConcGCThreads                            = 6                                         {product} {ergonomic}
     uint G1ConcRefinementThreads                  = 23                                        {product} {ergonomic}
   size_t G1HeapRegionSize                         = 33554432                                  {product} {ergonomic}
    uintx GCDrainStackTargetSize                   = 64                                        {product} {ergonomic}
   size_t InitialHeapSize                          = 493921239040                              {product} {command line}
   size_t MarkStackSize                            = 4194304                                   {product} {ergonomic}
   size_t MaxHeapSize                              = 493921239040                              {product} {command line}
   size_t MinHeapDeltaBytes                        = 33554432                                  {product} {ergonomic}
    uintx NonNMethodCodeHeapSize                   = 8182140                                {pd product} {ergonomic}
    uintx NonProfiledCodeHeapSize                  = 121738050                              {pd product} {ergonomic}
    uintx ProfiledCodeHeapSize                     = 121738050                              {pd product} {ergonomic}
    uintx ReservedCodeCacheSize                    = 251658240                              {pd product} {ergonomic}
     bool SegmentedCodeCache                       = true                                      {product} {ergonomic}
     bool UseG1GC                                  = true                                      {product} {ergonomic}

Logging:
Log output configuration:
 #0: stdout all=warning uptime,level,tags
 #1: stderr all=off uptime,level,tags

Environment Variables:
JAVA_HOME=/opt/conda
CLASSPATH=/opt/conda/lib/mpi.jar
PATH=/opt/conda/bin/libfabric:/opt/conda/bin:/opt/psmc/bin:/opt/abyss/bin:/opt/conda/bin/libfabric:/opt/micromamba/condabin:/cm/shared/applications/slurm/23.02.2/bin:/usr/local/sbin:/usr/local/bin:/usr/sbin:/usr/bin:/sbin:/bin
LD_LIBRARY_PATH=/opt/conda/lib/libfabric:/opt/conda/lib/libfabric/prov/:/usr/local/lib:/cm/shared/applications/slurm/23.02.2/lib:/cm/shared/applications/slurm/23.02.2/lib/slurm:/.singularity.d/libs
SHELL=/bin/tcsh
HOSTTYPE=x86_64-linux
OSTYPE=linux
MACHTYPE=x86_64
LANG=en_US.UTF-8
LC_ALL=en_US.UTF-8
TZ=/etc/localtime

Signal Handlers:
SIGSEGV: [libjvm.so+0xd66470], sa_mask[0]=11111111011111111101111111111110, sa_flags=SA_RESTART|SA_SIGINFO
SIGBUS: [libjvm.so+0xd66470], sa_mask[0]=11111111011111111101111111111110, sa_flags=SA_RESTART|SA_SIGINFO
SIGFPE: [libjvm.so+0xd66470], sa_mask[0]=11111111011111111101111111111110, sa_flags=SA_RESTART|SA_SIGINFO
SIGPIPE: [libjvm.so+0xb6f5b0], sa_mask[0]=11111111011111111101111111111110, sa_flags=SA_RESTART|SA_SIGINFO
SIGXFSZ: [libjvm.so+0xb6f5b0], sa_mask[0]=11111111011111111101111111111110, sa_flags=SA_RESTART|SA_SIGINFO
SIGILL: [libjvm.so+0xd66470], sa_mask[0]=11111111011111111101111111111110, sa_flags=SA_RESTART|SA_SIGINFO
SIGUSR2: [libjvm.so+0xb6f420], sa_mask[0]=00000000000000000000000000000000, sa_flags=SA_RESTART|SA_SIGINFO
SIGHUP: SIG_DFL, sa_mask[0]=00000000000000000000000000000000, sa_flags=none
SIGINT: SIG_DFL, sa_mask[0]=00000000000000000000000000000000, sa_flags=none
SIGTERM: SIG_DFL, sa_mask[0]=00000000000000000000000000000000, sa_flags=none
SIGQUIT: SIG_DFL, sa_mask[0]=00000000000000000000000000000000, sa_flags=none


---------------  S Y S T E M  ---------------

OS:CentOS Stream release 8
uname:Linux 4.18.0-425.19.2.el8_7.x86_64 #1 SMP Tue Apr 4 22:38:11 UTC 2023 x86_64
OS uptime: 87 days 21:49 hours
libc:glibc 2.28 NPTL 2.28 
rlimit (soft/hard): STACK 8192k/infinity , CORE 0k/infinity , NPROC 515109/1546609 , NOFILE 40960/40960 , AS infinity/infinity , CPU infinity/infinity , DATA infinity/infinity , FSIZE infinity/infinity , MEMLOCK infinity/infinity
load average:0.08 0.02 0.01

/proc/meminfo:
MemTotal:       396017344 kB
MemFree:        198154536 kB
MemAvailable:   390160128 kB
Buffers:          142276 kB
Cached:         195403124 kB
SwapCached:            0 kB
Active:         48984424 kB
Inactive:       146687652 kB
Active(anon):      82816 kB
Inactive(anon):  2005952 kB
Active(file):   48901608 kB
Inactive(file): 144681700 kB
Unevictable:        3072 kB
Mlocked:               0 kB
SwapTotal:             0 kB
SwapFree:              0 kB
Dirty:                88 kB
Writeback:             0 kB
AnonPages:        128912 kB
Mapped:           193252 kB
Shmem:           1962092 kB
KReclaimable:     807696 kB
Slab:            1142880 kB
SReclaimable:     807696 kB
SUnreclaim:       335184 kB
KernelStack:       10432 kB
PageTables:         4748 kB
NFS_Unstable:          0 kB
Bounce:                0 kB
WritebackTmp:          0 kB
CommitLimit:    198008672 kB
Committed_AS:    2321620 kB
VmallocTotal:   34359738367 kB
VmallocUsed:           0 kB
VmallocChunk:          0 kB
Percpu:            24704 kB
HardwareCorrupted:     0 kB
AnonHugePages:     30720 kB
ShmemHugePages:        0 kB
ShmemPmdMapped:        0 kB
FileHugePages:         0 kB
FilePmdMapped:         0 kB
HugePages_Total:       0
HugePages_Free:        0
HugePages_Rsvd:        0
HugePages_Surp:        0
Hugepagesize:       2048 kB
Hugetlb:               0 kB
DirectMap4k:     5419740 kB
DirectMap2M:    384423936 kB
DirectMap1G:    14680064 kB

/sys/kernel/mm/transparent_hugepage/enabled:
[always] madvise never
/sys/kernel/mm/transparent_hugepage/defrag (defrag/compaction efforts parameter):
always defer defer+madvise [madvise] never

/proc/sys/kernel/threads-max (system-wide limit on the number of threads):
3093219
/proc/sys/vm/max_map_count (maximum number of memory map areas a process may have):
65530
/proc/sys/kernel/pid_max (system-wide limit on number of process identifiers):
4194304

Steal ticks since vm start: 0
Steal ticks percentage since vm start:  0.000

CPU:total 32 (initial active 32) (16 cores per cpu, 2 threads per core) family 6 model 79 stepping 1, cmov, cx8, fxsr, mmx, sse, sse2, sse3, ssse3, sse4.1, sse4.2, popcnt, avx, avx2, aes, clmul, erms, rtm, 3dnowpref, lzcnt, ht, tsc, tscinvbit, bmi1, bmi2, adx, fma
CPU Model and flags from /proc/cpuinfo:
model name	: Intel(R) Xeon(R) CPU E5-2683 v4 @ 2.10GHz
flags		: fpu vme de pse tsc msr pae mce cx8 apic sep mtrr pge mca cmov pat pse36 clflush dts acpi mmx fxsr sse sse2 ss ht tm pbe syscall nx pdpe1gb rdtscp lm constant_tsc arch_perfmon pebs bts rep_good nopl xtopology nonstop_tsc cpuid aperfmperf pni pclmulqdq dtes64 monitor ds_cpl smx est tm2 ssse3 sdbg fma cx16 xtpr pdcm pcid dca sse4_1 sse4_2 x2apic movbe popcnt aes xsave avx f16c rdrand lahf_lm abm 3dnowprefetch cpuid_fault epb cat_l3 cdp_l3 invpcid_single pti fsgsbase tsc_adjust bmi1 hle avx2 smep bmi2 erms invpcid rtm cqm rdt_a rdseed adx smap intel_pt xsaveopt cqm_llc cqm_occup_llc cqm_mbm_total cqm_mbm_local dtherm ida arat pln pts
Online cpus:
0-31
Offline cpus:

BIOS frequency limitation:
<Not Available>
Frequency switch latency (ns):
20000
Available cpu frequencies:
<Not Available>
Current governor:
conservative
Core performance/turbo boost:
<Not Available>

Memory: 4k page, physical 396017344k(198154536k free), swap 0k(0k free)

vm_info: OpenJDK 64-Bit Server VM (11.0.9.1-internal+0-adhoc..src) for linux-amd64 JRE (11.0.9.1-internal+0-adhoc..src), built on Mar 19 2021 22:30:45 by "" with gcc 9.3.0

END.
