#
# There is insufficient memory for the Java Runtime Environment to continue.
# Native memory allocation (mmap) failed to map 536870912000 bytes for committing reserved memory.
# Possible reasons:
#   The system is out of physical RAM or swap space
# Possible solutions:
#   Reduce memory load on the system
#   Increase physical memory or swap space
#   Check if swap backing store is full
#   Decrease Java heap size (-Xmx/-Xms)
#   Decrease number of Java threads
#   Decrease Java thread stack sizes (-Xss)
#   Set larger code cache with -XX:ReservedCodeCacheSize=
# This output file may be truncated or incomplete.
#
#  Out of Memory Error (os_linux.cpp:2913), pid=1950305, tid=1950306
#
# JRE version:  (11.0.9.1) (build )
# Java VM: OpenJDK 64-Bit Server VM (11.0.9.1-internal+0-adhoc..src, mixed mode, tiered, g1 gc, linux-amd64)
# Core dump will be written. Default location: Core dumps may be processed with "/usr/lib/systemd/systemd-coredump %P %u %g %s %t %c %h" (or dumping to /home/e1garcia/shotgun_PIRE/pire_lcwgs_data_processing/gotanco-chanos_chanos/2nd_sequencing_run/core.1950305)
#

---------------  S U M M A R Y ------------

Command Line: -ea -Xmx500g -Xms500g clump.Clumpify in=fq_fp1_stragglers_sub/Cch-CBL_022-6A-lcwgs-1-2.r1.fq.gz in2=fq_fp1_stragglers_sub/Cch-CBL_022-6A-lcwgs-1-2.r2.fq.gz out=fq_fp1_clmp_stragglers/Cch-CBL_022-6A-lcwgs-1-2.clmp.r1.fq.gz out2=fq_fp1_clmp_stragglers/Cch-CBL_022-6A-lcwgs-1-2.clmp.r2.fq.gz groups=14514 overwrite=t usetmpdir=t tmpdir=/scratch-lustre/cbird dedupe=t addcount=t subs=2 containment=t consensus=f -Xmx500g

Host: Intel(R) Xeon(R) CPU E5-2683 v4 @ 2.10GHz, 32 cores, 503G, CentOS Stream release 8
Time: Wed Aug 16 14:36:44 2023 EDT elapsed time: 0.078881 seconds (0d 0h 0m 0s)

---------------  T H R E A D  ---------------

Current thread (0x00007f7468015000):  JavaThread "Unknown thread" [_thread_in_vm, id=1950306, stack(0x00007f746cace000,0x00007f746cbcf000)]

Stack: [0x00007f746cace000,0x00007f746cbcf000],  sp=0x00007f746cbcd1f0,  free space=1020k
Native frames: (J=compiled Java code, A=aot compiled Java code, j=interpreted, Vv=VM code, C=native code)
V  [libjvm.so+0xd657ea]  VMError::report_and_die(int, char const*, char const*, __va_list_tag*, Thread*, unsigned char*, void*, void*, char const*, int, unsigned long)+0x38a
V  [libjvm.so+0xd6645d]  VMError::report_and_die(Thread*, char const*, int, unsigned long, VMErrorType, char const*, __va_list_tag*)+0x2d
V  [libjvm.so+0x651c39]  report_vm_out_of_memory(char const*, int, unsigned long, VMErrorType, char const*, ...)+0xd9
V  [libjvm.so+0xb73e74]  os::pd_commit_memory_or_exit(char*, unsigned long, unsigned long, bool, char const*)+0xe4
V  [libjvm.so+0xb6a90d]  os::commit_memory_or_exit(char*, unsigned long, unsigned long, bool, char const*)+0x2d
V  [libjvm.so+0x754c8c]  G1PageBasedVirtualSpace::commit_preferred_pages(unsigned long, unsigned long)+0x6c
V  [libjvm.so+0x7550a8]  G1PageBasedVirtualSpace::commit(unsigned long, unsigned long)+0x1c8
V  [libjvm.so+0x75edd2]  G1RegionsLargerThanCommitSizeMapper::commit_regions(unsigned int, unsigned long, WorkGang*)+0x42
V  [libjvm.so+0x7cee04]  HeapRegionManager::commit_regions(unsigned int, unsigned long, WorkGang*)+0x54
V  [libjvm.so+0x7cfa14]  HeapRegionManager::make_regions_available(unsigned int, unsigned int, WorkGang*)+0x34
V  [libjvm.so+0x7d0066]  HeapRegionManager::expand_by(unsigned int, WorkGang*)+0x66
V  [libjvm.so+0x7162f7]  G1CollectedHeap::expand(unsigned long, WorkGang*, double*)+0xe7
V  [libjvm.so+0x716a36]  G1CollectedHeap::initialize()+0x6b6
V  [libjvm.so+0xd24e62]  Universe::initialize_heap()+0x42
V  [libjvm.so+0xd25145]  universe_init()+0x55
V  [libjvm.so+0x7ec961]  init_globals()+0x71
V  [libjvm.so+0xd00590]  Threads::create_vm(JavaVMInitArgs*, bool*)+0x4b0
V  [libjvm.so+0x897ea1]  JNI_CreateJavaVM+0x61
C  [libjli.so+0x4689]  JavaMain+0xa9


---------------  P R O C E S S  ---------------

Threads class SMR info:
_java_thread_list=0x00005582c318a840, length=0, elements={
}

Java Threads: ( => current thread )

Other Threads:
  0x00007f746802f000 GCTaskThread "GC Thread#0" [stack: 0x00007f746c3a4000,0x00007f746c4a4000] [id=1950307]
  0x00007f7468117800 ConcurrentGCThread "G1 Main Marker" [stack: 0x00007f744a353000,0x00007f744a453000] [id=1950308]
  0x00007f7468119800 ConcurrentGCThread "G1 Conc#0" [stack: 0x00007f744a251000,0x00007f744a351000] [id=1950309]

[error occurred during error reporting (printing all threads), id 0xb, SIGSEGV (0xb) at pc=0x00007f746d67d870]

VM state:not at safepoint (not fully initialized)

VM Mutex/Monitor currently owned by a thread:  ([mutex/lock_event])
[0x00007f7468013620] Heap_lock - owner thread: 0x00007f7468015000

GC Heap History (0 events):
No events

Deoptimization events (0 events):
No events

Classes redefined (0 events):
No events

Internal exceptions (0 events):
No events

Events (2 events):
Event: 0.052 Protecting memory [0x00007f746cace000,0x00007f746cad2000] with protection modes 0
Event: 0.052 Loaded shared library /opt/conda/lib/libzip.so


Dynamic libraries:
5582c2cd8000-5582c2cd9000 r--p 00000000 00:29 1398870687                 /opt/conda/bin/java
5582c2cd9000-5582c2cda000 r-xp 00001000 00:29 1398870687                 /opt/conda/bin/java
5582c2cda000-5582c2cdb000 r--p 00002000 00:29 1398870687                 /opt/conda/bin/java
5582c2cdb000-5582c2cdc000 r--p 00002000 00:29 1398870687                 /opt/conda/bin/java
5582c2cdc000-5582c2cdd000 rw-p 00003000 00:29 1398870687                 /opt/conda/bin/java
5582c3172000-5582c3193000 rw-p 00000000 00:00 0                          [heap]
7ef298000000-7ef298021000 rw-p 00000000 00:00 0 
7ef298021000-7ef29c000000 ---p 00000000 00:00 0 
7ef29e000000-7ef2a0000000 rw-p 00000000 00:00 0 
7ef2a0000000-7ef2a0021000 rw-p 00000000 00:00 0 
7ef2a0021000-7ef2a4000000 ---p 00000000 00:00 0 
7ef2a4907000-7ef2a6800000 rw-p 00000000 00:00 0 
7ef2a6800000-7ef74a000000 ---p 00000000 00:00 0 
7f7449d4a000-7f744a24f000 rw-p 00000000 00:00 0 
7f744a24f000-7f744a250000 ---p 00000000 00:00 0 
7f744a250000-7f744a351000 rw-p 00000000 00:00 0 
7f744a351000-7f744a352000 ---p 00000000 00:00 0 
7f744a352000-7f744c000000 rw-p 00000000 00:00 0 
7f744c000000-7f744c021000 rw-p 00000000 00:00 0 
7f744c021000-7f7450000000 ---p 00000000 00:00 0 
7f7450091000-7f7450899000 rw-p 00000000 00:00 0 
7f7450899000-7f7450b09000 rwxp 00000000 00:00 0 
7f7450b09000-7f7451067000 ---p 00000000 00:00 0 
7f7451067000-7f74512d7000 rwxp 00000000 00:00 0 
7f74512d7000-7f7458480000 ---p 00000000 00:00 0 
7f7458480000-7f74586f0000 rwxp 00000000 00:00 0 
7f74586f0000-7f745f899000 ---p 00000000 00:00 0 
7f745f899000-7f7468000000 r--s 00000000 00:29 23290452654                /opt/conda/lib/modules
7f7468000000-7f7468188000 rw-p 00000000 00:00 0 
7f7468188000-7f746c000000 ---p 00000000 00:00 0 
7f746c021000-7f746c3a2000 rw-p 00000000 00:00 0 
7f746c3a2000-7f746c3a3000 ---p 00000000 00:00 0 
7f746c3a3000-7f746c4a9000 rw-p 00000000 00:00 0 
7f746c4a9000-7f746c58d000 ---p 00000000 00:00 0 
7f746c58d000-7f746c592000 rw-p 00000000 00:00 0 
7f746c592000-7f746c676000 ---p 00000000 00:00 0 
7f746c676000-7f746c67b000 rw-p 00000000 00:00 0 
7f746c67b000-7f746c686000 ---p 00000000 00:00 0 
7f746c686000-7f746c691000 r-xp 00000000 00:29 91477640194                /usr/lib64/libnss_files-2.28.so
7f746c691000-7f746c891000 ---p 0000b000 00:29 91477640194                /usr/lib64/libnss_files-2.28.so
7f746c891000-7f746c892000 r--p 0000b000 00:29 91477640194                /usr/lib64/libnss_files-2.28.so
7f746c892000-7f746c893000 rw-p 0000c000 00:29 91477640194                /usr/lib64/libnss_files-2.28.so
7f746c893000-7f746c899000 rw-p 00000000 00:00 0 
7f746c899000-7f746c8a7000 r--p 00000000 00:29 21167345057                /opt/conda/lib/libjava.so
7f746c8a7000-7f746c8bc000 r-xp 0000e000 00:29 21167345057                /opt/conda/lib/libjava.so
7f746c8bc000-7f746c8c2000 r--p 00023000 00:29 21167345057                /opt/conda/lib/libjava.so
7f746c8c2000-7f746c8c3000 ---p 00029000 00:29 21167345057                /opt/conda/lib/libjava.so
7f746c8c3000-7f746c8c4000 r--p 00029000 00:29 21167345057                /opt/conda/lib/libjava.so
7f746c8c4000-7f746c8c5000 rw-p 0002a000 00:29 21167345057                /opt/conda/lib/libjava.so
7f746c8c5000-7f746c8c6000 rw-p 00000000 00:00 0 
7f746c8c6000-7f746c8cd000 r-xp 00000000 00:29 91477644565                /usr/lib64/librt-2.28.so
7f746c8cd000-7f746cacc000 ---p 00007000 00:29 91477644565                /usr/lib64/librt-2.28.so
7f746cacc000-7f746cacd000 r--p 00006000 00:29 91477644565                /usr/lib64/librt-2.28.so
7f746cacd000-7f746cace000 rw-p 00007000 00:29 91477644565                /usr/lib64/librt-2.28.so
7f746cace000-7f746cad2000 ---p 00000000 00:00 0 
7f746cad2000-7f746cbcf000 rw-p 00000000 00:00 0 
7f746cbcf000-7f746cd50000 r-xp 00000000 00:29 91227822494                /usr/lib64/libm-2.28.so
7f746cd50000-7f746cf4f000 ---p 00181000 00:29 91227822494                /usr/lib64/libm-2.28.so
7f746cf4f000-7f746cf50000 r--p 00180000 00:29 91227822494                /usr/lib64/libm-2.28.so
7f746cf50000-7f746cf51000 rw-p 00181000 00:29 91227822494                /usr/lib64/libm-2.28.so
7f746cf51000-7f746d1b7000 r--p 00000000 00:29 36972794887                /opt/conda/lib/server/libjvm.so
7f746d1b7000-7f746dd23000 r-xp 00266000 00:29 36972794887                /opt/conda/lib/server/libjvm.so
7f746dd23000-7f746df22000 r--p 00dd2000 00:29 36972794887                /opt/conda/lib/server/libjvm.so
7f746df22000-7f746df23000 ---p 00fd1000 00:29 36972794887                /opt/conda/lib/server/libjvm.so
7f746df23000-7f746dfdd000 r--p 00fd1000 00:29 36972794887                /opt/conda/lib/server/libjvm.so
7f746dfdd000-7f746e016000 rw-p 0108b000 00:29 36972794887                /opt/conda/lib/server/libjvm.so
7f746e016000-7f746e06d000 rw-p 00000000 00:00 0 
7f746e06d000-7f746e088000 r-xp 00000000 00:29 91477643328                /usr/lib64/libpthread-2.28.so
7f746e088000-7f746e287000 ---p 0001b000 00:29 91477643328                /usr/lib64/libpthread-2.28.so
7f746e287000-7f746e288000 r--p 0001a000 00:29 91477643328                /usr/lib64/libpthread-2.28.so
7f746e288000-7f746e289000 rw-p 0001b000 00:29 91477643328                /usr/lib64/libpthread-2.28.so
7f746e289000-7f746e28d000 rw-p 00000000 00:00 0 
7f746e28d000-7f746e290000 r-xp 00000000 00:29 90980354347                /usr/lib64/libdl-2.28.so
7f746e290000-7f746e48f000 ---p 00003000 00:29 90980354347                /usr/lib64/libdl-2.28.so
7f746e48f000-7f746e490000 r--p 00002000 00:29 90980354347                /usr/lib64/libdl-2.28.so
7f746e490000-7f746e491000 rw-p 00003000 00:29 90980354347                /usr/lib64/libdl-2.28.so
7f746e491000-7f746e64d000 r-xp 00000000 00:29 90771562428                /usr/lib64/libc-2.28.so
7f746e64d000-7f746e84c000 ---p 001bc000 00:29 90771562428                /usr/lib64/libc-2.28.so
7f746e84c000-7f746e850000 r--p 001bb000 00:29 90771562428                /usr/lib64/libc-2.28.so
7f746e850000-7f746e852000 rw-p 001bf000 00:29 90771562428                /usr/lib64/libc-2.28.so
7f746e852000-7f746e856000 rw-p 00000000 00:00 0 
7f746e856000-7f746e882000 r-xp 00000000 00:29 90580260263                /usr/lib64/ld-2.28.so
7f746e890000-7f746e892000 r--p 00000000 00:29 23290452378                /opt/conda/lib/libzip.so
7f746e892000-7f746e896000 r-xp 00002000 00:29 23290452378                /opt/conda/lib/libzip.so
7f746e896000-7f746e898000 r--p 00006000 00:29 23290452378                /opt/conda/lib/libzip.so
7f746e898000-7f746e899000 r--p 00007000 00:29 23290452378                /opt/conda/lib/libzip.so
7f746e899000-7f746e89a000 rw-p 00008000 00:29 23290452378                /opt/conda/lib/libzip.so
7f746e89a000-7f746e8a2000 rw-s 00000000 08:02 5112195                    /tmp/hsperfdata_cbird/1950305
7f746e8a2000-7f746e8a4000 r--p 00000000 00:29 21167345823                /opt/conda/lib/libjimage.so
7f746e8a4000-7f746e8a7000 r-xp 00002000 00:29 21167345823                /opt/conda/lib/libjimage.so
7f746e8a7000-7f746e8a8000 r--p 00005000 00:29 21167345823                /opt/conda/lib/libjimage.so
7f746e8a8000-7f746e8a9000 ---p 00006000 00:29 21167345823                /opt/conda/lib/libjimage.so
7f746e8a9000-7f746e8aa000 r--p 00006000 00:29 21167345823                /opt/conda/lib/libjimage.so
7f746e8aa000-7f746e8ab000 rw-p 00007000 00:29 21167345823                /opt/conda/lib/libjimage.so
7f746e8ab000-7f746e8b0000 r--p 00000000 00:29 23023984570                /opt/conda/lib/libverify.so
7f746e8b0000-7f746e8b7000 r-xp 00005000 00:29 23023984570                /opt/conda/lib/libverify.so
7f746e8b7000-7f746e8b9000 r--p 0000c000 00:29 23023984570                /opt/conda/lib/libverify.so
7f746e8b9000-7f746e8ba000 ---p 0000e000 00:29 23023984570                /opt/conda/lib/libverify.so
7f746e8ba000-7f746e8bc000 r--p 0000e000 00:29 23023984570                /opt/conda/lib/libverify.so
7f746e8bc000-7f746e8bd000 rw-p 00010000 00:29 23023984570                /opt/conda/lib/libverify.so
7f746e8bd000-7f746e8c0000 r--p 00000000 00:29 20919813147                /opt/conda/lib/libgcc_s.so.1
7f746e8c0000-7f746e8cc000 r-xp 00003000 00:29 20919813147                /opt/conda/lib/libgcc_s.so.1
7f746e8cc000-7f746e8cf000 r--p 0000f000 00:29 20919813147                /opt/conda/lib/libgcc_s.so.1
7f746e8cf000-7f746e8d0000 r--p 00011000 00:29 20919813147                /opt/conda/lib/libgcc_s.so.1
7f746e8d0000-7f746e8d1000 rw-p 00012000 00:29 20919813147                /opt/conda/lib/libgcc_s.so.1
7f746e8d1000-7f746e974000 r--p 00000000 00:29 23023979371                /opt/conda/lib/libstdc++.so.6.0.28
7f746e974000-7f746e9f3000 r-xp 000a3000 00:29 23023979371                /opt/conda/lib/libstdc++.so.6.0.28
7f746e9f3000-7f746ea34000 r--p 00122000 00:29 23023979371                /opt/conda/lib/libstdc++.so.6.0.28
7f746ea34000-7f746ea3f000 r--p 00162000 00:29 23023979371                /opt/conda/lib/libstdc++.so.6.0.28
7f746ea3f000-7f746ea43000 rw-p 0016d000 00:29 23023979371                /opt/conda/lib/libstdc++.so.6.0.28
7f746ea43000-7f746ea48000 rw-p 00000000 00:00 0 
7f746ea48000-7f746ea4b000 r--p 00000000 00:29 23290452322                /opt/conda/lib/libz.so.1.2.11.1-motley
7f746ea4b000-7f746ea5e000 r-xp 00003000 00:29 23290452322                /opt/conda/lib/libz.so.1.2.11.1-motley
7f746ea5e000-7f746ea65000 r--p 00016000 00:29 23290452322                /opt/conda/lib/libz.so.1.2.11.1-motley
7f746ea65000-7f746ea66000 r--p 0001c000 00:29 23290452322                /opt/conda/lib/libz.so.1.2.11.1-motley
7f746ea66000-7f746ea67000 rw-p 0001d000 00:29 23290452322                /opt/conda/lib/libz.so.1.2.11.1-motley
7f746ea6b000-7f746ea6c000 ---p 00000000 00:00 0 
7f746ea6c000-7f746ea6d000 r--p 00000000 00:00 0 
7f746ea6d000-7f746ea70000 r--p 00000000 00:29 21167345879                /opt/conda/lib/libjli.so
7f746ea70000-7f746ea7a000 r-xp 00003000 00:29 21167345879                /opt/conda/lib/libjli.so
7f746ea7a000-7f746ea7d000 r--p 0000d000 00:29 21167345879                /opt/conda/lib/libjli.so
7f746ea7d000-7f746ea7e000 ---p 00010000 00:29 21167345879                /opt/conda/lib/libjli.so
7f746ea7e000-7f746ea7f000 r--p 00010000 00:29 21167345879                /opt/conda/lib/libjli.so
7f746ea7f000-7f746ea80000 rw-p 00011000 00:29 21167345879                /opt/conda/lib/libjli.so
7f746ea80000-7f746ea82000 rw-p 00000000 00:00 0 
7f746ea82000-7f746ea83000 r--p 0002c000 00:29 90580260263                /usr/lib64/ld-2.28.so
7f746ea83000-7f746ea85000 rw-p 0002d000 00:29 90580260263                /usr/lib64/ld-2.28.so
7fffe1660000-7fffe1684000 rw-p 00000000 00:00 0                          [stack]
7fffe16fe000-7fffe1702000 r--p 00000000 00:00 0                          [vvar]
7fffe1702000-7fffe1704000 r-xp 00000000 00:00 0                          [vdso]
ffffffffff600000-ffffffffff601000 r-xp 00000000 00:00 0                  [vsyscall]


VM Arguments:
jvm_args: -ea -Xmx500g -Xms500g 
java_command: clump.Clumpify in=fq_fp1_stragglers_sub/Cch-CBL_022-6A-lcwgs-1-2.r1.fq.gz in2=fq_fp1_stragglers_sub/Cch-CBL_022-6A-lcwgs-1-2.r2.fq.gz out=fq_fp1_clmp_stragglers/Cch-CBL_022-6A-lcwgs-1-2.clmp.r1.fq.gz out2=fq_fp1_clmp_stragglers/Cch-CBL_022-6A-lcwgs-1-2.clmp.r2.fq.gz groups=14514 overwrite=t usetmpdir=t tmpdir=/scratch-lustre/cbird dedupe=t addcount=t subs=2 containment=t consensus=f -Xmx500g
java_class_path (initial): /opt/conda/opt/bbmap-38.90-3/current/
Launcher Type: SUN_STANDARD

[Global flags]
     intx CICompilerCount                          = 15                                        {product} {ergonomic}
     uint ConcGCThreads                            = 6                                         {product} {ergonomic}
     uint G1ConcRefinementThreads                  = 23                                        {product} {ergonomic}
   size_t G1HeapRegionSize                         = 33554432                                  {product} {ergonomic}
    uintx GCDrainStackTargetSize                   = 64                                        {product} {ergonomic}
   size_t InitialHeapSize                          = 536870912000                              {product} {command line}
   size_t MarkStackSize                            = 4194304                                   {product} {ergonomic}
   size_t MaxHeapSize                              = 536870912000                              {product} {command line}
   size_t MinHeapDeltaBytes                        = 33554432                                  {product} {ergonomic}
    uintx NonNMethodCodeHeapSize                   = 8182140                                {pd product} {ergonomic}
    uintx NonProfiledCodeHeapSize                  = 121738050                              {pd product} {ergonomic}
    uintx ProfiledCodeHeapSize                     = 121738050                              {pd product} {ergonomic}
    uintx ReservedCodeCacheSize                    = 251658240                              {pd product} {ergonomic}
     bool SegmentedCodeCache                       = true                                      {product} {ergonomic}
     bool UseG1GC                                  = true                                      {product} {ergonomic}

Logging:
Log output configuration:
 #0: stdout all=warning uptime,level,tags
 #1: stderr all=off uptime,level,tags

Environment Variables:
JAVA_HOME=/opt/conda
CLASSPATH=/opt/conda/lib/mpi.jar
PATH=/opt/conda/bin/libfabric:/opt/conda/bin:/opt/psmc/bin:/opt/abyss/bin:/opt/conda/bin/libfabric:/opt/micromamba/condabin:/cm/shared/applications/slurm/23.02.2/bin:/usr/local/sbin:/usr/local/bin:/usr/sbin:/usr/bin:/sbin:/bin
LD_LIBRARY_PATH=/opt/conda/lib/libfabric:/opt/conda/lib/libfabric/prov/:/usr/local/lib:/cm/shared/applications/slurm/23.02.2/lib:/cm/shared/applications/slurm/23.02.2/lib/slurm:/.singularity.d/libs
SHELL=/bin/tcsh
HOSTTYPE=x86_64-linux
OSTYPE=linux
MACHTYPE=x86_64
LANG=en_US.UTF-8
LC_ALL=en_US.UTF-8
TZ=/etc/localtime

Signal Handlers:
SIGSEGV: [libjvm.so+0xd66470], sa_mask[0]=11111111011111111101111111111110, sa_flags=SA_RESTART|SA_SIGINFO
SIGBUS: [libjvm.so+0xd66470], sa_mask[0]=11111111011111111101111111111110, sa_flags=SA_RESTART|SA_SIGINFO
SIGFPE: [libjvm.so+0xd66470], sa_mask[0]=11111111011111111101111111111110, sa_flags=SA_RESTART|SA_SIGINFO
SIGPIPE: [libjvm.so+0xb6f5b0], sa_mask[0]=11111111011111111101111111111110, sa_flags=SA_RESTART|SA_SIGINFO
SIGXFSZ: [libjvm.so+0xb6f5b0], sa_mask[0]=11111111011111111101111111111110, sa_flags=SA_RESTART|SA_SIGINFO
SIGILL: [libjvm.so+0xd66470], sa_mask[0]=11111111011111111101111111111110, sa_flags=SA_RESTART|SA_SIGINFO
SIGUSR2: [libjvm.so+0xb6f420], sa_mask[0]=00000000000000000000000000000000, sa_flags=SA_RESTART|SA_SIGINFO
SIGHUP: SIG_DFL, sa_mask[0]=00000000000000000000000000000000, sa_flags=none
SIGINT: SIG_DFL, sa_mask[0]=00000000000000000000000000000000, sa_flags=none
SIGTERM: SIG_DFL, sa_mask[0]=00000000000000000000000000000000, sa_flags=none
SIGQUIT: SIG_DFL, sa_mask[0]=00000000000000000000000000000000, sa_flags=none


---------------  S Y S T E M  ---------------

OS:CentOS Stream release 8
uname:Linux 4.18.0-425.19.2.el8_7.x86_64 #1 SMP Tue Apr 4 22:38:11 UTC 2023 x86_64
OS uptime: 87 days 20:26 hours
libc:glibc 2.28 NPTL 2.28 
rlimit (soft/hard): STACK 8192k/infinity , CORE 0k/infinity , NPROC 515109/2062705 , NOFILE 40960/40960 , AS infinity/infinity , CPU infinity/infinity , DATA infinity/infinity , FSIZE infinity/infinity , MEMLOCK infinity/infinity
load average:0.17 0.08 0.02

/proc/meminfo:
MemTotal:       528137844 kB
MemFree:        338039352 kB
MemAvailable:   521641260 kB
Buffers:          135680 kB
Cached:         187972608 kB
SwapCached:            0 kB
Active:          4386300 kB
Inactive:       183843036 kB
Active(anon):      88656 kB
Inactive(anon):  1993924 kB
Active(file):    4297644 kB
Inactive(file): 181849112 kB
Unevictable:        3072 kB
Mlocked:               0 kB
SwapTotal:             0 kB
SwapFree:              0 kB
Dirty:                68 kB
Writeback:             0 kB
AnonPages:        124648 kB
Mapped:           136968 kB
Shmem:           1961496 kB
KReclaimable:     697956 kB
Slab:             958328 kB
SReclaimable:     697956 kB
SUnreclaim:       260372 kB
KernelStack:        9792 kB
PageTables:         4236 kB
NFS_Unstable:          0 kB
Bounce:                0 kB
WritebackTmp:          0 kB
CommitLimit:    264068920 kB
Committed_AS:    1876824 kB
VmallocTotal:   34359738367 kB
VmallocUsed:           0 kB
VmallocChunk:          0 kB
Percpu:            23680 kB
HardwareCorrupted:     0 kB
AnonHugePages:     26624 kB
ShmemHugePages:        0 kB
ShmemPmdMapped:        0 kB
FileHugePages:         0 kB
FilePmdMapped:         0 kB
HugePages_Total:       0
HugePages_Free:        0
HugePages_Rsvd:        0
HugePages_Surp:        0
Hugepagesize:       2048 kB
Hugetlb:               0 kB
DirectMap4k:     1508064 kB
DirectMap2M:    239437824 kB
DirectMap1G:    297795584 kB

/sys/kernel/mm/transparent_hugepage/enabled:
[always] madvise never
/sys/kernel/mm/transparent_hugepage/defrag (defrag/compaction efforts parameter):
always defer defer+madvise [madvise] never

/proc/sys/kernel/threads-max (system-wide limit on the number of threads):
4125410
/proc/sys/vm/max_map_count (maximum number of memory map areas a process may have):
65530
/proc/sys/kernel/pid_max (system-wide limit on number of process identifiers):
4194304

Steal ticks since vm start: 0
Steal ticks percentage since vm start:  0.000

CPU:total 32 (initial active 32) (16 cores per cpu, 2 threads per core) family 6 model 79 stepping 1, cmov, cx8, fxsr, mmx, sse, sse2, sse3, ssse3, sse4.1, sse4.2, popcnt, avx, avx2, aes, clmul, erms, rtm, 3dnowpref, lzcnt, ht, tsc, tscinvbit, bmi1, bmi2, adx, fma
CPU Model and flags from /proc/cpuinfo:
model name	: Intel(R) Xeon(R) CPU E5-2683 v4 @ 2.10GHz
flags		: fpu vme de pse tsc msr pae mce cx8 apic sep mtrr pge mca cmov pat pse36 clflush dts acpi mmx fxsr sse sse2 ss ht tm pbe syscall nx pdpe1gb rdtscp lm constant_tsc arch_perfmon pebs bts rep_good nopl xtopology nonstop_tsc cpuid aperfmperf pni pclmulqdq dtes64 monitor ds_cpl smx est tm2 ssse3 sdbg fma cx16 xtpr pdcm pcid dca sse4_1 sse4_2 x2apic movbe popcnt aes xsave avx f16c rdrand lahf_lm abm 3dnowprefetch cpuid_fault epb cat_l3 cdp_l3 invpcid_single pti fsgsbase tsc_adjust bmi1 hle avx2 smep bmi2 erms invpcid rtm cqm rdt_a rdseed adx smap intel_pt xsaveopt cqm_llc cqm_occup_llc cqm_mbm_total cqm_mbm_local dtherm ida arat pln pts
Online cpus:
0-31
Offline cpus:

BIOS frequency limitation:
<Not Available>
Frequency switch latency (ns):
20000
Available cpu frequencies:
<Not Available>
Current governor:
conservative
Core performance/turbo boost:
<Not Available>

Memory: 4k page, physical 528137844k(338039352k free), swap 0k(0k free)

vm_info: OpenJDK 64-Bit Server VM (11.0.9.1-internal+0-adhoc..src) for linux-amd64 JRE (11.0.9.1-internal+0-adhoc..src), built on Mar 19 2021 22:30:45 by "" with gcc 9.3.0

END.
