[2023-08-17 20:47:53,311] multiqc                                            [DEBUG  ]  This is MultiQC v1.13
[2023-08-17 20:47:53,315] multiqc                                            [DEBUG  ]  Found command line config: {'max_table_rows': 3000}
[2023-08-17 20:47:53,316] multiqc                                            [DEBUG  ]  New config: {'max_table_rows': 3000}
[2023-08-17 20:47:53,316] multiqc                                            [DEBUG  ]  Command used: /opt/conda/bin/multiqc -v -p -ip -f --data-dir --data-format tsv --cl-config max_table_rows: 3000 --filename 2nd_fastp_report --outdir fq_fp1_clmp_fp2 fq_fp1_clmp_fp2
[2023-08-17 20:47:53,594] multiqc                                            [WARNING]  MultiQC Version v1.15 now available!
[2023-08-17 20:47:53,594] multiqc                                            [DEBUG  ]  Working dir : /home/e1garcia/shotgun_PIRE/pire_lcwgs_data_processing/plotosus_lineatus/1st_sequencing_run
[2023-08-17 20:47:53,594] multiqc                                            [DEBUG  ]  Template    : default
[2023-08-17 20:47:53,594] multiqc                                            [DEBUG  ]  Running Python 3.9.12 (main, Aug 29 2022, 00:54:58)  [GCC 11.2.0]
[2023-08-17 20:47:53,595] multiqc                                            [DEBUG  ]  Analysing modules: custom_content, ccs, ngsderive, purple, conpair, lima, peddy, somalier, methylQA, mosdepth, phantompeakqualtools, qualimap, preseq, quast, qorts, rna_seqc, rockhopper, rsem, rseqc, busco, bustools, goleft_indexcov, gffcompare, disambiguate, supernova, deeptools, sargasso, verifybamid, mirtrace, happy, mirtop, sambamba, homer, hops, macs2, theta2, snpeff, gatk, htseq, bcftools, featureCounts, fgbio, dragen, dedup, pbmarkdup, damageprofiler, biobambam2, jcvi, mtnucratio, picard, vep, sentieon, prokka, qc3C, nanostat, samblaster, samtools, sexdeterrmine, eigenstratdatabasetools, bamtools, jellyfish, vcftools, longranger, stacks, varscan2, snippy, bbmap, bismark, biscuit, hicexplorer, hicup, hicpro, salmon, kallisto, slamdunk, star, hisat2, tophat, bowtie2, bowtie1, snpsplit, odgi, pangolin, kat, leehom, adapterRemoval, clipandmerge, cutadapt, flexbar, kaiju, kraken, malt, trimmomatic, sickle, skewer, sortmerna, biobloomtools, fastq_screen, afterqc, fastp, fastqc, pychopper, pycoqc, minionqc, multivcfanalyzer, clusterflow, checkqc, bcl2fastq, bclconvert, interop, ivar, flash, seqyclean, optitype, whatshap
[2023-08-17 20:47:53,596] multiqc                                            [DEBUG  ]  Using temporary directory for creating report: /tmp/tmpab6p_a6b
[2023-08-17 20:47:53,891] multiqc                                            [INFO   ]  Search path : /home/e1garcia/shotgun_PIRE/pire_lcwgs_data_processing/plotosus_lineatus/1st_sequencing_run/fq_fp1_clmp_fp2
[2023-08-17 20:48:48,095] multiqc                                            [DEBUG  ]  Summary of files that were skipped by the search: [skipped_module_specific_max_filesize: 1464] // [skipped_no_match: 1220] // [skipped_ignore_pattern: 976]
[2023-08-17 20:48:50,164] multiqc.plots.bargraph                             [DEBUG  ]  Using matplotlib version 3.1.2
[2023-08-17 20:48:50,166] multiqc.plots.linegraph                            [DEBUG  ]  Using matplotlib version 3.1.2
[2023-08-17 20:48:50,168] multiqc                                            [DEBUG  ]  No samples found: custom_content
[2023-08-17 20:48:50,206] multiqc.modules.fastp.fastp                        [DEBUG  ]  No insert size plot data: Pli-AMvi_066-Ex1-9E-lcwgs-2-1.clmp.r1r2_fastp.json
[2023-08-17 20:48:50,250] multiqc.modules.fastp.fastp                        [DEBUG  ]  No insert size plot data: Pli-AMvi_009-Ex1-2B-lcwgs-2-1.clmp.r1r2_fastp.json
[2023-08-17 20:48:50,431] multiqc.modules.fastp.fastp                        [DEBUG  ]  No insert size plot data: Pli-AMvi_049-Ex1-4E-lcwgs-2-1.clmp.r1r2_fastp.json
[2023-08-17 20:48:50,505] multiqc.modules.fastp.fastp                        [DEBUG  ]  No insert size plot data: Pli-AMvi_059-Ex1-2F-lcwgs-2-1.clmp.r1r2_fastp.json
[2023-08-17 20:48:50,519] multiqc.modules.fastp.fastp                        [DEBUG  ]  No insert size plot data: Pli-AMvi_080-Ex1-11F-lcwgs-2-1.clmp.r1r2_fastp.json
[2023-08-17 20:48:50,648] multiqc.modules.fastp.fastp                        [DEBUG  ]  No insert size plot data: Pli-AMvi_074-Ex1-5G-lcwgs-2-1.clmp.r1r2_fastp.json
[2023-08-17 20:48:50,662] multiqc.modules.fastp.fastp                        [DEBUG  ]  No insert size plot data: Pli-AMvi_091-Ex1-10G-lcwgs-2-1.clmp.r1r2_fastp.json
[2023-08-17 20:48:50,752] multiqc.modules.fastp.fastp                        [DEBUG  ]  No insert size plot data: Pli-AMvi_076-Ex1-7F-lcwgs-2-1.clmp.r1r2_fastp.json
[2023-08-17 20:48:51,036] multiqc.modules.fastp.fastp                        [DEBUG  ]  No insert size plot data: Pli-AMvi_054-Ex1-9D-lcwgs-2-1.clmp.r1r2_fastp.json
[2023-08-17 20:48:51,086] multiqc.modules.fastp.fastp                        [DEBUG  ]  No insert size plot data: Pli-AMvi_092-Ex1-11G-lcwgs-2-1.clmp.r1r2_fastp.json
[2023-08-17 20:48:51,182] multiqc.modules.fastp.fastp                        [DEBUG  ]  No insert size plot data: Pli-AMvi_098-Ex1-11H-lcwgs-2-1.clmp.r1r2_fastp.json
[2023-08-17 20:48:51,223] multiqc.modules.fastp.fastp                        [DEBUG  ]  No insert size plot data: Pli-AMvi_037-Ex1-10C-lcwgs-2-1.clmp.r1r2_fastp.json
[2023-08-17 20:48:51,240] multiqc.modules.fastp.fastp                        [DEBUG  ]  No insert size plot data: Pli-AMvi_056-Ex1-11D-lcwgs-2-1.clmp.r1r2_fastp.json
[2023-08-17 20:48:51,340] multiqc.modules.fastp.fastp                        [DEBUG  ]  No insert size plot data: Pli-AMvi_017-Ex1-4B-lcwgs-2-1.clmp.r1r2_fastp.json
[2023-08-17 20:48:51,402] multiqc.modules.fastp.fastp                        [DEBUG  ]  No insert size plot data: Pli-AMvi_020-Ex1-3C-lcwgs-2-1.clmp.r1r2_fastp.json
[2023-08-17 20:48:51,406] multiqc.modules.fastp.fastp                        [DEBUG  ]  No insert size plot data: Pli-AMvi_099-Ex1-12H-lcwgs-1-1.clmp.r1r2_fastp.json
[2023-08-17 20:48:51,442] multiqc.modules.fastp.fastp                        [DEBUG  ]  No insert size plot data: Pli-AMvi_057-Ex1-12D-lcwgs-2-1.clmp.r1r2_fastp.json
[2023-08-17 20:48:51,468] multiqc.modules.fastp.fastp                        [DEBUG  ]  No insert size plot data: Pli-AMvi_069-Ex1-12E-lcwgs-1-1.clmp.r1r2_fastp.json
[2023-08-17 20:48:51,474] multiqc.modules.fastp.fastp                        [DEBUG  ]  No insert size plot data: Pli-AMvi_039-Ex1-12C-lcwgs-1-1.clmp.r1r2_fastp.json
[2023-08-17 20:48:51,484] multiqc.modules.fastp.fastp                        [DEBUG  ]  No insert size plot data: Pli-AMvi_050-Ex1-5E-lcwgs-2-1.clmp.r1r2_fastp.json
[2023-08-17 20:48:51,520] multiqc.modules.fastp.fastp                        [DEBUG  ]  No insert size plot data: Pli-AMvi_014-Ex1-11A-lcwgs-2-1.clmp.r1r2_fastp.json
[2023-08-17 20:48:51,568] multiqc.modules.fastp.fastp                        [DEBUG  ]  No insert size plot data: Pli-AMvi_005-Ex1-2A-lcwgs-2-1.clmp.r1r2_fastp.json
[2023-08-17 20:48:51,579] multiqc.modules.fastp.fastp                        [DEBUG  ]  No insert size plot data: Pli-AMvi_078-Ex1-9F-lcwgs-2-1.clmp.r1r2_fastp.json
[2023-08-17 20:48:51,652] multiqc.modules.fastp.fastp                        [DEBUG  ]  No insert size plot data: Pli-AMvi_068-Ex1-1E-lcwgs-2-1.clmp.r1r2_fastp.json
[2023-08-17 20:48:51,734] multiqc.modules.fastp.fastp                        [INFO   ]  Found 244 reports
[2023-08-17 20:50:01,474] multiqc                                            [INFO   ]  Compressing plot data
[2023-08-17 20:50:19,467] multiqc                                            [INFO   ]  Report      : fq_fp1_clmp_fp2/2nd_fastp_report.html
[2023-08-17 20:50:19,468] multiqc                                            [INFO   ]  Data        : fq_fp1_clmp_fp2/2nd_fastp_report_data
[2023-08-17 20:50:19,468] multiqc                                            [DEBUG  ]  Moving data file from '/tmp/tmpab6p_a6b/multiqc_data' to 'fq_fp1_clmp_fp2/2nd_fastp_report_data'
[2023-08-17 20:50:21,434] multiqc                                            [INFO   ]  Plots       : fq_fp1_clmp_fp2/2nd_fastp_report_plots
[2023-08-17 20:50:21,434] multiqc                                            [DEBUG  ]  Moving plots directory from '/tmp/tmpab6p_a6b/multiqc_plots' to 'fq_fp1_clmp_fp2/2nd_fastp_report_plots'
[2023-08-17 20:50:22,297] multiqc                                            [INFO   ]  MultiQC complete
