	-> angsd version: 0.937 (htslib: 1.14-9-ge769401) build(Mar 25 2022 10:24:30)
	-> angsd -bam mkBAM/AlbbamNames.txt -doCounts 1 -out AlbErr -doError 1 -doMajorMinor 2 -nThreads 40 -minSites 1000 
	-> Inputtype is BAM/CRAM
[multiReader] 27 samples in 27 input files
	-> Parsing 27 number of samples 
	 Triggering error estimation with nsites=1036

	-> Allocated ~ 10 million nodes to the nodepool, this is not an estimate of the memory usage

	-> Allocated ~ 20 million nodes to the nodepool, this is not an estimate of the memory usage
	 Triggering error estimation with nsites=1066

	-> Allocated ~ 30 million nodes to the nodepool, this is not an estimate of the memory usage

	-> Allocated ~ 40 million nodes to the nodepool, this is not an estimate of the memory usage
	 Triggering error estimation with nsites=1038

	-> Allocated ~ 50 million nodes to the nodepool, this is not an estimate of the memory usage

	-> Allocated ~ 60 million nodes to the nodepool, this is not an estimate of the memory usage
	 Triggering error estimation with nsites=1002

	-> Allocated ~ 70 million nodes to the nodepool, this is not an estimate of the memory usage
	 Triggering error estimation with nsites=1035
	 Triggering error estimation with nsites=1091
	 Triggering error estimation with nsites=1162
	 Triggering error estimation with nsites=1058
	 Triggering error estimation with nsites=1009
	 Triggering error estimation with nsites=1011
/var/spool/slurmd/job1180466/slurm_script: line 24:  9848 Segmentation fault      crun angsd -bam $input -doCounts 1 -out $outDIR -doError 1 -doMajorMinor 2 -nThreads 40 -minSites 1000
	-> angsd version: 0.937 (htslib: 1.14-9-ge769401) build(Mar 25 2022 10:24:30)
	-> angsd -bam mkBAM/ContempbamNames.txt -doCounts 1 -out ContempErr -doError 1 -doMajorMinor 2 -nThreads 40 -minSites 1000 
	-> Inputtype is BAM/CRAM
[multiReader] 56 samples in 56 input files
	-> Parsing 56 number of samples 
	 Triggering error estimation with nsites=1022

	-> Allocated ~ 10 million nodes to the nodepool, this is not an estimate of the memory usage

	-> Allocated ~ 20 million nodes to the nodepool, this is not an estimate of the memory usage
	 Triggering error estimation with nsites=1023

	-> Allocated ~ 30 million nodes to the nodepool, this is not an estimate of the memory usage

	-> Allocated ~ 40 million nodes to the nodepool, this is not an estimate of the memory usage
	 Triggering error estimation with nsites=1065

	-> Allocated ~ 50 million nodes to the nodepool, this is not an estimate of the memory usage

	-> Allocated ~ 60 million nodes to the nodepool, this is not an estimate of the memory usage
	 Triggering error estimation with nsites=1015

	-> Allocated ~ 70 million nodes to the nodepool, this is not an estimate of the memory usage

	-> Allocated ~ 80 million nodes to the nodepool, this is not an estimate of the memory usage
	 Triggering error estimation with nsites=1022

	-> Allocated ~ 90 million nodes to the nodepool, this is not an estimate of the memory usage

	-> Allocated ~ 100 million nodes to the nodepool, this is not an estimate of the memory usage

	-> Allocated ~ 110 million nodes to the nodepool, this is not an estimate of the memory usage
	 Triggering error estimation with nsites=1024

	-> Allocated ~ 120 million nodes to the nodepool, this is not an estimate of the memory usage

	-> Allocated ~ 130 million nodes to the nodepool, this is not an estimate of the memory usage
	 Triggering error estimation with nsites=1015

	-> Allocated ~ 140 million nodes to the nodepool, this is not an estimate of the memory usage

	-> Allocated ~ 150 million nodes to the nodepool, this is not an estimate of the memory usage
	 Triggering error estimation with nsites=1018

	-> Allocated ~ 160 million nodes to the nodepool, this is not an estimate of the memory usage

	-> Allocated ~ 170 million nodes to the nodepool, this is not an estimate of the memory usage
	 Triggering error estimation with nsites=1063

	-> Allocated ~ 180 million nodes to the nodepool, this is not an estimate of the memory usage

	-> Allocated ~ 190 million nodes to the nodepool, this is not an estimate of the memory usage
	 Triggering error estimation with nsites=1036

	-> Allocated ~ 200 million nodes to the nodepool, this is not an estimate of the memory usage

	-> Allocated ~ 210 million nodes to the nodepool, this is not an estimate of the memory usage

	-> Allocated ~ 220 million nodes to the nodepool, this is not an estimate of the memory usage
	 Triggering error estimation with nsites=1028

	-> Allocated ~ 230 million nodes to the nodepool, this is not an estimate of the memory usage

	-> Allocated ~ 240 million nodes to the nodepool, this is not an estimate of the memory usage
	 Triggering error estimation with nsites=1021

	-> Allocated ~ 250 million nodes to the nodepool, this is not an estimate of the memory usage

	-> Allocated ~ 260 million nodes to the nodepool, this is not an estimate of the memory usage
	 Triggering error estimation with nsites=1017

	-> Allocated ~ 270 million nodes to the nodepool, this is not an estimate of the memory usage

	-> Allocated ~ 280 million nodes to the nodepool, this is not an estimate of the memory usage
	 Triggering error estimation with nsites=1001

	-> Allocated ~ 290 million nodes to the nodepool, this is not an estimate of the memory usage

	-> Allocated ~ 300 million nodes to the nodepool, this is not an estimate of the memory usage

	-> Allocated ~ 310 million nodes to the nodepool, this is not an estimate of the memory usage
	 Triggering error estimation with nsites=1040

	-> Allocated ~ 320 million nodes to the nodepool, this is not an estimate of the memory usage
	 Triggering error estimation with nsites=1061

	-> Allocated ~ 330 million nodes to the nodepool, this is not an estimate of the memory usage

	-> Allocated ~ 340 million nodes to the nodepool, this is not an estimate of the memory usage

	-> Allocated ~ 350 million nodes to the nodepool, this is not an estimate of the memory usage
	 Triggering error estimation with nsites=1019

	-> Allocated ~ 360 million nodes to the nodepool, this is not an estimate of the memory usage

	-> Allocated ~ 370 million nodes to the nodepool, this is not an estimate of the memory usage
	 Triggering error estimation with nsites=1001

	-> Allocated ~ 380 million nodes to the nodepool, this is not an estimate of the memory usage

	-> Allocated ~ 390 million nodes to the nodepool, this is not an estimate of the memory usage
	 Triggering error estimation with nsites=1037

	-> Allocated ~ 400 million nodes to the nodepool, this is not an estimate of the memory usage

	-> Allocated ~ 410 million nodes to the nodepool, this is not an estimate of the memory usage
	 Triggering error estimation with nsites=1014
	-> Printing at chr: NODE_1_length_155721_cov_20.757888 pos:55298 chunknumber 100 contains 359 sites
	-> Printing at chr: NODE_1_length_155721_cov_20.757888 pos:112456 chunknumber 200 contains 564 sites
	 Triggering error estimation with nsites=1062
	 Triggering error estimation with nsites=1058
	 Triggering error estimation with nsites=1041
	 Triggering error estimation with nsites=1063
	 Triggering error estimation with nsites=1064
	 Triggering error estimation with nsites=1012
	 Triggering error estimation with nsites=1012
	 Triggering error estimation with nsites=1061
	 Triggering error estimation with nsites=1015
	 Triggering error estimation with nsites=1009
	 Triggering error estimation with nsites=1072
	 Triggering error estimation with nsites=1022
	 Triggering error estimation with nsites=1005
	 Triggering error estimation with nsites=1017
	 Triggering error estimation with nsites=1095
	-> Printing at chr: NODE_2_length_126598_cov_20.071091 pos:14026 chunknumber 300 contains 469 sites
	-> Printing at chr: NODE_2_length_126598_cov_20.071091 pos:68411 chunknumber 400 contains 470 sites
	-> Printing at chr: NODE_3_length_124805_cov_20.634492 pos:1 chunknumber 500 contains 629 sites
	 Triggering error estimation with nsites=1001
	 Triggering error estimation with nsites=1002
	 Triggering error estimation with nsites=1060
	 Triggering error estimation with nsites=1026
	 Triggering error estimation with nsites=1097
	 Triggering error estimation with nsites=1019
	 Triggering error estimation with nsites=1040
	 Triggering error estimation with nsites=1054
	 Triggering error estimation with nsites=1029
	 Triggering error estimation with nsites=1058
	 Triggering error estimation with nsites=1003
	 Triggering error estimation with nsites=1059
	 Triggering error estimation with nsites=1051
	 Triggering error estimation with nsites=1060
	 Triggering error estimation with nsites=1010
	 Triggering error estimation with nsites=1013
	-> Printing at chr: NODE_3_length_124805_cov_20.634492 pos:59408 chunknumber 600 contains 579 sites
	-> Printing at chr: NODE_3_length_124805_cov_20.634492 pos:115669 chunknumber 700 contains 463 sites
	 Triggering error estimation with nsites=1001
	 Triggering error estimation with nsites=1017
	 Triggering error estimation with nsites=1007
	 Triggering error estimation with nsites=1007
	 Triggering error estimation with nsites=1055
	 Triggering error estimation with nsites=1033
	 Triggering error estimation with nsites=1076
	 Triggering error estimation with nsites=1055
	 Triggering error estimation with nsites=1016
	 Triggering error estimation with nsites=1025
	 Triggering error estimation with nsites=1126
	 Triggering error estimation with nsites=1025
	 Triggering error estimation with nsites=1036
	 Triggering error estimation with nsites=1017
	 Triggering error estimation with nsites=1031
	-> Printing at chr: NODE_4_length_121207_cov_23.269982 pos:42311 chunknumber 800 contains 610 sites
	-> Printing at chr: NODE_4_length_121207_cov_23.269982 pos:96318 chunknumber 900 contains 851 sites
	 Triggering error estimation with nsites=1030
	 Triggering error estimation with nsites=1019
	 Triggering error estimation with nsites=1002
	 Triggering error estimation with nsites=1016
	 Triggering error estimation with nsites=1034
	 Triggering error estimation with nsites=1078
	 Triggering error estimation with nsites=1072
	 Triggering error estimation with nsites=1061
	 Triggering error estimation with nsites=1068
	 Triggering error estimation with nsites=1024
	 Triggering error estimation with nsites=1018
	 Triggering error estimation with nsites=1073
	 Triggering error estimation with nsites=1028
	 Triggering error estimation with nsites=1138
	 Triggering error estimation with nsites=1016
	-> Printing at chr: NODE_5_length_119504_cov_20.914241 pos:37367 chunknumber 1000 contains 565 sites
	-> Printing at chr: NODE_5_length_119504_cov_20.914241 pos:92508 chunknumber 1100 contains 1208 sites
	 Triggering error estimation with nsites=1061
	 Triggering error estimation with nsites=1001
	 Triggering error estimation with nsites=1063
	 Triggering error estimation with nsites=1051
	 Triggering error estimation with nsites=1024
	 Triggering error estimation with nsites=1062
	 Triggering error estimation with nsites=1004
	 Triggering error estimation with nsites=1023
	 Triggering error estimation with nsites=1023
	 Triggering error estimation with nsites=1032
	 Triggering error estimation with nsites=1043
	 Triggering error estimation with nsites=1007
	 Triggering error estimation with nsites=1086
	 Triggering error estimation with nsites=1039
	-> Printing at chr: NODE_6_length_117097_cov_21.727918 pos:34852 chunknumber 1200 contains 342 sites
	-> Printing at chr: NODE_6_length_117097_cov_21.727918 pos:91432 chunknumber 1300 contains 731 sites
	 Triggering error estimation with nsites=1002
	 Triggering error estimation with nsites=1046
	 Triggering error estimation with nsites=1023
	 Triggering error estimation with nsites=1008
	 Triggering error estimation with nsites=1066
	 Triggering error estimation with nsites=1030
	 Triggering error estimation with nsites=1034
	 Triggering error estimation with nsites=1073
	 Triggering error estimation with nsites=1039
	 Triggering error estimation with nsites=1007
	 Triggering error estimation with nsites=1024
	 Triggering error estimation with nsites=1035
	 Triggering error estimation with nsites=1022
	 Triggering error estimation with nsites=1016
	-> Printing at chr: NODE_7_length_114205_cov_20.972526 pos:27059 chunknumber 1400 contains 509 sites
	-> Printing at chr: NODE_7_length_114205_cov_20.972526 pos:85942 chunknumber 1500 contains 464 sites
	 Triggering error estimation with nsites=1061
	 Triggering error estimation with nsites=1062
	 Triggering error estimation with nsites=1021
	 Triggering error estimation with nsites=1010
	 Triggering error estimation with nsites=1041
	 Triggering error estimation with nsites=1077
	 Triggering error estimation with nsites=1047
	 Triggering error estimation with nsites=1085
	 Triggering error estimation with nsites=1035
	 Triggering error estimation with nsites=1022
	 Triggering error estimation with nsites=1029
	 Triggering error estimation with nsites=1015
	 Triggering error estimation with nsites=1057
	 Triggering error estimation with nsites=1005
	-> Printing at chr: NODE_8_length_113935_cov_21.386916 pos:24171 chunknumber 1600 contains 463 sites
	-> Printing at chr: NODE_8_length_113935_cov_21.386916 pos:80223 chunknumber 1700 contains 257 sites
	 Triggering error estimation with nsites=1084
	 Triggering error estimation with nsites=1032
	 Triggering error estimation with nsites=1071
	 Triggering error estimation with nsites=1054
	 Triggering error estimation with nsites=1040
	 Triggering error estimation with nsites=1031
	 Triggering error estimation with nsites=1038
	 Triggering error estimation with nsites=1052
	 Triggering error estimation with nsites=1038
	 Triggering error estimation with nsites=1027
	 Triggering error estimation with nsites=1036
	 Triggering error estimation with nsites=1085
	 Triggering error estimation with nsites=1017
	 Triggering error estimation with nsites=1045
	-> Printing at chr: NODE_9_length_112246_cov_20.185212 pos:19181 chunknumber 1800 contains 443 sites
	-> Printing at chr: NODE_9_length_112246_cov_20.185212 pos:78206 chunknumber 1900 contains 684 sites
	 Triggering error estimation with nsites=1070
	 Triggering error estimation with nsites=1026
	 Triggering error estimation with nsites=1064
	 Triggering error estimation with nsites=1050
	 Triggering error estimation with nsites=1074
	 Triggering error estimation with nsites=1070
	 Triggering error estimation with nsites=1126
	 Triggering error estimation with nsites=1040
	 Triggering error estimation with nsites=1037
	 Triggering error estimation with nsites=1016
	 Triggering error estimation with nsites=1042
	 Triggering error estimation with nsites=1045
	 Triggering error estimation with nsites=1005
	-> Printing at chr: NODE_10_length_109212_cov_19.842521 pos:22501 chunknumber 2000 contains 501 sites
	-> Printing at chr: NODE_10_length_109212_cov_19.842521 pos:90530 chunknumber 2100 contains 393 sites
	 Triggering error estimation with nsites=1071
	 Triggering error estimation with nsites=1076
	 Triggering error estimation with nsites=1017
	 Triggering error estimation with nsites=1049
	 Triggering error estimation with nsites=1044
	 Triggering error estimation with nsites=1022
	 Triggering error estimation with nsites=1051
	 Triggering error estimation with nsites=1052
	 Triggering error estimation with nsites=1061
	 Triggering error estimation with nsites=1032
	 Triggering error estimation with nsites=1002
	 Triggering error estimation with nsites=1022
	 Triggering error estimation with nsites=1014
	 Triggering error estimation with nsites=1043
	-> Printing at chr: NODE_11_length_109125_cov_20.909921 pos:38686 chunknumber 2200 contains 419 sites
	-> Printing at chr: NODE_11_length_109125_cov_20.909921 pos:92789 chunknumber 2300 contains 263 sites
	 Triggering error estimation with nsites=1007
	 Triggering error estimation with nsites=1036
	 Triggering error estimation with nsites=1023
	 Triggering error estimation with nsites=1004
	 Triggering error estimation with nsites=1052
	 Triggering error estimation with nsites=1003
	 Triggering error estimation with nsites=1049
	 Triggering error estimation with nsites=1053
	 Triggering error estimation with nsites=1022
	 Triggering error estimation with nsites=1021
	 Triggering error estimation with nsites=1042
	 Triggering error estimation with nsites=1005
	 Triggering error estimation with nsites=1038
	-> Printing at chr: NODE_12_length_106635_cov_21.437514 pos:32790 chunknumber 2400 contains 679 sites
	-> Printing at chr: NODE_12_length_106635_cov_21.437514 pos:92180 chunknumber 2500 contains 500 sites
	 Triggering error estimation with nsites=1035
	 Triggering error estimation with nsites=1030
	 Triggering error estimation with nsites=1013
	 Triggering error estimation with nsites=1009
	 Triggering error estimation with nsites=1042
	 Triggering error estimation with nsites=1027
	 Triggering error estimation with nsites=1043
	 Triggering error estimation with nsites=1023
	 Triggering error estimation with nsites=1004
	 Triggering error estimation with nsites=1002
	 Triggering error estimation with nsites=1100
	 Triggering error estimation with nsites=1079
	 Triggering error estimation with nsites=1101
	-> Printing at chr: NODE_13_length_105409_cov_20.412753 pos:38800 chunknumber 2600 contains 604 sites
	-> Printing at chr: NODE_13_length_105409_cov_20.412753 pos:100524 chunknumber 2700 contains 377 sites
	 Triggering error estimation with nsites=1097
	 Triggering error estimation with nsites=1019
	 Triggering error estimation with nsites=1039
	 Triggering error estimation with nsites=1079
	 Triggering error estimation with nsites=1082
	 Triggering error estimation with nsites=1016
	 Triggering error estimation with nsites=1021
	 Triggering error estimation with nsites=1051
	 Triggering error estimation with nsites=1033
	 Triggering error estimation with nsites=1028
	 Triggering error estimation with nsites=1032
	 Triggering error estimation with nsites=1067
	-> Printing at chr: NODE_14_length_102454_cov_20.959259 pos:50802 chunknumber 2800 contains 1374 sites
	-> Printing at chr: NODE_15_length_101848_cov_23.645569 pos:4914 chunknumber 2900 contains 426 sites
	 Triggering error estimation with nsites=1014
	 Triggering error estimation with nsites=1040
	 Triggering error estimation with nsites=1013
	 Triggering error estimation with nsites=1042
	 Triggering error estimation with nsites=1036
	 Triggering error estimation with nsites=1047
	 Triggering error estimation with nsites=1069
	 Triggering error estimation with nsites=1015
/var/spool/slurmd/job1180467/slurm_script: line 24: 10467 Segmentation fault      crun angsd -bam $input -doCounts 1 -out $outDIR -doError 1 -doMajorMinor 2 -nThreads 40 -minSites 1000
