[2023-08-03 10:22:47,365] multiqc                                            [DEBUG  ]  This is MultiQC v1.13
[2023-08-03 10:22:47,367] multiqc                                            [DEBUG  ]  Found command line config: {'max_table_rows': 3000}
[2023-08-03 10:22:47,367] multiqc                                            [DEBUG  ]  New config: {'max_table_rows': 3000}
[2023-08-03 10:22:47,368] multiqc                                            [DEBUG  ]  Command used: /opt/conda/bin/multiqc -v -p -ip -f --data-dir --data-format tsv --cl-config max_table_rows: 3000 --filename fastq_screen_report --outdir fq_fp1_clmp_fp2_fqscrn fq_fp1_clmp_fp2_fqscrn
[2023-08-03 10:22:47,671] multiqc                                            [WARNING]  MultiQC Version v1.14 now available!
[2023-08-03 10:22:47,671] multiqc                                            [DEBUG  ]  Working dir : /home/e1garcia/shotgun_PIRE/pire_lcwgs_data_processing/spratelloides_delicatulus/1st_sequencing_run
[2023-08-03 10:22:47,672] multiqc                                            [DEBUG  ]  Template    : default
[2023-08-03 10:22:47,672] multiqc                                            [DEBUG  ]  Running Python 3.9.12 (main, Aug 29 2022, 00:54:58)  [GCC 11.2.0]
[2023-08-03 10:22:47,672] multiqc                                            [DEBUG  ]  Analysing modules: custom_content, ccs, ngsderive, purple, conpair, lima, peddy, somalier, methylQA, mosdepth, phantompeakqualtools, qualimap, preseq, quast, qorts, rna_seqc, rockhopper, rsem, rseqc, busco, bustools, goleft_indexcov, gffcompare, disambiguate, supernova, deeptools, sargasso, verifybamid, mirtrace, happy, mirtop, sambamba, homer, hops, macs2, theta2, snpeff, gatk, htseq, bcftools, featureCounts, fgbio, dragen, dedup, pbmarkdup, damageprofiler, biobambam2, jcvi, mtnucratio, picard, vep, sentieon, prokka, qc3C, nanostat, samblaster, samtools, sexdeterrmine, eigenstratdatabasetools, bamtools, jellyfish, vcftools, longranger, stacks, varscan2, snippy, bbmap, bismark, biscuit, hicexplorer, hicup, hicpro, salmon, kallisto, slamdunk, star, hisat2, tophat, bowtie2, bowtie1, snpsplit, odgi, pangolin, kat, leehom, adapterRemoval, clipandmerge, cutadapt, flexbar, kaiju, kraken, malt, trimmomatic, sickle, skewer, sortmerna, biobloomtools, fastq_screen, afterqc, fastp, fastqc, pychopper, pycoqc, minionqc, multivcfanalyzer, clusterflow, checkqc, bcl2fastq, bclconvert, interop, ivar, flash, seqyclean, optitype, whatshap
[2023-08-03 10:22:47,673] multiqc                                            [DEBUG  ]  Using temporary directory for creating report: /tmp/tmpnx_4wuij
[2023-08-03 10:22:47,885] multiqc                                            [INFO   ]  Search path : /home/e1garcia/shotgun_PIRE/pire_lcwgs_data_processing/spratelloides_delicatulus/1st_sequencing_run/fq_fp1_clmp_fp2_fqscrn
[2023-08-03 10:26:02,359] multiqc                                            [DEBUG  ]  Summary of files that were skipped by the search: [skipped_module_specific_max_filesize: 3497] // [skipped_no_match: 1082] // [skipped_ignore_pattern: 539]
[2023-08-03 10:26:03,634] multiqc.plots.bargraph                             [DEBUG  ]  Using matplotlib version 3.1.2
[2023-08-03 10:26:03,635] multiqc.plots.linegraph                            [DEBUG  ]  Using matplotlib version 3.1.2
[2023-08-03 10:26:03,655] multiqc.modules.custom_content.custom_content      [INFO   ]  fqscrn: Found 1 sample (html)
[2023-08-03 10:26:03,674] multiqc.modules.snippy.snippy                      [INFO   ]  Found 1 reports
[2023-08-03 10:26:03,675] multiqc.plots.bargraph                             [WARNING]  Tried to make bar plot, but had no data: snippy_variants
[2023-08-03 10:26:04,123] multiqc.modules.fastq_screen.fastq_screen          [INFO   ]  Found 268 reports
[2023-08-03 10:26:45,566] multiqc                                            [INFO   ]  Compressing plot data
[2023-08-03 10:26:45,635] multiqc                                            [INFO   ]  Report      : fq_fp1_clmp_fp2_fqscrn/fastq_screen_report.html
[2023-08-03 10:26:45,635] multiqc                                            [INFO   ]  Data        : fq_fp1_clmp_fp2_fqscrn/fastq_screen_report_data
[2023-08-03 10:26:45,635] multiqc                                            [DEBUG  ]  Moving data file from '/tmp/tmpnx_4wuij/multiqc_data' to 'fq_fp1_clmp_fp2_fqscrn/fastq_screen_report_data'
[2023-08-03 10:26:45,678] multiqc                                            [INFO   ]  Plots       : fq_fp1_clmp_fp2_fqscrn/fastq_screen_report_plots
[2023-08-03 10:26:45,678] multiqc                                            [DEBUG  ]  Moving plots directory from '/tmp/tmpnx_4wuij/multiqc_plots' to 'fq_fp1_clmp_fp2_fqscrn/fastq_screen_report_plots'
[2023-08-03 10:26:46,011] multiqc                                            [INFO   ]  MultiQC complete
