preview of orig and new R1 file names...
GoA0100201B_CKDL230021622-1A_HCNTYDSX7_L3_1.fq.gz Goy-APnd_002-Ex1-1B-lcwgs-1-2.1.fq.gz
GoA0100301C_CKDL230021622-1A_HCNTYDSX7_L3_1.fq.gz Goy-APnd_003-Ex1-1C-lcwgs-1-2.1.fq.gz
GoA0100401D_CKDL230021622-1A_HCNTYDSX7_L3_1.fq.gz Goy-APnd_004-Ex1-1D-lcwgs-1-2.1.fq.gz
GoA0100501E_CKDL230021622-1A_HCNTYDSX7_L3_1.fq.gz Goy-APnd_005-Ex1-1E-lcwgs-1-2.1.fq.gz
GoA0100601F_CKDL230021622-1A_HCNTYDSX7_L3_1.fq.gz Goy-APnd_006-Ex1-1F-lcwgs-1-2.1.fq.gz
GoA0100701G_CKDL230021622-1A_HCNTYDSX7_L3_1.fq.gz Goy-APnd_007-Ex1-1G-lcwgs-1-2.1.fq.gz
GoA0101002B_CKDL230021622-1A_HCNTYDSX7_L3_1.fq.gz Goy-APnd_010-Ex1-2B-lcwgs-1-2.1.fq.gz
GoA0101102C_CKDL230021622-1A_HCNTYDSX7_L3_1.fq.gz Goy-APnd_011-Ex1-2C-lcwgs-1-2.1.fq.gz
GoA0101202D_CKDL230021622-1A_HCNTYDSX7_L3_1.fq.gz Goy-APnd_012-Ex1-2D-lcwgs-1-2.1.fq.gz
GoA0101402F_CKDL230021622-1A_HCNTYDSX7_L3_1.fq.gz Goy-APnd_014-Ex1-2F-lcwgs-1-2.1.fq.gz
GoA0101502G_CKDL230021622-1A_HCNTYDSX7_L3_1.fq.gz Goy-APnd_015-Ex1-2G-lcwgs-1-2.1.fq.gz
GoA0101602H_CKDL230021622-1A_HCNTYDSX7_L3_1.fq.gz Goy-APnd_016-Ex1-2H-lcwgs-1-2.1.fq.gz
GoA0101703A_CKDL230021622-1A_HCNTYDSX7_L3_1.fq.gz Goy-APnd_017-Ex1-3A-lcwgs-1-2.1.fq.gz
GoA0101903C_CKDL230021622-1A_HCNTYDSX7_L3_1.fq.gz Goy-APnd_019-Ex1-3C-lcwgs-1-2.1.fq.gz
GoA0102003D_CKDL230021622-1A_HCNTYDSX7_L3_1.fq.gz Goy-APnd_020-Ex1-3D-lcwgs-1-2.1.fq.gz
GoA0102103E_CKDL230021622-1A_HCNTYDSX7_L3_1.fq.gz Goy-APnd_021-Ex1-3E-lcwgs-1-2.1.fq.gz
GoA0102203F_CKDL230021622-1A_HCNTYDSX7_L3_1.fq.gz Goy-APnd_022-Ex1-3F-lcwgs-1-2.1.fq.gz
GoA0102303G_CKDL230021622-1A_HCNTYDSX7_L3_1.fq.gz Goy-APnd_023-Ex1-3G-lcwgs-1-2.1.fq.gz
GoA0102403H_CKDL230021622-1A_HCNTYDSX7_L3_1.fq.gz Goy-APnd_024-Ex1-3H-lcwgs-1-2.1.fq.gz
GoA0102504A_CKDL230021622-1A_HCNTYDSX7_L3_1.fq.gz Goy-APnd_025-Ex1-4A-lcwgs-1-2.1.fq.gz
GoA0102704C_CKDL230021622-1A_HCNTYDSX7_L3_1.fq.gz Goy-APnd_027-Ex1-4C-lcwgs-1-2.1.fq.gz
GoA0102804D_CKDL230021622-1A_HCNTYDSX7_L3_1.fq.gz Goy-APnd_028-Ex1-4D-lcwgs-1-2.1.fq.gz
GoA0102904E_CKDL230021622-1A_HCNTYDSX7_L3_1.fq.gz Goy-APnd_029-Ex1-4E-lcwgs-1-2.1.fq.gz
GoA0103004F_CKDL230021622-1A_HCNTYDSX7_L3_1.fq.gz Goy-APnd_030-Ex1-4F-lcwgs-1-2.1.fq.gz
GoA0103305A_CKDL230021622-1A_HCNTYDSX7_L3_1.fq.gz Goy-APnd_033-Ex1-5A-lcwgs-1-2.1.fq.gz
GoA0103505C_CKDL230021622-1A_HCNTYDSX7_L3_1.fq.gz Goy-APnd_035-Ex1-5C-lcwgs-1-2.1.fq.gz
GoA0103705E_CKDL230021622-1A_HCNTYDSX7_L3_1.fq.gz Goy-APnd_037-Ex1-5E-lcwgs-1-2.1.fq.gz
GoA0103805F_CKDL230021622-1A_HCNTYDSX7_L3_1.fq.gz Goy-APnd_038-Ex1-5F-lcwgs-1-2.1.fq.gz
GoA0104005H_CKDL230021622-1A_HCNTYDSX7_L3_1.fq.gz Goy-APnd_040-Ex1-5H-lcwgs-1-2.1.fq.gz
GoA0104106A_CKDL230021622-1A_HCNTYDSX7_L3_1.fq.gz Goy-APnd_041-Ex1-6A-lcwgs-1-2.1.fq.gz
GoA0104306C_CKDL230021622-1A_HCNTYDSX7_L3_1.fq.gz Goy-APnd_043-Ex1-6C-lcwgs-1-2.1.fq.gz
GoA0104406D_CKDL230021622-1A_HCNTYDSX7_L3_1.fq.gz Goy-APnd_044-Ex1-6D-lcwgs-1-2.1.fq.gz
GoA0104506E_CKDL230021622-1A_HCNTYDSX7_L3_1.fq.gz Goy-APnd_045-Ex1-6E-lcwgs-1-2.1.fq.gz
GoA0104606F_CKDL230021622-1A_HCNTYDSX7_L3_1.fq.gz Goy-APnd_046-Ex1-6F-lcwgs-1-2.1.fq.gz
GoA0104806H_CKDL230021622-1A_HCNTYDSX7_L3_1.fq.gz Goy-APnd_048-Ex1-6H-lcwgs-1-2.1.fq.gz
GoA0104907A_CKDL230021622-1A_HCNTYDSX7_L3_1.fq.gz Goy-APnd_049-Ex1-7A-lcwgs-1-2.1.fq.gz
GoA0105007B_CKDL230021622-1A_HCNTYDSX7_L3_1.fq.gz Goy-APnd_050-Ex1-7B-lcwgs-1-2.1.fq.gz
GoA0105107C_CKDL230021622-1A_HCNTYDSX7_L3_1.fq.gz Goy-APnd_051-Ex1-7C-lcwgs-1-2.1.fq.gz
GoA0105207D_CKDL230021622-1A_HCNTYDSX7_L3_1.fq.gz Goy-APnd_052-Ex1-7D-lcwgs-1-2.1.fq.gz
GoA0105307E_CKDL230021622-1A_HCNTYDSX7_L3_1.fq.gz Goy-APnd_053-Ex1-7E-lcwgs-1-2.1.fq.gz
GoA0105407F_CKDL230021622-1A_HCNTYDSX7_L3_1.fq.gz Goy-APnd_054-Ex1-7F-lcwgs-1-2.1.fq.gz
GoA0105507G_CKDL230021622-1A_HCNTYDSX7_L3_1.fq.gz Goy-APnd_055-Ex1-7G-lcwgs-1-2.1.fq.gz
GoA0105607H_CKDL230021622-1A_HCNTYDSX7_L3_1.fq.gz Goy-APnd_056-Ex1-7H-lcwgs-1-2.1.fq.gz
GoA0105908C_CKDL230021622-1A_HCNTYDSX7_L3_1.fq.gz Goy-APnd_059-Ex1-8C-lcwgs-1-2.1.fq.gz
GoA0106008D_CKDL230021622-1A_HCNTYDSX7_L3_1.fq.gz Goy-APnd_060-Ex1-8D-lcwgs-1-2.1.fq.gz
GoA0106208F_CKDL230021622-1A_HCNTYDSX7_L3_1.fq.gz Goy-APnd_062-Ex1-8F-lcwgs-1-2.1.fq.gz
GoA0106308G_CKDL230021622-1A_HCNTYDSX7_L3_1.fq.gz Goy-APnd_063-Ex1-8G-lcwgs-1-2.1.fq.gz
GoA0106408H_CKDL230021622-1A_HCNTYDSX7_L3_1.fq.gz Goy-APnd_064-Ex1-8H-lcwgs-1-2.1.fq.gz
GoC0200107F_CKDL230021622-1A_HCNTYDSX7_L3_1.fq.gz Goy-CPnd_001-Ex1-7F-lcwgs-1-2.1.fq.gz
GoC0200307G_CKDL230021622-1A_HCNTYDSX7_L3_1.fq.gz Goy-CPnd_003-Ex1-7G-lcwgs-1-2.1.fq.gz
GoC0200402D_CKDL230021622-1A_HCNTYDSX7_L3_1.fq.gz Goy-CPnd_004-Ex1-2D-lcwgs-1-2.1.fq.gz
GoC0200506A_CKDL230021622-1A_HCNTYDSX7_L3_1.fq.gz Goy-CPnd_005-Ex1-6A-lcwgs-1-2.1.fq.gz
GoC0200602C_CKDL230021622-1A_HCNTYDSX7_L3_1.fq.gz Goy-CPnd_006-Ex1-2C-lcwgs-1-2.1.fq.gz
GoC0200708E_CKDL230021622-1A_HCNTYDSX7_L3_1.fq.gz Goy-CPnd_007-Ex1-8E-lcwgs-1-2.1.fq.gz
GoC0200804B_CKDL230021622-1A_HCNTYDSX7_L3_1.fq.gz Goy-CPnd_008-Ex1-4B-lcwgs-1-2.1.fq.gz
GoC0200908H_CKDL230021622-1A_HCNTYDSX7_L3_1.fq.gz Goy-CPnd_009-Ex1-8H-lcwgs-1-2.1.fq.gz
GoC0201006D_CKDL230021622-1A_HCNTYDSX7_L3_1.fq.gz Goy-CPnd_010-Ex1-6D-lcwgs-1-2.1.fq.gz
GoC0201501E_CKDL230021622-1A_HCNTYDSX7_L3_1.fq.gz Goy-CPnd_015-Ex1-1E-lcwgs-1-2.1.fq.gz
GoC0201607C_CKDL230021622-1A_HCNTYDSX7_L3_1.fq.gz Goy-CPnd_016-Ex1-7C-lcwgs-1-2.1.fq.gz
GoC0202005B_CKDL230021622-1A_HCNTYDSX7_L3_1.fq.gz Goy-CPnd_020-Ex1-5B-lcwgs-1-2.1.fq.gz
GoC0202505D_CKDL230021622-1A_HCNTYDSX7_L3_1.fq.gz Goy-CPnd_025-Ex1-5D-lcwgs-1-2.1.fq.gz
GoC0202602F_CKDL230021622-1A_HCNTYDSX7_L3_1.fq.gz Goy-CPnd_026-Ex1-2F-lcwgs-1-2.1.fq.gz
GoC0202702H_CKDL230021622-1A_HCNTYDSX7_L3_1.fq.gz Goy-CPnd_027-Ex1-2H-lcwgs-1-2.1.fq.gz
GoC0203101F_CKDL230021622-1A_HCNTYDSX7_L3_1.fq.gz Goy-CPnd_031-Ex1-1F-lcwgs-1-2.1.fq.gz
GoC0203503A_CKDL230021622-1A_HCNTYDSX7_L3_1.fq.gz Goy-CPnd_035-Ex1-3A-lcwgs-1-2.1.fq.gz
GoC0203703H_CKDL230021622-1A_HCNTYDSX7_L3_1.fq.gz Goy-CPnd_037-Ex1-3H-lcwgs-1-2.1.fq.gz
GoC0203806F_CKDL230021622-1A_HCNTYDSX7_L3_1.fq.gz Goy-CPnd_038-Ex1-6F-lcwgs-1-2.1.fq.gz
GoC0203908A_CKDL230021622-1A_HCNTYDSX7_L3_1.fq.gz Goy-CPnd_039-Ex1-8A-lcwgs-1-2.1.fq.gz
GoC0204103C_CKDL230021622-1A_HCNTYDSX7_L3_1.fq.gz Goy-CPnd_041-Ex1-3C-lcwgs-1-2.1.fq.gz
GoC0204203B_CKDL230021622-1A_HCNTYDSX7_L3_1.fq.gz Goy-CPnd_042-Ex1-3B-lcwgs-1-2.1.fq.gz
GoC0204706E_CKDL230021622-1A_HCNTYDSX7_L3_1.fq.gz Goy-CPnd_047-Ex1-6E-lcwgs-1-2.1.fq.gz
GoC0204808B_CKDL230021622-1A_HCNTYDSX7_L3_1.fq.gz Goy-CPnd_048-Ex1-8B-lcwgs-1-2.1.fq.gz
GoC0205203D_CKDL230021622-1A_HCNTYDSX7_L3_1.fq.gz Goy-CPnd_052-Ex1-3D-lcwgs-1-2.1.fq.gz
GoC0205302E_CKDL230021622-1A_HCNTYDSX7_L3_1.fq.gz Goy-CPnd_053-Ex1-2E-lcwgs-1-2.1.fq.gz
GoC0205603G_CKDL230021622-1A_HCNTYDSX7_L3_1.fq.gz Goy-CPnd_056-Ex1-3G-lcwgs-1-2.1.fq.gz
GoC0205704F_CKDL230021622-1A_HCNTYDSX7_L3_1.fq.gz Goy-CPnd_057-Ex1-4F-lcwgs-1-2.1.fq.gz
GoC0205908G_CKDL230021622-1A_HCNTYDSX7_L3_1.fq.gz Goy-CPnd_059-Ex1-8G-lcwgs-1-2.1.fq.gz
GoC0206007D_CKDL230021622-1A_HCNTYDSX7_L3_1.fq.gz Goy-CPnd_060-Ex1-7D-lcwgs-1-2.1.fq.gz
GoC0206107E_CKDL230021622-1A_HCNTYDSX7_L3_1.fq.gz Goy-CPnd_061-Ex1-7E-lcwgs-1-2.1.fq.gz
GoC0206203F_CKDL230021622-1A_HCNTYDSX7_L3_1.fq.gz Goy-CPnd_062-Ex1-3F-lcwgs-1-2.1.fq.gz
GoC0206302G_CKDL230021622-1A_HCNTYDSX7_L3_1.fq.gz Goy-CPnd_063-Ex1-2G-lcwgs-1-2.1.fq.gz
GoC0206408D_CKDL230021622-1A_HCNTYDSX7_L3_1.fq.gz Goy-CPnd_064-Ex1-8D-lcwgs-1-2.1.fq.gz
GoC0206802A_CKDL230021622-1A_HCNTYDSX7_L3_1.fq.gz Goy-CPnd_068-Ex1-2A-lcwgs-1-2.1.fq.gz
GoC0207001A_CKDL230021622-1A_HCNTYDSX7_L3_1.fq.gz Goy-CPnd_070-Ex1-1A-lcwgs-1-2.1.fq.gz
GoC0207103E_CKDL230021622-1A_HCNTYDSX7_L3_1.fq.gz Goy-CPnd_071-Ex1-3E-lcwgs-1-2.1.fq.gz
GoC0207204D_CKDL230021622-1A_HCNTYDSX7_L3_1.fq.gz Goy-CPnd_072-Ex1-4D-lcwgs-1-2.1.fq.gz
GoC0207304C_CKDL230021622-1A_HCNTYDSX7_L3_1.fq.gz Goy-CPnd_073-Ex1-4C-lcwgs-1-2.1.fq.gz
GoC0207401C_CKDL230021622-1A_HCNTYDSX7_L3_1.fq.gz Goy-CPnd_074-Ex1-1C-lcwgs-1-2.1.fq.gz
GoC0208405E_CKDL230021622-1A_HCNTYDSX7_L3_1.fq.gz Goy-CPnd_084-Ex1-5E-lcwgs-1-2.1.fq.gz
GoC0208506G_CKDL230021622-1A_HCNTYDSX7_L3_1.fq.gz Goy-CPnd_085-Ex1-6G-lcwgs-1-2.1.fq.gz
GoC0208706C_CKDL230021622-1A_HCNTYDSX7_L3_1.fq.gz Goy-CPnd_087-Ex1-6C-lcwgs-1-2.1.fq.gz
GoC0208806H_CKDL230021622-1A_HCNTYDSX7_L3_1.fq.gz Goy-CPnd_088-Ex1-6H-lcwgs-1-2.1.fq.gz
GoC0209005G_CKDL230021622-1A_HCNTYDSX7_L3_1.fq.gz Goy-CPnd_090-Ex1-5G-lcwgs-1-2.1.fq.gz
GoC0209104G_CKDL230021622-1A_HCNTYDSX7_L3_1.fq.gz Goy-CPnd_091-Ex1-4G-lcwgs-1-2.1.fq.gz
GoC0209204A_CKDL230021622-1A_HCNTYDSX7_L3_1.fq.gz Goy-CPnd_092-Ex1-4A-lcwgs-1-2.1.fq.gz
GoC0209505A_CKDL230021622-1A_HCNTYDSX7_L3_1.fq.gz Goy-CPnd_095-Ex1-5A-lcwgs-1-2.1.fq.gz
preview of orig and new R2 file names...
GoA0100201B_CKDL230021622-1A_HCNTYDSX7_L3_2.fq.gz Goy-APnd_002-Ex1-1B-lcwgs-1-2.2.fq.gz
GoA0100301C_CKDL230021622-1A_HCNTYDSX7_L3_2.fq.gz Goy-APnd_003-Ex1-1C-lcwgs-1-2.2.fq.gz
GoA0100401D_CKDL230021622-1A_HCNTYDSX7_L3_2.fq.gz Goy-APnd_004-Ex1-1D-lcwgs-1-2.2.fq.gz
GoA0100501E_CKDL230021622-1A_HCNTYDSX7_L3_2.fq.gz Goy-APnd_005-Ex1-1E-lcwgs-1-2.2.fq.gz
GoA0100601F_CKDL230021622-1A_HCNTYDSX7_L3_2.fq.gz Goy-APnd_006-Ex1-1F-lcwgs-1-2.2.fq.gz
GoA0100701G_CKDL230021622-1A_HCNTYDSX7_L3_2.fq.gz Goy-APnd_007-Ex1-1G-lcwgs-1-2.2.fq.gz
GoA0101002B_CKDL230021622-1A_HCNTYDSX7_L3_2.fq.gz Goy-APnd_010-Ex1-2B-lcwgs-1-2.2.fq.gz
GoA0101102C_CKDL230021622-1A_HCNTYDSX7_L3_2.fq.gz Goy-APnd_011-Ex1-2C-lcwgs-1-2.2.fq.gz
GoA0101202D_CKDL230021622-1A_HCNTYDSX7_L3_2.fq.gz Goy-APnd_012-Ex1-2D-lcwgs-1-2.2.fq.gz
GoA0101402F_CKDL230021622-1A_HCNTYDSX7_L3_2.fq.gz Goy-APnd_014-Ex1-2F-lcwgs-1-2.2.fq.gz
GoA0101502G_CKDL230021622-1A_HCNTYDSX7_L3_2.fq.gz Goy-APnd_015-Ex1-2G-lcwgs-1-2.2.fq.gz
GoA0101602H_CKDL230021622-1A_HCNTYDSX7_L3_2.fq.gz Goy-APnd_016-Ex1-2H-lcwgs-1-2.2.fq.gz
GoA0101703A_CKDL230021622-1A_HCNTYDSX7_L3_2.fq.gz Goy-APnd_017-Ex1-3A-lcwgs-1-2.2.fq.gz
GoA0101903C_CKDL230021622-1A_HCNTYDSX7_L3_2.fq.gz Goy-APnd_019-Ex1-3C-lcwgs-1-2.2.fq.gz
GoA0102003D_CKDL230021622-1A_HCNTYDSX7_L3_2.fq.gz Goy-APnd_020-Ex1-3D-lcwgs-1-2.2.fq.gz
GoA0102103E_CKDL230021622-1A_HCNTYDSX7_L3_2.fq.gz Goy-APnd_021-Ex1-3E-lcwgs-1-2.2.fq.gz
GoA0102203F_CKDL230021622-1A_HCNTYDSX7_L3_2.fq.gz Goy-APnd_022-Ex1-3F-lcwgs-1-2.2.fq.gz
GoA0102303G_CKDL230021622-1A_HCNTYDSX7_L3_2.fq.gz Goy-APnd_023-Ex1-3G-lcwgs-1-2.2.fq.gz
GoA0102403H_CKDL230021622-1A_HCNTYDSX7_L3_2.fq.gz Goy-APnd_024-Ex1-3H-lcwgs-1-2.2.fq.gz
GoA0102504A_CKDL230021622-1A_HCNTYDSX7_L3_2.fq.gz Goy-APnd_025-Ex1-4A-lcwgs-1-2.2.fq.gz
GoA0102704C_CKDL230021622-1A_HCNTYDSX7_L3_2.fq.gz Goy-APnd_027-Ex1-4C-lcwgs-1-2.2.fq.gz
GoA0102804D_CKDL230021622-1A_HCNTYDSX7_L3_2.fq.gz Goy-APnd_028-Ex1-4D-lcwgs-1-2.2.fq.gz
GoA0102904E_CKDL230021622-1A_HCNTYDSX7_L3_2.fq.gz Goy-APnd_029-Ex1-4E-lcwgs-1-2.2.fq.gz
GoA0103004F_CKDL230021622-1A_HCNTYDSX7_L3_2.fq.gz Goy-APnd_030-Ex1-4F-lcwgs-1-2.2.fq.gz
GoA0103305A_CKDL230021622-1A_HCNTYDSX7_L3_2.fq.gz Goy-APnd_033-Ex1-5A-lcwgs-1-2.2.fq.gz
GoA0103505C_CKDL230021622-1A_HCNTYDSX7_L3_2.fq.gz Goy-APnd_035-Ex1-5C-lcwgs-1-2.2.fq.gz
GoA0103705E_CKDL230021622-1A_HCNTYDSX7_L3_2.fq.gz Goy-APnd_037-Ex1-5E-lcwgs-1-2.2.fq.gz
GoA0103805F_CKDL230021622-1A_HCNTYDSX7_L3_2.fq.gz Goy-APnd_038-Ex1-5F-lcwgs-1-2.2.fq.gz
GoA0104005H_CKDL230021622-1A_HCNTYDSX7_L3_2.fq.gz Goy-APnd_040-Ex1-5H-lcwgs-1-2.2.fq.gz
GoA0104106A_CKDL230021622-1A_HCNTYDSX7_L3_2.fq.gz Goy-APnd_041-Ex1-6A-lcwgs-1-2.2.fq.gz
GoA0104306C_CKDL230021622-1A_HCNTYDSX7_L3_2.fq.gz Goy-APnd_043-Ex1-6C-lcwgs-1-2.2.fq.gz
GoA0104406D_CKDL230021622-1A_HCNTYDSX7_L3_2.fq.gz Goy-APnd_044-Ex1-6D-lcwgs-1-2.2.fq.gz
GoA0104506E_CKDL230021622-1A_HCNTYDSX7_L3_2.fq.gz Goy-APnd_045-Ex1-6E-lcwgs-1-2.2.fq.gz
GoA0104606F_CKDL230021622-1A_HCNTYDSX7_L3_2.fq.gz Goy-APnd_046-Ex1-6F-lcwgs-1-2.2.fq.gz
GoA0104806H_CKDL230021622-1A_HCNTYDSX7_L3_2.fq.gz Goy-APnd_048-Ex1-6H-lcwgs-1-2.2.fq.gz
GoA0104907A_CKDL230021622-1A_HCNTYDSX7_L3_2.fq.gz Goy-APnd_049-Ex1-7A-lcwgs-1-2.2.fq.gz
GoA0105007B_CKDL230021622-1A_HCNTYDSX7_L3_2.fq.gz Goy-APnd_050-Ex1-7B-lcwgs-1-2.2.fq.gz
GoA0105107C_CKDL230021622-1A_HCNTYDSX7_L3_2.fq.gz Goy-APnd_051-Ex1-7C-lcwgs-1-2.2.fq.gz
GoA0105207D_CKDL230021622-1A_HCNTYDSX7_L3_2.fq.gz Goy-APnd_052-Ex1-7D-lcwgs-1-2.2.fq.gz
GoA0105307E_CKDL230021622-1A_HCNTYDSX7_L3_2.fq.gz Goy-APnd_053-Ex1-7E-lcwgs-1-2.2.fq.gz
GoA0105407F_CKDL230021622-1A_HCNTYDSX7_L3_2.fq.gz Goy-APnd_054-Ex1-7F-lcwgs-1-2.2.fq.gz
GoA0105507G_CKDL230021622-1A_HCNTYDSX7_L3_2.fq.gz Goy-APnd_055-Ex1-7G-lcwgs-1-2.2.fq.gz
GoA0105607H_CKDL230021622-1A_HCNTYDSX7_L3_2.fq.gz Goy-APnd_056-Ex1-7H-lcwgs-1-2.2.fq.gz
GoA0105908C_CKDL230021622-1A_HCNTYDSX7_L3_2.fq.gz Goy-APnd_059-Ex1-8C-lcwgs-1-2.2.fq.gz
GoA0106008D_CKDL230021622-1A_HCNTYDSX7_L3_2.fq.gz Goy-APnd_060-Ex1-8D-lcwgs-1-2.2.fq.gz
GoA0106208F_CKDL230021622-1A_HCNTYDSX7_L3_2.fq.gz Goy-APnd_062-Ex1-8F-lcwgs-1-2.2.fq.gz
GoA0106308G_CKDL230021622-1A_HCNTYDSX7_L3_2.fq.gz Goy-APnd_063-Ex1-8G-lcwgs-1-2.2.fq.gz
GoA0106408H_CKDL230021622-1A_HCNTYDSX7_L3_2.fq.gz Goy-APnd_064-Ex1-8H-lcwgs-1-2.2.fq.gz
GoC0200107F_CKDL230021622-1A_HCNTYDSX7_L3_2.fq.gz Goy-CPnd_001-Ex1-7F-lcwgs-1-2.2.fq.gz
GoC0200307G_CKDL230021622-1A_HCNTYDSX7_L3_2.fq.gz Goy-CPnd_003-Ex1-7G-lcwgs-1-2.2.fq.gz
GoC0200402D_CKDL230021622-1A_HCNTYDSX7_L3_2.fq.gz Goy-CPnd_004-Ex1-2D-lcwgs-1-2.2.fq.gz
GoC0200506A_CKDL230021622-1A_HCNTYDSX7_L3_2.fq.gz Goy-CPnd_005-Ex1-6A-lcwgs-1-2.2.fq.gz
GoC0200602C_CKDL230021622-1A_HCNTYDSX7_L3_2.fq.gz Goy-CPnd_006-Ex1-2C-lcwgs-1-2.2.fq.gz
GoC0200708E_CKDL230021622-1A_HCNTYDSX7_L3_2.fq.gz Goy-CPnd_007-Ex1-8E-lcwgs-1-2.2.fq.gz
GoC0200804B_CKDL230021622-1A_HCNTYDSX7_L3_2.fq.gz Goy-CPnd_008-Ex1-4B-lcwgs-1-2.2.fq.gz
GoC0200908H_CKDL230021622-1A_HCNTYDSX7_L3_2.fq.gz Goy-CPnd_009-Ex1-8H-lcwgs-1-2.2.fq.gz
GoC0201006D_CKDL230021622-1A_HCNTYDSX7_L3_2.fq.gz Goy-CPnd_010-Ex1-6D-lcwgs-1-2.2.fq.gz
GoC0201501E_CKDL230021622-1A_HCNTYDSX7_L3_2.fq.gz Goy-CPnd_015-Ex1-1E-lcwgs-1-2.2.fq.gz
GoC0201607C_CKDL230021622-1A_HCNTYDSX7_L3_2.fq.gz Goy-CPnd_016-Ex1-7C-lcwgs-1-2.2.fq.gz
GoC0202005B_CKDL230021622-1A_HCNTYDSX7_L3_2.fq.gz Goy-CPnd_020-Ex1-5B-lcwgs-1-2.2.fq.gz
GoC0202505D_CKDL230021622-1A_HCNTYDSX7_L3_2.fq.gz Goy-CPnd_025-Ex1-5D-lcwgs-1-2.2.fq.gz
GoC0202602F_CKDL230021622-1A_HCNTYDSX7_L3_2.fq.gz Goy-CPnd_026-Ex1-2F-lcwgs-1-2.2.fq.gz
GoC0202702H_CKDL230021622-1A_HCNTYDSX7_L3_2.fq.gz Goy-CPnd_027-Ex1-2H-lcwgs-1-2.2.fq.gz
GoC0203101F_CKDL230021622-1A_HCNTYDSX7_L3_2.fq.gz Goy-CPnd_031-Ex1-1F-lcwgs-1-2.2.fq.gz
GoC0203503A_CKDL230021622-1A_HCNTYDSX7_L3_2.fq.gz Goy-CPnd_035-Ex1-3A-lcwgs-1-2.2.fq.gz
GoC0203703H_CKDL230021622-1A_HCNTYDSX7_L3_2.fq.gz Goy-CPnd_037-Ex1-3H-lcwgs-1-2.2.fq.gz
GoC0203806F_CKDL230021622-1A_HCNTYDSX7_L3_2.fq.gz Goy-CPnd_038-Ex1-6F-lcwgs-1-2.2.fq.gz
GoC0203908A_CKDL230021622-1A_HCNTYDSX7_L3_2.fq.gz Goy-CPnd_039-Ex1-8A-lcwgs-1-2.2.fq.gz
GoC0204103C_CKDL230021622-1A_HCNTYDSX7_L3_2.fq.gz Goy-CPnd_041-Ex1-3C-lcwgs-1-2.2.fq.gz
GoC0204203B_CKDL230021622-1A_HCNTYDSX7_L3_2.fq.gz Goy-CPnd_042-Ex1-3B-lcwgs-1-2.2.fq.gz
GoC0204706E_CKDL230021622-1A_HCNTYDSX7_L3_2.fq.gz Goy-CPnd_047-Ex1-6E-lcwgs-1-2.2.fq.gz
GoC0204808B_CKDL230021622-1A_HCNTYDSX7_L3_2.fq.gz Goy-CPnd_048-Ex1-8B-lcwgs-1-2.2.fq.gz
GoC0205203D_CKDL230021622-1A_HCNTYDSX7_L3_2.fq.gz Goy-CPnd_052-Ex1-3D-lcwgs-1-2.2.fq.gz
GoC0205302E_CKDL230021622-1A_HCNTYDSX7_L3_2.fq.gz Goy-CPnd_053-Ex1-2E-lcwgs-1-2.2.fq.gz
GoC0205603G_CKDL230021622-1A_HCNTYDSX7_L3_2.fq.gz Goy-CPnd_056-Ex1-3G-lcwgs-1-2.2.fq.gz
GoC0205704F_CKDL230021622-1A_HCNTYDSX7_L3_2.fq.gz Goy-CPnd_057-Ex1-4F-lcwgs-1-2.2.fq.gz
GoC0205908G_CKDL230021622-1A_HCNTYDSX7_L3_2.fq.gz Goy-CPnd_059-Ex1-8G-lcwgs-1-2.2.fq.gz
GoC0206007D_CKDL230021622-1A_HCNTYDSX7_L3_2.fq.gz Goy-CPnd_060-Ex1-7D-lcwgs-1-2.2.fq.gz
GoC0206107E_CKDL230021622-1A_HCNTYDSX7_L3_2.fq.gz Goy-CPnd_061-Ex1-7E-lcwgs-1-2.2.fq.gz
GoC0206203F_CKDL230021622-1A_HCNTYDSX7_L3_2.fq.gz Goy-CPnd_062-Ex1-3F-lcwgs-1-2.2.fq.gz
GoC0206302G_CKDL230021622-1A_HCNTYDSX7_L3_2.fq.gz Goy-CPnd_063-Ex1-2G-lcwgs-1-2.2.fq.gz
GoC0206408D_CKDL230021622-1A_HCNTYDSX7_L3_2.fq.gz Goy-CPnd_064-Ex1-8D-lcwgs-1-2.2.fq.gz
GoC0206802A_CKDL230021622-1A_HCNTYDSX7_L3_2.fq.gz Goy-CPnd_068-Ex1-2A-lcwgs-1-2.2.fq.gz
GoC0207001A_CKDL230021622-1A_HCNTYDSX7_L3_2.fq.gz Goy-CPnd_070-Ex1-1A-lcwgs-1-2.2.fq.gz
GoC0207103E_CKDL230021622-1A_HCNTYDSX7_L3_2.fq.gz Goy-CPnd_071-Ex1-3E-lcwgs-1-2.2.fq.gz
GoC0207204D_CKDL230021622-1A_HCNTYDSX7_L3_2.fq.gz Goy-CPnd_072-Ex1-4D-lcwgs-1-2.2.fq.gz
GoC0207304C_CKDL230021622-1A_HCNTYDSX7_L3_2.fq.gz Goy-CPnd_073-Ex1-4C-lcwgs-1-2.2.fq.gz
GoC0207401C_CKDL230021622-1A_HCNTYDSX7_L3_2.fq.gz Goy-CPnd_074-Ex1-1C-lcwgs-1-2.2.fq.gz
GoC0208405E_CKDL230021622-1A_HCNTYDSX7_L3_2.fq.gz Goy-CPnd_084-Ex1-5E-lcwgs-1-2.2.fq.gz
GoC0208506G_CKDL230021622-1A_HCNTYDSX7_L3_2.fq.gz Goy-CPnd_085-Ex1-6G-lcwgs-1-2.2.fq.gz
GoC0208706C_CKDL230021622-1A_HCNTYDSX7_L3_2.fq.gz Goy-CPnd_087-Ex1-6C-lcwgs-1-2.2.fq.gz
GoC0208806H_CKDL230021622-1A_HCNTYDSX7_L3_2.fq.gz Goy-CPnd_088-Ex1-6H-lcwgs-1-2.2.fq.gz
GoC0209005G_CKDL230021622-1A_HCNTYDSX7_L3_2.fq.gz Goy-CPnd_090-Ex1-5G-lcwgs-1-2.2.fq.gz
GoC0209104G_CKDL230021622-1A_HCNTYDSX7_L3_2.fq.gz Goy-CPnd_091-Ex1-4G-lcwgs-1-2.2.fq.gz
GoC0209204A_CKDL230021622-1A_HCNTYDSX7_L3_2.fq.gz Goy-CPnd_092-Ex1-4A-lcwgs-1-2.2.fq.gz
GoC0209505A_CKDL230021622-1A_HCNTYDSX7_L3_2.fq.gz Goy-CPnd_095-Ex1-5A-lcwgs-1-2.2.fq.gz
