Looking to launch executable "/opt/conda/bin/bwa-meme_mode3.avx512bw", simd = _mode3.avx512bw
Launching executable "/opt/conda/bin/bwa-meme_mode3.avx512bw"
-----------------------------
Executing in AVX512 mode!!
-----------------------------
* SA compression enabled with xfactor: 8
* Ref file: reference.ssl.Sne.fasta
* Entering FMI_search
* Index file found. Loading index from reference.ssl.Sne.fasta.bwt.2bit.64
* Reference seq len for bi-index = 1
* sentinel-index: 0
* Count:
0,	1
1,	1
2,	1
3,	1
4,	1

* Reading other elements of the index from files reference.ssl.Sne.fasta
* Index prefix: reference.ssl.Sne.fasta
* Read 0 ALT contigs
* Done reading Index!!
* Reading reference genome..
* Binary seq file = reference.ssl.Sne.fasta.0123
* Reference genome size: 0 bp
* Done reading reference genome !!

------------------------------------------
1. Memory pre-allocation for Chaining: 5679.4903 MB
2. Memory pre-allocation for BSW: 9584.6810 MB
3. Memory pre-allocation for BWT: 3092.5670 MB
------------------------------------------
* Threads used (compute): 40
* No. of pipeline threads: 2

[0000] read_chunk: 400000000, work_chunk_size: 400000077, nseq: 3182760
	[0000][ M::kt_pipeline] read 3182760 sequences (400000077 bp)...
[0000] Reallocating initial memory allocations!!
[0000] read_chunk: 400000000, work_chunk_size: 175939265, nseq: 1400562
	[0000][ M::kt_pipeline] read 1400562 sequences (175939265 bp)...
[0000] Calling mem_process_seqs.., task: 0
[0000] 1. Calling kt_for - worker_bwt
[0000] 2. Calling kt_for - worker_aln
[0000] Inferring insert size distribution of PE reads from data, l_pac: 0, n: 3182760
[0000][PE] # candidate unique pairs for (FF, FR, RF, RR): (0, 0, 0, 0)
[0000][PE] skip orientation FF as there are not enough pairs
[0000][PE] skip orientation FR as there are not enough pairs
[0000][PE] skip orientation RF as there are not enough pairs
[0000][PE] skip orientation RR as there are not enough pairs
[0000] 3. Calling kt_for - worker_sam
	[0000][ M::mem_process_seqs] Processed 3182760 reads in 47.190 CPU sec, 1.257 real sec
[0000] Calling mem_process_seqs.., task: 1
[0000] 1. Calling kt_for - worker_bwt
[0000] 2. Calling kt_for - worker_aln
[0000] Inferring insert size distribution of PE reads from data, l_pac: 0, n: 1400562
[0000][PE] # candidate unique pairs for (FF, FR, RF, RR): (0, 0, 0, 0)
[0000][PE] skip orientation FF as there are not enough pairs
[0000][PE] skip orientation FR as there are not enough pairs
[0000][PE] skip orientation RF as there are not enough pairs
[0000][PE] skip orientation RR as there are not enough pairs
[0000] 3. Calling kt_for - worker_sam
	[0000][ M::mem_process_seqs] Processed 1400562 reads in 22.719 CPU sec, 0.718 real sec
[0000] read_chunk: 400000000, work_chunk_size: 0, nseq: 0
[0000] read_chunk: 400000000, work_chunk_size: 0, nseq: 0
[0000] Computation ends..
No. of OMP threads: 40
Processor is running @2394.651846 MHz
Runtime profile:

	Time taken for main_mem function: 27.30 sec

	IO times (sec) :
	Reading IO time (reads) avg: 13.19, (13.19, 13.19)
	Writing IO time (SAM) avg: 2.48, (2.48, 2.48)
	Reading IO time (Reference Genome) avg: 0.00, (0.00, 0.00)
	Index read time avg: 5.09, (5.09, 5.09)

	Overall time (sec) (Excluding Index reading time):
	PROCESS() (Total compute time + (read + SAM) IO time) : 22.20
	MEM_PROCESS_SEQ() (Total compute time (Kernel + SAM)), avg: 1.97, (1.97, 1.97)

	 SAM Processing time (sec):
	--WORKER_SAM avg: 0.23, (0.23, 0.23)

	Kernels' compute time (sec):
	Total kernel (smem+sal+bsw) time avg: 1.72, (1.72, 1.72)
		MEM_ALN_CHAIN_FLT avg: 0.00, (0.00, 0.00)
		MEM_ALN_CHAIN_SEED avg: 0.00, (0.00, 0.00)
		ERT_SEED_CHAIN avg: 0.00, (0.00, 0.00)
	LEARNED_SEED_CHAIN avg: 0.00, (0.00, 0.00)
		SMEM compute avg: 1.40, (1.46, 1.33)
		SAL compute avg: 0.00, (0.00, 0.00)
				MEM_SA avg: 0.00, (0.00, 0.00)

		BSW time, avg: 0.08, (0.12, 0.06)

Important parameter settings: 
	BATCH_SIZE: 512
	MAX_SEQ_LEN_REF: 256
	MAX_SEQ_LEN_QER: 128
	MAX_SEQ_LEN8: 128
	SEEDS_PER_READ: 500
	SIMD_WIDTH8 X: 64
	SIMD_WIDTH16 X: 32
	AVG_SEEDS_PER_READ: 64
