Looking to launch executable "/opt/conda/bin/bwa-meme_mode3.avx512bw", simd = _mode3.avx512bw
Launching executable "/opt/conda/bin/bwa-meme_mode3.avx512bw"
-----------------------------
Executing in AVX512 mode!!
-----------------------------
* SA compression enabled with xfactor: 8
* Ref file: reference.ssl.Sne.fasta
* Entering FMI_search
* Index file found. Loading index from reference.ssl.Sne.fasta.bwt.2bit.64
* Reference seq len for bi-index = 2897756733
* sentinel-index: 133786390
* Count:
0,	1
1,	895477253
2,	1448878367
3,	2002279481
4,	2897756733

* Reading other elements of the index from files reference.ssl.Sne.fasta
* Index prefix: reference.ssl.Sne.fasta
* Read 0 ALT contigs
* Done reading Index!!
* Reading reference genome..
* Binary seq file = reference.ssl.Sne.fasta.0123
* Reference genome size: 2897756732 bp
* Done reading reference genome !!

------------------------------------------
1. Memory pre-allocation for Chaining: 5679.4903 MB
2. Memory pre-allocation for BSW: 9584.6810 MB
3. Memory pre-allocation for BWT: 3092.5670 MB
------------------------------------------
* Threads used (compute): 40
* No. of pipeline threads: 2

[0000] read_chunk: 400000000, work_chunk_size: 400000069, nseq: 2969136
	[0000][ M::kt_pipeline] read 2969136 sequences (400000069 bp)...
[0000] Reallocating initial memory allocations!!
[0000] read_chunk: 400000000, work_chunk_size: 5381810, nseq: 40026
	[0000][ M::kt_pipeline] read 40026 sequences (5381810 bp)...
[0000] Calling mem_process_seqs.., task: 0
[0000] 1. Calling kt_for - worker_bwt
[0000] 2. Calling kt_for - worker_aln
[0000] Inferring insert size distribution of PE reads from data, l_pac: 1448878366, n: 2969136
[0000][PE] # candidate unique pairs for (FF, FR, RF, RR): (206, 1094279, 60, 176)
[0000][PE] analyzing insert size distribution for orientation FF...
[0000][PE] (25, 50, 75) percentile: (88, 135, 190)
[0000][PE] low and high boundaries for computing mean and std.dev: (1, 394)
[0000][PE] mean and std.dev: (139.31, 64.88)
[0000][PE] low and high boundaries for proper pairs: (1, 496)
[0000][PE] analyzing insert size distribution for orientation FR...
[0000][PE] (25, 50, 75) percentile: (127, 168, 225)
[0000][PE] low and high boundaries for computing mean and std.dev: (1, 421)
[0000][PE] mean and std.dev: (179.72, 69.77)
[0000][PE] low and high boundaries for proper pairs: (1, 519)
[0000][PE] analyzing insert size distribution for orientation RF...
[0000][PE] (25, 50, 75) percentile: (131, 240, 422)
[0000][PE] low and high boundaries for computing mean and std.dev: (1, 1004)
[0000][PE] mean and std.dev: (265.04, 197.69)
[0000][PE] low and high boundaries for proper pairs: (1, 1295)
[0000][PE] analyzing insert size distribution for orientation RR...
[0000][PE] (25, 50, 75) percentile: (88, 130, 181)
[0000][PE] low and high boundaries for computing mean and std.dev: (1, 367)
[0000][PE] mean and std.dev: (134.72, 63.42)
[0000][PE] low and high boundaries for proper pairs: (1, 460)
[0000][PE] skip orientation FF
[0000][PE] skip orientation RF
[0000][PE] skip orientation RR
[0000] 3. Calling kt_for - worker_sam
	[0000][ M::mem_process_seqs] Processed 2969136 reads in 1109.774 CPU sec, 28.712 real sec
[0000] Calling mem_process_seqs.., task: 1
[0000] 1. Calling kt_for - worker_bwt
[0000] 2. Calling kt_for - worker_aln
[0000] Inferring insert size distribution of PE reads from data, l_pac: 1448878366, n: 40026
[0000][PE] # candidate unique pairs for (FF, FR, RF, RR): (1, 14610, 0, 0)
[0000][PE] skip orientation FF as there are not enough pairs
[0000][PE] analyzing insert size distribution for orientation FR...
[0000][PE] (25, 50, 75) percentile: (127, 167, 226)
[0000][PE] low and high boundaries for computing mean and std.dev: (1, 424)
[0000][PE] mean and std.dev: (179.79, 70.02)
[0000][PE] low and high boundaries for proper pairs: (1, 523)
[0000][PE] skip orientation RF as there are not enough pairs
[0000][PE] skip orientation RR as there are not enough pairs
[0000] 3. Calling kt_for - worker_sam
	[0000][ M::mem_process_seqs] Processed 40026 reads in 18.792 CPU sec, 0.901 real sec
[0000] read_chunk: 400000000, work_chunk_size: 0, nseq: 0
[0000] read_chunk: 400000000, work_chunk_size: 0, nseq: 0
[0000] Computation ends..
No. of OMP threads: 40
Processor is running @2394.656394 MHz
Runtime profile:

	Time taken for main_mem function: 60.88 sec

	IO times (sec) :
	Reading IO time (reads) avg: 9.05, (9.05, 9.05)
	Writing IO time (SAM) avg: 5.18, (5.18, 5.18)
	Reading IO time (Reference Genome) avg: 1.73, (1.73, 1.73)
	Index read time avg: 4.90, (4.90, 4.90)

	Overall time (sec) (Excluding Index reading time):
	PROCESS() (Total compute time + (read + SAM) IO time) : 51.74
	MEM_PROCESS_SEQ() (Total compute time (Kernel + SAM)), avg: 29.61, (29.61, 29.61)

	 SAM Processing time (sec):
	--WORKER_SAM avg: 3.74, (3.74, 3.74)

	Kernels' compute time (sec):
	Total kernel (smem+sal+bsw) time avg: 25.32, (25.32, 25.32)
		MEM_ALN_CHAIN_FLT avg: 0.00, (0.00, 0.00)
		MEM_ALN_CHAIN_SEED avg: 0.00, (0.00, 0.00)
		ERT_SEED_CHAIN avg: 0.00, (0.00, 0.00)
	LEARNED_SEED_CHAIN avg: 0.00, (0.00, 0.00)
		SMEM compute avg: 13.52, (13.77, 13.31)
		SAL compute avg: 5.09, (5.21, 4.86)
				MEM_SA avg: 2.29, (2.42, 2.17)

		BSW time, avg: 5.67, (5.76, 5.60)

Important parameter settings: 
	BATCH_SIZE: 512
	MAX_SEQ_LEN_REF: 256
	MAX_SEQ_LEN_QER: 128
	MAX_SEQ_LEN8: 128
	SEEDS_PER_READ: 500
	SIMD_WIDTH8 X: 64
	SIMD_WIDTH16 X: 32
	AVG_SEEDS_PER_READ: 64
