Looking to launch executable "/opt/conda/bin/bwa-meme_mode3.avx512bw", simd = _mode3.avx512bw
Launching executable "/opt/conda/bin/bwa-meme_mode3.avx512bw"
-----------------------------
Executing in AVX512 mode!!
-----------------------------
* SA compression enabled with xfactor: 8
* Ref file: reference.ssl.Sne.fasta
* Entering FMI_search
* Index file found. Loading index from reference.ssl.Sne.fasta.bwt.2bit.64
* Reference seq len for bi-index = 2897756733
* sentinel-index: 133786390
* Count:
0,	1
1,	895477253
2,	1448878367
3,	2002279481
4,	2897756733

* Reading other elements of the index from files reference.ssl.Sne.fasta
* Index prefix: reference.ssl.Sne.fasta
* Read 0 ALT contigs
* Done reading Index!!
* Reading reference genome..
* Binary seq file = reference.ssl.Sne.fasta.0123
* Reference genome size: 2897756732 bp
* Done reading reference genome !!

------------------------------------------
1. Memory pre-allocation for Chaining: 5679.4903 MB
2. Memory pre-allocation for BSW: 9584.6810 MB
3. Memory pre-allocation for BWT: 3092.5670 MB
------------------------------------------
* Threads used (compute): 40
* No. of pipeline threads: 2

[0000] read_chunk: 400000000, work_chunk_size: 400000269, nseq: 3247598
	[0000][ M::kt_pipeline] read 3247598 sequences (400000269 bp)...
[0000] Reallocating initial memory allocations!!
[0000] Calling mem_process_seqs.., task: 0
[0000] 1. Calling kt_for - worker_bwt
[0000] read_chunk: 400000000, work_chunk_size: 395557111, nseq: 3211618
	[0000][ M::kt_pipeline] read 3211618 sequences (395557111 bp)...
[0000] 2. Calling kt_for - worker_aln
[0000] Inferring insert size distribution of PE reads from data, l_pac: 1448878366, n: 3247598
[0000][PE] # candidate unique pairs for (FF, FR, RF, RR): (80, 1203778, 35, 72)
[0000][PE] analyzing insert size distribution for orientation FF...
[0000][PE] (25, 50, 75) percentile: (66, 112, 169)
[0000][PE] low and high boundaries for computing mean and std.dev: (1, 375)
[0000][PE] mean and std.dev: (116.12, 67.46)
[0000][PE] low and high boundaries for proper pairs: (1, 478)
[0000][PE] analyzing insert size distribution for orientation FR...
[0000][PE] (25, 50, 75) percentile: (103, 136, 180)
[0000][PE] low and high boundaries for computing mean and std.dev: (1, 334)
[0000][PE] mean and std.dev: (145.64, 59.24)
[0000][PE] low and high boundaries for proper pairs: (1, 411)
[0000][PE] analyzing insert size distribution for orientation RF...
[0000][PE] (25, 50, 75) percentile: (55, 144, 374)
[0000][PE] low and high boundaries for computing mean and std.dev: (1, 1012)
[0000][PE] mean and std.dev: (186.55, 203.21)
[0000][PE] low and high boundaries for proper pairs: (1, 1331)
[0000][PE] analyzing insert size distribution for orientation RR...
[0000][PE] (25, 50, 75) percentile: (70, 95, 134)
[0000][PE] low and high boundaries for computing mean and std.dev: (1, 262)
[0000][PE] mean and std.dev: (104.03, 51.56)
[0000][PE] low and high boundaries for proper pairs: (1, 326)
[0000][PE] skip orientation FF
[0000][PE] skip orientation RF
[0000][PE] skip orientation RR
[0000] 3. Calling kt_for - worker_sam
	[0000][ M::mem_process_seqs] Processed 3247598 reads in 993.658 CPU sec, 25.790 real sec
[0000] Calling mem_process_seqs.., task: 1
[0000] 1. Calling kt_for - worker_bwt
[0000] read_chunk: 400000000, work_chunk_size: 0, nseq: 0
[0000] 2. Calling kt_for - worker_aln
[0000] Inferring insert size distribution of PE reads from data, l_pac: 1448878366, n: 3211618
[0000][PE] # candidate unique pairs for (FF, FR, RF, RR): (87, 1188086, 28, 98)
[0000][PE] analyzing insert size distribution for orientation FF...
[0000][PE] (25, 50, 75) percentile: (73, 100, 158)
[0000][PE] low and high boundaries for computing mean and std.dev: (1, 328)
[0000][PE] mean and std.dev: (113.78, 64.14)
[0000][PE] low and high boundaries for proper pairs: (1, 413)
[0000][PE] analyzing insert size distribution for orientation FR...
[0000][PE] (25, 50, 75) percentile: (103, 136, 180)
[0000][PE] low and high boundaries for computing mean and std.dev: (1, 334)
[0000][PE] mean and std.dev: (145.65, 59.26)
[0000][PE] low and high boundaries for proper pairs: (1, 411)
[0000][PE] analyzing insert size distribution for orientation RF...
[0000][PE] (25, 50, 75) percentile: (102, 195, 413)
[0000][PE] low and high boundaries for computing mean and std.dev: (1, 1035)
[0000][PE] mean and std.dev: (231.56, 173.94)
[0000][PE] low and high boundaries for proper pairs: (1, 1346)
[0000][PE] analyzing insert size distribution for orientation RR...
[0000][PE] (25, 50, 75) percentile: (71, 102, 139)
[0000][PE] low and high boundaries for computing mean and std.dev: (1, 275)
[0000][PE] mean and std.dev: (108.51, 55.28)
[0000][PE] low and high boundaries for proper pairs: (1, 343)
[0000][PE] skip orientation FF
[0000][PE] skip orientation RF
[0000][PE] skip orientation RR
[0000] 3. Calling kt_for - worker_sam
	[0000][ M::mem_process_seqs] Processed 3211618 reads in 942.904 CPU sec, 25.006 real sec
[0000] read_chunk: 400000000, work_chunk_size: 0, nseq: 0
[0000] Computation ends..
No. of OMP threads: 40
Processor is running @2394.650632 MHz
Runtime profile:

	Time taken for main_mem function: 80.98 sec

	IO times (sec) :
	Reading IO time (reads) avg: 18.95, (18.95, 18.95)
	Writing IO time (SAM) avg: 12.82, (12.82, 12.82)
	Reading IO time (Reference Genome) avg: 1.72, (1.72, 1.72)
	Index read time avg: 4.98, (4.98, 4.98)

	Overall time (sec) (Excluding Index reading time):
	PROCESS() (Total compute time + (read + SAM) IO time) : 71.80
	MEM_PROCESS_SEQ() (Total compute time (Kernel + SAM)), avg: 50.79, (50.79, 50.79)

	 SAM Processing time (sec):
	--WORKER_SAM avg: 5.43, (5.43, 5.43)

	Kernels' compute time (sec):
	Total kernel (smem+sal+bsw) time avg: 44.27, (44.27, 44.27)
		MEM_ALN_CHAIN_FLT avg: 0.00, (0.00, 0.00)
		MEM_ALN_CHAIN_SEED avg: 0.00, (0.00, 0.00)
		ERT_SEED_CHAIN avg: 0.00, (0.00, 0.00)
	LEARNED_SEED_CHAIN avg: 0.00, (0.00, 0.00)
		SMEM compute avg: 23.65, (23.92, 23.32)
		SAL compute avg: 9.21, (9.39, 9.00)
				MEM_SA avg: 4.04, (4.18, 3.89)

		BSW time, avg: 9.73, (9.77, 9.71)

Important parameter settings: 
	BATCH_SIZE: 512
	MAX_SEQ_LEN_REF: 256
	MAX_SEQ_LEN_QER: 128
	MAX_SEQ_LEN8: 128
	SEEDS_PER_READ: 500
	SIMD_WIDTH8 X: 64
	SIMD_WIDTH16 X: 32
	AVG_SEEDS_PER_READ: 64
