Looking to launch executable "/opt/conda/bin/bwa-meme_mode3.avx512bw", simd = _mode3.avx512bw
Launching executable "/opt/conda/bin/bwa-meme_mode3.avx512bw"
-----------------------------
Executing in AVX512 mode!!
-----------------------------
* SA compression enabled with xfactor: 8
* Ref file: reference.ssl.Sne.fasta
* Entering FMI_search
* Index file found. Loading index from reference.ssl.Sne.fasta.bwt.2bit.64
* Reference seq len for bi-index = 1
* sentinel-index: 0
* Count:
0,	1
1,	1
2,	1
3,	1
4,	1

* Reading other elements of the index from files reference.ssl.Sne.fasta
* Index prefix: reference.ssl.Sne.fasta
* Read 0 ALT contigs
* Done reading Index!!
* Reading reference genome..
* Binary seq file = reference.ssl.Sne.fasta.0123
* Reference genome size: 0 bp
* Done reading reference genome !!

------------------------------------------
1. Memory pre-allocation for Chaining: 5679.4903 MB
2. Memory pre-allocation for BSW: 9584.6810 MB
3. Memory pre-allocation for BWT: 3092.5670 MB
------------------------------------------
* Threads used (compute): 40
* No. of pipeline threads: 2

[0000] read_chunk: 400000000, work_chunk_size: 400000068, nseq: 2894434
	[0000][ M::kt_pipeline] read 2894434 sequences (400000068 bp)...
[0000] Reallocating initial memory allocations!!
[0000] Calling mem_process_seqs.., task: 0
[0000] 1. Calling kt_for - worker_bwt
[0000] 2. Calling kt_for - worker_aln
[0000] Inferring insert size distribution of PE reads from data, l_pac: 0, n: 2894434
[0000][PE] # candidate unique pairs for (FF, FR, RF, RR): (0, 0, 0, 0)
[0000][PE] skip orientation FF as there are not enough pairs
[0000][PE] skip orientation FR as there are not enough pairs
[0000][PE] skip orientation RF as there are not enough pairs
[0000][PE] skip orientation RR as there are not enough pairs
[0000] 3. Calling kt_for - worker_sam
	[0000][ M::mem_process_seqs] Processed 2894434 reads in 45.843 CPU sec, 1.335 real sec
[0000] read_chunk: 400000000, work_chunk_size: 400000022, nseq: 2897764
	[0000][ M::kt_pipeline] read 2897764 sequences (400000022 bp)...
[0000] Reallocating initial memory allocations!!
[0000] Calling mem_process_seqs.., task: 1
[0000] 1. Calling kt_for - worker_bwt
[0000] 2. Calling kt_for - worker_aln
[0000] Inferring insert size distribution of PE reads from data, l_pac: 0, n: 2897764
[0000][PE] # candidate unique pairs for (FF, FR, RF, RR): (0, 0, 0, 0)
[0000][PE] skip orientation FF as there are not enough pairs
[0000][PE] skip orientation FR as there are not enough pairs
[0000][PE] skip orientation RF as there are not enough pairs
[0000][PE] skip orientation RR as there are not enough pairs
[0000] 3. Calling kt_for - worker_sam
	[0000][ M::mem_process_seqs] Processed 2897764 reads in 44.150 CPU sec, 1.180 real sec
[0000] read_chunk: 400000000, work_chunk_size: 400000205, nseq: 2897892
	[0000][ M::kt_pipeline] read 2897892 sequences (400000205 bp)...
[0000] Reallocating initial memory allocations!!
[0000] Calling mem_process_seqs.., task: 2
[0000] 1. Calling kt_for - worker_bwt
[0000] 2. Calling kt_for - worker_aln
[0000] Inferring insert size distribution of PE reads from data, l_pac: 0, n: 2897892
[0000][PE] # candidate unique pairs for (FF, FR, RF, RR): (0, 0, 0, 0)
[0000][PE] skip orientation FF as there are not enough pairs
[0000][PE] skip orientation FR as there are not enough pairs
[0000][PE] skip orientation RF as there are not enough pairs
[0000][PE] skip orientation RR as there are not enough pairs
[0000] 3. Calling kt_for - worker_sam
	[0000][ M::mem_process_seqs] Processed 2897892 reads in 44.731 CPU sec, 1.251 real sec
[0000] read_chunk: 400000000, work_chunk_size: 400000111, nseq: 2897696
	[0000][ M::kt_pipeline] read 2897696 sequences (400000111 bp)...
[0000] Calling mem_process_seqs.., task: 3
[0000] 1. Calling kt_for - worker_bwt
[0000] 2. Calling kt_for - worker_aln
[0000] Inferring insert size distribution of PE reads from data, l_pac: 0, n: 2897696
[0000][PE] # candidate unique pairs for (FF, FR, RF, RR): (0, 0, 0, 0)
[0000][PE] skip orientation FF as there are not enough pairs
[0000][PE] skip orientation FR as there are not enough pairs
[0000][PE] skip orientation RF as there are not enough pairs
[0000][PE] skip orientation RR as there are not enough pairs
[0000] 3. Calling kt_for - worker_sam
	[0000][ M::mem_process_seqs] Processed 2897696 reads in 43.338 CPU sec, 1.141 real sec
[0000] read_chunk: 400000000, work_chunk_size: 400000075, nseq: 2897726
	[0000][ M::kt_pipeline] read 2897726 sequences (400000075 bp)...
[0000] Calling mem_process_seqs.., task: 4
[0000] 1. Calling kt_for - worker_bwt
[0000] 2. Calling kt_for - worker_aln
[0000] Inferring insert size distribution of PE reads from data, l_pac: 0, n: 2897726
[0000][PE] # candidate unique pairs for (FF, FR, RF, RR): (0, 0, 0, 0)
[0000][PE] skip orientation FF as there are not enough pairs
[0000][PE] skip orientation FR as there are not enough pairs
[0000][PE] skip orientation RF as there are not enough pairs
[0000][PE] skip orientation RR as there are not enough pairs
[0000] 3. Calling kt_for - worker_sam
	[0000][ M::mem_process_seqs] Processed 2897726 reads in 45.179 CPU sec, 1.192 real sec
[0000] read_chunk: 400000000, work_chunk_size: 400000090, nseq: 2898132
	[0000][ M::kt_pipeline] read 2898132 sequences (400000090 bp)...
[0000] Reallocating initial memory allocations!!
[0000] Calling mem_process_seqs.., task: 5
[0000] 1. Calling kt_for - worker_bwt
[0000] 2. Calling kt_for - worker_aln
[0000] Inferring insert size distribution of PE reads from data, l_pac: 0, n: 2898132
[0000][PE] # candidate unique pairs for (FF, FR, RF, RR): (0, 0, 0, 0)
[0000][PE] skip orientation FF as there are not enough pairs
[0000][PE] skip orientation FR as there are not enough pairs
[0000][PE] skip orientation RF as there are not enough pairs
[0000][PE] skip orientation RR as there are not enough pairs
[0000] 3. Calling kt_for - worker_sam
	[0000][ M::mem_process_seqs] Processed 2898132 reads in 42.007 CPU sec, 1.124 real sec
[0000] read_chunk: 400000000, work_chunk_size: 400000145, nseq: 2897316
	[0000][ M::kt_pipeline] read 2897316 sequences (400000145 bp)...
[0000] Calling mem_process_seqs.., task: 6
[0000] 1. Calling kt_for - worker_bwt
[0000] 2. Calling kt_for - worker_aln
[0000] Inferring insert size distribution of PE reads from data, l_pac: 0, n: 2897316
[0000][PE] # candidate unique pairs for (FF, FR, RF, RR): (0, 0, 0, 0)
[0000][PE] skip orientation FF as there are not enough pairs
[0000][PE] skip orientation FR as there are not enough pairs
[0000][PE] skip orientation RF as there are not enough pairs
[0000][PE] skip orientation RR as there are not enough pairs
[0000] 3. Calling kt_for - worker_sam
	[0000][ M::mem_process_seqs] Processed 2897316 reads in 42.956 CPU sec, 1.148 real sec
[0000] read_chunk: 400000000, work_chunk_size: 400000089, nseq: 2891658
	[0000][ M::kt_pipeline] read 2891658 sequences (400000089 bp)...
[0000] Calling mem_process_seqs.., task: 7
[0000] 1. Calling kt_for - worker_bwt
[0000] 2. Calling kt_for - worker_aln
[0000] Inferring insert size distribution of PE reads from data, l_pac: 0, n: 2891658
[0000][PE] # candidate unique pairs for (FF, FR, RF, RR): (0, 0, 0, 0)
[0000][PE] skip orientation FF as there are not enough pairs
[0000][PE] skip orientation FR as there are not enough pairs
[0000][PE] skip orientation RF as there are not enough pairs
[0000][PE] skip orientation RR as there are not enough pairs
[0000] 3. Calling kt_for - worker_sam
	[0000][ M::mem_process_seqs] Processed 2891658 reads in 42.218 CPU sec, 1.122 real sec
[0000] read_chunk: 400000000, work_chunk_size: 400000057, nseq: 2899760
	[0000][ M::kt_pipeline] read 2899760 sequences (400000057 bp)...
[0000] Reallocating initial memory allocations!!
[0000] Calling mem_process_seqs.., task: 8
[0000] 1. Calling kt_for - worker_bwt
[0000] 2. Calling kt_for - worker_aln
[0000] Inferring insert size distribution of PE reads from data, l_pac: 0, n: 2899760
[0000][PE] # candidate unique pairs for (FF, FR, RF, RR): (0, 0, 0, 0)
[0000][PE] skip orientation FF as there are not enough pairs
[0000][PE] skip orientation FR as there are not enough pairs
[0000][PE] skip orientation RF as there are not enough pairs
[0000][PE] skip orientation RR as there are not enough pairs
[0000] 3. Calling kt_for - worker_sam
	[0000][ M::mem_process_seqs] Processed 2899760 reads in 43.369 CPU sec, 1.194 real sec
[0000] read_chunk: 400000000, work_chunk_size: 400000294, nseq: 2899466
	[0000][ M::kt_pipeline] read 2899466 sequences (400000294 bp)...
[0000] Calling mem_process_seqs.., task: 9
[0000] 1. Calling kt_for - worker_bwt
[0000] 2. Calling kt_for - worker_aln
[0000] Inferring insert size distribution of PE reads from data, l_pac: 0, n: 2899466
[0000][PE] # candidate unique pairs for (FF, FR, RF, RR): (0, 0, 0, 0)
[0000][PE] skip orientation FF as there are not enough pairs
[0000][PE] skip orientation FR as there are not enough pairs
[0000][PE] skip orientation RF as there are not enough pairs
[0000][PE] skip orientation RR as there are not enough pairs
[0000] 3. Calling kt_for - worker_sam
	[0000][ M::mem_process_seqs] Processed 2899466 reads in 42.910 CPU sec, 1.131 real sec
[0000] read_chunk: 400000000, work_chunk_size: 400000028, nseq: 2899024
	[0000][ M::kt_pipeline] read 2899024 sequences (400000028 bp)...
[0000] Calling mem_process_seqs.., task: 10
[0000] 1. Calling kt_for - worker_bwt
[0000] 2. Calling kt_for - worker_aln
[0000] Inferring insert size distribution of PE reads from data, l_pac: 0, n: 2899024
[0000][PE] # candidate unique pairs for (FF, FR, RF, RR): (0, 0, 0, 0)
[0000][PE] skip orientation FF as there are not enough pairs
[0000][PE] skip orientation FR as there are not enough pairs
[0000][PE] skip orientation RF as there are not enough pairs
[0000][PE] skip orientation RR as there are not enough pairs
[0000] 3. Calling kt_for - worker_sam
	[0000][ M::mem_process_seqs] Processed 2899024 reads in 41.823 CPU sec, 1.226 real sec
[0000] read_chunk: 400000000, work_chunk_size: 400000278, nseq: 2896038
	[0000][ M::kt_pipeline] read 2896038 sequences (400000278 bp)...
[0000] Calling mem_process_seqs.., task: 11
[0000] 1. Calling kt_for - worker_bwt
[0000] 2. Calling kt_for - worker_aln
[0000] Inferring insert size distribution of PE reads from data, l_pac: 0, n: 2896038
[0000][PE] # candidate unique pairs for (FF, FR, RF, RR): (0, 0, 0, 0)
[0000][PE] skip orientation FF as there are not enough pairs
[0000][PE] skip orientation FR as there are not enough pairs
[0000][PE] skip orientation RF as there are not enough pairs
[0000][PE] skip orientation RR as there are not enough pairs
[0000] 3. Calling kt_for - worker_sam
	[0000][ M::mem_process_seqs] Processed 2896038 reads in 40.957 CPU sec, 1.117 real sec
[0000] read_chunk: 400000000, work_chunk_size: 400000244, nseq: 2894748
	[0000][ M::kt_pipeline] read 2894748 sequences (400000244 bp)...
[0000] Calling mem_process_seqs.., task: 12
[0000] 1. Calling kt_for - worker_bwt
[0000] 2. Calling kt_for - worker_aln
[0000] Inferring insert size distribution of PE reads from data, l_pac: 0, n: 2894748
[0000][PE] # candidate unique pairs for (FF, FR, RF, RR): (0, 0, 0, 0)
[0000][PE] skip orientation FF as there are not enough pairs
[0000][PE] skip orientation FR as there are not enough pairs
[0000][PE] skip orientation RF as there are not enough pairs
[0000][PE] skip orientation RR as there are not enough pairs
[0000] 3. Calling kt_for - worker_sam
	[0000][ M::mem_process_seqs] Processed 2894748 reads in 41.396 CPU sec, 1.322 real sec
[0000] read_chunk: 400000000, work_chunk_size: 400000276, nseq: 2897052
	[0000][ M::kt_pipeline] read 2897052 sequences (400000276 bp)...
[0000] Calling mem_process_seqs.., task: 13
[0000] 1. Calling kt_for - worker_bwt
[0000] 2. Calling kt_for - worker_aln
[0000] Inferring insert size distribution of PE reads from data, l_pac: 0, n: 2897052
[0000][PE] # candidate unique pairs for (FF, FR, RF, RR): (0, 0, 0, 0)
[0000][PE] skip orientation FF as there are not enough pairs
[0000][PE] skip orientation FR as there are not enough pairs
[0000][PE] skip orientation RF as there are not enough pairs
[0000][PE] skip orientation RR as there are not enough pairs
[0000] 3. Calling kt_for - worker_sam
	[0000][ M::mem_process_seqs] Processed 2897052 reads in 42.616 CPU sec, 1.126 real sec
[0000] read_chunk: 400000000, work_chunk_size: 400000029, nseq: 2896554
	[0000][ M::kt_pipeline] read 2896554 sequences (400000029 bp)...
[0000] Calling mem_process_seqs.., task: 14
[0000] 1. Calling kt_for - worker_bwt
[0000] 2. Calling kt_for - worker_aln
[0000] Inferring insert size distribution of PE reads from data, l_pac: 0, n: 2896554
[0000][PE] # candidate unique pairs for (FF, FR, RF, RR): (0, 0, 0, 0)
[0000][PE] skip orientation FF as there are not enough pairs
[0000][PE] skip orientation FR as there are not enough pairs
[0000][PE] skip orientation RF as there are not enough pairs
[0000][PE] skip orientation RR as there are not enough pairs
[0000] 3. Calling kt_for - worker_sam
	[0000][ M::mem_process_seqs] Processed 2896554 reads in 43.248 CPU sec, 1.154 real sec
[0000] read_chunk: 400000000, work_chunk_size: 400000156, nseq: 2896726
	[0000][ M::kt_pipeline] read 2896726 sequences (400000156 bp)...
[0000] Calling mem_process_seqs.., task: 15
[0000] 1. Calling kt_for - worker_bwt
[0000] 2. Calling kt_for - worker_aln
[0000] Inferring insert size distribution of PE reads from data, l_pac: 0, n: 2896726
[0000][PE] # candidate unique pairs for (FF, FR, RF, RR): (0, 0, 0, 0)
[0000][PE] skip orientation FF as there are not enough pairs
[0000][PE] skip orientation FR as there are not enough pairs
[0000][PE] skip orientation RF as there are not enough pairs
[0000][PE] skip orientation RR as there are not enough pairs
[0000] 3. Calling kt_for - worker_sam
	[0000][ M::mem_process_seqs] Processed 2896726 reads in 42.507 CPU sec, 1.106 real sec
[0000] read_chunk: 400000000, work_chunk_size: 400000129, nseq: 2888666
	[0000][ M::kt_pipeline] read 2888666 sequences (400000129 bp)...
[0000] Calling mem_process_seqs.., task: 16
[0000] 1. Calling kt_for - worker_bwt
[0000] 2. Calling kt_for - worker_aln
[0000] Inferring insert size distribution of PE reads from data, l_pac: 0, n: 2888666
[0000][PE] # candidate unique pairs for (FF, FR, RF, RR): (0, 0, 0, 0)
[0000][PE] skip orientation FF as there are not enough pairs
[0000][PE] skip orientation FR as there are not enough pairs
[0000][PE] skip orientation RF as there are not enough pairs
[0000][PE] skip orientation RR as there are not enough pairs
[0000] 3. Calling kt_for - worker_sam
	[0000][ M::mem_process_seqs] Processed 2888666 reads in 42.715 CPU sec, 1.132 real sec
[0000] read_chunk: 400000000, work_chunk_size: 400000209, nseq: 2898058
	[0000][ M::kt_pipeline] read 2898058 sequences (400000209 bp)...
[0000] Calling mem_process_seqs.., task: 17
[0000] 1. Calling kt_for - worker_bwt
[0000] 2. Calling kt_for - worker_aln
[0000] Inferring insert size distribution of PE reads from data, l_pac: 0, n: 2898058
[0000][PE] # candidate unique pairs for (FF, FR, RF, RR): (0, 0, 0, 0)
[0000][PE] skip orientation FF as there are not enough pairs
[0000][PE] skip orientation FR as there are not enough pairs
[0000][PE] skip orientation RF as there are not enough pairs
[0000][PE] skip orientation RR as there are not enough pairs
[0000] 3. Calling kt_for - worker_sam
	[0000][ M::mem_process_seqs] Processed 2898058 reads in 41.658 CPU sec, 1.088 real sec
[0000] read_chunk: 400000000, work_chunk_size: 400000020, nseq: 2897490
	[0000][ M::kt_pipeline] read 2897490 sequences (400000020 bp)...
[0000] Calling mem_process_seqs.., task: 18
[0000] 1. Calling kt_for - worker_bwt
[0000] 2. Calling kt_for - worker_aln
[0000] Inferring insert size distribution of PE reads from data, l_pac: 0, n: 2897490
[0000][PE] # candidate unique pairs for (FF, FR, RF, RR): (0, 0, 0, 0)
[0000][PE] skip orientation FF as there are not enough pairs
[0000][PE] skip orientation FR as there are not enough pairs
[0000][PE] skip orientation RF as there are not enough pairs
[0000][PE] skip orientation RR as there are not enough pairs
[0000] 3. Calling kt_for - worker_sam
	[0000][ M::mem_process_seqs] Processed 2897490 reads in 43.054 CPU sec, 1.128 real sec
[0000] read_chunk: 400000000, work_chunk_size: 400000114, nseq: 2897496
	[0000][ M::kt_pipeline] read 2897496 sequences (400000114 bp)...
[0000] Calling mem_process_seqs.., task: 19
[0000] 1. Calling kt_for - worker_bwt
[0000] 2. Calling kt_for - worker_aln
[0000] Inferring insert size distribution of PE reads from data, l_pac: 0, n: 2897496
[0000][PE] # candidate unique pairs for (FF, FR, RF, RR): (0, 0, 0, 0)
[0000][PE] skip orientation FF as there are not enough pairs
[0000][PE] skip orientation FR as there are not enough pairs
[0000][PE] skip orientation RF as there are not enough pairs
[0000][PE] skip orientation RR as there are not enough pairs
[0000] 3. Calling kt_for - worker_sam
	[0000][ M::mem_process_seqs] Processed 2897496 reads in 44.746 CPU sec, 1.226 real sec
[0000] read_chunk: 400000000, work_chunk_size: 400000174, nseq: 2897988
	[0000][ M::kt_pipeline] read 2897988 sequences (400000174 bp)...
[0000] Calling mem_process_seqs.., task: 20
[0000] 1. Calling kt_for - worker_bwt
[0000] 2. Calling kt_for - worker_aln
[0000] Inferring insert size distribution of PE reads from data, l_pac: 0, n: 2897988
[0000][PE] # candidate unique pairs for (FF, FR, RF, RR): (0, 0, 0, 0)
[0000][PE] skip orientation FF as there are not enough pairs
[0000][PE] skip orientation FR as there are not enough pairs
[0000][PE] skip orientation RF as there are not enough pairs
[0000][PE] skip orientation RR as there are not enough pairs
[0000] 3. Calling kt_for - worker_sam
	[0000][ M::mem_process_seqs] Processed 2897988 reads in 43.976 CPU sec, 1.159 real sec
[0000] read_chunk: 400000000, work_chunk_size: 400000224, nseq: 2900608
	[0000][ M::kt_pipeline] read 2900608 sequences (400000224 bp)...
[0000] Reallocating initial memory allocations!!
[0000] Calling mem_process_seqs.., task: 21
[0000] 1. Calling kt_for - worker_bwt
[0000] 2. Calling kt_for - worker_aln
[0000] Inferring insert size distribution of PE reads from data, l_pac: 0, n: 2900608
[0000][PE] # candidate unique pairs for (FF, FR, RF, RR): (0, 0, 0, 0)
[0000][PE] skip orientation FF as there are not enough pairs
[0000][PE] skip orientation FR as there are not enough pairs
[0000][PE] skip orientation RF as there are not enough pairs
[0000][PE] skip orientation RR as there are not enough pairs
[0000] 3. Calling kt_for - worker_sam
	[0000][ M::mem_process_seqs] Processed 2900608 reads in 42.825 CPU sec, 1.134 real sec
[0000] read_chunk: 400000000, work_chunk_size: 400000175, nseq: 2895930
	[0000][ M::kt_pipeline] read 2895930 sequences (400000175 bp)...
[0000] Calling mem_process_seqs.., task: 22
[0000] 1. Calling kt_for - worker_bwt
[0000] 2. Calling kt_for - worker_aln
[0000] Inferring insert size distribution of PE reads from data, l_pac: 0, n: 2895930
[0000][PE] # candidate unique pairs for (FF, FR, RF, RR): (0, 0, 0, 0)
[0000][PE] skip orientation FF as there are not enough pairs
[0000][PE] skip orientation FR as there are not enough pairs
[0000][PE] skip orientation RF as there are not enough pairs
[0000][PE] skip orientation RR as there are not enough pairs
[0000] 3. Calling kt_for - worker_sam
	[0000][ M::mem_process_seqs] Processed 2895930 reads in 42.630 CPU sec, 1.139 real sec
[0000] read_chunk: 400000000, work_chunk_size: 400000248, nseq: 2897502
	[0000][ M::kt_pipeline] read 2897502 sequences (400000248 bp)...
[0000] Calling mem_process_seqs.., task: 23
[0000] 1. Calling kt_for - worker_bwt
[0000] 2. Calling kt_for - worker_aln
[0000] Inferring insert size distribution of PE reads from data, l_pac: 0, n: 2897502
[0000][PE] # candidate unique pairs for (FF, FR, RF, RR): (0, 0, 0, 0)
[0000][PE] skip orientation FF as there are not enough pairs
[0000][PE] skip orientation FR as there are not enough pairs
[0000][PE] skip orientation RF as there are not enough pairs
[0000][PE] skip orientation RR as there are not enough pairs
[0000] 3. Calling kt_for - worker_sam
	[0000][ M::mem_process_seqs] Processed 2897502 reads in 43.120 CPU sec, 1.146 real sec
[0000] read_chunk: 400000000, work_chunk_size: 400000232, nseq: 2897640
	[0000][ M::kt_pipeline] read 2897640 sequences (400000232 bp)...
[0000] Calling mem_process_seqs.., task: 24
[0000] 1. Calling kt_for - worker_bwt
[0000] 2. Calling kt_for - worker_aln
[0000] Inferring insert size distribution of PE reads from data, l_pac: 0, n: 2897640
[0000][PE] # candidate unique pairs for (FF, FR, RF, RR): (0, 0, 0, 0)
[0000][PE] skip orientation FF as there are not enough pairs
[0000][PE] skip orientation FR as there are not enough pairs
[0000][PE] skip orientation RF as there are not enough pairs
[0000][PE] skip orientation RR as there are not enough pairs
[0000] 3. Calling kt_for - worker_sam
	[0000][ M::mem_process_seqs] Processed 2897640 reads in 42.018 CPU sec, 1.115 real sec
[0000] read_chunk: 400000000, work_chunk_size: 400000269, nseq: 2896530
	[0000][ M::kt_pipeline] read 2896530 sequences (400000269 bp)...
[0000] Calling mem_process_seqs.., task: 25
[0000] 1. Calling kt_for - worker_bwt
[0000] 2. Calling kt_for - worker_aln
[0000] Inferring insert size distribution of PE reads from data, l_pac: 0, n: 2896530
[0000][PE] # candidate unique pairs for (FF, FR, RF, RR): (0, 0, 0, 0)
[0000][PE] skip orientation FF as there are not enough pairs
[0000][PE] skip orientation FR as there are not enough pairs
[0000][PE] skip orientation RF as there are not enough pairs
[0000][PE] skip orientation RR as there are not enough pairs
[0000] 3. Calling kt_for - worker_sam
	[0000][ M::mem_process_seqs] Processed 2896530 reads in 44.306 CPU sec, 1.183 real sec
[0000] read_chunk: 400000000, work_chunk_size: 400000020, nseq: 2900294
	[0000][ M::kt_pipeline] read 2900294 sequences (400000020 bp)...
[0000] Calling mem_process_seqs.., task: 26
[0000] 1. Calling kt_for - worker_bwt
[0000] 2. Calling kt_for - worker_aln
[0000] Inferring insert size distribution of PE reads from data, l_pac: 0, n: 2900294
[0000][PE] # candidate unique pairs for (FF, FR, RF, RR): (0, 0, 0, 0)
[0000][PE] skip orientation FF as there are not enough pairs
[0000][PE] skip orientation FR as there are not enough pairs
[0000][PE] skip orientation RF as there are not enough pairs
[0000][PE] skip orientation RR as there are not enough pairs
[0000] 3. Calling kt_for - worker_sam
	[0000][ M::mem_process_seqs] Processed 2900294 reads in 42.385 CPU sec, 1.124 real sec
[0000] read_chunk: 400000000, work_chunk_size: 400000063, nseq: 2895914
	[0000][ M::kt_pipeline] read 2895914 sequences (400000063 bp)...
[0000] Calling mem_process_seqs.., task: 27
[0000] 1. Calling kt_for - worker_bwt
[0000] 2. Calling kt_for - worker_aln
[0000] Inferring insert size distribution of PE reads from data, l_pac: 0, n: 2895914
[0000][PE] # candidate unique pairs for (FF, FR, RF, RR): (0, 0, 0, 0)
[0000][PE] skip orientation FF as there are not enough pairs
[0000][PE] skip orientation FR as there are not enough pairs
[0000][PE] skip orientation RF as there are not enough pairs
[0000][PE] skip orientation RR as there are not enough pairs
[0000] 3. Calling kt_for - worker_sam
	[0000][ M::mem_process_seqs] Processed 2895914 reads in 44.439 CPU sec, 1.168 real sec
[0000] read_chunk: 400000000, work_chunk_size: 400000172, nseq: 2899948
	[0000][ M::kt_pipeline] read 2899948 sequences (400000172 bp)...
[0000] Calling mem_process_seqs.., task: 28
[0000] 1. Calling kt_for - worker_bwt
[0000] 2. Calling kt_for - worker_aln
[0000] Inferring insert size distribution of PE reads from data, l_pac: 0, n: 2899948
[0000][PE] # candidate unique pairs for (FF, FR, RF, RR): (0, 0, 0, 0)
[0000][PE] skip orientation FF as there are not enough pairs
[0000][PE] skip orientation FR as there are not enough pairs
[0000][PE] skip orientation RF as there are not enough pairs
[0000][PE] skip orientation RR as there are not enough pairs
[0000] 3. Calling kt_for - worker_sam
	[0000][ M::mem_process_seqs] Processed 2899948 reads in 42.099 CPU sec, 1.117 real sec
[0000] read_chunk: 400000000, work_chunk_size: 400000296, nseq: 2899752
	[0000][ M::kt_pipeline] read 2899752 sequences (400000296 bp)...
[0000] Calling mem_process_seqs.., task: 29
[0000] 1. Calling kt_for - worker_bwt
[0000] 2. Calling kt_for - worker_aln
[0000] Inferring insert size distribution of PE reads from data, l_pac: 0, n: 2899752
[0000][PE] # candidate unique pairs for (FF, FR, RF, RR): (0, 0, 0, 0)
[0000][PE] skip orientation FF as there are not enough pairs
[0000][PE] skip orientation FR as there are not enough pairs
[0000][PE] skip orientation RF as there are not enough pairs
[0000][PE] skip orientation RR as there are not enough pairs
[0000] 3. Calling kt_for - worker_sam
	[0000][ M::mem_process_seqs] Processed 2899752 reads in 43.793 CPU sec, 1.157 real sec
[0000] read_chunk: 400000000, work_chunk_size: 400000259, nseq: 2896954
	[0000][ M::kt_pipeline] read 2896954 sequences (400000259 bp)...
[0000] Calling mem_process_seqs.., task: 30
[0000] 1. Calling kt_for - worker_bwt
[0000] 2. Calling kt_for - worker_aln
[0000] Inferring insert size distribution of PE reads from data, l_pac: 0, n: 2896954
[0000][PE] # candidate unique pairs for (FF, FR, RF, RR): (0, 0, 0, 0)
[0000][PE] skip orientation FF as there are not enough pairs
[0000][PE] skip orientation FR as there are not enough pairs
[0000][PE] skip orientation RF as there are not enough pairs
[0000][PE] skip orientation RR as there are not enough pairs
[0000] 3. Calling kt_for - worker_sam
	[0000][ M::mem_process_seqs] Processed 2896954 reads in 42.596 CPU sec, 1.189 real sec
[0000] read_chunk: 400000000, work_chunk_size: 159256158, nseq: 1153818
	[0000][ M::kt_pipeline] read 1153818 sequences (159256158 bp)...
[0000] Calling mem_process_seqs.., task: 31
[0000] read_chunk: 400000000, work_chunk_size: 0, nseq: 0
[0000] 1. Calling kt_for - worker_bwt
[0000] 2. Calling kt_for - worker_aln
[0000] Inferring insert size distribution of PE reads from data, l_pac: 0, n: 1153818
[0000][PE] # candidate unique pairs for (FF, FR, RF, RR): (0, 0, 0, 0)
[0000][PE] skip orientation FF as there are not enough pairs
[0000][PE] skip orientation FR as there are not enough pairs
[0000][PE] skip orientation RF as there are not enough pairs
[0000][PE] skip orientation RR as there are not enough pairs
[0000] 3. Calling kt_for - worker_sam
	[0000][ M::mem_process_seqs] Processed 1153818 reads in 16.770 CPU sec, 0.449 real sec
[0000] read_chunk: 400000000, work_chunk_size: 0, nseq: 0
[0000] Computation ends..
No. of OMP threads: 40
Processor is running @2394.669936 MHz
Runtime profile:

	Time taken for main_mem function: 339.12 sec

	IO times (sec) :
	Reading IO time (reads) avg: 278.84, (278.84, 278.84)
	Writing IO time (SAM) avg: 104.37, (104.37, 104.37)
	Reading IO time (Reference Genome) avg: 0.00, (0.00, 0.00)
	Index read time avg: 5.09, (5.09, 5.09)

	Overall time (sec) (Excluding Index reading time):
	PROCESS() (Total compute time + (read + SAM) IO time) : 334.03
	MEM_PROCESS_SEQ() (Total compute time (Kernel + SAM)), avg: 36.52, (36.52, 36.52)

	 SAM Processing time (sec):
	--WORKER_SAM avg: 4.46, (4.46, 4.46)

	Kernels' compute time (sec):
	Total kernel (smem+sal+bsw) time avg: 31.45, (31.45, 31.45)
		MEM_ALN_CHAIN_FLT avg: 0.00, (0.00, 0.00)
		MEM_ALN_CHAIN_SEED avg: 0.00, (0.00, 0.00)
		ERT_SEED_CHAIN avg: 0.00, (0.00, 0.00)
	LEARNED_SEED_CHAIN avg: 0.00, (0.00, 0.00)
		SMEM compute avg: 28.25, (28.41, 27.92)
		SAL compute avg: 0.00, (0.00, 0.00)
				MEM_SA avg: 0.00, (0.00, 0.00)

		BSW time, avg: 1.64, (1.75, 1.37)

Important parameter settings: 
	BATCH_SIZE: 512
	MAX_SEQ_LEN_REF: 256
	MAX_SEQ_LEN_QER: 128
	MAX_SEQ_LEN8: 128
	SEEDS_PER_READ: 500
	SIMD_WIDTH8 X: 64
	SIMD_WIDTH16 X: 32
	AVG_SEEDS_PER_READ: 64
