Looking to launch executable "/opt/conda/bin/bwa-meme_mode3.avx512bw", simd = _mode3.avx512bw
Launching executable "/opt/conda/bin/bwa-meme_mode3.avx512bw"
-----------------------------
Executing in AVX512 mode!!
-----------------------------
* SA compression enabled with xfactor: 8
* Ref file: reference.ssl.Sne.fasta
* Entering FMI_search
* Index file found. Loading index from reference.ssl.Sne.fasta.bwt.2bit.64
* Reference seq len for bi-index = 1
* sentinel-index: 0
* Count:
0,	1
1,	1
2,	1
3,	1
4,	1

* Reading other elements of the index from files reference.ssl.Sne.fasta
* Index prefix: reference.ssl.Sne.fasta
* Read 0 ALT contigs
* Done reading Index!!
* Reading reference genome..
* Binary seq file = reference.ssl.Sne.fasta.0123
* Reference genome size: 0 bp
* Done reading reference genome !!

------------------------------------------
1. Memory pre-allocation for Chaining: 5679.4903 MB
2. Memory pre-allocation for BSW: 9584.6810 MB
3. Memory pre-allocation for BWT: 3092.5670 MB
------------------------------------------
* Threads used (compute): 40
* No. of pipeline threads: 2

[0000] read_chunk: 400000000, work_chunk_size: 400000096, nseq: 3009914
	[0000][ M::kt_pipeline] read 3009914 sequences (400000096 bp)...
[0000] Reallocating initial memory allocations!!
[0000] Calling mem_process_seqs.., task: 0
[0000] 1. Calling kt_for - worker_bwt
[0000] 2. Calling kt_for - worker_aln
[0000] Inferring insert size distribution of PE reads from data, l_pac: 0, n: 3009914
[0000][PE] # candidate unique pairs for (FF, FR, RF, RR): (0, 0, 0, 0)
[0000][PE] skip orientation FF as there are not enough pairs
[0000][PE] skip orientation FR as there are not enough pairs
[0000][PE] skip orientation RF as there are not enough pairs
[0000][PE] skip orientation RR as there are not enough pairs
[0000] 3. Calling kt_for - worker_sam
	[0000][ M::mem_process_seqs] Processed 3009914 reads in 45.399 CPU sec, 1.241 real sec
[0000] read_chunk: 400000000, work_chunk_size: 400000000, nseq: 3012214
	[0000][ M::kt_pipeline] read 3012214 sequences (400000000 bp)...
[0000] Reallocating initial memory allocations!!
[0000] Calling mem_process_seqs.., task: 1
[0000] 1. Calling kt_for - worker_bwt
[0000] 2. Calling kt_for - worker_aln
[0000] Inferring insert size distribution of PE reads from data, l_pac: 0, n: 3012214
[0000][PE] # candidate unique pairs for (FF, FR, RF, RR): (0, 0, 0, 0)
[0000][PE] skip orientation FF as there are not enough pairs
[0000][PE] skip orientation FR as there are not enough pairs
[0000][PE] skip orientation RF as there are not enough pairs
[0000][PE] skip orientation RR as there are not enough pairs
[0000] 3. Calling kt_for - worker_sam
	[0000][ M::mem_process_seqs] Processed 3012214 reads in 41.971 CPU sec, 1.103 real sec
[0000] read_chunk: 400000000, work_chunk_size: 400000014, nseq: 3013910
	[0000][ M::kt_pipeline] read 3013910 sequences (400000014 bp)...
[0000] Reallocating initial memory allocations!!
[0000] Calling mem_process_seqs.., task: 2
[0000] 1. Calling kt_for - worker_bwt
[0000] 2. Calling kt_for - worker_aln
[0000] Inferring insert size distribution of PE reads from data, l_pac: 0, n: 3013910
[0000][PE] # candidate unique pairs for (FF, FR, RF, RR): (0, 0, 0, 0)
[0000][PE] skip orientation FF as there are not enough pairs
[0000][PE] skip orientation FR as there are not enough pairs
[0000][PE] skip orientation RF as there are not enough pairs
[0000][PE] skip orientation RR as there are not enough pairs
[0000] 3. Calling kt_for - worker_sam
	[0000][ M::mem_process_seqs] Processed 3013910 reads in 43.841 CPU sec, 1.170 real sec
[0000] read_chunk: 400000000, work_chunk_size: 400000268, nseq: 3010872
	[0000][ M::kt_pipeline] read 3010872 sequences (400000268 bp)...
[0000] Calling mem_process_seqs.., task: 3
[0000] 1. Calling kt_for - worker_bwt
[0000] 2. Calling kt_for - worker_aln
[0000] Inferring insert size distribution of PE reads from data, l_pac: 0, n: 3010872
[0000][PE] # candidate unique pairs for (FF, FR, RF, RR): (0, 0, 0, 0)
[0000][PE] skip orientation FF as there are not enough pairs
[0000][PE] skip orientation FR as there are not enough pairs
[0000][PE] skip orientation RF as there are not enough pairs
[0000][PE] skip orientation RR as there are not enough pairs
[0000] 3. Calling kt_for - worker_sam
	[0000][ M::mem_process_seqs] Processed 3010872 reads in 43.315 CPU sec, 1.154 real sec
[0000] read_chunk: 400000000, work_chunk_size: 400000155, nseq: 3016142
	[0000][ M::kt_pipeline] read 3016142 sequences (400000155 bp)...
[0000] Reallocating initial memory allocations!!
[0000] Calling mem_process_seqs.., task: 4
[0000] 1. Calling kt_for - worker_bwt
[0000] 2. Calling kt_for - worker_aln
[0000] Inferring insert size distribution of PE reads from data, l_pac: 0, n: 3016142
[0000][PE] # candidate unique pairs for (FF, FR, RF, RR): (0, 0, 0, 0)
[0000][PE] skip orientation FF as there are not enough pairs
[0000][PE] skip orientation FR as there are not enough pairs
[0000][PE] skip orientation RF as there are not enough pairs
[0000][PE] skip orientation RR as there are not enough pairs
[0000] 3. Calling kt_for - worker_sam
	[0000][ M::mem_process_seqs] Processed 3016142 reads in 44.196 CPU sec, 1.174 real sec
[0000] read_chunk: 400000000, work_chunk_size: 400000097, nseq: 3010882
	[0000][ M::kt_pipeline] read 3010882 sequences (400000097 bp)...
[0000] Calling mem_process_seqs.., task: 5
[0000] 1. Calling kt_for - worker_bwt
[0000] 2. Calling kt_for - worker_aln
[0000] Inferring insert size distribution of PE reads from data, l_pac: 0, n: 3010882
[0000][PE] # candidate unique pairs for (FF, FR, RF, RR): (0, 0, 0, 0)
[0000][PE] skip orientation FF as there are not enough pairs
[0000][PE] skip orientation FR as there are not enough pairs
[0000][PE] skip orientation RF as there are not enough pairs
[0000][PE] skip orientation RR as there are not enough pairs
[0000] 3. Calling kt_for - worker_sam
	[0000][ M::mem_process_seqs] Processed 3010882 reads in 42.192 CPU sec, 1.103 real sec
[0000] read_chunk: 400000000, work_chunk_size: 400000289, nseq: 3011754
	[0000][ M::kt_pipeline] read 3011754 sequences (400000289 bp)...
[0000] Calling mem_process_seqs.., task: 6
[0000] 1. Calling kt_for - worker_bwt
[0000] 2. Calling kt_for - worker_aln
[0000] Inferring insert size distribution of PE reads from data, l_pac: 0, n: 3011754
[0000][PE] # candidate unique pairs for (FF, FR, RF, RR): (0, 0, 0, 0)
[0000][PE] skip orientation FF as there are not enough pairs
[0000][PE] skip orientation FR as there are not enough pairs
[0000][PE] skip orientation RF as there are not enough pairs
[0000][PE] skip orientation RR as there are not enough pairs
[0000] 3. Calling kt_for - worker_sam
	[0000][ M::mem_process_seqs] Processed 3011754 reads in 44.333 CPU sec, 1.168 real sec
[0000] read_chunk: 400000000, work_chunk_size: 400000278, nseq: 3004794
	[0000][ M::kt_pipeline] read 3004794 sequences (400000278 bp)...
[0000] Calling mem_process_seqs.., task: 7
[0000] 1. Calling kt_for - worker_bwt
[0000] 2. Calling kt_for - worker_aln
[0000] Inferring insert size distribution of PE reads from data, l_pac: 0, n: 3004794
[0000][PE] # candidate unique pairs for (FF, FR, RF, RR): (0, 0, 0, 0)
[0000][PE] skip orientation FF as there are not enough pairs
[0000][PE] skip orientation FR as there are not enough pairs
[0000][PE] skip orientation RF as there are not enough pairs
[0000][PE] skip orientation RR as there are not enough pairs
[0000] 3. Calling kt_for - worker_sam
	[0000][ M::mem_process_seqs] Processed 3004794 reads in 44.138 CPU sec, 1.186 real sec
[0000] read_chunk: 400000000, work_chunk_size: 400000050, nseq: 3012844
	[0000][ M::kt_pipeline] read 3012844 sequences (400000050 bp)...
[0000] Calling mem_process_seqs.., task: 8
[0000] 1. Calling kt_for - worker_bwt
[0000] 2. Calling kt_for - worker_aln
[0000] Inferring insert size distribution of PE reads from data, l_pac: 0, n: 3012844
[0000][PE] # candidate unique pairs for (FF, FR, RF, RR): (0, 0, 0, 0)
[0000][PE] skip orientation FF as there are not enough pairs
[0000][PE] skip orientation FR as there are not enough pairs
[0000][PE] skip orientation RF as there are not enough pairs
[0000][PE] skip orientation RR as there are not enough pairs
[0000] 3. Calling kt_for - worker_sam
	[0000][ M::mem_process_seqs] Processed 3012844 reads in 43.573 CPU sec, 1.132 real sec
[0000] read_chunk: 400000000, work_chunk_size: 400000015, nseq: 3012268
	[0000][ M::kt_pipeline] read 3012268 sequences (400000015 bp)...
[0000] Calling mem_process_seqs.., task: 9
[0000] 1. Calling kt_for - worker_bwt
[0000] 2. Calling kt_for - worker_aln
[0000] Inferring insert size distribution of PE reads from data, l_pac: 0, n: 3012268
[0000][PE] # candidate unique pairs for (FF, FR, RF, RR): (0, 0, 0, 0)
[0000][PE] skip orientation FF as there are not enough pairs
[0000][PE] skip orientation FR as there are not enough pairs
[0000][PE] skip orientation RF as there are not enough pairs
[0000][PE] skip orientation RR as there are not enough pairs
[0000] 3. Calling kt_for - worker_sam
	[0000][ M::mem_process_seqs] Processed 3012268 reads in 42.389 CPU sec, 1.106 real sec
[0000] read_chunk: 400000000, work_chunk_size: 400000087, nseq: 3013512
	[0000][ M::kt_pipeline] read 3013512 sequences (400000087 bp)...
[0000] Calling mem_process_seqs.., task: 10
[0000] 1. Calling kt_for - worker_bwt
[0000] 2. Calling kt_for - worker_aln
[0000] Inferring insert size distribution of PE reads from data, l_pac: 0, n: 3013512
[0000][PE] # candidate unique pairs for (FF, FR, RF, RR): (0, 0, 0, 0)
[0000][PE] skip orientation FF as there are not enough pairs
[0000][PE] skip orientation FR as there are not enough pairs
[0000][PE] skip orientation RF as there are not enough pairs
[0000][PE] skip orientation RR as there are not enough pairs
[0000] 3. Calling kt_for - worker_sam
	[0000][ M::mem_process_seqs] Processed 3013512 reads in 45.899 CPU sec, 1.251 real sec
[0000] read_chunk: 400000000, work_chunk_size: 400000292, nseq: 3010530
	[0000][ M::kt_pipeline] read 3010530 sequences (400000292 bp)...
[0000] Calling mem_process_seqs.., task: 11
[0000] 1. Calling kt_for - worker_bwt
[0000] 2. Calling kt_for - worker_aln
[0000] Inferring insert size distribution of PE reads from data, l_pac: 0, n: 3010530
[0000][PE] # candidate unique pairs for (FF, FR, RF, RR): (0, 0, 0, 0)
[0000][PE] skip orientation FF as there are not enough pairs
[0000][PE] skip orientation FR as there are not enough pairs
[0000][PE] skip orientation RF as there are not enough pairs
[0000][PE] skip orientation RR as there are not enough pairs
[0000] 3. Calling kt_for - worker_sam
	[0000][ M::mem_process_seqs] Processed 3010530 reads in 44.871 CPU sec, 1.201 real sec
[0000] read_chunk: 400000000, work_chunk_size: 400000009, nseq: 3012114
	[0000][ M::kt_pipeline] read 3012114 sequences (400000009 bp)...
[0000] Calling mem_process_seqs.., task: 12
[0000] 1. Calling kt_for - worker_bwt
[0000] 2. Calling kt_for - worker_aln
[0000] Inferring insert size distribution of PE reads from data, l_pac: 0, n: 3012114
[0000][PE] # candidate unique pairs for (FF, FR, RF, RR): (0, 0, 0, 0)
[0000][PE] skip orientation FF as there are not enough pairs
[0000][PE] skip orientation FR as there are not enough pairs
[0000][PE] skip orientation RF as there are not enough pairs
[0000][PE] skip orientation RR as there are not enough pairs
[0000] 3. Calling kt_for - worker_sam
	[0000][ M::mem_process_seqs] Processed 3012114 reads in 42.623 CPU sec, 1.127 real sec
[0000] read_chunk: 400000000, work_chunk_size: 400000027, nseq: 3015854
	[0000][ M::kt_pipeline] read 3015854 sequences (400000027 bp)...
[0000] Calling mem_process_seqs.., task: 13
[0000] 1. Calling kt_for - worker_bwt
[0000] 2. Calling kt_for - worker_aln
[0000] Inferring insert size distribution of PE reads from data, l_pac: 0, n: 3015854
[0000][PE] # candidate unique pairs for (FF, FR, RF, RR): (0, 0, 0, 0)
[0000][PE] skip orientation FF as there are not enough pairs
[0000][PE] skip orientation FR as there are not enough pairs
[0000][PE] skip orientation RF as there are not enough pairs
[0000][PE] skip orientation RR as there are not enough pairs
[0000] 3. Calling kt_for - worker_sam
	[0000][ M::mem_process_seqs] Processed 3015854 reads in 42.204 CPU sec, 1.161 real sec
[0000] read_chunk: 400000000, work_chunk_size: 337966445, nseq: 2544180
	[0000][ M::kt_pipeline] read 2544180 sequences (337966445 bp)...
[0000] Calling mem_process_seqs.., task: 14
[0000] 1. Calling kt_for - worker_bwt
[0000] read_chunk: 400000000, work_chunk_size: 0, nseq: 0
[0000] 2. Calling kt_for - worker_aln
[0000] Inferring insert size distribution of PE reads from data, l_pac: 0, n: 2544180
[0000][PE] # candidate unique pairs for (FF, FR, RF, RR): (0, 0, 0, 0)
[0000][PE] skip orientation FF as there are not enough pairs
[0000][PE] skip orientation FR as there are not enough pairs
[0000][PE] skip orientation RF as there are not enough pairs
[0000][PE] skip orientation RR as there are not enough pairs
[0000] 3. Calling kt_for - worker_sam
	[0000][ M::mem_process_seqs] Processed 2544180 reads in 35.701 CPU sec, 0.955 real sec
[0000] read_chunk: 400000000, work_chunk_size: 0, nseq: 0
[0000] Computation ends..
No. of OMP threads: 40
Processor is running @2394.670722 MHz
Runtime profile:

	Time taken for main_mem function: 152.59 sec

	IO times (sec) :
	Reading IO time (reads) avg: 137.34, (137.34, 137.34)
	Writing IO time (SAM) avg: 24.77, (24.77, 24.77)
	Reading IO time (Reference Genome) avg: 0.00, (0.00, 0.00)
	Index read time avg: 5.08, (5.08, 5.08)

	Overall time (sec) (Excluding Index reading time):
	PROCESS() (Total compute time + (read + SAM) IO time) : 147.50
	MEM_PROCESS_SEQ() (Total compute time (Kernel + SAM)), avg: 17.23, (17.23, 17.23)

	 SAM Processing time (sec):
	--WORKER_SAM avg: 2.22, (2.22, 2.22)

	Kernels' compute time (sec):
	Total kernel (smem+sal+bsw) time avg: 14.71, (14.71, 14.71)
		MEM_ALN_CHAIN_FLT avg: 0.00, (0.00, 0.00)
		MEM_ALN_CHAIN_SEED avg: 0.00, (0.00, 0.00)
		ERT_SEED_CHAIN avg: 0.00, (0.00, 0.00)
	LEARNED_SEED_CHAIN avg: 0.00, (0.00, 0.00)
		SMEM compute avg: 13.12, (13.19, 12.98)
		SAL compute avg: 0.00, (0.00, 0.00)
				MEM_SA avg: 0.00, (0.00, 0.00)

		BSW time, avg: 0.76, (0.81, 0.65)

Important parameter settings: 
	BATCH_SIZE: 512
	MAX_SEQ_LEN_REF: 256
	MAX_SEQ_LEN_QER: 128
	MAX_SEQ_LEN8: 128
	SEEDS_PER_READ: 500
	SIMD_WIDTH8 X: 64
	SIMD_WIDTH16 X: 32
	AVG_SEEDS_PER_READ: 64
