Looking to launch executable "/opt/conda/bin/bwa-meme_mode3.avx512bw", simd = _mode3.avx512bw
Launching executable "/opt/conda/bin/bwa-meme_mode3.avx512bw"
-----------------------------
Executing in AVX512 mode!!
-----------------------------
* SA compression enabled with xfactor: 8
* Ref file: reference.ssl.Sne.fasta
* Entering FMI_search
* Index file found. Loading index from reference.ssl.Sne.fasta.bwt.2bit.64
* Reference seq len for bi-index = 1
* sentinel-index: 0
* Count:
0,	1
1,	1
2,	1
3,	1
4,	1

* Reading other elements of the index from files reference.ssl.Sne.fasta
* Index prefix: reference.ssl.Sne.fasta
* Read 0 ALT contigs
* Done reading Index!!
* Reading reference genome..
* Binary seq file = reference.ssl.Sne.fasta.0123
* Reference genome size: 0 bp
* Done reading reference genome !!

------------------------------------------
1. Memory pre-allocation for Chaining: 5679.4903 MB
2. Memory pre-allocation for BSW: 9584.6810 MB
3. Memory pre-allocation for BWT: 3092.5670 MB
------------------------------------------
* Threads used (compute): 40
* No. of pipeline threads: 2

[0000] read_chunk: 400000000, work_chunk_size: 400000056, nseq: 2926572
	[0000][ M::kt_pipeline] read 2926572 sequences (400000056 bp)...
[0000] Reallocating initial memory allocations!!
[0000] Calling mem_process_seqs.., task: 0
[0000] 1. Calling kt_for - worker_bwt
[0000] 2. Calling kt_for - worker_aln
[0000] Inferring insert size distribution of PE reads from data, l_pac: 0, n: 2926572
[0000][PE] # candidate unique pairs for (FF, FR, RF, RR): (0, 0, 0, 0)
[0000][PE] skip orientation FF as there are not enough pairs
[0000][PE] skip orientation FR as there are not enough pairs
[0000][PE] skip orientation RF as there are not enough pairs
[0000][PE] skip orientation RR as there are not enough pairs
[0000] 3. Calling kt_for - worker_sam
	[0000][ M::mem_process_seqs] Processed 2926572 reads in 48.951 CPU sec, 1.297 real sec
[0000] read_chunk: 400000000, work_chunk_size: 400000248, nseq: 2932316
	[0000][ M::kt_pipeline] read 2932316 sequences (400000248 bp)...
[0000] Reallocating initial memory allocations!!
[0000] Calling mem_process_seqs.., task: 1
[0000] 1. Calling kt_for - worker_bwt
[0000] 2. Calling kt_for - worker_aln
[0000] Inferring insert size distribution of PE reads from data, l_pac: 0, n: 2932316
[0000][PE] # candidate unique pairs for (FF, FR, RF, RR): (0, 0, 0, 0)
[0000][PE] skip orientation FF as there are not enough pairs
[0000][PE] skip orientation FR as there are not enough pairs
[0000][PE] skip orientation RF as there are not enough pairs
[0000][PE] skip orientation RR as there are not enough pairs
[0000] 3. Calling kt_for - worker_sam
	[0000][ M::mem_process_seqs] Processed 2932316 reads in 46.685 CPU sec, 1.268 real sec
[0000] read_chunk: 400000000, work_chunk_size: 400000289, nseq: 2933960
	[0000][ M::kt_pipeline] read 2933960 sequences (400000289 bp)...
[0000] Reallocating initial memory allocations!!
[0000] Calling mem_process_seqs.., task: 2
[0000] 1. Calling kt_for - worker_bwt
[0000] 2. Calling kt_for - worker_aln
[0000] Inferring insert size distribution of PE reads from data, l_pac: 0, n: 2933960
[0000][PE] # candidate unique pairs for (FF, FR, RF, RR): (0, 0, 0, 0)
[0000][PE] skip orientation FF as there are not enough pairs
[0000][PE] skip orientation FR as there are not enough pairs
[0000][PE] skip orientation RF as there are not enough pairs
[0000][PE] skip orientation RR as there are not enough pairs
[0000] 3. Calling kt_for - worker_sam
	[0000][ M::mem_process_seqs] Processed 2933960 reads in 44.010 CPU sec, 1.193 real sec
[0000] read_chunk: 400000000, work_chunk_size: 400000107, nseq: 2931506
	[0000][ M::kt_pipeline] read 2931506 sequences (400000107 bp)...
[0000] Calling mem_process_seqs.., task: 3
[0000] 1. Calling kt_for - worker_bwt
[0000] 2. Calling kt_for - worker_aln
[0000] Inferring insert size distribution of PE reads from data, l_pac: 0, n: 2931506
[0000][PE] # candidate unique pairs for (FF, FR, RF, RR): (0, 0, 0, 0)
[0000][PE] skip orientation FF as there are not enough pairs
[0000][PE] skip orientation FR as there are not enough pairs
[0000][PE] skip orientation RF as there are not enough pairs
[0000][PE] skip orientation RR as there are not enough pairs
[0000] 3. Calling kt_for - worker_sam
	[0000][ M::mem_process_seqs] Processed 2931506 reads in 43.643 CPU sec, 1.151 real sec
[0000] read_chunk: 400000000, work_chunk_size: 400000117, nseq: 2934574
	[0000][ M::kt_pipeline] read 2934574 sequences (400000117 bp)...
[0000] Reallocating initial memory allocations!!
[0000] Calling mem_process_seqs.., task: 4
[0000] 1. Calling kt_for - worker_bwt
[0000] 2. Calling kt_for - worker_aln
[0000] Inferring insert size distribution of PE reads from data, l_pac: 0, n: 2934574
[0000][PE] # candidate unique pairs for (FF, FR, RF, RR): (0, 0, 0, 0)
[0000][PE] skip orientation FF as there are not enough pairs
[0000][PE] skip orientation FR as there are not enough pairs
[0000][PE] skip orientation RF as there are not enough pairs
[0000][PE] skip orientation RR as there are not enough pairs
[0000] 3. Calling kt_for - worker_sam
	[0000][ M::mem_process_seqs] Processed 2934574 reads in 44.878 CPU sec, 1.212 real sec
[0000] read_chunk: 400000000, work_chunk_size: 400000116, nseq: 2937334
	[0000][ M::kt_pipeline] read 2937334 sequences (400000116 bp)...
[0000] Reallocating initial memory allocations!!
[0000] Calling mem_process_seqs.., task: 5
[0000] 1. Calling kt_for - worker_bwt
[0000] 2. Calling kt_for - worker_aln
[0000] Inferring insert size distribution of PE reads from data, l_pac: 0, n: 2937334
[0000][PE] # candidate unique pairs for (FF, FR, RF, RR): (0, 0, 0, 0)
[0000][PE] skip orientation FF as there are not enough pairs
[0000][PE] skip orientation FR as there are not enough pairs
[0000][PE] skip orientation RF as there are not enough pairs
[0000][PE] skip orientation RR as there are not enough pairs
[0000] 3. Calling kt_for - worker_sam
	[0000][ M::mem_process_seqs] Processed 2937334 reads in 43.675 CPU sec, 1.162 real sec
[0000] read_chunk: 400000000, work_chunk_size: 400000040, nseq: 2930438
	[0000][ M::kt_pipeline] read 2930438 sequences (400000040 bp)...
[0000] Calling mem_process_seqs.., task: 6
[0000] 1. Calling kt_for - worker_bwt
[0000] 2. Calling kt_for - worker_aln
[0000] Inferring insert size distribution of PE reads from data, l_pac: 0, n: 2930438
[0000][PE] # candidate unique pairs for (FF, FR, RF, RR): (0, 0, 0, 0)
[0000][PE] skip orientation FF as there are not enough pairs
[0000][PE] skip orientation FR as there are not enough pairs
[0000][PE] skip orientation RF as there are not enough pairs
[0000][PE] skip orientation RR as there are not enough pairs
[0000] 3. Calling kt_for - worker_sam
	[0000][ M::mem_process_seqs] Processed 2930438 reads in 43.077 CPU sec, 1.144 real sec
[0000] read_chunk: 400000000, work_chunk_size: 400000206, nseq: 2934666
	[0000][ M::kt_pipeline] read 2934666 sequences (400000206 bp)...
[0000] Calling mem_process_seqs.., task: 7
[0000] 1. Calling kt_for - worker_bwt
[0000] 2. Calling kt_for - worker_aln
[0000] Inferring insert size distribution of PE reads from data, l_pac: 0, n: 2934666
[0000][PE] # candidate unique pairs for (FF, FR, RF, RR): (0, 0, 0, 0)
[0000][PE] skip orientation FF as there are not enough pairs
[0000][PE] skip orientation FR as there are not enough pairs
[0000][PE] skip orientation RF as there are not enough pairs
[0000][PE] skip orientation RR as there are not enough pairs
[0000] 3. Calling kt_for - worker_sam
	[0000][ M::mem_process_seqs] Processed 2934666 reads in 43.504 CPU sec, 1.206 real sec
[0000] read_chunk: 400000000, work_chunk_size: 400000034, nseq: 2921064
	[0000][ M::kt_pipeline] read 2921064 sequences (400000034 bp)...
[0000] Calling mem_process_seqs.., task: 8
[0000] 1. Calling kt_for - worker_bwt
[0000] 2. Calling kt_for - worker_aln
[0000] Inferring insert size distribution of PE reads from data, l_pac: 0, n: 2921064
[0000][PE] # candidate unique pairs for (FF, FR, RF, RR): (0, 0, 0, 0)
[0000][PE] skip orientation FF as there are not enough pairs
[0000][PE] skip orientation FR as there are not enough pairs
[0000][PE] skip orientation RF as there are not enough pairs
[0000][PE] skip orientation RR as there are not enough pairs
[0000] 3. Calling kt_for - worker_sam
	[0000][ M::mem_process_seqs] Processed 2921064 reads in 42.588 CPU sec, 1.144 real sec
[0000] read_chunk: 400000000, work_chunk_size: 400000256, nseq: 2937084
	[0000][ M::kt_pipeline] read 2937084 sequences (400000256 bp)...
[0000] Calling mem_process_seqs.., task: 9
[0000] 1. Calling kt_for - worker_bwt
[0000] 2. Calling kt_for - worker_aln
[0000] Inferring insert size distribution of PE reads from data, l_pac: 0, n: 2937084
[0000][PE] # candidate unique pairs for (FF, FR, RF, RR): (0, 0, 0, 0)
[0000][PE] skip orientation FF as there are not enough pairs
[0000][PE] skip orientation FR as there are not enough pairs
[0000][PE] skip orientation RF as there are not enough pairs
[0000][PE] skip orientation RR as there are not enough pairs
[0000] 3. Calling kt_for - worker_sam
	[0000][ M::mem_process_seqs] Processed 2937084 reads in 43.219 CPU sec, 1.130 real sec
[0000] read_chunk: 400000000, work_chunk_size: 400000186, nseq: 2935380
	[0000][ M::kt_pipeline] read 2935380 sequences (400000186 bp)...
[0000] Calling mem_process_seqs.., task: 10
[0000] 1. Calling kt_for - worker_bwt
[0000] 2. Calling kt_for - worker_aln
[0000] Inferring insert size distribution of PE reads from data, l_pac: 0, n: 2935380
[0000][PE] # candidate unique pairs for (FF, FR, RF, RR): (0, 0, 0, 0)
[0000][PE] skip orientation FF as there are not enough pairs
[0000][PE] skip orientation FR as there are not enough pairs
[0000][PE] skip orientation RF as there are not enough pairs
[0000][PE] skip orientation RR as there are not enough pairs
[0000] 3. Calling kt_for - worker_sam
	[0000][ M::mem_process_seqs] Processed 2935380 reads in 42.862 CPU sec, 1.225 real sec
[0000] read_chunk: 400000000, work_chunk_size: 400000145, nseq: 2933446
	[0000][ M::kt_pipeline] read 2933446 sequences (400000145 bp)...
[0000] Calling mem_process_seqs.., task: 11
[0000] 1. Calling kt_for - worker_bwt
[0000] 2. Calling kt_for - worker_aln
[0000] Inferring insert size distribution of PE reads from data, l_pac: 0, n: 2933446
[0000][PE] # candidate unique pairs for (FF, FR, RF, RR): (0, 0, 0, 0)
[0000][PE] skip orientation FF as there are not enough pairs
[0000][PE] skip orientation FR as there are not enough pairs
[0000][PE] skip orientation RF as there are not enough pairs
[0000][PE] skip orientation RR as there are not enough pairs
[0000] 3. Calling kt_for - worker_sam
	[0000][ M::mem_process_seqs] Processed 2933446 reads in 43.390 CPU sec, 1.171 real sec
[0000] read_chunk: 400000000, work_chunk_size: 400000234, nseq: 2931418
	[0000][ M::kt_pipeline] read 2931418 sequences (400000234 bp)...
[0000] Calling mem_process_seqs.., task: 12
[0000] 1. Calling kt_for - worker_bwt
[0000] 2. Calling kt_for - worker_aln
[0000] Inferring insert size distribution of PE reads from data, l_pac: 0, n: 2931418
[0000][PE] # candidate unique pairs for (FF, FR, RF, RR): (0, 0, 0, 0)
[0000][PE] skip orientation FF as there are not enough pairs
[0000][PE] skip orientation FR as there are not enough pairs
[0000][PE] skip orientation RF as there are not enough pairs
[0000][PE] skip orientation RR as there are not enough pairs
[0000] 3. Calling kt_for - worker_sam
	[0000][ M::mem_process_seqs] Processed 2931418 reads in 42.841 CPU sec, 1.159 real sec
[0000] read_chunk: 400000000, work_chunk_size: 400000195, nseq: 2926374
	[0000][ M::kt_pipeline] read 2926374 sequences (400000195 bp)...
[0000] Calling mem_process_seqs.., task: 13
[0000] 1. Calling kt_for - worker_bwt
[0000] 2. Calling kt_for - worker_aln
[0000] Inferring insert size distribution of PE reads from data, l_pac: 0, n: 2926374
[0000][PE] # candidate unique pairs for (FF, FR, RF, RR): (0, 0, 0, 0)
[0000][PE] skip orientation FF as there are not enough pairs
[0000][PE] skip orientation FR as there are not enough pairs
[0000][PE] skip orientation RF as there are not enough pairs
[0000][PE] skip orientation RR as there are not enough pairs
[0000] 3. Calling kt_for - worker_sam
	[0000][ M::mem_process_seqs] Processed 2926374 reads in 43.945 CPU sec, 1.176 real sec
[0000] read_chunk: 400000000, work_chunk_size: 400000146, nseq: 2933348
	[0000][ M::kt_pipeline] read 2933348 sequences (400000146 bp)...
[0000] Calling mem_process_seqs.., task: 14
[0000] 1. Calling kt_for - worker_bwt
[0000] 2. Calling kt_for - worker_aln
[0000] Inferring insert size distribution of PE reads from data, l_pac: 0, n: 2933348
[0000][PE] # candidate unique pairs for (FF, FR, RF, RR): (0, 0, 0, 0)
[0000][PE] skip orientation FF as there are not enough pairs
[0000][PE] skip orientation FR as there are not enough pairs
[0000][PE] skip orientation RF as there are not enough pairs
[0000][PE] skip orientation RR as there are not enough pairs
[0000] 3. Calling kt_for - worker_sam
	[0000][ M::mem_process_seqs] Processed 2933348 reads in 43.712 CPU sec, 1.146 real sec
[0000] read_chunk: 400000000, work_chunk_size: 400000189, nseq: 2929610
	[0000][ M::kt_pipeline] read 2929610 sequences (400000189 bp)...
[0000] Calling mem_process_seqs.., task: 15
[0000] 1. Calling kt_for - worker_bwt
[0000] 2. Calling kt_for - worker_aln
[0000] Inferring insert size distribution of PE reads from data, l_pac: 0, n: 2929610
[0000][PE] # candidate unique pairs for (FF, FR, RF, RR): (0, 0, 0, 0)
[0000][PE] skip orientation FF as there are not enough pairs
[0000][PE] skip orientation FR as there are not enough pairs
[0000][PE] skip orientation RF as there are not enough pairs
[0000][PE] skip orientation RR as there are not enough pairs
[0000] 3. Calling kt_for - worker_sam
	[0000][ M::mem_process_seqs] Processed 2929610 reads in 42.752 CPU sec, 1.117 real sec
[0000] read_chunk: 400000000, work_chunk_size: 400000045, nseq: 2931472
	[0000][ M::kt_pipeline] read 2931472 sequences (400000045 bp)...
[0000] Calling mem_process_seqs.., task: 16
[0000] 1. Calling kt_for - worker_bwt
[0000] 2. Calling kt_for - worker_aln
[0000] Inferring insert size distribution of PE reads from data, l_pac: 0, n: 2931472
[0000][PE] # candidate unique pairs for (FF, FR, RF, RR): (0, 0, 0, 0)
[0000][PE] skip orientation FF as there are not enough pairs
[0000][PE] skip orientation FR as there are not enough pairs
[0000][PE] skip orientation RF as there are not enough pairs
[0000][PE] skip orientation RR as there are not enough pairs
[0000] 3. Calling kt_for - worker_sam
	[0000][ M::mem_process_seqs] Processed 2931472 reads in 44.019 CPU sec, 1.164 real sec
[0000] read_chunk: 400000000, work_chunk_size: 400000033, nseq: 2909510
	[0000][ M::kt_pipeline] read 2909510 sequences (400000033 bp)...
[0000] Calling mem_process_seqs.., task: 17
[0000] 1. Calling kt_for - worker_bwt
[0000] 2. Calling kt_for - worker_aln
[0000] Inferring insert size distribution of PE reads from data, l_pac: 0, n: 2909510
[0000][PE] # candidate unique pairs for (FF, FR, RF, RR): (0, 0, 0, 0)
[0000][PE] skip orientation FF as there are not enough pairs
[0000][PE] skip orientation FR as there are not enough pairs
[0000][PE] skip orientation RF as there are not enough pairs
[0000][PE] skip orientation RR as there are not enough pairs
[0000] 3. Calling kt_for - worker_sam
	[0000][ M::mem_process_seqs] Processed 2909510 reads in 42.739 CPU sec, 1.118 real sec
[0000] read_chunk: 400000000, work_chunk_size: 400000011, nseq: 2935960
	[0000][ M::kt_pipeline] read 2935960 sequences (400000011 bp)...
[0000] Calling mem_process_seqs.., task: 18
[0000] 1. Calling kt_for - worker_bwt
[0000] 2. Calling kt_for - worker_aln
[0000] Inferring insert size distribution of PE reads from data, l_pac: 0, n: 2935960
[0000][PE] # candidate unique pairs for (FF, FR, RF, RR): (0, 0, 0, 0)
[0000][PE] skip orientation FF as there are not enough pairs
[0000][PE] skip orientation FR as there are not enough pairs
[0000][PE] skip orientation RF as there are not enough pairs
[0000][PE] skip orientation RR as there are not enough pairs
[0000] 3. Calling kt_for - worker_sam
	[0000][ M::mem_process_seqs] Processed 2935960 reads in 44.508 CPU sec, 1.175 real sec
[0000] read_chunk: 400000000, work_chunk_size: 400000245, nseq: 2930826
	[0000][ M::kt_pipeline] read 2930826 sequences (400000245 bp)...
[0000] Calling mem_process_seqs.., task: 19
[0000] 1. Calling kt_for - worker_bwt
[0000] 2. Calling kt_for - worker_aln
[0000] Inferring insert size distribution of PE reads from data, l_pac: 0, n: 2930826
[0000][PE] # candidate unique pairs for (FF, FR, RF, RR): (0, 0, 0, 0)
[0000][PE] skip orientation FF as there are not enough pairs
[0000][PE] skip orientation FR as there are not enough pairs
[0000][PE] skip orientation RF as there are not enough pairs
[0000][PE] skip orientation RR as there are not enough pairs
[0000] 3. Calling kt_for - worker_sam
	[0000][ M::mem_process_seqs] Processed 2930826 reads in 42.352 CPU sec, 1.102 real sec
[0000] read_chunk: 400000000, work_chunk_size: 400000041, nseq: 2934450
	[0000][ M::kt_pipeline] read 2934450 sequences (400000041 bp)...
[0000] Calling mem_process_seqs.., task: 20
[0000] 1. Calling kt_for - worker_bwt
[0000] 2. Calling kt_for - worker_aln
[0000] Inferring insert size distribution of PE reads from data, l_pac: 0, n: 2934450
[0000][PE] # candidate unique pairs for (FF, FR, RF, RR): (0, 0, 0, 0)
[0000][PE] skip orientation FF as there are not enough pairs
[0000][PE] skip orientation FR as there are not enough pairs
[0000][PE] skip orientation RF as there are not enough pairs
[0000][PE] skip orientation RR as there are not enough pairs
[0000] 3. Calling kt_for - worker_sam
	[0000][ M::mem_process_seqs] Processed 2934450 reads in 42.449 CPU sec, 1.141 real sec
[0000] read_chunk: 400000000, work_chunk_size: 400000125, nseq: 2932226
	[0000][ M::kt_pipeline] read 2932226 sequences (400000125 bp)...
[0000] Calling mem_process_seqs.., task: 21
[0000] 1. Calling kt_for - worker_bwt
[0000] 2. Calling kt_for - worker_aln
[0000] Inferring insert size distribution of PE reads from data, l_pac: 0, n: 2932226
[0000][PE] # candidate unique pairs for (FF, FR, RF, RR): (0, 0, 0, 0)
[0000][PE] skip orientation FF as there are not enough pairs
[0000][PE] skip orientation FR as there are not enough pairs
[0000][PE] skip orientation RF as there are not enough pairs
[0000][PE] skip orientation RR as there are not enough pairs
[0000] 3. Calling kt_for - worker_sam
	[0000][ M::mem_process_seqs] Processed 2932226 reads in 42.411 CPU sec, 1.187 real sec
[0000] read_chunk: 400000000, work_chunk_size: 400000216, nseq: 2932564
	[0000][ M::kt_pipeline] read 2932564 sequences (400000216 bp)...
[0000] Calling mem_process_seqs.., task: 22
[0000] 1. Calling kt_for - worker_bwt
[0000] 2. Calling kt_for - worker_aln
[0000] Inferring insert size distribution of PE reads from data, l_pac: 0, n: 2932564
[0000][PE] # candidate unique pairs for (FF, FR, RF, RR): (0, 0, 0, 0)
[0000][PE] skip orientation FF as there are not enough pairs
[0000][PE] skip orientation FR as there are not enough pairs
[0000][PE] skip orientation RF as there are not enough pairs
[0000][PE] skip orientation RR as there are not enough pairs
[0000] 3. Calling kt_for - worker_sam
	[0000][ M::mem_process_seqs] Processed 2932564 reads in 43.627 CPU sec, 1.156 real sec
[0000] read_chunk: 400000000, work_chunk_size: 400000156, nseq: 2932718
	[0000][ M::kt_pipeline] read 2932718 sequences (400000156 bp)...
[0000] Calling mem_process_seqs.., task: 23
[0000] 1. Calling kt_for - worker_bwt
[0000] 2. Calling kt_for - worker_aln
[0000] Inferring insert size distribution of PE reads from data, l_pac: 0, n: 2932718
[0000][PE] # candidate unique pairs for (FF, FR, RF, RR): (0, 0, 0, 0)
[0000][PE] skip orientation FF as there are not enough pairs
[0000][PE] skip orientation FR as there are not enough pairs
[0000][PE] skip orientation RF as there are not enough pairs
[0000][PE] skip orientation RR as there are not enough pairs
[0000] 3. Calling kt_for - worker_sam
	[0000][ M::mem_process_seqs] Processed 2932718 reads in 44.343 CPU sec, 1.169 real sec
[0000] read_chunk: 400000000, work_chunk_size: 400000243, nseq: 2934658
	[0000][ M::kt_pipeline] read 2934658 sequences (400000243 bp)...
[0000] Calling mem_process_seqs.., task: 24
[0000] 1. Calling kt_for - worker_bwt
[0000] 2. Calling kt_for - worker_aln
[0000] Inferring insert size distribution of PE reads from data, l_pac: 0, n: 2934658
[0000][PE] # candidate unique pairs for (FF, FR, RF, RR): (0, 0, 0, 0)
[0000][PE] skip orientation FF as there are not enough pairs
[0000][PE] skip orientation FR as there are not enough pairs
[0000][PE] skip orientation RF as there are not enough pairs
[0000][PE] skip orientation RR as there are not enough pairs
[0000] 3. Calling kt_for - worker_sam
	[0000][ M::mem_process_seqs] Processed 2934658 reads in 41.952 CPU sec, 1.170 real sec
[0000] read_chunk: 400000000, work_chunk_size: 400000211, nseq: 2931074
	[0000][ M::kt_pipeline] read 2931074 sequences (400000211 bp)...
[0000] Calling mem_process_seqs.., task: 25
[0000] 1. Calling kt_for - worker_bwt
[0000] 2. Calling kt_for - worker_aln
[0000] Inferring insert size distribution of PE reads from data, l_pac: 0, n: 2931074
[0000][PE] # candidate unique pairs for (FF, FR, RF, RR): (0, 0, 0, 0)
[0000][PE] skip orientation FF as there are not enough pairs
[0000][PE] skip orientation FR as there are not enough pairs
[0000][PE] skip orientation RF as there are not enough pairs
[0000][PE] skip orientation RR as there are not enough pairs
[0000] 3. Calling kt_for - worker_sam
	[0000][ M::mem_process_seqs] Processed 2931074 reads in 42.360 CPU sec, 1.131 real sec
[0000] read_chunk: 400000000, work_chunk_size: 400000208, nseq: 2931812
	[0000][ M::kt_pipeline] read 2931812 sequences (400000208 bp)...
[0000] Calling mem_process_seqs.., task: 26
[0000] 1. Calling kt_for - worker_bwt
[0000] 2. Calling kt_for - worker_aln
[0000] Inferring insert size distribution of PE reads from data, l_pac: 0, n: 2931812
[0000][PE] # candidate unique pairs for (FF, FR, RF, RR): (0, 0, 0, 0)
[0000][PE] skip orientation FF as there are not enough pairs
[0000][PE] skip orientation FR as there are not enough pairs
[0000][PE] skip orientation RF as there are not enough pairs
[0000][PE] skip orientation RR as there are not enough pairs
[0000] 3. Calling kt_for - worker_sam
	[0000][ M::mem_process_seqs] Processed 2931812 reads in 42.520 CPU sec, 1.099 real sec
[0000] read_chunk: 400000000, work_chunk_size: 400000082, nseq: 2934916
	[0000][ M::kt_pipeline] read 2934916 sequences (400000082 bp)...
[0000] Calling mem_process_seqs.., task: 27
[0000] 1. Calling kt_for - worker_bwt
[0000] 2. Calling kt_for - worker_aln
[0000] Inferring insert size distribution of PE reads from data, l_pac: 0, n: 2934916
[0000][PE] # candidate unique pairs for (FF, FR, RF, RR): (0, 0, 0, 0)
[0000][PE] skip orientation FF as there are not enough pairs
[0000][PE] skip orientation FR as there are not enough pairs
[0000][PE] skip orientation RF as there are not enough pairs
[0000][PE] skip orientation RR as there are not enough pairs
[0000] 3. Calling kt_for - worker_sam
	[0000][ M::mem_process_seqs] Processed 2934916 reads in 42.778 CPU sec, 1.132 real sec
[0000] read_chunk: 400000000, work_chunk_size: 400000108, nseq: 2939862
	[0000][ M::kt_pipeline] read 2939862 sequences (400000108 bp)...
[0000] Reallocating initial memory allocations!!
[0000] Calling mem_process_seqs.., task: 28
[0000] 1. Calling kt_for - worker_bwt
[0000] 2. Calling kt_for - worker_aln
[0000] Inferring insert size distribution of PE reads from data, l_pac: 0, n: 2939862
[0000][PE] # candidate unique pairs for (FF, FR, RF, RR): (0, 0, 0, 0)
[0000][PE] skip orientation FF as there are not enough pairs
[0000][PE] skip orientation FR as there are not enough pairs
[0000][PE] skip orientation RF as there are not enough pairs
[0000][PE] skip orientation RR as there are not enough pairs
[0000] 3. Calling kt_for - worker_sam
	[0000][ M::mem_process_seqs] Processed 2939862 reads in 42.058 CPU sec, 1.117 real sec
[0000] read_chunk: 400000000, work_chunk_size: 400000116, nseq: 2929850
	[0000][ M::kt_pipeline] read 2929850 sequences (400000116 bp)...
[0000] Calling mem_process_seqs.., task: 29
[0000] 1. Calling kt_for - worker_bwt
[0000] 2. Calling kt_for - worker_aln
[0000] Inferring insert size distribution of PE reads from data, l_pac: 0, n: 2929850
[0000][PE] # candidate unique pairs for (FF, FR, RF, RR): (0, 0, 0, 0)
[0000][PE] skip orientation FF as there are not enough pairs
[0000][PE] skip orientation FR as there are not enough pairs
[0000][PE] skip orientation RF as there are not enough pairs
[0000][PE] skip orientation RR as there are not enough pairs
[0000] 3. Calling kt_for - worker_sam
	[0000][ M::mem_process_seqs] Processed 2929850 reads in 43.262 CPU sec, 1.163 real sec
[0000] read_chunk: 400000000, work_chunk_size: 400000127, nseq: 2933902
	[0000][ M::kt_pipeline] read 2933902 sequences (400000127 bp)...
[0000] Calling mem_process_seqs.., task: 30
[0000] 1. Calling kt_for - worker_bwt
[0000] 2. Calling kt_for - worker_aln
[0000] Inferring insert size distribution of PE reads from data, l_pac: 0, n: 2933902
[0000][PE] # candidate unique pairs for (FF, FR, RF, RR): (0, 0, 0, 0)
[0000][PE] skip orientation FF as there are not enough pairs
[0000][PE] skip orientation FR as there are not enough pairs
[0000][PE] skip orientation RF as there are not enough pairs
[0000][PE] skip orientation RR as there are not enough pairs
[0000] 3. Calling kt_for - worker_sam
	[0000][ M::mem_process_seqs] Processed 2933902 reads in 42.150 CPU sec, 1.669 real sec
[0000] read_chunk: 400000000, work_chunk_size: 400000172, nseq: 2943662
	[0000][ M::kt_pipeline] read 2943662 sequences (400000172 bp)...
[0000] Reallocating initial memory allocations!!
[0000] Calling mem_process_seqs.., task: 31
[0000] 1. Calling kt_for - worker_bwt
[0000] 2. Calling kt_for - worker_aln
[0000] Inferring insert size distribution of PE reads from data, l_pac: 0, n: 2943662
[0000][PE] # candidate unique pairs for (FF, FR, RF, RR): (0, 0, 0, 0)
[0000][PE] skip orientation FF as there are not enough pairs
[0000][PE] skip orientation FR as there are not enough pairs
[0000][PE] skip orientation RF as there are not enough pairs
[0000][PE] skip orientation RR as there are not enough pairs
[0000] 3. Calling kt_for - worker_sam
	[0000][ M::mem_process_seqs] Processed 2943662 reads in 43.657 CPU sec, 1.173 real sec
[0000] read_chunk: 400000000, work_chunk_size: 400000091, nseq: 2931792
	[0000][ M::kt_pipeline] read 2931792 sequences (400000091 bp)...
[0000] Calling mem_process_seqs.., task: 32
[0000] 1. Calling kt_for - worker_bwt
[0000] 2. Calling kt_for - worker_aln
[0000] Inferring insert size distribution of PE reads from data, l_pac: 0, n: 2931792
[0000][PE] # candidate unique pairs for (FF, FR, RF, RR): (0, 0, 0, 0)
[0000][PE] skip orientation FF as there are not enough pairs
[0000][PE] skip orientation FR as there are not enough pairs
[0000][PE] skip orientation RF as there are not enough pairs
[0000][PE] skip orientation RR as there are not enough pairs
[0000] 3. Calling kt_for - worker_sam
	[0000][ M::mem_process_seqs] Processed 2931792 reads in 42.238 CPU sec, 1.124 real sec
[0000] read_chunk: 400000000, work_chunk_size: 199347757, nseq: 1466678
	[0000][ M::kt_pipeline] read 1466678 sequences (199347757 bp)...
[0000] Calling mem_process_seqs.., task: 33
[0000] 1. Calling kt_for - worker_bwt
[0000] read_chunk: 400000000, work_chunk_size: 0, nseq: 0
[0000] 2. Calling kt_for - worker_aln
[0000] Inferring insert size distribution of PE reads from data, l_pac: 0, n: 1466678
[0000][PE] # candidate unique pairs for (FF, FR, RF, RR): (0, 0, 0, 0)
[0000][PE] skip orientation FF as there are not enough pairs
[0000][PE] skip orientation FR as there are not enough pairs
[0000][PE] skip orientation RF as there are not enough pairs
[0000][PE] skip orientation RR as there are not enough pairs
[0000] 3. Calling kt_for - worker_sam
	[0000][ M::mem_process_seqs] Processed 1466678 reads in 21.278 CPU sec, 0.562 real sec
[0000] read_chunk: 400000000, work_chunk_size: 0, nseq: 0
[0000] Computation ends..
No. of OMP threads: 40
Processor is running @2394.647934 MHz
Runtime profile:

	Time taken for main_mem function: 349.69 sec

	IO times (sec) :
	Reading IO time (reads) avg: 293.08, (293.08, 293.08)
	Writing IO time (SAM) avg: 98.74, (98.74, 98.74)
	Reading IO time (Reference Genome) avg: 0.00, (0.00, 0.00)
	Index read time avg: 5.08, (5.08, 5.08)

	Overall time (sec) (Excluding Index reading time):
	PROCESS() (Total compute time + (read + SAM) IO time) : 344.61
	MEM_PROCESS_SEQ() (Total compute time (Kernel + SAM)), avg: 39.45, (39.45, 39.45)

	 SAM Processing time (sec):
	--WORKER_SAM avg: 4.90, (4.90, 4.90)

	Kernels' compute time (sec):
	Total kernel (smem+sal+bsw) time avg: 33.82, (33.82, 33.82)
		MEM_ALN_CHAIN_FLT avg: 0.00, (0.00, 0.00)
		MEM_ALN_CHAIN_SEED avg: 0.00, (0.00, 0.00)
		ERT_SEED_CHAIN avg: 0.00, (0.00, 0.00)
	LEARNED_SEED_CHAIN avg: 0.00, (0.00, 0.00)
		SMEM compute avg: 30.54, (30.79, 30.26)
		SAL compute avg: 0.00, (0.00, 0.00)
				MEM_SA avg: 0.00, (0.00, 0.00)

		BSW time, avg: 1.68, (1.76, 1.33)

Important parameter settings: 
	BATCH_SIZE: 512
	MAX_SEQ_LEN_REF: 256
	MAX_SEQ_LEN_QER: 128
	MAX_SEQ_LEN8: 128
	SEEDS_PER_READ: 500
	SIMD_WIDTH8 X: 64
	SIMD_WIDTH16 X: 32
	AVG_SEEDS_PER_READ: 64
