[2023-09-13 11:00:15,882] multiqc                                            [DEBUG  ]  This is MultiQC v1.13
[2023-09-13 11:00:15,884] multiqc                                            [DEBUG  ]  Found command line config: {'max_table_rows': 3000}
[2023-09-13 11:00:15,884] multiqc                                            [DEBUG  ]  New config: {'max_table_rows': 3000}
[2023-09-13 11:00:15,884] multiqc                                            [DEBUG  ]  Command used: /opt/conda/bin/multiqc -v -p -ip -f --data-dir --data-format tsv --cl-config max_table_rows: 3000 --filename fastq_screen_report --outdir fq_fp1_clmp_fp2_fqscrn fq_fp1_clmp_fp2_fqscrn
[2023-09-13 11:00:16,130] multiqc                                            [WARNING]  MultiQC Version v1.15 now available!
[2023-09-13 11:00:16,130] multiqc                                            [DEBUG  ]  Working dir : /home/e1garcia/shotgun_PIRE/pire_lcwgs_data_processing/atherinomorus_duodecimalis/1st_sequencing_run
[2023-09-13 11:00:16,130] multiqc                                            [DEBUG  ]  Template    : default
[2023-09-13 11:00:16,130] multiqc                                            [DEBUG  ]  Running Python 3.9.12 (main, Aug 29 2022, 00:54:58)  [GCC 11.2.0]
[2023-09-13 11:00:16,131] multiqc                                            [DEBUG  ]  Analysing modules: custom_content, ccs, ngsderive, purple, conpair, lima, peddy, somalier, methylQA, mosdepth, phantompeakqualtools, qualimap, preseq, quast, qorts, rna_seqc, rockhopper, rsem, rseqc, busco, bustools, goleft_indexcov, gffcompare, disambiguate, supernova, deeptools, sargasso, verifybamid, mirtrace, happy, mirtop, sambamba, homer, hops, macs2, theta2, snpeff, gatk, htseq, bcftools, featureCounts, fgbio, dragen, dedup, pbmarkdup, damageprofiler, biobambam2, jcvi, mtnucratio, picard, vep, sentieon, prokka, qc3C, nanostat, samblaster, samtools, sexdeterrmine, eigenstratdatabasetools, bamtools, jellyfish, vcftools, longranger, stacks, varscan2, snippy, bbmap, bismark, biscuit, hicexplorer, hicup, hicpro, salmon, kallisto, slamdunk, star, hisat2, tophat, bowtie2, bowtie1, snpsplit, odgi, pangolin, kat, leehom, adapterRemoval, clipandmerge, cutadapt, flexbar, kaiju, kraken, malt, trimmomatic, sickle, skewer, sortmerna, biobloomtools, fastq_screen, afterqc, fastp, fastqc, pychopper, pycoqc, minionqc, multivcfanalyzer, clusterflow, checkqc, bcl2fastq, bclconvert, interop, ivar, flash, seqyclean, optitype, whatshap
[2023-09-13 11:00:16,131] multiqc                                            [DEBUG  ]  Using temporary directory for creating report: /tmp/tmpsx20yoor
[2023-09-13 11:00:16,329] multiqc                                            [INFO   ]  Search path : /home/e1garcia/shotgun_PIRE/pire_lcwgs_data_processing/atherinomorus_duodecimalis/1st_sequencing_run/fq_fp1_clmp_fp2_fqscrn
[2023-09-13 11:19:17,156] multiqc                                            [DEBUG  ]  Summary of files that were skipped by the search: [skipped_module_specific_max_filesize: 21283] // [skipped_no_match: 6554] // [skipped_ignore_pattern: 3275]
[2023-09-13 11:19:17,789] multiqc.plots.bargraph                             [DEBUG  ]  Using matplotlib version 3.1.2
[2023-09-13 11:19:17,791] multiqc.plots.linegraph                            [DEBUG  ]  Using matplotlib version 3.1.2
[2023-09-13 11:19:17,793] multiqc                                            [DEBUG  ]  No samples found: custom_content
[2023-09-13 11:19:17,803] multiqc.modules.snippy.snippy                      [INFO   ]  Found 1 reports
[2023-09-13 11:19:17,804] multiqc.plots.bargraph                             [WARNING]  Tried to make bar plot, but had no data: snippy_variants
[2023-09-13 11:19:21,703] multiqc.modules.fastq_screen.fastq_screen          [INFO   ]  Found 1636 reports
[2023-09-13 11:22:10,910] multiqc                                            [INFO   ]  Compressing plot data
[2023-09-13 11:22:11,331] multiqc                                            [WARNING]  Deleting    : fq_fp1_clmp_fp2_fqscrn/fastq_screen_report_data   (-f was specified)
[2023-09-13 11:22:11,357] multiqc                                            [WARNING]  Deleting    : fq_fp1_clmp_fp2_fqscrn/fastq_screen_report_plots   (-f was specified)
[2023-09-13 11:22:11,388] multiqc                                            [INFO   ]  Report      : fq_fp1_clmp_fp2_fqscrn/fastq_screen_report.html
[2023-09-13 11:22:11,389] multiqc                                            [INFO   ]  Data        : fq_fp1_clmp_fp2_fqscrn/fastq_screen_report_data
[2023-09-13 11:22:11,389] multiqc                                            [DEBUG  ]  Moving data file from '/tmp/tmpsx20yoor/multiqc_data' to 'fq_fp1_clmp_fp2_fqscrn/fastq_screen_report_data'
[2023-09-13 11:22:11,474] multiqc                                            [INFO   ]  Plots       : fq_fp1_clmp_fp2_fqscrn/fastq_screen_report_plots
[2023-09-13 11:22:11,474] multiqc                                            [DEBUG  ]  Moving plots directory from '/tmp/tmpsx20yoor/multiqc_plots' to 'fq_fp1_clmp_fp2_fqscrn/fastq_screen_report_plots'
[2023-09-13 11:22:11,830] multiqc                                            [INFO   ]  MultiQC complete
