[2023-05-12 11:39:58,840] multiqc                                            [DEBUG  ]  This is MultiQC v1.13
[2023-05-12 11:39:58,842] multiqc                                            [DEBUG  ]  Found command line config: {'max_table_rows': 3000}
[2023-05-12 11:39:58,842] multiqc                                            [DEBUG  ]  New config: {'max_table_rows': 3000}
[2023-05-12 11:39:58,842] multiqc                                            [DEBUG  ]  Command used: /opt/conda/bin/multiqc -v -p -ip -f --data-dir --data-format tsv --cl-config max_table_rows: 3000 --filename 1st_fastp_report --outdir fq_fp1 fq_fp1
[2023-05-12 11:39:59,005] multiqc                                            [WARNING]  MultiQC Version v1.14 now available!
[2023-05-12 11:39:59,005] multiqc                                            [DEBUG  ]  Working dir : /home/e1garcia/shotgun_PIRE/pire_lcwgs_data_processing/salarias_fasciatus/3rd_sequencing_run
[2023-05-12 11:39:59,005] multiqc                                            [DEBUG  ]  Template    : default
[2023-05-12 11:39:59,005] multiqc                                            [DEBUG  ]  Running Python 3.9.12 (main, Aug 29 2022, 00:54:58)  [GCC 11.2.0]
[2023-05-12 11:39:59,005] multiqc                                            [DEBUG  ]  Analysing modules: custom_content, ccs, ngsderive, purple, conpair, lima, peddy, somalier, methylQA, mosdepth, phantompeakqualtools, qualimap, preseq, quast, qorts, rna_seqc, rockhopper, rsem, rseqc, busco, bustools, goleft_indexcov, gffcompare, disambiguate, supernova, deeptools, sargasso, verifybamid, mirtrace, happy, mirtop, sambamba, homer, hops, macs2, theta2, snpeff, gatk, htseq, bcftools, featureCounts, fgbio, dragen, dedup, pbmarkdup, damageprofiler, biobambam2, jcvi, mtnucratio, picard, vep, sentieon, prokka, qc3C, nanostat, samblaster, samtools, sexdeterrmine, eigenstratdatabasetools, bamtools, jellyfish, vcftools, longranger, stacks, varscan2, snippy, bbmap, bismark, biscuit, hicexplorer, hicup, hicpro, salmon, kallisto, slamdunk, star, hisat2, tophat, bowtie2, bowtie1, snpsplit, odgi, pangolin, kat, leehom, adapterRemoval, clipandmerge, cutadapt, flexbar, kaiju, kraken, malt, trimmomatic, sickle, skewer, sortmerna, biobloomtools, fastq_screen, afterqc, fastp, fastqc, pychopper, pycoqc, minionqc, multivcfanalyzer, clusterflow, checkqc, bcl2fastq, bclconvert, interop, ivar, flash, seqyclean, optitype, whatshap
[2023-05-12 11:39:59,005] multiqc                                            [DEBUG  ]  Using temporary directory for creating report: /tmp/tmpdgbortrm
[2023-05-12 11:39:59,154] multiqc                                            [INFO   ]  Search path : /home/e1garcia/shotgun_PIRE/pire_lcwgs_data_processing/salarias_fasciatus/3rd_sequencing_run/fq_fp1
[2023-05-12 11:40:11,815] multiqc                                            [DEBUG  ]  Summary of files that were skipped by the search: [skipped_module_specific_max_filesize: 498] // [skipped_no_match: 415] // [skipped_ignore_pattern: 332]
[2023-05-12 11:40:12,258] multiqc.plots.bargraph                             [DEBUG  ]  Using matplotlib version 3.1.2
[2023-05-12 11:40:12,260] multiqc.plots.linegraph                            [DEBUG  ]  Using matplotlib version 3.1.2
[2023-05-12 11:40:12,261] multiqc                                            [DEBUG  ]  No samples found: custom_content
[2023-05-12 11:40:12,630] multiqc.modules.fastp.fastp                        [INFO   ]  Found 83 reports
[2023-05-12 11:40:48,237] multiqc                                            [INFO   ]  Compressing plot data
[2023-05-12 11:40:54,415] multiqc                                            [INFO   ]  Report      : fq_fp1/1st_fastp_report.html
[2023-05-12 11:40:54,415] multiqc                                            [INFO   ]  Data        : fq_fp1/1st_fastp_report_data
[2023-05-12 11:40:54,415] multiqc                                            [DEBUG  ]  Moving data file from '/tmp/tmpdgbortrm/multiqc_data' to 'fq_fp1/1st_fastp_report_data'
[2023-05-12 11:40:55,075] multiqc                                            [INFO   ]  Plots       : fq_fp1/1st_fastp_report_plots
[2023-05-12 11:40:55,075] multiqc                                            [DEBUG  ]  Moving plots directory from '/tmp/tmpdgbortrm/multiqc_plots' to 'fq_fp1/1st_fastp_report_plots'
[2023-05-12 11:40:55,419] multiqc                                            [INFO   ]  MultiQC complete
