[2023-07-27 16:12:16,833] multiqc                                            [DEBUG  ]  This is MultiQC v1.13
[2023-07-27 16:12:16,836] multiqc                                            [DEBUG  ]  Found command line config: {'max_table_rows': 3000}
[2023-07-27 16:12:16,836] multiqc                                            [DEBUG  ]  New config: {'max_table_rows': 3000}
[2023-07-27 16:12:16,836] multiqc                                            [DEBUG  ]  Command used: /opt/conda/bin/multiqc -v -p -ip -f --data-dir --data-format tsv --cl-config max_table_rows: 3000 --filename 2nd_fastp_report --outdir fq_fp1_clmp_fp2 fq_fp1_clmp_fp2
[2023-07-27 16:12:17,114] multiqc                                            [WARNING]  MultiQC Version v1.14 now available!
[2023-07-27 16:12:17,115] multiqc                                            [DEBUG  ]  Working dir : /home/e1garcia/shotgun_PIRE/pire_lcwgs_data_processing/dascyllus_aruanus/1st_sequencing_run
[2023-07-27 16:12:17,115] multiqc                                            [DEBUG  ]  Template    : default
[2023-07-27 16:12:17,115] multiqc                                            [DEBUG  ]  Running Python 3.9.12 (main, Aug 29 2022, 00:54:58)  [GCC 11.2.0]
[2023-07-27 16:12:17,116] multiqc                                            [DEBUG  ]  Analysing modules: custom_content, ccs, ngsderive, purple, conpair, lima, peddy, somalier, methylQA, mosdepth, phantompeakqualtools, qualimap, preseq, quast, qorts, rna_seqc, rockhopper, rsem, rseqc, busco, bustools, goleft_indexcov, gffcompare, disambiguate, supernova, deeptools, sargasso, verifybamid, mirtrace, happy, mirtop, sambamba, homer, hops, macs2, theta2, snpeff, gatk, htseq, bcftools, featureCounts, fgbio, dragen, dedup, pbmarkdup, damageprofiler, biobambam2, jcvi, mtnucratio, picard, vep, sentieon, prokka, qc3C, nanostat, samblaster, samtools, sexdeterrmine, eigenstratdatabasetools, bamtools, jellyfish, vcftools, longranger, stacks, varscan2, snippy, bbmap, bismark, biscuit, hicexplorer, hicup, hicpro, salmon, kallisto, slamdunk, star, hisat2, tophat, bowtie2, bowtie1, snpsplit, odgi, pangolin, kat, leehom, adapterRemoval, clipandmerge, cutadapt, flexbar, kaiju, kraken, malt, trimmomatic, sickle, skewer, sortmerna, biobloomtools, fastq_screen, afterqc, fastp, fastqc, pychopper, pycoqc, minionqc, multivcfanalyzer, clusterflow, checkqc, bcl2fastq, bclconvert, interop, ivar, flash, seqyclean, optitype, whatshap
[2023-07-27 16:12:17,116] multiqc                                            [DEBUG  ]  Using temporary directory for creating report: /tmp/tmpyxvvavi6
[2023-07-27 16:12:17,330] multiqc                                            [INFO   ]  Search path : /home/e1garcia/shotgun_PIRE/pire_lcwgs_data_processing/dascyllus_aruanus/1st_sequencing_run/fq_fp1_clmp_fp2
[2023-07-27 16:12:32,185] multiqc                                            [DEBUG  ]  Summary of files that were skipped by the search: [skipped_module_specific_max_filesize: 510] // [skipped_no_match: 425] // [skipped_ignore_pattern: 340]
[2023-07-27 16:12:35,920] multiqc.plots.bargraph                             [DEBUG  ]  Using matplotlib version 3.1.2
[2023-07-27 16:12:35,922] multiqc.plots.linegraph                            [DEBUG  ]  Using matplotlib version 3.1.2
[2023-07-27 16:12:35,925] multiqc                                            [DEBUG  ]  No samples found: custom_content
[2023-07-27 16:12:35,968] multiqc.modules.fastp.fastp                        [DEBUG  ]  No insert size plot data: Dar-CJol_086-Ex1-6E-lcwgs-1-1.clmp.r1r2_fastp.json
[2023-07-27 16:12:36,134] multiqc.modules.fastp.fastp                        [DEBUG  ]  No insert size plot data: Dar-CJol_068-Ex1-8E-lcwgs-1-1.clmp.r1r2_fastp.json
[2023-07-27 16:12:36,326] multiqc.modules.fastp.fastp                        [DEBUG  ]  No insert size plot data: Dar-CJol_044-Ex1-5E-lcwgs-1-1.clmp.r1r2_fastp.json
[2023-07-27 16:12:36,395] multiqc.modules.fastp.fastp                        [INFO   ]  Found 85 reports
[2023-07-27 16:13:19,578] multiqc                                            [INFO   ]  Compressing plot data
[2023-07-27 16:13:26,190] multiqc                                            [INFO   ]  Report      : fq_fp1_clmp_fp2/2nd_fastp_report.html
[2023-07-27 16:13:26,190] multiqc                                            [INFO   ]  Data        : fq_fp1_clmp_fp2/2nd_fastp_report_data
[2023-07-27 16:13:26,190] multiqc                                            [DEBUG  ]  Moving data file from '/tmp/tmpyxvvavi6/multiqc_data' to 'fq_fp1_clmp_fp2/2nd_fastp_report_data'
[2023-07-27 16:13:26,928] multiqc                                            [INFO   ]  Plots       : fq_fp1_clmp_fp2/2nd_fastp_report_plots
[2023-07-27 16:13:26,928] multiqc                                            [DEBUG  ]  Moving plots directory from '/tmp/tmpyxvvavi6/multiqc_plots' to 'fq_fp1_clmp_fp2/2nd_fastp_report_plots'
[2023-07-27 16:13:27,475] multiqc                                            [INFO   ]  MultiQC complete
