[2023-02-09 21:30:52,396] multiqc                                            [DEBUG  ]  No MultiQC config found: /opt/conda/lib/python3.7/site-packages/multiqc_config.yaml
[2023-02-09 21:30:52,396] multiqc                                            [DEBUG  ]  No MultiQC config found: /home/hpc-0289/.multiqc_config.yaml
[2023-02-09 21:30:52,397] multiqc                                            [DEBUG  ]  No MultiQC config found: multiqc_config.yaml
[2023-02-09 21:30:52,397] multiqc                                            [DEBUG  ]  Found command line config: {'max_table_rows': 3000}
[2023-02-09 21:30:52,397] multiqc                                            [DEBUG  ]  New config 'max_table_rows': 3000
[2023-02-09 21:30:52,398] multiqc                                            [DEBUG  ]  Command used: /opt/conda/bin/multiqc -v -p -ip -f --data-dir --data-format tsv --cl-config max_table_rows: 3000 --filename fqc_rprd_report --outdir ./fq_fp1_clmp_fp2_fqscrn_rprd ./fq_fp1_clmp_fp2_fqscrn_rprd
[2023-02-09 21:30:52,887] multiqc                                            [WARNING]  MultiQC Version v1.14 now available!
[2023-02-09 21:30:52,887] multiqc                                            [INFO   ]  This is MultiQC v1.9
[2023-02-09 21:30:52,887] multiqc                                            [DEBUG  ]  Command     : /opt/conda/bin/multiqc -v -p -ip -f --data-dir --data-format tsv --cl-config max_table_rows: 3000 --filename fqc_rprd_report --outdir ./fq_fp1_clmp_fp2_fqscrn_rprd ./fq_fp1_clmp_fp2_fqscrn_rprd
[2023-02-09 21:30:52,887] multiqc                                            [DEBUG  ]  Working dir : /home/e1garcia/shotgun_PIRE/pire_lcwgs_data_processing/siganus_fuscescens
[2023-02-09 21:30:52,887] multiqc                                            [INFO   ]  Template    : default
[2023-02-09 21:30:52,887] multiqc                                            [DEBUG  ]  Running Python 3.7.7 (default, Jun 26 2020, 05:10:03)  [GCC 7.3.0]
[2023-02-09 21:30:52,887] multiqc                                            [INFO   ]  Searching   : /home/e1garcia/shotgun_PIRE/pire_lcwgs_data_processing/siganus_fuscescens/fq_fp1_clmp_fp2_fqscrn_rprd
[2023-02-09 21:30:52,888] multiqc                                            [DEBUG  ]  Analysing modules: custom_content, conpair, peddy, somalier, methylQA, mosdepth, phantompeakqualtools, qualimap, preseq, quast, qorts, rna_seqc, rockhopper, rsem, rseqc, busco, goleft_indexcov, disambiguate, supernova, deeptools, sargasso, verifybamid, mirtrace, happy, mirtop, homer, macs2, theta2, snpeff, gatk, htseq, bcftools, featureCounts, fgbio, dragen, dedup, damageprofiler, biobambam2, mtnucratio, picard, prokka, samblaster, samtools, sexdeterrmine, bamtools, jellyfish, vcftools, longranger, stacks, varscan2, bbmap, bismark, biscuit, hicexplorer, hicup, hicpro, salmon, kallisto, slamdunk, star, hisat2, tophat, bowtie2, bowtie1, snpsplit, kat, leehom, adapterRemoval, clipandmerge, cutadapt, flexbar, kaiju, kraken, malt, trimmomatic, sickle, skewer, sortmerna, biobloomtools, fastq_screen, afterqc, fastp, fastqc, pycoqc, minionqc, multivcfanalyzer, clusterflow, bcl2fastq, interop, ivar, flash, seqyclean
[2023-02-09 21:30:52,888] multiqc                                            [DEBUG  ]  Using temporary directory for creating report: /tmp/tmp6iymc3ma
[2023-02-09 21:30:53,021] multiqc                                            [DEBUG  ]  Ignoring file as matched an ignore pattern: Sfu-ABai_012-Ex1-1H-lcwgs-1-1.clmp.fp2_repr.R1.fq.gz
[2023-02-09 21:30:53,022] multiqc                                            [DEBUG  ]  Ignoring file as matched an ignore pattern: Sfu-ABai_006-Ex1-1B-lcwgs-1-1.clmp.fp2_repr.R1.fq.gz
[2023-02-09 21:30:53,022] multiqc                                            [DEBUG  ]  Ignoring file as matched an ignore pattern: Sfu-ABai_011-Ex1-1G-lcwgs-1-1.clmp.fp2_repr.R2.fq.gz
[2023-02-09 21:30:53,052] multiqc                                            [DEBUG  ]  File ignored by hicexplorer because it exceeded search pattern filesize limit: Sfu-ABai_012-Ex1-1H-lcwgs-1-1.clmp.fp2_repr.R2_fastqc.html
[2023-02-09 21:30:53,059] multiqc                                            [DEBUG  ]  File ignored by longranger/invocation because it exceeded search pattern filesize limit: Sfu-ABai_012-Ex1-1H-lcwgs-1-1.clmp.fp2_repr.R2_fastqc.html
[2023-02-09 21:30:53,115] multiqc                                            [DEBUG  ]  File ignored by hicexplorer because it exceeded search pattern filesize limit: Sfu-ABai_008-Ex1-1D-lcwgs-1-1.clmp.fp2_repr.R2_fastqc.html
[2023-02-09 21:30:53,120] multiqc                                            [DEBUG  ]  File ignored by longranger/invocation because it exceeded search pattern filesize limit: Sfu-ABai_008-Ex1-1D-lcwgs-1-1.clmp.fp2_repr.R2_fastqc.html
[2023-02-09 21:30:53,173] multiqc                                            [DEBUG  ]  File ignored by hicexplorer because it exceeded search pattern filesize limit: Sfu-ABai_008-Ex1-1D-lcwgs-1-1.clmp.fp2_repr.R1_fastqc.html
[2023-02-09 21:30:53,178] multiqc                                            [DEBUG  ]  File ignored by longranger/invocation because it exceeded search pattern filesize limit: Sfu-ABai_008-Ex1-1D-lcwgs-1-1.clmp.fp2_repr.R1_fastqc.html
[2023-02-09 21:30:53,229] multiqc                                            [DEBUG  ]  File ignored by hicexplorer because it exceeded search pattern filesize limit: Sfu-ABai_009-Ex1-1E-lcwgs-1-1.clmp.fp2_repr.R2_fastqc.html
[2023-02-09 21:30:53,234] multiqc                                            [DEBUG  ]  File ignored by longranger/invocation because it exceeded search pattern filesize limit: Sfu-ABai_009-Ex1-1E-lcwgs-1-1.clmp.fp2_repr.R2_fastqc.html
[2023-02-09 21:30:53,286] multiqc                                            [DEBUG  ]  File ignored by hicexplorer because it exceeded search pattern filesize limit: Sfu-ABai_007-Ex1-1C-lcwgs-1-1.clmp.fp2_repr.R2_fastqc.html
[2023-02-09 21:30:53,292] multiqc                                            [DEBUG  ]  File ignored by longranger/invocation because it exceeded search pattern filesize limit: Sfu-ABai_007-Ex1-1C-lcwgs-1-1.clmp.fp2_repr.R2_fastqc.html
[2023-02-09 21:30:53,331] multiqc                                            [DEBUG  ]  Ignoring file as matched an ignore pattern: Sfu-ABai_008-Ex1-1D-lcwgs-1-1.clmp.fp2_repr.R2.fq.gz
[2023-02-09 21:30:53,343] multiqc                                            [DEBUG  ]  File ignored by hicexplorer because it exceeded search pattern filesize limit: Sfu-ABai_006-Ex1-1B-lcwgs-1-1.clmp.fp2_repr.R2_fastqc.html
[2023-02-09 21:30:53,348] multiqc                                            [DEBUG  ]  File ignored by longranger/invocation because it exceeded search pattern filesize limit: Sfu-ABai_006-Ex1-1B-lcwgs-1-1.clmp.fp2_repr.R2_fastqc.html
[2023-02-09 21:30:53,391] multiqc                                            [DEBUG  ]  Ignoring file as matched an ignore pattern: Sfu-ABai_010-Ex1-1F-lcwgs-1-1.clmp.fp2_repr.R2.fq.gz
[2023-02-09 21:30:53,391] multiqc                                            [DEBUG  ]  Ignoring file as matched an ignore pattern: Sfu-ABai_005-Ex1-1A-lcwgs-1-1.clmp.fp2_repr.R1.fq.gz
[2023-02-09 21:30:53,403] multiqc                                            [DEBUG  ]  File ignored by hicexplorer because it exceeded search pattern filesize limit: Sfu-ABai_005-Ex1-1A-lcwgs-1-1.clmp.fp2_repr.R1_fastqc.html
[2023-02-09 21:30:53,409] multiqc                                            [DEBUG  ]  File ignored by longranger/invocation because it exceeded search pattern filesize limit: Sfu-ABai_005-Ex1-1A-lcwgs-1-1.clmp.fp2_repr.R1_fastqc.html
[2023-02-09 21:30:53,460] multiqc                                            [DEBUG  ]  File ignored by hicexplorer because it exceeded search pattern filesize limit: Sfu-ABai_006-Ex1-1B-lcwgs-1-1.clmp.fp2_repr.R1_fastqc.html
[2023-02-09 21:30:53,465] multiqc                                            [DEBUG  ]  File ignored by longranger/invocation because it exceeded search pattern filesize limit: Sfu-ABai_006-Ex1-1B-lcwgs-1-1.clmp.fp2_repr.R1_fastqc.html
[2023-02-09 21:30:53,515] multiqc                                            [DEBUG  ]  File ignored by hicexplorer because it exceeded search pattern filesize limit: Sfu-ABai_009-Ex1-1E-lcwgs-1-1.clmp.fp2_repr.R1_fastqc.html
[2023-02-09 21:30:53,520] multiqc                                            [DEBUG  ]  File ignored by longranger/invocation because it exceeded search pattern filesize limit: Sfu-ABai_009-Ex1-1E-lcwgs-1-1.clmp.fp2_repr.R1_fastqc.html
[2023-02-09 21:30:53,560] multiqc                                            [DEBUG  ]  Ignoring file as matched an ignore pattern: Sfu-ABai_005-Ex1-1A-lcwgs-1-1.clmp.fp2_repr.R2.fq.gz
[2023-02-09 21:30:53,560] multiqc                                            [DEBUG  ]  Ignoring file as matched an ignore pattern: Sfu-ABai_008-Ex1-1D-lcwgs-1-1.clmp.fp2_repr.R1.fq.gz
[2023-02-09 21:30:53,572] multiqc                                            [DEBUG  ]  File ignored by hicexplorer because it exceeded search pattern filesize limit: Sfu-ABai_010-Ex1-1F-lcwgs-1-1.clmp.fp2_repr.R1_fastqc.html
[2023-02-09 21:30:53,577] multiqc                                            [DEBUG  ]  File ignored by longranger/invocation because it exceeded search pattern filesize limit: Sfu-ABai_010-Ex1-1F-lcwgs-1-1.clmp.fp2_repr.R1_fastqc.html
[2023-02-09 21:30:53,628] multiqc                                            [DEBUG  ]  File ignored by hicexplorer because it exceeded search pattern filesize limit: Sfu-ABai_012-Ex1-1H-lcwgs-1-1.clmp.fp2_repr.R1_fastqc.html
[2023-02-09 21:30:53,633] multiqc                                            [DEBUG  ]  File ignored by longranger/invocation because it exceeded search pattern filesize limit: Sfu-ABai_012-Ex1-1H-lcwgs-1-1.clmp.fp2_repr.R1_fastqc.html
[2023-02-09 21:30:53,686] multiqc                                            [DEBUG  ]  File ignored by hicexplorer because it exceeded search pattern filesize limit: Sfu-ABai_010-Ex1-1F-lcwgs-1-1.clmp.fp2_repr.R2_fastqc.html
[2023-02-09 21:30:53,691] multiqc                                            [DEBUG  ]  File ignored by longranger/invocation because it exceeded search pattern filesize limit: Sfu-ABai_010-Ex1-1F-lcwgs-1-1.clmp.fp2_repr.R2_fastqc.html
[2023-02-09 21:30:53,732] multiqc                                            [DEBUG  ]  Ignoring file as matched an ignore pattern: Sfu-ABai_010-Ex1-1F-lcwgs-1-1.clmp.fp2_repr.R1.fq.gz
[2023-02-09 21:30:53,733] multiqc                                            [DEBUG  ]  Ignoring file as matched an ignore pattern: Sfu-ABai_007-Ex1-1C-lcwgs-1-1.clmp.fp2_repr.R1.fq.gz
[2023-02-09 21:30:53,733] multiqc                                            [DEBUG  ]  Ignoring file as matched an ignore pattern: Sfu-ABai_011-Ex1-1G-lcwgs-1-1.clmp.fp2_repr.R1.fq.gz
[2023-02-09 21:30:53,745] multiqc                                            [DEBUG  ]  File ignored by hicexplorer because it exceeded search pattern filesize limit: Sfu-ABai_007-Ex1-1C-lcwgs-1-1.clmp.fp2_repr.R1_fastqc.html
[2023-02-09 21:30:53,750] multiqc                                            [DEBUG  ]  File ignored by longranger/invocation because it exceeded search pattern filesize limit: Sfu-ABai_007-Ex1-1C-lcwgs-1-1.clmp.fp2_repr.R1_fastqc.html
[2023-02-09 21:30:53,789] multiqc                                            [DEBUG  ]  Ignoring file as matched an ignore pattern: Sfu-ABai_009-Ex1-1E-lcwgs-1-1.clmp.fp2_repr.R1.fq.gz
[2023-02-09 21:30:53,801] multiqc                                            [DEBUG  ]  File ignored by hicexplorer because it exceeded search pattern filesize limit: Sfu-ABai_011-Ex1-1G-lcwgs-1-1.clmp.fp2_repr.R2_fastqc.html
[2023-02-09 21:30:53,807] multiqc                                            [DEBUG  ]  File ignored by longranger/invocation because it exceeded search pattern filesize limit: Sfu-ABai_011-Ex1-1G-lcwgs-1-1.clmp.fp2_repr.R2_fastqc.html
[2023-02-09 21:30:53,847] multiqc                                            [DEBUG  ]  Ignoring file as matched an ignore pattern: Sfu-ABai_009-Ex1-1E-lcwgs-1-1.clmp.fp2_repr.R2.fq.gz
[2023-02-09 21:30:53,847] multiqc                                            [DEBUG  ]  Ignoring file as matched an ignore pattern: Sfu-ABai_007-Ex1-1C-lcwgs-1-1.clmp.fp2_repr.R2.fq.gz
[2023-02-09 21:30:53,847] multiqc                                            [DEBUG  ]  Ignoring file as matched an ignore pattern: Sfu-ABai_012-Ex1-1H-lcwgs-1-1.clmp.fp2_repr.R2.fq.gz
[2023-02-09 21:30:53,847] multiqc                                            [DEBUG  ]  Ignoring file as matched an ignore pattern: Sfu-ABai_006-Ex1-1B-lcwgs-1-1.clmp.fp2_repr.R2.fq.gz
[2023-02-09 21:30:53,859] multiqc                                            [DEBUG  ]  File ignored by hicexplorer because it exceeded search pattern filesize limit: Sfu-ABai_011-Ex1-1G-lcwgs-1-1.clmp.fp2_repr.R1_fastqc.html
[2023-02-09 21:30:53,864] multiqc                                            [DEBUG  ]  File ignored by longranger/invocation because it exceeded search pattern filesize limit: Sfu-ABai_011-Ex1-1G-lcwgs-1-1.clmp.fp2_repr.R1_fastqc.html
[2023-02-09 21:30:53,915] multiqc                                            [DEBUG  ]  File ignored by hicexplorer because it exceeded search pattern filesize limit: Sfu-ABai_005-Ex1-1A-lcwgs-1-1.clmp.fp2_repr.R2_fastqc.html
[2023-02-09 21:30:53,920] multiqc                                            [DEBUG  ]  File ignored by longranger/invocation because it exceeded search pattern filesize limit: Sfu-ABai_005-Ex1-1A-lcwgs-1-1.clmp.fp2_repr.R2_fastqc.html
[2023-02-09 21:30:53,960] multiqc                                            [DEBUG  ]  Ignoring file as matched an ignore pattern: Sfu-ABai_012-Ex1-1H-lcwgs-1-1.clmp.fp2_repr.orph.fq
[2023-02-09 21:30:53,960] multiqc                                            [DEBUG  ]  Ignoring file as matched an ignore pattern: Sfu-ABai_005-Ex1-1A-lcwgs-1-1.clmp.fp2_repr.orph.fq
[2023-02-09 21:30:53,960] multiqc                                            [DEBUG  ]  Ignoring file as matched an ignore pattern: Sfu-ABai_006-Ex1-1B-lcwgs-1-1.clmp.fp2_repr.orph.fq
[2023-02-09 21:30:53,960] multiqc                                            [DEBUG  ]  Ignoring file as matched an ignore pattern: Sfu-ABai_009-Ex1-1E-lcwgs-1-1.clmp.fp2_repr.orph.fq
[2023-02-09 21:30:53,960] multiqc                                            [DEBUG  ]  Ignoring file as matched an ignore pattern: Sfu-ABai_010-Ex1-1F-lcwgs-1-1.clmp.fp2_repr.orph.fq
[2023-02-09 21:30:53,960] multiqc                                            [DEBUG  ]  Ignoring file as matched an ignore pattern: Sfu-ABai_007-Ex1-1C-lcwgs-1-1.clmp.fp2_repr.orph.fq
[2023-02-09 21:30:53,960] multiqc                                            [DEBUG  ]  Ignoring file as matched an ignore pattern: Sfu-ABai_011-Ex1-1G-lcwgs-1-1.clmp.fp2_repr.orph.fq
[2023-02-09 21:30:53,960] multiqc                                            [DEBUG  ]  Ignoring file as matched an ignore pattern: Sfu-ABai_008-Ex1-1D-lcwgs-1-1.clmp.fp2_repr.orph.fq
[2023-02-09 21:30:54,339] multiqc.plots.bargraph                             [DEBUG  ]  Using matplotlib version 3.1.2
[2023-02-09 21:30:54,341] multiqc.plots.linegraph                            [DEBUG  ]  Using matplotlib version 3.1.2
[2023-02-09 21:30:54,341] multiqc                                            [DEBUG  ]  No samples found: custom_content
[2023-02-09 21:30:54,346] multiqc                                            [DEBUG  ]  No samples found: conpair
[2023-02-09 21:30:54,351] multiqc                                            [DEBUG  ]  No samples found: peddy
[2023-02-09 21:30:54,355] multiqc                                            [DEBUG  ]  No samples found: somalier
[2023-02-09 21:30:54,359] multiqc                                            [DEBUG  ]  No samples found: methylQA
[2023-02-09 21:30:54,366] multiqc                                            [DEBUG  ]  No samples found: mosdepth
[2023-02-09 21:30:54,370] multiqc                                            [DEBUG  ]  No samples found: phantompeakqualtools
[2023-02-09 21:30:54,373] multiqc                                            [DEBUG  ]  No samples found: qualimap
[2023-02-09 21:30:54,378] multiqc                                            [DEBUG  ]  No samples found: preseq
[2023-02-09 21:30:54,382] multiqc                                            [DEBUG  ]  No samples found: quast
[2023-02-09 21:30:54,386] multiqc                                            [DEBUG  ]  No samples found: qorts
[2023-02-09 21:30:54,389] multiqc                                            [DEBUG  ]  No samples found: rna_seqc
[2023-02-09 21:30:54,393] multiqc                                            [DEBUG  ]  No samples found: rockhopper
[2023-02-09 21:30:54,396] multiqc                                            [DEBUG  ]  No samples found: rsem
[2023-02-09 21:30:54,401] multiqc                                            [DEBUG  ]  No samples found: rseqc
[2023-02-09 21:30:54,405] multiqc                                            [DEBUG  ]  No samples found: busco
[2023-02-09 21:30:54,410] multiqc                                            [DEBUG  ]  No samples found: goleft_indexcov
[2023-02-09 21:30:54,414] multiqc                                            [DEBUG  ]  No samples found: disambiguate
[2023-02-09 21:30:54,419] multiqc                                            [DEBUG  ]  No samples found: supernova
[2023-02-09 21:30:54,425] multiqc                                            [DEBUG  ]  No samples found: deeptools
[2023-02-09 21:30:54,429] multiqc                                            [DEBUG  ]  No samples found: sargasso
[2023-02-09 21:30:54,434] multiqc                                            [DEBUG  ]  No samples found: verifybamid
[2023-02-09 21:30:54,438] multiqc                                            [DEBUG  ]  No samples found: mirtrace
[2023-02-09 21:30:54,442] multiqc                                            [DEBUG  ]  No samples found: happy
[2023-02-09 21:30:54,447] multiqc                                            [DEBUG  ]  No samples found: mirtop
[2023-02-09 21:30:54,452] multiqc                                            [DEBUG  ]  No samples found: homer
[2023-02-09 21:30:54,455] multiqc                                            [DEBUG  ]  No samples found: macs2
[2023-02-09 21:30:54,463] multiqc                                            [DEBUG  ]  No samples found: theta2
[2023-02-09 21:30:54,468] multiqc                                            [DEBUG  ]  No samples found: snpeff
[2023-02-09 21:30:54,474] multiqc                                            [DEBUG  ]  No samples found: gatk
[2023-02-09 21:30:54,478] multiqc                                            [DEBUG  ]  No samples found: htseq
[2023-02-09 21:30:54,482] multiqc                                            [DEBUG  ]  No samples found: bcftools
[2023-02-09 21:30:54,487] multiqc                                            [DEBUG  ]  No samples found: featureCounts
[2023-02-09 21:30:54,491] multiqc                                            [DEBUG  ]  No samples found: fgbio
[2023-02-09 21:30:54,498] multiqc                                            [DEBUG  ]  No samples found: dragen
[2023-02-09 21:30:54,502] multiqc                                            [DEBUG  ]  No samples found: dedup
[2023-02-09 21:30:54,505] multiqc                                            [DEBUG  ]  No samples found: damageprofiler
[2023-02-09 21:30:54,518] multiqc                                            [DEBUG  ]  No samples found: biobambam2
[2023-02-09 21:30:54,522] multiqc                                            [DEBUG  ]  No samples found: mtnucratio
[2023-02-09 21:30:54,525] multiqc                                            [DEBUG  ]  No samples found: picard
[2023-02-09 21:30:54,528] multiqc                                            [DEBUG  ]  No samples found: prokka
[2023-02-09 21:30:54,533] multiqc                                            [DEBUG  ]  No samples found: samblaster
[2023-02-09 21:30:54,537] multiqc                                            [DEBUG  ]  No samples found: samtools
[2023-02-09 21:30:54,541] multiqc                                            [DEBUG  ]  No samples found: sexdeterrmine
[2023-02-09 21:30:54,545] multiqc                                            [DEBUG  ]  No samples found: bamtools
[2023-02-09 21:30:54,549] multiqc                                            [DEBUG  ]  No samples found: jellyfish
[2023-02-09 21:30:54,554] multiqc                                            [DEBUG  ]  No samples found: vcftools
[2023-02-09 21:30:54,558] multiqc                                            [DEBUG  ]  No samples found: longranger
[2023-02-09 21:30:54,563] multiqc                                            [DEBUG  ]  No samples found: stacks
[2023-02-09 21:30:54,567] multiqc                                            [DEBUG  ]  No samples found: varscan2
[2023-02-09 21:30:54,574] multiqc                                            [DEBUG  ]  No samples found: bbmap
[2023-02-09 21:30:54,578] multiqc                                            [DEBUG  ]  No samples found: bismark
[2023-02-09 21:30:54,582] multiqc                                            [DEBUG  ]  No samples found: biscuit
[2023-02-09 21:30:54,586] multiqc                                            [DEBUG  ]  No samples found: hicexplorer
[2023-02-09 21:30:54,590] multiqc                                            [DEBUG  ]  No samples found: hicup
[2023-02-09 21:30:54,594] multiqc                                            [DEBUG  ]  No samples found: hicpro
[2023-02-09 21:30:54,598] multiqc                                            [DEBUG  ]  No samples found: salmon
[2023-02-09 21:30:54,602] multiqc                                            [DEBUG  ]  No samples found: kallisto
[2023-02-09 21:30:54,606] multiqc                                            [DEBUG  ]  No samples found: slamdunk
[2023-02-09 21:30:54,610] multiqc                                            [DEBUG  ]  No samples found: star
[2023-02-09 21:30:54,614] multiqc                                            [DEBUG  ]  No samples found: hisat2
[2023-02-09 21:30:54,618] multiqc                                            [DEBUG  ]  No samples found: tophat
[2023-02-09 21:30:54,622] multiqc                                            [DEBUG  ]  No samples found: bowtie2
[2023-02-09 21:30:54,625] multiqc                                            [DEBUG  ]  No samples found: bowtie1
[2023-02-09 21:30:54,629] multiqc                                            [DEBUG  ]  No samples found: snpsplit
[2023-02-09 21:30:54,633] multiqc                                            [DEBUG  ]  No samples found: kat
[2023-02-09 21:30:54,636] multiqc                                            [DEBUG  ]  No samples found: leehom
[2023-02-09 21:30:54,640] multiqc                                            [DEBUG  ]  No samples found: adapterRemoval
[2023-02-09 21:30:54,644] multiqc                                            [DEBUG  ]  No samples found: clipandmerge
[2023-02-09 21:30:54,649] multiqc                                            [DEBUG  ]  No samples found: cutadapt
[2023-02-09 21:30:54,653] multiqc                                            [DEBUG  ]  No samples found: flexbar
[2023-02-09 21:30:54,658] multiqc                                            [DEBUG  ]  No samples found: kaiju
[2023-02-09 21:30:54,661] multiqc                                            [DEBUG  ]  No samples found: kraken
[2023-02-09 21:30:54,665] multiqc                                            [DEBUG  ]  No samples found: malt
[2023-02-09 21:30:54,669] multiqc                                            [DEBUG  ]  No samples found: trimmomatic
[2023-02-09 21:30:54,673] multiqc                                            [DEBUG  ]  No samples found: sickle
[2023-02-09 21:30:54,676] multiqc                                            [DEBUG  ]  No samples found: skewer
[2023-02-09 21:30:54,680] multiqc                                            [DEBUG  ]  No samples found: sortmerna
[2023-02-09 21:30:54,684] multiqc                                            [DEBUG  ]  No samples found: biobloomtools
[2023-02-09 21:30:54,688] multiqc                                            [DEBUG  ]  No samples found: fastq_screen
[2023-02-09 21:30:54,693] multiqc                                            [DEBUG  ]  No samples found: afterqc
[2023-02-09 21:30:54,697] multiqc                                            [DEBUG  ]  No samples found: fastp
[2023-02-09 21:30:57,088] multiqc.modules.fastqc.fastqc                      [INFO   ]  Found 16 reports
[2023-02-09 21:31:09,078] multiqc                                            [DEBUG  ]  No samples found: pycoqc
[2023-02-09 21:31:09,083] multiqc                                            [DEBUG  ]  No samples found: minionqc
[2023-02-09 21:31:09,088] multiqc                                            [DEBUG  ]  No samples found: multivcfanalyzer
[2023-02-09 21:31:09,093] multiqc                                            [DEBUG  ]  No samples found: clusterflow
[2023-02-09 21:31:09,096] multiqc                                            [DEBUG  ]  No samples found: bcl2fastq
[2023-02-09 21:31:09,101] multiqc                                            [DEBUG  ]  No samples found: interop
[2023-02-09 21:31:09,104] multiqc                                            [DEBUG  ]  No samples found: ivar
[2023-02-09 21:31:09,108] multiqc                                            [DEBUG  ]  No samples found: flash
[2023-02-09 21:31:09,112] multiqc                                            [DEBUG  ]  No samples found: seqyclean
[2023-02-09 21:31:09,135] multiqc                                            [INFO   ]  Compressing plot data
[2023-02-09 21:31:09,390] multiqc                                            [INFO   ]  Report      : fq_fp1_clmp_fp2_fqscrn_rprd/fqc_rprd_report.html
[2023-02-09 21:31:09,390] multiqc                                            [INFO   ]  Data        : fq_fp1_clmp_fp2_fqscrn_rprd/fqc_rprd_report_data
[2023-02-09 21:31:09,390] multiqc                                            [DEBUG  ]  Moving data file from '/tmp/tmp6iymc3ma/multiqc_data' to './fq_fp1_clmp_fp2_fqscrn_rprd/fqc_rprd_report_data'
[2023-02-09 21:31:09,455] multiqc                                            [INFO   ]  Plots       : fq_fp1_clmp_fp2_fqscrn_rprd/fqc_rprd_report_plots
[2023-02-09 21:31:09,455] multiqc                                            [DEBUG  ]  Moving plots directory from '/tmp/tmp6iymc3ma/multiqc_plots' to './fq_fp1_clmp_fp2_fqscrn_rprd/fqc_rprd_report_plots'
[2023-02-09 21:31:09,720] multiqc                                            [INFO   ]  MultiQC complete
