Looking to launch executable "/opt/conda/bin/bwa-meme_mode3.avx512bw", simd = _mode3.avx512bw
Launching executable "/opt/conda/bin/bwa-meme_mode3.avx512bw"
-----------------------------
Executing in AVX512 mode!!
-----------------------------
* SA compression enabled with xfactor: 8
* Ref file: reference.ssl.Sde.fasta
* Entering FMI_search
* Index file found. Loading index from reference.ssl.Sde.fasta.bwt.2bit.64
* Reference seq len for bi-index = 1649910295
* sentinel-index: 1544169192
* Count:
0,	1
1,	474577480
2,	824955148
3,	1175332816
4,	1649910295

* Reading other elements of the index from files reference.ssl.Sde.fasta
* Index prefix: reference.ssl.Sde.fasta
* Read 0 ALT contigs
* Done reading Index!!
* Reading reference genome..
* Binary seq file = reference.ssl.Sde.fasta.0123
* Reference genome size: 1649910294 bp
* Done reading reference genome !!

------------------------------------------
1. Memory pre-allocation for Chaining: 5679.4903 MB
2. Memory pre-allocation for BSW: 9584.6810 MB
3. Memory pre-allocation for BWT: 3092.5670 MB
------------------------------------------
* Threads used (compute): 40
* No. of pipeline threads: 2

[0000] read_chunk: 400000000, work_chunk_size: 4276862, nseq: 40480
	[0000][ M::kt_pipeline] read 40480 sequences (4276862 bp)...
[0000] Calling mem_process_seqs.., task: 0
[0000] 1. Calling kt_for - worker_bwt
[0000] read_chunk: 400000000, work_chunk_size: 0, nseq: 0
[0000] 2. Calling kt_for - worker_aln
[0000] Inferring insert size distribution of PE reads from data, l_pac: 824955147, n: 40480
[0000][PE] # candidate unique pairs for (FF, FR, RF, RR): (1, 12836, 1, 0)
[0000][PE] skip orientation FF as there are not enough pairs
[0000][PE] analyzing insert size distribution for orientation FR...
[0000][PE] (25, 50, 75) percentile: (76, 101, 156)
[0000][PE] low and high boundaries for computing mean and std.dev: (1, 316)
[0000][PE] mean and std.dev: (118.70, 63.28)
[0000][PE] low and high boundaries for proper pairs: (1, 396)
[0000][PE] skip orientation RF as there are not enough pairs
[0000][PE] skip orientation RR as there are not enough pairs
[0000] 3. Calling kt_for - worker_sam
	[0000][ M::mem_process_seqs] Processed 40480 reads in 12.697 CPU sec, 0.385 real sec
[0000] read_chunk: 400000000, work_chunk_size: 0, nseq: 0
[0000] Computation ends..
No. of OMP threads: 40
Processor is running @2394.661264 MHz
Runtime profile:

	Time taken for main_mem function: 9.14 sec

	IO times (sec) :
	Reading IO time (reads) avg: 0.11, (0.11, 0.11)
	Writing IO time (SAM) avg: 0.69, (0.69, 0.69)
	Reading IO time (Reference Genome) avg: 1.01, (1.01, 1.01)
	Index read time avg: 2.25, (2.25, 2.25)

	Overall time (sec) (Excluding Index reading time):
	PROCESS() (Total compute time + (read + SAM) IO time) : 5.20
	MEM_PROCESS_SEQ() (Total compute time (Kernel + SAM)), avg: 0.38, (0.38, 0.38)

	 SAM Processing time (sec):
	--WORKER_SAM avg: 0.08, (0.08, 0.08)

	Kernels' compute time (sec):
	Total kernel (smem+sal+bsw) time avg: 0.30, (0.30, 0.30)
		MEM_ALN_CHAIN_FLT avg: 0.00, (0.00, 0.00)
		MEM_ALN_CHAIN_SEED avg: 0.00, (0.00, 0.00)
		ERT_SEED_CHAIN avg: 0.00, (0.00, 0.00)
	LEARNED_SEED_CHAIN avg: 0.00, (0.00, 0.00)
		SMEM compute avg: 0.17, (0.19, 0.10)
		SAL compute avg: 0.03, (0.04, 0.03)
				MEM_SA avg: 0.02, (0.02, 0.01)

		BSW time, avg: 0.06, (0.07, 0.04)

Important parameter settings: 
	BATCH_SIZE: 512
	MAX_SEQ_LEN_REF: 256
	MAX_SEQ_LEN_QER: 128
	MAX_SEQ_LEN8: 128
	SEEDS_PER_READ: 500
	SIMD_WIDTH8 X: 64
	SIMD_WIDTH16 X: 32
	AVG_SEEDS_PER_READ: 64
