Looking to launch executable "/opt/conda/bin/bwa-meme_mode3.avx512bw", simd = _mode3.avx512bw
Launching executable "/opt/conda/bin/bwa-meme_mode3.avx512bw"
-----------------------------
Executing in AVX512 mode!!
-----------------------------
* SA compression enabled with xfactor: 8
* Ref file: reference.ssl.Sde.fasta
* Entering FMI_search
* Index file found. Loading index from reference.ssl.Sde.fasta.bwt.2bit.64
* Reference seq len for bi-index = 1649910295
* sentinel-index: 1544169192
* Count:
0,	1
1,	474577480
2,	824955148
3,	1175332816
4,	1649910295

* Reading other elements of the index from files reference.ssl.Sde.fasta
* Index prefix: reference.ssl.Sde.fasta
* Read 0 ALT contigs
* Done reading Index!!
* Reading reference genome..
* Binary seq file = reference.ssl.Sde.fasta.0123
* Reference genome size: 1649910294 bp
* Done reading reference genome !!

------------------------------------------
1. Memory pre-allocation for Chaining: 5679.4903 MB
2. Memory pre-allocation for BSW: 9584.6810 MB
3. Memory pre-allocation for BWT: 3092.5670 MB
------------------------------------------
* Threads used (compute): 40
* No. of pipeline threads: 2

[0000] read_chunk: 400000000, work_chunk_size: 169175403, nseq: 1666350
	[0000][ M::kt_pipeline] read 1666350 sequences (169175403 bp)...
[0000] Calling mem_process_seqs.., task: 0
[0000] 1. Calling kt_for - worker_bwt
[0000] read_chunk: 400000000, work_chunk_size: 0, nseq: 0
[0000] 2. Calling kt_for - worker_aln
[0000] Inferring insert size distribution of PE reads from data, l_pac: 824955147, n: 1666350
[0000][PE] # candidate unique pairs for (FF, FR, RF, RR): (53, 546750, 7, 43)
[0000][PE] analyzing insert size distribution for orientation FF...
[0000][PE] (25, 50, 75) percentile: (34, 52, 80)
[0000][PE] low and high boundaries for computing mean and std.dev: (1, 172)
[0000][PE] mean and std.dev: (58.02, 28.85)
[0000][PE] low and high boundaries for proper pairs: (1, 218)
[0000][PE] analyzing insert size distribution for orientation FR...
[0000][PE] (25, 50, 75) percentile: (78, 96, 117)
[0000][PE] low and high boundaries for computing mean and std.dev: (1, 195)
[0000][PE] mean and std.dev: (98.66, 29.18)
[0000][PE] low and high boundaries for proper pairs: (1, 234)
[0000][PE] skip orientation RF as there are not enough pairs
[0000][PE] analyzing insert size distribution for orientation RR...
[0000][PE] (25, 50, 75) percentile: (34, 50, 70)
[0000][PE] low and high boundaries for computing mean and std.dev: (1, 142)
[0000][PE] mean and std.dev: (52.95, 29.66)
[0000][PE] low and high boundaries for proper pairs: (1, 178)
[0000][PE] skip orientation FF
[0000][PE] skip orientation RR
[0000] 3. Calling kt_for - worker_sam
	[0000][ M::mem_process_seqs] Processed 1666350 reads in 437.077 CPU sec, 11.382 real sec
[0000] read_chunk: 400000000, work_chunk_size: 0, nseq: 0
[0000] Computation ends..
No. of OMP threads: 40
Processor is running @2394.655840 MHz
Runtime profile:

	Time taken for main_mem function: 26.13 sec

	IO times (sec) :
	Reading IO time (reads) avg: 4.23, (4.23, 4.23)
	Writing IO time (SAM) avg: 2.05, (2.05, 2.05)
	Reading IO time (Reference Genome) avg: 1.02, (1.02, 1.02)
	Index read time avg: 2.24, (2.24, 2.24)

	Overall time (sec) (Excluding Index reading time):
	PROCESS() (Total compute time + (read + SAM) IO time) : 22.04
	MEM_PROCESS_SEQ() (Total compute time (Kernel + SAM)), avg: 11.38, (11.38, 11.38)

	 SAM Processing time (sec):
	--WORKER_SAM avg: 2.70, (2.70, 2.70)

	Kernels' compute time (sec):
	Total kernel (smem+sal+bsw) time avg: 8.42, (8.42, 8.42)
		MEM_ALN_CHAIN_FLT avg: 0.00, (0.00, 0.00)
		MEM_ALN_CHAIN_SEED avg: 0.00, (0.00, 0.00)
		ERT_SEED_CHAIN avg: 0.00, (0.00, 0.00)
	LEARNED_SEED_CHAIN avg: 0.00, (0.00, 0.00)
		SMEM compute avg: 4.38, (4.47, 4.31)
		SAL compute avg: 1.30, (1.35, 1.21)
				MEM_SA avg: 0.70, (0.75, 0.62)

		BSW time, avg: 2.52, (2.54, 2.50)

Important parameter settings: 
	BATCH_SIZE: 512
	MAX_SEQ_LEN_REF: 256
	MAX_SEQ_LEN_QER: 128
	MAX_SEQ_LEN8: 128
	SEEDS_PER_READ: 500
	SIMD_WIDTH8 X: 64
	SIMD_WIDTH16 X: 32
	AVG_SEEDS_PER_READ: 64
