Looking to launch executable "/opt/conda/bin/bwa-meme_mode3.avx512bw", simd = _mode3.avx512bw
Launching executable "/opt/conda/bin/bwa-meme_mode3.avx512bw"
-----------------------------
Executing in AVX512 mode!!
-----------------------------
* SA compression enabled with xfactor: 8
* Ref file: reference.ssl.Sde.fasta
* Entering FMI_search
* Index file found. Loading index from reference.ssl.Sde.fasta.bwt.2bit.64
* Reference seq len for bi-index = 1649910295
* sentinel-index: 1544169192
* Count:
0,	1
1,	474577480
2,	824955148
3,	1175332816
4,	1649910295

* Reading other elements of the index from files reference.ssl.Sde.fasta
* Index prefix: reference.ssl.Sde.fasta
* Read 0 ALT contigs
* Done reading Index!!
* Reading reference genome..
* Binary seq file = reference.ssl.Sde.fasta.0123
* Reference genome size: 1649910294 bp
* Done reading reference genome !!

------------------------------------------
1. Memory pre-allocation for Chaining: 5679.4903 MB
2. Memory pre-allocation for BSW: 9584.6810 MB
3. Memory pre-allocation for BWT: 3092.5670 MB
------------------------------------------
* Threads used (compute): 40
* No. of pipeline threads: 2

[0000] read_chunk: 400000000, work_chunk_size: 400000132, nseq: 3951352
	[0000][ M::kt_pipeline] read 3951352 sequences (400000132 bp)...
[0000] Reallocating initial memory allocations!!
[0000] Calling mem_process_seqs.., task: 0
[0000] 1. Calling kt_for - worker_bwt
[0000] read_chunk: 400000000, work_chunk_size: 400000057, nseq: 3948952
	[0000][ M::kt_pipeline] read 3948952 sequences (400000057 bp)...
[0000] 2. Calling kt_for - worker_aln
[0000] Inferring insert size distribution of PE reads from data, l_pac: 824955147, n: 3951352
[0000][PE] # candidate unique pairs for (FF, FR, RF, RR): (145, 1297675, 16, 105)
[0000][PE] analyzing insert size distribution for orientation FF...
[0000][PE] (25, 50, 75) percentile: (32, 46, 64)
[0000][PE] low and high boundaries for computing mean and std.dev: (1, 128)
[0000][PE] mean and std.dev: (50.47, 25.24)
[0000][PE] low and high boundaries for proper pairs: (1, 160)
[0000][PE] analyzing insert size distribution for orientation FR...
[0000][PE] (25, 50, 75) percentile: (77, 95, 116)
[0000][PE] low and high boundaries for computing mean and std.dev: (1, 194)
[0000][PE] mean and std.dev: (97.68, 29.09)
[0000][PE] low and high boundaries for proper pairs: (1, 233)
[0000][PE] analyzing insert size distribution for orientation RF...
[0000][PE] (25, 50, 75) percentile: (78, 179, 229)
[0000][PE] low and high boundaries for computing mean and std.dev: (1, 531)
[0000][PE] mean and std.dev: (155.73, 103.53)
[0000][PE] low and high boundaries for proper pairs: (1, 682)
[0000][PE] analyzing insert size distribution for orientation RR...
[0000][PE] (25, 50, 75) percentile: (34, 53, 68)
[0000][PE] low and high boundaries for computing mean and std.dev: (1, 136)
[0000][PE] mean and std.dev: (50.85, 22.82)
[0000][PE] low and high boundaries for proper pairs: (1, 170)
[0000][PE] skip orientation FF
[0000][PE] skip orientation RF
[0000][PE] skip orientation RR
[0000] 3. Calling kt_for - worker_sam
	[0000][ M::mem_process_seqs] Processed 3951352 reads in 913.617 CPU sec, 24.344 real sec
[0000] Calling mem_process_seqs.., task: 1
[0000] 1. Calling kt_for - worker_bwt
[0000] 2. Calling kt_for - worker_aln
[0000] read_chunk: 400000000, work_chunk_size: 259660378, nseq: 2561836
	[0000][ M::kt_pipeline] read 2561836 sequences (259660378 bp)...
[0000] Inferring insert size distribution of PE reads from data, l_pac: 824955147, n: 3948952
[0000][PE] # candidate unique pairs for (FF, FR, RF, RR): (182, 1294572, 20, 113)
[0000][PE] analyzing insert size distribution for orientation FF...
[0000][PE] (25, 50, 75) percentile: (33, 47, 69)
[0000][PE] low and high boundaries for computing mean and std.dev: (1, 141)
[0000][PE] mean and std.dev: (52.28, 26.87)
[0000][PE] low and high boundaries for proper pairs: (1, 177)
[0000][PE] analyzing insert size distribution for orientation FR...
[0000][PE] (25, 50, 75) percentile: (77, 95, 116)
[0000][PE] low and high boundaries for computing mean and std.dev: (1, 194)
[0000][PE] mean and std.dev: (97.73, 29.09)
[0000][PE] low and high boundaries for proper pairs: (1, 233)
[0000][PE] analyzing insert size distribution for orientation RF...
[0000][PE] (25, 50, 75) percentile: (54, 214, 1602)
[0000][PE] low and high boundaries for computing mean and std.dev: (1, 4698)
[0000][PE] mean and std.dev: (641.53, 836.72)
[0000][PE] low and high boundaries for proper pairs: (1, 6246)
[0000][PE] analyzing insert size distribution for orientation RR...
[0000][PE] (25, 50, 75) percentile: (32, 41, 65)
[0000][PE] low and high boundaries for computing mean and std.dev: (1, 131)
[0000][PE] mean and std.dev: (48.87, 26.56)
[0000][PE] low and high boundaries for proper pairs: (1, 164)
[0000][PE] skip orientation FF
[0000][PE] skip orientation RF
[0000][PE] skip orientation RR
[0000] 3. Calling kt_for - worker_sam
	[0000][ M::mem_process_seqs] Processed 3948952 reads in 890.005 CPU sec, 23.780 real sec
[0000] Calling mem_process_seqs.., task: 2
[0000] 1. Calling kt_for - worker_bwt
[0000] read_chunk: 400000000, work_chunk_size: 0, nseq: 0
[0000] 2. Calling kt_for - worker_aln
[0000] Inferring insert size distribution of PE reads from data, l_pac: 824955147, n: 2561836
[0000][PE] # candidate unique pairs for (FF, FR, RF, RR): (106, 837001, 10, 79)
[0000][PE] analyzing insert size distribution for orientation FF...
[0000][PE] (25, 50, 75) percentile: (32, 47, 63)
[0000][PE] low and high boundaries for computing mean and std.dev: (1, 125)
[0000][PE] mean and std.dev: (48.05, 23.04)
[0000][PE] low and high boundaries for proper pairs: (1, 156)
[0000][PE] analyzing insert size distribution for orientation FR...
[0000][PE] (25, 50, 75) percentile: (77, 95, 116)
[0000][PE] low and high boundaries for computing mean and std.dev: (1, 194)
[0000][PE] mean and std.dev: (97.74, 29.13)
[0000][PE] low and high boundaries for proper pairs: (1, 233)
[0000][PE] analyzing insert size distribution for orientation RF...
[0000][PE] (25, 50, 75) percentile: (31, 166, 348)
[0000][PE] low and high boundaries for computing mean and std.dev: (1, 982)
[0000][PE] mean and std.dev: (117.50, 111.90)
[0000][PE] low and high boundaries for proper pairs: (1, 1299)
[0000][PE] analyzing insert size distribution for orientation RR...
[0000][PE] (25, 50, 75) percentile: (32, 45, 61)
[0000][PE] low and high boundaries for computing mean and std.dev: (1, 119)
[0000][PE] mean and std.dev: (45.47, 19.30)
[0000][PE] low and high boundaries for proper pairs: (1, 148)
[0000][PE] skip orientation FF
[0000][PE] skip orientation RF
[0000][PE] skip orientation RR
[0000] 3. Calling kt_for - worker_sam
	[0000][ M::mem_process_seqs] Processed 2561836 reads in 567.048 CPU sec, 15.505 real sec
[0000] read_chunk: 400000000, work_chunk_size: 0, nseq: 0
[0000] Computation ends..
No. of OMP threads: 40
Processor is running @2394.636760 MHz
Runtime profile:

	Time taken for main_mem function: 91.14 sec

	IO times (sec) :
	Reading IO time (reads) avg: 28.42, (28.42, 28.42)
	Writing IO time (SAM) avg: 15.42, (15.42, 15.42)
	Reading IO time (Reference Genome) avg: 1.02, (1.02, 1.02)
	Index read time avg: 2.26, (2.26, 2.26)

	Overall time (sec) (Excluding Index reading time):
	PROCESS() (Total compute time + (read + SAM) IO time) : 87.04
	MEM_PROCESS_SEQ() (Total compute time (Kernel + SAM)), avg: 63.62, (63.62, 63.62)

	 SAM Processing time (sec):
	--WORKER_SAM avg: 13.58, (13.58, 13.58)

	Kernels' compute time (sec):
	Total kernel (smem+sal+bsw) time avg: 47.60, (47.60, 47.60)
		MEM_ALN_CHAIN_FLT avg: 0.00, (0.00, 0.00)
		MEM_ALN_CHAIN_SEED avg: 0.00, (0.00, 0.00)
		ERT_SEED_CHAIN avg: 0.00, (0.00, 0.00)
	LEARNED_SEED_CHAIN avg: 0.00, (0.00, 0.00)
		SMEM compute avg: 24.55, (24.82, 24.19)
		SAL compute avg: 7.77, (8.10, 7.59)
				MEM_SA avg: 3.53, (3.63, 3.38)

		BSW time, avg: 13.61, (13.69, 13.55)

Important parameter settings: 
	BATCH_SIZE: 512
	MAX_SEQ_LEN_REF: 256
	MAX_SEQ_LEN_QER: 128
	MAX_SEQ_LEN8: 128
	SEEDS_PER_READ: 500
	SIMD_WIDTH8 X: 64
	SIMD_WIDTH16 X: 32
	AVG_SEEDS_PER_READ: 64
