Looking to launch executable "/opt/conda/bin/bwa-meme_mode3.avx512bw", simd = _mode3.avx512bw
Launching executable "/opt/conda/bin/bwa-meme_mode3.avx512bw"
-----------------------------
Executing in AVX512 mode!!
-----------------------------
* SA compression enabled with xfactor: 8
* Ref file: reference.ssl.Sde.fasta
* Entering FMI_search
* Index file found. Loading index from reference.ssl.Sde.fasta.bwt.2bit.64
* Reference seq len for bi-index = 1649910295
* sentinel-index: 1544169192
* Count:
0,	1
1,	474577480
2,	824955148
3,	1175332816
4,	1649910295

* Reading other elements of the index from files reference.ssl.Sde.fasta
* Index prefix: reference.ssl.Sde.fasta
* Read 0 ALT contigs
* Done reading Index!!
* Reading reference genome..
* Binary seq file = reference.ssl.Sde.fasta.0123
* Reference genome size: 1649910294 bp
* Done reading reference genome !!

------------------------------------------
1. Memory pre-allocation for Chaining: 5679.4903 MB
2. Memory pre-allocation for BSW: 9584.6810 MB
3. Memory pre-allocation for BWT: 3092.5670 MB
------------------------------------------
* Threads used (compute): 40
* No. of pipeline threads: 2

[0000] read_chunk: 400000000, work_chunk_size: 400000104, nseq: 4209332
	[0000][ M::kt_pipeline] read 4209332 sequences (400000104 bp)...
[0000] Reallocating initial memory allocations!!
[0000] Calling mem_process_seqs.., task: 0
[0000] 1. Calling kt_for - worker_bwt
[0000] read_chunk: 400000000, work_chunk_size: 400000034, nseq: 4206614
	[0000][ M::kt_pipeline] read 4206614 sequences (400000034 bp)...
[0000] 2. Calling kt_for - worker_aln
[0000] Inferring insert size distribution of PE reads from data, l_pac: 824955147, n: 4209332
[0000][PE] # candidate unique pairs for (FF, FR, RF, RR): (43, 1434778, 18, 23)
[0000][PE] analyzing insert size distribution for orientation FF...
[0000][PE] (25, 50, 75) percentile: (26, 35, 58)
[0000][PE] low and high boundaries for computing mean and std.dev: (1, 122)
[0000][PE] mean and std.dev: (41.50, 25.46)
[0000][PE] low and high boundaries for proper pairs: (1, 154)
[0000][PE] analyzing insert size distribution for orientation FR...
[0000][PE] (25, 50, 75) percentile: (72, 88, 109)
[0000][PE] low and high boundaries for computing mean and std.dev: (1, 183)
[0000][PE] mean and std.dev: (91.57, 27.78)
[0000][PE] low and high boundaries for proper pairs: (1, 220)
[0000][PE] analyzing insert size distribution for orientation RF...
[0000][PE] (25, 50, 75) percentile: (39, 81, 289)
[0000][PE] low and high boundaries for computing mean and std.dev: (1, 789)
[0000][PE] mean and std.dev: (156.44, 195.17)
[0000][PE] low and high boundaries for proper pairs: (1, 1039)
[0000][PE] analyzing insert size distribution for orientation RR...
[0000][PE] (25, 50, 75) percentile: (29, 40, 76)
[0000][PE] low and high boundaries for computing mean and std.dev: (1, 170)
[0000][PE] mean and std.dev: (50.41, 31.49)
[0000][PE] low and high boundaries for proper pairs: (1, 217)
[0000][PE] skip orientation FF
[0000][PE] skip orientation RF
[0000][PE] skip orientation RR
[0000] 3. Calling kt_for - worker_sam
	[0000][ M::mem_process_seqs] Processed 4209332 reads in 891.222 CPU sec, 23.424 real sec
[0000] Calling mem_process_seqs.., task: 1
[0000] 1. Calling kt_for - worker_bwt
[0000] 2. Calling kt_for - worker_aln
[0000] Inferring insert size distribution of PE reads from data, l_pac: 824955147, n: 4206614
[0000][PE] # candidate unique pairs for (FF, FR, RF, RR): (40, 1431261, 11, 37)
[0000][PE] analyzing insert size distribution for orientation FF...
[0000][PE] (25, 50, 75) percentile: (35, 62, 88)
[0000][PE] low and high boundaries for computing mean and std.dev: (1, 194)
[0000][PE] mean and std.dev: (58.39, 29.25)
[0000][PE] low and high boundaries for proper pairs: (1, 247)
[0000][PE] analyzing insert size distribution for orientation FR...
[0000][PE] (25, 50, 75) percentile: (72, 88, 109)
[0000][PE] low and high boundaries for computing mean and std.dev: (1, 183)
[0000][PE] mean and std.dev: (91.61, 27.80)
[0000][PE] low and high boundaries for proper pairs: (1, 220)
[0000][PE] analyzing insert size distribution for orientation RF...
[0000][PE] (25, 50, 75) percentile: (38, 144, 764)
[0000][PE] low and high boundaries for computing mean and std.dev: (1, 2216)
[0000][PE] mean and std.dev: (267.90, 338.18)
[0000][PE] low and high boundaries for proper pairs: (1, 2942)
[0000][PE] analyzing insert size distribution for orientation RR...
[0000][PE] (25, 50, 75) percentile: (34, 44, 84)
[0000][PE] low and high boundaries for computing mean and std.dev: (1, 184)
[0000][PE] mean and std.dev: (56.24, 29.14)
[0000][PE] low and high boundaries for proper pairs: (1, 234)
[0000][PE] skip orientation FF
[0000][PE] skip orientation RF
[0000][PE] skip orientation RR
[0000] 3. Calling kt_for - worker_sam
	[0000][ M::mem_process_seqs] Processed 4206614 reads in 870.171 CPU sec, 23.659 real sec
[0000] read_chunk: 400000000, work_chunk_size: 400000008, nseq: 4207036
	[0000][ M::kt_pipeline] read 4207036 sequences (400000008 bp)...
[0000] Calling mem_process_seqs.., task: 2
[0000] 1. Calling kt_for - worker_bwt
[0000] 2. Calling kt_for - worker_aln
[0000] read_chunk: 400000000, work_chunk_size: 366500044, nseq: 3853436
	[0000][ M::kt_pipeline] read 3853436 sequences (366500044 bp)...
[0000] Inferring insert size distribution of PE reads from data, l_pac: 824955147, n: 4207036
[0000][PE] # candidate unique pairs for (FF, FR, RF, RR): (41, 1431705, 18, 33)
[0000][PE] analyzing insert size distribution for orientation FF...
[0000][PE] (25, 50, 75) percentile: (28, 40, 61)
[0000][PE] low and high boundaries for computing mean and std.dev: (1, 127)
[0000][PE] mean and std.dev: (45.78, 24.25)
[0000][PE] low and high boundaries for proper pairs: (1, 160)
[0000][PE] analyzing insert size distribution for orientation FR...
[0000][PE] (25, 50, 75) percentile: (72, 88, 109)
[0000][PE] low and high boundaries for computing mean and std.dev: (1, 183)
[0000][PE] mean and std.dev: (91.60, 27.80)
[0000][PE] low and high boundaries for proper pairs: (1, 220)
[0000][PE] analyzing insert size distribution for orientation RF...
[0000][PE] (25, 50, 75) percentile: (33, 57, 87)
[0000][PE] low and high boundaries for computing mean and std.dev: (1, 195)
[0000][PE] mean and std.dev: (59.18, 35.95)
[0000][PE] low and high boundaries for proper pairs: (1, 249)
[0000][PE] analyzing insert size distribution for orientation RR...
[0000][PE] (25, 50, 75) percentile: (28, 46, 87)
[0000][PE] low and high boundaries for computing mean and std.dev: (1, 205)
[0000][PE] mean and std.dev: (53.19, 34.44)
[0000][PE] low and high boundaries for proper pairs: (1, 264)
[0000][PE] skip orientation FF
[0000][PE] skip orientation RF
[0000][PE] skip orientation RR
[0000] 3. Calling kt_for - worker_sam
	[0000][ M::mem_process_seqs] Processed 4207036 reads in 845.897 CPU sec, 23.103 real sec
[0000] Calling mem_process_seqs.., task: 3
[0000] 1. Calling kt_for - worker_bwt
[0000] 2. Calling kt_for - worker_aln
[0000] read_chunk: 400000000, work_chunk_size: 0, nseq: 0
[0000] Inferring insert size distribution of PE reads from data, l_pac: 824955147, n: 3853436
[0000][PE] # candidate unique pairs for (FF, FR, RF, RR): (36, 1308917, 14, 27)
[0000][PE] analyzing insert size distribution for orientation FF...
[0000][PE] (25, 50, 75) percentile: (34, 42, 56)
[0000][PE] low and high boundaries for computing mean and std.dev: (1, 100)
[0000][PE] mean and std.dev: (43.35, 19.75)
[0000][PE] low and high boundaries for proper pairs: (1, 122)
[0000][PE] analyzing insert size distribution for orientation FR...
[0000][PE] (25, 50, 75) percentile: (72, 88, 109)
[0000][PE] low and high boundaries for computing mean and std.dev: (1, 183)
[0000][PE] mean and std.dev: (91.56, 27.81)
[0000][PE] low and high boundaries for proper pairs: (1, 220)
[0000][PE] analyzing insert size distribution for orientation RF...
[0000][PE] (25, 50, 75) percentile: (36, 61, 108)
[0000][PE] low and high boundaries for computing mean and std.dev: (1, 252)
[0000][PE] mean and std.dev: (58.50, 52.70)
[0000][PE] low and high boundaries for proper pairs: (1, 324)
[0000][PE] analyzing insert size distribution for orientation RR...
[0000][PE] (25, 50, 75) percentile: (35, 58, 75)
[0000][PE] low and high boundaries for computing mean and std.dev: (1, 155)
[0000][PE] mean and std.dev: (52.76, 22.84)
[0000][PE] low and high boundaries for proper pairs: (1, 195)
[0000][PE] skip orientation FF
[0000][PE] skip orientation RF
[0000][PE] skip orientation RR
[0000] 3. Calling kt_for - worker_sam
	[0000][ M::mem_process_seqs] Processed 3853436 reads in 777.905 CPU sec, 20.964 real sec
[0000] read_chunk: 400000000, work_chunk_size: 0, nseq: 0
[0000] Computation ends..
No. of OMP threads: 40
Processor is running @2394.654538 MHz
Runtime profile:

	Time taken for main_mem function: 120.32 sec

	IO times (sec) :
	Reading IO time (reads) avg: 43.38, (43.38, 43.38)
	Writing IO time (SAM) avg: 35.98, (35.98, 35.98)
	Reading IO time (Reference Genome) avg: 1.01, (1.01, 1.01)
	Index read time avg: 2.24, (2.24, 2.24)

	Overall time (sec) (Excluding Index reading time):
	PROCESS() (Total compute time + (read + SAM) IO time) : 116.24
	MEM_PROCESS_SEQ() (Total compute time (Kernel + SAM)), avg: 91.14, (91.14, 91.14)

	 SAM Processing time (sec):
	--WORKER_SAM avg: 18.72, (18.72, 18.72)

	Kernels' compute time (sec):
	Total kernel (smem+sal+bsw) time avg: 68.95, (68.95, 68.95)
		MEM_ALN_CHAIN_FLT avg: 0.00, (0.00, 0.00)
		MEM_ALN_CHAIN_SEED avg: 0.00, (0.00, 0.00)
		ERT_SEED_CHAIN avg: 0.00, (0.00, 0.00)
	LEARNED_SEED_CHAIN avg: 0.00, (0.00, 0.00)
		SMEM compute avg: 36.05, (36.56, 35.77)
		SAL compute avg: 11.04, (11.37, 10.70)
				MEM_SA avg: 5.09, (5.22, 4.94)

		BSW time, avg: 19.38, (19.45, 19.32)

Important parameter settings: 
	BATCH_SIZE: 512
	MAX_SEQ_LEN_REF: 256
	MAX_SEQ_LEN_QER: 128
	MAX_SEQ_LEN8: 128
	SEEDS_PER_READ: 500
	SIMD_WIDTH8 X: 64
	SIMD_WIDTH16 X: 32
	AVG_SEEDS_PER_READ: 64
