Looking to launch executable "/opt/conda/bin/bwa-meme_mode3.avx512bw", simd = _mode3.avx512bw
Launching executable "/opt/conda/bin/bwa-meme_mode3.avx512bw"
-----------------------------
Executing in AVX512 mode!!
-----------------------------
* SA compression enabled with xfactor: 8
* Ref file: reference.ssl.Sde.fasta
* Entering FMI_search
* Index file found. Loading index from reference.ssl.Sde.fasta.bwt.2bit.64
* Reference seq len for bi-index = 1649910295
* sentinel-index: 1544169192
* Count:
0,	1
1,	474577480
2,	824955148
3,	1175332816
4,	1649910295

* Reading other elements of the index from files reference.ssl.Sde.fasta
* Index prefix: reference.ssl.Sde.fasta
* Read 0 ALT contigs
* Done reading Index!!
* Reading reference genome..
* Binary seq file = reference.ssl.Sde.fasta.0123
* Reference genome size: 1649910294 bp
* Done reading reference genome !!

------------------------------------------
1. Memory pre-allocation for Chaining: 5679.4903 MB
2. Memory pre-allocation for BSW: 9584.6810 MB
3. Memory pre-allocation for BWT: 3092.5670 MB
------------------------------------------
* Threads used (compute): 40
* No. of pipeline threads: 2

[0000] read_chunk: 400000000, work_chunk_size: 12911527, nseq: 141204
	[0000][ M::kt_pipeline] read 141204 sequences (12911527 bp)...
[0000] Calling mem_process_seqs.., task: 0
[0000] 1. Calling kt_for - worker_bwt
[0000] read_chunk: 400000000, work_chunk_size: 0, nseq: 0
[0000] 2. Calling kt_for - worker_aln
[0000] Inferring insert size distribution of PE reads from data, l_pac: 824955147, n: 141204
[0000][PE] # candidate unique pairs for (FF, FR, RF, RR): (3, 45812, 0, 2)
[0000][PE] skip orientation FF as there are not enough pairs
[0000][PE] analyzing insert size distribution for orientation FR...
[0000][PE] (25, 50, 75) percentile: (69, 86, 106)
[0000][PE] low and high boundaries for computing mean and std.dev: (1, 180)
[0000][PE] mean and std.dev: (88.64, 27.22)
[0000][PE] low and high boundaries for proper pairs: (1, 217)
[0000][PE] skip orientation RF as there are not enough pairs
[0000][PE] skip orientation RR as there are not enough pairs
[0000] 3. Calling kt_for - worker_sam
	[0000][ M::mem_process_seqs] Processed 141204 reads in 34.625 CPU sec, 0.976 real sec
[0000] read_chunk: 400000000, work_chunk_size: 0, nseq: 0
[0000] Computation ends..
No. of OMP threads: 40
Processor is running @2394.658778 MHz
Runtime profile:

	Time taken for main_mem function: 10.13 sec

	IO times (sec) :
	Reading IO time (reads) avg: 0.34, (0.34, 0.34)
	Writing IO time (SAM) avg: 0.81, (0.81, 0.81)
	Reading IO time (Reference Genome) avg: 1.02, (1.02, 1.02)
	Index read time avg: 2.26, (2.26, 2.26)

	Overall time (sec) (Excluding Index reading time):
	PROCESS() (Total compute time + (read + SAM) IO time) : 6.19
	MEM_PROCESS_SEQ() (Total compute time (Kernel + SAM)), avg: 0.98, (0.98, 0.98)

	 SAM Processing time (sec):
	--WORKER_SAM avg: 0.17, (0.17, 0.17)

	Kernels' compute time (sec):
	Total kernel (smem+sal+bsw) time avg: 0.79, (0.79, 0.79)
		MEM_ALN_CHAIN_FLT avg: 0.00, (0.00, 0.00)
		MEM_ALN_CHAIN_SEED avg: 0.00, (0.00, 0.00)
		ERT_SEED_CHAIN avg: 0.00, (0.00, 0.00)
	LEARNED_SEED_CHAIN avg: 0.00, (0.00, 0.00)
		SMEM compute avg: 0.46, (0.50, 0.43)
		SAL compute avg: 0.10, (0.11, 0.09)
				MEM_SA avg: 0.06, (0.06, 0.05)

		BSW time, avg: 0.16, (0.17, 0.14)

Important parameter settings: 
	BATCH_SIZE: 512
	MAX_SEQ_LEN_REF: 256
	MAX_SEQ_LEN_QER: 128
	MAX_SEQ_LEN8: 128
	SEEDS_PER_READ: 500
	SIMD_WIDTH8 X: 64
	SIMD_WIDTH16 X: 32
	AVG_SEEDS_PER_READ: 64
