	-> angsd version: 0.937 (htslib: 1.14-9-ge769401) build(Mar 25 2022 10:24:30)
	-> angsd -bam bamNames.txt -doCounts 1 -out out_Errtest -doError 1 -doMajorMinor 2 -nThreads 40 -minSites 1000 
	-> Inputtype is BAM/CRAM
[multiReader] 81 samples in 81 input files
	-> Parsing 81 number of samples 
	 Triggering error estimation with nsites=1103

	-> Allocated ~ 10 million nodes to the nodepool, this is not an estimate of the memory usage
	 Triggering error estimation with nsites=1023

	-> Allocated ~ 20 million nodes to the nodepool, this is not an estimate of the memory usage
	 Triggering error estimation with nsites=1225

	-> Allocated ~ 30 million nodes to the nodepool, this is not an estimate of the memory usage

	-> Allocated ~ 40 million nodes to the nodepool, this is not an estimate of the memory usage

	-> Allocated ~ 50 million nodes to the nodepool, this is not an estimate of the memory usage
	 Triggering error estimation with nsites=1090

	-> Allocated ~ 60 million nodes to the nodepool, this is not an estimate of the memory usage

	-> Allocated ~ 70 million nodes to the nodepool, this is not an estimate of the memory usage
	 Triggering error estimation with nsites=1142

	-> Allocated ~ 80 million nodes to the nodepool, this is not an estimate of the memory usage

	-> Allocated ~ 90 million nodes to the nodepool, this is not an estimate of the memory usage
	 Triggering error estimation with nsites=1031

	-> Allocated ~ 100 million nodes to the nodepool, this is not an estimate of the memory usage
	 Triggering error estimation with nsites=1175

	-> Allocated ~ 110 million nodes to the nodepool, this is not an estimate of the memory usage
	 Triggering error estimation with nsites=1031

	-> Allocated ~ 120 million nodes to the nodepool, this is not an estimate of the memory usage
	 Triggering error estimation with nsites=1066

	-> Allocated ~ 130 million nodes to the nodepool, this is not an estimate of the memory usage
	 Triggering error estimation with nsites=1022

	-> Allocated ~ 140 million nodes to the nodepool, this is not an estimate of the memory usage
	 Triggering error estimation with nsites=1102
	 Triggering error estimation with nsites=1153

	-> Allocated ~ 150 million nodes to the nodepool, this is not an estimate of the memory usage

	-> Allocated ~ 160 million nodes to the nodepool, this is not an estimate of the memory usage
	 Triggering error estimation with nsites=1024

	-> Allocated ~ 170 million nodes to the nodepool, this is not an estimate of the memory usage

	-> Allocated ~ 180 million nodes to the nodepool, this is not an estimate of the memory usage
	 Triggering error estimation with nsites=1090

	-> Allocated ~ 190 million nodes to the nodepool, this is not an estimate of the memory usage

	-> Allocated ~ 200 million nodes to the nodepool, this is not an estimate of the memory usage

	-> Allocated ~ 210 million nodes to the nodepool, this is not an estimate of the memory usage
	 Triggering error estimation with nsites=1201

	-> Allocated ~ 220 million nodes to the nodepool, this is not an estimate of the memory usage

	-> Allocated ~ 230 million nodes to the nodepool, this is not an estimate of the memory usage

	-> Allocated ~ 240 million nodes to the nodepool, this is not an estimate of the memory usage
	 Triggering error estimation with nsites=1169

	-> Allocated ~ 250 million nodes to the nodepool, this is not an estimate of the memory usage

	-> Allocated ~ 260 million nodes to the nodepool, this is not an estimate of the memory usage

	-> Allocated ~ 270 million nodes to the nodepool, this is not an estimate of the memory usage
	 Triggering error estimation with nsites=1109

	-> Allocated ~ 280 million nodes to the nodepool, this is not an estimate of the memory usage

	-> Allocated ~ 290 million nodes to the nodepool, this is not an estimate of the memory usage
	 Triggering error estimation with nsites=1004

	-> Allocated ~ 300 million nodes to the nodepool, this is not an estimate of the memory usage

	-> Allocated ~ 310 million nodes to the nodepool, this is not an estimate of the memory usage
	 Triggering error estimation with nsites=1224

	-> Allocated ~ 320 million nodes to the nodepool, this is not an estimate of the memory usage

	-> Allocated ~ 330 million nodes to the nodepool, this is not an estimate of the memory usage

	-> Allocated ~ 340 million nodes to the nodepool, this is not an estimate of the memory usage
	 Triggering error estimation with nsites=1121

	-> Allocated ~ 350 million nodes to the nodepool, this is not an estimate of the memory usage

	-> Allocated ~ 360 million nodes to the nodepool, this is not an estimate of the memory usage

	-> Allocated ~ 370 million nodes to the nodepool, this is not an estimate of the memory usage
	 Triggering error estimation with nsites=1012

	-> Allocated ~ 380 million nodes to the nodepool, this is not an estimate of the memory usage

	-> Allocated ~ 390 million nodes to the nodepool, this is not an estimate of the memory usage

	-> Allocated ~ 400 million nodes to the nodepool, this is not an estimate of the memory usage
	 Triggering error estimation with nsites=1074

	-> Allocated ~ 410 million nodes to the nodepool, this is not an estimate of the memory usage

	-> Allocated ~ 420 million nodes to the nodepool, this is not an estimate of the memory usage

	-> Allocated ~ 430 million nodes to the nodepool, this is not an estimate of the memory usage
	 Triggering error estimation with nsites=1113

	-> Allocated ~ 440 million nodes to the nodepool, this is not an estimate of the memory usage

	-> Allocated ~ 450 million nodes to the nodepool, this is not an estimate of the memory usage
	 Triggering error estimation with nsites=1034

	-> Allocated ~ 460 million nodes to the nodepool, this is not an estimate of the memory usage

	-> Allocated ~ 470 million nodes to the nodepool, this is not an estimate of the memory usage

	-> Allocated ~ 480 million nodes to the nodepool, this is not an estimate of the memory usage
	 Triggering error estimation with nsites=1056

	-> Allocated ~ 490 million nodes to the nodepool, this is not an estimate of the memory usage

	-> Allocated ~ 500 million nodes to the nodepool, this is not an estimate of the memory usage

	-> Allocated ~ 510 million nodes to the nodepool, this is not an estimate of the memory usage

	-> Allocated ~ 520 million nodes to the nodepool, this is not an estimate of the memory usage
	 Triggering error estimation with nsites=1198

	-> Allocated ~ 530 million nodes to the nodepool, this is not an estimate of the memory usage

	-> Allocated ~ 540 million nodes to the nodepool, this is not an estimate of the memory usage

	-> Allocated ~ 550 million nodes to the nodepool, this is not an estimate of the memory usage
	 Triggering error estimation with nsites=1006

	-> Allocated ~ 560 million nodes to the nodepool, this is not an estimate of the memory usage

	-> Allocated ~ 570 million nodes to the nodepool, this is not an estimate of the memory usage

	-> Allocated ~ 580 million nodes to the nodepool, this is not an estimate of the memory usage
	 Triggering error estimation with nsites=1232

	-> Allocated ~ 590 million nodes to the nodepool, this is not an estimate of the memory usage

	-> Allocated ~ 600 million nodes to the nodepool, this is not an estimate of the memory usage

	-> Allocated ~ 610 million nodes to the nodepool, this is not an estimate of the memory usage
	 Triggering error estimation with nsites=1209

	-> Allocated ~ 620 million nodes to the nodepool, this is not an estimate of the memory usage

	-> Allocated ~ 630 million nodes to the nodepool, this is not an estimate of the memory usage

	-> Allocated ~ 640 million nodes to the nodepool, this is not an estimate of the memory usage
	 Triggering error estimation with nsites=1136

	-> Allocated ~ 650 million nodes to the nodepool, this is not an estimate of the memory usage

	-> Allocated ~ 660 million nodes to the nodepool, this is not an estimate of the memory usage

	-> Allocated ~ 670 million nodes to the nodepool, this is not an estimate of the memory usage
	 Triggering error estimation with nsites=1141

	-> Allocated ~ 680 million nodes to the nodepool, this is not an estimate of the memory usage

	-> Allocated ~ 690 million nodes to the nodepool, this is not an estimate of the memory usage

	-> Allocated ~ 700 million nodes to the nodepool, this is not an estimate of the memory usage

	-> Allocated ~ 710 million nodes to the nodepool, this is not an estimate of the memory usage
	 Triggering error estimation with nsites=1108

	-> Allocated ~ 720 million nodes to the nodepool, this is not an estimate of the memory usage

	-> Allocated ~ 730 million nodes to the nodepool, this is not an estimate of the memory usage

	-> Allocated ~ 740 million nodes to the nodepool, this is not an estimate of the memory usage
	 Triggering error estimation with nsites=1036

	-> Allocated ~ 750 million nodes to the nodepool, this is not an estimate of the memory usage

	-> Allocated ~ 760 million nodes to the nodepool, this is not an estimate of the memory usage

	-> Allocated ~ 770 million nodes to the nodepool, this is not an estimate of the memory usage
	 Triggering error estimation with nsites=1239

	-> Allocated ~ 780 million nodes to the nodepool, this is not an estimate of the memory usage

	-> Allocated ~ 790 million nodes to the nodepool, this is not an estimate of the memory usage

	-> Allocated ~ 800 million nodes to the nodepool, this is not an estimate of the memory usage
	 Triggering error estimation with nsites=1139

	-> Allocated ~ 810 million nodes to the nodepool, this is not an estimate of the memory usage

	-> Allocated ~ 820 million nodes to the nodepool, this is not an estimate of the memory usage
	 Triggering error estimation with nsites=1003

	-> Allocated ~ 830 million nodes to the nodepool, this is not an estimate of the memory usage

	-> Allocated ~ 840 million nodes to the nodepool, this is not an estimate of the memory usage

	-> Allocated ~ 850 million nodes to the nodepool, this is not an estimate of the memory usage
	 Triggering error estimation with nsites=1079

	-> Allocated ~ 860 million nodes to the nodepool, this is not an estimate of the memory usage

	-> Allocated ~ 870 million nodes to the nodepool, this is not an estimate of the memory usage

	-> Allocated ~ 880 million nodes to the nodepool, this is not an estimate of the memory usage
	 Triggering error estimation with nsites=1104

	-> Allocated ~ 890 million nodes to the nodepool, this is not an estimate of the memory usage

	-> Allocated ~ 900 million nodes to the nodepool, this is not an estimate of the memory usage

	-> Allocated ~ 910 million nodes to the nodepool, this is not an estimate of the memory usage
	 Triggering error estimation with nsites=1088

	-> Allocated ~ 920 million nodes to the nodepool, this is not an estimate of the memory usage

	-> Allocated ~ 930 million nodes to the nodepool, this is not an estimate of the memory usage
	 Triggering error estimation with nsites=1066

	-> Allocated ~ 940 million nodes to the nodepool, this is not an estimate of the memory usage

	-> Allocated ~ 950 million nodes to the nodepool, this is not an estimate of the memory usage

	-> Allocated ~ 960 million nodes to the nodepool, this is not an estimate of the memory usage
	 Triggering error estimation with nsites=1198

	-> Allocated ~ 970 million nodes to the nodepool, this is not an estimate of the memory usage

	-> Allocated ~ 980 million nodes to the nodepool, this is not an estimate of the memory usage
	 Triggering error estimation with nsites=1087

	-> Allocated ~ 990 million nodes to the nodepool, this is not an estimate of the memory usage

	-> Allocated ~ 1000 million nodes to the nodepool, this is not an estimate of the memory usage

	-> Allocated ~ 1010 million nodes to the nodepool, this is not an estimate of the memory usage

	-> Allocated ~ 1020 million nodes to the nodepool, this is not an estimate of the memory usage
	 Triggering error estimation with nsites=1091

	-> Allocated ~ 1030 million nodes to the nodepool, this is not an estimate of the memory usage

	-> Allocated ~ 1040 million nodes to the nodepool, this is not an estimate of the memory usage
	 Triggering error estimation with nsites=1033
	 Triggering error estimation with nsites=1060
	 Triggering error estimation with nsites=1016

	-> Allocated ~ 1050 million nodes to the nodepool, this is not an estimate of the memory usage

	-> Allocated ~ 1060 million nodes to the nodepool, this is not an estimate of the memory usage

	-> Allocated ~ 1070 million nodes to the nodepool, this is not an estimate of the memory usage
	 Triggering error estimation with nsites=1075

	-> Allocated ~ 1080 million nodes to the nodepool, this is not an estimate of the memory usage

	-> Allocated ~ 1090 million nodes to the nodepool, this is not an estimate of the memory usage

	-> Allocated ~ 1100 million nodes to the nodepool, this is not an estimate of the memory usage
	 Triggering error estimation with nsites=1167

	-> Allocated ~ 1110 million nodes to the nodepool, this is not an estimate of the memory usage

	-> Allocated ~ 1120 million nodes to the nodepool, this is not an estimate of the memory usage
	 Triggering error estimation with nsites=1044

	-> Allocated ~ 1130 million nodes to the nodepool, this is not an estimate of the memory usage

	-> Allocated ~ 1140 million nodes to the nodepool, this is not an estimate of the memory usage

	-> Allocated ~ 1150 million nodes to the nodepool, this is not an estimate of the memory usage
	 Triggering error estimation with nsites=1042

	-> Allocated ~ 1160 million nodes to the nodepool, this is not an estimate of the memory usage

	-> Allocated ~ 1170 million nodes to the nodepool, this is not an estimate of the memory usage
	 Triggering error estimation with nsites=1145

	-> Allocated ~ 1180 million nodes to the nodepool, this is not an estimate of the memory usage

	-> Allocated ~ 1190 million nodes to the nodepool, this is not an estimate of the memory usage

	-> Allocated ~ 1200 million nodes to the nodepool, this is not an estimate of the memory usage
	 Triggering error estimation with nsites=1115

	-> Allocated ~ 1210 million nodes to the nodepool, this is not an estimate of the memory usage

	-> Allocated ~ 1220 million nodes to the nodepool, this is not an estimate of the memory usage
	 Triggering error estimation with nsites=1040

	-> Allocated ~ 1230 million nodes to the nodepool, this is not an estimate of the memory usage

	-> Allocated ~ 1240 million nodes to the nodepool, this is not an estimate of the memory usage

	-> Allocated ~ 1250 million nodes to the nodepool, this is not an estimate of the memory usage

	-> Allocated ~ 1260 million nodes to the nodepool, this is not an estimate of the memory usage

	-> Allocated ~ 1270 million nodes to the nodepool, this is not an estimate of the memory usage
	 Triggering error estimation with nsites=1055

	-> Allocated ~ 1280 million nodes to the nodepool, this is not an estimate of the memory usage

	-> Allocated ~ 1290 million nodes to the nodepool, this is not an estimate of the memory usage
	 Triggering error estimation with nsites=1196

	-> Allocated ~ 1300 million nodes to the nodepool, this is not an estimate of the memory usage

	-> Allocated ~ 1310 million nodes to the nodepool, this is not an estimate of the memory usage

	-> Allocated ~ 1320 million nodes to the nodepool, this is not an estimate of the memory usage

	-> Allocated ~ 1330 million nodes to the nodepool, this is not an estimate of the memory usage
	 Triggering error estimation with nsites=1154

	-> Allocated ~ 1340 million nodes to the nodepool, this is not an estimate of the memory usage

	-> Allocated ~ 1350 million nodes to the nodepool, this is not an estimate of the memory usage
	 Triggering error estimation with nsites=1032

	-> Allocated ~ 1360 million nodes to the nodepool, this is not an estimate of the memory usage

	-> Allocated ~ 1370 million nodes to the nodepool, this is not an estimate of the memory usage

	-> Allocated ~ 1380 million nodes to the nodepool, this is not an estimate of the memory usage
	 Triggering error estimation with nsites=1178

	-> Allocated ~ 1390 million nodes to the nodepool, this is not an estimate of the memory usage

	-> Allocated ~ 1400 million nodes to the nodepool, this is not an estimate of the memory usage
	 Triggering error estimation with nsites=1003

	-> Allocated ~ 1410 million nodes to the nodepool, this is not an estimate of the memory usage

	-> Allocated ~ 1420 million nodes to the nodepool, this is not an estimate of the memory usage
	 Triggering error estimation with nsites=1054

	-> Allocated ~ 1430 million nodes to the nodepool, this is not an estimate of the memory usage

	-> Allocated ~ 1440 million nodes to the nodepool, this is not an estimate of the memory usage

	-> Allocated ~ 1450 million nodes to the nodepool, this is not an estimate of the memory usage
	 Triggering error estimation with nsites=1069
	 Triggering error estimation with nsites=1091
	 Triggering error estimation with nsites=1102
	 Triggering error estimation with nsites=1153

	-> Allocated ~ 1460 million nodes to the nodepool, this is not an estimate of the memory usage
	 Triggering error estimation with nsites=1159

	-> Allocated ~ 1470 million nodes to the nodepool, this is not an estimate of the memory usage

	-> Allocated ~ 1480 million nodes to the nodepool, this is not an estimate of the memory usage
	 Triggering error estimation with nsites=1038

	-> Allocated ~ 1490 million nodes to the nodepool, this is not an estimate of the memory usage

	-> Allocated ~ 1500 million nodes to the nodepool, this is not an estimate of the memory usage

	-> Allocated ~ 1510 million nodes to the nodepool, this is not an estimate of the memory usage
	 Triggering error estimation with nsites=1063

	-> Allocated ~ 1520 million nodes to the nodepool, this is not an estimate of the memory usage

	-> Allocated ~ 1530 million nodes to the nodepool, this is not an estimate of the memory usage
	 Triggering error estimation with nsites=1059

	-> Allocated ~ 1540 million nodes to the nodepool, this is not an estimate of the memory usage

	-> Allocated ~ 1550 million nodes to the nodepool, this is not an estimate of the memory usage

	-> Allocated ~ 1560 million nodes to the nodepool, this is not an estimate of the memory usage
	 Triggering error estimation with nsites=1120

	-> Allocated ~ 1570 million nodes to the nodepool, this is not an estimate of the memory usage

	-> Allocated ~ 1580 million nodes to the nodepool, this is not an estimate of the memory usage

	-> Allocated ~ 1590 million nodes to the nodepool, this is not an estimate of the memory usage
	 Triggering error estimation with nsites=1016

	-> Allocated ~ 1600 million nodes to the nodepool, this is not an estimate of the memory usage

	-> Allocated ~ 1610 million nodes to the nodepool, this is not an estimate of the memory usage

	-> Allocated ~ 1620 million nodes to the nodepool, this is not an estimate of the memory usage
	 Triggering error estimation with nsites=1079

	-> Allocated ~ 1630 million nodes to the nodepool, this is not an estimate of the memory usage

	-> Allocated ~ 1640 million nodes to the nodepool, this is not an estimate of the memory usage
	 Triggering error estimation with nsites=1036

	-> Allocated ~ 1650 million nodes to the nodepool, this is not an estimate of the memory usage

	-> Allocated ~ 1660 million nodes to the nodepool, this is not an estimate of the memory usage

	-> Allocated ~ 1670 million nodes to the nodepool, this is not an estimate of the memory usage
	 Triggering error estimation with nsites=1029

	-> Allocated ~ 1680 million nodes to the nodepool, this is not an estimate of the memory usage

	-> Allocated ~ 1690 million nodes to the nodepool, this is not an estimate of the memory usage

	-> Allocated ~ 1700 million nodes to the nodepool, this is not an estimate of the memory usage
	 Triggering error estimation with nsites=1331

	-> Allocated ~ 1710 million nodes to the nodepool, this is not an estimate of the memory usage

	-> Allocated ~ 1720 million nodes to the nodepool, this is not an estimate of the memory usage

	-> Allocated ~ 1730 million nodes to the nodepool, this is not an estimate of the memory usage
	 Triggering error estimation with nsites=1022

	-> Allocated ~ 1740 million nodes to the nodepool, this is not an estimate of the memory usage

	-> Allocated ~ 1750 million nodes to the nodepool, this is not an estimate of the memory usage
	 Triggering error estimation with nsites=1199

	-> Allocated ~ 1760 million nodes to the nodepool, this is not an estimate of the memory usage

	-> Allocated ~ 1770 million nodes to the nodepool, this is not an estimate of the memory usage

	-> Allocated ~ 1780 million nodes to the nodepool, this is not an estimate of the memory usage
	 Triggering error estimation with nsites=1047

	-> Allocated ~ 1790 million nodes to the nodepool, this is not an estimate of the memory usage

	-> Allocated ~ 1800 million nodes to the nodepool, this is not an estimate of the memory usage

	-> Allocated ~ 1810 million nodes to the nodepool, this is not an estimate of the memory usage
	 Triggering error estimation with nsites=1142

	-> Allocated ~ 1820 million nodes to the nodepool, this is not an estimate of the memory usage

	-> Allocated ~ 1830 million nodes to the nodepool, this is not an estimate of the memory usage
	 Triggering error estimation with nsites=1172

	-> Allocated ~ 1840 million nodes to the nodepool, this is not an estimate of the memory usage

	-> Allocated ~ 1850 million nodes to the nodepool, this is not an estimate of the memory usage

	-> Allocated ~ 1860 million nodes to the nodepool, this is not an estimate of the memory usage
	 Triggering error estimation with nsites=1074

	-> Allocated ~ 1870 million nodes to the nodepool, this is not an estimate of the memory usage

	-> Allocated ~ 1880 million nodes to the nodepool, this is not an estimate of the memory usage

	-> Allocated ~ 1890 million nodes to the nodepool, this is not an estimate of the memory usage
	 Triggering error estimation with nsites=1223

	-> Allocated ~ 1900 million nodes to the nodepool, this is not an estimate of the memory usage

	-> Allocated ~ 1910 million nodes to the nodepool, this is not an estimate of the memory usage

	-> Allocated ~ 1920 million nodes to the nodepool, this is not an estimate of the memory usage
	 Triggering error estimation with nsites=1031

	-> Allocated ~ 1930 million nodes to the nodepool, this is not an estimate of the memory usage

	-> Allocated ~ 1940 million nodes to the nodepool, this is not an estimate of the memory usage

	-> Allocated ~ 1950 million nodes to the nodepool, this is not an estimate of the memory usage
	 Triggering error estimation with nsites=1195

	-> Allocated ~ 1960 million nodes to the nodepool, this is not an estimate of the memory usage

	-> Allocated ~ 1970 million nodes to the nodepool, this is not an estimate of the memory usage

	-> Allocated ~ 1980 million nodes to the nodepool, this is not an estimate of the memory usage
	 Triggering error estimation with nsites=1109

	-> Allocated ~ 1990 million nodes to the nodepool, this is not an estimate of the memory usage

	-> Allocated ~ 2000 million nodes to the nodepool, this is not an estimate of the memory usage

	-> Allocated ~ 2010 million nodes to the nodepool, this is not an estimate of the memory usage
	 Triggering error estimation with nsites=1383

	-> Allocated ~ 2020 million nodes to the nodepool, this is not an estimate of the memory usage

	-> Allocated ~ 2030 million nodes to the nodepool, this is not an estimate of the memory usage
	 Triggering error estimation with nsites=1328

	-> Allocated ~ 2040 million nodes to the nodepool, this is not an estimate of the memory usage

	-> Allocated ~ 2050 million nodes to the nodepool, this is not an estimate of the memory usage
	 Triggering error estimation with nsites=1012

	-> Allocated ~ 2060 million nodes to the nodepool, this is not an estimate of the memory usage

	-> Allocated ~ 2070 million nodes to the nodepool, this is not an estimate of the memory usage

	-> Allocated ~ 2080 million nodes to the nodepool, this is not an estimate of the memory usage
	 Triggering error estimation with nsites=1108

	-> Allocated ~ 2090 million nodes to the nodepool, this is not an estimate of the memory usage

	-> Allocated ~ 2100 million nodes to the nodepool, this is not an estimate of the memory usage

	-> Allocated ~ 2110 million nodes to the nodepool, this is not an estimate of the memory usage
	 Triggering error estimation with nsites=1213

	-> Allocated ~ 2120 million nodes to the nodepool, this is not an estimate of the memory usage

	-> Allocated ~ 2130 million nodes to the nodepool, this is not an estimate of the memory usage

	-> Allocated ~ 2140 million nodes to the nodepool, this is not an estimate of the memory usage
	 Triggering error estimation with nsites=1075

	-> Allocated ~ 2150 million nodes to the nodepool, this is not an estimate of the memory usage

	-> Allocated ~ 2160 million nodes to the nodepool, this is not an estimate of the memory usage

	-> Allocated ~ 2170 million nodes to the nodepool, this is not an estimate of the memory usage
	 Triggering error estimation with nsites=1038

	-> Allocated ~ 2180 million nodes to the nodepool, this is not an estimate of the memory usage

	-> Allocated ~ 2190 million nodes to the nodepool, this is not an estimate of the memory usage
	 Triggering error estimation with nsites=1117

	-> Allocated ~ 2200 million nodes to the nodepool, this is not an estimate of the memory usage

	-> Allocated ~ 2210 million nodes to the nodepool, this is not an estimate of the memory usage
	 Triggering error estimation with nsites=1020

	-> Allocated ~ 2220 million nodes to the nodepool, this is not an estimate of the memory usage

	-> Allocated ~ 2230 million nodes to the nodepool, this is not an estimate of the memory usage
	 Triggering error estimation with nsites=1122

	-> Allocated ~ 2240 million nodes to the nodepool, this is not an estimate of the memory usage
	 Triggering error estimation with nsites=1036

	-> Allocated ~ 2250 million nodes to the nodepool, this is not an estimate of the memory usage

	-> Allocated ~ 2260 million nodes to the nodepool, this is not an estimate of the memory usage

	-> Allocated ~ 2270 million nodes to the nodepool, this is not an estimate of the memory usage
	 Triggering error estimation with nsites=1027

	-> Allocated ~ 2280 million nodes to the nodepool, this is not an estimate of the memory usage

	-> Allocated ~ 2290 million nodes to the nodepool, this is not an estimate of the memory usage

	-> Allocated ~ 2300 million nodes to the nodepool, this is not an estimate of the memory usage
	 Triggering error estimation with nsites=1084

	-> Allocated ~ 2310 million nodes to the nodepool, this is not an estimate of the memory usage

	-> Allocated ~ 2320 million nodes to the nodepool, this is not an estimate of the memory usage

	-> Allocated ~ 2330 million nodes to the nodepool, this is not an estimate of the memory usage
	 Triggering error estimation with nsites=1068

	-> Allocated ~ 2340 million nodes to the nodepool, this is not an estimate of the memory usage

	-> Allocated ~ 2350 million nodes to the nodepool, this is not an estimate of the memory usage

	-> Allocated ~ 2360 million nodes to the nodepool, this is not an estimate of the memory usage
	 Triggering error estimation with nsites=1149

	-> Allocated ~ 2370 million nodes to the nodepool, this is not an estimate of the memory usage

	-> Allocated ~ 2380 million nodes to the nodepool, this is not an estimate of the memory usage

	-> Allocated ~ 2390 million nodes to the nodepool, this is not an estimate of the memory usage
	 Triggering error estimation with nsites=1358

	-> Allocated ~ 2400 million nodes to the nodepool, this is not an estimate of the memory usage

	-> Allocated ~ 2410 million nodes to the nodepool, this is not an estimate of the memory usage

	-> Allocated ~ 2420 million nodes to the nodepool, this is not an estimate of the memory usage
	 Triggering error estimation with nsites=1236

	-> Allocated ~ 2430 million nodes to the nodepool, this is not an estimate of the memory usage

	-> Allocated ~ 2440 million nodes to the nodepool, this is not an estimate of the memory usage
	 Triggering error estimation with nsites=1575

	-> Allocated ~ 2450 million nodes to the nodepool, this is not an estimate of the memory usage

	-> Allocated ~ 2460 million nodes to the nodepool, this is not an estimate of the memory usage
	 Triggering error estimation with nsites=1110

	-> Allocated ~ 2470 million nodes to the nodepool, this is not an estimate of the memory usage

	-> Allocated ~ 2480 million nodes to the nodepool, this is not an estimate of the memory usage
	 Triggering error estimation with nsites=1035
	-> Printing at chr: NC_043745.1 pos:71000 chunknumber 100 contains 625 sites

	-> Allocated ~ 2490 million nodes to the nodepool, this is not an estimate of the memory usage
	 Triggering error estimation with nsites=1015
	 Triggering error estimation with nsites=1056
	 Triggering error estimation with nsites=1056
	 Triggering error estimation with nsites=1185
	 Triggering error estimation with nsites=1218
	 Triggering error estimation with nsites=1007
	 Triggering error estimation with nsites=1038
	 Triggering error estimation with nsites=1103
	 Triggering error estimation with nsites=1089
	 Triggering error estimation with nsites=1061
	 Triggering error estimation with nsites=1198
	 Triggering error estimation with nsites=1037
	 Triggering error estimation with nsites=1123
	 Triggering error estimation with nsites=1155
	 Triggering error estimation with nsites=1043
	 Triggering error estimation with nsites=1055
	 Triggering error estimation with nsites=1155
	 Triggering error estimation with nsites=1161
	 Triggering error estimation with nsites=1040
	 Triggering error estimation with nsites=1004

	-> Allocated ~ 2500 million nodes to the nodepool, this is not an estimate of the memory usage
	 Triggering error estimation with nsites=1247

	-> Allocated ~ 2510 million nodes to the nodepool, this is not an estimate of the memory usage

	-> Allocated ~ 2520 million nodes to the nodepool, this is not an estimate of the memory usage

	-> Allocated ~ 2530 million nodes to the nodepool, this is not an estimate of the memory usage

	-> Allocated ~ 2540 million nodes to the nodepool, this is not an estimate of the memory usage
	 Triggering error estimation with nsites=1219

	-> Allocated ~ 2550 million nodes to the nodepool, this is not an estimate of the memory usage

	-> Allocated ~ 2560 million nodes to the nodepool, this is not an estimate of the memory usage
	 Triggering error estimation with nsites=1072

	-> Allocated ~ 2570 million nodes to the nodepool, this is not an estimate of the memory usage
	-> Printing at chr: NC_043745.1 pos:219822 chunknumber 200 contains 1109 sites
	-> Printing at chr: NC_043745.1 pos:315650 chunknumber 300 contains 971 sites
	-> Printing at chr: NC_043745.1 pos:393721 chunknumber 400 contains 597 sites
	-> Printing at chr: NC_043745.1 pos:504129 chunknumber 500 contains 1630 sites
	 Triggering error estimation with nsites=1056
	 Triggering error estimation with nsites=1019
	 Triggering error estimation with nsites=1203
	 Triggering error estimation with nsites=1031
	 Triggering error estimation with nsites=1083
	 Triggering error estimation with nsites=1222
	 Triggering error estimation with nsites=1133
	 Triggering error estimation with nsites=1072
	 Triggering error estimation with nsites=1134
	 Triggering error estimation with nsites=1264
	 Triggering error estimation with nsites=1039
	 Triggering error estimation with nsites=1281
	 Triggering error estimation with nsites=1117
	 Triggering error estimation with nsites=1036
	 Triggering error estimation with nsites=1008
	 Triggering error estimation with nsites=1123
	 Triggering error estimation with nsites=1207
	 Triggering error estimation with nsites=1188
	 Triggering error estimation with nsites=1046
	 Triggering error estimation with nsites=1021
	 Triggering error estimation with nsites=1134
/var/spool/slurmd/job1165290/slurm_script: line 24: 33266 Segmentation fault      crun angsd -bam $input -doCounts 1 -out $outDIR -doError 1 -doMajorMinor 2 -nThreads 40 -minSites 1000
