[E::fai_build_core] Format error, unexpected "m" at line 1
[faidx] Could not build fai index ./mkBGL/Sfa-ABas-CBas_all-GCF_902148845.1_fSalaFa1.1_chr1-23-mtgen_clmp_fp2_repr_fltrd.beagle.bgz.fai
	-> angsd version: 0.937 (htslib: 1.14-9-ge769401) build(Mar 25 2022 10:24:30)
	-> angsd -GL 1 -doGlf 2 -doMajorMinor 1 -doMaf 1 -doSnpStat 1 -doHWE 1 -uniqueOnly 1 -minMapQ 30 -minQ 20 -minInd 30 -minMaf 0.0062 -out ./mkBGL/test01 -bam bamNames.txt -nThreads 40 
	-> Inputtype is BAM/CRAM
[multiReader] 81 samples in 81 input files
	-> Parsing 81 number of samples 

	-> Allocated ~ 10 million nodes to the nodepool, this is not an estimate of the memory usage

	-> Allocated ~ 20 million nodes to the nodepool, this is not an estimate of the memory usage

	-> Allocated ~ 30 million nodes to the nodepool, this is not an estimate of the memory usage

	-> Allocated ~ 40 million nodes to the nodepool, this is not an estimate of the memory usage

	-> Allocated ~ 50 million nodes to the nodepool, this is not an estimate of the memory usage

	-> Allocated ~ 60 million nodes to the nodepool, this is not an estimate of the memory usage

	-> Allocated ~ 70 million nodes to the nodepool, this is not an estimate of the memory usage

	-> Allocated ~ 80 million nodes to the nodepool, this is not an estimate of the memory usage

	-> Allocated ~ 90 million nodes to the nodepool, this is not an estimate of the memory usage

	-> Allocated ~ 100 million nodes to the nodepool, this is not an estimate of the memory usage

	-> Allocated ~ 110 million nodes to the nodepool, this is not an estimate of the memory usage

	-> Allocated ~ 120 million nodes to the nodepool, this is not an estimate of the memory usage

	-> Allocated ~ 130 million nodes to the nodepool, this is not an estimate of the memory usage

	-> Allocated ~ 140 million nodes to the nodepool, this is not an estimate of the memory usage

	-> Allocated ~ 150 million nodes to the nodepool, this is not an estimate of the memory usage

	-> Allocated ~ 160 million nodes to the nodepool, this is not an estimate of the memory usage

	-> Allocated ~ 170 million nodes to the nodepool, this is not an estimate of the memory usage
	-> Printing at chr: NC_043745.1 pos:71000 chunknumber 100 contains 625 sites

	-> Allocated ~ 180 million nodes to the nodepool, this is not an estimate of the memory usage

	-> Allocated ~ 190 million nodes to the nodepool, this is not an estimate of the memory usage

	-> Allocated ~ 200 million nodes to the nodepool, this is not an estimate of the memory usage

	-> Allocated ~ 210 million nodes to the nodepool, this is not an estimate of the memory usage
	-> Printing at chr: NC_043745.1 pos:219822 chunknumber 200 contains 1109 sites
	-> Printing at chr: NC_043745.1 pos:315650 chunknumber 300 contains 971 sites
	-> Printing at chr: NC_043745.1 pos:393721 chunknumber 400 contains 597 sites
	-> Printing at chr: NC_043745.1 pos:504129 chunknumber 500 contains 1630 sites
	-> Printing at chr: NC_043745.1 pos:610066 chunknumber 600 contains 975 sites
	-> Printing at chr: NC_043745.1 pos:741924 chunknumber 700 contains 974 sites
	-> Printing at chr: NC_043745.1 pos:877386 chunknumber 800 contains 776 sites
	-> Printing at chr: NC_043745.1 pos:985850 chunknumber 900 contains 1344 sites
	-> Printing at chr: NC_043745.1 pos:1098518 chunknumber 1000 contains 948 sites
	-> Printing at chr: NC_043745.1 pos:1214365 chunknumber 1100 contains 382 sites
	-> Printing at chr: NC_043745.1 pos:1314465 chunknumber 1200 contains 1482 sites
	-> Printing at chr: NC_043745.1 pos:1424014 chunknumber 1300 contains 1524 sites
	-> Printing at chr: NC_043745.1 pos:1530326 chunknumber 1400 contains 691 sites
	-> Printing at chr: NC_043745.1 pos:1639957 chunknumber 1500 contains 1044 sites
	-> Printing at chr: NC_043745.1 pos:1742748 chunknumber 1600 contains 1085 sites
	-> Printing at chr: NC_043745.1 pos:1844773 chunknumber 1700 contains 642 sites
	-> Printing at chr: NC_043745.1 pos:2011236 chunknumber 1800 contains 1144 sites
	-> Printing at chr: NC_043745.1 pos:2111141 chunknumber 1900 contains 721 sites
	-> Printing at chr: NC_043745.1 pos:2224661 chunknumber 2000 contains 798 sites
	-> Printing at chr: NC_043745.1 pos:2364259 chunknumber 2100 contains 915 sites
	-> Printing at chr: NC_043745.1 pos:2451986 chunknumber 2200 contains 723 sites
	-> Printing at chr: NC_043745.1 pos:2531437 chunknumber 2300 contains 1267 sites
	-> Printing at chr: NC_043745.1 pos:2622418 chunknumber 2400 contains 564 sites
	-> Printing at chr: NC_043745.1 pos:2716151 chunknumber 2500 contains 1063 sites
	-> Printing at chr: NC_043745.1 pos:2807598 chunknumber 2600 contains 748 sites
	-> Printing at chr: NC_043745.1 pos:2894458 chunknumber 2700 contains 721 sites
	-> Printing at chr: NC_043745.1 pos:2985866 chunknumber 2800 contains 692 sites
	-> Printing at chr: NC_043745.1 pos:3078744 chunknumber 2900 contains 664 sites
	-> Printing at chr: NC_043745.1 pos:3162192 chunknumber 3000 contains 873 sites
	-> Printing at chr: NC_043745.1 pos:3245138 chunknumber 3100 contains 1227 sites
	-> Printing at chr: NC_043745.1 pos:3396147 chunknumber 3200 contains 3394 sites
	-> Printing at chr: NC_043745.1 pos:3536434 chunknumber 3300 contains 7407 sites
	-> Printing at chr: NC_043745.1 pos:3666774 chunknumber 3400 contains 782 sites
	-> Printing at chr: NC_043745.1 pos:3771254 chunknumber 3500 contains 551 sites
	-> Printing at chr: NC_043745.1 pos:3880780 chunknumber 3600 contains 1503 sites
	-> Printing at chr: NC_043745.1 pos:3973030 chunknumber 3700 contains 919 sites
	-> Printing at chr: NC_043745.1 pos:4078071 chunknumber 3800 contains 1307 sites
	-> Printing at chr: NC_043745.1 pos:4177605 chunknumber 3900 contains 945 sites
	-> Printing at chr: NC_043745.1 pos:4268748 chunknumber 4000 contains 933 sites
	-> Printing at chr: NC_043745.1 pos:4363220 chunknumber 4100 contains 841 sites
	-> Printing at chr: NC_043745.1 pos:4458304 chunknumber 4200 contains 834 sites
	-> Printing at chr: NC_043745.1 pos:4543221 chunknumber 4300 contains 1100 sites
	-> Printing at chr: NC_043745.1 pos:4624051 chunknumber 4400 contains 618 sites
	-> Printing at chr: NC_043745.1 pos:5042793 chunknumber 4500 contains 2533 sites
	-> Printing at chr: NC_043745.1 pos:5136277 chunknumber 4600 contains 1330 sites
	-> Printing at chr: NC_043745.1 pos:5225473 chunknumber 4700 contains 697 sites
	-> Printing at chr: NC_043745.1 pos:5312682 chunknumber 4800 contains 738 sites
	-> Printing at chr: NC_043745.1 pos:5396676 chunknumber 4900 contains 255 sites
	-> Printing at chr: NC_043745.1 pos:5499023 chunknumber 5000 contains 1032 sites
	-> Printing at chr: NC_043745.1 pos:5587138 chunknumber 5100 contains 1475 sites
	-> Printing at chr: NC_043745.1 pos:5752657 chunknumber 5200 contains 1114 sites
	-> Printing at chr: NC_043745.1 pos:5865781 chunknumber 5300 contains 908 sites
	-> Printing at chr: NC_043745.1 pos:5943974 chunknumber 5400 contains 1663 sites
	-> Printing at chr: NC_043745.1 pos:6042484 chunknumber 5500 contains 857 sites
	-> Printing at chr: NC_043745.1 pos:6135327 chunknumber 5600 contains 902 sites
	-> Printing at chr: NC_043745.1 pos:6221077 chunknumber 5700 contains 1170 sites
	-> Printing at chr: NC_043745.1 pos:6310712 chunknumber 5800 contains 600 sites
	-> Printing at chr: NC_043745.1 pos:6398278 chunknumber 5900 contains 518 sites
	-> Printing at chr: NC_043745.1 pos:6487392 chunknumber 6000 contains 733 sites
	-> Printing at chr: NC_043745.1 pos:6574040 chunknumber 6100 contains 794 sites
	-> Printing at chr: NC_043745.1 pos:6808526 chunknumber 6200 contains 8249 sites

	-> Allocated ~ 220 million nodes to the nodepool, this is not an estimate of the memory usage

	-> Allocated ~ 230 million nodes to the nodepool, this is not an estimate of the memory usage
	-> Printing at chr: NC_043745.1 pos:7161570 chunknumber 6300 contains 1001 sites
	-> Printing at chr: NC_043745.1 pos:7289817 chunknumber 6400 contains 7024 sites
	-> Printing at chr: NC_043745.1 pos:7459173 chunknumber 6500 contains 939 sites
	-> Printing at chr: NC_043745.1 pos:7555995 chunknumber 6600 contains 1075 sites
	-> Printing at chr: NC_043745.1 pos:7649280 chunknumber 6700 contains 736 sites
	-> Printing at chr: NC_043745.1 pos:7736796 chunknumber 6800 contains 808 sites
	-> Printing at chr: NC_043745.1 pos:7859775 chunknumber 6900 contains 2379 sites
	-> Printing at chr: NC_043745.1 pos:7957569 chunknumber 7000 contains 594 sites
	-> Printing at chr: NC_043745.1 pos:8050771 chunknumber 7100 contains 866 sites
	-> Printing at chr: NC_043745.1 pos:8156346 chunknumber 7200 contains 1033 sites
	-> Printing at chr: NC_043745.1 pos:8263282 chunknumber 7300 contains 1180 sites
	-> Printing at chr: NC_043745.1 pos:8370099 chunknumber 7400 contains 1112 sites
	-> Printing at chr: NC_043745.1 pos:8471751 chunknumber 7500 contains 845 sites
	-> Printing at chr: NC_043745.1 pos:8566166 chunknumber 7600 contains 819 sites
	-> Printing at chr: NC_043745.1 pos:8655790 chunknumber 7700 contains 678 sites
	-> Printing at chr: NC_043745.1 pos:8835274 chunknumber 7800 contains 903 sites
	-> Printing at chr: NC_043745.1 pos:8927943 chunknumber 7900 contains 876 sites
	-> Printing at chr: NC_043745.1 pos:9018380 chunknumber 8000 contains 958 sites
	-> Printing at chr: NC_043745.1 pos:9116818 chunknumber 8100 contains 991 sites
	-> Printing at chr: NC_043745.1 pos:9202164 chunknumber 8200 contains 605 sites
	-> Printing at chr: NC_043745.1 pos:9292680 chunknumber 8300 contains 1235 sites
	-> Printing at chr: NC_043745.1 pos:9383014 chunknumber 8400 contains 825 sites
	-> Printing at chr: NC_043745.1 pos:9496907 chunknumber 8500 contains 1679 sites
	-> Printing at chr: NC_043745.1 pos:9588589 chunknumber 8600 contains 1180 sites
	-> Printing at chr: NC_043745.1 pos:9684103 chunknumber 8700 contains 1484 sites
	-> Printing at chr: NC_043745.1 pos:9786063 chunknumber 8800 contains 1014 sites
	-> Printing at chr: NC_043745.1 pos:9884577 chunknumber 8900 contains 1616 sites
	-> Printing at chr: NC_043745.1 pos:10185066 chunknumber 9000 contains 1196 sites
	-> Printing at chr: NC_043745.1 pos:10319584 chunknumber 9100 contains 1113 sites
	-> Printing at chr: NC_043745.1 pos:10411521 chunknumber 9200 contains 1295 sites
	-> Printing at chr: NC_043745.1 pos:10511283 chunknumber 9300 contains 1342 sites
	-> Printing at chr: NC_043745.1 pos:10615066 chunknumber 9400 contains 1169 sites
	-> Printing at chr: NC_043745.1 pos:10709982 chunknumber 9500 contains 856 sites
	-> Printing at chr: NC_043745.1 pos:10800772 chunknumber 9600 contains 990 sites
	-> Printing at chr: NC_043745.1 pos:10893694 chunknumber 9700 contains 1139 sites
	-> Printing at chr: NC_043745.1 pos:10989178 chunknumber 9800 contains 710 sites
	-> Printing at chr: NC_043745.1 pos:11081761 chunknumber 9900 contains 504 sites
	-> Printing at chr: NC_043745.1 pos:11180929 chunknumber 10000 contains 1182 sites
	-> Printing at chr: NC_043745.1 pos:11299495 chunknumber 10100 contains 946 sites
	-> Printing at chr: NC_043745.1 pos:11406304 chunknumber 10200 contains 999 sites
	-> Printing at chr: NC_043745.1 pos:11496186 chunknumber 10300 contains 886 sites
	-> Printing at chr: NC_043745.1 pos:11596133 chunknumber 10400 contains 1170 sites
	-> Printing at chr: NC_043745.1 pos:11695773 chunknumber 10500 contains 877 sites
	-> Printing at chr: NC_043745.1 pos:11795689 chunknumber 10600 contains 1810 sites
	-> Printing at chr: NC_043745.1 pos:11892304 chunknumber 10700 contains 954 sites
	-> Printing at chr: NC_043745.1 pos:11995356 chunknumber 10800 contains 1161 sites
	-> Printing at chr: NC_043745.1 pos:12089874 chunknumber 10900 contains 1000 sites
	-> Printing at chr: NC_043745.1 pos:12192220 chunknumber 11000 contains 1019 sites
	-> Printing at chr: NC_043745.1 pos:12305685 chunknumber 11100 contains 1149 sites
	-> Printing at chr: NC_043745.1 pos:12404815 chunknumber 11200 contains 884 sites
	-> Printing at chr: NC_043745.1 pos:12511617 chunknumber 11300 contains 1153 sites
	-> Printing at chr: NC_043745.1 pos:12617820 chunknumber 11400 contains 763 sites
	-> Printing at chr: NC_043745.1 pos:12727182 chunknumber 11500 contains 1384 sites
	-> Printing at chr: NC_043745.1 pos:12834877 chunknumber 11600 contains 992 sites
	-> Printing at chr: NC_043745.1 pos:12935805 chunknumber 11700 contains 898 sites
	-> Printing at chr: NC_043745.1 pos:13032383 chunknumber 11800 contains 366 sites
	-> Printing at chr: NC_043745.1 pos:13127752 chunknumber 11900 contains 996 sites
	-> Printing at chr: NC_043745.1 pos:13231268 chunknumber 12000 contains 1513 sites
	-> Printing at chr: NC_043745.1 pos:13336678 chunknumber 12100 contains 905 sites
	-> Printing at chr: NC_043745.1 pos:13442729 chunknumber 12200 contains 949 sites
	-> Printing at chr: NC_043745.1 pos:13533673 chunknumber 12300 contains 1105 sites
	-> Printing at chr: NC_043745.1 pos:13631119 chunknumber 12400 contains 894 sites
	-> Printing at chr: NC_043745.1 pos:13732894 chunknumber 12500 contains 1026 sites
	-> Printing at chr: NC_043745.1 pos:13829201 chunknumber 12600 contains 1401 sites
	-> Printing at chr: NC_043745.1 pos:13939364 chunknumber 12700 contains 533 sites
	-> Printing at chr: NC_043745.1 pos:14039914 chunknumber 12800 contains 864 sites
	-> Printing at chr: NC_043745.1 pos:14133216 chunknumber 12900 contains 1586 sites
	-> Printing at chr: NC_043745.1 pos:14230382 chunknumber 13000 contains 693 sites
	-> Printing at chr: NC_043745.1 pos:14326214 chunknumber 13100 contains 1347 sites
	-> Printing at chr: NC_043745.1 pos:14428775 chunknumber 13200 contains 1140 sites
	-> Printing at chr: NC_043745.1 pos:14532141 chunknumber 13300 contains 1689 sites
	-> Printing at chr: NC_043745.1 pos:14806071 chunknumber 13400 contains 1011 sites
	-> Printing at chr: NC_043745.1 pos:14918396 chunknumber 13500 contains 814 sites
	-> Printing at chr: NC_043745.1 pos:15021902 chunknumber 13600 contains 790 sites
	-> Printing at chr: NC_043745.1 pos:15141121 chunknumber 13700 contains 1142 sites
	-> Printing at chr: NC_043745.1 pos:15242424 chunknumber 13800 contains 1699 sites
	-> Printing at chr: NC_043745.1 pos:15343223 chunknumber 13900 contains 912 sites
	-> Printing at chr: NC_043745.1 pos:15439779 chunknumber 14000 contains 943 sites
	-> Printing at chr: NC_043745.1 pos:15539037 chunknumber 14100 contains 1206 sites
	-> Printing at chr: NC_043745.1 pos:15633807 chunknumber 14200 contains 1219 sites
	-> Printing at chr: NC_043745.1 pos:15728837 chunknumber 14300 contains 837 sites
	-> Printing at chr: NC_043745.1 pos:15841581 chunknumber 14400 contains 1098 sites
	-> Printing at chr: NC_043745.1 pos:15957162 chunknumber 14500 contains 862 sites
	-> Printing at chr: NC_043745.1 pos:16060498 chunknumber 14600 contains 1301 sites
	-> Printing at chr: NC_043745.1 pos:16154240 chunknumber 14700 contains 934 sites
	-> Printing at chr: NC_043745.1 pos:16249921 chunknumber 14800 contains 896 sites
	-> Printing at chr: NC_043745.1 pos:16354484 chunknumber 14900 contains 863 sites
	-> Printing at chr: NC_043745.1 pos:16458590 chunknumber 15000 contains 1081 sites
	-> Printing at chr: NC_043745.1 pos:16569326 chunknumber 15100 contains 1211 sites
	-> Printing at chr: NC_043745.1 pos:16681512 chunknumber 15200 contains 513 sites
	-> Printing at chr: NC_043745.1 pos:16807724 chunknumber 15300 contains 1383 sites
	-> Printing at chr: NC_043745.1 pos:16928041 chunknumber 15400 contains 1217 sites
	-> Printing at chr: NC_043745.1 pos:17031712 chunknumber 15500 contains 987 sites
	-> Printing at chr: NC_043745.1 pos:17136934 chunknumber 15600 contains 698 sites
	-> Printing at chr: NC_043745.1 pos:17375548 chunknumber 15700 contains 1012 sites
	-> Printing at chr: NC_043745.1 pos:17473435 chunknumber 15800 contains 1210 sites
	-> Printing at chr: NC_043745.1 pos:17581145 chunknumber 15900 contains 691 sites
	-> Printing at chr: NC_043745.1 pos:17680153 chunknumber 16000 contains 847 sites
	-> Printing at chr: NC_043745.1 pos:17778327 chunknumber 16100 contains 900 sites
	-> Printing at chr: NC_043745.1 pos:17941146 chunknumber 16200 contains 1334 sites
	-> Printing at chr: NC_043745.1 pos:18043293 chunknumber 16300 contains 1398 sites
	-> Printing at chr: NC_043745.1 pos:18147314 chunknumber 16400 contains 1158 sites
	-> Printing at chr: NC_043745.1 pos:18254139 chunknumber 16500 contains 670 sites
	-> Printing at chr: NC_043745.1 pos:18353428 chunknumber 16600 contains 764 sites
	-> Printing at chr: NC_043745.1 pos:18793266 chunknumber 16700 contains 819 sites
	-> Printing at chr: NC_043745.1 pos:18886438 chunknumber 16800 contains 1037 sites
	-> Printing at chr: NC_043745.1 pos:18982651 chunknumber 16900 contains 1237 sites
	-> Printing at chr: NC_043745.1 pos:19090763 chunknumber 17000 contains 1475 sites
	-> Printing at chr: NC_043745.1 pos:19206179 chunknumber 17100 contains 987 sites
	-> Printing at chr: NC_043745.1 pos:19318622 chunknumber 17200 contains 1157 sites
	-> Printing at chr: NC_043745.1 pos:19424155 chunknumber 17300 contains 955 sites
	-> Printing at chr: NC_043745.1 pos:19517135 chunknumber 17400 contains 726 sites
	-> Printing at chr: NC_043745.1 pos:19617050 chunknumber 17500 contains 1214 sites
	-> Printing at chr: NC_043745.1 pos:19720410 chunknumber 17600 contains 715 sites
	-> Printing at chr: NC_043745.1 pos:19828798 chunknumber 17700 contains 1046 sites
	-> Printing at chr: NC_043745.1 pos:19937809 chunknumber 17800 contains 693 sites
	-> Printing at chr: NC_043745.1 pos:20035460 chunknumber 17900 contains 1463 sites
	-> Printing at chr: NC_043745.1 pos:20156530 chunknumber 18000 contains 1579 sites
	-> Printing at chr: NC_043745.1 pos:20286405 chunknumber 18100 contains 1296 sites
	-> Printing at chr: NC_043745.1 pos:20396273 chunknumber 18200 contains 928 sites
	-> Printing at chr: NC_043745.1 pos:20500800 chunknumber 18300 contains 851 sites
	-> Printing at chr: NC_043745.1 pos:20588274 chunknumber 18400 contains 734 sites
	-> Printing at chr: NC_043745.1 pos:20676609 chunknumber 18500 contains 1224 sites
	-> Printing at chr: NC_043745.1 pos:20878473 chunknumber 18600 contains 975 sites
	-> Printing at chr: NC_043745.1 pos:20988186 chunknumber 18700 contains 627 sites
	-> Printing at chr: NC_043745.1 pos:21095961 chunknumber 18800 contains 727 sites
	-> Printing at chr: NC_043745.1 pos:21205066 chunknumber 18900 contains 760 sites
	-> Printing at chr: NC_043745.1 pos:21310386 chunknumber 19000 contains 1140 sites
	-> Printing at chr: NC_043745.1 pos:21415623 chunknumber 19100 contains 1031 sites
	-> Printing at chr: NC_043745.1 pos:21527418 chunknumber 19200 contains 1014 sites
	-> Printing at chr: NC_043745.1 pos:21636485 chunknumber 19300 contains 1450 sites
	-> Printing at chr: NC_043745.1 pos:21750275 chunknumber 19400 contains 1426 sites
	-> Printing at chr: NC_043745.1 pos:21845328 chunknumber 19500 contains 657 sites
	-> Printing at chr: NC_043745.1 pos:21941403 chunknumber 19600 contains 1077 sites
	-> Printing at chr: NC_043745.1 pos:22047772 chunknumber 19700 contains 2498 sites
	-> Printing at chr: NC_043745.1 pos:22168898 chunknumber 19800 contains 950 sites
	-> Printing at chr: NC_043745.1 pos:22266608 chunknumber 19900 contains 1418 sites
	-> Printing at chr: NC_043745.1 pos:22365421 chunknumber 20000 contains 874 sites
	-> Printing at chr: NC_043745.1 pos:22464516 chunknumber 20100 contains 1036 sites
	-> Printing at chr: NC_043745.1 pos:22571605 chunknumber 20200 contains 1079 sites
	-> Printing at chr: NC_043745.1 pos:22674355 chunknumber 20300 contains 1287 sites
	-> Printing at chr: NC_043745.1 pos:22800989 chunknumber 20400 contains 1554 sites
	-> Printing at chr: NC_043745.1 pos:22901585 chunknumber 20500 contains 979 sites
	-> Printing at chr: NC_043745.1 pos:22997366 chunknumber 20600 contains 1416 sites
	-> Printing at chr: NC_043745.1 pos:23106014 chunknumber 20700 contains 1010 sites
	-> Printing at chr: NC_043745.1 pos:23198021 chunknumber 20800 contains 966 sites
	-> Printing at chr: NC_043745.1 pos:23308291 chunknumber 20900 contains 1146 sites
	-> Printing at chr: NC_043745.1 pos:23407588 chunknumber 21000 contains 609 sites
	-> Printing at chr: NC_043745.1 pos:23503793 chunknumber 21100 contains 981 sites
	-> Printing at chr: NC_043745.1 pos:23600889 chunknumber 21200 contains 863 sites
	-> Printing at chr: NC_043745.1 pos:23705931 chunknumber 21300 contains 1131 sites
	-> Printing at chr: NC_043745.1 pos:23803920 chunknumber 21400 contains 940 sites
	-> Printing at chr: NC_043745.1 pos:23911306 chunknumber 21500 contains 1218 sites
	-> Printing at chr: NC_043745.1 pos:24016938 chunknumber 21600 contains 1581 sites
	-> Printing at chr: NC_043745.1 pos:24119665 chunknumber 21700 contains 717 sites
	-> Printing at chr: NC_043745.1 pos:24224129 chunknumber 21800 contains 749 sites
	-> Printing at chr: NC_043745.1 pos:24316341 chunknumber 21900 contains 1160 sites
	-> Printing at chr: NC_043745.1 pos:24411580 chunknumber 22000 contains 1011 sites
	-> Printing at chr: NC_043745.1 pos:24510818 chunknumber 22100 contains 1053 sites
	-> Printing at chr: NC_043745.1 pos:24597445 chunknumber 22200 contains 750 sites
	-> Printing at chr: NC_043745.1 pos:24696654 chunknumber 22300 contains 1221 sites
	-> Printing at chr: NC_043745.1 pos:24800138 chunknumber 22400 contains 1484 sites
	-> Printing at chr: NC_043745.1 pos:24899592 chunknumber 22500 contains 623 sites
	-> Printing at chr: NC_043745.1 pos:24996935 chunknumber 22600 contains 537 sites
	-> Printing at chr: NC_043745.1 pos:25088738 chunknumber 22700 contains 919 sites
	-> Printing at chr: NC_043745.1 pos:25489833 chunknumber 22800 contains 1127 sites
	-> Printing at chr: NC_043745.1 pos:25583903 chunknumber 22900 contains 788 sites
	-> Printing at chr: NC_043745.1 pos:25693615 chunknumber 23000 contains 841 sites
	-> Printing at chr: NC_043745.1 pos:25809763 chunknumber 23100 contains 1133 sites
	-> Printing at chr: NC_043745.1 pos:25919488 chunknumber 23200 contains 983 sites
	-> Printing at chr: NC_043745.1 pos:26042262 chunknumber 23300 contains 928 sites
	-> Printing at chr: NC_043745.1 pos:26151055 chunknumber 23400 contains 748 sites
	-> Printing at chr: NC_043745.1 pos:26252704 chunknumber 23500 contains 1055 sites
	-> Printing at chr: NC_043745.1 pos:26348374 chunknumber 23600 contains 946 sites
	-> Printing at chr: NC_043745.1 pos:26443739 chunknumber 23700 contains 897 sites
	-> Printing at chr: NC_043745.1 pos:26537186 chunknumber 23800 contains 1033 sites
	-> Printing at chr: NC_043745.1 pos:26623185 chunknumber 23900 contains 1128 sites
