	-> angsd version: 0.937 (htslib: 1.14-9-ge769401) build(Mar 25 2022 10:24:30)
	-> angsd -GL 1 -doGlf 2 -doMajorMinor 1 -doMaf 1 -doSnpStat 1 -doHWE 1 -doGeno 3 -doPost 2 -doCounts 1 -doDepth 1 -doQsDist 1 -doEBD 1 -uniqueOnly 1 -minMapQ 30 -minQ 20 -minInd 27 -out ./mkBGL/test07 -bam fltrBAM/bamNames.txt -nThreads 40 
	-> Inputtype is BAM/CRAM
[multiReader] 81 samples in 81 input files
	-> NB: you are doing qscore distribution, set -minQ to zero if you want to count qscores below: 20
	-> Parsing 81 number of samples 

	-> Allocated ~ 10 million nodes to the nodepool, this is not an estimate of the memory usage

	-> Allocated ~ 20 million nodes to the nodepool, this is not an estimate of the memory usage

	-> Allocated ~ 30 million nodes to the nodepool, this is not an estimate of the memory usage

	-> Allocated ~ 40 million nodes to the nodepool, this is not an estimate of the memory usage

	-> Allocated ~ 50 million nodes to the nodepool, this is not an estimate of the memory usage

	-> Allocated ~ 60 million nodes to the nodepool, this is not an estimate of the memory usage

	-> Allocated ~ 70 million nodes to the nodepool, this is not an estimate of the memory usage

	-> Allocated ~ 80 million nodes to the nodepool, this is not an estimate of the memory usage

	-> Allocated ~ 90 million nodes to the nodepool, this is not an estimate of the memory usage

	-> Allocated ~ 100 million nodes to the nodepool, this is not an estimate of the memory usage

	-> Allocated ~ 110 million nodes to the nodepool, this is not an estimate of the memory usage

	-> Allocated ~ 120 million nodes to the nodepool, this is not an estimate of the memory usage

	-> Allocated ~ 130 million nodes to the nodepool, this is not an estimate of the memory usage

	-> Allocated ~ 140 million nodes to the nodepool, this is not an estimate of the memory usage

	-> Allocated ~ 150 million nodes to the nodepool, this is not an estimate of the memory usage

	-> Allocated ~ 160 million nodes to the nodepool, this is not an estimate of the memory usage

	-> Allocated ~ 170 million nodes to the nodepool, this is not an estimate of the memory usage

	-> Allocated ~ 180 million nodes to the nodepool, this is not an estimate of the memory usage

	-> Allocated ~ 190 million nodes to the nodepool, this is not an estimate of the memory usage

	-> Allocated ~ 200 million nodes to the nodepool, this is not an estimate of the memory usage

	-> Allocated ~ 210 million nodes to the nodepool, this is not an estimate of the memory usage
	-> Printing at chr: NC_043745.1 pos:71000 chunknumber 100 contains 625 sites

	-> Allocated ~ 220 million nodes to the nodepool, this is not an estimate of the memory usage
	-> Printing at chr: NC_043745.1 pos:219822 chunknumber 200 contains 1109 sites
	-> Printing at chr: NC_043745.1 pos:315650 chunknumber 300 contains 971 sites
	-> Printing at chr: NC_043745.1 pos:393721 chunknumber 400 contains 597 sites
	-> Printing at chr: NC_043745.1 pos:504129 chunknumber 500 contains 1630 sites
	-> Printing at chr: NC_043745.1 pos:610066 chunknumber 600 contains 975 sites
	-> Printing at chr: NC_043745.1 pos:741924 chunknumber 700 contains 974 sites

	-> Allocated ~ 230 million nodes to the nodepool, this is not an estimate of the memory usage
	-> Printing at chr: NC_043745.1 pos:877386 chunknumber 800 contains 776 sites
	-> Printing at chr: NC_043745.1 pos:985850 chunknumber 900 contains 1344 sites
	-> Printing at chr: NC_043745.1 pos:1098518 chunknumber 1000 contains 948 sites
	-> Printing at chr: NC_043745.1 pos:1214365 chunknumber 1100 contains 382 sites
	-> Printing at chr: NC_043745.1 pos:1314465 chunknumber 1200 contains 1482 sites
	-> Printing at chr: NC_043745.1 pos:1424014 chunknumber 1300 contains 1524 sites
	-> Printing at chr: NC_043745.1 pos:1530326 chunknumber 1400 contains 691 sites
	-> Printing at chr: NC_043745.1 pos:1639957 chunknumber 1500 contains 1044 sites
	-> Printing at chr: NC_043745.1 pos:1742748 chunknumber 1600 contains 1085 sites
	-> Printing at chr: NC_043745.1 pos:1844773 chunknumber 1700 contains 642 sites
	-> Printing at chr: NC_043745.1 pos:2011236 chunknumber 1800 contains 1144 sites
	-> Printing at chr: NC_043745.1 pos:2111141 chunknumber 1900 contains 721 sites
	-> Printing at chr: NC_043745.1 pos:2224661 chunknumber 2000 contains 798 sites
	-> Printing at chr: NC_043745.1 pos:2364259 chunknumber 2100 contains 915 sites
	-> Printing at chr: NC_043745.1 pos:2451986 chunknumber 2200 contains 723 sites
	-> Printing at chr: NC_043745.1 pos:2531437 chunknumber 2300 contains 1267 sites
	-> Printing at chr: NC_043745.1 pos:2622418 chunknumber 2400 contains 564 sites
	-> Printing at chr: NC_043745.1 pos:2716151 chunknumber 2500 contains 1063 sites
	-> Printing at chr: NC_043745.1 pos:2807598 chunknumber 2600 contains 748 sites
	-> Printing at chr: NC_043745.1 pos:2894458 chunknumber 2700 contains 721 sites
	-> Printing at chr: NC_043745.1 pos:2985866 chunknumber 2800 contains 692 sites
	-> Printing at chr: NC_043745.1 pos:3078744 chunknumber 2900 contains 664 sites
	-> Printing at chr: NC_043745.1 pos:3162192 chunknumber 3000 contains 873 sites
	-> Printing at chr: NC_043745.1 pos:3245138 chunknumber 3100 contains 1227 sites
	-> Printing at chr: NC_043745.1 pos:3396147 chunknumber 3200 contains 3394 sites
	-> Printing at chr: NC_043745.1 pos:3536434 chunknumber 3300 contains 7407 sites
	-> Printing at chr: NC_043745.1 pos:3666774 chunknumber 3400 contains 782 sites
	-> Printing at chr: NC_043745.1 pos:3771254 chunknumber 3500 contains 551 sites
	-> Printing at chr: NC_043745.1 pos:3880780 chunknumber 3600 contains 1503 sites
	-> Printing at chr: NC_043745.1 pos:3973030 chunknumber 3700 contains 919 sites
