
PCAngsd v.1.10.
Jonas Meisner and Anders Albrechtsen.
Using 40 thread(s).

Parsing Beagle file.
Loaded 2367986 sites and 81 individuals.
Estimating minor allele frequencies.
EM (MAF) converged at iteration: 12
Number of sites after MAF filtering (0.05): 632018

Estimating covariance matrix.
Using 1 principal components (MAP test).
Individual allele frequencies estimated (1).
Individual allele frequencies estimated (2). RMSE=0.22166765491246182
Individual allele frequencies estimated (3). RMSE=0.011425036142172933
Individual allele frequencies estimated (4). RMSE=0.008220330959221667
Individual allele frequencies estimated (5). RMSE=0.006005677214627977
Individual allele frequencies estimated (6). RMSE=0.004470608538367711
Individual allele frequencies estimated (7). RMSE=0.0033837947894435985
Individual allele frequencies estimated (8). RMSE=0.002597422035341787
Individual allele frequencies estimated (9). RMSE=0.002013456517914976
Individual allele frequencies estimated (10). RMSE=0.0015725701265418772
Individual allele frequencies estimated (11). RMSE=0.0012375053361596993
Individual allele frequencies estimated (12). RMSE=0.0009802340892883215
Individual allele frequencies estimated (13). RMSE=0.0007829302039956109
Individual allele frequencies estimated (14). RMSE=0.0006305998572665167
Individual allele frequencies estimated (15). RMSE=0.000512511140316754
Individual allele frequencies estimated (16). RMSE=0.0004192223612810189
Individual allele frequencies estimated (17). RMSE=0.0003456123403489081
Individual allele frequencies estimated (18). RMSE=0.0002866403665831409
Individual allele frequencies estimated (19). RMSE=0.0002398928420829414
Individual allele frequencies estimated (20). RMSE=0.00020209745671290693
Individual allele frequencies estimated (21). RMSE=0.0001715390817803381
Individual allele frequencies estimated (22). RMSE=0.00014637618691183183
Individual allele frequencies estimated (23). RMSE=0.00012529483999385892
Individual allele frequencies estimated (24). RMSE=0.00010787357640171244
Individual allele frequencies estimated (25). RMSE=9.32761796882221e-05
Individual allele frequencies estimated (26). RMSE=8.106264559594998e-05
Individual allele frequencies estimated (27). RMSE=7.031870756028533e-05
Individual allele frequencies estimated (28). RMSE=6.129328525735174e-05
Individual allele frequencies estimated (29). RMSE=5.357404311038518e-05
Individual allele frequencies estimated (30). RMSE=4.6861640721888805e-05
Individual allele frequencies estimated (31). RMSE=4.109176562462107e-05
Individual allele frequencies estimated (32). RMSE=3.608965877380279e-05
Individual allele frequencies estimated (33). RMSE=3.1697237527252226e-05
Individual allele frequencies estimated (34). RMSE=2.7949768469274888e-05
Individual allele frequencies estimated (35). RMSE=2.4610265839116355e-05
Individual allele frequencies estimated (36). RMSE=2.1824718053645416e-05
Individual allele frequencies estimated (37). RMSE=1.913390985193963e-05
Individual allele frequencies estimated (38). RMSE=1.6787414682587714e-05
Individual allele frequencies estimated (39). RMSE=1.4940839054704453e-05
Individual allele frequencies estimated (40). RMSE=1.3131945265124376e-05
Individual allele frequencies estimated (41). RMSE=1.16476257588751e-05
Individual allele frequencies estimated (42). RMSE=1.0309754530095187e-05
Individual allele frequencies estimated (43). RMSE=9.166062585249063e-06
PCAngsd converged.
Saved covariance matrix as ./PCAngsd_selection/test04_fltrd_maptest_minMaf0.05.cov (Text).

Performing selection scan (FastPCA) for 1 PCs.
Saved test statistics as ./PCAngsd_selection/test04_fltrd_maptest_minMaf0.05.selection.npy (Binary).

Saved boolean vector of sites kept after filtering as ./PCAngsd_selection/test04_fltrd_maptest_minMaf0.05.sites (Text)
