
PCAngsd v.1.10.
Jonas Meisner and Anders Albrechtsen.
Using 40 thread(s).

Parsing Beagle file.
Loaded 103097 sites and 81 individuals.
Estimating minor allele frequencies.
EM (MAF) converged at iteration: 12
Number of sites after MAF filtering (0.05): 22719

Estimating covariance matrix.
Using 1 principal components (MAP test).
Individual allele frequencies estimated (1).
Individual allele frequencies estimated (2). RMSE=0.015055905043623263
Individual allele frequencies estimated (3). RMSE=0.011161745531471624
Individual allele frequencies estimated (4). RMSE=0.009199509246556308
Individual allele frequencies estimated (5). RMSE=0.007874315060572408
Individual allele frequencies estimated (6). RMSE=0.006889098502085405
Individual allele frequencies estimated (7). RMSE=0.006127933297023242
Individual allele frequencies estimated (8). RMSE=0.005514121146268041
Individual allele frequencies estimated (9). RMSE=0.005062341504790241
Individual allele frequencies estimated (10). RMSE=0.004645870804224899
Individual allele frequencies estimated (11). RMSE=0.004286826412297898
Individual allele frequencies estimated (12). RMSE=0.003980894313451796
Individual allele frequencies estimated (13). RMSE=0.0037030377945564113
Individual allele frequencies estimated (14). RMSE=0.003466487158369275
Individual allele frequencies estimated (15). RMSE=0.0032455174978992035
Individual allele frequencies estimated (16). RMSE=0.003059962835644649
Individual allele frequencies estimated (17). RMSE=0.002893780416994737
Individual allele frequencies estimated (18). RMSE=0.22220495565872916
Individual allele frequencies estimated (19). RMSE=0.002635002567679183
Individual allele frequencies estimated (20). RMSE=0.00250893379753798
Individual allele frequencies estimated (21). RMSE=0.0023964327025837243
Individual allele frequencies estimated (22). RMSE=0.0022920742321806335
Individual allele frequencies estimated (23). RMSE=0.0022007591361961993
Individual allele frequencies estimated (24). RMSE=0.0021145171599074746
Individual allele frequencies estimated (25). RMSE=0.0020407967467549345
Individual allele frequencies estimated (26). RMSE=0.00196434964185766
Individual allele frequencies estimated (27). RMSE=0.0018982327895461907
Individual allele frequencies estimated (28). RMSE=0.22221457024072505
Individual allele frequencies estimated (29). RMSE=0.001784812311643609
Individual allele frequencies estimated (30). RMSE=0.0017242397354733298
Individual allele frequencies estimated (31). RMSE=0.0016714994542865469
Individual allele frequencies estimated (32). RMSE=0.0016185031150021654
Individual allele frequencies estimated (33). RMSE=0.0015700527986670508
Individual allele frequencies estimated (34). RMSE=0.0015313430642653234
Individual allele frequencies estimated (35). RMSE=0.0014952243223973502
Individual allele frequencies estimated (36). RMSE=0.0014625464713011612
Individual allele frequencies estimated (37). RMSE=0.0014301699389603002
Individual allele frequencies estimated (38). RMSE=0.0013985228215606378
Individual allele frequencies estimated (39). RMSE=0.00136423631798431
Individual allele frequencies estimated (40). RMSE=0.0013348556530662972
Individual allele frequencies estimated (41). RMSE=0.001302721079759249
Individual allele frequencies estimated (42). RMSE=0.0012719625608877368
Individual allele frequencies estimated (43). RMSE=0.001242382584392624
Individual allele frequencies estimated (44). RMSE=0.0012270927836847362
Individual allele frequencies estimated (45). RMSE=0.0011995041304704633
Individual allele frequencies estimated (46). RMSE=0.0011935502680622224
Individual allele frequencies estimated (47). RMSE=0.0011688053509305296
Individual allele frequencies estimated (48). RMSE=0.0011507705375360853
Individual allele frequencies estimated (49). RMSE=0.0011336807196824085
Individual allele frequencies estimated (50). RMSE=0.0011257310855622437
Individual allele frequencies estimated (51). RMSE=0.001110425004339781
Individual allele frequencies estimated (52). RMSE=0.001087200536998314
Individual allele frequencies estimated (53). RMSE=0.0010719148712865039
Individual allele frequencies estimated (54). RMSE=0.0010563259387170885
Individual allele frequencies estimated (55). RMSE=0.0010385652874831085
Individual allele frequencies estimated (56). RMSE=0.0010237474465830435
Individual allele frequencies estimated (57). RMSE=0.0010084928912330057
Individual allele frequencies estimated (58). RMSE=0.0010011768177093624
Individual allele frequencies estimated (59). RMSE=0.0009888710562953637
Individual allele frequencies estimated (60). RMSE=0.0009715392105480188
Individual allele frequencies estimated (61). RMSE=0.0009615808207689095
Individual allele frequencies estimated (62). RMSE=0.22222015271034465
Individual allele frequencies estimated (63). RMSE=0.0009448000361084079
Individual allele frequencies estimated (64). RMSE=0.0009394981748371004
Individual allele frequencies estimated (65). RMSE=0.0009295886282458795
Individual allele frequencies estimated (66). RMSE=0.0009200458978152932
Individual allele frequencies estimated (67). RMSE=0.0009110201341355304
Individual allele frequencies estimated (68). RMSE=0.0009028972973550675
Individual allele frequencies estimated (69). RMSE=0.0008948972686391222
Individual allele frequencies estimated (70). RMSE=0.000883907420837169
Individual allele frequencies estimated (71). RMSE=0.0008728030717351402
Individual allele frequencies estimated (72). RMSE=0.0008593600818290998
Individual allele frequencies estimated (73). RMSE=0.0008474175788176182
Individual allele frequencies estimated (74). RMSE=0.000835675621644163
Individual allele frequencies estimated (75). RMSE=0.0008268596594530261
Individual allele frequencies estimated (76). RMSE=0.0008187348854934316
Individual allele frequencies estimated (77). RMSE=0.0008115472855435707
Individual allele frequencies estimated (78). RMSE=0.0008000606400932457
Individual allele frequencies estimated (79). RMSE=0.0007920432060293728
Individual allele frequencies estimated (80). RMSE=0.000784068814301278
Individual allele frequencies estimated (81). RMSE=0.0007799426811653418
Individual allele frequencies estimated (82). RMSE=0.0007728930955459407
Individual allele frequencies estimated (83). RMSE=0.000766774574347012
Individual allele frequencies estimated (84). RMSE=0.0007570487463340628
Individual allele frequencies estimated (85). RMSE=0.0007500901615069858
Individual allele frequencies estimated (86). RMSE=0.0007402817407817225
Individual allele frequencies estimated (87). RMSE=0.0007336159824793704
Individual allele frequencies estimated (88). RMSE=0.0007253452987924009
Individual allele frequencies estimated (89). RMSE=0.0007148846617383728
Individual allele frequencies estimated (90). RMSE=0.0007047328551123116
Individual allele frequencies estimated (91). RMSE=0.0006947699847473274
Individual allele frequencies estimated (92). RMSE=0.0006856019854207351
Individual allele frequencies estimated (93). RMSE=0.0006772653556468859
Individual allele frequencies estimated (94). RMSE=0.0006699888087380421
Individual allele frequencies estimated (95). RMSE=0.0006605433957155374
Individual allele frequencies estimated (96). RMSE=0.0006519220249884035
Individual allele frequencies estimated (97). RMSE=0.0006435578610155388
Individual allele frequencies estimated (98). RMSE=0.0006375631996330146
Individual allele frequencies estimated (99). RMSE=0.0006284107267989278
Individual allele frequencies estimated (100). RMSE=0.0006204304250282755
Individual allele frequencies estimated (101). RMSE=0.0006138802482156892
Saved covariance matrix as ./PCAngsd_selection/CHR07_PCAngsd_selection_maptest_minMaf0.05.cov (Text).

Performing selection scan (FastPCA) for 1 PCs.
Saved test statistics as ./PCAngsd_selection/CHR07_PCAngsd_selection_maptest_minMaf0.05.selection.npy (Binary).

Saved boolean vector of sites kept after filtering as ./PCAngsd_selection/CHR07_PCAngsd_selection_maptest_minMaf0.05.sites (Text)
