
PCAngsd v.1.10.
Jonas Meisner and Anders Albrechtsen.
Using 40 thread(s).

Parsing Beagle file.
Loaded 2367986 sites and 81 individuals.
Estimating minor allele frequencies.
EM (MAF) converged at iteration: 12
Number of sites after MAF filtering (0.2): 199243

Estimating covariance matrix.
Using 1 principal components (MAP test).
Individual allele frequencies estimated (1).
Individual allele frequencies estimated (2). RMSE=0.01563686520115752
Individual allele frequencies estimated (3). RMSE=0.2219683997924697
Individual allele frequencies estimated (4). RMSE=0.007202188847315295
Individual allele frequencies estimated (5). RMSE=0.004988920930735939
Individual allele frequencies estimated (6). RMSE=0.003539970208189008
Individual allele frequencies estimated (7). RMSE=0.002564034319695534
Individual allele frequencies estimated (8). RMSE=0.0018795258667733536
Individual allele frequencies estimated (9). RMSE=0.0013931902305141094
Individual allele frequencies estimated (10). RMSE=0.0010389711054468336
Individual allele frequencies estimated (11). RMSE=0.0007824500028484847
Individual allele frequencies estimated (12). RMSE=0.0005935410534782321
Individual allele frequencies estimated (13). RMSE=0.0004543719892760695
Individual allele frequencies estimated (14). RMSE=0.0003504713376137853
Individual allele frequencies estimated (15). RMSE=0.0002739070084613566
Individual allele frequencies estimated (16). RMSE=0.00021559521570190635
Individual allele frequencies estimated (17). RMSE=0.00017117362818602031
Individual allele frequencies estimated (18). RMSE=0.00013685858556972287
Individual allele frequencies estimated (19). RMSE=0.00010976052513120361
Individual allele frequencies estimated (20). RMSE=8.878684057457015e-05
Individual allele frequencies estimated (21). RMSE=7.233443282893482e-05
Individual allele frequencies estimated (22). RMSE=5.9334273981335894e-05
Individual allele frequencies estimated (23). RMSE=4.885464266664915e-05
Individual allele frequencies estimated (24). RMSE=4.0111202449368e-05
Individual allele frequencies estimated (25). RMSE=3.3091012051787396e-05
Individual allele frequencies estimated (26). RMSE=2.7539650913923366e-05
Individual allele frequencies estimated (27). RMSE=2.301364468273965e-05
Individual allele frequencies estimated (28). RMSE=1.928874305246536e-05
Individual allele frequencies estimated (29). RMSE=1.6201007830434204e-05
Individual allele frequencies estimated (30). RMSE=1.3697303784482825e-05
Individual allele frequencies estimated (31). RMSE=1.1546956585472318e-05
Individual allele frequencies estimated (32). RMSE=9.690784403014346e-06
PCAngsd converged.
Saved covariance matrix as ./PCAngsd_selection/test04_fltrd_maptest_minMaf0.2.cov (Text).

Performing selection scan (FastPCA) for 1 PCs.
Saved test statistics as ./PCAngsd_selection/test04_fltrd_maptest_minMaf0.2.selection.npy (Binary).

Saved boolean vector of sites kept after filtering as ./PCAngsd_selection/test04_fltrd_maptest_minMaf0.2.sites (Text)
