[2022-04-16 17:14:20,220] multiqc                                            [DEBUG  ]  No MultiQC config found: /opt/conda/lib/python3.7/site-packages/multiqc_config.yaml
[2022-04-16 17:14:20,221] multiqc                                            [DEBUG  ]  No MultiQC config found: /home/cbird/.multiqc_config.yaml
[2022-04-16 17:14:20,221] multiqc                                            [DEBUG  ]  No MultiQC config found: multiqc_config.yaml
[2022-04-16 17:14:20,221] multiqc                                            [DEBUG  ]  Command used: /opt/conda/bin/multiqc fq_fp1_clmparray_fp2 -n fq_fp1_clmparray_fp2/2nd_fastp_report
[2022-04-16 17:14:20,764] multiqc                                            [WARNING]  MultiQC Version v1.12 now available!
[2022-04-16 17:14:20,764] multiqc                                            [INFO   ]  This is MultiQC v1.9
[2022-04-16 17:14:20,764] multiqc                                            [DEBUG  ]  Command     : /opt/conda/bin/multiqc fq_fp1_clmparray_fp2 -n fq_fp1_clmparray_fp2/2nd_fastp_report
[2022-04-16 17:14:20,764] multiqc                                            [DEBUG  ]  Working dir : /home/e1garcia/shotgun_PIRE/pire_ssl_data_processing/salarias_fasciatus_lcwgs
[2022-04-16 17:14:20,765] multiqc                                            [INFO   ]  Template    : default
[2022-04-16 17:14:20,765] multiqc                                            [DEBUG  ]  Running Python 3.7.7 (default, Jun 26 2020, 05:10:03)  [GCC 7.3.0]
[2022-04-16 17:14:20,765] multiqc                                            [INFO   ]  Searching   : /home/e1garcia/shotgun_PIRE/pire_ssl_data_processing/salarias_fasciatus_lcwgs/fq_fp1_clmparray_fp2
[2022-04-16 17:14:20,766] multiqc                                            [DEBUG  ]  Analysing modules: custom_content, conpair, peddy, somalier, methylQA, mosdepth, phantompeakqualtools, qualimap, preseq, quast, qorts, rna_seqc, rockhopper, rsem, rseqc, busco, goleft_indexcov, disambiguate, supernova, deeptools, sargasso, verifybamid, mirtrace, happy, mirtop, homer, macs2, theta2, snpeff, gatk, htseq, bcftools, featureCounts, fgbio, dragen, dedup, damageprofiler, biobambam2, mtnucratio, picard, prokka, samblaster, samtools, sexdeterrmine, bamtools, jellyfish, vcftools, longranger, stacks, varscan2, bbmap, bismark, biscuit, hicexplorer, hicup, hicpro, salmon, kallisto, slamdunk, star, hisat2, tophat, bowtie2, bowtie1, snpsplit, kat, leehom, adapterRemoval, clipandmerge, cutadapt, flexbar, kaiju, kraken, malt, trimmomatic, sickle, skewer, sortmerna, biobloomtools, fastq_screen, afterqc, fastp, fastqc, pycoqc, minionqc, multivcfanalyzer, clusterflow, bcl2fastq, interop, ivar, flash, seqyclean
[2022-04-16 17:14:20,766] multiqc                                            [DEBUG  ]  Using temporary directory for creating report: /tmp/tmp3aowoisg
[2022-04-16 17:14:21,018] multiqc                                            [DEBUG  ]  Ignoring file as matched an ignore pattern: Sfa-ABas_014_Ex1_L3_clmp.r1r2_fastp.html
[2022-04-16 17:14:21,018] multiqc                                            [DEBUG  ]  Ignoring file as matched an ignore pattern: Sfa-CBas_043_Ex1_L3_clmp.fp2_r1.fq.gz
[2022-04-16 17:14:21,019] multiqc                                            [DEBUG  ]  Ignoring file as matched an ignore pattern: Sfa-ABas_028_Ex1_L3_clmp.r1r2_fastp.html
[2022-04-16 17:14:21,020] multiqc                                            [DEBUG  ]  Ignoring file as matched an ignore pattern: Sfa-ABas_022_Ex1_L3_clmp.fp2_r1.fq.gz
[2022-04-16 17:14:21,020] multiqc                                            [DEBUG  ]  Ignoring file as matched an ignore pattern: Sfa-CBas_030_Ex1_L3_clmp.fp2_r2.fq.gz
[2022-04-16 17:14:21,021] multiqc                                            [DEBUG  ]  Ignoring file as matched an ignore pattern: Sfa-CBas_088_Ex1_L3_clmp.fp2_r2.fq.gz
[2022-04-16 17:14:21,021] multiqc                                            [DEBUG  ]  Ignoring file as matched an ignore pattern: Sfa-CBas_023_Ex1_L3_clmp.r1r2_fastp.html
[2022-04-16 17:14:21,021] multiqc                                            [DEBUG  ]  Ignoring file as matched an ignore pattern: Sfa-ABas_010_Ex1_L3_clmp.fp2_r1.fq.gz
[2022-04-16 17:14:21,022] multiqc                                            [DEBUG  ]  Ignoring file as matched an ignore pattern: Sfa-ABas_027_Ex1_L3_clmp.fp2_r1.fq.gz
[2022-04-16 17:14:21,022] multiqc                                            [DEBUG  ]  Ignoring file as matched an ignore pattern: Sfa-CBas_041_Ex1_L3_clmp.fp2_r1.fq.gz
[2022-04-16 17:14:21,022] multiqc                                            [DEBUG  ]  Ignoring file as matched an ignore pattern: Sfa-CBas_073_Ex1_L3_clmp.fp2_r1.fq.gz
[2022-04-16 17:14:21,023] multiqc                                            [DEBUG  ]  Ignoring file as matched an ignore pattern: Sfa-ABas_027_Ex1_L3_clmp.fp2_r2.fq.gz
[2022-04-16 17:14:21,023] multiqc                                            [DEBUG  ]  Ignoring file as matched an ignore pattern: Sfa-CBas_086_Ex1_L3_clmp.fp2_r1.fq.gz
[2022-04-16 17:14:21,023] multiqc                                            [DEBUG  ]  Ignoring file as matched an ignore pattern: Sfa-CBas_015_Ex1_L3_clmp.fp2_r2.fq.gz
[2022-04-16 17:14:21,023] multiqc                                            [DEBUG  ]  Ignoring file as matched an ignore pattern: Sfa-CBas_092_Ex1_L3_clmp.fp2_r1.fq.gz
[2022-04-16 17:14:21,023] multiqc                                            [DEBUG  ]  Ignoring file as matched an ignore pattern: Sfa-ABas_030_Ex1_L3_clmp.fp2_r2.fq.gz
[2022-04-16 17:14:21,023] multiqc                                            [DEBUG  ]  Ignoring file as matched an ignore pattern: Sfa-ABas_018_Ex1_L3_clmp.fp2_r1.fq.gz
[2022-04-16 17:14:21,024] multiqc                                            [DEBUG  ]  Ignoring file as matched an ignore pattern: Sfa-ABas_013_Ex1_L3_clmp.fp2_r1.fq.gz
[2022-04-16 17:14:21,024] multiqc                                            [DEBUG  ]  Ignoring file as matched an ignore pattern: Sfa-CBas_008_Ex1_L3_clmp.r1r2_fastp.html
[2022-04-16 17:14:21,024] multiqc                                            [DEBUG  ]  Ignoring file as matched an ignore pattern: Sfa-ABas_008_Ex1_L3_clmp.fp2_r1.fq.gz
[2022-04-16 17:14:21,024] multiqc                                            [DEBUG  ]  Ignoring file as matched an ignore pattern: Sfa-CBas_046_Ex1_L3_clmp.fp2_r1.fq.gz
[2022-04-16 17:14:21,024] multiqc                                            [DEBUG  ]  Ignoring file as matched an ignore pattern: Sfa-CBas_031_Ex1_L3_clmp.r1r2_fastp.html
[2022-04-16 17:14:21,025] multiqc                                            [DEBUG  ]  Ignoring file as matched an ignore pattern: Sfa-ABas_023_Ex1_L3_clmp.fp2_r1.fq.gz
[2022-04-16 17:14:21,026] multiqc                                            [DEBUG  ]  Ignoring file as matched an ignore pattern: Sfa-CBas_066_Ex1_L3_clmp.r1r2_fastp.html
[2022-04-16 17:14:21,026] multiqc                                            [DEBUG  ]  Ignoring file as matched an ignore pattern: Sfa-CBas_041_Ex1_L3_clmp.r1r2_fastp.html
[2022-04-16 17:14:21,026] multiqc                                            [DEBUG  ]  Ignoring file as matched an ignore pattern: Sfa-ABas_028_Ex1_L3_clmp.fp2_r1.fq.gz
[2022-04-16 17:14:21,028] multiqc                                            [DEBUG  ]  Ignoring file as matched an ignore pattern: Sfa-CBas_017_Ex1_L3_clmp.fp2_r2.fq.gz
[2022-04-16 17:14:21,028] multiqc                                            [DEBUG  ]  Ignoring file as matched an ignore pattern: Sfa-CBas_033_Ex1_L3_clmp.fp2_r1.fq.gz
[2022-04-16 17:14:21,028] multiqc                                            [DEBUG  ]  Ignoring file as matched an ignore pattern: Sfa-CBas_021_Ex1_L3_clmp.fp2_r2.fq.gz
[2022-04-16 17:14:21,028] multiqc                                            [DEBUG  ]  Ignoring file as matched an ignore pattern: Sfa-ABas_021_Ex1_L3_clmp.fp2_r2.fq.gz
[2022-04-16 17:14:21,028] multiqc                                            [DEBUG  ]  Ignoring file as matched an ignore pattern: Sfa-CBas_008_Ex1_L3_clmp.fp2_r2.fq.gz
[2022-04-16 17:14:21,029] multiqc                                            [DEBUG  ]  Ignoring file as matched an ignore pattern: Sfa-CBas_006_Ex1_L3_clmp.fp2_r2.fq.gz
[2022-04-16 17:14:21,029] multiqc                                            [DEBUG  ]  Ignoring file as matched an ignore pattern: Sfa-ABas_029_Ex1_L3_clmp.r1r2_fastp.html
[2022-04-16 17:14:21,029] multiqc                                            [DEBUG  ]  Ignoring file as matched an ignore pattern: Sfa-CBas_029_Ex1_L3_clmp.fp2_r2.fq.gz
[2022-04-16 17:14:21,029] multiqc                                            [DEBUG  ]  Ignoring file as matched an ignore pattern: Sfa-ABas_017_Ex1_L3_clmp.fp2_r1.fq.gz
[2022-04-16 17:14:21,031] multiqc                                            [DEBUG  ]  Ignoring file as matched an ignore pattern: Sfa-ABas_029_Ex1_L3_clmp.fp2_r1.fq.gz
[2022-04-16 17:14:21,032] multiqc                                            [DEBUG  ]  Ignoring file as matched an ignore pattern: Sfa-CBas_014_Ex1_L3_clmp.fp2_r1.fq.gz
[2022-04-16 17:14:21,032] multiqc                                            [DEBUG  ]  Ignoring file as matched an ignore pattern: Sfa-CBas_025_Ex1_L3_clmp.fp2_r2.fq.gz
[2022-04-16 17:14:21,032] multiqc                                            [DEBUG  ]  Ignoring file as matched an ignore pattern: Sfa-CBas_027_Ex1_L3_clmp.r1r2_fastp.html
[2022-04-16 17:14:21,033] multiqc                                            [DEBUG  ]  Ignoring file as matched an ignore pattern: Sfa-CBas_096_Ex1_L3_clmp.r1r2_fastp.html
[2022-04-16 17:14:21,036] multiqc                                            [DEBUG  ]  Ignoring file as matched an ignore pattern: Sfa-ABas_014_Ex1_L3_clmp.fp2_r1.fq.gz
[2022-04-16 17:14:21,037] multiqc                                            [DEBUG  ]  Ignoring file as matched an ignore pattern: Sfa-CBas_039_Ex1_L3_clmp.fp2_r2.fq.gz
[2022-04-16 17:14:21,037] multiqc                                            [DEBUG  ]  Ignoring file as matched an ignore pattern: Sfa-CBas_009_Ex1_L3_clmp.r1r2_fastp.html
[2022-04-16 17:14:21,038] multiqc                                            [DEBUG  ]  Ignoring file as matched an ignore pattern: Sfa-ABas_029_Ex1_L3_clmp.fp2_r2.fq.gz
[2022-04-16 17:14:21,038] multiqc                                            [DEBUG  ]  Ignoring file as matched an ignore pattern: Sfa-ABas_025_Ex1_L3_clmp.fp2_r2.fq.gz
[2022-04-16 17:14:21,039] multiqc                                            [DEBUG  ]  Ignoring file as matched an ignore pattern: Sfa-CBas_017_Ex1_L3_clmp.r1r2_fastp.html
[2022-04-16 17:14:21,039] multiqc                                            [DEBUG  ]  Ignoring file as matched an ignore pattern: Sfa-CBas_007_Ex1_L3_clmp.fp2_r1.fq.gz
[2022-04-16 17:14:21,040] multiqc                                            [DEBUG  ]  Ignoring file as matched an ignore pattern: Sfa-CBas_026_Ex1_L3_clmp.r1r2_fastp.html
[2022-04-16 17:14:21,040] multiqc                                            [DEBUG  ]  Ignoring file as matched an ignore pattern: Sfa-ABas_016_Ex1_L3_clmp.r1r2_fastp.html
[2022-04-16 17:14:21,040] multiqc                                            [DEBUG  ]  Ignoring file as matched an ignore pattern: Sfa-CBas_048_Ex1_L3_clmp.fp2_r2.fq.gz
[2022-04-16 17:14:21,040] multiqc                                            [DEBUG  ]  Ignoring file as matched an ignore pattern: Sfa-CBas_062_Ex1_L3_clmp.fp2_r1.fq.gz
[2022-04-16 17:14:21,041] multiqc                                            [DEBUG  ]  Ignoring file as matched an ignore pattern: Sfa-CBas_036_Ex1_L3_clmp.fp2_r2.fq.gz
[2022-04-16 17:14:21,042] multiqc                                            [DEBUG  ]  Ignoring file as matched an ignore pattern: Sfa-ABas_010_Ex1_L3_clmp.r1r2_fastp.html
[2022-04-16 17:14:21,042] multiqc                                            [DEBUG  ]  Ignoring file as matched an ignore pattern: Sfa-ABas_031_Ex1_L3_clmp.r1r2_fastp.html
[2022-04-16 17:14:21,043] multiqc                                            [DEBUG  ]  Ignoring file as matched an ignore pattern: Sfa-ABas_008_Ex1_L3_clmp.r1r2_fastp.html
[2022-04-16 17:14:21,043] multiqc                                            [DEBUG  ]  Ignoring file as matched an ignore pattern: Sfa-CBas_029_Ex1_L3_clmp.fp2_r1.fq.gz
[2022-04-16 17:14:21,044] multiqc                                            [DEBUG  ]  Ignoring file as matched an ignore pattern: Sfa-CBas_084_Ex1_L3_clmp.fp2_r2.fq.gz
[2022-04-16 17:14:21,044] multiqc                                            [DEBUG  ]  Ignoring file as matched an ignore pattern: Sfa-ABas_009_Ex1_L3_clmp.fp2_r2.fq.gz
[2022-04-16 17:14:21,044] multiqc                                            [DEBUG  ]  Ignoring file as matched an ignore pattern: Sfa-CBas_078_Ex1_L3_clmp.fp2_r1.fq.gz
[2022-04-16 17:14:21,044] multiqc                                            [DEBUG  ]  Ignoring file as matched an ignore pattern: Sfa-CBas_016_Ex1_L3_clmp.r1r2_fastp.html
[2022-04-16 17:14:21,044] multiqc                                            [DEBUG  ]  Ignoring file as matched an ignore pattern: Sfa-CBas_090_Ex1_L3_clmp.fp2_r1.fq.gz
[2022-04-16 17:14:21,045] multiqc                                            [DEBUG  ]  Ignoring file as matched an ignore pattern: Sfa-ABas_001_Ex1_L3_clmp.fp2_r2.fq.gz
[2022-04-16 17:14:21,045] multiqc                                            [DEBUG  ]  Ignoring file as matched an ignore pattern: Sfa-ABas_026_Ex1_L3_clmp.fp2_r1.fq.gz
[2022-04-16 17:14:21,045] multiqc                                            [DEBUG  ]  Ignoring file as matched an ignore pattern: Sfa-CBas_019_Ex1_L3_clmp.fp2_r2.fq.gz
[2022-04-16 17:14:21,045] multiqc                                            [DEBUG  ]  Ignoring file as matched an ignore pattern: Sfa-ABas_019_Ex1_L3_clmp.fp2_r1.fq.gz
[2022-04-16 17:14:21,045] multiqc                                            [DEBUG  ]  Ignoring file as matched an ignore pattern: Sfa-CBas_088_Ex1_L3_clmp.r1r2_fastp.html
[2022-04-16 17:14:21,045] multiqc                                            [DEBUG  ]  Ignoring file as matched an ignore pattern: Sfa-CBas_031_Ex1_L3_clmp.fp2_r1.fq.gz
[2022-04-16 17:14:21,046] multiqc                                            [DEBUG  ]  Ignoring file as matched an ignore pattern: Sfa-ABas_001_Ex1_L3_clmp.r1r2_fastp.html
[2022-04-16 17:14:21,046] multiqc                                            [DEBUG  ]  Ignoring file as matched an ignore pattern: Sfa-CBas_023_Ex1_L3_clmp.fp2_r2.fq.gz
[2022-04-16 17:14:21,046] multiqc                                            [DEBUG  ]  Ignoring file as matched an ignore pattern: Sfa-CBas_061_Ex1_L3_clmp.r1r2_fastp.html
[2022-04-16 17:14:21,046] multiqc                                            [DEBUG  ]  Ignoring file as matched an ignore pattern: Sfa-CBas_059_Ex1_L3_clmp.fp2_r1.fq.gz
[2022-04-16 17:14:21,046] multiqc                                            [DEBUG  ]  Ignoring file as matched an ignore pattern: Sfa-ABas_026_Ex1_L3_clmp.r1r2_fastp.html
[2022-04-16 17:14:21,046] multiqc                                            [DEBUG  ]  Ignoring file as matched an ignore pattern: Sfa-ABas_035_Ex1_L3_clmp.fp2_r2.fq.gz
[2022-04-16 17:14:21,047] multiqc                                            [DEBUG  ]  Ignoring file as matched an ignore pattern: Sfa-CBas_021_Ex1_L3_clmp.r1r2_fastp.html
[2022-04-16 17:14:21,047] multiqc                                            [DEBUG  ]  Ignoring file as matched an ignore pattern: Sfa-ABas_032_Ex1_L3_clmp.r1r2_fastp.html
[2022-04-16 17:14:21,048] multiqc                                            [DEBUG  ]  Ignoring file as matched an ignore pattern: Sfa-ABas_004_Ex1_L3_clmp.fp2_r2.fq.gz
[2022-04-16 17:14:21,048] multiqc                                            [DEBUG  ]  Ignoring file as matched an ignore pattern: Sfa-ABas_019_Ex1_L3_clmp.r1r2_fastp.html
[2022-04-16 17:14:21,048] multiqc                                            [DEBUG  ]  Ignoring file as matched an ignore pattern: Sfa-CBas_090_Ex1_L3_clmp.r1r2_fastp.html
[2022-04-16 17:14:21,049] multiqc                                            [DEBUG  ]  Ignoring file as matched an ignore pattern: Sfa-ABas_017_Ex1_L3_clmp.fp2_r2.fq.gz
[2022-04-16 17:14:21,049] multiqc                                            [DEBUG  ]  Ignoring file as matched an ignore pattern: Sfa-CBas_039_Ex1_L3_clmp.r1r2_fastp.html
[2022-04-16 17:14:21,049] multiqc                                            [DEBUG  ]  Ignoring file as matched an ignore pattern: Sfa-CBas_044_Ex1_L3_clmp.fp2_r1.fq.gz
[2022-04-16 17:14:21,049] multiqc                                            [DEBUG  ]  Ignoring file as matched an ignore pattern: Sfa-ABas_003_Ex1_L3_clmp.fp2_r1.fq.gz
[2022-04-16 17:14:21,050] multiqc                                            [DEBUG  ]  Ignoring file as matched an ignore pattern: Sfa-CBas_009_Ex1_L3_clmp.fp2_r1.fq.gz
[2022-04-16 17:14:21,050] multiqc                                            [DEBUG  ]  Ignoring file as matched an ignore pattern: Sfa-CBas_044_Ex1_L3_clmp.fp2_r2.fq.gz
[2022-04-16 17:14:21,050] multiqc                                            [DEBUG  ]  Ignoring file as matched an ignore pattern: Sfa-CBas_092_Ex1_L3_clmp.r1r2_fastp.html
[2022-04-16 17:14:21,051] multiqc                                            [DEBUG  ]  Ignoring file as matched an ignore pattern: Sfa-CBas_091_Ex1_L3_clmp.r1r2_fastp.html
[2022-04-16 17:14:21,051] multiqc                                            [DEBUG  ]  Ignoring file as matched an ignore pattern: Sfa-ABas_032_Ex1_L3_clmp.fp2_r1.fq.gz
[2022-04-16 17:14:21,052] multiqc                                            [DEBUG  ]  Ignoring file as matched an ignore pattern: Sfa-CBas_042_Ex1_L3_clmp.fp2_r1.fq.gz
[2022-04-16 17:14:21,052] multiqc                                            [DEBUG  ]  Ignoring file as matched an ignore pattern: Sfa-ABas_033_Ex1_L3_clmp.r1r2_fastp.html
[2022-04-16 17:14:21,052] multiqc                                            [DEBUG  ]  Ignoring file as matched an ignore pattern: Sfa-CBas_086_Ex1_L3_clmp.fp2_r2.fq.gz
[2022-04-16 17:14:21,053] multiqc                                            [DEBUG  ]  Ignoring file as matched an ignore pattern: Sfa-CBas_043_Ex1_L3_clmp.fp2_r2.fq.gz
[2022-04-16 17:14:21,053] multiqc                                            [DEBUG  ]  Ignoring file as matched an ignore pattern: Sfa-ABas_027_Ex1_L3_clmp.r1r2_fastp.html
[2022-04-16 17:14:21,056] multiqc                                            [DEBUG  ]  Ignoring file as matched an ignore pattern: Sfa-CBas_014_Ex1_L3_clmp.fp2_r2.fq.gz
[2022-04-16 17:14:21,056] multiqc                                            [DEBUG  ]  Ignoring file as matched an ignore pattern: Sfa-ABas_034_Ex1_L3_clmp.r1r2_fastp.html
[2022-04-16 17:14:21,057] multiqc                                            [DEBUG  ]  Ignoring file as matched an ignore pattern: Sfa-ABas_035_Ex1_L3_clmp.fp2_r1.fq.gz
[2022-04-16 17:14:21,057] multiqc                                            [DEBUG  ]  Ignoring file as matched an ignore pattern: Sfa-ABas_006_Ex1_L3_clmp.r1r2_fastp.html
[2022-04-16 17:14:21,058] multiqc                                            [DEBUG  ]  Ignoring file as matched an ignore pattern: Sfa-CBas_003_Ex1_L3_clmp.fp2_r2.fq.gz
[2022-04-16 17:14:21,058] multiqc                                            [DEBUG  ]  Ignoring file as matched an ignore pattern: Sfa-CBas_007_Ex1_L3_clmp.r1r2_fastp.html
[2022-04-16 17:14:21,058] multiqc                                            [DEBUG  ]  Ignoring file as matched an ignore pattern: Sfa-ABas_002_Ex1_L3_clmp.fp2_r1.fq.gz
[2022-04-16 17:14:21,058] multiqc                                            [DEBUG  ]  Ignoring file as matched an ignore pattern: Sfa-CBas_001_Ex1_L3_clmp.fp2_r2.fq.gz
[2022-04-16 17:14:21,059] multiqc                                            [DEBUG  ]  Ignoring file as matched an ignore pattern: Sfa-ABas_024_Ex1_L3_clmp.fp2_r1.fq.gz
[2022-04-16 17:14:21,059] multiqc                                            [DEBUG  ]  Ignoring file as matched an ignore pattern: Sfa-ABas_003_Ex1_L3_clmp.r1r2_fastp.html
[2022-04-16 17:14:21,059] multiqc                                            [DEBUG  ]  Ignoring file as matched an ignore pattern: Sfa-CBas_016_Ex1_L3_clmp.fp2_r2.fq.gz
[2022-04-16 17:14:21,060] multiqc                                            [DEBUG  ]  Ignoring file as matched an ignore pattern: Sfa-CBas_015_Ex1_L3_clmp.r1r2_fastp.html
[2022-04-16 17:14:21,060] multiqc                                            [DEBUG  ]  Ignoring file as matched an ignore pattern: Sfa-ABas_002_Ex1_L3_clmp.fp2_r2.fq.gz
[2022-04-16 17:14:21,060] multiqc                                            [DEBUG  ]  Ignoring file as matched an ignore pattern: Sfa-ABas_031_Ex1_L3_clmp.fp2_r2.fq.gz
[2022-04-16 17:14:21,061] multiqc                                            [DEBUG  ]  Ignoring file as matched an ignore pattern: Sfa-ABas_034_Ex1_L3_clmp.fp2_r1.fq.gz
[2022-04-16 17:14:21,061] multiqc                                            [DEBUG  ]  Ignoring file as matched an ignore pattern: Sfa-CBas_014_Ex1_L3_clmp.r1r2_fastp.html
[2022-04-16 17:14:21,062] multiqc                                            [DEBUG  ]  Ignoring file as matched an ignore pattern: Sfa-CBas_028_Ex1_L3_clmp.fp2_r2.fq.gz
[2022-04-16 17:14:21,062] multiqc                                            [DEBUG  ]  Ignoring file as matched an ignore pattern: Sfa-ABas_025_Ex1_L3_clmp.r1r2_fastp.html
[2022-04-16 17:14:21,062] multiqc                                            [DEBUG  ]  Ignoring file as matched an ignore pattern: Sfa-CBas_096_Ex1_L3_clmp.fp2_r2.fq.gz
[2022-04-16 17:14:21,063] multiqc                                            [DEBUG  ]  Ignoring file as matched an ignore pattern: Sfa-CBas_048_Ex1_L3_clmp.fp2_r1.fq.gz
[2022-04-16 17:14:21,064] multiqc                                            [DEBUG  ]  Ignoring file as matched an ignore pattern: Sfa-CBas_033_Ex1_L3_clmp.r1r2_fastp.html
[2022-04-16 17:14:21,065] multiqc                                            [DEBUG  ]  Ignoring file as matched an ignore pattern: Sfa-CBas_030_Ex1_L3_clmp.r1r2_fastp.html
[2022-04-16 17:14:21,065] multiqc                                            [DEBUG  ]  Ignoring file as matched an ignore pattern: Sfa-ABas_007_Ex1_L3_clmp.fp2_r2.fq.gz
[2022-04-16 17:14:21,065] multiqc                                            [DEBUG  ]  Ignoring file as matched an ignore pattern: Sfa-CBas_023_Ex1_L3_clmp.fp2_r1.fq.gz
[2022-04-16 17:14:21,065] multiqc                                            [DEBUG  ]  Ignoring file as matched an ignore pattern: Sfa-CBas_026_Ex1_L3_clmp.fp2_r1.fq.gz
[2022-04-16 17:14:21,065] multiqc                                            [DEBUG  ]  Ignoring file as matched an ignore pattern: Sfa-ABas_017_Ex1_L3_clmp.r1r2_fastp.html
[2022-04-16 17:14:21,066] multiqc                                            [DEBUG  ]  Ignoring file as matched an ignore pattern: Sfa-CBas_009_Ex1_L3_clmp.fp2_r2.fq.gz
[2022-04-16 17:14:21,066] multiqc                                            [DEBUG  ]  Ignoring file as matched an ignore pattern: Sfa-ABas_020_Ex1_L3_clmp.r1r2_fastp.html
[2022-04-16 17:14:21,066] multiqc                                            [DEBUG  ]  Ignoring file as matched an ignore pattern: Sfa-CBas_001_Ex1_L3_clmp.r1r2_fastp.html
[2022-04-16 17:14:21,068] multiqc                                            [DEBUG  ]  Ignoring file as matched an ignore pattern: Sfa-CBas_073_Ex1_L3_clmp.r1r2_fastp.html
[2022-04-16 17:14:21,068] multiqc                                            [DEBUG  ]  Ignoring file as matched an ignore pattern: Sfa-CBas_062_Ex1_L3_clmp.fp2_r2.fq.gz
[2022-04-16 17:14:21,068] multiqc                                            [DEBUG  ]  Ignoring file as matched an ignore pattern: Sfa-ABas_006_Ex1_L3_clmp.fp2_r1.fq.gz
[2022-04-16 17:14:21,069] multiqc                                            [DEBUG  ]  Ignoring file as matched an ignore pattern: Sfa-CBas_010_Ex1_L3_clmp.fp2_r2.fq.gz
[2022-04-16 17:14:21,070] multiqc                                            [DEBUG  ]  Ignoring file as matched an ignore pattern: Sfa-ABas_005_Ex1_L3_clmp.fp2_r2.fq.gz
[2022-04-16 17:14:21,070] multiqc                                            [DEBUG  ]  Ignoring file as matched an ignore pattern: Sfa-CBas_056_Ex1_L3_clmp.fp2_r2.fq.gz
[2022-04-16 17:14:21,070] multiqc                                            [DEBUG  ]  Ignoring file as matched an ignore pattern: Sfa-ABas_008_Ex1_L3_clmp.fp2_r2.fq.gz
[2022-04-16 17:14:21,070] multiqc                                            [DEBUG  ]  Ignoring file as matched an ignore pattern: Sfa-CBas_073_Ex1_L3_clmp.fp2_r2.fq.gz
[2022-04-16 17:14:21,070] multiqc                                            [DEBUG  ]  Ignoring file as matched an ignore pattern: Sfa-CBas_027_Ex1_L3_clmp.fp2_r2.fq.gz
[2022-04-16 17:14:21,070] multiqc                                            [DEBUG  ]  Ignoring file as matched an ignore pattern: Sfa-CBas_091_Ex1_L3_clmp.fp2_r1.fq.gz
[2022-04-16 17:14:21,070] multiqc                                            [DEBUG  ]  Ignoring file as matched an ignore pattern: Sfa-CBas_020_Ex1_L3_clmp.fp2_r2.fq.gz
[2022-04-16 17:14:21,071] multiqc                                            [DEBUG  ]  Ignoring file as matched an ignore pattern: Sfa-CBas_078_Ex1_L3_clmp.r1r2_fastp.html
[2022-04-16 17:14:21,071] multiqc                                            [DEBUG  ]  Ignoring file as matched an ignore pattern: Sfa-CBas_036_Ex1_L3_clmp.fp2_r1.fq.gz
[2022-04-16 17:14:21,071] multiqc                                            [DEBUG  ]  Ignoring file as matched an ignore pattern: Sfa-ABas_028_Ex1_L3_clmp.fp2_r2.fq.gz
[2022-04-16 17:14:21,071] multiqc                                            [DEBUG  ]  Ignoring file as matched an ignore pattern: Sfa-CBas_076_Ex1_L3_clmp.fp2_r1.fq.gz
[2022-04-16 17:14:21,072] multiqc                                            [DEBUG  ]  Ignoring file as matched an ignore pattern: Sfa-ABas_021_Ex1_L3_clmp.r1r2_fastp.html
[2022-04-16 17:14:21,072] multiqc                                            [DEBUG  ]  Ignoring file as matched an ignore pattern: Sfa-ABas_009_Ex1_L3_clmp.fp2_r1.fq.gz
[2022-04-16 17:14:21,072] multiqc                                            [DEBUG  ]  Ignoring file as matched an ignore pattern: Sfa-ABas_030_Ex1_L3_clmp.fp2_r1.fq.gz
[2022-04-16 17:14:21,072] multiqc                                            [DEBUG  ]  Ignoring file as matched an ignore pattern: Sfa-CBas_059_Ex1_L3_clmp.fp2_r2.fq.gz
[2022-04-16 17:14:21,074] multiqc                                            [DEBUG  ]  Ignoring file as matched an ignore pattern: Sfa-CBas_021_Ex1_L3_clmp.fp2_r1.fq.gz
[2022-04-16 17:14:21,074] multiqc                                            [DEBUG  ]  Ignoring file as matched an ignore pattern: Sfa-ABas_010_Ex1_L3_clmp.fp2_r2.fq.gz
[2022-04-16 17:14:21,074] multiqc                                            [DEBUG  ]  Ignoring file as matched an ignore pattern: Sfa-CBas_061_Ex1_L3_clmp.fp2_r1.fq.gz
[2022-04-16 17:14:21,074] multiqc                                            [DEBUG  ]  Ignoring file as matched an ignore pattern: Sfa-CBas_067_Ex1_L3_clmp.r1r2_fastp.html
[2022-04-16 17:14:21,074] multiqc                                            [DEBUG  ]  Ignoring file as matched an ignore pattern: Sfa-ABas_016_Ex1_L3_clmp.fp2_r1.fq.gz
[2022-04-16 17:14:21,074] multiqc                                            [DEBUG  ]  Ignoring file as matched an ignore pattern: Sfa-ABas_020_Ex1_L3_clmp.fp2_r2.fq.gz
[2022-04-16 17:14:21,074] multiqc                                            [DEBUG  ]  Ignoring file as matched an ignore pattern: Sfa-CBas_061_Ex1_L3_clmp.fp2_r2.fq.gz
[2022-04-16 17:14:21,076] multiqc                                            [DEBUG  ]  Ignoring file as matched an ignore pattern: Sfa-CBas_001_Ex1_L3_clmp.fp2_r1.fq.gz
[2022-04-16 17:14:21,076] multiqc                                            [DEBUG  ]  Ignoring file as matched an ignore pattern: Sfa-CBas_027_Ex1_L3_clmp.fp2_r1.fq.gz
[2022-04-16 17:14:21,076] multiqc                                            [DEBUG  ]  Ignoring file as matched an ignore pattern: Sfa-CBas_028_Ex1_L3_clmp.fp2_r1.fq.gz
[2022-04-16 17:14:21,076] multiqc                                            [DEBUG  ]  Ignoring file as matched an ignore pattern: Sfa-CBas_032_Ex1_L3_clmp.fp2_r2.fq.gz
[2022-04-16 17:14:21,076] multiqc                                            [DEBUG  ]  Ignoring file as matched an ignore pattern: Sfa-CBas_032_Ex1_L3_clmp.r1r2_fastp.html
[2022-04-16 17:14:21,076] multiqc                                            [DEBUG  ]  Ignoring file as matched an ignore pattern: Sfa-CBas_025_Ex1_L3_clmp.fp2_r1.fq.gz
[2022-04-16 17:14:21,076] multiqc                                            [DEBUG  ]  Ignoring file as matched an ignore pattern: Sfa-CBas_020_Ex1_L3_clmp.fp2_r1.fq.gz
[2022-04-16 17:14:21,076] multiqc                                            [DEBUG  ]  Ignoring file as matched an ignore pattern: Sfa-CBas_017_Ex1_L3_clmp.fp2_r1.fq.gz
[2022-04-16 17:14:21,076] multiqc                                            [DEBUG  ]  Ignoring file as matched an ignore pattern: Sfa-ABas_013_Ex1_L3_clmp.fp2_r2.fq.gz
[2022-04-16 17:14:21,077] multiqc                                            [DEBUG  ]  Ignoring file as matched an ignore pattern: Sfa-ABas_001_Ex1_L3_clmp.fp2_r1.fq.gz
[2022-04-16 17:14:21,077] multiqc                                            [DEBUG  ]  Ignoring file as matched an ignore pattern: Sfa-ABas_005_Ex1_L3_clmp.r1r2_fastp.html
[2022-04-16 17:14:21,077] multiqc                                            [DEBUG  ]  Ignoring file as matched an ignore pattern: Sfa-CBas_039_Ex1_L3_clmp.fp2_r1.fq.gz
[2022-04-16 17:14:21,077] multiqc                                            [DEBUG  ]  Ignoring file as matched an ignore pattern: Sfa-ABas_006_Ex1_L3_clmp.fp2_r2.fq.gz
[2022-04-16 17:14:21,077] multiqc                                            [DEBUG  ]  Ignoring file as matched an ignore pattern: Sfa-CBas_041_Ex1_L3_clmp.fp2_r2.fq.gz
[2022-04-16 17:14:21,078] multiqc                                            [DEBUG  ]  Ignoring file as matched an ignore pattern: Sfa-ABas_018_Ex1_L3_clmp.fp2_r2.fq.gz
[2022-04-16 17:14:21,078] multiqc                                            [DEBUG  ]  Ignoring file as matched an ignore pattern: Sfa-CBas_043_Ex1_L3_clmp.r1r2_fastp.html
[2022-04-16 17:14:21,078] multiqc                                            [DEBUG  ]  Ignoring file as matched an ignore pattern: Sfa-CBas_008_Ex1_L3_clmp.fp2_r1.fq.gz
[2022-04-16 17:14:21,078] multiqc                                            [DEBUG  ]  Ignoring file as matched an ignore pattern: Sfa-ABas_032_Ex1_L3_clmp.fp2_r2.fq.gz
[2022-04-16 17:14:21,079] multiqc                                            [DEBUG  ]  Ignoring file as matched an ignore pattern: Sfa-CBas_031_Ex1_L3_clmp.fp2_r2.fq.gz
[2022-04-16 17:14:21,080] multiqc                                            [DEBUG  ]  Ignoring file as matched an ignore pattern: Sfa-CBas_067_Ex1_L3_clmp.fp2_r1.fq.gz
[2022-04-16 17:14:21,080] multiqc                                            [DEBUG  ]  Ignoring file as matched an ignore pattern: Sfa-ABas_019_Ex1_L3_clmp.fp2_r2.fq.gz
[2022-04-16 17:14:21,080] multiqc                                            [DEBUG  ]  Ignoring file as matched an ignore pattern: Sfa-ABas_024_Ex1_L3_clmp.fp2_r2.fq.gz
[2022-04-16 17:14:21,080] multiqc                                            [DEBUG  ]  Ignoring file as matched an ignore pattern: Sfa-ABas_021_Ex1_L3_clmp.fp2_r1.fq.gz
[2022-04-16 17:14:21,081] multiqc                                            [DEBUG  ]  Ignoring file as matched an ignore pattern: Sfa-CBas_003_Ex1_L3_clmp.r1r2_fastp.html
[2022-04-16 17:14:21,081] multiqc                                            [DEBUG  ]  Ignoring file as matched an ignore pattern: Sfa-CBas_088_Ex1_L3_clmp.fp2_r1.fq.gz
[2022-04-16 17:14:21,081] multiqc                                            [DEBUG  ]  Ignoring file as matched an ignore pattern: Sfa-CBas_028_Ex1_L3_clmp.r1r2_fastp.html
[2022-04-16 17:14:21,081] multiqc                                            [DEBUG  ]  Ignoring file as matched an ignore pattern: Sfa-ABas_034_Ex1_L3_clmp.fp2_r2.fq.gz
[2022-04-16 17:14:21,081] multiqc                                            [DEBUG  ]  Ignoring file as matched an ignore pattern: Sfa-ABas_018_Ex1_L3_clmp.r1r2_fastp.html
[2022-04-16 17:14:21,081] multiqc                                            [DEBUG  ]  Ignoring file as matched an ignore pattern: Sfa-CBas_010_Ex1_L3_clmp.fp2_r1.fq.gz
[2022-04-16 17:14:21,082] multiqc                                            [DEBUG  ]  Ignoring file as matched an ignore pattern: Sfa-CBas_048_Ex1_L3_clmp.r1r2_fastp.html
[2022-04-16 17:14:21,082] multiqc                                            [DEBUG  ]  Ignoring file as matched an ignore pattern: Sfa-CBas_044_Ex1_L3_clmp.r1r2_fastp.html
[2022-04-16 17:14:21,082] multiqc                                            [DEBUG  ]  Ignoring file as matched an ignore pattern: Sfa-CBas_066_Ex1_L3_clmp.fp2_r2.fq.gz
[2022-04-16 17:14:21,082] multiqc                                            [DEBUG  ]  Ignoring file as matched an ignore pattern: Sfa-CBas_030_Ex1_L3_clmp.fp2_r1.fq.gz
[2022-04-16 17:14:21,082] multiqc                                            [DEBUG  ]  Ignoring file as matched an ignore pattern: Sfa-CBas_059_Ex1_L3_clmp.r1r2_fastp.html
[2022-04-16 17:14:21,084] multiqc                                            [DEBUG  ]  Ignoring file as matched an ignore pattern: Sfa-ABas_004_Ex1_L3_clmp.r1r2_fastp.html
[2022-04-16 17:14:21,084] multiqc                                            [DEBUG  ]  Ignoring file as matched an ignore pattern: Sfa-ABas_003_Ex1_L3_clmp.fp2_r2.fq.gz
[2022-04-16 17:14:21,084] multiqc                                            [DEBUG  ]  Ignoring file as matched an ignore pattern: Sfa-ABas_004_Ex1_L3_clmp.fp2_r1.fq.gz
[2022-04-16 17:14:21,084] multiqc                                            [DEBUG  ]  Ignoring file as matched an ignore pattern: Sfa-CBas_029_Ex1_L3_clmp.r1r2_fastp.html
[2022-04-16 17:14:21,084] multiqc                                            [DEBUG  ]  Ignoring file as matched an ignore pattern: Sfa-CBas_006_Ex1_L3_clmp.fp2_r1.fq.gz
[2022-04-16 17:14:21,084] multiqc                                            [DEBUG  ]  Ignoring file as matched an ignore pattern: Sfa-CBas_033_Ex1_L3_clmp.fp2_r2.fq.gz
[2022-04-16 17:14:21,084] multiqc                                            [DEBUG  ]  Ignoring file as matched an ignore pattern: Sfa-ABas_007_Ex1_L3_clmp.r1r2_fastp.html
[2022-04-16 17:14:21,084] multiqc                                            [DEBUG  ]  Ignoring file as matched an ignore pattern: Sfa-ABas_022_Ex1_L3_clmp.fp2_r2.fq.gz
[2022-04-16 17:14:21,084] multiqc                                            [DEBUG  ]  Ignoring file as matched an ignore pattern: Sfa-CBas_084_Ex1_L3_clmp.r1r2_fastp.html
[2022-04-16 17:14:21,084] multiqc                                            [DEBUG  ]  Ignoring file as matched an ignore pattern: Sfa-CBas_002_Ex1_L3_clmp.fp2_r2.fq.gz
[2022-04-16 17:14:21,085] multiqc                                            [DEBUG  ]  Ignoring file as matched an ignore pattern: Sfa-CBas_086_Ex1_L3_clmp.r1r2_fastp.html
[2022-04-16 17:14:21,085] multiqc                                            [DEBUG  ]  Ignoring file as matched an ignore pattern: Sfa-CBas_091_Ex1_L3_clmp.fp2_r2.fq.gz
[2022-04-16 17:14:21,085] multiqc                                            [DEBUG  ]  Ignoring file as matched an ignore pattern: Sfa-ABas_031_Ex1_L3_clmp.fp2_r1.fq.gz
[2022-04-16 17:14:21,085] multiqc                                            [DEBUG  ]  Ignoring file as matched an ignore pattern: Sfa-CBas_019_Ex1_L3_clmp.r1r2_fastp.html
[2022-04-16 17:14:21,085] multiqc                                            [DEBUG  ]  Ignoring file as matched an ignore pattern: Sfa-ABas_023_Ex1_L3_clmp.fp2_r2.fq.gz
[2022-04-16 17:14:21,086] multiqc                                            [DEBUG  ]  Ignoring file as matched an ignore pattern: Sfa-CBas_003_Ex1_L3_clmp.fp2_r1.fq.gz
[2022-04-16 17:14:21,086] multiqc                                            [DEBUG  ]  Ignoring file as matched an ignore pattern: Sfa-CBas_015_Ex1_L3_clmp.fp2_r1.fq.gz
[2022-04-16 17:14:21,086] multiqc                                            [DEBUG  ]  Ignoring file as matched an ignore pattern: 2nd_fastp_report.html
[2022-04-16 17:14:21,086] multiqc                                            [DEBUG  ]  Ignoring file as matched an ignore pattern: Sfa-CBas_076_Ex1_L3_clmp.fp2_r2.fq.gz
[2022-04-16 17:14:21,086] multiqc                                            [DEBUG  ]  Ignoring file as matched an ignore pattern: Sfa-ABas_024_Ex1_L3_clmp.r1r2_fastp.html
[2022-04-16 17:14:21,086] multiqc                                            [DEBUG  ]  Ignoring file as matched an ignore pattern: Sfa-ABas_016_Ex1_L3_clmp.fp2_r2.fq.gz
[2022-04-16 17:14:21,086] multiqc                                            [DEBUG  ]  Ignoring file as matched an ignore pattern: Sfa-CBas_020_Ex1_L3_clmp.r1r2_fastp.html
[2022-04-16 17:14:21,086] multiqc                                            [DEBUG  ]  Ignoring file as matched an ignore pattern: Sfa-ABas_035_Ex1_L3_clmp.r1r2_fastp.html
[2022-04-16 17:14:21,087] multiqc                                            [DEBUG  ]  Ignoring file as matched an ignore pattern: Sfa-CBas_036_Ex1_L3_clmp.r1r2_fastp.html
[2022-04-16 17:14:21,087] multiqc                                            [DEBUG  ]  Ignoring file as matched an ignore pattern: Sfa-CBas_078_Ex1_L3_clmp.fp2_r2.fq.gz
[2022-04-16 17:14:21,087] multiqc                                            [DEBUG  ]  Ignoring file as matched an ignore pattern: Sfa-CBas_046_Ex1_L3_clmp.fp2_r2.fq.gz
[2022-04-16 17:14:21,087] multiqc                                            [DEBUG  ]  Ignoring file as matched an ignore pattern: Sfa-ABas_020_Ex1_L3_clmp.fp2_r1.fq.gz
[2022-04-16 17:14:21,087] multiqc                                            [DEBUG  ]  Ignoring file as matched an ignore pattern: Sfa-ABas_033_Ex1_L3_clmp.fp2_r2.fq.gz
[2022-04-16 17:14:21,087] multiqc                                            [DEBUG  ]  Ignoring file as matched an ignore pattern: Sfa-CBas_016_Ex1_L3_clmp.fp2_r1.fq.gz
[2022-04-16 17:14:21,087] multiqc                                            [DEBUG  ]  Ignoring file as matched an ignore pattern: Sfa-CBas_084_Ex1_L3_clmp.fp2_r1.fq.gz
[2022-04-16 17:14:21,087] multiqc                                            [DEBUG  ]  Ignoring file as matched an ignore pattern: Sfa-CBas_056_Ex1_L3_clmp.r1r2_fastp.html
[2022-04-16 17:14:21,088] multiqc                                            [DEBUG  ]  Ignoring file as matched an ignore pattern: Sfa-CBas_042_Ex1_L3_clmp.r1r2_fastp.html
[2022-04-16 17:14:21,088] multiqc                                            [DEBUG  ]  Ignoring file as matched an ignore pattern: Sfa-CBas_076_Ex1_L3_clmp.r1r2_fastp.html
[2022-04-16 17:14:21,089] multiqc                                            [DEBUG  ]  Ignoring file as matched an ignore pattern: Sfa-ABas_025_Ex1_L3_clmp.fp2_r1.fq.gz
[2022-04-16 17:14:21,089] multiqc                                            [DEBUG  ]  Ignoring file as matched an ignore pattern: Sfa-ABas_005_Ex1_L3_clmp.fp2_r1.fq.gz
[2022-04-16 17:14:21,089] multiqc                                            [DEBUG  ]  Ignoring file as matched an ignore pattern: Sfa-CBas_092_Ex1_L3_clmp.fp2_r2.fq.gz
[2022-04-16 17:14:21,089] multiqc                                            [DEBUG  ]  Ignoring file as matched an ignore pattern: Sfa-CBas_019_Ex1_L3_clmp.fp2_r1.fq.gz
[2022-04-16 17:14:21,089] multiqc                                            [DEBUG  ]  Ignoring file as matched an ignore pattern: Sfa-CBas_042_Ex1_L3_clmp.fp2_r2.fq.gz
[2022-04-16 17:14:21,090] multiqc                                            [DEBUG  ]  Ignoring file as matched an ignore pattern: Sfa-CBas_002_Ex1_L3_clmp.fp2_r1.fq.gz
[2022-04-16 17:14:21,090] multiqc                                            [DEBUG  ]  Ignoring file as matched an ignore pattern: Sfa-ABas_013_Ex1_L3_clmp.r1r2_fastp.html
[2022-04-16 17:14:21,090] multiqc                                            [DEBUG  ]  Ignoring file as matched an ignore pattern: Sfa-CBas_025_Ex1_L3_clmp.r1r2_fastp.html
[2022-04-16 17:14:21,090] multiqc                                            [DEBUG  ]  Ignoring file as matched an ignore pattern: Sfa-ABas_033_Ex1_L3_clmp.fp2_r1.fq.gz
[2022-04-16 17:14:21,090] multiqc                                            [DEBUG  ]  Ignoring file as matched an ignore pattern: Sfa-ABas_030_Ex1_L3_clmp.r1r2_fastp.html
[2022-04-16 17:14:21,090] multiqc                                            [DEBUG  ]  Ignoring file as matched an ignore pattern: Sfa-CBas_032_Ex1_L3_clmp.fp2_r1.fq.gz
[2022-04-16 17:14:21,090] multiqc                                            [DEBUG  ]  Ignoring file as matched an ignore pattern: Sfa-CBas_056_Ex1_L3_clmp.fp2_r1.fq.gz
[2022-04-16 17:14:21,090] multiqc                                            [DEBUG  ]  Ignoring file as matched an ignore pattern: Sfa-CBas_010_Ex1_L3_clmp.r1r2_fastp.html
[2022-04-16 17:14:21,091] multiqc                                            [DEBUG  ]  Ignoring file as matched an ignore pattern: Sfa-CBas_096_Ex1_L3_clmp.fp2_r1.fq.gz
[2022-04-16 17:14:21,091] multiqc                                            [DEBUG  ]  Ignoring file as matched an ignore pattern: Sfa-CBas_090_Ex1_L3_clmp.fp2_r2.fq.gz
[2022-04-16 17:14:21,092] multiqc                                            [DEBUG  ]  Ignoring file as matched an ignore pattern: Sfa-CBas_006_Ex1_L3_clmp.r1r2_fastp.html
[2022-04-16 17:14:21,092] multiqc                                            [DEBUG  ]  Ignoring file as matched an ignore pattern: Sfa-CBas_062_Ex1_L3_clmp.r1r2_fastp.html
[2022-04-16 17:14:21,092] multiqc                                            [DEBUG  ]  Ignoring file as matched an ignore pattern: Sfa-ABas_007_Ex1_L3_clmp.fp2_r1.fq.gz
[2022-04-16 17:14:21,092] multiqc                                            [DEBUG  ]  Ignoring file as matched an ignore pattern: Sfa-ABas_014_Ex1_L3_clmp.fp2_r2.fq.gz
[2022-04-16 17:14:21,092] multiqc                                            [DEBUG  ]  Ignoring file as matched an ignore pattern: Sfa-CBas_026_Ex1_L3_clmp.fp2_r2.fq.gz
[2022-04-16 17:14:21,093] multiqc                                            [DEBUG  ]  Ignoring file as matched an ignore pattern: Sfa-CBas_067_Ex1_L3_clmp.fp2_r2.fq.gz
[2022-04-16 17:14:21,094] multiqc                                            [DEBUG  ]  Ignoring file as matched an ignore pattern: Sfa-CBas_002_Ex1_L3_clmp.r1r2_fastp.html
[2022-04-16 17:14:21,094] multiqc                                            [DEBUG  ]  Ignoring file as matched an ignore pattern: Sfa-CBas_007_Ex1_L3_clmp.fp2_r2.fq.gz
[2022-04-16 17:14:21,094] multiqc                                            [DEBUG  ]  Ignoring file as matched an ignore pattern: Sfa-ABas_023_Ex1_L3_clmp.r1r2_fastp.html
[2022-04-16 17:14:21,095] multiqc                                            [DEBUG  ]  Ignoring file as matched an ignore pattern: Sfa-ABas_009_Ex1_L3_clmp.r1r2_fastp.html
[2022-04-16 17:14:21,095] multiqc                                            [DEBUG  ]  Ignoring file as matched an ignore pattern: Sfa-ABas_022_Ex1_L3_clmp.r1r2_fastp.html
[2022-04-16 17:14:21,095] multiqc                                            [DEBUG  ]  Ignoring file as matched an ignore pattern: Sfa-ABas_002_Ex1_L3_clmp.r1r2_fastp.html
[2022-04-16 17:14:21,096] multiqc                                            [DEBUG  ]  Ignoring file as matched an ignore pattern: Sfa-CBas_066_Ex1_L3_clmp.fp2_r1.fq.gz
[2022-04-16 17:14:21,096] multiqc                                            [DEBUG  ]  Ignoring file as matched an ignore pattern: Sfa-CBas_046_Ex1_L3_clmp.r1r2_fastp.html
[2022-04-16 17:14:21,096] multiqc                                            [DEBUG  ]  Ignoring file as matched an ignore pattern: Sfa-ABas_026_Ex1_L3_clmp.fp2_r2.fq.gz
[2022-04-16 17:14:21,129] multiqc                                            [DEBUG  ]  File ignored by hicexplorer because it exceeded search pattern filesize limit: multiqc_fastp.txt
[2022-04-16 17:14:21,140] multiqc                                            [DEBUG  ]  File ignored by longranger/invocation because it exceeded search pattern filesize limit: multiqc_fastp.txt
[2022-04-16 17:14:21,195] multiqc                                            [DEBUG  ]  File ignored by hicexplorer because it exceeded search pattern filesize limit: multiqc_sources.txt
[2022-04-16 17:14:21,203] multiqc                                            [DEBUG  ]  File ignored by longranger/invocation because it exceeded search pattern filesize limit: multiqc_sources.txt
[2022-04-16 17:14:21,240] multiqc                                            [DEBUG  ]  File ignored by hicexplorer because it exceeded search pattern filesize limit: multiqc.log
[2022-04-16 17:14:21,247] multiqc                                            [DEBUG  ]  File ignored by longranger/invocation because it exceeded search pattern filesize limit: multiqc.log
[2022-04-16 17:14:21,319] multiqc                                            [DEBUG  ]  File ignored by hicexplorer because it exceeded search pattern filesize limit: multiqc_general_stats.txt
[2022-04-16 17:14:21,327] multiqc                                            [DEBUG  ]  File ignored by longranger/invocation because it exceeded search pattern filesize limit: multiqc_general_stats.txt
[2022-04-16 17:14:21,347] multiqc                                            [DEBUG  ]  Ignoring file as matched an ignore pattern: Sfa-ABas_020_Ex1_L3_clmp.fp2_unprd.fq.gz
[2022-04-16 17:14:21,347] multiqc                                            [DEBUG  ]  Ignoring file as matched an ignore pattern: Sfa-CBas_073_Ex1_L3_clmp.fp2_unprd.fq.gz
[2022-04-16 17:14:21,348] multiqc                                            [DEBUG  ]  Ignoring file as matched an ignore pattern: Sfa-CBas_007_Ex1_L3_clmp.fp2_unprd.fq.gz
[2022-04-16 17:14:21,348] multiqc                                            [DEBUG  ]  Ignoring file as matched an ignore pattern: Sfa-CBas_042_Ex1_L3_clmp.fp2_unprd.fq.gz
[2022-04-16 17:14:21,348] multiqc                                            [DEBUG  ]  Ignoring file as matched an ignore pattern: Sfa-ABas_034_Ex1_L3_clmp.fp2_fail.fq.gz
[2022-04-16 17:14:21,349] multiqc                                            [DEBUG  ]  Ignoring file as matched an ignore pattern: Sfa-CBas_061_Ex1_L3_clmp.fp2_unprd.fq.gz
[2022-04-16 17:14:21,349] multiqc                                            [DEBUG  ]  Ignoring file as matched an ignore pattern: Sfa-ABas_003_Ex1_L3_clmp.fp2_fail.fq.gz
[2022-04-16 17:14:21,349] multiqc                                            [DEBUG  ]  Ignoring file as matched an ignore pattern: Sfa-CBas_030_Ex1_L3_clmp.fp2_fail.fq.gz
[2022-04-16 17:14:21,350] multiqc                                            [DEBUG  ]  Ignoring file as matched an ignore pattern: Sfa-CBas_006_Ex1_L3_clmp.fp2_fail.fq.gz
[2022-04-16 17:14:21,350] multiqc                                            [DEBUG  ]  Ignoring file as matched an ignore pattern: Sfa-CBas_029_Ex1_L3_clmp.fp2_fail.fq.gz
[2022-04-16 17:14:21,351] multiqc                                            [DEBUG  ]  Ignoring file as matched an ignore pattern: Sfa-CBas_036_Ex1_L3_clmp.fp2_fail.fq.gz
[2022-04-16 17:14:21,351] multiqc                                            [DEBUG  ]  Ignoring file as matched an ignore pattern: Sfa-CBas_041_Ex1_L3_clmp.fp2_unprd.fq.gz
[2022-04-16 17:14:21,351] multiqc                                            [DEBUG  ]  Ignoring file as matched an ignore pattern: Sfa-CBas_033_Ex1_L3_clmp.fp2_fail.fq.gz
[2022-04-16 17:14:21,352] multiqc                                            [DEBUG  ]  Ignoring file as matched an ignore pattern: Sfa-CBas_073_Ex1_L3_clmp.fp2_fail.fq.gz
[2022-04-16 17:14:21,352] multiqc                                            [DEBUG  ]  Ignoring file as matched an ignore pattern: Sfa-CBas_046_Ex1_L3_clmp.fp2_fail.fq.gz
[2022-04-16 17:14:21,352] multiqc                                            [DEBUG  ]  Ignoring file as matched an ignore pattern: Sfa-CBas_025_Ex1_L3_clmp.fp2_fail.fq.gz
[2022-04-16 17:14:21,353] multiqc                                            [DEBUG  ]  Ignoring file as matched an ignore pattern: Sfa-ABas_001_Ex1_L3_clmp.fp2_unprd.fq.gz
[2022-04-16 17:14:21,353] multiqc                                            [DEBUG  ]  Ignoring file as matched an ignore pattern: Sfa-ABas_010_Ex1_L3_clmp.fp2_fail.fq.gz
[2022-04-16 17:14:21,353] multiqc                                            [DEBUG  ]  Ignoring file as matched an ignore pattern: Sfa-ABas_005_Ex1_L3_clmp.fp2_fail.fq.gz
[2022-04-16 17:14:21,354] multiqc                                            [DEBUG  ]  Ignoring file as matched an ignore pattern: Sfa-ABas_035_Ex1_L3_clmp.fp2_fail.fq.gz
[2022-04-16 17:14:21,354] multiqc                                            [DEBUG  ]  Ignoring file as matched an ignore pattern: Sfa-CBas_044_Ex1_L3_clmp.fp2_unprd.fq.gz
[2022-04-16 17:14:21,355] multiqc                                            [DEBUG  ]  Ignoring file as matched an ignore pattern: Sfa-ABas_016_Ex1_L3_clmp.fp2_unprd.fq.gz
[2022-04-16 17:14:21,355] multiqc                                            [DEBUG  ]  Ignoring file as matched an ignore pattern: Sfa-ABas_017_Ex1_L3_clmp.fp2_fail.fq.gz
[2022-04-16 17:14:21,355] multiqc                                            [DEBUG  ]  Ignoring file as matched an ignore pattern: Sfa-CBas_008_Ex1_L3_clmp.fp2_unprd.fq.gz
[2022-04-16 17:14:21,356] multiqc                                            [DEBUG  ]  Ignoring file as matched an ignore pattern: Sfa-ABas_018_Ex1_L3_clmp.fp2_unprd.fq.gz
[2022-04-16 17:14:21,356] multiqc                                            [DEBUG  ]  Ignoring file as matched an ignore pattern: Sfa-CBas_023_Ex1_L3_clmp.fp2_fail.fq.gz
[2022-04-16 17:14:21,356] multiqc                                            [DEBUG  ]  Ignoring file as matched an ignore pattern: Sfa-CBas_062_Ex1_L3_clmp.fp2_unprd.fq.gz
[2022-04-16 17:14:21,357] multiqc                                            [DEBUG  ]  Ignoring file as matched an ignore pattern: Sfa-CBas_066_Ex1_L3_clmp.fp2_unprd.fq.gz
[2022-04-16 17:14:21,357] multiqc                                            [DEBUG  ]  Ignoring file as matched an ignore pattern: Sfa-CBas_076_Ex1_L3_clmp.fp2_fail.fq.gz
[2022-04-16 17:14:21,358] multiqc                                            [DEBUG  ]  Ignoring file as matched an ignore pattern: Sfa-CBas_003_Ex1_L3_clmp.fp2_fail.fq.gz
[2022-04-16 17:14:21,358] multiqc                                            [DEBUG  ]  Ignoring file as matched an ignore pattern: Sfa-ABas_025_Ex1_L3_clmp.fp2_fail.fq.gz
[2022-04-16 17:14:21,358] multiqc                                            [DEBUG  ]  Ignoring file as matched an ignore pattern: Sfa-CBas_090_Ex1_L3_clmp.fp2_fail.fq.gz
[2022-04-16 17:14:21,359] multiqc                                            [DEBUG  ]  Ignoring file as matched an ignore pattern: Sfa-CBas_028_Ex1_L3_clmp.fp2_fail.fq.gz
[2022-04-16 17:14:21,359] multiqc                                            [DEBUG  ]  Ignoring file as matched an ignore pattern: Sfa-ABas_023_Ex1_L3_clmp.fp2_fail.fq.gz
[2022-04-16 17:14:21,359] multiqc                                            [DEBUG  ]  Ignoring file as matched an ignore pattern: Sfa-ABas_013_Ex1_L3_clmp.fp2_unprd.fq.gz
[2022-04-16 17:14:21,360] multiqc                                            [DEBUG  ]  Ignoring file as matched an ignore pattern: Sfa-CBas_039_Ex1_L3_clmp.fp2_fail.fq.gz
[2022-04-16 17:14:21,360] multiqc                                            [DEBUG  ]  Ignoring file as matched an ignore pattern: Sfa-CBas_084_Ex1_L3_clmp.fp2_fail.fq.gz
[2022-04-16 17:14:21,360] multiqc                                            [DEBUG  ]  Ignoring file as matched an ignore pattern: Sfa-ABas_002_Ex1_L3_clmp.fp2_fail.fq.gz
[2022-04-16 17:14:21,361] multiqc                                            [DEBUG  ]  Ignoring file as matched an ignore pattern: Sfa-CBas_009_Ex1_L3_clmp.fp2_fail.fq.gz
[2022-04-16 17:14:21,361] multiqc                                            [DEBUG  ]  Ignoring file as matched an ignore pattern: Sfa-ABas_029_Ex1_L3_clmp.fp2_fail.fq.gz
[2022-04-16 17:14:21,361] multiqc                                            [DEBUG  ]  Ignoring file as matched an ignore pattern: Sfa-ABas_022_Ex1_L3_clmp.fp2_fail.fq.gz
[2022-04-16 17:14:21,362] multiqc                                            [DEBUG  ]  Ignoring file as matched an ignore pattern: Sfa-ABas_022_Ex1_L3_clmp.fp2_unprd.fq.gz
[2022-04-16 17:14:21,362] multiqc                                            [DEBUG  ]  Ignoring file as matched an ignore pattern: Sfa-CBas_076_Ex1_L3_clmp.fp2_unprd.fq.gz
[2022-04-16 17:14:21,363] multiqc                                            [DEBUG  ]  Ignoring file as matched an ignore pattern: Sfa-CBas_020_Ex1_L3_clmp.fp2_unprd.fq.gz
[2022-04-16 17:14:21,363] multiqc                                            [DEBUG  ]  Ignoring file as matched an ignore pattern: Sfa-ABas_004_Ex1_L3_clmp.fp2_fail.fq.gz
[2022-04-16 17:14:21,363] multiqc                                            [DEBUG  ]  Ignoring file as matched an ignore pattern: Sfa-ABas_017_Ex1_L3_clmp.fp2_unprd.fq.gz
[2022-04-16 17:14:21,364] multiqc                                            [DEBUG  ]  Ignoring file as matched an ignore pattern: Sfa-CBas_001_Ex1_L3_clmp.fp2_fail.fq.gz
[2022-04-16 17:14:21,364] multiqc                                            [DEBUG  ]  Ignoring file as matched an ignore pattern: Sfa-CBas_066_Ex1_L3_clmp.fp2_fail.fq.gz
[2022-04-16 17:14:21,364] multiqc                                            [DEBUG  ]  Ignoring file as matched an ignore pattern: Sfa-ABas_005_Ex1_L3_clmp.fp2_unprd.fq.gz
[2022-04-16 17:14:21,365] multiqc                                            [DEBUG  ]  Ignoring file as matched an ignore pattern: Sfa-CBas_096_Ex1_L3_clmp.fp2_fail.fq.gz
[2022-04-16 17:14:21,365] multiqc                                            [DEBUG  ]  Ignoring file as matched an ignore pattern: Sfa-ABas_032_Ex1_L3_clmp.fp2_unprd.fq.gz
[2022-04-16 17:14:21,365] multiqc                                            [DEBUG  ]  Ignoring file as matched an ignore pattern: Sfa-CBas_059_Ex1_L3_clmp.fp2_unprd.fq.gz
[2022-04-16 17:14:21,366] multiqc                                            [DEBUG  ]  Ignoring file as matched an ignore pattern: Sfa-CBas_062_Ex1_L3_clmp.fp2_fail.fq.gz
[2022-04-16 17:14:21,366] multiqc                                            [DEBUG  ]  Ignoring file as matched an ignore pattern: Sfa-CBas_026_Ex1_L3_clmp.fp2_fail.fq.gz
[2022-04-16 17:14:21,366] multiqc                                            [DEBUG  ]  Ignoring file as matched an ignore pattern: Sfa-ABas_014_Ex1_L3_clmp.fp2_fail.fq.gz
[2022-04-16 17:14:21,367] multiqc                                            [DEBUG  ]  Ignoring file as matched an ignore pattern: Sfa-ABas_008_Ex1_L3_clmp.fp2_unprd.fq.gz
[2022-04-16 17:14:21,367] multiqc                                            [DEBUG  ]  Ignoring file as matched an ignore pattern: Sfa-ABas_027_Ex1_L3_clmp.fp2_fail.fq.gz
[2022-04-16 17:14:21,367] multiqc                                            [DEBUG  ]  Ignoring file as matched an ignore pattern: Sfa-CBas_019_Ex1_L3_clmp.fp2_fail.fq.gz
[2022-04-16 17:14:21,368] multiqc                                            [DEBUG  ]  Ignoring file as matched an ignore pattern: Sfa-CBas_039_Ex1_L3_clmp.fp2_unprd.fq.gz
[2022-04-16 17:14:21,368] multiqc                                            [DEBUG  ]  Ignoring file as matched an ignore pattern: Sfa-ABas_019_Ex1_L3_clmp.fp2_unprd.fq.gz
[2022-04-16 17:14:21,368] multiqc                                            [DEBUG  ]  Ignoring file as matched an ignore pattern: Sfa-CBas_021_Ex1_L3_clmp.fp2_fail.fq.gz
[2022-04-16 17:14:21,369] multiqc                                            [DEBUG  ]  Ignoring file as matched an ignore pattern: Sfa-CBas_067_Ex1_L3_clmp.fp2_unprd.fq.gz
[2022-04-16 17:14:21,369] multiqc                                            [DEBUG  ]  Ignoring file as matched an ignore pattern: Sfa-ABas_033_Ex1_L3_clmp.fp2_fail.fq.gz
[2022-04-16 17:14:21,370] multiqc                                            [DEBUG  ]  Ignoring file as matched an ignore pattern: Sfa-ABas_001_Ex1_L3_clmp.fp2_fail.fq.gz
[2022-04-16 17:14:21,370] multiqc                                            [DEBUG  ]  Ignoring file as matched an ignore pattern: Sfa-ABas_024_Ex1_L3_clmp.fp2_unprd.fq.gz
[2022-04-16 17:14:21,370] multiqc                                            [DEBUG  ]  Ignoring file as matched an ignore pattern: Sfa-CBas_010_Ex1_L3_clmp.fp2_unprd.fq.gz
[2022-04-16 17:14:21,371] multiqc                                            [DEBUG  ]  Ignoring file as matched an ignore pattern: Sfa-CBas_001_Ex1_L3_clmp.fp2_unprd.fq.gz
[2022-04-16 17:14:21,371] multiqc                                            [DEBUG  ]  Ignoring file as matched an ignore pattern: Sfa-CBas_031_Ex1_L3_clmp.fp2_fail.fq.gz
[2022-04-16 17:14:21,371] multiqc                                            [DEBUG  ]  Ignoring file as matched an ignore pattern: Sfa-CBas_027_Ex1_L3_clmp.fp2_fail.fq.gz
[2022-04-16 17:14:21,372] multiqc                                            [DEBUG  ]  Ignoring file as matched an ignore pattern: Sfa-ABas_032_Ex1_L3_clmp.fp2_fail.fq.gz
[2022-04-16 17:14:21,372] multiqc                                            [DEBUG  ]  Ignoring file as matched an ignore pattern: Sfa-CBas_043_Ex1_L3_clmp.fp2_unprd.fq.gz
[2022-04-16 17:14:21,372] multiqc                                            [DEBUG  ]  Ignoring file as matched an ignore pattern: Sfa-CBas_019_Ex1_L3_clmp.fp2_unprd.fq.gz
[2022-04-16 17:14:21,373] multiqc                                            [DEBUG  ]  Ignoring file as matched an ignore pattern: Sfa-CBas_061_Ex1_L3_clmp.fp2_fail.fq.gz
[2022-04-16 17:14:21,373] multiqc                                            [DEBUG  ]  Ignoring file as matched an ignore pattern: Sfa-ABas_009_Ex1_L3_clmp.fp2_unprd.fq.gz
[2022-04-16 17:14:21,373] multiqc                                            [DEBUG  ]  Ignoring file as matched an ignore pattern: Sfa-ABas_031_Ex1_L3_clmp.fp2_unprd.fq.gz
[2022-04-16 17:14:21,374] multiqc                                            [DEBUG  ]  Ignoring file as matched an ignore pattern: Sfa-CBas_086_Ex1_L3_clmp.fp2_unprd.fq.gz
[2022-04-16 17:14:21,374] multiqc                                            [DEBUG  ]  Ignoring file as matched an ignore pattern: Sfa-CBas_017_Ex1_L3_clmp.fp2_unprd.fq.gz
[2022-04-16 17:14:21,375] multiqc                                            [DEBUG  ]  Ignoring file as matched an ignore pattern: Sfa-ABas_010_Ex1_L3_clmp.fp2_unprd.fq.gz
[2022-04-16 17:14:21,375] multiqc                                            [DEBUG  ]  Ignoring file as matched an ignore pattern: Sfa-CBas_002_Ex1_L3_clmp.fp2_fail.fq.gz
[2022-04-16 17:14:21,375] multiqc                                            [DEBUG  ]  Ignoring file as matched an ignore pattern: Sfa-CBas_092_Ex1_L3_clmp.fp2_fail.fq.gz
[2022-04-16 17:14:21,376] multiqc                                            [DEBUG  ]  Ignoring file as matched an ignore pattern: Sfa-ABas_006_Ex1_L3_clmp.fp2_unprd.fq.gz
[2022-04-16 17:14:21,376] multiqc                                            [DEBUG  ]  Ignoring file as matched an ignore pattern: Sfa-ABas_024_Ex1_L3_clmp.fp2_fail.fq.gz
[2022-04-16 17:14:21,376] multiqc                                            [DEBUG  ]  Ignoring file as matched an ignore pattern: Sfa-CBas_009_Ex1_L3_clmp.fp2_unprd.fq.gz
[2022-04-16 17:14:21,377] multiqc                                            [DEBUG  ]  Ignoring file as matched an ignore pattern: Sfa-ABas_007_Ex1_L3_clmp.fp2_fail.fq.gz
[2022-04-16 17:14:21,377] multiqc                                            [DEBUG  ]  Ignoring file as matched an ignore pattern: Sfa-CBas_084_Ex1_L3_clmp.fp2_unprd.fq.gz
[2022-04-16 17:14:21,377] multiqc                                            [DEBUG  ]  Ignoring file as matched an ignore pattern: Sfa-CBas_041_Ex1_L3_clmp.fp2_fail.fq.gz
[2022-04-16 17:14:21,378] multiqc                                            [DEBUG  ]  Ignoring file as matched an ignore pattern: Sfa-CBas_023_Ex1_L3_clmp.fp2_unprd.fq.gz
[2022-04-16 17:14:21,378] multiqc                                            [DEBUG  ]  Ignoring file as matched an ignore pattern: Sfa-CBas_007_Ex1_L3_clmp.fp2_fail.fq.gz
[2022-04-16 17:14:21,378] multiqc                                            [DEBUG  ]  Ignoring file as matched an ignore pattern: Sfa-CBas_026_Ex1_L3_clmp.fp2_unprd.fq.gz
[2022-04-16 17:14:21,379] multiqc                                            [DEBUG  ]  Ignoring file as matched an ignore pattern: Sfa-ABas_006_Ex1_L3_clmp.fp2_fail.fq.gz
[2022-04-16 17:14:21,379] multiqc                                            [DEBUG  ]  Ignoring file as matched an ignore pattern: Sfa-ABas_020_Ex1_L3_clmp.fp2_fail.fq.gz
[2022-04-16 17:14:21,379] multiqc                                            [DEBUG  ]  Ignoring file as matched an ignore pattern: Sfa-ABas_007_Ex1_L3_clmp.fp2_unprd.fq.gz
[2022-04-16 17:14:21,380] multiqc                                            [DEBUG  ]  Ignoring file as matched an ignore pattern: Sfa-ABas_008_Ex1_L3_clmp.fp2_fail.fq.gz
[2022-04-16 17:14:21,380] multiqc                                            [DEBUG  ]  Ignoring file as matched an ignore pattern: Sfa-CBas_036_Ex1_L3_clmp.fp2_unprd.fq.gz
[2022-04-16 17:14:21,381] multiqc                                            [DEBUG  ]  Ignoring file as matched an ignore pattern: Sfa-CBas_002_Ex1_L3_clmp.fp2_unprd.fq.gz
[2022-04-16 17:14:21,381] multiqc                                            [DEBUG  ]  Ignoring file as matched an ignore pattern: Sfa-ABas_014_Ex1_L3_clmp.fp2_unprd.fq.gz
[2022-04-16 17:14:21,381] multiqc                                            [DEBUG  ]  Ignoring file as matched an ignore pattern: Sfa-CBas_003_Ex1_L3_clmp.fp2_unprd.fq.gz
[2022-04-16 17:14:21,382] multiqc                                            [DEBUG  ]  Ignoring file as matched an ignore pattern: Sfa-CBas_096_Ex1_L3_clmp.fp2_unprd.fq.gz
[2022-04-16 17:14:21,382] multiqc                                            [DEBUG  ]  Ignoring file as matched an ignore pattern: Sfa-ABas_004_Ex1_L3_clmp.fp2_unprd.fq.gz
[2022-04-16 17:14:21,382] multiqc                                            [DEBUG  ]  Ignoring file as matched an ignore pattern: Sfa-CBas_067_Ex1_L3_clmp.fp2_fail.fq.gz
[2022-04-16 17:14:21,383] multiqc                                            [DEBUG  ]  Ignoring file as matched an ignore pattern: Sfa-CBas_086_Ex1_L3_clmp.fp2_fail.fq.gz
[2022-04-16 17:14:21,383] multiqc                                            [DEBUG  ]  Ignoring file as matched an ignore pattern: Sfa-CBas_025_Ex1_L3_clmp.fp2_unprd.fq.gz
[2022-04-16 17:14:21,383] multiqc                                            [DEBUG  ]  Ignoring file as matched an ignore pattern: Sfa-CBas_008_Ex1_L3_clmp.fp2_fail.fq.gz
[2022-04-16 17:14:21,384] multiqc                                            [DEBUG  ]  Ignoring file as matched an ignore pattern: Sfa-CBas_031_Ex1_L3_clmp.fp2_unprd.fq.gz
[2022-04-16 17:14:21,384] multiqc                                            [DEBUG  ]  Ignoring file as matched an ignore pattern: Sfa-CBas_056_Ex1_L3_clmp.fp2_fail.fq.gz
[2022-04-16 17:14:21,384] multiqc                                            [DEBUG  ]  Ignoring file as matched an ignore pattern: Sfa-ABas_030_Ex1_L3_clmp.fp2_unprd.fq.gz
[2022-04-16 17:14:21,385] multiqc                                            [DEBUG  ]  Ignoring file as matched an ignore pattern: Sfa-CBas_078_Ex1_L3_clmp.fp2_unprd.fq.gz
[2022-04-16 17:14:21,385] multiqc                                            [DEBUG  ]  Ignoring file as matched an ignore pattern: Sfa-CBas_015_Ex1_L3_clmp.fp2_fail.fq.gz
[2022-04-16 17:14:21,385] multiqc                                            [DEBUG  ]  Ignoring file as matched an ignore pattern: Sfa-CBas_088_Ex1_L3_clmp.fp2_unprd.fq.gz
[2022-04-16 17:14:21,386] multiqc                                            [DEBUG  ]  Ignoring file as matched an ignore pattern: Sfa-ABas_033_Ex1_L3_clmp.fp2_unprd.fq.gz
[2022-04-16 17:14:21,386] multiqc                                            [DEBUG  ]  Ignoring file as matched an ignore pattern: Sfa-CBas_059_Ex1_L3_clmp.fp2_fail.fq.gz
[2022-04-16 17:14:21,386] multiqc                                            [DEBUG  ]  Ignoring file as matched an ignore pattern: Sfa-CBas_032_Ex1_L3_clmp.fp2_fail.fq.gz
[2022-04-16 17:14:21,387] multiqc                                            [DEBUG  ]  Ignoring file as matched an ignore pattern: Sfa-CBas_028_Ex1_L3_clmp.fp2_unprd.fq.gz
[2022-04-16 17:14:21,387] multiqc                                            [DEBUG  ]  Ignoring file as matched an ignore pattern: Sfa-ABas_030_Ex1_L3_clmp.fp2_fail.fq.gz
[2022-04-16 17:14:21,388] multiqc                                            [DEBUG  ]  Ignoring file as matched an ignore pattern: Sfa-ABas_018_Ex1_L3_clmp.fp2_fail.fq.gz
[2022-04-16 17:14:21,388] multiqc                                            [DEBUG  ]  Ignoring file as matched an ignore pattern: Sfa-CBas_020_Ex1_L3_clmp.fp2_fail.fq.gz
[2022-04-16 17:14:21,388] multiqc                                            [DEBUG  ]  Ignoring file as matched an ignore pattern: Sfa-CBas_032_Ex1_L3_clmp.fp2_unprd.fq.gz
[2022-04-16 17:14:21,389] multiqc                                            [DEBUG  ]  Ignoring file as matched an ignore pattern: Sfa-ABas_025_Ex1_L3_clmp.fp2_unprd.fq.gz
[2022-04-16 17:14:21,389] multiqc                                            [DEBUG  ]  Ignoring file as matched an ignore pattern: Sfa-CBas_092_Ex1_L3_clmp.fp2_unprd.fq.gz
[2022-04-16 17:14:21,389] multiqc                                            [DEBUG  ]  Ignoring file as matched an ignore pattern: Sfa-CBas_014_Ex1_L3_clmp.fp2_unprd.fq.gz
[2022-04-16 17:14:21,390] multiqc                                            [DEBUG  ]  Ignoring file as matched an ignore pattern: Sfa-ABas_035_Ex1_L3_clmp.fp2_unprd.fq.gz
[2022-04-16 17:14:21,390] multiqc                                            [DEBUG  ]  Ignoring file as matched an ignore pattern: Sfa-CBas_006_Ex1_L3_clmp.fp2_unprd.fq.gz
[2022-04-16 17:14:21,390] multiqc                                            [DEBUG  ]  Ignoring file as matched an ignore pattern: Sfa-CBas_042_Ex1_L3_clmp.fp2_fail.fq.gz
[2022-04-16 17:14:21,391] multiqc                                            [DEBUG  ]  Ignoring file as matched an ignore pattern: Sfa-CBas_010_Ex1_L3_clmp.fp2_fail.fq.gz
[2022-04-16 17:14:21,391] multiqc                                            [DEBUG  ]  Ignoring file as matched an ignore pattern: Sfa-CBas_029_Ex1_L3_clmp.fp2_unprd.fq.gz
[2022-04-16 17:14:21,391] multiqc                                            [DEBUG  ]  Ignoring file as matched an ignore pattern: Sfa-ABas_034_Ex1_L3_clmp.fp2_unprd.fq.gz
[2022-04-16 17:14:21,392] multiqc                                            [DEBUG  ]  Ignoring file as matched an ignore pattern: Sfa-ABas_028_Ex1_L3_clmp.fp2_unprd.fq.gz
[2022-04-16 17:14:21,392] multiqc                                            [DEBUG  ]  Ignoring file as matched an ignore pattern: Sfa-ABas_028_Ex1_L3_clmp.fp2_fail.fq.gz
[2022-04-16 17:14:21,392] multiqc                                            [DEBUG  ]  Ignoring file as matched an ignore pattern: Sfa-CBas_056_Ex1_L3_clmp.fp2_unprd.fq.gz
[2022-04-16 17:14:21,393] multiqc                                            [DEBUG  ]  Ignoring file as matched an ignore pattern: Sfa-CBas_048_Ex1_L3_clmp.fp2_unprd.fq.gz
[2022-04-16 17:14:21,393] multiqc                                            [DEBUG  ]  Ignoring file as matched an ignore pattern: Sfa-ABas_003_Ex1_L3_clmp.fp2_unprd.fq.gz
[2022-04-16 17:14:21,393] multiqc                                            [DEBUG  ]  Ignoring file as matched an ignore pattern: Sfa-ABas_029_Ex1_L3_clmp.fp2_unprd.fq.gz
[2022-04-16 17:14:21,394] multiqc                                            [DEBUG  ]  Ignoring file as matched an ignore pattern: Sfa-ABas_021_Ex1_L3_clmp.fp2_fail.fq.gz
[2022-04-16 17:14:21,394] multiqc                                            [DEBUG  ]  Ignoring file as matched an ignore pattern: Sfa-CBas_091_Ex1_L3_clmp.fp2_fail.fq.gz
[2022-04-16 17:14:21,394] multiqc                                            [DEBUG  ]  Ignoring file as matched an ignore pattern: Sfa-ABas_021_Ex1_L3_clmp.fp2_unprd.fq.gz
[2022-04-16 17:14:21,395] multiqc                                            [DEBUG  ]  Ignoring file as matched an ignore pattern: Sfa-ABas_026_Ex1_L3_clmp.fp2_fail.fq.gz
[2022-04-16 17:14:21,395] multiqc                                            [DEBUG  ]  Ignoring file as matched an ignore pattern: Sfa-CBas_021_Ex1_L3_clmp.fp2_unprd.fq.gz
[2022-04-16 17:14:21,396] multiqc                                            [DEBUG  ]  Ignoring file as matched an ignore pattern: Sfa-ABas_031_Ex1_L3_clmp.fp2_fail.fq.gz
[2022-04-16 17:14:21,396] multiqc                                            [DEBUG  ]  Ignoring file as matched an ignore pattern: Sfa-ABas_019_Ex1_L3_clmp.fp2_fail.fq.gz
[2022-04-16 17:14:21,396] multiqc                                            [DEBUG  ]  Ignoring file as matched an ignore pattern: Sfa-CBas_017_Ex1_L3_clmp.fp2_fail.fq.gz
[2022-04-16 17:14:21,397] multiqc                                            [DEBUG  ]  Ignoring file as matched an ignore pattern: Sfa-ABas_009_Ex1_L3_clmp.fp2_fail.fq.gz
[2022-04-16 17:14:21,397] multiqc                                            [DEBUG  ]  Ignoring file as matched an ignore pattern: Sfa-CBas_091_Ex1_L3_clmp.fp2_unprd.fq.gz
[2022-04-16 17:14:21,397] multiqc                                            [DEBUG  ]  Ignoring file as matched an ignore pattern: Sfa-CBas_043_Ex1_L3_clmp.fp2_fail.fq.gz
[2022-04-16 17:14:21,398] multiqc                                            [DEBUG  ]  Ignoring file as matched an ignore pattern: Sfa-ABas_013_Ex1_L3_clmp.fp2_fail.fq.gz
[2022-04-16 17:14:21,398] multiqc                                            [DEBUG  ]  Ignoring file as matched an ignore pattern: Sfa-CBas_088_Ex1_L3_clmp.fp2_fail.fq.gz
[2022-04-16 17:14:21,398] multiqc                                            [DEBUG  ]  Ignoring file as matched an ignore pattern: Sfa-ABas_027_Ex1_L3_clmp.fp2_unprd.fq.gz
[2022-04-16 17:14:21,399] multiqc                                            [DEBUG  ]  Ignoring file as matched an ignore pattern: Sfa-CBas_015_Ex1_L3_clmp.fp2_unprd.fq.gz
[2022-04-16 17:14:21,399] multiqc                                            [DEBUG  ]  Ignoring file as matched an ignore pattern: Sfa-CBas_048_Ex1_L3_clmp.fp2_fail.fq.gz
[2022-04-16 17:14:21,399] multiqc                                            [DEBUG  ]  Ignoring file as matched an ignore pattern: Sfa-CBas_044_Ex1_L3_clmp.fp2_fail.fq.gz
[2022-04-16 17:14:21,400] multiqc                                            [DEBUG  ]  Ignoring file as matched an ignore pattern: Sfa-ABas_016_Ex1_L3_clmp.fp2_fail.fq.gz
[2022-04-16 17:14:21,400] multiqc                                            [DEBUG  ]  Ignoring file as matched an ignore pattern: Sfa-CBas_016_Ex1_L3_clmp.fp2_unprd.fq.gz
[2022-04-16 17:14:21,400] multiqc                                            [DEBUG  ]  Ignoring file as matched an ignore pattern: Sfa-CBas_090_Ex1_L3_clmp.fp2_unprd.fq.gz
[2022-04-16 17:14:21,401] multiqc                                            [DEBUG  ]  Ignoring file as matched an ignore pattern: Sfa-CBas_033_Ex1_L3_clmp.fp2_unprd.fq.gz
[2022-04-16 17:14:21,401] multiqc                                            [DEBUG  ]  Ignoring file as matched an ignore pattern: Sfa-ABas_026_Ex1_L3_clmp.fp2_unprd.fq.gz
[2022-04-16 17:14:21,401] multiqc                                            [DEBUG  ]  Ignoring file as matched an ignore pattern: Sfa-ABas_002_Ex1_L3_clmp.fp2_unprd.fq.gz
[2022-04-16 17:14:21,402] multiqc                                            [DEBUG  ]  Ignoring file as matched an ignore pattern: Sfa-CBas_078_Ex1_L3_clmp.fp2_fail.fq.gz
[2022-04-16 17:14:21,402] multiqc                                            [DEBUG  ]  Ignoring file as matched an ignore pattern: Sfa-CBas_030_Ex1_L3_clmp.fp2_unprd.fq.gz
[2022-04-16 17:14:21,403] multiqc                                            [DEBUG  ]  Ignoring file as matched an ignore pattern: Sfa-ABas_023_Ex1_L3_clmp.fp2_unprd.fq.gz
[2022-04-16 17:14:21,403] multiqc                                            [DEBUG  ]  Ignoring file as matched an ignore pattern: Sfa-CBas_014_Ex1_L3_clmp.fp2_fail.fq.gz
[2022-04-16 17:14:21,403] multiqc                                            [DEBUG  ]  Ignoring file as matched an ignore pattern: Sfa-CBas_027_Ex1_L3_clmp.fp2_unprd.fq.gz
[2022-04-16 17:14:21,404] multiqc                                            [DEBUG  ]  Ignoring file as matched an ignore pattern: Sfa-CBas_016_Ex1_L3_clmp.fp2_fail.fq.gz
[2022-04-16 17:14:21,404] multiqc                                            [DEBUG  ]  Ignoring file as matched an ignore pattern: Sfa-CBas_046_Ex1_L3_clmp.fp2_unprd.fq.gz
[2022-04-16 17:14:21,857] multiqc.plots.bargraph                             [DEBUG  ]  Using matplotlib version 3.1.2
[2022-04-16 17:14:21,858] multiqc.plots.linegraph                            [DEBUG  ]  Using matplotlib version 3.1.2
[2022-04-16 17:14:21,859] multiqc                                            [DEBUG  ]  No samples found: custom_content
[2022-04-16 17:14:21,864] multiqc                                            [DEBUG  ]  No samples found: conpair
[2022-04-16 17:14:21,868] multiqc                                            [DEBUG  ]  No samples found: peddy
[2022-04-16 17:14:21,873] multiqc                                            [DEBUG  ]  No samples found: somalier
[2022-04-16 17:14:21,877] multiqc                                            [DEBUG  ]  No samples found: methylQA
[2022-04-16 17:14:21,884] multiqc                                            [DEBUG  ]  No samples found: mosdepth
[2022-04-16 17:14:21,888] multiqc                                            [DEBUG  ]  No samples found: phantompeakqualtools
[2022-04-16 17:14:21,891] multiqc                                            [DEBUG  ]  No samples found: qualimap
[2022-04-16 17:14:21,896] multiqc                                            [DEBUG  ]  No samples found: preseq
[2022-04-16 17:14:21,900] multiqc                                            [DEBUG  ]  No samples found: quast
[2022-04-16 17:14:21,904] multiqc                                            [DEBUG  ]  No samples found: qorts
[2022-04-16 17:14:21,907] multiqc                                            [DEBUG  ]  No samples found: rna_seqc
[2022-04-16 17:14:21,911] multiqc                                            [DEBUG  ]  No samples found: rockhopper
[2022-04-16 17:14:21,915] multiqc                                            [DEBUG  ]  No samples found: rsem
[2022-04-16 17:14:21,920] multiqc                                            [DEBUG  ]  No samples found: rseqc
[2022-04-16 17:14:21,924] multiqc                                            [DEBUG  ]  No samples found: busco
[2022-04-16 17:14:21,934] multiqc                                            [DEBUG  ]  No samples found: goleft_indexcov
[2022-04-16 17:14:21,942] multiqc                                            [DEBUG  ]  No samples found: disambiguate
[2022-04-16 17:14:21,947] multiqc                                            [DEBUG  ]  No samples found: supernova
[2022-04-16 17:14:21,954] multiqc                                            [DEBUG  ]  No samples found: deeptools
[2022-04-16 17:14:21,958] multiqc                                            [DEBUG  ]  No samples found: sargasso
[2022-04-16 17:14:21,963] multiqc                                            [DEBUG  ]  No samples found: verifybamid
[2022-04-16 17:14:21,967] multiqc                                            [DEBUG  ]  No samples found: mirtrace
[2022-04-16 17:14:21,972] multiqc                                            [DEBUG  ]  No samples found: happy
[2022-04-16 17:14:21,977] multiqc                                            [DEBUG  ]  No samples found: mirtop
[2022-04-16 17:14:21,982] multiqc                                            [DEBUG  ]  No samples found: homer
[2022-04-16 17:14:21,985] multiqc                                            [DEBUG  ]  No samples found: macs2
[2022-04-16 17:14:21,989] multiqc                                            [DEBUG  ]  No samples found: theta2
[2022-04-16 17:14:21,993] multiqc                                            [DEBUG  ]  No samples found: snpeff
[2022-04-16 17:14:21,999] multiqc                                            [DEBUG  ]  No samples found: gatk
[2022-04-16 17:14:22,003] multiqc                                            [DEBUG  ]  No samples found: htseq
[2022-04-16 17:14:22,007] multiqc                                            [DEBUG  ]  No samples found: bcftools
[2022-04-16 17:14:22,012] multiqc                                            [DEBUG  ]  No samples found: featureCounts
[2022-04-16 17:14:22,016] multiqc                                            [DEBUG  ]  No samples found: fgbio
[2022-04-16 17:14:22,023] multiqc                                            [DEBUG  ]  No samples found: dragen
[2022-04-16 17:14:22,027] multiqc                                            [DEBUG  ]  No samples found: dedup
[2022-04-16 17:14:22,031] multiqc                                            [DEBUG  ]  No samples found: damageprofiler
[2022-04-16 17:14:22,043] multiqc                                            [DEBUG  ]  No samples found: biobambam2
[2022-04-16 17:14:22,046] multiqc                                            [DEBUG  ]  No samples found: mtnucratio
[2022-04-16 17:14:22,049] multiqc                                            [DEBUG  ]  No samples found: picard
[2022-04-16 17:14:22,053] multiqc                                            [DEBUG  ]  No samples found: prokka
[2022-04-16 17:14:22,057] multiqc                                            [DEBUG  ]  No samples found: samblaster
[2022-04-16 17:14:22,062] multiqc                                            [DEBUG  ]  No samples found: samtools
[2022-04-16 17:14:22,066] multiqc                                            [DEBUG  ]  No samples found: sexdeterrmine
[2022-04-16 17:14:22,071] multiqc                                            [DEBUG  ]  No samples found: bamtools
[2022-04-16 17:14:22,075] multiqc                                            [DEBUG  ]  No samples found: jellyfish
[2022-04-16 17:14:22,080] multiqc                                            [DEBUG  ]  No samples found: vcftools
[2022-04-16 17:14:22,084] multiqc                                            [DEBUG  ]  No samples found: longranger
[2022-04-16 17:14:22,089] multiqc                                            [DEBUG  ]  No samples found: stacks
[2022-04-16 17:14:22,093] multiqc                                            [DEBUG  ]  No samples found: varscan2
[2022-04-16 17:14:22,099] multiqc                                            [DEBUG  ]  No samples found: bbmap
[2022-04-16 17:14:22,104] multiqc                                            [DEBUG  ]  No samples found: bismark
[2022-04-16 17:14:22,109] multiqc                                            [DEBUG  ]  No samples found: biscuit
[2022-04-16 17:14:22,113] multiqc                                            [DEBUG  ]  No samples found: hicexplorer
[2022-04-16 17:14:22,117] multiqc                                            [DEBUG  ]  No samples found: hicup
[2022-04-16 17:14:22,120] multiqc                                            [DEBUG  ]  No samples found: hicpro
[2022-04-16 17:14:22,124] multiqc                                            [DEBUG  ]  No samples found: salmon
[2022-04-16 17:14:22,128] multiqc                                            [DEBUG  ]  No samples found: kallisto
[2022-04-16 17:14:22,132] multiqc                                            [DEBUG  ]  No samples found: slamdunk
[2022-04-16 17:14:22,136] multiqc                                            [DEBUG  ]  No samples found: star
[2022-04-16 17:14:22,140] multiqc                                            [DEBUG  ]  No samples found: hisat2
[2022-04-16 17:14:22,144] multiqc                                            [DEBUG  ]  No samples found: tophat
[2022-04-16 17:14:22,148] multiqc                                            [DEBUG  ]  No samples found: bowtie2
[2022-04-16 17:14:22,151] multiqc                                            [DEBUG  ]  No samples found: bowtie1
[2022-04-16 17:14:22,155] multiqc                                            [DEBUG  ]  No samples found: snpsplit
[2022-04-16 17:14:22,159] multiqc                                            [DEBUG  ]  No samples found: kat
[2022-04-16 17:14:22,163] multiqc                                            [DEBUG  ]  No samples found: leehom
[2022-04-16 17:14:22,167] multiqc                                            [DEBUG  ]  No samples found: adapterRemoval
[2022-04-16 17:14:22,171] multiqc                                            [DEBUG  ]  No samples found: clipandmerge
[2022-04-16 17:14:22,176] multiqc                                            [DEBUG  ]  No samples found: cutadapt
[2022-04-16 17:14:22,180] multiqc                                            [DEBUG  ]  No samples found: flexbar
[2022-04-16 17:14:22,185] multiqc                                            [DEBUG  ]  No samples found: kaiju
[2022-04-16 17:14:22,188] multiqc                                            [DEBUG  ]  No samples found: kraken
[2022-04-16 17:14:22,192] multiqc                                            [DEBUG  ]  No samples found: malt
[2022-04-16 17:14:22,196] multiqc                                            [DEBUG  ]  No samples found: trimmomatic
[2022-04-16 17:14:22,200] multiqc                                            [DEBUG  ]  No samples found: sickle
[2022-04-16 17:14:22,203] multiqc                                            [DEBUG  ]  No samples found: skewer
[2022-04-16 17:14:22,207] multiqc                                            [DEBUG  ]  No samples found: sortmerna
[2022-04-16 17:14:22,211] multiqc                                            [DEBUG  ]  No samples found: biobloomtools
[2022-04-16 17:14:22,216] multiqc                                            [DEBUG  ]  No samples found: fastq_screen
[2022-04-16 17:14:22,220] multiqc                                            [DEBUG  ]  No samples found: afterqc
[2022-04-16 17:14:22,618] multiqc.modules.fastp.fastp                        [INFO   ]  Found 81 reports
[2022-04-16 17:14:23,090] multiqc                                            [DEBUG  ]  No samples found: fastqc
[2022-04-16 17:14:23,094] multiqc                                            [DEBUG  ]  No samples found: pycoqc
[2022-04-16 17:14:23,098] multiqc                                            [DEBUG  ]  No samples found: minionqc
[2022-04-16 17:14:23,103] multiqc                                            [DEBUG  ]  No samples found: multivcfanalyzer
[2022-04-16 17:14:23,108] multiqc                                            [DEBUG  ]  No samples found: clusterflow
[2022-04-16 17:14:23,112] multiqc                                            [DEBUG  ]  No samples found: bcl2fastq
[2022-04-16 17:14:23,116] multiqc                                            [DEBUG  ]  No samples found: interop
[2022-04-16 17:14:23,119] multiqc                                            [DEBUG  ]  No samples found: ivar
[2022-04-16 17:14:23,124] multiqc                                            [DEBUG  ]  No samples found: flash
[2022-04-16 17:14:23,128] multiqc                                            [DEBUG  ]  No samples found: seqyclean
[2022-04-16 17:14:23,262] multiqc                                            [INFO   ]  Compressing plot data
[2022-04-16 17:14:30,784] multiqc                                            [WARNING]  Previous MultiQC output found! Adjusting filenames..
[2022-04-16 17:14:30,784] multiqc                                            [WARNING]  Use -f or --force to overwrite existing reports instead
[2022-04-16 17:14:30,785] multiqc                                            [INFO   ]  Report      : fq_fp1_clmparray_fp2/2nd_fastp_report_1.html
[2022-04-16 17:14:30,785] multiqc                                            [INFO   ]  Data        : 2nd_fastp_report_data_1
[2022-04-16 17:14:30,785] multiqc                                            [DEBUG  ]  Moving data file from '/tmp/tmp3aowoisg/multiqc_data' to '/home/e1garcia/shotgun_PIRE/pire_ssl_data_processing/salarias_fasciatus_lcwgs/2nd_fastp_report_data_1'
[2022-04-16 17:14:31,634] multiqc                                            [INFO   ]  MultiQC complete
