[2023-07-26 12:48:05,791] multiqc                                            [DEBUG  ]  This is MultiQC v1.13
[2023-07-26 12:48:05,794] multiqc                                            [DEBUG  ]  Found command line config: {'max_table_rows': 3000}
[2023-07-26 12:48:05,794] multiqc                                            [DEBUG  ]  New config: {'max_table_rows': 3000}
[2023-07-26 12:48:05,794] multiqc                                            [DEBUG  ]  Command used: /opt/conda/bin/multiqc -v -p -ip -f --data-dir --data-format tsv --cl-config max_table_rows: 3000 --filename 1st_fastp_report --outdir fq_fp1 fq_fp1
[2023-07-26 12:48:06,022] multiqc                                            [WARNING]  MultiQC Version v1.14 now available!
[2023-07-26 12:48:06,022] multiqc                                            [DEBUG  ]  Working dir : /home/e1garcia/shotgun_PIRE/pire_lcwgs_data_processing/dascyllus_aruanus/1st_sequencing_run
[2023-07-26 12:48:06,022] multiqc                                            [DEBUG  ]  Template    : default
[2023-07-26 12:48:06,022] multiqc                                            [DEBUG  ]  Running Python 3.9.12 (main, Aug 29 2022, 00:54:58)  [GCC 11.2.0]
[2023-07-26 12:48:06,023] multiqc                                            [DEBUG  ]  Analysing modules: custom_content, ccs, ngsderive, purple, conpair, lima, peddy, somalier, methylQA, mosdepth, phantompeakqualtools, qualimap, preseq, quast, qorts, rna_seqc, rockhopper, rsem, rseqc, busco, bustools, goleft_indexcov, gffcompare, disambiguate, supernova, deeptools, sargasso, verifybamid, mirtrace, happy, mirtop, sambamba, homer, hops, macs2, theta2, snpeff, gatk, htseq, bcftools, featureCounts, fgbio, dragen, dedup, pbmarkdup, damageprofiler, biobambam2, jcvi, mtnucratio, picard, vep, sentieon, prokka, qc3C, nanostat, samblaster, samtools, sexdeterrmine, eigenstratdatabasetools, bamtools, jellyfish, vcftools, longranger, stacks, varscan2, snippy, bbmap, bismark, biscuit, hicexplorer, hicup, hicpro, salmon, kallisto, slamdunk, star, hisat2, tophat, bowtie2, bowtie1, snpsplit, odgi, pangolin, kat, leehom, adapterRemoval, clipandmerge, cutadapt, flexbar, kaiju, kraken, malt, trimmomatic, sickle, skewer, sortmerna, biobloomtools, fastq_screen, afterqc, fastp, fastqc, pychopper, pycoqc, minionqc, multivcfanalyzer, clusterflow, checkqc, bcl2fastq, bclconvert, interop, ivar, flash, seqyclean, optitype, whatshap
[2023-07-26 12:48:06,023] multiqc                                            [DEBUG  ]  Using temporary directory for creating report: /tmp/tmp7m6cr0yq
[2023-07-26 12:48:06,223] multiqc                                            [INFO   ]  Search path : /home/e1garcia/shotgun_PIRE/pire_lcwgs_data_processing/dascyllus_aruanus/1st_sequencing_run/fq_fp1
[2023-07-26 12:48:20,286] multiqc                                            [DEBUG  ]  Summary of files that were skipped by the search: [skipped_module_specific_max_filesize: 510] // [skipped_no_match: 425] // [skipped_ignore_pattern: 340]
[2023-07-26 12:48:20,975] multiqc.plots.bargraph                             [DEBUG  ]  Using matplotlib version 3.1.2
[2023-07-26 12:48:20,977] multiqc.plots.linegraph                            [DEBUG  ]  Using matplotlib version 3.1.2
[2023-07-26 12:48:20,980] multiqc                                            [DEBUG  ]  No samples found: custom_content
[2023-07-26 12:48:21,110] multiqc.modules.fastp.fastp                        [DEBUG  ]  No insert size plot data: Dar-CJol_067-Ex1-2E-lcwgs-1-1.fastp.json
[2023-07-26 12:48:21,173] multiqc.modules.fastp.fastp                        [DEBUG  ]  No insert size plot data: Dar-CJol_044-Ex1-5E-lcwgs-1-1.fastp.json
[2023-07-26 12:48:21,225] multiqc.modules.fastp.fastp                        [DEBUG  ]  No insert size plot data: Dar-CJol_024-Ex1-7E-lcwgs-1-1.fastp.json
[2023-07-26 12:48:21,273] multiqc.modules.fastp.fastp                        [DEBUG  ]  No insert size plot data: Dar-CJol_075-Ex1-4E-lcwgs-1-1.fastp.json
[2023-07-26 12:48:21,390] multiqc.modules.fastp.fastp                        [DEBUG  ]  No insert size plot data: Dar-CJol_040-Ex1-1E-lcwgs-1-1.fastp.json
[2023-07-26 12:48:21,419] multiqc.modules.fastp.fastp                        [DEBUG  ]  No insert size plot data: Dar-CJol_086-Ex1-6E-lcwgs-1-1.fastp.json
[2023-07-26 12:48:21,425] multiqc.modules.fastp.fastp                        [INFO   ]  Found 85 reports
[2023-07-26 12:49:00,639] multiqc                                            [INFO   ]  Compressing plot data
[2023-07-26 12:49:07,424] multiqc                                            [INFO   ]  Report      : fq_fp1/1st_fastp_report.html
[2023-07-26 12:49:07,424] multiqc                                            [INFO   ]  Data        : fq_fp1/1st_fastp_report_data
[2023-07-26 12:49:07,424] multiqc                                            [DEBUG  ]  Moving data file from '/tmp/tmp7m6cr0yq/multiqc_data' to 'fq_fp1/1st_fastp_report_data'
[2023-07-26 12:49:08,167] multiqc                                            [INFO   ]  Plots       : fq_fp1/1st_fastp_report_plots
[2023-07-26 12:49:08,167] multiqc                                            [DEBUG  ]  Moving plots directory from '/tmp/tmp7m6cr0yq/multiqc_plots' to 'fq_fp1/1st_fastp_report_plots'
[2023-07-26 12:49:08,624] multiqc                                            [INFO   ]  MultiQC complete
