
*************************************
*                SNeP               *
*               v1.11               *
*      mario.barbato@unicatt.it     *
*************************************

Tue Jul 26 11:31:54 2022

Using distance-LD file
The bin comprising distances between 3499085-4000000 won't be shown as less than 500 values were found
The bin comprising distances between 3047396-3499085 won't be shown as less than 500 values were found
The bin comprising distances between 2641594-3047396 won't be shown as less than 500 values were found
The bin comprising distances between 2278463-2641594 won't be shown as less than 500 values were found
The bin comprising distances between 1954899-2278463 won't be shown as less than 500 values were found
The bin comprising distances between 1667920-1954899 won't be shown as less than 500 values were found
The bin comprising distances between 1414656-1667920 won't be shown as less than 500 values were found
The bin comprising distances between 1192359-1414656 won't be shown as less than 500 values were found
The bin comprising distances between 998394-1192359 won't be shown as less than 500 values were found
The bin comprising distances between 830247-998394 won't be shown as less than 500 values were found
The bin comprising distances between 685515-830247 won't be shown as less than 500 values were found
The bin comprising distances between 561920-685515 won't be shown as less than 500 values were found
The bin comprising distances between 457293-561920 won't be shown as less than 500 values were found
The bin comprising distances between 369589-457293 won't be shown as less than 500 values were found
The bin comprising distances between 296875-369589 won't be shown as less than 500 values were found
The bin comprising distances between 237337-296875 won't be shown as less than 500 values were found
The bin comprising distances between 189278-237337 won't be shown as less than 500 values were found
The bin comprising distances between 151120-189278 won't be shown as less than 500 values were found
The bin comprising distances between 121397-151120 won't be shown as less than 500 values were found


Results saved as: ./Sfa-ABas-CBas_all_final_fltrd_SNeP
Job finished: Tue Jul 26 11:33:40 2022

