Looking to launch executable "/opt/conda/bin/bwa-meme_mode3.avx512bw", simd = _mode3.avx512bw
Launching executable "/opt/conda/bin/bwa-meme_mode3.avx512bw"
-----------------------------
Executing in AVX512 mode!!
-----------------------------
* SA compression enabled with xfactor: 8
* Ref file: reference.ssl.Ppa.fasta
* Entering FMI_search
* Index file found. Loading index from reference.ssl.Ppa.fasta.bwt.2bit.64
* Reference seq len for bi-index = 1956314741
* sentinel-index: 228841287
* Count:
0,	1
1,	582292135
2,	978157371
3,	1374022607
4,	1956314741

* Reading other elements of the index from files reference.ssl.Ppa.fasta
* Index prefix: reference.ssl.Ppa.fasta
* Read 0 ALT contigs
* Done reading Index!!
* Reading reference genome..
* Binary seq file = reference.ssl.Ppa.fasta.0123
* Reference genome size: 1956314740 bp
* Done reading reference genome !!

------------------------------------------
1. Memory pre-allocation for Chaining: 5679.4903 MB
2. Memory pre-allocation for BSW: 9584.6810 MB
3. Memory pre-allocation for BWT: 3092.5670 MB
------------------------------------------
* Threads used (compute): 40
* No. of pipeline threads: 2

[0000] read_chunk: 400000000, work_chunk_size: 166795477, nseq: 1183688
	[0000][ M::kt_pipeline] read 1183688 sequences (166795477 bp)...
[0000] Calling mem_process_seqs.., task: 0
[0000] 1. Calling kt_for - worker_bwt
[0000] read_chunk: 400000000, work_chunk_size: 0, nseq: 0
[0000] 2. Calling kt_for - worker_aln
[0000] Inferring insert size distribution of PE reads from data, l_pac: 978157370, n: 1183688
[0000][PE] # candidate unique pairs for (FF, FR, RF, RR): (190, 425229, 42, 164)
[0000][PE] analyzing insert size distribution for orientation FF...
[0000][PE] (25, 50, 75) percentile: (87, 123, 191)
[0000][PE] low and high boundaries for computing mean and std.dev: (1, 399)
[0000][PE] mean and std.dev: (134.87, 69.90)
[0000][PE] low and high boundaries for proper pairs: (1, 503)
[0000][PE] analyzing insert size distribution for orientation FR...
[0000][PE] (25, 50, 75) percentile: (170, 222, 279)
[0000][PE] low and high boundaries for computing mean and std.dev: (1, 497)
[0000][PE] mean and std.dev: (224.10, 75.65)
[0000][PE] low and high boundaries for proper pairs: (1, 606)
[0000][PE] analyzing insert size distribution for orientation RF...
[0000][PE] (25, 50, 75) percentile: (21, 89, 171)
[0000][PE] low and high boundaries for computing mean and std.dev: (1, 471)
[0000][PE] mean and std.dev: (105.59, 104.18)
[0000][PE] low and high boundaries for proper pairs: (1, 621)
[0000][PE] analyzing insert size distribution for orientation RR...
[0000][PE] (25, 50, 75) percentile: (86, 127, 192)
[0000][PE] low and high boundaries for computing mean and std.dev: (1, 404)
[0000][PE] mean and std.dev: (127.60, 60.28)
[0000][PE] low and high boundaries for proper pairs: (1, 510)
[0000][PE] skip orientation FF
[0000][PE] skip orientation RF
[0000][PE] skip orientation RR
[0000] 3. Calling kt_for - worker_sam
	[0000][ M::mem_process_seqs] Processed 1183688 reads in 503.704 CPU sec, 13.290 real sec
[0000] read_chunk: 400000000, work_chunk_size: 0, nseq: 0
[0000] Computation ends..
No. of OMP threads: 40
Processor is running @2394.610176 MHz
Runtime profile:

	Time taken for main_mem function: 28.63 sec

	IO times (sec) :
	Reading IO time (reads) avg: 3.85, (3.85, 3.85)
	Writing IO time (SAM) avg: 2.44, (2.44, 2.44)
	Reading IO time (Reference Genome) avg: 1.11, (1.11, 1.11)
	Index read time avg: 2.78, (2.78, 2.78)

	Overall time (sec) (Excluding Index reading time):
	PROCESS() (Total compute time + (read + SAM) IO time) : 23.56
	MEM_PROCESS_SEQ() (Total compute time (Kernel + SAM)), avg: 13.29, (13.29, 13.29)

	 SAM Processing time (sec):
	--WORKER_SAM avg: 3.22, (3.22, 3.22)

	Kernels' compute time (sec):
	Total kernel (smem+sal+bsw) time avg: 9.93, (9.93, 9.93)
		MEM_ALN_CHAIN_FLT avg: 0.00, (0.00, 0.00)
		MEM_ALN_CHAIN_SEED avg: 0.00, (0.00, 0.00)
		ERT_SEED_CHAIN avg: 0.00, (0.00, 0.00)
	LEARNED_SEED_CHAIN avg: 0.00, (0.00, 0.00)
		SMEM compute avg: 4.74, (4.95, 4.59)
		SAL compute avg: 1.58, (1.71, 1.41)
				MEM_SA avg: 0.82, (0.93, 0.67)

		BSW time, avg: 3.04, (3.10, 3.02)

Important parameter settings: 
	BATCH_SIZE: 512
	MAX_SEQ_LEN_REF: 256
	MAX_SEQ_LEN_QER: 128
	MAX_SEQ_LEN8: 128
	SEEDS_PER_READ: 500
	SIMD_WIDTH8 X: 64
	SIMD_WIDTH16 X: 32
	AVG_SEEDS_PER_READ: 64
