Looking to launch executable "/opt/conda/bin/bwa-meme_mode3.avx512bw", simd = _mode3.avx512bw
Launching executable "/opt/conda/bin/bwa-meme_mode3.avx512bw"
-----------------------------
Executing in AVX512 mode!!
-----------------------------
* SA compression enabled with xfactor: 8
* Ref file: reference.ssl.Ppa.fasta
* Entering FMI_search
* Index file found. Loading index from reference.ssl.Ppa.fasta.bwt.2bit.64
* Reference seq len for bi-index = 1956314741
* sentinel-index: 228841287
* Count:
0,	1
1,	582292135
2,	978157371
3,	1374022607
4,	1956314741

* Reading other elements of the index from files reference.ssl.Ppa.fasta
* Index prefix: reference.ssl.Ppa.fasta
* Read 0 ALT contigs
* Done reading Index!!
* Reading reference genome..
* Binary seq file = reference.ssl.Ppa.fasta.0123
* Reference genome size: 1956314740 bp
* Done reading reference genome !!

------------------------------------------
1. Memory pre-allocation for Chaining: 5679.4903 MB
2. Memory pre-allocation for BSW: 9584.6810 MB
3. Memory pre-allocation for BWT: 3092.5670 MB
------------------------------------------
* Threads used (compute): 40
* No. of pipeline threads: 2

[0000] read_chunk: 400000000, work_chunk_size: 400000003, nseq: 2854608
	[0000][ M::kt_pipeline] read 2854608 sequences (400000003 bp)...
[0000] Reallocating initial memory allocations!!
[0000] Calling mem_process_seqs.., task: 0
[0000] 1. Calling kt_for - worker_bwt
[0000] read_chunk: 400000000, work_chunk_size: 400000002, nseq: 2849664
	[0000][ M::kt_pipeline] read 2849664 sequences (400000002 bp)...
[0000] 2. Calling kt_for - worker_aln
[0000] Inferring insert size distribution of PE reads from data, l_pac: 978157370, n: 2854608
[0000][PE] # candidate unique pairs for (FF, FR, RF, RR): (480, 1024332, 239, 490)
[0000][PE] analyzing insert size distribution for orientation FF...
[0000][PE] (25, 50, 75) percentile: (89, 135, 201)
[0000][PE] low and high boundaries for computing mean and std.dev: (1, 425)
[0000][PE] mean and std.dev: (143.39, 74.62)
[0000][PE] low and high boundaries for proper pairs: (1, 537)
[0000][PE] analyzing insert size distribution for orientation FR...
[0000][PE] (25, 50, 75) percentile: (166, 217, 274)
[0000][PE] low and high boundaries for computing mean and std.dev: (1, 490)
[0000][PE] mean and std.dev: (219.40, 76.32)
[0000][PE] low and high boundaries for proper pairs: (1, 598)
[0000][PE] analyzing insert size distribution for orientation RF...
[0000][PE] (25, 50, 75) percentile: (39, 92, 166)
[0000][PE] low and high boundaries for computing mean and std.dev: (1, 420)
[0000][PE] mean and std.dev: (98.45, 86.38)
[0000][PE] low and high boundaries for proper pairs: (1, 547)
[0000][PE] analyzing insert size distribution for orientation RR...
[0000][PE] (25, 50, 75) percentile: (89, 139, 198)
[0000][PE] low and high boundaries for computing mean and std.dev: (1, 416)
[0000][PE] mean and std.dev: (147.49, 76.44)
[0000][PE] low and high boundaries for proper pairs: (1, 525)
[0000][PE] skip orientation FF
[0000][PE] skip orientation RF
[0000][PE] skip orientation RR
[0000] 3. Calling kt_for - worker_sam
	[0000][ M::mem_process_seqs] Processed 2854608 reads in 1114.344 CPU sec, 30.084 real sec
[0000] Calling mem_process_seqs.., task: 1
[0000] 1. Calling kt_for - worker_bwt
[0000] read_chunk: 400000000, work_chunk_size: 400000008, nseq: 2854842
	[0000][ M::kt_pipeline] read 2854842 sequences (400000008 bp)...
[0000] 2. Calling kt_for - worker_aln
[0000] Inferring insert size distribution of PE reads from data, l_pac: 978157370, n: 2849664
[0000][PE] # candidate unique pairs for (FF, FR, RF, RR): (432, 1000789, 189, 501)
[0000][PE] analyzing insert size distribution for orientation FF...
[0000][PE] (25, 50, 75) percentile: (88, 136, 209)
[0000][PE] low and high boundaries for computing mean and std.dev: (1, 451)
[0000][PE] mean and std.dev: (149.02, 81.51)
[0000][PE] low and high boundaries for proper pairs: (1, 572)
[0000][PE] analyzing insert size distribution for orientation FR...
[0000][PE] (25, 50, 75) percentile: (167, 217, 274)
[0000][PE] low and high boundaries for computing mean and std.dev: (1, 488)
[0000][PE] mean and std.dev: (219.71, 76.23)
[0000][PE] low and high boundaries for proper pairs: (1, 595)
[0000][PE] analyzing insert size distribution for orientation RF...
[0000][PE] (25, 50, 75) percentile: (52, 92, 206)
[0000][PE] low and high boundaries for computing mean and std.dev: (1, 514)
[0000][PE] mean and std.dev: (115.86, 107.22)
[0000][PE] low and high boundaries for proper pairs: (1, 668)
[0000][PE] analyzing insert size distribution for orientation RR...
[0000][PE] (25, 50, 75) percentile: (83, 124, 182)
[0000][PE] low and high boundaries for computing mean and std.dev: (1, 380)
[0000][PE] mean and std.dev: (136.87, 70.28)
[0000][PE] low and high boundaries for proper pairs: (1, 479)
[0000][PE] skip orientation FF
[0000][PE] skip orientation RF
[0000][PE] skip orientation RR
[0000] 3. Calling kt_for - worker_sam
	[0000][ M::mem_process_seqs] Processed 2849664 reads in 1181.728 CPU sec, 31.873 real sec
[0000] Reallocating initial memory allocations!!
[0000] Calling mem_process_seqs.., task: 2
[0000] 1. Calling kt_for - worker_bwt
[0000] read_chunk: 400000000, work_chunk_size: 248411261, nseq: 1773466
	[0000][ M::kt_pipeline] read 1773466 sequences (248411261 bp)...
[0000] 2. Calling kt_for - worker_aln
[0000] Inferring insert size distribution of PE reads from data, l_pac: 978157370, n: 2854842
[0000][PE] # candidate unique pairs for (FF, FR, RF, RR): (430, 1033238, 222, 510)
[0000][PE] analyzing insert size distribution for orientation FF...
[0000][PE] (25, 50, 75) percentile: (96, 132, 192)
[0000][PE] low and high boundaries for computing mean and std.dev: (1, 384)
[0000][PE] mean and std.dev: (141.81, 68.20)
[0000][PE] low and high boundaries for proper pairs: (1, 480)
[0000][PE] analyzing insert size distribution for orientation FR...
[0000][PE] (25, 50, 75) percentile: (166, 217, 274)
[0000][PE] low and high boundaries for computing mean and std.dev: (1, 490)
[0000][PE] mean and std.dev: (219.70, 76.34)
[0000][PE] low and high boundaries for proper pairs: (1, 598)
[0000][PE] analyzing insert size distribution for orientation RF...
[0000][PE] (25, 50, 75) percentile: (39, 101, 187)
[0000][PE] low and high boundaries for computing mean and std.dev: (1, 483)
[0000][PE] mean and std.dev: (119.39, 116.53)
[0000][PE] low and high boundaries for proper pairs: (1, 631)
[0000][PE] analyzing insert size distribution for orientation RR...
[0000][PE] (25, 50, 75) percentile: (87, 131, 182)
[0000][PE] low and high boundaries for computing mean and std.dev: (1, 372)
[0000][PE] mean and std.dev: (138.17, 72.64)
[0000][PE] low and high boundaries for proper pairs: (1, 467)
[0000][PE] skip orientation FF
[0000][PE] skip orientation RF
[0000][PE] skip orientation RR
[0000] 3. Calling kt_for - worker_sam
	[0000][ M::mem_process_seqs] Processed 2854842 reads in 1031.777 CPU sec, 27.157 real sec
[0000] Calling mem_process_seqs.., task: 3
[0000] 1. Calling kt_for - worker_bwt
[0000] 2. Calling kt_for - worker_aln
[0000] Inferring insert size distribution of PE reads from data, l_pac: 978157370, n: 1773466
[0000][PE] # candidate unique pairs for (FF, FR, RF, RR): (279, 637990, 144, 270)
[0000][PE] analyzing insert size distribution for orientation FF...
[0000][PE] (25, 50, 75) percentile: (89, 137, 193)
[0000][PE] low and high boundaries for computing mean and std.dev: (1, 401)
[0000][PE] mean and std.dev: (140.45, 75.87)
[0000][PE] low and high boundaries for proper pairs: (1, 505)
[0000][PE] analyzing insert size distribution for orientation FR...
[0000][PE] (25, 50, 75) percentile: (166, 217, 274)
[0000][PE] low and high boundaries for computing mean and std.dev: (1, 490)
[0000][PE] mean and std.dev: (219.48, 76.31)
[0000][PE] low and high boundaries for proper pairs: (1, 598)
[0000][PE] analyzing insert size distribution for orientation RF...
[0000][PE] (25, 50, 75) percentile: (41, 90, 151)
[0000][PE] low and high boundaries for computing mean and std.dev: (1, 371)
[0000][PE] mean and std.dev: (90.60, 76.28)
[0000][PE] low and high boundaries for proper pairs: (1, 481)
[0000][PE] analyzing insert size distribution for orientation RR...
[0000][PE] (25, 50, 75) percentile: (88, 134, 188)
[0000][PE] low and high boundaries for computing mean and std.dev: (1, 388)
[0000][PE] mean and std.dev: (139.80, 68.09)
[0000][PE] low and high boundaries for proper pairs: (1, 488)
[0000][PE] skip orientation FF
[0000][PE] skip orientation RF
[0000][PE] skip orientation RR
[0000] 3. Calling kt_for - worker_sam
[0000] read_chunk: 400000000, work_chunk_size: 0, nseq: 0
	[0000][ M::mem_process_seqs] Processed 1773466 reads in 684.375 CPU sec, 18.521 real sec
[0000] read_chunk: 400000000, work_chunk_size: 0, nseq: 0
[0000] Computation ends..
No. of OMP threads: 40
Processor is running @2394.660312 MHz
Runtime profile:

	Time taken for main_mem function: 137.38 sec

	IO times (sec) :
	Reading IO time (reads) avg: 35.92, (35.92, 35.92)
	Writing IO time (SAM) avg: 29.65, (29.65, 29.65)
	Reading IO time (Reference Genome) avg: 1.17, (1.17, 1.17)
	Index read time avg: 2.83, (2.83, 2.83)

	Overall time (sec) (Excluding Index reading time):
	PROCESS() (Total compute time + (read + SAM) IO time) : 132.16
	MEM_PROCESS_SEQ() (Total compute time (Kernel + SAM)), avg: 107.62, (107.62, 107.62)

	 SAM Processing time (sec):
	--WORKER_SAM avg: 25.41, (25.41, 25.41)

	Kernels' compute time (sec):
	Total kernel (smem+sal+bsw) time avg: 79.01, (79.01, 79.01)
		MEM_ALN_CHAIN_FLT avg: 0.00, (0.00, 0.00)
		MEM_ALN_CHAIN_SEED avg: 0.00, (0.00, 0.00)
		ERT_SEED_CHAIN avg: 0.00, (0.00, 0.00)
	LEARNED_SEED_CHAIN avg: 0.00, (0.00, 0.00)
		SMEM compute avg: 37.20, (37.78, 36.66)
		SAL compute avg: 12.92, (13.18, 12.67)
				MEM_SA avg: 5.71, (5.92, 5.49)

		BSW time, avg: 25.04, (25.22, 24.92)

Important parameter settings: 
	BATCH_SIZE: 512
	MAX_SEQ_LEN_REF: 256
	MAX_SEQ_LEN_QER: 128
	MAX_SEQ_LEN8: 128
	SEEDS_PER_READ: 500
	SIMD_WIDTH8 X: 64
	SIMD_WIDTH16 X: 32
	AVG_SEEDS_PER_READ: 64
