Looking to launch executable "/opt/conda/bin/bwa-meme_mode3.avx512bw", simd = _mode3.avx512bw
Launching executable "/opt/conda/bin/bwa-meme_mode3.avx512bw"
-----------------------------
Executing in AVX512 mode!!
-----------------------------
* SA compression enabled with xfactor: 8
* Ref file: reference.ssl.Ppa.fasta
* Entering FMI_search
* Index file found. Loading index from reference.ssl.Ppa.fasta.bwt.2bit.64
* Reference seq len for bi-index = 1956314741
* sentinel-index: 228841287
* Count:
0,	1
1,	582292135
2,	978157371
3,	1374022607
4,	1956314741

* Reading other elements of the index from files reference.ssl.Ppa.fasta
* Index prefix: reference.ssl.Ppa.fasta
* Read 0 ALT contigs
* Done reading Index!!
* Reading reference genome..
* Binary seq file = reference.ssl.Ppa.fasta.0123
* Reference genome size: 1956314740 bp
* Done reading reference genome !!

------------------------------------------
1. Memory pre-allocation for Chaining: 5679.4903 MB
2. Memory pre-allocation for BSW: 9584.6810 MB
3. Memory pre-allocation for BWT: 3092.5670 MB
------------------------------------------
* Threads used (compute): 40
* No. of pipeline threads: 2

[0000] read_chunk: 400000000, work_chunk_size: 28605869, nseq: 211764
	[0000][ M::kt_pipeline] read 211764 sequences (28605869 bp)...
[0000] Calling mem_process_seqs.., task: 0
[0000] 1. Calling kt_for - worker_bwt
[0000] read_chunk: 400000000, work_chunk_size: 0, nseq: 0
[0000] 2. Calling kt_for - worker_aln
[0000] Inferring insert size distribution of PE reads from data, l_pac: 978157370, n: 211764
[0000][PE] # candidate unique pairs for (FF, FR, RF, RR): (19, 49741, 4, 19)
[0000][PE] analyzing insert size distribution for orientation FF...
[0000][PE] (25, 50, 75) percentile: (98, 134, 201)
[0000][PE] low and high boundaries for computing mean and std.dev: (1, 407)
[0000][PE] mean and std.dev: (129.06, 59.99)
[0000][PE] low and high boundaries for proper pairs: (1, 510)
[0000][PE] analyzing insert size distribution for orientation FR...
[0000][PE] (25, 50, 75) percentile: (134, 192, 253)
[0000][PE] low and high boundaries for computing mean and std.dev: (1, 491)
[0000][PE] mean and std.dev: (195.65, 82.27)
[0000][PE] low and high boundaries for proper pairs: (1, 610)
[0000][PE] skip orientation RF as there are not enough pairs
[0000][PE] analyzing insert size distribution for orientation RR...
[0000][PE] (25, 50, 75) percentile: (81, 110, 145)
[0000][PE] low and high boundaries for computing mean and std.dev: (1, 273)
[0000][PE] mean and std.dev: (119.11, 56.58)
[0000][PE] low and high boundaries for proper pairs: (1, 345)
[0000][PE] skip orientation FF
[0000][PE] skip orientation RR
[0000] 3. Calling kt_for - worker_sam
	[0000][ M::mem_process_seqs] Processed 211764 reads in 87.206 CPU sec, 2.480 real sec
[0000] read_chunk: 400000000, work_chunk_size: 0, nseq: 0
[0000] Computation ends..
No. of OMP threads: 40
Processor is running @2394.689236 MHz
Runtime profile:

	Time taken for main_mem function: 13.13 sec

	IO times (sec) :
	Reading IO time (reads) avg: 0.66, (0.66, 0.66)
	Writing IO time (SAM) avg: 1.29, (1.29, 1.29)
	Reading IO time (Reference Genome) avg: 1.11, (1.11, 1.11)
	Index read time avg: 2.81, (2.81, 2.81)

	Overall time (sec) (Excluding Index reading time):
	PROCESS() (Total compute time + (read + SAM) IO time) : 8.25
	MEM_PROCESS_SEQ() (Total compute time (Kernel + SAM)), avg: 2.48, (2.48, 2.48)

	 SAM Processing time (sec):
	--WORKER_SAM avg: 0.44, (0.44, 0.44)

	Kernels' compute time (sec):
	Total kernel (smem+sal+bsw) time avg: 2.02, (2.02, 2.02)
		MEM_ALN_CHAIN_FLT avg: 0.00, (0.00, 0.00)
		MEM_ALN_CHAIN_SEED avg: 0.00, (0.00, 0.00)
		ERT_SEED_CHAIN avg: 0.00, (0.00, 0.00)
	LEARNED_SEED_CHAIN avg: 0.00, (0.00, 0.00)
		SMEM compute avg: 1.18, (1.27, 1.09)
		SAL compute avg: 0.24, (0.30, 0.21)
				MEM_SA avg: 0.12, (0.15, 0.11)

		BSW time, avg: 0.37, (0.44, 0.35)

Important parameter settings: 
	BATCH_SIZE: 512
	MAX_SEQ_LEN_REF: 256
	MAX_SEQ_LEN_QER: 128
	MAX_SEQ_LEN8: 128
	SEEDS_PER_READ: 500
	SIMD_WIDTH8 X: 64
	SIMD_WIDTH16 X: 32
	AVG_SEEDS_PER_READ: 64
