Looking to launch executable "/opt/conda/bin/bwa-meme_mode3.avx512bw", simd = _mode3.avx512bw
Launching executable "/opt/conda/bin/bwa-meme_mode3.avx512bw"
-----------------------------
Executing in AVX512 mode!!
-----------------------------
* SA compression enabled with xfactor: 8
* Ref file: reference.ssl.Ppa.fasta
* Entering FMI_search
* Index file found. Loading index from reference.ssl.Ppa.fasta.bwt.2bit.64
* Reference seq len for bi-index = 1956314741
* sentinel-index: 228841287
* Count:
0,	1
1,	582292135
2,	978157371
3,	1374022607
4,	1956314741

* Reading other elements of the index from files reference.ssl.Ppa.fasta
* Index prefix: reference.ssl.Ppa.fasta
* Read 0 ALT contigs
* Done reading Index!!
* Reading reference genome..
* Binary seq file = reference.ssl.Ppa.fasta.0123
* Reference genome size: 1956314740 bp
* Done reading reference genome !!

------------------------------------------
1. Memory pre-allocation for Chaining: 5679.4903 MB
2. Memory pre-allocation for BSW: 9584.6810 MB
3. Memory pre-allocation for BWT: 3092.5670 MB
------------------------------------------
* Threads used (compute): 40
* No. of pipeline threads: 2

[0000] read_chunk: 400000000, work_chunk_size: 240804832, nseq: 1691372
	[0000][ M::kt_pipeline] read 1691372 sequences (240804832 bp)...
[0000] Calling mem_process_seqs.., task: 0
[0000] 1. Calling kt_for - worker_bwt
[0000] read_chunk: 400000000, work_chunk_size: 0, nseq: 0
[0000] 2. Calling kt_for - worker_aln
[0000] Inferring insert size distribution of PE reads from data, l_pac: 978157370, n: 1691372
[0000][PE] # candidate unique pairs for (FF, FR, RF, RR): (264, 608885, 89, 230)
[0000][PE] analyzing insert size distribution for orientation FF...
[0000][PE] (25, 50, 75) percentile: (98, 149, 196)
[0000][PE] low and high boundaries for computing mean and std.dev: (1, 392)
[0000][PE] mean and std.dev: (148.67, 62.95)
[0000][PE] low and high boundaries for proper pairs: (1, 490)
[0000][PE] analyzing insert size distribution for orientation FR...
[0000][PE] (25, 50, 75) percentile: (177, 226, 281)
[0000][PE] low and high boundaries for computing mean and std.dev: (1, 489)
[0000][PE] mean and std.dev: (229.00, 73.09)
[0000][PE] low and high boundaries for proper pairs: (1, 593)
[0000][PE] analyzing insert size distribution for orientation RF...
[0000][PE] (25, 50, 75) percentile: (39, 82, 296)
[0000][PE] low and high boundaries for computing mean and std.dev: (1, 810)
[0000][PE] mean and std.dev: (154.19, 181.77)
[0000][PE] low and high boundaries for proper pairs: (1, 1067)
[0000][PE] analyzing insert size distribution for orientation RR...
[0000][PE] (25, 50, 75) percentile: (95, 148, 210)
[0000][PE] low and high boundaries for computing mean and std.dev: (1, 440)
[0000][PE] mean and std.dev: (159.13, 82.35)
[0000][PE] low and high boundaries for proper pairs: (1, 555)
[0000][PE] skip orientation FF
[0000][PE] skip orientation RF
[0000][PE] skip orientation RR
[0000] 3. Calling kt_for - worker_sam
	[0000][ M::mem_process_seqs] Processed 1691372 reads in 697.030 CPU sec, 18.293 real sec
[0000] read_chunk: 400000000, work_chunk_size: 0, nseq: 0
[0000] Computation ends..
No. of OMP threads: 40
Processor is running @2394.600028 MHz
Runtime profile:

	Time taken for main_mem function: 36.02 sec

	IO times (sec) :
	Reading IO time (reads) avg: 5.54, (5.54, 5.54)
	Writing IO time (SAM) avg: 2.84, (2.84, 2.84)
	Reading IO time (Reference Genome) avg: 1.10, (1.10, 1.10)
	Index read time avg: 2.76, (2.76, 2.76)

	Overall time (sec) (Excluding Index reading time):
	PROCESS() (Total compute time + (read + SAM) IO time) : 30.98
	MEM_PROCESS_SEQ() (Total compute time (Kernel + SAM)), avg: 18.29, (18.29, 18.29)

	 SAM Processing time (sec):
	--WORKER_SAM avg: 3.94, (3.94, 3.94)

	Kernels' compute time (sec):
	Total kernel (smem+sal+bsw) time avg: 14.12, (14.12, 14.12)
		MEM_ALN_CHAIN_FLT avg: 0.00, (0.00, 0.00)
		MEM_ALN_CHAIN_SEED avg: 0.00, (0.00, 0.00)
		ERT_SEED_CHAIN avg: 0.00, (0.00, 0.00)
	LEARNED_SEED_CHAIN avg: 0.00, (0.00, 0.00)
		SMEM compute avg: 6.77, (6.98, 6.58)
		SAL compute avg: 2.14, (2.31, 1.94)
				MEM_SA avg: 1.06, (1.16, 0.92)

		BSW time, avg: 4.55, (4.67, 4.51)

Important parameter settings: 
	BATCH_SIZE: 512
	MAX_SEQ_LEN_REF: 256
	MAX_SEQ_LEN_QER: 128
	MAX_SEQ_LEN8: 128
	SEEDS_PER_READ: 500
	SIMD_WIDTH8 X: 64
	SIMD_WIDTH16 X: 32
	AVG_SEEDS_PER_READ: 64
