Looking to launch executable "/opt/conda/bin/bwa-meme_mode3.avx512bw", simd = _mode3.avx512bw
Launching executable "/opt/conda/bin/bwa-meme_mode3.avx512bw"
-----------------------------
Executing in AVX512 mode!!
-----------------------------
* SA compression enabled with xfactor: 8
* Ref file: reference.ssl.Ppa.fasta
* Entering FMI_search
* Index file found. Loading index from reference.ssl.Ppa.fasta.bwt.2bit.64
* Reference seq len for bi-index = 1956314741
* sentinel-index: 228841287
* Count:
0,	1
1,	582292135
2,	978157371
3,	1374022607
4,	1956314741

* Reading other elements of the index from files reference.ssl.Ppa.fasta
* Index prefix: reference.ssl.Ppa.fasta
* Read 0 ALT contigs
* Done reading Index!!
* Reading reference genome..
* Binary seq file = reference.ssl.Ppa.fasta.0123
* Reference genome size: 1956314740 bp
* Done reading reference genome !!

------------------------------------------
1. Memory pre-allocation for Chaining: 5679.4903 MB
2. Memory pre-allocation for BSW: 9584.6810 MB
3. Memory pre-allocation for BWT: 3092.5670 MB
------------------------------------------
* Threads used (compute): 40
* No. of pipeline threads: 2

[0000] read_chunk: 400000000, work_chunk_size: 400000264, nseq: 2821562
	[0000][ M::kt_pipeline] read 2821562 sequences (400000264 bp)...
[0000] Reallocating initial memory allocations!!
[0000] Calling mem_process_seqs.., task: 0
[0000] 1. Calling kt_for - worker_bwt
[0000] read_chunk: 400000000, work_chunk_size: 368219906, nseq: 2600136
	[0000][ M::kt_pipeline] read 2600136 sequences (368219906 bp)...
[0000] 2. Calling kt_for - worker_aln
[0000] Inferring insert size distribution of PE reads from data, l_pac: 978157370, n: 2821562
[0000][PE] # candidate unique pairs for (FF, FR, RF, RR): (383, 1002666, 195, 436)
[0000][PE] analyzing insert size distribution for orientation FF...
[0000][PE] (25, 50, 75) percentile: (93, 144, 212)
[0000][PE] low and high boundaries for computing mean and std.dev: (1, 450)
[0000][PE] mean and std.dev: (155.33, 85.47)
[0000][PE] low and high boundaries for proper pairs: (1, 569)
[0000][PE] analyzing insert size distribution for orientation FR...
[0000][PE] (25, 50, 75) percentile: (176, 227, 282)
[0000][PE] low and high boundaries for computing mean and std.dev: (1, 494)
[0000][PE] mean and std.dev: (228.48, 74.26)
[0000][PE] low and high boundaries for proper pairs: (1, 600)
[0000][PE] analyzing insert size distribution for orientation RF...
[0000][PE] (25, 50, 75) percentile: (36, 90, 202)
[0000][PE] low and high boundaries for computing mean and std.dev: (1, 534)
[0000][PE] mean and std.dev: (110.68, 111.91)
[0000][PE] low and high boundaries for proper pairs: (1, 700)
[0000][PE] analyzing insert size distribution for orientation RR...
[0000][PE] (25, 50, 75) percentile: (94, 138, 198)
[0000][PE] low and high boundaries for computing mean and std.dev: (1, 406)
[0000][PE] mean and std.dev: (142.72, 69.00)
[0000][PE] low and high boundaries for proper pairs: (1, 510)
[0000][PE] skip orientation FF
[0000][PE] skip orientation RF
[0000][PE] skip orientation RR
[0000] 3. Calling kt_for - worker_sam
	[0000][ M::mem_process_seqs] Processed 2821562 reads in 1297.691 CPU sec, 34.194 real sec
[0000] Calling mem_process_seqs.., task: 1
[0000] 1. Calling kt_for - worker_bwt
[0000] 2. Calling kt_for - worker_aln
[0000] read_chunk: 400000000, work_chunk_size: 0, nseq: 0
[0000] Inferring insert size distribution of PE reads from data, l_pac: 978157370, n: 2600136
[0000][PE] # candidate unique pairs for (FF, FR, RF, RR): (391, 937633, 135, 338)
[0000][PE] analyzing insert size distribution for orientation FF...
[0000][PE] (25, 50, 75) percentile: (90, 140, 214)
[0000][PE] low and high boundaries for computing mean and std.dev: (1, 462)
[0000][PE] mean and std.dev: (147.94, 81.53)
[0000][PE] low and high boundaries for proper pairs: (1, 586)
[0000][PE] analyzing insert size distribution for orientation FR...
[0000][PE] (25, 50, 75) percentile: (176, 227, 282)
[0000][PE] low and high boundaries for computing mean and std.dev: (1, 494)
[0000][PE] mean and std.dev: (228.44, 74.36)
[0000][PE] low and high boundaries for proper pairs: (1, 600)
[0000][PE] analyzing insert size distribution for orientation RF...
[0000][PE] (25, 50, 75) percentile: (36, 76, 213)
[0000][PE] low and high boundaries for computing mean and std.dev: (1, 567)
[0000][PE] mean and std.dev: (114.34, 112.25)
[0000][PE] low and high boundaries for proper pairs: (1, 744)
[0000][PE] analyzing insert size distribution for orientation RR...
[0000][PE] (25, 50, 75) percentile: (99, 140, 214)
[0000][PE] low and high boundaries for computing mean and std.dev: (1, 444)
[0000][PE] mean and std.dev: (152.98, 77.91)
[0000][PE] low and high boundaries for proper pairs: (1, 559)
[0000][PE] skip orientation FF
[0000][PE] skip orientation RF
[0000][PE] skip orientation RR
[0000] 3. Calling kt_for - worker_sam
	[0000][ M::mem_process_seqs] Processed 2600136 reads in 1104.325 CPU sec, 29.885 real sec
[0000] read_chunk: 400000000, work_chunk_size: 0, nseq: 0
[0000] Computation ends..
No. of OMP threads: 40
Processor is running @2394.680548 MHz
Runtime profile:

	Time taken for main_mem function: 89.63 sec

	IO times (sec) :
	Reading IO time (reads) avg: 17.87, (17.87, 17.87)
	Writing IO time (SAM) avg: 19.33, (19.33, 19.33)
	Reading IO time (Reference Genome) avg: 1.12, (1.12, 1.12)
	Index read time avg: 2.79, (2.79, 2.79)

	Overall time (sec) (Excluding Index reading time):
	PROCESS() (Total compute time + (read + SAM) IO time) : 84.63
	MEM_PROCESS_SEQ() (Total compute time (Kernel + SAM)), avg: 64.07, (64.07, 64.07)

	 SAM Processing time (sec):
	--WORKER_SAM avg: 12.71, (12.71, 12.71)

	Kernels' compute time (sec):
	Total kernel (smem+sal+bsw) time avg: 49.64, (49.64, 49.64)
		MEM_ALN_CHAIN_FLT avg: 0.00, (0.00, 0.00)
		MEM_ALN_CHAIN_SEED avg: 0.00, (0.00, 0.00)
		ERT_SEED_CHAIN avg: 0.00, (0.00, 0.00)
	LEARNED_SEED_CHAIN avg: 0.00, (0.00, 0.00)
		SMEM compute avg: 26.60, (26.93, 26.18)
		SAL compute avg: 8.42, (8.65, 8.21)
				MEM_SA avg: 3.97, (4.11, 3.85)

		BSW time, avg: 12.31, (12.50, 12.24)

Important parameter settings: 
	BATCH_SIZE: 512
	MAX_SEQ_LEN_REF: 256
	MAX_SEQ_LEN_QER: 128
	MAX_SEQ_LEN8: 128
	SEEDS_PER_READ: 500
	SIMD_WIDTH8 X: 64
	SIMD_WIDTH16 X: 32
	AVG_SEEDS_PER_READ: 64
