Looking to launch executable "/opt/conda/bin/bwa-meme_mode3.avx512bw", simd = _mode3.avx512bw
Launching executable "/opt/conda/bin/bwa-meme_mode3.avx512bw"
-----------------------------
Executing in AVX512 mode!!
-----------------------------
* SA compression enabled with xfactor: 8
* Ref file: reference.ssl.Ppa.fasta
* Entering FMI_search
* Index file found. Loading index from reference.ssl.Ppa.fasta.bwt.2bit.64
* Reference seq len for bi-index = 1956314741
* sentinel-index: 228841287
* Count:
0,	1
1,	582292135
2,	978157371
3,	1374022607
4,	1956314741

* Reading other elements of the index from files reference.ssl.Ppa.fasta
* Index prefix: reference.ssl.Ppa.fasta
* Read 0 ALT contigs
* Done reading Index!!
* Reading reference genome..
* Binary seq file = reference.ssl.Ppa.fasta.0123
* Reference genome size: 1956314740 bp
* Done reading reference genome !!

------------------------------------------
1. Memory pre-allocation for Chaining: 5679.4903 MB
2. Memory pre-allocation for BSW: 9584.6810 MB
3. Memory pre-allocation for BWT: 3092.5670 MB
------------------------------------------
* Threads used (compute): 40
* No. of pipeline threads: 2

[0000] read_chunk: 400000000, work_chunk_size: 400000086, nseq: 2899764
	[0000][ M::kt_pipeline] read 2899764 sequences (400000086 bp)...
[0000] Reallocating initial memory allocations!!
[0000] Calling mem_process_seqs.., task: 0
[0000] 1. Calling kt_for - worker_bwt
[0000] read_chunk: 400000000, work_chunk_size: 340171402, nseq: 2465612
	[0000][ M::kt_pipeline] read 2465612 sequences (340171402 bp)...
[0000] 2. Calling kt_for - worker_aln
[0000] Inferring insert size distribution of PE reads from data, l_pac: 978157370, n: 2899764
[0000][PE] # candidate unique pairs for (FF, FR, RF, RR): (7, 39032, 7, 5)
[0000][PE] skip orientation FF as there are not enough pairs
[0000][PE] analyzing insert size distribution for orientation FR...
[0000][PE] (25, 50, 75) percentile: (98, 152, 220)
[0000][PE] low and high boundaries for computing mean and std.dev: (1, 464)
[0000][PE] mean and std.dev: (164.97, 87.11)
[0000][PE] low and high boundaries for proper pairs: (1, 586)
[0000][PE] skip orientation RF as there are not enough pairs
[0000][PE] skip orientation RR as there are not enough pairs
[0000] 3. Calling kt_for - worker_sam
	[0000][ M::mem_process_seqs] Processed 2899764 reads in 495.270 CPU sec, 12.597 real sec
[0000] Calling mem_process_seqs.., task: 1
[0000] 1. Calling kt_for - worker_bwt
[0000] read_chunk: 400000000, work_chunk_size: 0, nseq: 0
[0000] 2. Calling kt_for - worker_aln
[0000] Inferring insert size distribution of PE reads from data, l_pac: 978157370, n: 2465612
[0000][PE] # candidate unique pairs for (FF, FR, RF, RR): (7, 33158, 4, 10)
[0000][PE] skip orientation FF as there are not enough pairs
[0000][PE] analyzing insert size distribution for orientation FR...
[0000][PE] (25, 50, 75) percentile: (98, 152, 220)
[0000][PE] low and high boundaries for computing mean and std.dev: (1, 464)
[0000][PE] mean and std.dev: (164.59, 86.93)
[0000][PE] low and high boundaries for proper pairs: (1, 586)
[0000][PE] skip orientation RF as there are not enough pairs
[0000][PE] analyzing insert size distribution for orientation RR...
[0000][PE] (25, 50, 75) percentile: (59, 97, 102)
[0000][PE] low and high boundaries for computing mean and std.dev: (1, 188)
[0000][PE] mean and std.dev: (76.67, 34.43)
[0000][PE] low and high boundaries for proper pairs: (1, 231)
[0000][PE] skip orientation RR
[0000] 3. Calling kt_for - worker_sam
	[0000][ M::mem_process_seqs] Processed 2465612 reads in 373.537 CPU sec, 9.713 real sec
[0000] read_chunk: 400000000, work_chunk_size: 0, nseq: 0
[0000] Computation ends..
No. of OMP threads: 40
Processor is running @2394.653708 MHz
Runtime profile:

	Time taken for main_mem function: 45.96 sec

	IO times (sec) :
	Reading IO time (reads) avg: 17.87, (17.87, 17.87)
	Writing IO time (SAM) avg: 8.26, (8.26, 8.26)
	Reading IO time (Reference Genome) avg: 1.09, (1.09, 1.09)
	Index read time avg: 2.76, (2.76, 2.76)

	Overall time (sec) (Excluding Index reading time):
	PROCESS() (Total compute time + (read + SAM) IO time) : 40.96
	MEM_PROCESS_SEQ() (Total compute time (Kernel + SAM)), avg: 22.31, (22.31, 22.31)

	 SAM Processing time (sec):
	--WORKER_SAM avg: 1.71, (1.71, 1.71)

	Kernels' compute time (sec):
	Total kernel (smem+sal+bsw) time avg: 20.48, (20.48, 20.48)
		MEM_ALN_CHAIN_FLT avg: 0.00, (0.00, 0.00)
		MEM_ALN_CHAIN_SEED avg: 0.00, (0.00, 0.00)
		ERT_SEED_CHAIN avg: 0.00, (0.00, 0.00)
	LEARNED_SEED_CHAIN avg: 0.00, (0.00, 0.00)
		SMEM compute avg: 18.13, (18.39, 17.99)
		SAL compute avg: 0.76, (0.87, 0.60)
				MEM_SA avg: 0.52, (0.60, 0.38)

		BSW time, avg: 1.22, (1.24, 1.20)

Important parameter settings: 
	BATCH_SIZE: 512
	MAX_SEQ_LEN_REF: 256
	MAX_SEQ_LEN_QER: 128
	MAX_SEQ_LEN8: 128
	SEEDS_PER_READ: 500
	SIMD_WIDTH8 X: 64
	SIMD_WIDTH16 X: 32
	AVG_SEEDS_PER_READ: 64
