Looking to launch executable "/opt/conda/bin/bwa-meme_mode3.avx512bw", simd = _mode3.avx512bw
Launching executable "/opt/conda/bin/bwa-meme_mode3.avx512bw"
-----------------------------
Executing in AVX512 mode!!
-----------------------------
* SA compression enabled with xfactor: 8
* Ref file: reference.ssl.Ppa.fasta
* Entering FMI_search
* Index file found. Loading index from reference.ssl.Ppa.fasta.bwt.2bit.64
* Reference seq len for bi-index = 1956314741
* sentinel-index: 228841287
* Count:
0,	1
1,	582292135
2,	978157371
3,	1374022607
4,	1956314741

* Reading other elements of the index from files reference.ssl.Ppa.fasta
* Index prefix: reference.ssl.Ppa.fasta
* Read 0 ALT contigs
* Done reading Index!!
* Reading reference genome..
* Binary seq file = reference.ssl.Ppa.fasta.0123
* Reference genome size: 1956314740 bp
* Done reading reference genome !!

------------------------------------------
1. Memory pre-allocation for Chaining: 5679.4903 MB
2. Memory pre-allocation for BSW: 9584.6810 MB
3. Memory pre-allocation for BWT: 3092.5670 MB
------------------------------------------
* Threads used (compute): 40
* No. of pipeline threads: 2

[0000] read_chunk: 400000000, work_chunk_size: 361898277, nseq: 2629466
	[0000][ M::kt_pipeline] read 2629466 sequences (361898277 bp)...
[0000] Calling mem_process_seqs.., task: 0
[0000] 1. Calling kt_for - worker_bwt
[0000] read_chunk: 400000000, work_chunk_size: 0, nseq: 0
[0000] 2. Calling kt_for - worker_aln
[0000] Inferring insert size distribution of PE reads from data, l_pac: 978157370, n: 2629466
[0000][PE] # candidate unique pairs for (FF, FR, RF, RR): (11, 132841, 47, 14)
[0000][PE] analyzing insert size distribution for orientation FF...
[0000][PE] (25, 50, 75) percentile: (104, 119, 186)
[0000][PE] low and high boundaries for computing mean and std.dev: (1, 350)
[0000][PE] mean and std.dev: (132.64, 46.09)
[0000][PE] low and high boundaries for proper pairs: (1, 432)
[0000][PE] analyzing insert size distribution for orientation FR...
[0000][PE] (25, 50, 75) percentile: (101, 147, 206)
[0000][PE] low and high boundaries for computing mean and std.dev: (1, 416)
[0000][PE] mean and std.dev: (159.24, 78.83)
[0000][PE] low and high boundaries for proper pairs: (1, 521)
[0000][PE] analyzing insert size distribution for orientation RF...
[0000][PE] (25, 50, 75) percentile: (32, 57, 101)
[0000][PE] low and high boundaries for computing mean and std.dev: (1, 239)
[0000][PE] mean and std.dev: (65.91, 46.57)
[0000][PE] low and high boundaries for proper pairs: (1, 308)
[0000][PE] analyzing insert size distribution for orientation RR...
[0000][PE] (25, 50, 75) percentile: (91, 118, 164)
[0000][PE] low and high boundaries for computing mean and std.dev: (1, 310)
[0000][PE] mean and std.dev: (121.38, 64.69)
[0000][PE] low and high boundaries for proper pairs: (1, 383)
[0000][PE] skip orientation FF
[0000][PE] skip orientation RF
[0000][PE] skip orientation RR
[0000] 3. Calling kt_for - worker_sam
	[0000][ M::mem_process_seqs] Processed 2629466 reads in 416.093 CPU sec, 10.565 real sec
[0000] read_chunk: 400000000, work_chunk_size: 0, nseq: 0
[0000] Computation ends..
No. of OMP threads: 40
Processor is running @2394.616578 MHz
Runtime profile:

	Time taken for main_mem function: 30.41 sec

	IO times (sec) :
	Reading IO time (reads) avg: 8.18, (8.18, 8.18)
	Writing IO time (SAM) avg: 2.53, (2.53, 2.53)
	Reading IO time (Reference Genome) avg: 1.11, (1.11, 1.11)
	Index read time avg: 2.76, (2.76, 2.76)

	Overall time (sec) (Excluding Index reading time):
	PROCESS() (Total compute time + (read + SAM) IO time) : 25.43
	MEM_PROCESS_SEQ() (Total compute time (Kernel + SAM)), avg: 10.56, (10.56, 10.56)

	 SAM Processing time (sec):
	--WORKER_SAM avg: 0.91, (0.91, 0.91)

	Kernels' compute time (sec):
	Total kernel (smem+sal+bsw) time avg: 9.58, (9.58, 9.58)
		MEM_ALN_CHAIN_FLT avg: 0.00, (0.00, 0.00)
		MEM_ALN_CHAIN_SEED avg: 0.00, (0.00, 0.00)
		ERT_SEED_CHAIN avg: 0.00, (0.00, 0.00)
	LEARNED_SEED_CHAIN avg: 0.00, (0.00, 0.00)
		SMEM compute avg: 8.02, (8.19, 7.89)
		SAL compute avg: 0.43, (0.51, 0.29)
				MEM_SA avg: 0.31, (0.38, 0.18)

		BSW time, avg: 1.01, (1.02, 1.00)

Important parameter settings: 
	BATCH_SIZE: 512
	MAX_SEQ_LEN_REF: 256
	MAX_SEQ_LEN_QER: 128
	MAX_SEQ_LEN8: 128
	SEEDS_PER_READ: 500
	SIMD_WIDTH8 X: 64
	SIMD_WIDTH16 X: 32
	AVG_SEEDS_PER_READ: 64
