Looking to launch executable "/opt/conda/bin/bwa-meme_mode3.avx512bw", simd = _mode3.avx512bw
Launching executable "/opt/conda/bin/bwa-meme_mode3.avx512bw"
-----------------------------
Executing in AVX512 mode!!
-----------------------------
* SA compression enabled with xfactor: 8
* Ref file: reference.ssl.Ppa.fasta
* Entering FMI_search
* Index file found. Loading index from reference.ssl.Ppa.fasta.bwt.2bit.64
* Reference seq len for bi-index = 1956314741
* sentinel-index: 228841287
* Count:
0,	1
1,	582292135
2,	978157371
3,	1374022607
4,	1956314741

* Reading other elements of the index from files reference.ssl.Ppa.fasta
* Index prefix: reference.ssl.Ppa.fasta
* Read 0 ALT contigs
* Done reading Index!!
* Reading reference genome..
* Binary seq file = reference.ssl.Ppa.fasta.0123
* Reference genome size: 1956314740 bp
* Done reading reference genome !!

------------------------------------------
1. Memory pre-allocation for Chaining: 5679.4903 MB
2. Memory pre-allocation for BSW: 9584.6810 MB
3. Memory pre-allocation for BWT: 3092.5670 MB
------------------------------------------
* Threads used (compute): 40
* No. of pipeline threads: 2

[0000] read_chunk: 400000000, work_chunk_size: 51114694, nseq: 365732
	[0000][ M::kt_pipeline] read 365732 sequences (51114694 bp)...
[0000] Calling mem_process_seqs.., task: 0
[0000] 1. Calling kt_for - worker_bwt
[0000] read_chunk: 400000000, work_chunk_size: 0, nseq: 0
[0000] 2. Calling kt_for - worker_aln
[0000] Inferring insert size distribution of PE reads from data, l_pac: 978157370, n: 365732
[0000][PE] # candidate unique pairs for (FF, FR, RF, RR): (16, 106457, 14, 30)
[0000][PE] analyzing insert size distribution for orientation FF...
[0000][PE] (25, 50, 75) percentile: (92, 214, 291)
[0000][PE] low and high boundaries for computing mean and std.dev: (1, 689)
[0000][PE] mean and std.dev: (197.40, 149.28)
[0000][PE] low and high boundaries for proper pairs: (1, 888)
[0000][PE] analyzing insert size distribution for orientation FR...
[0000][PE] (25, 50, 75) percentile: (166, 223, 283)
[0000][PE] low and high boundaries for computing mean and std.dev: (1, 517)
[0000][PE] mean and std.dev: (223.44, 80.40)
[0000][PE] low and high boundaries for proper pairs: (1, 634)
[0000][PE] analyzing insert size distribution for orientation RF...
[0000][PE] (25, 50, 75) percentile: (29, 86, 139)
[0000][PE] low and high boundaries for computing mean and std.dev: (1, 359)
[0000][PE] mean and std.dev: (101.43, 88.33)
[0000][PE] low and high boundaries for proper pairs: (1, 469)
[0000][PE] analyzing insert size distribution for orientation RR...
[0000][PE] (25, 50, 75) percentile: (129, 160, 190)
[0000][PE] low and high boundaries for computing mean and std.dev: (7, 312)
[0000][PE] mean and std.dev: (148.44, 52.06)
[0000][PE] low and high boundaries for proper pairs: (1, 373)
[0000][PE] skip orientation FF
[0000][PE] skip orientation RF
[0000][PE] skip orientation RR
[0000] 3. Calling kt_for - worker_sam
	[0000][ M::mem_process_seqs] Processed 365732 reads in 167.681 CPU sec, 4.571 real sec
[0000] read_chunk: 400000000, work_chunk_size: 0, nseq: 0
[0000] Computation ends..
No. of OMP threads: 40
Processor is running @2394.722560 MHz
Runtime profile:

	Time taken for main_mem function: 16.24 sec

	IO times (sec) :
	Reading IO time (reads) avg: 1.18, (1.18, 1.18)
	Writing IO time (SAM) avg: 1.45, (1.45, 1.45)
	Reading IO time (Reference Genome) avg: 1.15, (1.15, 1.15)
	Index read time avg: 2.87, (2.87, 2.87)

	Overall time (sec) (Excluding Index reading time):
	PROCESS() (Total compute time + (read + SAM) IO time) : 11.17
	MEM_PROCESS_SEQ() (Total compute time (Kernel + SAM)), avg: 4.57, (4.57, 4.57)

	 SAM Processing time (sec):
	--WORKER_SAM avg: 1.04, (1.04, 1.04)

	Kernels' compute time (sec):
	Total kernel (smem+sal+bsw) time avg: 3.50, (3.50, 3.50)
		MEM_ALN_CHAIN_FLT avg: 0.00, (0.00, 0.00)
		MEM_ALN_CHAIN_SEED avg: 0.00, (0.00, 0.00)
		ERT_SEED_CHAIN avg: 0.00, (0.00, 0.00)
	LEARNED_SEED_CHAIN avg: 0.00, (0.00, 0.00)
		SMEM compute avg: 2.01, (2.19, 1.90)
		SAL compute avg: 0.62, (0.74, 0.48)
				MEM_SA avg: 0.39, (0.49, 0.25)

		BSW time, avg: 0.71, (0.74, 0.68)

Important parameter settings: 
	BATCH_SIZE: 512
	MAX_SEQ_LEN_REF: 256
	MAX_SEQ_LEN_QER: 128
	MAX_SEQ_LEN8: 128
	SEEDS_PER_READ: 500
	SIMD_WIDTH8 X: 64
	SIMD_WIDTH16 X: 32
	AVG_SEEDS_PER_READ: 64
