Looking to launch executable "/opt/conda/bin/bwa-meme_mode3.avx512bw", simd = _mode3.avx512bw
Launching executable "/opt/conda/bin/bwa-meme_mode3.avx512bw"
-----------------------------
Executing in AVX512 mode!!
-----------------------------
* SA compression enabled with xfactor: 8
* Ref file: reference.ssl.Ppa.fasta
* Entering FMI_search
* Index file found. Loading index from reference.ssl.Ppa.fasta.bwt.2bit.64
* Reference seq len for bi-index = 1956314741
* sentinel-index: 228841287
* Count:
0,	1
1,	582292135
2,	978157371
3,	1374022607
4,	1956314741

* Reading other elements of the index from files reference.ssl.Ppa.fasta
* Index prefix: reference.ssl.Ppa.fasta
* Read 0 ALT contigs
* Done reading Index!!
* Reading reference genome..
* Binary seq file = reference.ssl.Ppa.fasta.0123
* Reference genome size: 1956314740 bp
* Done reading reference genome !!

------------------------------------------
1. Memory pre-allocation for Chaining: 5679.4903 MB
2. Memory pre-allocation for BSW: 9584.6810 MB
3. Memory pre-allocation for BWT: 3092.5670 MB
------------------------------------------
* Threads used (compute): 40
* No. of pipeline threads: 2

[0000] read_chunk: 400000000, work_chunk_size: 380155607, nseq: 2908098
	[0000][ M::kt_pipeline] read 2908098 sequences (380155607 bp)...
[0000] Reallocating initial memory allocations!!
[0000] read_chunk: 400000000, work_chunk_size: 0, nseq: 0
[0000] Calling mem_process_seqs.., task: 0
[0000] 1. Calling kt_for - worker_bwt
[0000] 2. Calling kt_for - worker_aln
[0000] Inferring insert size distribution of PE reads from data, l_pac: 978157370, n: 2908098
[0000][PE] # candidate unique pairs for (FF, FR, RF, RR): (16, 113783, 9, 10)
[0000][PE] analyzing insert size distribution for orientation FF...
[0000][PE] (25, 50, 75) percentile: (62, 110, 186)
[0000][PE] low and high boundaries for computing mean and std.dev: (1, 434)
[0000][PE] mean and std.dev: (108.19, 61.54)
[0000][PE] low and high boundaries for proper pairs: (1, 558)
[0000][PE] analyzing insert size distribution for orientation FR...
[0000][PE] (25, 50, 75) percentile: (92, 134, 190)
[0000][PE] low and high boundaries for computing mean and std.dev: (1, 386)
[0000][PE] mean and std.dev: (145.89, 73.62)
[0000][PE] low and high boundaries for proper pairs: (1, 484)
[0000][PE] skip orientation RF as there are not enough pairs
[0000][PE] analyzing insert size distribution for orientation RR...
[0000][PE] (25, 50, 75) percentile: (58, 102, 155)
[0000][PE] low and high boundaries for computing mean and std.dev: (1, 349)
[0000][PE] mean and std.dev: (109.40, 76.78)
[0000][PE] low and high boundaries for proper pairs: (1, 446)
[0000][PE] skip orientation FF
[0000][PE] skip orientation RR
[0000] 3. Calling kt_for - worker_sam
	[0000][ M::mem_process_seqs] Processed 2908098 reads in 442.618 CPU sec, 11.245 real sec
[0000] read_chunk: 400000000, work_chunk_size: 0, nseq: 0
[0000] Computation ends..
No. of OMP threads: 40
Processor is running @2394.743014 MHz
Runtime profile:

	Time taken for main_mem function: 35.86 sec

	IO times (sec) :
	Reading IO time (reads) avg: 8.84, (8.84, 8.84)
	Writing IO time (SAM) avg: 2.63, (2.63, 2.63)
	Reading IO time (Reference Genome) avg: 1.10, (1.10, 1.10)
	Index read time avg: 2.77, (2.77, 2.77)

	Overall time (sec) (Excluding Index reading time):
	PROCESS() (Total compute time + (read + SAM) IO time) : 30.94
	MEM_PROCESS_SEQ() (Total compute time (Kernel + SAM)), avg: 11.24, (11.24, 11.24)

	 SAM Processing time (sec):
	--WORKER_SAM avg: 0.85, (0.85, 0.85)

	Kernels' compute time (sec):
	Total kernel (smem+sal+bsw) time avg: 10.31, (10.31, 10.31)
		MEM_ALN_CHAIN_FLT avg: 0.00, (0.00, 0.00)
		MEM_ALN_CHAIN_SEED avg: 0.00, (0.00, 0.00)
		ERT_SEED_CHAIN avg: 0.00, (0.00, 0.00)
	LEARNED_SEED_CHAIN avg: 0.00, (0.00, 0.00)
		SMEM compute avg: 8.91, (9.10, 8.80)
		SAL compute avg: 0.50, (0.58, 0.37)
				MEM_SA avg: 0.36, (0.44, 0.23)

		BSW time, avg: 0.75, (0.76, 0.74)

Important parameter settings: 
	BATCH_SIZE: 512
	MAX_SEQ_LEN_REF: 256
	MAX_SEQ_LEN_QER: 128
	MAX_SEQ_LEN8: 128
	SEEDS_PER_READ: 500
	SIMD_WIDTH8 X: 64
	SIMD_WIDTH16 X: 32
	AVG_SEEDS_PER_READ: 64
