Looking to launch executable "/opt/conda/bin/bwa-meme_mode3.avx512bw", simd = _mode3.avx512bw
Launching executable "/opt/conda/bin/bwa-meme_mode3.avx512bw"
-----------------------------
Executing in AVX512 mode!!
-----------------------------
* SA compression enabled with xfactor: 8
* Ref file: reference.ssl.Ppa.fasta
* Entering FMI_search
* Index file found. Loading index from reference.ssl.Ppa.fasta.bwt.2bit.64
* Reference seq len for bi-index = 1956314741
* sentinel-index: 228841287
* Count:
0,	1
1,	582292135
2,	978157371
3,	1374022607
4,	1956314741

* Reading other elements of the index from files reference.ssl.Ppa.fasta
* Index prefix: reference.ssl.Ppa.fasta
* Read 0 ALT contigs
* Done reading Index!!
* Reading reference genome..
* Binary seq file = reference.ssl.Ppa.fasta.0123
* Reference genome size: 1956314740 bp
* Done reading reference genome !!

------------------------------------------
1. Memory pre-allocation for Chaining: 5679.4903 MB
2. Memory pre-allocation for BSW: 9584.6810 MB
3. Memory pre-allocation for BWT: 3092.5670 MB
------------------------------------------
* Threads used (compute): 40
* No. of pipeline threads: 2

[0000] read_chunk: 400000000, work_chunk_size: 74187733, nseq: 526764
	[0000][ M::kt_pipeline] read 526764 sequences (74187733 bp)...
[0000] Calling mem_process_seqs.., task: 0
[0000] 1. Calling kt_for - worker_bwt
[0000] read_chunk: 400000000, work_chunk_size: 0, nseq: 0
[0000] 2. Calling kt_for - worker_aln
[0000] Inferring insert size distribution of PE reads from data, l_pac: 978157370, n: 526764
[0000][PE] # candidate unique pairs for (FF, FR, RF, RR): (79, 190044, 28, 82)
[0000][PE] analyzing insert size distribution for orientation FF...
[0000][PE] (25, 50, 75) percentile: (94, 145, 230)
[0000][PE] low and high boundaries for computing mean and std.dev: (1, 502)
[0000][PE] mean and std.dev: (154.93, 86.32)
[0000][PE] low and high boundaries for proper pairs: (1, 638)
[0000][PE] analyzing insert size distribution for orientation FR...
[0000][PE] (25, 50, 75) percentile: (179, 234, 292)
[0000][PE] low and high boundaries for computing mean and std.dev: (1, 518)
[0000][PE] mean and std.dev: (233.37, 78.50)
[0000][PE] low and high boundaries for proper pairs: (1, 631)
[0000][PE] analyzing insert size distribution for orientation RF...
[0000][PE] (25, 50, 75) percentile: (38, 94, 267)
[0000][PE] low and high boundaries for computing mean and std.dev: (1, 725)
[0000][PE] mean and std.dev: (123.12, 118.55)
[0000][PE] low and high boundaries for proper pairs: (1, 954)
[0000][PE] analyzing insert size distribution for orientation RR...
[0000][PE] (25, 50, 75) percentile: (98, 149, 216)
[0000][PE] low and high boundaries for computing mean and std.dev: (1, 452)
[0000][PE] mean and std.dev: (153.87, 76.46)
[0000][PE] low and high boundaries for proper pairs: (1, 570)
[0000][PE] skip orientation FF
[0000][PE] skip orientation RF
[0000][PE] skip orientation RR
[0000] 3. Calling kt_for - worker_sam
	[0000][ M::mem_process_seqs] Processed 526764 reads in 254.741 CPU sec, 6.940 real sec
[0000] read_chunk: 400000000, work_chunk_size: 0, nseq: 0
[0000] Computation ends..
No. of OMP threads: 40
Processor is running @2394.598918 MHz
Runtime profile:

	Time taken for main_mem function: 19.12 sec

	IO times (sec) :
	Reading IO time (reads) avg: 1.71, (1.71, 1.71)
	Writing IO time (SAM) avg: 1.62, (1.62, 1.62)
	Reading IO time (Reference Genome) avg: 1.09, (1.09, 1.09)
	Index read time avg: 2.78, (2.78, 2.78)

	Overall time (sec) (Excluding Index reading time):
	PROCESS() (Total compute time + (read + SAM) IO time) : 14.14
	MEM_PROCESS_SEQ() (Total compute time (Kernel + SAM)), avg: 6.94, (6.94, 6.94)

	 SAM Processing time (sec):
	--WORKER_SAM avg: 1.40, (1.40, 1.40)

	Kernels' compute time (sec):
	Total kernel (smem+sal+bsw) time avg: 5.47, (5.47, 5.47)
		MEM_ALN_CHAIN_FLT avg: 0.00, (0.00, 0.00)
		MEM_ALN_CHAIN_SEED avg: 0.00, (0.00, 0.00)
		ERT_SEED_CHAIN avg: 0.00, (0.00, 0.00)
	LEARNED_SEED_CHAIN avg: 0.00, (0.00, 0.00)
		SMEM compute avg: 2.82, (2.92, 2.71)
		SAL compute avg: 0.80, (0.93, 0.71)
				MEM_SA avg: 0.42, (0.49, 0.36)

		BSW time, avg: 1.53, (1.64, 1.49)

Important parameter settings: 
	BATCH_SIZE: 512
	MAX_SEQ_LEN_REF: 256
	MAX_SEQ_LEN_QER: 128
	MAX_SEQ_LEN8: 128
	SEEDS_PER_READ: 500
	SIMD_WIDTH8 X: 64
	SIMD_WIDTH16 X: 32
	AVG_SEEDS_PER_READ: 64
