Looking to launch executable "/opt/conda/bin/bwa-meme_mode3.avx512bw", simd = _mode3.avx512bw
Launching executable "/opt/conda/bin/bwa-meme_mode3.avx512bw"
-----------------------------
Executing in AVX512 mode!!
-----------------------------
* SA compression enabled with xfactor: 8
* Ref file: reference.ssl.Sne.fasta
* Entering FMI_search
* Index file found. Loading index from reference.ssl.Sne.fasta.bwt.2bit.64
* Reference seq len for bi-index = 2897756733
* sentinel-index: 133786390
* Count:
0,	1
1,	895477253
2,	1448878367
3,	2002279481
4,	2897756733

* Reading other elements of the index from files reference.ssl.Sne.fasta
* Index prefix: reference.ssl.Sne.fasta
* Read 0 ALT contigs
* Done reading Index!!
* Reading reference genome..
* Binary seq file = reference.ssl.Sne.fasta.0123
* Reference genome size: 2897756732 bp
* Done reading reference genome !!

------------------------------------------
1. Memory pre-allocation for Chaining: 5679.4903 MB
2. Memory pre-allocation for BSW: 9584.6810 MB
3. Memory pre-allocation for BWT: 3092.5670 MB
------------------------------------------
* Threads used (compute): 40
* No. of pipeline threads: 2

[0000] read_chunk: 400000000, work_chunk_size: 400000170, nseq: 2940452
	[0000][ M::kt_pipeline] read 2940452 sequences (400000170 bp)...
[0000] Reallocating initial memory allocations!!
[0000] Calling mem_process_seqs.., task: 0
[0000] 1. Calling kt_for - worker_bwt
[0000] read_chunk: 400000000, work_chunk_size: 400000128, nseq: 2945422
	[0000][ M::kt_pipeline] read 2945422 sequences (400000128 bp)...
[0000] 2. Calling kt_for - worker_aln
[0000] Inferring insert size distribution of PE reads from data, l_pac: 1448878366, n: 2940452
[0000][PE] # candidate unique pairs for (FF, FR, RF, RR): (162, 1091929, 59, 150)
[0000][PE] analyzing insert size distribution for orientation FF...
[0000][PE] (25, 50, 75) percentile: (87, 132, 192)
[0000][PE] low and high boundaries for computing mean and std.dev: (1, 402)
[0000][PE] mean and std.dev: (137.95, 62.68)
[0000][PE] low and high boundaries for proper pairs: (1, 507)
[0000][PE] analyzing insert size distribution for orientation FR...
[0000][PE] (25, 50, 75) percentile: (131, 174, 232)
[0000][PE] low and high boundaries for computing mean and std.dev: (1, 434)
[0000][PE] mean and std.dev: (184.50, 70.11)
[0000][PE] low and high boundaries for proper pairs: (1, 535)
[0000][PE] analyzing insert size distribution for orientation RF...
[0000][PE] (25, 50, 75) percentile: (97, 251, 424)
[0000][PE] low and high boundaries for computing mean and std.dev: (1, 1078)
[0000][PE] mean and std.dev: (276.74, 223.70)
[0000][PE] low and high boundaries for proper pairs: (1, 1405)
[0000][PE] analyzing insert size distribution for orientation RR...
[0000][PE] (25, 50, 75) percentile: (95, 129, 181)
[0000][PE] low and high boundaries for computing mean and std.dev: (1, 353)
[0000][PE] mean and std.dev: (132.59, 61.34)
[0000][PE] low and high boundaries for proper pairs: (1, 439)
[0000][PE] skip orientation FF
[0000][PE] skip orientation RF
[0000][PE] skip orientation RR
[0000] 3. Calling kt_for - worker_sam
	[0000][ M::mem_process_seqs] Processed 2940452 reads in 905.851 CPU sec, 23.603 real sec
[0000] Reallocating initial memory allocations!!
[0000] Calling mem_process_seqs.., task: 1
[0000] 1. Calling kt_for - worker_bwt
[0000] read_chunk: 400000000, work_chunk_size: 400000161, nseq: 2947798
	[0000][ M::kt_pipeline] read 2947798 sequences (400000161 bp)...
[0000] 2. Calling kt_for - worker_aln
[0000] Inferring insert size distribution of PE reads from data, l_pac: 1448878366, n: 2945422
[0000][PE] # candidate unique pairs for (FF, FR, RF, RR): (169, 1128033, 70, 164)
[0000][PE] analyzing insert size distribution for orientation FF...
[0000][PE] (25, 50, 75) percentile: (93, 135, 190)
[0000][PE] low and high boundaries for computing mean and std.dev: (1, 384)
[0000][PE] mean and std.dev: (135.68, 61.03)
[0000][PE] low and high boundaries for proper pairs: (1, 481)
[0000][PE] analyzing insert size distribution for orientation FR...
[0000][PE] (25, 50, 75) percentile: (131, 174, 232)
[0000][PE] low and high boundaries for computing mean and std.dev: (1, 434)
[0000][PE] mean and std.dev: (184.32, 70.09)
[0000][PE] low and high boundaries for proper pairs: (1, 535)
[0000][PE] analyzing insert size distribution for orientation RF...
[0000][PE] (25, 50, 75) percentile: (60, 205, 424)
[0000][PE] low and high boundaries for computing mean and std.dev: (1, 1152)
[0000][PE] mean and std.dev: (261.74, 254.29)
[0000][PE] low and high boundaries for proper pairs: (1, 1516)
[0000][PE] analyzing insert size distribution for orientation RR...
[0000][PE] (25, 50, 75) percentile: (94, 130, 182)
[0000][PE] low and high boundaries for computing mean and std.dev: (1, 358)
[0000][PE] mean and std.dev: (137.47, 63.46)
[0000][PE] low and high boundaries for proper pairs: (1, 446)
[0000][PE] skip orientation FF
[0000][PE] skip orientation RF
[0000][PE] skip orientation RR
[0000] 3. Calling kt_for - worker_sam
	[0000][ M::mem_process_seqs] Processed 2945422 reads in 800.580 CPU sec, 21.315 real sec
[0000] Reallocating initial memory allocations!!
[0000] Calling mem_process_seqs.., task: 2
[0000] 1. Calling kt_for - worker_bwt
[0000] read_chunk: 400000000, work_chunk_size: 400000288, nseq: 2944978
	[0000][ M::kt_pipeline] read 2944978 sequences (400000288 bp)...
[0000] 2. Calling kt_for - worker_aln
[0000] Inferring insert size distribution of PE reads from data, l_pac: 1448878366, n: 2947798
[0000][PE] # candidate unique pairs for (FF, FR, RF, RR): (173, 1122804, 57, 147)
[0000][PE] analyzing insert size distribution for orientation FF...
[0000][PE] (25, 50, 75) percentile: (93, 142, 204)
[0000][PE] low and high boundaries for computing mean and std.dev: (1, 426)
[0000][PE] mean and std.dev: (143.07, 70.51)
[0000][PE] low and high boundaries for proper pairs: (1, 537)
[0000][PE] analyzing insert size distribution for orientation FR...
[0000][PE] (25, 50, 75) percentile: (131, 174, 232)
[0000][PE] low and high boundaries for computing mean and std.dev: (1, 434)
[0000][PE] mean and std.dev: (184.25, 70.20)
[0000][PE] low and high boundaries for proper pairs: (1, 535)
[0000][PE] analyzing insert size distribution for orientation RF...
[0000][PE] (25, 50, 75) percentile: (50, 139, 280)
[0000][PE] low and high boundaries for computing mean and std.dev: (1, 740)
[0000][PE] mean and std.dev: (177.12, 166.64)
[0000][PE] low and high boundaries for proper pairs: (1, 970)
[0000][PE] analyzing insert size distribution for orientation RR...
[0000][PE] (25, 50, 75) percentile: (88, 124, 182)
[0000][PE] low and high boundaries for computing mean and std.dev: (1, 370)
[0000][PE] mean and std.dev: (130.61, 59.21)
[0000][PE] low and high boundaries for proper pairs: (1, 464)
[0000][PE] skip orientation FF
[0000][PE] skip orientation RF
[0000][PE] skip orientation RR
[0000] 3. Calling kt_for - worker_sam
	[0000][ M::mem_process_seqs] Processed 2947798 reads in 785.932 CPU sec, 21.179 real sec
[0000] Calling mem_process_seqs.., task: 3
[0000] 1. Calling kt_for - worker_bwt
[0000] read_chunk: 400000000, work_chunk_size: 400000223, nseq: 2945940
	[0000][ M::kt_pipeline] read 2945940 sequences (400000223 bp)...
[0000] 2. Calling kt_for - worker_aln
[0000] Inferring insert size distribution of PE reads from data, l_pac: 1448878366, n: 2944978
[0000][PE] # candidate unique pairs for (FF, FR, RF, RR): (176, 1113060, 57, 153)
[0000][PE] analyzing insert size distribution for orientation FF...
[0000][PE] (25, 50, 75) percentile: (94, 142, 195)
[0000][PE] low and high boundaries for computing mean and std.dev: (1, 397)
[0000][PE] mean and std.dev: (142.90, 68.59)
[0000][PE] low and high boundaries for proper pairs: (1, 498)
[0000][PE] analyzing insert size distribution for orientation FR...
[0000][PE] (25, 50, 75) percentile: (131, 174, 232)
[0000][PE] low and high boundaries for computing mean and std.dev: (1, 434)
[0000][PE] mean and std.dev: (184.25, 70.14)
[0000][PE] low and high boundaries for proper pairs: (1, 535)
[0000][PE] analyzing insert size distribution for orientation RF...
[0000][PE] (25, 50, 75) percentile: (79, 221, 517)
[0000][PE] low and high boundaries for computing mean and std.dev: (1, 1393)
[0000][PE] mean and std.dev: (289.19, 265.90)
[0000][PE] low and high boundaries for proper pairs: (1, 1831)
[0000][PE] analyzing insert size distribution for orientation RR...
[0000][PE] (25, 50, 75) percentile: (92, 127, 191)
[0000][PE] low and high boundaries for computing mean and std.dev: (1, 389)
[0000][PE] mean and std.dev: (140.77, 69.23)
[0000][PE] low and high boundaries for proper pairs: (1, 488)
[0000][PE] skip orientation FF
[0000][PE] skip orientation RF
[0000][PE] skip orientation RR
[0000] 3. Calling kt_for - worker_sam
	[0000][ M::mem_process_seqs] Processed 2944978 reads in 818.549 CPU sec, 21.822 real sec
[0000] Calling mem_process_seqs.., task: 4
[0000] 1. Calling kt_for - worker_bwt
[0000] 2. Calling kt_for - worker_aln
[0000] read_chunk: 400000000, work_chunk_size: 400000184, nseq: 2947506
	[0000][ M::kt_pipeline] read 2947506 sequences (400000184 bp)...
[0000] Inferring insert size distribution of PE reads from data, l_pac: 1448878366, n: 2945940
[0000][PE] # candidate unique pairs for (FF, FR, RF, RR): (166, 1114876, 64, 159)
[0000][PE] analyzing insert size distribution for orientation FF...
[0000][PE] (25, 50, 75) percentile: (97, 131, 193)
[0000][PE] low and high boundaries for computing mean and std.dev: (1, 385)
[0000][PE] mean and std.dev: (136.18, 65.97)
[0000][PE] low and high boundaries for proper pairs: (1, 481)
[0000][PE] analyzing insert size distribution for orientation FR...
[0000][PE] (25, 50, 75) percentile: (131, 174, 232)
[0000][PE] low and high boundaries for computing mean and std.dev: (1, 434)
[0000][PE] mean and std.dev: (184.24, 70.24)
[0000][PE] low and high boundaries for proper pairs: (1, 535)
[0000][PE] analyzing insert size distribution for orientation RF...
[0000][PE] (25, 50, 75) percentile: (54, 169, 379)
[0000][PE] low and high boundaries for computing mean and std.dev: (1, 1029)
[0000][PE] mean and std.dev: (231.48, 233.67)
[0000][PE] low and high boundaries for proper pairs: (1, 1354)
[0000][PE] analyzing insert size distribution for orientation RR...
[0000][PE] (25, 50, 75) percentile: (83, 128, 195)
[0000][PE] low and high boundaries for computing mean and std.dev: (1, 419)
[0000][PE] mean and std.dev: (128.69, 64.62)
[0000][PE] low and high boundaries for proper pairs: (1, 531)
[0000][PE] skip orientation FF
[0000][PE] skip orientation RF
[0000][PE] skip orientation RR
[0000] 3. Calling kt_for - worker_sam
	[0000][ M::mem_process_seqs] Processed 2945940 reads in 794.383 CPU sec, 20.933 real sec
[0000] Calling mem_process_seqs.., task: 5
[0000] 1. Calling kt_for - worker_bwt
[0000] 2. Calling kt_for - worker_aln
[0000] read_chunk: 400000000, work_chunk_size: 400000277, nseq: 2943394
	[0000][ M::kt_pipeline] read 2943394 sequences (400000277 bp)...
[0000] Inferring insert size distribution of PE reads from data, l_pac: 1448878366, n: 2947506
[0000][PE] # candidate unique pairs for (FF, FR, RF, RR): (160, 1119230, 82, 172)
[0000][PE] analyzing insert size distribution for orientation FF...
[0000][PE] (25, 50, 75) percentile: (83, 123, 166)
[0000][PE] low and high boundaries for computing mean and std.dev: (1, 332)
[0000][PE] mean and std.dev: (123.50, 58.47)
[0000][PE] low and high boundaries for proper pairs: (1, 415)
[0000][PE] analyzing insert size distribution for orientation FR...
[0000][PE] (25, 50, 75) percentile: (131, 174, 232)
[0000][PE] low and high boundaries for computing mean and std.dev: (1, 434)
[0000][PE] mean and std.dev: (184.05, 70.15)
[0000][PE] low and high boundaries for proper pairs: (1, 535)
[0000][PE] analyzing insert size distribution for orientation RF...
[0000][PE] (25, 50, 75) percentile: (67, 174, 356)
[0000][PE] low and high boundaries for computing mean and std.dev: (1, 934)
[0000][PE] mean and std.dev: (228.01, 220.86)
[0000][PE] low and high boundaries for proper pairs: (1, 1223)
[0000][PE] analyzing insert size distribution for orientation RR...
[0000][PE] (25, 50, 75) percentile: (83, 136, 203)
[0000][PE] low and high boundaries for computing mean and std.dev: (1, 443)
[0000][PE] mean and std.dev: (139.70, 73.86)
[0000][PE] low and high boundaries for proper pairs: (1, 563)
[0000][PE] skip orientation FF
[0000][PE] skip orientation RF
[0000][PE] skip orientation RR
[0000] 3. Calling kt_for - worker_sam
	[0000][ M::mem_process_seqs] Processed 2947506 reads in 785.532 CPU sec, 21.647 real sec
[0000] Calling mem_process_seqs.., task: 6
[0000] 1. Calling kt_for - worker_bwt
[0000] read_chunk: 400000000, work_chunk_size: 400000044, nseq: 2947024
	[0000][ M::kt_pipeline] read 2947024 sequences (400000044 bp)...
[0000] 2. Calling kt_for - worker_aln
[0000] Inferring insert size distribution of PE reads from data, l_pac: 1448878366, n: 2943394
[0000][PE] # candidate unique pairs for (FF, FR, RF, RR): (169, 1107421, 72, 145)
[0000][PE] analyzing insert size distribution for orientation FF...
[0000][PE] (25, 50, 75) percentile: (97, 136, 181)
[0000][PE] low and high boundaries for computing mean and std.dev: (1, 349)
[0000][PE] mean and std.dev: (136.40, 60.84)
[0000][PE] low and high boundaries for proper pairs: (1, 433)
[0000][PE] analyzing insert size distribution for orientation FR...
[0000][PE] (25, 50, 75) percentile: (131, 174, 232)
[0000][PE] low and high boundaries for computing mean and std.dev: (1, 434)
[0000][PE] mean and std.dev: (184.22, 70.13)
[0000][PE] low and high boundaries for proper pairs: (1, 535)
[0000][PE] analyzing insert size distribution for orientation RF...
[0000][PE] (25, 50, 75) percentile: (61, 173, 359)
[0000][PE] low and high boundaries for computing mean and std.dev: (1, 955)
[0000][PE] mean and std.dev: (213.78, 204.26)
[0000][PE] low and high boundaries for proper pairs: (1, 1253)
[0000][PE] analyzing insert size distribution for orientation RR...
[0000][PE] (25, 50, 75) percentile: (98, 138, 178)
[0000][PE] low and high boundaries for computing mean and std.dev: (1, 338)
[0000][PE] mean and std.dev: (143.67, 63.05)
[0000][PE] low and high boundaries for proper pairs: (1, 418)
[0000][PE] skip orientation FF
[0000][PE] skip orientation RF
[0000][PE] skip orientation RR
[0000] 3. Calling kt_for - worker_sam
	[0000][ M::mem_process_seqs] Processed 2943394 reads in 806.730 CPU sec, 21.726 real sec
[0000] Calling mem_process_seqs.., task: 7
[0000] 1. Calling kt_for - worker_bwt
[0000] 2. Calling kt_for - worker_aln
[0000] read_chunk: 400000000, work_chunk_size: 400000158, nseq: 2940184
	[0000][ M::kt_pipeline] read 2940184 sequences (400000158 bp)...
[0000] Inferring insert size distribution of PE reads from data, l_pac: 1448878366, n: 2947024
[0000][PE] # candidate unique pairs for (FF, FR, RF, RR): (140, 1128282, 63, 143)
[0000][PE] analyzing insert size distribution for orientation FF...
[0000][PE] (25, 50, 75) percentile: (107, 147, 210)
[0000][PE] low and high boundaries for computing mean and std.dev: (1, 416)
[0000][PE] mean and std.dev: (153.13, 77.32)
[0000][PE] low and high boundaries for proper pairs: (1, 519)
[0000][PE] analyzing insert size distribution for orientation FR...
[0000][PE] (25, 50, 75) percentile: (131, 174, 232)
[0000][PE] low and high boundaries for computing mean and std.dev: (1, 434)
[0000][PE] mean and std.dev: (184.22, 70.22)
[0000][PE] low and high boundaries for proper pairs: (1, 535)
[0000][PE] analyzing insert size distribution for orientation RF...
[0000][PE] (25, 50, 75) percentile: (110, 220, 391)
[0000][PE] low and high boundaries for computing mean and std.dev: (1, 953)
[0000][PE] mean and std.dev: (224.57, 150.70)
[0000][PE] low and high boundaries for proper pairs: (1, 1234)
[0000][PE] analyzing insert size distribution for orientation RR...
[0000][PE] (25, 50, 75) percentile: (90, 132, 184)
[0000][PE] low and high boundaries for computing mean and std.dev: (1, 372)
[0000][PE] mean and std.dev: (136.85, 64.01)
[0000][PE] low and high boundaries for proper pairs: (1, 466)
[0000][PE] skip orientation FF
[0000][PE] skip orientation RF
[0000][PE] skip orientation RR
[0000] 3. Calling kt_for - worker_sam
	[0000][ M::mem_process_seqs] Processed 2947024 reads in 769.223 CPU sec, 20.454 real sec
[0000] Calling mem_process_seqs.., task: 8
[0000] 1. Calling kt_for - worker_bwt
[0000] read_chunk: 400000000, work_chunk_size: 400000002, nseq: 2945592
	[0000][ M::kt_pipeline] read 2945592 sequences (400000002 bp)...
[0000] 2. Calling kt_for - worker_aln
[0000] Inferring insert size distribution of PE reads from data, l_pac: 1448878366, n: 2940184
[0000][PE] # candidate unique pairs for (FF, FR, RF, RR): (164, 1086085, 50, 132)
[0000][PE] analyzing insert size distribution for orientation FF...
[0000][PE] (25, 50, 75) percentile: (88, 129, 188)
[0000][PE] low and high boundaries for computing mean and std.dev: (1, 388)
[0000][PE] mean and std.dev: (135.80, 65.06)
[0000][PE] low and high boundaries for proper pairs: (1, 488)
[0000][PE] analyzing insert size distribution for orientation FR...
[0000][PE] (25, 50, 75) percentile: (131, 174, 232)
[0000][PE] low and high boundaries for computing mean and std.dev: (1, 434)
[0000][PE] mean and std.dev: (184.08, 70.24)
[0000][PE] low and high boundaries for proper pairs: (1, 535)
[0000][PE] analyzing insert size distribution for orientation RF...
[0000][PE] (25, 50, 75) percentile: (62, 109, 322)
[0000][PE] low and high boundaries for computing mean and std.dev: (1, 842)
[0000][PE] mean and std.dev: (195.21, 197.78)
[0000][PE] low and high boundaries for proper pairs: (1, 1102)
[0000][PE] analyzing insert size distribution for orientation RR...
[0000][PE] (25, 50, 75) percentile: (94, 139, 206)
[0000][PE] low and high boundaries for computing mean and std.dev: (1, 430)
[0000][PE] mean and std.dev: (151.52, 83.63)
[0000][PE] low and high boundaries for proper pairs: (1, 542)
[0000][PE] skip orientation FF
[0000][PE] skip orientation RF
[0000][PE] skip orientation RR
[0000] 3. Calling kt_for - worker_sam
	[0000][ M::mem_process_seqs] Processed 2940184 reads in 927.519 CPU sec, 24.343 real sec
[0000] Calling mem_process_seqs.., task: 9
[0000] 1. Calling kt_for - worker_bwt
[0000] 2. Calling kt_for - worker_aln
[0000] Inferring insert size distribution of PE reads from data, l_pac: 1448878366, n: 2945592
[0000][PE] # candidate unique pairs for (FF, FR, RF, RR): (180, 1111594, 80, 149)
[0000][PE] analyzing insert size distribution for orientation FF...
[0000][PE] (25, 50, 75) percentile: (91, 138, 196)
[0000][PE] low and high boundaries for computing mean and std.dev: (1, 406)
[0000][PE] mean and std.dev: (143.94, 73.70)
[0000][PE] low and high boundaries for proper pairs: (1, 511)
[0000][PE] analyzing insert size distribution for orientation FR...
[0000][PE] (25, 50, 75) percentile: (131, 174, 232)
[0000][PE] low and high boundaries for computing mean and std.dev: (1, 434)
[0000][PE] mean and std.dev: (184.24, 70.16)
[0000][PE] low and high boundaries for proper pairs: (1, 535)
[0000][PE] analyzing insert size distribution for orientation RF...
[0000][PE] (25, 50, 75) percentile: (74, 145, 274)
[0000][PE] low and high boundaries for computing mean and std.dev: (1, 674)
[0000][PE] mean and std.dev: (175.88, 146.00)
[0000][PE] low and high boundaries for proper pairs: (1, 874)
[0000][PE] analyzing insert size distribution for orientation RR...
[0000][PE] (25, 50, 75) percentile: (99, 135, 188)
[0000][PE] low and high boundaries for computing mean and std.dev: (1, 366)
[0000][PE] mean and std.dev: (138.47, 60.77)
[0000][PE] low and high boundaries for proper pairs: (1, 455)
[0000][PE] skip orientation FF
[0000][PE] skip orientation RF
[0000][PE] skip orientation RR
[0000] 3. Calling kt_for - worker_sam
[0000] read_chunk: 400000000, work_chunk_size: 400000032, nseq: 2946836
	[0000][ M::kt_pipeline] read 2946836 sequences (400000032 bp)...
	[0000][ M::mem_process_seqs] Processed 2945592 reads in 813.996 CPU sec, 21.762 real sec
[0000] Calling mem_process_seqs.., task: 10
[0000] 1. Calling kt_for - worker_bwt
[0000] 2. Calling kt_for - worker_aln
[0000] read_chunk: 400000000, work_chunk_size: 400000007, nseq: 2947976
	[0000][ M::kt_pipeline] read 2947976 sequences (400000007 bp)...
[0000] Inferring insert size distribution of PE reads from data, l_pac: 1448878366, n: 2946836
[0000][PE] # candidate unique pairs for (FF, FR, RF, RR): (177, 1130527, 62, 142)
[0000][PE] analyzing insert size distribution for orientation FF...
[0000][PE] (25, 50, 75) percentile: (90, 127, 193)
[0000][PE] low and high boundaries for computing mean and std.dev: (1, 399)
[0000][PE] mean and std.dev: (136.27, 70.91)
[0000][PE] low and high boundaries for proper pairs: (1, 502)
[0000][PE] analyzing insert size distribution for orientation FR...
[0000][PE] (25, 50, 75) percentile: (131, 174, 232)
[0000][PE] low and high boundaries for computing mean and std.dev: (1, 434)
[0000][PE] mean and std.dev: (184.28, 70.14)
[0000][PE] low and high boundaries for proper pairs: (1, 535)
[0000][PE] analyzing insert size distribution for orientation RF...
[0000][PE] (25, 50, 75) percentile: (66, 132, 373)
[0000][PE] low and high boundaries for computing mean and std.dev: (1, 987)
[0000][PE] mean and std.dev: (226.18, 228.90)
[0000][PE] low and high boundaries for proper pairs: (1, 1294)
[0000][PE] analyzing insert size distribution for orientation RR...
[0000][PE] (25, 50, 75) percentile: (88, 139, 184)
[0000][PE] low and high boundaries for computing mean and std.dev: (1, 376)
[0000][PE] mean and std.dev: (137.69, 65.28)
[0000][PE] low and high boundaries for proper pairs: (1, 472)
[0000][PE] skip orientation FF
[0000][PE] skip orientation RF
[0000][PE] skip orientation RR
[0000] 3. Calling kt_for - worker_sam
	[0000][ M::mem_process_seqs] Processed 2946836 reads in 768.304 CPU sec, 20.252 real sec
[0000] Reallocating initial memory allocations!!
[0000] Calling mem_process_seqs.., task: 11
[0000] 1. Calling kt_for - worker_bwt
[0000] read_chunk: 400000000, work_chunk_size: 400000133, nseq: 2946036
	[0000][ M::kt_pipeline] read 2946036 sequences (400000133 bp)...
[0000] 2. Calling kt_for - worker_aln
[0000] Inferring insert size distribution of PE reads from data, l_pac: 1448878366, n: 2947976
[0000][PE] # candidate unique pairs for (FF, FR, RF, RR): (155, 1122473, 57, 129)
[0000][PE] analyzing insert size distribution for orientation FF...
[0000][PE] (25, 50, 75) percentile: (88, 130, 187)
[0000][PE] low and high boundaries for computing mean and std.dev: (1, 385)
[0000][PE] mean and std.dev: (139.06, 73.54)
[0000][PE] low and high boundaries for proper pairs: (1, 484)
[0000][PE] analyzing insert size distribution for orientation FR...
[0000][PE] (25, 50, 75) percentile: (131, 174, 232)
[0000][PE] low and high boundaries for computing mean and std.dev: (1, 434)
[0000][PE] mean and std.dev: (184.21, 70.28)
[0000][PE] low and high boundaries for proper pairs: (1, 535)
[0000][PE] analyzing insert size distribution for orientation RF...
[0000][PE] (25, 50, 75) percentile: (99, 166, 343)
[0000][PE] low and high boundaries for computing mean and std.dev: (1, 831)
[0000][PE] mean and std.dev: (220.13, 186.90)
[0000][PE] low and high boundaries for proper pairs: (1, 1075)
[0000][PE] analyzing insert size distribution for orientation RR...
[0000][PE] (25, 50, 75) percentile: (90, 117, 169)
[0000][PE] low and high boundaries for computing mean and std.dev: (1, 327)
[0000][PE] mean and std.dev: (121.91, 61.33)
[0000][PE] low and high boundaries for proper pairs: (1, 406)
[0000][PE] skip orientation FF
[0000][PE] skip orientation RF
[0000][PE] skip orientation RR
[0000] 3. Calling kt_for - worker_sam
	[0000][ M::mem_process_seqs] Processed 2947976 reads in 787.255 CPU sec, 20.298 real sec
[0000] Calling mem_process_seqs.., task: 12
[0000] 1. Calling kt_for - worker_bwt
[0000] 2. Calling kt_for - worker_aln
[0000] read_chunk: 400000000, work_chunk_size: 400000201, nseq: 2943010
	[0000][ M::kt_pipeline] read 2943010 sequences (400000201 bp)...
[0000] Inferring insert size distribution of PE reads from data, l_pac: 1448878366, n: 2946036
[0000][PE] # candidate unique pairs for (FF, FR, RF, RR): (167, 1112492, 63, 161)
[0000][PE] analyzing insert size distribution for orientation FF...
[0000][PE] (25, 50, 75) percentile: (100, 148, 207)
[0000][PE] low and high boundaries for computing mean and std.dev: (1, 421)
[0000][PE] mean and std.dev: (152.68, 73.07)
[0000][PE] low and high boundaries for proper pairs: (1, 528)
[0000][PE] analyzing insert size distribution for orientation FR...
[0000][PE] (25, 50, 75) percentile: (131, 174, 231)
[0000][PE] low and high boundaries for computing mean and std.dev: (1, 431)
[0000][PE] mean and std.dev: (184.11, 70.11)
[0000][PE] low and high boundaries for proper pairs: (1, 531)
[0000][PE] analyzing insert size distribution for orientation RF...
[0000][PE] (25, 50, 75) percentile: (90, 199, 301)
[0000][PE] low and high boundaries for computing mean and std.dev: (1, 723)
[0000][PE] mean and std.dev: (209.49, 171.71)
[0000][PE] low and high boundaries for proper pairs: (1, 934)
[0000][PE] analyzing insert size distribution for orientation RR...
[0000][PE] (25, 50, 75) percentile: (89, 140, 195)
[0000][PE] low and high boundaries for computing mean and std.dev: (1, 407)
[0000][PE] mean and std.dev: (143.20, 71.06)
[0000][PE] low and high boundaries for proper pairs: (1, 513)
[0000][PE] skip orientation FF
[0000][PE] skip orientation RF
[0000][PE] skip orientation RR
[0000] 3. Calling kt_for - worker_sam
	[0000][ M::mem_process_seqs] Processed 2946036 reads in 798.485 CPU sec, 21.388 real sec
[0000] Calling mem_process_seqs.., task: 13
[0000] 1. Calling kt_for - worker_bwt
[0000] 2. Calling kt_for - worker_aln
[0000] read_chunk: 400000000, work_chunk_size: 400000258, nseq: 2941560
	[0000][ M::kt_pipeline] read 2941560 sequences (400000258 bp)...
[0000] Inferring insert size distribution of PE reads from data, l_pac: 1448878366, n: 2943010
[0000][PE] # candidate unique pairs for (FF, FR, RF, RR): (171, 1107114, 77, 162)
[0000][PE] analyzing insert size distribution for orientation FF...
[0000][PE] (25, 50, 75) percentile: (88, 131, 197)
[0000][PE] low and high boundaries for computing mean and std.dev: (1, 415)
[0000][PE] mean and std.dev: (141.70, 66.59)
[0000][PE] low and high boundaries for proper pairs: (1, 524)
[0000][PE] analyzing insert size distribution for orientation FR...
[0000][PE] (25, 50, 75) percentile: (131, 174, 232)
[0000][PE] low and high boundaries for computing mean and std.dev: (1, 434)
[0000][PE] mean and std.dev: (184.44, 70.14)
[0000][PE] low and high boundaries for proper pairs: (1, 535)
[0000][PE] analyzing insert size distribution for orientation RF...
[0000][PE] (25, 50, 75) percentile: (104, 201, 365)
[0000][PE] low and high boundaries for computing mean and std.dev: (1, 887)
[0000][PE] mean and std.dev: (237.04, 193.68)
[0000][PE] low and high boundaries for proper pairs: (1, 1148)
[0000][PE] analyzing insert size distribution for orientation RR...
[0000][PE] (25, 50, 75) percentile: (81, 138, 210)
[0000][PE] low and high boundaries for computing mean and std.dev: (1, 468)
[0000][PE] mean and std.dev: (139.07, 76.87)
[0000][PE] low and high boundaries for proper pairs: (1, 597)
[0000][PE] skip orientation FF
[0000][PE] skip orientation RF
[0000][PE] skip orientation RR
[0000] 3. Calling kt_for - worker_sam
	[0000][ M::mem_process_seqs] Processed 2943010 reads in 806.593 CPU sec, 21.340 real sec
[0000] Calling mem_process_seqs.., task: 14
[0000] 1. Calling kt_for - worker_bwt
[0000] 2. Calling kt_for - worker_aln
[0000] read_chunk: 400000000, work_chunk_size: 400000008, nseq: 2944504
	[0000][ M::kt_pipeline] read 2944504 sequences (400000008 bp)...
[0000] Inferring insert size distribution of PE reads from data, l_pac: 1448878366, n: 2941560
[0000][PE] # candidate unique pairs for (FF, FR, RF, RR): (147, 1100143, 71, 158)
[0000][PE] analyzing insert size distribution for orientation FF...
[0000][PE] (25, 50, 75) percentile: (92, 124, 170)
[0000][PE] low and high boundaries for computing mean and std.dev: (1, 326)
[0000][PE] mean and std.dev: (126.05, 56.10)
[0000][PE] low and high boundaries for proper pairs: (1, 404)
[0000][PE] analyzing insert size distribution for orientation FR...
[0000][PE] (25, 50, 75) percentile: (131, 174, 232)
[0000][PE] low and high boundaries for computing mean and std.dev: (1, 434)
[0000][PE] mean and std.dev: (184.42, 70.14)
[0000][PE] low and high boundaries for proper pairs: (1, 535)
[0000][PE] analyzing insert size distribution for orientation RF...
[0000][PE] (25, 50, 75) percentile: (63, 171, 308)
[0000][PE] low and high boundaries for computing mean and std.dev: (1, 798)
[0000][PE] mean and std.dev: (189.78, 152.71)
[0000][PE] low and high boundaries for proper pairs: (1, 1043)
[0000][PE] analyzing insert size distribution for orientation RR...
[0000][PE] (25, 50, 75) percentile: (94, 147, 195)
[0000][PE] low and high boundaries for computing mean and std.dev: (1, 397)
[0000][PE] mean and std.dev: (148.44, 73.19)
[0000][PE] low and high boundaries for proper pairs: (1, 498)
[0000][PE] skip orientation FF
[0000][PE] skip orientation RF
[0000][PE] skip orientation RR
[0000] 3. Calling kt_for - worker_sam
	[0000][ M::mem_process_seqs] Processed 2941560 reads in 818.773 CPU sec, 21.521 real sec
[0000] Calling mem_process_seqs.., task: 15
[0000] 1. Calling kt_for - worker_bwt
[0000] 2. Calling kt_for - worker_aln
[0000] read_chunk: 400000000, work_chunk_size: 400000128, nseq: 2945922
	[0000][ M::kt_pipeline] read 2945922 sequences (400000128 bp)...
[0000] Inferring insert size distribution of PE reads from data, l_pac: 1448878366, n: 2944504
[0000][PE] # candidate unique pairs for (FF, FR, RF, RR): (165, 1120663, 73, 145)
[0000][PE] analyzing insert size distribution for orientation FF...
[0000][PE] (25, 50, 75) percentile: (94, 131, 194)
[0000][PE] low and high boundaries for computing mean and std.dev: (1, 394)
[0000][PE] mean and std.dev: (140.94, 70.20)
[0000][PE] low and high boundaries for proper pairs: (1, 494)
[0000][PE] analyzing insert size distribution for orientation FR...
[0000][PE] (25, 50, 75) percentile: (131, 174, 232)
[0000][PE] low and high boundaries for computing mean and std.dev: (1, 434)
[0000][PE] mean and std.dev: (184.31, 70.11)
[0000][PE] low and high boundaries for proper pairs: (1, 535)
[0000][PE] analyzing insert size distribution for orientation RF...
[0000][PE] (25, 50, 75) percentile: (70, 167, 446)
[0000][PE] low and high boundaries for computing mean and std.dev: (1, 1198)
[0000][PE] mean and std.dev: (233.29, 205.45)
[0000][PE] low and high boundaries for proper pairs: (1, 1574)
[0000][PE] analyzing insert size distribution for orientation RR...
[0000][PE] (25, 50, 75) percentile: (91, 144, 209)
[0000][PE] low and high boundaries for computing mean and std.dev: (1, 445)
[0000][PE] mean and std.dev: (139.82, 71.03)
[0000][PE] low and high boundaries for proper pairs: (1, 563)
[0000][PE] skip orientation FF
[0000][PE] skip orientation RF
[0000][PE] skip orientation RR
[0000] 3. Calling kt_for - worker_sam
	[0000][ M::mem_process_seqs] Processed 2944504 reads in 774.732 CPU sec, 21.069 real sec
[0000] Calling mem_process_seqs.., task: 16
[0000] 1. Calling kt_for - worker_bwt
[0000] 2. Calling kt_for - worker_aln
[0000] read_chunk: 400000000, work_chunk_size: 400000078, nseq: 2943946
	[0000][ M::kt_pipeline] read 2943946 sequences (400000078 bp)...
[0000] Inferring insert size distribution of PE reads from data, l_pac: 1448878366, n: 2945922
[0000][PE] # candidate unique pairs for (FF, FR, RF, RR): (173, 1122316, 39, 154)
[0000][PE] analyzing insert size distribution for orientation FF...
[0000][PE] (25, 50, 75) percentile: (101, 128, 206)
[0000][PE] low and high boundaries for computing mean and std.dev: (1, 416)
[0000][PE] mean and std.dev: (144.58, 67.00)
[0000][PE] low and high boundaries for proper pairs: (1, 521)
[0000][PE] analyzing insert size distribution for orientation FR...
[0000][PE] (25, 50, 75) percentile: (131, 174, 232)
[0000][PE] low and high boundaries for computing mean and std.dev: (1, 434)
[0000][PE] mean and std.dev: (184.31, 70.17)
[0000][PE] low and high boundaries for proper pairs: (1, 535)
[0000][PE] analyzing insert size distribution for orientation RF...
[0000][PE] (25, 50, 75) percentile: (97, 179, 364)
[0000][PE] low and high boundaries for computing mean and std.dev: (1, 898)
[0000][PE] mean and std.dev: (251.89, 217.01)
[0000][PE] low and high boundaries for proper pairs: (1, 1165)
[0000][PE] analyzing insert size distribution for orientation RR...
[0000][PE] (25, 50, 75) percentile: (89, 127, 182)
[0000][PE] low and high boundaries for computing mean and std.dev: (1, 368)
[0000][PE] mean and std.dev: (135.01, 61.93)
[0000][PE] low and high boundaries for proper pairs: (1, 461)
[0000][PE] skip orientation FF
[0000][PE] skip orientation RF
[0000][PE] skip orientation RR
[0000] 3. Calling kt_for - worker_sam
	[0000][ M::mem_process_seqs] Processed 2945922 reads in 789.218 CPU sec, 20.751 real sec
[0000] Calling mem_process_seqs.., task: 17
[0000] 1. Calling kt_for - worker_bwt
[0000] 2. Calling kt_for - worker_aln
[0000] read_chunk: 400000000, work_chunk_size: 400000210, nseq: 2934096
	[0000][ M::kt_pipeline] read 2934096 sequences (400000210 bp)...
[0000] Inferring insert size distribution of PE reads from data, l_pac: 1448878366, n: 2943946
[0000][PE] # candidate unique pairs for (FF, FR, RF, RR): (185, 1112138, 71, 152)
[0000][PE] analyzing insert size distribution for orientation FF...
[0000][PE] (25, 50, 75) percentile: (87, 134, 205)
[0000][PE] low and high boundaries for computing mean and std.dev: (1, 441)
[0000][PE] mean and std.dev: (140.49, 69.45)
[0000][PE] low and high boundaries for proper pairs: (1, 559)
[0000][PE] analyzing insert size distribution for orientation FR...
[0000][PE] (25, 50, 75) percentile: (131, 174, 232)
[0000][PE] low and high boundaries for computing mean and std.dev: (1, 434)
[0000][PE] mean and std.dev: (184.44, 70.14)
[0000][PE] low and high boundaries for proper pairs: (1, 535)
[0000][PE] analyzing insert size distribution for orientation RF...
[0000][PE] (25, 50, 75) percentile: (97, 224, 521)
[0000][PE] low and high boundaries for computing mean and std.dev: (1, 1369)
[0000][PE] mean and std.dev: (313.80, 307.31)
[0000][PE] low and high boundaries for proper pairs: (1, 1793)
[0000][PE] analyzing insert size distribution for orientation RR...
[0000][PE] (25, 50, 75) percentile: (89, 126, 187)
[0000][PE] low and high boundaries for computing mean and std.dev: (1, 383)
[0000][PE] mean and std.dev: (132.72, 65.12)
[0000][PE] low and high boundaries for proper pairs: (1, 481)
[0000][PE] skip orientation FF
[0000][PE] skip orientation RF
[0000][PE] skip orientation RR
[0000] 3. Calling kt_for - worker_sam
	[0000][ M::mem_process_seqs] Processed 2943946 reads in 812.342 CPU sec, 21.360 real sec
[0000] Calling mem_process_seqs.., task: 18
[0000] 1. Calling kt_for - worker_bwt
[0000] read_chunk: 400000000, work_chunk_size: 400000106, nseq: 2946664
	[0000][ M::kt_pipeline] read 2946664 sequences (400000106 bp)...
[0000] 2. Calling kt_for - worker_aln
[0000] Inferring insert size distribution of PE reads from data, l_pac: 1448878366, n: 2934096
[0000][PE] # candidate unique pairs for (FF, FR, RF, RR): (149, 1046364, 47, 137)
[0000][PE] analyzing insert size distribution for orientation FF...
[0000][PE] (25, 50, 75) percentile: (84, 126, 177)
[0000][PE] low and high boundaries for computing mean and std.dev: (1, 363)
[0000][PE] mean and std.dev: (129.05, 63.95)
[0000][PE] low and high boundaries for proper pairs: (1, 456)
[0000][PE] analyzing insert size distribution for orientation FR...
[0000][PE] (25, 50, 75) percentile: (131, 174, 231)
[0000][PE] low and high boundaries for computing mean and std.dev: (1, 431)
[0000][PE] mean and std.dev: (184.10, 70.17)
[0000][PE] low and high boundaries for proper pairs: (1, 531)
[0000][PE] analyzing insert size distribution for orientation RF...
[0000][PE] (25, 50, 75) percentile: (59, 198, 533)
[0000][PE] low and high boundaries for computing mean and std.dev: (1, 1481)
[0000][PE] mean and std.dev: (286.36, 284.31)
[0000][PE] low and high boundaries for proper pairs: (1, 1955)
[0000][PE] analyzing insert size distribution for orientation RR...
[0000][PE] (25, 50, 75) percentile: (78, 135, 175)
[0000][PE] low and high boundaries for computing mean and std.dev: (1, 369)
[0000][PE] mean and std.dev: (137.02, 70.84)
[0000][PE] low and high boundaries for proper pairs: (1, 466)
[0000][PE] skip orientation FF
[0000][PE] skip orientation RF
[0000][PE] skip orientation RR
[0000] 3. Calling kt_for - worker_sam
	[0000][ M::mem_process_seqs] Processed 2934096 reads in 1096.717 CPU sec, 29.467 real sec
[0000] Calling mem_process_seqs.., task: 19
[0000] 1. Calling kt_for - worker_bwt
[0000] 2. Calling kt_for - worker_aln
[0000] read_chunk: 400000000, work_chunk_size: 400000088, nseq: 2943596
	[0000][ M::kt_pipeline] read 2943596 sequences (400000088 bp)...
[0000] Inferring insert size distribution of PE reads from data, l_pac: 1448878366, n: 2946664
[0000][PE] # candidate unique pairs for (FF, FR, RF, RR): (162, 1120578, 63, 147)
[0000][PE] analyzing insert size distribution for orientation FF...
[0000][PE] (25, 50, 75) percentile: (88, 127, 171)
[0000][PE] low and high boundaries for computing mean and std.dev: (1, 337)
[0000][PE] mean and std.dev: (128.90, 59.60)
[0000][PE] low and high boundaries for proper pairs: (1, 420)
[0000][PE] analyzing insert size distribution for orientation FR...
[0000][PE] (25, 50, 75) percentile: (131, 174, 231)
[0000][PE] low and high boundaries for computing mean and std.dev: (1, 431)
[0000][PE] mean and std.dev: (184.11, 70.17)
[0000][PE] low and high boundaries for proper pairs: (1, 531)
[0000][PE] analyzing insert size distribution for orientation RF...
[0000][PE] (25, 50, 75) percentile: (48, 127, 259)
[0000][PE] low and high boundaries for computing mean and std.dev: (1, 681)
[0000][PE] mean and std.dev: (174.18, 164.92)
[0000][PE] low and high boundaries for proper pairs: (1, 892)
[0000][PE] analyzing insert size distribution for orientation RR...
[0000][PE] (25, 50, 75) percentile: (87, 123, 180)
[0000][PE] low and high boundaries for computing mean and std.dev: (1, 366)
[0000][PE] mean and std.dev: (132.79, 64.40)
[0000][PE] low and high boundaries for proper pairs: (1, 459)
[0000][PE] skip orientation FF
[0000][PE] skip orientation RF
[0000][PE] skip orientation RR
[0000] 3. Calling kt_for - worker_sam
	[0000][ M::mem_process_seqs] Processed 2946664 reads in 772.886 CPU sec, 20.409 real sec
[0000] Calling mem_process_seqs.., task: 20
[0000] 1. Calling kt_for - worker_bwt
[0000] 2. Calling kt_for - worker_aln
[0000] read_chunk: 400000000, work_chunk_size: 400000019, nseq: 2946620
	[0000][ M::kt_pipeline] read 2946620 sequences (400000019 bp)...
[0000] Inferring insert size distribution of PE reads from data, l_pac: 1448878366, n: 2943596
[0000][PE] # candidate unique pairs for (FF, FR, RF, RR): (154, 1111810, 70, 149)
[0000][PE] analyzing insert size distribution for orientation FF...
[0000][PE] (25, 50, 75) percentile: (85, 134, 197)
[0000][PE] low and high boundaries for computing mean and std.dev: (1, 421)
[0000][PE] mean and std.dev: (138.61, 73.08)
[0000][PE] low and high boundaries for proper pairs: (1, 533)
[0000][PE] analyzing insert size distribution for orientation FR...
[0000][PE] (25, 50, 75) percentile: (131, 174, 232)
[0000][PE] low and high boundaries for computing mean and std.dev: (1, 434)
[0000][PE] mean and std.dev: (184.38, 70.09)
[0000][PE] low and high boundaries for proper pairs: (1, 535)
[0000][PE] analyzing insert size distribution for orientation RF...
[0000][PE] (25, 50, 75) percentile: (74, 177, 312)
[0000][PE] low and high boundaries for computing mean and std.dev: (1, 788)
[0000][PE] mean and std.dev: (214.60, 171.79)
[0000][PE] low and high boundaries for proper pairs: (1, 1026)
[0000][PE] analyzing insert size distribution for orientation RR...
[0000][PE] (25, 50, 75) percentile: (85, 128, 189)
[0000][PE] low and high boundaries for computing mean and std.dev: (1, 397)
[0000][PE] mean and std.dev: (133.01, 67.11)
[0000][PE] low and high boundaries for proper pairs: (1, 501)
[0000][PE] skip orientation FF
[0000][PE] skip orientation RF
[0000][PE] skip orientation RR
[0000] 3. Calling kt_for - worker_sam
	[0000][ M::mem_process_seqs] Processed 2943596 reads in 788.019 CPU sec, 21.464 real sec
[0000] Calling mem_process_seqs.., task: 21
[0000] 1. Calling kt_for - worker_bwt
[0000] 2. Calling kt_for - worker_aln
[0000] read_chunk: 400000000, work_chunk_size: 400000070, nseq: 2946484
	[0000][ M::kt_pipeline] read 2946484 sequences (400000070 bp)...
[0000] Inferring insert size distribution of PE reads from data, l_pac: 1448878366, n: 2946620
[0000][PE] # candidate unique pairs for (FF, FR, RF, RR): (177, 1115053, 68, 157)
[0000][PE] analyzing insert size distribution for orientation FF...
[0000][PE] (25, 50, 75) percentile: (91, 131, 191)
[0000][PE] low and high boundaries for computing mean and std.dev: (1, 391)
[0000][PE] mean and std.dev: (137.36, 66.90)
[0000][PE] low and high boundaries for proper pairs: (1, 491)
[0000][PE] analyzing insert size distribution for orientation FR...
[0000][PE] (25, 50, 75) percentile: (131, 174, 232)
[0000][PE] low and high boundaries for computing mean and std.dev: (1, 434)
[0000][PE] mean and std.dev: (184.26, 70.12)
[0000][PE] low and high boundaries for proper pairs: (1, 535)
[0000][PE] analyzing insert size distribution for orientation RF...
[0000][PE] (25, 50, 75) percentile: (78, 205, 356)
[0000][PE] low and high boundaries for computing mean and std.dev: (1, 912)
[0000][PE] mean and std.dev: (225.94, 192.43)
[0000][PE] low and high boundaries for proper pairs: (1, 1190)
[0000][PE] analyzing insert size distribution for orientation RR...
[0000][PE] (25, 50, 75) percentile: (90, 132, 187)
[0000][PE] low and high boundaries for computing mean and std.dev: (1, 381)
[0000][PE] mean and std.dev: (140.30, 63.79)
[0000][PE] low and high boundaries for proper pairs: (1, 478)
[0000][PE] skip orientation FF
[0000][PE] skip orientation RF
[0000][PE] skip orientation RR
[0000] 3. Calling kt_for - worker_sam
	[0000][ M::mem_process_seqs] Processed 2946620 reads in 786.245 CPU sec, 20.481 real sec
[0000] Calling mem_process_seqs.., task: 22
[0000] 1. Calling kt_for - worker_bwt
[0000] 2. Calling kt_for - worker_aln
[0000] Inferring insert size distribution of PE reads from data, l_pac: 1448878366, n: 2946484
[0000][PE] # candidate unique pairs for (FF, FR, RF, RR): (177, 1129432, 59, 154)
[0000][PE] analyzing insert size distribution for orientation FF...
[0000][PE] (25, 50, 75) percentile: (94, 134, 208)
[0000][PE] low and high boundaries for computing mean and std.dev: (1, 436)
[0000][PE] mean and std.dev: (146.49, 78.43)
[0000][PE] low and high boundaries for proper pairs: (1, 550)
[0000][PE] analyzing insert size distribution for orientation FR...
[0000][PE] (25, 50, 75) percentile: (131, 174, 232)
[0000][PE] low and high boundaries for computing mean and std.dev: (1, 434)
[0000][PE] mean and std.dev: (184.19, 70.23)
[0000][PE] low and high boundaries for proper pairs: (1, 535)
[0000][PE] analyzing insert size distribution for orientation RF...
[0000][PE] (25, 50, 75) percentile: (84, 289, 556)
[0000][PE] low and high boundaries for computing mean and std.dev: (1, 1500)
[0000][PE] mean and std.dev: (328.34, 311.43)
[0000][PE] low and high boundaries for proper pairs: (1, 1972)
[0000][PE] analyzing insert size distribution for orientation RR...
[0000][PE] (25, 50, 75) percentile: (95, 145, 199)
[0000][PE] low and high boundaries for computing mean and std.dev: (1, 407)
[0000][PE] mean and std.dev: (146.12, 68.21)
[0000][PE] low and high boundaries for proper pairs: (1, 511)
[0000][PE] skip orientation FF
[0000][PE] skip orientation RF
[0000][PE] skip orientation RR
[0000] 3. Calling kt_for - worker_sam
	[0000][ M::mem_process_seqs] Processed 2946484 reads in 779.563 CPU sec, 29.890 real sec
[0000] read_chunk: 400000000, work_chunk_size: 400000230, nseq: 2944396
	[0000][ M::kt_pipeline] read 2944396 sequences (400000230 bp)...
[0000] Calling mem_process_seqs.., task: 23
[0000] 1. Calling kt_for - worker_bwt
[0000] read_chunk: 400000000, work_chunk_size: 400000170, nseq: 2948780
	[0000][ M::kt_pipeline] read 2948780 sequences (400000170 bp)...
[0000] 2. Calling kt_for - worker_aln
[0000] Inferring insert size distribution of PE reads from data, l_pac: 1448878366, n: 2944396
[0000][PE] # candidate unique pairs for (FF, FR, RF, RR): (169, 1103916, 61, 165)
[0000][PE] analyzing insert size distribution for orientation FF...
[0000][PE] (25, 50, 75) percentile: (90, 130, 191)
[0000][PE] low and high boundaries for computing mean and std.dev: (1, 393)
[0000][PE] mean and std.dev: (134.41, 64.93)
[0000][PE] low and high boundaries for proper pairs: (1, 494)
[0000][PE] analyzing insert size distribution for orientation FR...
[0000][PE] (25, 50, 75) percentile: (131, 174, 232)
[0000][PE] low and high boundaries for computing mean and std.dev: (1, 434)
[0000][PE] mean and std.dev: (184.12, 70.12)
[0000][PE] low and high boundaries for proper pairs: (1, 535)
[0000][PE] analyzing insert size distribution for orientation RF...
[0000][PE] (25, 50, 75) percentile: (149, 259, 505)
[0000][PE] low and high boundaries for computing mean and std.dev: (1, 1217)
[0000][PE] mean and std.dev: (281.14, 192.44)
[0000][PE] low and high boundaries for proper pairs: (1, 1573)
[0000][PE] analyzing insert size distribution for orientation RR...
[0000][PE] (25, 50, 75) percentile: (93, 134, 199)
[0000][PE] low and high boundaries for computing mean and std.dev: (1, 411)
[0000][PE] mean and std.dev: (143.55, 67.54)
[0000][PE] low and high boundaries for proper pairs: (1, 517)
[0000][PE] skip orientation FF
[0000][PE] skip orientation RF
[0000][PE] skip orientation RR
[0000] 3. Calling kt_for - worker_sam
	[0000][ M::mem_process_seqs] Processed 2944396 reads in 849.388 CPU sec, 22.390 real sec
[0000] Reallocating initial memory allocations!!
[0000] Calling mem_process_seqs.., task: 24
[0000] 1. Calling kt_for - worker_bwt
[0000] read_chunk: 400000000, work_chunk_size: 400000039, nseq: 2945812
	[0000][ M::kt_pipeline] read 2945812 sequences (400000039 bp)...
[0000] 2. Calling kt_for - worker_aln
[0000] Inferring insert size distribution of PE reads from data, l_pac: 1448878366, n: 2948780
[0000][PE] # candidate unique pairs for (FF, FR, RF, RR): (173, 1129247, 49, 150)
[0000][PE] analyzing insert size distribution for orientation FF...
[0000][PE] (25, 50, 75) percentile: (90, 130, 192)
[0000][PE] low and high boundaries for computing mean and std.dev: (1, 396)
[0000][PE] mean and std.dev: (140.79, 70.97)
[0000][PE] low and high boundaries for proper pairs: (1, 498)
[0000][PE] analyzing insert size distribution for orientation FR...
[0000][PE] (25, 50, 75) percentile: (131, 174, 232)
[0000][PE] low and high boundaries for computing mean and std.dev: (1, 434)
[0000][PE] mean and std.dev: (184.17, 70.20)
[0000][PE] low and high boundaries for proper pairs: (1, 535)
[0000][PE] analyzing insert size distribution for orientation RF...
[0000][PE] (25, 50, 75) percentile: (99, 226, 479)
[0000][PE] low and high boundaries for computing mean and std.dev: (1, 1239)
[0000][PE] mean and std.dev: (306.47, 271.46)
[0000][PE] low and high boundaries for proper pairs: (1, 1619)
[0000][PE] analyzing insert size distribution for orientation RR...
[0000][PE] (25, 50, 75) percentile: (88, 122, 175)
[0000][PE] low and high boundaries for computing mean and std.dev: (1, 349)
[0000][PE] mean and std.dev: (125.27, 56.29)
[0000][PE] low and high boundaries for proper pairs: (1, 436)
[0000][PE] skip orientation FF
[0000][PE] skip orientation RF
[0000][PE] skip orientation RR
[0000] 3. Calling kt_for - worker_sam
	[0000][ M::mem_process_seqs] Processed 2948780 reads in 757.864 CPU sec, 19.766 real sec
[0000] Calling mem_process_seqs.., task: 25
[0000] 1. Calling kt_for - worker_bwt
[0000] 2. Calling kt_for - worker_aln
[0000] read_chunk: 400000000, work_chunk_size: 400000154, nseq: 2944524
	[0000][ M::kt_pipeline] read 2944524 sequences (400000154 bp)...
[0000] Inferring insert size distribution of PE reads from data, l_pac: 1448878366, n: 2945812
[0000][PE] # candidate unique pairs for (FF, FR, RF, RR): (195, 1119976, 61, 142)
[0000][PE] analyzing insert size distribution for orientation FF...
[0000][PE] (25, 50, 75) percentile: (85, 131, 182)
[0000][PE] low and high boundaries for computing mean and std.dev: (1, 376)
[0000][PE] mean and std.dev: (133.37, 64.07)
[0000][PE] low and high boundaries for proper pairs: (1, 473)
[0000][PE] analyzing insert size distribution for orientation FR...
[0000][PE] (25, 50, 75) percentile: (131, 174, 232)
[0000][PE] low and high boundaries for computing mean and std.dev: (1, 434)
[0000][PE] mean and std.dev: (184.27, 70.27)
[0000][PE] low and high boundaries for proper pairs: (1, 535)
[0000][PE] analyzing insert size distribution for orientation RF...
[0000][PE] (25, 50, 75) percentile: (70, 198, 317)
[0000][PE] low and high boundaries for computing mean and std.dev: (1, 811)
[0000][PE] mean and std.dev: (205.73, 175.23)
[0000][PE] low and high boundaries for proper pairs: (1, 1058)
[0000][PE] analyzing insert size distribution for orientation RR...
[0000][PE] (25, 50, 75) percentile: (87, 133, 182)
[0000][PE] low and high boundaries for computing mean and std.dev: (1, 372)
[0000][PE] mean and std.dev: (137.11, 70.61)
[0000][PE] low and high boundaries for proper pairs: (1, 467)
[0000][PE] skip orientation FF
[0000][PE] skip orientation RF
[0000][PE] skip orientation RR
[0000] 3. Calling kt_for - worker_sam
	[0000][ M::mem_process_seqs] Processed 2945812 reads in 797.607 CPU sec, 21.483 real sec
[0000] Calling mem_process_seqs.., task: 26
[0000] 1. Calling kt_for - worker_bwt
[0000] 2. Calling kt_for - worker_aln
[0000] read_chunk: 400000000, work_chunk_size: 400000217, nseq: 2944418
	[0000][ M::kt_pipeline] read 2944418 sequences (400000217 bp)...
[0000] Inferring insert size distribution of PE reads from data, l_pac: 1448878366, n: 2944524
[0000][PE] # candidate unique pairs for (FF, FR, RF, RR): (152, 1110212, 62, 162)
[0000][PE] analyzing insert size distribution for orientation FF...
[0000][PE] (25, 50, 75) percentile: (90, 134, 185)
[0000][PE] low and high boundaries for computing mean and std.dev: (1, 375)
[0000][PE] mean and std.dev: (134.68, 62.33)
[0000][PE] low and high boundaries for proper pairs: (1, 470)
[0000][PE] analyzing insert size distribution for orientation FR...
[0000][PE] (25, 50, 75) percentile: (131, 174, 231)
[0000][PE] low and high boundaries for computing mean and std.dev: (1, 431)
[0000][PE] mean and std.dev: (184.05, 69.99)
[0000][PE] low and high boundaries for proper pairs: (1, 531)
[0000][PE] analyzing insert size distribution for orientation RF...
[0000][PE] (25, 50, 75) percentile: (72, 203, 428)
[0000][PE] low and high boundaries for computing mean and std.dev: (1, 1140)
[0000][PE] mean and std.dev: (261.42, 242.22)
[0000][PE] low and high boundaries for proper pairs: (1, 1496)
[0000][PE] analyzing insert size distribution for orientation RR...
[0000][PE] (25, 50, 75) percentile: (84, 135, 192)
[0000][PE] low and high boundaries for computing mean and std.dev: (1, 408)
[0000][PE] mean and std.dev: (139.41, 70.63)
[0000][PE] low and high boundaries for proper pairs: (1, 516)
[0000][PE] skip orientation FF
[0000][PE] skip orientation RF
[0000][PE] skip orientation RR
[0000] 3. Calling kt_for - worker_sam
	[0000][ M::mem_process_seqs] Processed 2944524 reads in 791.439 CPU sec, 20.806 real sec
[0000] Calling mem_process_seqs.., task: 27
[0000] 1. Calling kt_for - worker_bwt
[0000] 2. Calling kt_for - worker_aln
[0000] read_chunk: 400000000, work_chunk_size: 400000217, nseq: 2945982
	[0000][ M::kt_pipeline] read 2945982 sequences (400000217 bp)...
[0000] Inferring insert size distribution of PE reads from data, l_pac: 1448878366, n: 2944418
[0000][PE] # candidate unique pairs for (FF, FR, RF, RR): (184, 1116664, 60, 136)
[0000][PE] analyzing insert size distribution for orientation FF...
[0000][PE] (25, 50, 75) percentile: (84, 131, 190)
[0000][PE] low and high boundaries for computing mean and std.dev: (1, 402)
[0000][PE] mean and std.dev: (138.15, 68.05)
[0000][PE] low and high boundaries for proper pairs: (1, 508)
[0000][PE] analyzing insert size distribution for orientation FR...
[0000][PE] (25, 50, 75) percentile: (131, 174, 232)
[0000][PE] low and high boundaries for computing mean and std.dev: (1, 434)
[0000][PE] mean and std.dev: (184.29, 70.13)
[0000][PE] low and high boundaries for proper pairs: (1, 535)
[0000][PE] analyzing insert size distribution for orientation RF...
[0000][PE] (25, 50, 75) percentile: (81, 230, 449)
[0000][PE] low and high boundaries for computing mean and std.dev: (1, 1185)
[0000][PE] mean and std.dev: (302.19, 310.17)
[0000][PE] low and high boundaries for proper pairs: (1, 1553)
[0000][PE] analyzing insert size distribution for orientation RR...
[0000][PE] (25, 50, 75) percentile: (101, 140, 185)
[0000][PE] low and high boundaries for computing mean and std.dev: (1, 353)
[0000][PE] mean and std.dev: (142.87, 67.01)
[0000][PE] low and high boundaries for proper pairs: (1, 437)
[0000][PE] skip orientation FF
[0000][PE] skip orientation RF
[0000][PE] skip orientation RR
[0000] 3. Calling kt_for - worker_sam
	[0000][ M::mem_process_seqs] Processed 2944418 reads in 779.202 CPU sec, 20.783 real sec
[0000] Calling mem_process_seqs.., task: 28
[0000] 1. Calling kt_for - worker_bwt
[0000] 2. Calling kt_for - worker_aln
[0000] read_chunk: 400000000, work_chunk_size: 400000266, nseq: 2944210
	[0000][ M::kt_pipeline] read 2944210 sequences (400000266 bp)...
[0000] Inferring insert size distribution of PE reads from data, l_pac: 1448878366, n: 2945982
[0000][PE] # candidate unique pairs for (FF, FR, RF, RR): (180, 1118209, 58, 149)
[0000][PE] analyzing insert size distribution for orientation FF...
[0000][PE] (25, 50, 75) percentile: (89, 137, 196)
[0000][PE] low and high boundaries for computing mean and std.dev: (1, 410)
[0000][PE] mean and std.dev: (139.64, 64.66)
[0000][PE] low and high boundaries for proper pairs: (1, 517)
[0000][PE] analyzing insert size distribution for orientation FR...
[0000][PE] (25, 50, 75) percentile: (131, 174, 231)
[0000][PE] low and high boundaries for computing mean and std.dev: (1, 431)
[0000][PE] mean and std.dev: (184.09, 70.10)
[0000][PE] low and high boundaries for proper pairs: (1, 531)
[0000][PE] analyzing insert size distribution for orientation RF...
[0000][PE] (25, 50, 75) percentile: (86, 252, 408)
[0000][PE] low and high boundaries for computing mean and std.dev: (1, 1052)
[0000][PE] mean and std.dev: (263.31, 227.95)
[0000][PE] low and high boundaries for proper pairs: (1, 1374)
[0000][PE] analyzing insert size distribution for orientation RR...
[0000][PE] (25, 50, 75) percentile: (90, 128, 178)
[0000][PE] low and high boundaries for computing mean and std.dev: (1, 354)
[0000][PE] mean and std.dev: (136.65, 63.32)
[0000][PE] low and high boundaries for proper pairs: (1, 442)
[0000][PE] skip orientation FF
[0000][PE] skip orientation RF
[0000][PE] skip orientation RR
[0000] 3. Calling kt_for - worker_sam
	[0000][ M::mem_process_seqs] Processed 2945982 reads in 773.323 CPU sec, 20.495 real sec
[0000] Calling mem_process_seqs.., task: 29
[0000] 1. Calling kt_for - worker_bwt
[0000] 2. Calling kt_for - worker_aln
[0000] Inferring insert size distribution of PE reads from data, l_pac: 1448878366, n: 2944210
[0000][PE] # candidate unique pairs for (FF, FR, RF, RR): (161, 1116142, 58, 156)
[0000][PE] analyzing insert size distribution for orientation FF...
[0000][PE] (25, 50, 75) percentile: (92, 134, 191)
[0000][PE] low and high boundaries for computing mean and std.dev: (1, 389)
[0000][PE] mean and std.dev: (138.52, 67.33)
[0000][PE] low and high boundaries for proper pairs: (1, 488)
[0000][PE] analyzing insert size distribution for orientation FR...
[0000][PE] (25, 50, 75) percentile: (131, 174, 232)
[0000][PE] low and high boundaries for computing mean and std.dev: (1, 434)
[0000][PE] mean and std.dev: (184.42, 70.15)
[0000][PE] low and high boundaries for proper pairs: (1, 535)
[0000][PE] analyzing insert size distribution for orientation RF...
[0000][PE] (25, 50, 75) percentile: (79, 232, 415)
[0000][PE] low and high boundaries for computing mean and std.dev: (1, 1087)
[0000][PE] mean and std.dev: (261.46, 235.12)
[0000][PE] low and high boundaries for proper pairs: (1, 1423)
[0000][PE] analyzing insert size distribution for orientation RR...
[0000][PE] (25, 50, 75) percentile: (94, 145, 202)
[0000][PE] low and high boundaries for computing mean and std.dev: (1, 418)
[0000][PE] mean and std.dev: (137.94, 64.65)
[0000][PE] low and high boundaries for proper pairs: (1, 526)
[0000][PE] skip orientation FF
[0000][PE] skip orientation RF
[0000][PE] skip orientation RR
[0000] 3. Calling kt_for - worker_sam
[0000] read_chunk: 400000000, work_chunk_size: 400000255, nseq: 2949886
	[0000][ M::kt_pipeline] read 2949886 sequences (400000255 bp)...
	[0000][ M::mem_process_seqs] Processed 2944210 reads in 791.353 CPU sec, 21.177 real sec
[0000] Reallocating initial memory allocations!!
[0000] Calling mem_process_seqs.., task: 30
[0000] 1. Calling kt_for - worker_bwt
[0000] read_chunk: 400000000, work_chunk_size: 400000124, nseq: 2943370
	[0000][ M::kt_pipeline] read 2943370 sequences (400000124 bp)...
[0000] 2. Calling kt_for - worker_aln
[0000] Inferring insert size distribution of PE reads from data, l_pac: 1448878366, n: 2949886
[0000][PE] # candidate unique pairs for (FF, FR, RF, RR): (191, 1123041, 75, 146)
[0000][PE] analyzing insert size distribution for orientation FF...
[0000][PE] (25, 50, 75) percentile: (88, 140, 198)
[0000][PE] low and high boundaries for computing mean and std.dev: (1, 418)
[0000][PE] mean and std.dev: (139.84, 71.49)
[0000][PE] low and high boundaries for proper pairs: (1, 528)
[0000][PE] analyzing insert size distribution for orientation FR...
[0000][PE] (25, 50, 75) percentile: (131, 174, 232)
[0000][PE] low and high boundaries for computing mean and std.dev: (1, 434)
[0000][PE] mean and std.dev: (184.13, 70.22)
[0000][PE] low and high boundaries for proper pairs: (1, 535)
[0000][PE] analyzing insert size distribution for orientation RF...
[0000][PE] (25, 50, 75) percentile: (71, 184, 406)
[0000][PE] low and high boundaries for computing mean and std.dev: (1, 1076)
[0000][PE] mean and std.dev: (247.01, 219.39)
[0000][PE] low and high boundaries for proper pairs: (1, 1411)
[0000][PE] analyzing insert size distribution for orientation RR...
[0000][PE] (25, 50, 75) percentile: (94, 141, 186)
[0000][PE] low and high boundaries for computing mean and std.dev: (1, 370)
[0000][PE] mean and std.dev: (139.62, 64.17)
[0000][PE] low and high boundaries for proper pairs: (1, 462)
[0000][PE] skip orientation FF
[0000][PE] skip orientation RF
[0000][PE] skip orientation RR
[0000] 3. Calling kt_for - worker_sam
	[0000][ M::mem_process_seqs] Processed 2949886 reads in 762.563 CPU sec, 20.565 real sec
[0000] Calling mem_process_seqs.., task: 31
[0000] 1. Calling kt_for - worker_bwt
[0000] 2. Calling kt_for - worker_aln
[0000] read_chunk: 400000000, work_chunk_size: 400000239, nseq: 2948174
	[0000][ M::kt_pipeline] read 2948174 sequences (400000239 bp)...
[0000] Inferring insert size distribution of PE reads from data, l_pac: 1448878366, n: 2943370
[0000][PE] # candidate unique pairs for (FF, FR, RF, RR): (180, 1112562, 43, 147)
[0000][PE] analyzing insert size distribution for orientation FF...
[0000][PE] (25, 50, 75) percentile: (85, 129, 180)
[0000][PE] low and high boundaries for computing mean and std.dev: (1, 370)
[0000][PE] mean and std.dev: (131.79, 67.34)
[0000][PE] low and high boundaries for proper pairs: (1, 465)
[0000][PE] analyzing insert size distribution for orientation FR...
[0000][PE] (25, 50, 75) percentile: (131, 174, 232)
[0000][PE] low and high boundaries for computing mean and std.dev: (1, 434)
[0000][PE] mean and std.dev: (184.14, 70.19)
[0000][PE] low and high boundaries for proper pairs: (1, 535)
[0000][PE] analyzing insert size distribution for orientation RF...
[0000][PE] (25, 50, 75) percentile: (112, 177, 336)
[0000][PE] low and high boundaries for computing mean and std.dev: (1, 784)
[0000][PE] mean and std.dev: (193.97, 143.49)
[0000][PE] low and high boundaries for proper pairs: (1, 1008)
[0000][PE] analyzing insert size distribution for orientation RR...
[0000][PE] (25, 50, 75) percentile: (84, 119, 179)
[0000][PE] low and high boundaries for computing mean and std.dev: (1, 369)
[0000][PE] mean and std.dev: (125.62, 63.59)
[0000][PE] low and high boundaries for proper pairs: (1, 464)
[0000][PE] skip orientation FF
[0000][PE] skip orientation RF
[0000][PE] skip orientation RR
[0000] 3. Calling kt_for - worker_sam
	[0000][ M::mem_process_seqs] Processed 2943370 reads in 804.300 CPU sec, 22.151 real sec
[0000] Calling mem_process_seqs.., task: 32
[0000] 1. Calling kt_for - worker_bwt
[0000] 2. Calling kt_for - worker_aln
[0000] Inferring insert size distribution of PE reads from data, l_pac: 1448878366, n: 2948174
[0000] read_chunk: 400000000, work_chunk_size: 400000167, nseq: 2949560
	[0000][ M::kt_pipeline] read 2949560 sequences (400000167 bp)...
[0000][PE] # candidate unique pairs for (FF, FR, RF, RR): (173, 1126156, 62, 174)
[0000][PE] analyzing insert size distribution for orientation FF...
[0000][PE] (25, 50, 75) percentile: (98, 134, 203)
[0000][PE] low and high boundaries for computing mean and std.dev: (1, 413)
[0000][PE] mean and std.dev: (146.29, 74.68)
[0000][PE] low and high boundaries for proper pairs: (1, 518)
[0000][PE] analyzing insert size distribution for orientation FR...
[0000][PE] (25, 50, 75) percentile: (131, 174, 232)
[0000][PE] low and high boundaries for computing mean and std.dev: (1, 434)
[0000][PE] mean and std.dev: (184.15, 70.24)
[0000][PE] low and high boundaries for proper pairs: (1, 535)
[0000][PE] analyzing insert size distribution for orientation RF...
[0000][PE] (25, 50, 75) percentile: (77, 162, 270)
[0000][PE] low and high boundaries for computing mean and std.dev: (1, 656)
[0000][PE] mean and std.dev: (188.70, 139.26)
[0000][PE] low and high boundaries for proper pairs: (1, 849)
[0000][PE] analyzing insert size distribution for orientation RR...
[0000][PE] (25, 50, 75) percentile: (93, 135, 202)
[0000][PE] low and high boundaries for computing mean and std.dev: (1, 420)
[0000][PE] mean and std.dev: (144.06, 71.50)
[0000][PE] low and high boundaries for proper pairs: (1, 529)
[0000][PE] skip orientation FF
[0000][PE] skip orientation RF
[0000][PE] skip orientation RR
[0000] 3. Calling kt_for - worker_sam
	[0000][ M::mem_process_seqs] Processed 2948174 reads in 761.641 CPU sec, 20.168 real sec
[0000] Calling mem_process_seqs.., task: 33
[0000] 1. Calling kt_for - worker_bwt
[0000] 2. Calling kt_for - worker_aln
[0000] Inferring insert size distribution of PE reads from data, l_pac: 1448878366, n: 2949560
[0000][PE] # candidate unique pairs for (FF, FR, RF, RR): (174, 1113099, 47, 140)
[0000][PE] analyzing insert size distribution for orientation FF...
[0000][PE] (25, 50, 75) percentile: (83, 129, 188)
[0000][PE] low and high boundaries for computing mean and std.dev: (1, 398)
[0000][PE] mean and std.dev: (136.85, 71.71)
[0000][PE] low and high boundaries for proper pairs: (1, 503)
[0000][PE] analyzing insert size distribution for orientation FR...
[0000][PE] (25, 50, 75) percentile: (131, 174, 231)
[0000][PE] low and high boundaries for computing mean and std.dev: (1, 431)
[0000][PE] mean and std.dev: (184.11, 70.15)
[0000][PE] low and high boundaries for proper pairs: (1, 531)
[0000][PE] analyzing insert size distribution for orientation RF...
[0000][PE] (25, 50, 75) percentile: (101, 209, 365)
[0000][PE] low and high boundaries for computing mean and std.dev: (1, 893)
[0000][PE] mean and std.dev: (221.93, 155.47)
[0000][PE] low and high boundaries for proper pairs: (1, 1157)
[0000][PE] analyzing insert size distribution for orientation RR...
[0000][PE] (25, 50, 75) percentile: (85, 131, 189)
[0000][PE] low and high boundaries for computing mean and std.dev: (1, 397)
[0000][PE] mean and std.dev: (138.49, 70.85)
[0000][PE] low and high boundaries for proper pairs: (1, 501)
[0000][PE] skip orientation FF
[0000][PE] skip orientation RF
[0000][PE] skip orientation RR
[0000] 3. Calling kt_for - worker_sam
[0000] read_chunk: 400000000, work_chunk_size: 400000259, nseq: 2943812
	[0000][ M::kt_pipeline] read 2943812 sequences (400000259 bp)...
	[0000][ M::mem_process_seqs] Processed 2949560 reads in 794.382 CPU sec, 21.288 real sec
[0000] Calling mem_process_seqs.., task: 34
[0000] 1. Calling kt_for - worker_bwt
[0000] 2. Calling kt_for - worker_aln
[0000] Inferring insert size distribution of PE reads from data, l_pac: 1448878366, n: 2943812
[0000][PE] # candidate unique pairs for (FF, FR, RF, RR): (153, 1111325, 71, 165)
[0000][PE] analyzing insert size distribution for orientation FF...
[0000][PE] (25, 50, 75) percentile: (94, 141, 209)
[0000][PE] low and high boundaries for computing mean and std.dev: (1, 439)
[0000][PE] mean and std.dev: (149.95, 77.05)
[0000][PE] low and high boundaries for proper pairs: (1, 554)
[0000][PE] analyzing insert size distribution for orientation FR...
[0000][PE] (25, 50, 75) percentile: (131, 174, 232)
[0000][PE] low and high boundaries for computing mean and std.dev: (1, 434)
[0000][PE] mean and std.dev: (184.16, 70.14)
[0000][PE] low and high boundaries for proper pairs: (1, 535)
[0000][PE] analyzing insert size distribution for orientation RF...
[0000][PE] (25, 50, 75) percentile: (98, 240, 433)
[0000][PE] low and high boundaries for computing mean and std.dev: (1, 1103)
[0000][PE] mean and std.dev: (264.85, 244.29)
[0000][PE] low and high boundaries for proper pairs: (1, 1438)
[0000][PE] analyzing insert size distribution for orientation RR...
[0000][PE] (25, 50, 75) percentile: (95, 125, 185)
[0000][PE] low and high boundaries for computing mean and std.dev: (1, 365)
[0000][PE] mean and std.dev: (133.54, 61.87)
[0000][PE] low and high boundaries for proper pairs: (1, 455)
[0000][PE] skip orientation FF
[0000][PE] skip orientation RF
[0000][PE] skip orientation RR
[0000] 3. Calling kt_for - worker_sam
[0000] read_chunk: 400000000, work_chunk_size: 400000045, nseq: 2945608
	[0000][ M::kt_pipeline] read 2945608 sequences (400000045 bp)...
	[0000][ M::mem_process_seqs] Processed 2943812 reads in 848.598 CPU sec, 22.882 real sec
[0000] Calling mem_process_seqs.., task: 35
[0000] 1. Calling kt_for - worker_bwt
[0000] read_chunk: 400000000, work_chunk_size: 7231586, nseq: 53396
	[0000][ M::kt_pipeline] read 53396 sequences (7231586 bp)...
[0000] 2. Calling kt_for - worker_aln
[0000] Inferring insert size distribution of PE reads from data, l_pac: 1448878366, n: 2945608
[0000][PE] # candidate unique pairs for (FF, FR, RF, RR): (177, 1113997, 62, 163)
[0000][PE] analyzing insert size distribution for orientation FF...
[0000][PE] (25, 50, 75) percentile: (79, 130, 182)
[0000][PE] low and high boundaries for computing mean and std.dev: (1, 388)
[0000][PE] mean and std.dev: (133.13, 69.65)
[0000][PE] low and high boundaries for proper pairs: (1, 491)
[0000][PE] analyzing insert size distribution for orientation FR...
[0000][PE] (25, 50, 75) percentile: (131, 174, 232)
[0000][PE] low and high boundaries for computing mean and std.dev: (1, 434)
[0000][PE] mean and std.dev: (184.49, 70.14)
[0000][PE] low and high boundaries for proper pairs: (1, 535)
[0000][PE] analyzing insert size distribution for orientation RF...
[0000][PE] (25, 50, 75) percentile: (107, 184, 429)
[0000][PE] low and high boundaries for computing mean and std.dev: (1, 1073)
[0000][PE] mean and std.dev: (255.35, 232.68)
[0000][PE] low and high boundaries for proper pairs: (1, 1395)
[0000][PE] analyzing insert size distribution for orientation RR...
[0000][PE] (25, 50, 75) percentile: (103, 144, 214)
[0000][PE] low and high boundaries for computing mean and std.dev: (1, 436)
[0000][PE] mean and std.dev: (148.15, 71.27)
[0000][PE] low and high boundaries for proper pairs: (1, 547)
[0000][PE] skip orientation FF
[0000][PE] skip orientation RF
[0000][PE] skip orientation RR
[0000] 3. Calling kt_for - worker_sam
	[0000][ M::mem_process_seqs] Processed 2945608 reads in 778.107 CPU sec, 20.420 real sec
[0000] Calling mem_process_seqs.., task: 36
[0000] 1. Calling kt_for - worker_bwt
[0000] 2. Calling kt_for - worker_aln
[0000] Inferring insert size distribution of PE reads from data, l_pac: 1448878366, n: 53396
[0000][PE] # candidate unique pairs for (FF, FR, RF, RR): (1, 20418, 1, 4)
[0000][PE] skip orientation FF as there are not enough pairs
[0000][PE] analyzing insert size distribution for orientation FR...
[0000][PE] (25, 50, 75) percentile: (131, 173, 231)
[0000][PE] low and high boundaries for computing mean and std.dev: (1, 431)
[0000][PE] mean and std.dev: (183.50, 70.49)
[0000][PE] low and high boundaries for proper pairs: (1, 531)
[0000][PE] skip orientation RF as there are not enough pairs
[0000][PE] skip orientation RR as there are not enough pairs
[0000] 3. Calling kt_for - worker_sam
	[0000][ M::mem_process_seqs] Processed 53396 reads in 20.757 CPU sec, 0.936 real sec
[0000] read_chunk: 400000000, work_chunk_size: 0, nseq: 0
[0000] read_chunk: 400000000, work_chunk_size: 0, nseq: 0
[0000] Computation ends..
No. of OMP threads: 40
Processor is running @2394.682636 MHz
Runtime profile:

	Time taken for main_mem function: 895.21 sec

	IO times (sec) :
	Reading IO time (reads) avg: 342.44, (342.44, 342.44)
	Writing IO time (SAM) avg: 257.38, (257.38, 257.38)
	Reading IO time (Reference Genome) avg: 1.74, (1.74, 1.74)
	Index read time avg: 4.95, (4.95, 4.95)

	Overall time (sec) (Excluding Index reading time):
	PROCESS() (Total compute time + (read + SAM) IO time) : 885.97
	MEM_PROCESS_SEQ() (Total compute time (Kernel + SAM)), avg: 783.68, (783.68, 783.68)

	 SAM Processing time (sec):
	--WORKER_SAM avg: 112.20, (112.20, 112.20)

	Kernels' compute time (sec):
	Total kernel (smem+sal+bsw) time avg: 653.35, (653.35, 653.35)
		MEM_ALN_CHAIN_FLT avg: 0.00, (0.00, 0.00)
		MEM_ALN_CHAIN_SEED avg: 0.00, (0.00, 0.00)
		ERT_SEED_CHAIN avg: 0.00, (0.00, 0.00)
	LEARNED_SEED_CHAIN avg: 0.00, (0.00, 0.00)
		SMEM compute avg: 321.76, (323.80, 319.82)
		SAL compute avg: 129.79, (130.98, 128.53)
				MEM_SA avg: 50.63, (51.10, 49.77)

		BSW time, avg: 169.22, (169.48, 168.85)

Important parameter settings: 
	BATCH_SIZE: 512
	MAX_SEQ_LEN_REF: 256
	MAX_SEQ_LEN_QER: 128
	MAX_SEQ_LEN8: 128
	SEEDS_PER_READ: 500
	SIMD_WIDTH8 X: 64
	SIMD_WIDTH16 X: 32
	AVG_SEEDS_PER_READ: 64
