Looking to launch executable "/opt/conda/bin/bwa-meme_mode3.avx512bw", simd = _mode3.avx512bw
Launching executable "/opt/conda/bin/bwa-meme_mode3.avx512bw"
-----------------------------
Executing in AVX512 mode!!
-----------------------------
* SA compression enabled with xfactor: 8
* Ref file: reference.ssl.Sne.fasta
* Entering FMI_search
Reading other elements of the index from files reference.ssl.Sne.fasta
* Index prefix: reference.ssl.Sne.fasta
* Read 0 ALT contigs
* Reading reference genome..
* Binary seq file = reference.ssl.Sne.fasta.0123
* Reference genome size: 2897756732 bp
* Done reading reference genome !!

------------------------------------------
1. Memory pre-allocation for Chaining: 5679.4903 MB
2. Memory pre-allocation for BSW: 9584.6810 MB
[M::memoryAllocLearned::MEME] Reading Learned-index models into memory
[Learned-Config] MODE:3 SEARCH_METHOD: 1 MEM_TRADEOFF:1 EXPONENTIAL_SMEMSEARCH: 1 DEBUG_MODE:0 Num 2nd Models:268435456 PWL Bits Used:28
[M::memoryAllocLearned::MEME] Loading RMI model and Pac reference file took 19.095 sec
[M::memoryAllocLearned::MEME] Reading suffix array into memory
[M::memoryAllocLearned::MEME] Loading pos_packed file took 29.515 sec
[M::memoryAllocLearned::MEME] Generating SA, 64-bit Suffix and ISA in memory
[M::memoryAllocLearned::MEME] Runtime-build-index took 32.685 sec
3. Memory pre-allocation for BWT: 15132.1744 MB
------------------------------------------
* Threads used (compute): 40
* No. of pipeline threads: 2

[0000] read_chunk: 400000000, work_chunk_size: 400000028, nseq: 3058424
	[0000][ M::kt_pipeline] read 3058424 sequences (400000028 bp)...
[0000] Reallocating initial memory allocations!!
[0000] read_chunk: 400000000, work_chunk_size: 400000201, nseq: 3057524
	[0000][ M::kt_pipeline] read 3057524 sequences (400000201 bp)...
[0000] Calling mem_process_seqs.., task: 0
[0000] 1. Calling kt_for - worker_bwt
[0000] 2. Calling kt_for - worker_aln
[0000] Inferring insert size distribution of PE reads from data, l_pac: 1448878366, n: 3058424
[0000][PE] # candidate unique pairs for (FF, FR, RF, RR): (39, 1169852, 38, 43)
[0000][PE] analyzing insert size distribution for orientation FF...
[0000][PE] (25, 50, 75) percentile: (114, 162, 203)
[0000][PE] low and high boundaries for computing mean and std.dev: (1, 381)
[0000][PE] mean and std.dev: (152.95, 58.85)
[0000][PE] low and high boundaries for proper pairs: (1, 470)
[0000][PE] analyzing insert size distribution for orientation FR...
[0000][PE] (25, 50, 75) percentile: (117, 154, 205)
[0000][PE] low and high boundaries for computing mean and std.dev: (1, 381)
[0000][PE] mean and std.dev: (165.23, 64.87)
[0000][PE] low and high boundaries for proper pairs: (1, 469)
[0000][PE] analyzing insert size distribution for orientation RF...
[0000][PE] (25, 50, 75) percentile: (75, 195, 508)
[0000][PE] low and high boundaries for computing mean and std.dev: (1, 1374)
[0000][PE] mean and std.dev: (265.78, 233.43)
[0000][PE] low and high boundaries for proper pairs: (1, 1807)
[0000][PE] analyzing insert size distribution for orientation RR...
[0000][PE] (25, 50, 75) percentile: (86, 141, 195)
[0000][PE] low and high boundaries for computing mean and std.dev: (1, 413)
[0000][PE] mean and std.dev: (135.87, 71.03)
[0000][PE] low and high boundaries for proper pairs: (1, 522)
[0000][PE] skip orientation FF
[0000][PE] skip orientation RF
[0000][PE] skip orientation RR
[0000] 3. Calling kt_for - worker_sam
	[0000][ M::mem_process_seqs] Processed 3058424 reads in 593.379 CPU sec, 18.738 real sec
[0000] Calling mem_process_seqs.., task: 1
[0000] 1. Calling kt_for - worker_bwt
[0000] 2. Calling kt_for - worker_aln
[0000] Inferring insert size distribution of PE reads from data, l_pac: 1448878366, n: 3057524
[0000][PE] # candidate unique pairs for (FF, FR, RF, RR): (40, 1168964, 45, 36)
[0000][PE] analyzing insert size distribution for orientation FF...
[0000][PE] (25, 50, 75) percentile: (120, 160, 203)
[0000][PE] low and high boundaries for computing mean and std.dev: (1, 369)
[0000][PE] mean and std.dev: (149.64, 54.42)
[0000][PE] low and high boundaries for proper pairs: (1, 452)
[0000][PE] analyzing insert size distribution for orientation FR...
[0000][PE] (25, 50, 75) percentile: (117, 154, 204)
[0000][PE] low and high boundaries for computing mean and std.dev: (1, 378)
[0000][PE] mean and std.dev: (165.13, 64.80)
[0000][PE] low and high boundaries for proper pairs: (1, 465)
[0000][PE] analyzing insert size distribution for orientation RF...
[0000][PE] (25, 50, 75) percentile: (82, 168, 404)
[0000][PE] low and high boundaries for computing mean and std.dev: (1, 1048)
[0000][PE] mean and std.dev: (227.42, 207.89)
[0000][PE] low and high boundaries for proper pairs: (1, 1370)
[0000][PE] analyzing insert size distribution for orientation RR...
[0000][PE] (25, 50, 75) percentile: (78, 142, 189)
[0000][PE] low and high boundaries for computing mean and std.dev: (1, 411)
[0000][PE] mean and std.dev: (125.73, 63.27)
[0000][PE] low and high boundaries for proper pairs: (1, 522)
[0000][PE] skip orientation FF
[0000][PE] skip orientation RF
[0000][PE] skip orientation RR
[0000] 3. Calling kt_for - worker_sam
	[0000][ M::mem_process_seqs] Processed 3057524 reads in 597.664 CPU sec, 17.324 real sec
[0000] read_chunk: 400000000, work_chunk_size: 400000290, nseq: 3055658
	[0000][ M::kt_pipeline] read 3055658 sequences (400000290 bp)...
[0000] Calling mem_process_seqs.., task: 2
[0000] 1. Calling kt_for - worker_bwt
[0000] 2. Calling kt_for - worker_aln
[0000] read_chunk: 400000000, work_chunk_size: 400000209, nseq: 3056994
	[0000][ M::kt_pipeline] read 3056994 sequences (400000209 bp)...
[0000] Inferring insert size distribution of PE reads from data, l_pac: 1448878366, n: 3055658
[0000][PE] # candidate unique pairs for (FF, FR, RF, RR): (38, 1162145, 55, 30)
[0000][PE] analyzing insert size distribution for orientation FF...
[0000][PE] (25, 50, 75) percentile: (72, 120, 172)
[0000][PE] low and high boundaries for computing mean and std.dev: (1, 372)
[0000][PE] mean and std.dev: (123.11, 65.73)
[0000][PE] low and high boundaries for proper pairs: (1, 472)
[0000][PE] analyzing insert size distribution for orientation FR...
[0000][PE] (25, 50, 75) percentile: (117, 154, 204)
[0000][PE] low and high boundaries for computing mean and std.dev: (1, 378)
[0000][PE] mean and std.dev: (165.17, 64.80)
[0000][PE] low and high boundaries for proper pairs: (1, 465)
[0000][PE] analyzing insert size distribution for orientation RF...
[0000][PE] (25, 50, 75) percentile: (93, 232, 380)
[0000][PE] low and high boundaries for computing mean and std.dev: (1, 954)
[0000][PE] mean and std.dev: (274.70, 213.80)
[0000][PE] low and high boundaries for proper pairs: (1, 1241)
[0000][PE] analyzing insert size distribution for orientation RR...
[0000][PE] (25, 50, 75) percentile: (73, 118, 169)
[0000][PE] low and high boundaries for computing mean and std.dev: (1, 361)
[0000][PE] mean and std.dev: (112.23, 56.80)
[0000][PE] low and high boundaries for proper pairs: (1, 457)
[0000][PE] skip orientation FF
[0000][PE] skip orientation RF
[0000][PE] skip orientation RR
[0000] 3. Calling kt_for - worker_sam
	[0000][ M::mem_process_seqs] Processed 3055658 reads in 629.306 CPU sec, 20.667 real sec
[0000] Calling mem_process_seqs.., task: 3
[0000] 1. Calling kt_for - worker_bwt
[0000] 2. Calling kt_for - worker_aln
[0000] Inferring insert size distribution of PE reads from data, l_pac: 1448878366, n: 3056994
[0000][PE] # candidate unique pairs for (FF, FR, RF, RR): (53, 1168808, 47, 36)
[0000][PE] analyzing insert size distribution for orientation FF...
[0000][PE] (25, 50, 75) percentile: (96, 136, 189)
[0000][PE] low and high boundaries for computing mean and std.dev: (1, 375)
[0000][PE] mean and std.dev: (128.83, 50.01)
[0000][PE] low and high boundaries for proper pairs: (1, 468)
[0000][PE] analyzing insert size distribution for orientation FR...
[0000][PE] (25, 50, 75) percentile: (117, 154, 205)
[0000][PE] low and high boundaries for computing mean and std.dev: (1, 381)
[0000][PE] mean and std.dev: (165.24, 64.81)
[0000][PE] low and high boundaries for proper pairs: (1, 469)
[0000][PE] analyzing insert size distribution for orientation RF...
[0000][PE] (25, 50, 75) percentile: (108, 254, 563)
[0000][PE] low and high boundaries for computing mean and std.dev: (1, 1473)
[0000][PE] mean and std.dev: (317.67, 275.38)
[0000][PE] low and high boundaries for proper pairs: (1, 1928)
[0000][PE] analyzing insert size distribution for orientation RR...
[0000][PE] (25, 50, 75) percentile: (84, 117, 173)
[0000][PE] low and high boundaries for computing mean and std.dev: (1, 351)
[0000][PE] mean and std.dev: (121.32, 67.09)
[0000][PE] low and high boundaries for proper pairs: (1, 440)
[0000][PE] skip orientation FF
[0000][PE] skip orientation RF
[0000][PE] skip orientation RR
[0000] 3. Calling kt_for - worker_sam
[0000] read_chunk: 400000000, work_chunk_size: 400000222, nseq: 3056112
	[0000][ M::kt_pipeline] read 3056112 sequences (400000222 bp)...
	[0000][ M::mem_process_seqs] Processed 3056994 reads in 609.654 CPU sec, 17.971 real sec
[0000] Calling mem_process_seqs.., task: 4
[0000] 1. Calling kt_for - worker_bwt
[0000] 2. Calling kt_for - worker_aln
[0000] Inferring insert size distribution of PE reads from data, l_pac: 1448878366, n: 3056112
[0000] read_chunk: 400000000, work_chunk_size: 294823641, nseq: 2254040
	[0000][ M::kt_pipeline] read 2254040 sequences (294823641 bp)...
[0000][PE] # candidate unique pairs for (FF, FR, RF, RR): (37, 1169132, 38, 24)
[0000][PE] analyzing insert size distribution for orientation FF...
[0000][PE] (25, 50, 75) percentile: (69, 108, 166)
[0000][PE] low and high boundaries for computing mean and std.dev: (1, 360)
[0000][PE] mean and std.dev: (110.67, 58.76)
[0000][PE] low and high boundaries for proper pairs: (1, 457)
[0000][PE] analyzing insert size distribution for orientation FR...
[0000][PE] (25, 50, 75) percentile: (117, 154, 205)
[0000][PE] low and high boundaries for computing mean and std.dev: (1, 381)
[0000][PE] mean and std.dev: (165.29, 64.79)
[0000][PE] low and high boundaries for proper pairs: (1, 469)
[0000][PE] analyzing insert size distribution for orientation RF...
[0000][PE] (25, 50, 75) percentile: (52, 244, 436)
[0000][PE] low and high boundaries for computing mean and std.dev: (1, 1204)
[0000][PE] mean and std.dev: (254.31, 228.49)
[0000][PE] low and high boundaries for proper pairs: (1, 1588)
[0000][PE] analyzing insert size distribution for orientation RR...
[0000][PE] (25, 50, 75) percentile: (83, 116, 155)
[0000][PE] low and high boundaries for computing mean and std.dev: (1, 299)
[0000][PE] mean and std.dev: (111.95, 46.11)
[0000][PE] low and high boundaries for proper pairs: (1, 371)
[0000][PE] skip orientation FF
[0000][PE] skip orientation RF
[0000][PE] skip orientation RR
[0000] 3. Calling kt_for - worker_sam
	[0000][ M::mem_process_seqs] Processed 3056112 reads in 595.547 CPU sec, 16.753 real sec
[0000] Calling mem_process_seqs.., task: 5
[0000] 1. Calling kt_for - worker_bwt
[0000] 2. Calling kt_for - worker_aln
[0000] read_chunk: 400000000, work_chunk_size: 0, nseq: 0
[0000] Inferring insert size distribution of PE reads from data, l_pac: 1448878366, n: 2254040
[0000][PE] # candidate unique pairs for (FF, FR, RF, RR): (30, 863941, 32, 29)
[0000][PE] analyzing insert size distribution for orientation FF...
[0000][PE] (25, 50, 75) percentile: (90, 144, 170)
[0000][PE] low and high boundaries for computing mean and std.dev: (1, 330)
[0000][PE] mean and std.dev: (121.04, 45.11)
[0000][PE] low and high boundaries for proper pairs: (1, 410)
[0000][PE] analyzing insert size distribution for orientation FR...
[0000][PE] (25, 50, 75) percentile: (117, 154, 204)
[0000][PE] low and high boundaries for computing mean and std.dev: (1, 378)
[0000][PE] mean and std.dev: (165.18, 64.77)
[0000][PE] low and high boundaries for proper pairs: (1, 465)
[0000][PE] analyzing insert size distribution for orientation RF...
[0000][PE] (25, 50, 75) percentile: (82, 201, 474)
[0000][PE] low and high boundaries for computing mean and std.dev: (1, 1258)
[0000][PE] mean and std.dev: (281.32, 268.13)
[0000][PE] low and high boundaries for proper pairs: (1, 1650)
[0000][PE] analyzing insert size distribution for orientation RR...
[0000][PE] (25, 50, 75) percentile: (91, 134, 257)
[0000][PE] low and high boundaries for computing mean and std.dev: (1, 589)
[0000][PE] mean and std.dev: (158.26, 93.82)
[0000][PE] low and high boundaries for proper pairs: (1, 755)
[0000][PE] skip orientation FF
[0000][PE] skip orientation RF
[0000][PE] skip orientation RR
[0000] 3. Calling kt_for - worker_sam
	[0000][ M::mem_process_seqs] Processed 2254040 reads in 438.601 CPU sec, 12.311 real sec
[0000] read_chunk: 400000000, work_chunk_size: 0, nseq: 0
[0000] Computation ends..
No. of OMP threads: 40
Processor is running @2394.713970 MHz
Runtime profile:

	Time taken for main_mem function: 228.81 sec

	IO times (sec) :
	Reading IO time (reads) avg: 80.87, (80.87, 80.87)
	Writing IO time (SAM) avg: 40.61, (40.61, 40.61)
	Reading IO time (Reference Genome) avg: 1.39, (1.39, 1.39)
	Index read time avg: 1.88, (1.88, 1.88)

	Overall time (sec) (Excluding Index reading time):
	PROCESS() (Total compute time + (read + SAM) IO time) : 223.43
	MEM_PROCESS_SEQ() (Total compute time (Kernel + SAM)), avg: 103.75, (103.75, 103.75)

	 SAM Processing time (sec):
	--WORKER_SAM avg: 20.66, (20.66, 20.66)

	Kernels' compute time (sec):
	Total kernel (smem+sal+bsw) time avg: 80.97, (80.97, 80.97)
		MEM_ALN_CHAIN_FLT avg: 0.00, (0.00, 0.00)
		MEM_ALN_CHAIN_SEED avg: 0.00, (0.00, 0.00)
		ERT_SEED_CHAIN avg: 0.00, (0.00, 0.00)
	LEARNED_SEED_CHAIN avg: 43.18, (43.67, 42.91)
		SMEM compute avg: 0.00, (0.00, 0.00)
		SAL compute avg: 0.00, (0.00, 0.00)
				MEM_SA avg: 0.00, (0.00, 0.00)

		BSW time, avg: 35.03, (35.14, 34.89)

Important parameter settings: 
	BATCH_SIZE: 512
	MAX_SEQ_LEN_REF: 256
	MAX_SEQ_LEN_QER: 128
	MAX_SEQ_LEN8: 128
	SEEDS_PER_READ: 500
	SIMD_WIDTH8 X: 64
	SIMD_WIDTH16 X: 32
	AVG_SEEDS_PER_READ: 64
