Looking to launch executable "/opt/conda/bin/bwa-meme_mode3.avx512bw", simd = _mode3.avx512bw
Launching executable "/opt/conda/bin/bwa-meme_mode3.avx512bw"
-----------------------------
Executing in AVX512 mode!!
-----------------------------
* SA compression enabled with xfactor: 8
* Ref file: reference.ssl.Sne.fasta
* Entering FMI_search
Reading other elements of the index from files reference.ssl.Sne.fasta
* Index prefix: reference.ssl.Sne.fasta
* Read 0 ALT contigs
* Reading reference genome..
* Binary seq file = reference.ssl.Sne.fasta.0123
* Reference genome size: 2897756732 bp
* Done reading reference genome !!

------------------------------------------
1. Memory pre-allocation for Chaining: 5679.4903 MB
2. Memory pre-allocation for BSW: 9584.6810 MB
[M::memoryAllocLearned::MEME] Reading Learned-index models into memory
[Learned-Config] MODE:3 SEARCH_METHOD: 1 MEM_TRADEOFF:1 EXPONENTIAL_SMEMSEARCH: 1 DEBUG_MODE:0 Num 2nd Models:268435456 PWL Bits Used:28
[M::memoryAllocLearned::MEME] Loading RMI model and Pac reference file took 16.456 sec
[M::memoryAllocLearned::MEME] Reading suffix array into memory
[M::memoryAllocLearned::MEME] Loading pos_packed file took 26.446 sec
[M::memoryAllocLearned::MEME] Generating SA, 64-bit Suffix and ISA in memory
[M::memoryAllocLearned::MEME] Runtime-build-index took 32.442 sec
3. Memory pre-allocation for BWT: 15132.1744 MB
------------------------------------------
* Threads used (compute): 40
* No. of pipeline threads: 2

[0000] read_chunk: 400000000, work_chunk_size: 400000077, nseq: 3182760
	[0000][ M::kt_pipeline] read 3182760 sequences (400000077 bp)...
[0000] Reallocating initial memory allocations!!
[0000] read_chunk: 400000000, work_chunk_size: 175939265, nseq: 1400562
	[0000][ M::kt_pipeline] read 1400562 sequences (175939265 bp)...
[0000] Calling mem_process_seqs.., task: 0
[0000] 1. Calling kt_for - worker_bwt
[0000] 2. Calling kt_for - worker_aln
[0000] Inferring insert size distribution of PE reads from data, l_pac: 1448878366, n: 3182760
[0000][PE] # candidate unique pairs for (FF, FR, RF, RR): (92, 1157400, 51, 67)
[0000][PE] analyzing insert size distribution for orientation FF...
[0000][PE] (25, 50, 75) percentile: (79, 118, 156)
[0000][PE] low and high boundaries for computing mean and std.dev: (1, 310)
[0000][PE] mean and std.dev: (113.64, 54.81)
[0000][PE] low and high boundaries for proper pairs: (1, 387)
[0000][PE] analyzing insert size distribution for orientation FR...
[0000][PE] (25, 50, 75) percentile: (107, 146, 195)
[0000][PE] low and high boundaries for computing mean and std.dev: (1, 371)
[0000][PE] mean and std.dev: (156.48, 66.60)
[0000][PE] low and high boundaries for proper pairs: (1, 459)
[0000][PE] analyzing insert size distribution for orientation RF...
[0000][PE] (25, 50, 75) percentile: (81, 152, 364)
[0000][PE] low and high boundaries for computing mean and std.dev: (1, 930)
[0000][PE] mean and std.dev: (221.51, 189.55)
[0000][PE] low and high boundaries for proper pairs: (1, 1213)
[0000][PE] analyzing insert size distribution for orientation RR...
[0000][PE] (25, 50, 75) percentile: (66, 90, 155)
[0000][PE] low and high boundaries for computing mean and std.dev: (1, 333)
[0000][PE] mean and std.dev: (109.55, 65.46)
[0000][PE] low and high boundaries for proper pairs: (1, 422)
[0000][PE] skip orientation FF
[0000][PE] skip orientation RF
[0000][PE] skip orientation RR
[0000] 3. Calling kt_for - worker_sam
	[0000][ M::mem_process_seqs] Processed 3182760 reads in 619.518 CPU sec, 27.118 real sec
[0000] Calling mem_process_seqs.., task: 1
[0000] 1. Calling kt_for - worker_bwt
[0000] 2. Calling kt_for - worker_aln
[0000] Inferring insert size distribution of PE reads from data, l_pac: 1448878366, n: 1400562
[0000][PE] # candidate unique pairs for (FF, FR, RF, RR): (38, 511305, 21, 28)
[0000][PE] analyzing insert size distribution for orientation FF...
[0000][PE] (25, 50, 75) percentile: (63, 89, 162)
[0000][PE] low and high boundaries for computing mean and std.dev: (1, 360)
[0000][PE] mean and std.dev: (109.59, 68.36)
[0000][PE] low and high boundaries for proper pairs: (1, 459)
[0000][PE] analyzing insert size distribution for orientation FR...
[0000][PE] (25, 50, 75) percentile: (107, 146, 195)
[0000][PE] low and high boundaries for computing mean and std.dev: (1, 371)
[0000][PE] mean and std.dev: (156.42, 66.51)
[0000][PE] low and high boundaries for proper pairs: (1, 459)
[0000][PE] analyzing insert size distribution for orientation RF...
[0000][PE] (25, 50, 75) percentile: (68, 150, 384)
[0000][PE] low and high boundaries for computing mean and std.dev: (1, 1016)
[0000][PE] mean and std.dev: (210.40, 194.77)
[0000][PE] low and high boundaries for proper pairs: (1, 1332)
[0000][PE] analyzing insert size distribution for orientation RR...
[0000][PE] (25, 50, 75) percentile: (48, 77, 173)
[0000][PE] low and high boundaries for computing mean and std.dev: (1, 423)
[0000][PE] mean and std.dev: (95.92, 60.91)
[0000][PE] low and high boundaries for proper pairs: (1, 548)
[0000][PE] skip orientation FF
[0000][PE] skip orientation RF
[0000][PE] skip orientation RR
[0000] 3. Calling kt_for - worker_sam
	[0000][ M::mem_process_seqs] Processed 1400562 reads in 255.843 CPU sec, 8.319 real sec
[0000] read_chunk: 400000000, work_chunk_size: 0, nseq: 0
[0000] read_chunk: 400000000, work_chunk_size: 0, nseq: 0
[0000] Computation ends..
No. of OMP threads: 40
Processor is running @2394.711442 MHz
Runtime profile:

	Time taken for main_mem function: 273.02 sec

	IO times (sec) :
	Reading IO time (reads) avg: 55.91, (55.91, 55.91)
	Writing IO time (SAM) avg: 63.69, (63.69, 63.69)
	Reading IO time (Reference Genome) avg: 1.89, (1.89, 1.89)
	Index read time avg: 1.88, (1.88, 1.88)

	Overall time (sec) (Excluding Index reading time):
	PROCESS() (Total compute time + (read + SAM) IO time) : 266.86
	MEM_PROCESS_SEQ() (Total compute time (Kernel + SAM)), avg: 35.43, (35.43, 35.43)

	 SAM Processing time (sec):
	--WORKER_SAM avg: 7.45, (7.45, 7.45)

	Kernels' compute time (sec):
	Total kernel (smem+sal+bsw) time avg: 27.42, (27.42, 27.42)
		MEM_ALN_CHAIN_FLT avg: 0.00, (0.00, 0.00)
		MEM_ALN_CHAIN_SEED avg: 0.00, (0.00, 0.00)
		ERT_SEED_CHAIN avg: 0.00, (0.00, 0.00)
	LEARNED_SEED_CHAIN avg: 15.34, (15.60, 15.24)
		SMEM compute avg: 0.00, (0.00, 0.00)
		SAL compute avg: 0.00, (0.00, 0.00)
				MEM_SA avg: 0.00, (0.00, 0.00)

		BSW time, avg: 11.18, (11.32, 10.91)

Important parameter settings: 
	BATCH_SIZE: 512
	MAX_SEQ_LEN_REF: 256
	MAX_SEQ_LEN_QER: 128
	MAX_SEQ_LEN8: 128
	SEEDS_PER_READ: 500
	SIMD_WIDTH8 X: 64
	SIMD_WIDTH16 X: 32
	AVG_SEEDS_PER_READ: 64
