Looking to launch executable "/opt/conda/bin/bwa-meme_mode3.avx512bw", simd = _mode3.avx512bw
Launching executable "/opt/conda/bin/bwa-meme_mode3.avx512bw"
-----------------------------
Executing in AVX512 mode!!
-----------------------------
* SA compression enabled with xfactor: 8
* Ref file: reference.ssl.Sne.fasta
* Entering FMI_search
* Index file found. Loading index from reference.ssl.Sne.fasta.bwt.2bit.64
* Reference seq len for bi-index = 2897756733
* sentinel-index: 133786390
* Count:
0,	1
1,	895477253
2,	1448878367
3,	2002279481
4,	2897756733

* Reading other elements of the index from files reference.ssl.Sne.fasta
* Index prefix: reference.ssl.Sne.fasta
* Read 0 ALT contigs
* Done reading Index!!
* Reading reference genome..
* Binary seq file = reference.ssl.Sne.fasta.0123
* Reference genome size: 2897756732 bp
* Done reading reference genome !!

------------------------------------------
1. Memory pre-allocation for Chaining: 5679.4903 MB
2. Memory pre-allocation for BSW: 9584.6810 MB
3. Memory pre-allocation for BWT: 3092.5670 MB
------------------------------------------
* Threads used (compute): 40
* No. of pipeline threads: 2

[0000] read_chunk: 400000000, work_chunk_size: 400000223, nseq: 3793612
	[0000][ M::kt_pipeline] read 3793612 sequences (400000223 bp)...
[0000] Reallocating initial memory allocations!!
[0000] Calling mem_process_seqs.., task: 0
[0000] 1. Calling kt_for - worker_bwt
[0000] read_chunk: 400000000, work_chunk_size: 400000237, nseq: 3797460
	[0000][ M::kt_pipeline] read 3797460 sequences (400000237 bp)...
[0000] 2. Calling kt_for - worker_aln
[0000] Inferring insert size distribution of PE reads from data, l_pac: 1448878366, n: 3793612
[0000][PE] # candidate unique pairs for (FF, FR, RF, RR): (81, 1015903, 8, 73)
[0000][PE] analyzing insert size distribution for orientation FF...
[0000][PE] (25, 50, 75) percentile: (36, 57, 89)
[0000][PE] low and high boundaries for computing mean and std.dev: (1, 195)
[0000][PE] mean and std.dev: (61.50, 33.54)
[0000][PE] low and high boundaries for proper pairs: (1, 248)
[0000][PE] analyzing insert size distribution for orientation FR...
[0000][PE] (25, 50, 75) percentile: (74, 96, 120)
[0000][PE] low and high boundaries for computing mean and std.dev: (1, 212)
[0000][PE] mean and std.dev: (98.64, 33.42)
[0000][PE] low and high boundaries for proper pairs: (1, 258)
[0000][PE] skip orientation RF as there are not enough pairs
[0000][PE] analyzing insert size distribution for orientation RR...
[0000][PE] (25, 50, 75) percentile: (44, 68, 84)
[0000][PE] low and high boundaries for computing mean and std.dev: (1, 164)
[0000][PE] mean and std.dev: (66.37, 29.07)
[0000][PE] low and high boundaries for proper pairs: (1, 204)
[0000][PE] skip orientation FF
[0000][PE] skip orientation RR
[0000] 3. Calling kt_for - worker_sam
	[0000][ M::mem_process_seqs] Processed 3793612 reads in 894.706 CPU sec, 23.522 real sec
[0000] Reallocating initial memory allocations!!
[0000] Calling mem_process_seqs.., task: 1
[0000] 1. Calling kt_for - worker_bwt
[0000] read_chunk: 400000000, work_chunk_size: 400000112, nseq: 3790662
	[0000][ M::kt_pipeline] read 3790662 sequences (400000112 bp)...
[0000] 2. Calling kt_for - worker_aln
[0000] Inferring insert size distribution of PE reads from data, l_pac: 1448878366, n: 3797460
[0000][PE] # candidate unique pairs for (FF, FR, RF, RR): (70, 1020157, 2, 77)
[0000][PE] analyzing insert size distribution for orientation FF...
[0000][PE] (25, 50, 75) percentile: (37, 56, 88)
[0000][PE] low and high boundaries for computing mean and std.dev: (1, 190)
[0000][PE] mean and std.dev: (62.38, 32.79)
[0000][PE] low and high boundaries for proper pairs: (1, 241)
[0000][PE] analyzing insert size distribution for orientation FR...
[0000][PE] (25, 50, 75) percentile: (74, 96, 120)
[0000][PE] low and high boundaries for computing mean and std.dev: (1, 212)
[0000][PE] mean and std.dev: (98.53, 33.41)
[0000][PE] low and high boundaries for proper pairs: (1, 258)
[0000][PE] skip orientation RF as there are not enough pairs
[0000][PE] analyzing insert size distribution for orientation RR...
[0000][PE] (25, 50, 75) percentile: (38, 64, 93)
[0000][PE] low and high boundaries for computing mean and std.dev: (1, 203)
[0000][PE] mean and std.dev: (68.43, 37.18)
[0000][PE] low and high boundaries for proper pairs: (1, 258)
[0000][PE] skip orientation FF
[0000][PE] skip orientation RR
[0000] 3. Calling kt_for - worker_sam
	[0000][ M::mem_process_seqs] Processed 3797460 reads in 836.105 CPU sec, 22.050 real sec
[0000] Calling mem_process_seqs.., task: 2
[0000] 1. Calling kt_for - worker_bwt
[0000] read_chunk: 400000000, work_chunk_size: 400000037, nseq: 3789604
	[0000][ M::kt_pipeline] read 3789604 sequences (400000037 bp)...
[0000] 2. Calling kt_for - worker_aln
[0000] Inferring insert size distribution of PE reads from data, l_pac: 1448878366, n: 3790662
[0000][PE] # candidate unique pairs for (FF, FR, RF, RR): (61, 1008155, 9, 85)
[0000][PE] analyzing insert size distribution for orientation FF...
[0000][PE] (25, 50, 75) percentile: (32, 47, 76)
[0000][PE] low and high boundaries for computing mean and std.dev: (1, 164)
[0000][PE] mean and std.dev: (54.52, 30.09)
[0000][PE] low and high boundaries for proper pairs: (1, 208)
[0000][PE] analyzing insert size distribution for orientation FR...
[0000][PE] (25, 50, 75) percentile: (74, 96, 120)
[0000][PE] low and high boundaries for computing mean and std.dev: (1, 212)
[0000][PE] mean and std.dev: (98.57, 33.40)
[0000][PE] low and high boundaries for proper pairs: (1, 258)
[0000][PE] skip orientation RF as there are not enough pairs
[0000][PE] analyzing insert size distribution for orientation RR...
[0000][PE] (25, 50, 75) percentile: (35, 53, 72)
[0000][PE] low and high boundaries for computing mean and std.dev: (1, 146)
[0000][PE] mean and std.dev: (56.18, 27.41)
[0000][PE] low and high boundaries for proper pairs: (1, 183)
[0000][PE] skip orientation FF
[0000][PE] skip orientation RR
[0000] 3. Calling kt_for - worker_sam
	[0000][ M::mem_process_seqs] Processed 3790662 reads in 849.754 CPU sec, 22.324 real sec
[0000] Calling mem_process_seqs.., task: 3
[0000] 1. Calling kt_for - worker_bwt
[0000] 2. Calling kt_for - worker_aln
[0000] Inferring insert size distribution of PE reads from data, l_pac: 1448878366, n: 3789604
[0000][PE] # candidate unique pairs for (FF, FR, RF, RR): (84, 1015034, 3, 57)
[0000][PE] analyzing insert size distribution for orientation FF...
[0000][PE] (25, 50, 75) percentile: (34, 53, 74)
[0000][PE] low and high boundaries for computing mean and std.dev: (1, 154)
[0000][PE] mean and std.dev: (55.43, 30.44)
[0000][PE] low and high boundaries for proper pairs: (1, 194)
[0000][PE] analyzing insert size distribution for orientation FR...
[0000][PE] (25, 50, 75) percentile: (74, 96, 120)
[0000][PE] low and high boundaries for computing mean and std.dev: (1, 212)
[0000][PE] mean and std.dev: (98.65, 33.45)
[0000][PE] low and high boundaries for proper pairs: (1, 258)
[0000][PE] skip orientation RF as there are not enough pairs
[0000][PE] analyzing insert size distribution for orientation RR...
[0000][PE] (25, 50, 75) percentile: (35, 53, 76)
[0000][PE] low and high boundaries for computing mean and std.dev: (1, 158)
[0000][PE] mean and std.dev: (56.25, 28.36)
[0000][PE] low and high boundaries for proper pairs: (1, 199)
[0000][PE] skip orientation FF
[0000][PE] skip orientation RR
[0000] 3. Calling kt_for - worker_sam
[0000] read_chunk: 400000000, work_chunk_size: 400000073, nseq: 3783424
	[0000][ M::kt_pipeline] read 3783424 sequences (400000073 bp)...
	[0000][ M::mem_process_seqs] Processed 3789604 reads in 813.426 CPU sec, 21.352 real sec
[0000] Calling mem_process_seqs.., task: 4
[0000] 1. Calling kt_for - worker_bwt
[0000] 2. Calling kt_for - worker_aln
[0000] read_chunk: 400000000, work_chunk_size: 400000279, nseq: 3793440
	[0000][ M::kt_pipeline] read 3793440 sequences (400000279 bp)...
[0000] Inferring insert size distribution of PE reads from data, l_pac: 1448878366, n: 3783424
[0000][PE] # candidate unique pairs for (FF, FR, RF, RR): (61, 1004879, 0, 98)
[0000][PE] analyzing insert size distribution for orientation FF...
[0000][PE] (25, 50, 75) percentile: (30, 46, 76)
[0000][PE] low and high boundaries for computing mean and std.dev: (1, 168)
[0000][PE] mean and std.dev: (54.69, 30.66)
[0000][PE] low and high boundaries for proper pairs: (1, 214)
[0000][PE] analyzing insert size distribution for orientation FR...
[0000][PE] (25, 50, 75) percentile: (74, 96, 121)
[0000][PE] low and high boundaries for computing mean and std.dev: (1, 215)
[0000][PE] mean and std.dev: (98.77, 33.54)
[0000][PE] low and high boundaries for proper pairs: (1, 262)
[0000][PE] skip orientation RF as there are not enough pairs
[0000][PE] analyzing insert size distribution for orientation RR...
[0000][PE] (25, 50, 75) percentile: (36, 61, 85)
[0000][PE] low and high boundaries for computing mean and std.dev: (1, 183)
[0000][PE] mean and std.dev: (63.58, 34.28)
[0000][PE] low and high boundaries for proper pairs: (1, 232)
[0000][PE] skip orientation FF
[0000][PE] skip orientation RR
[0000] 3. Calling kt_for - worker_sam
	[0000][ M::mem_process_seqs] Processed 3783424 reads in 840.922 CPU sec, 22.054 real sec
[0000] Calling mem_process_seqs.., task: 5
[0000] 1. Calling kt_for - worker_bwt
[0000] 2. Calling kt_for - worker_aln
[0000] read_chunk: 400000000, work_chunk_size: 400000217, nseq: 3794098
	[0000][ M::kt_pipeline] read 3794098 sequences (400000217 bp)...
[0000] Inferring insert size distribution of PE reads from data, l_pac: 1448878366, n: 3793440
[0000][PE] # candidate unique pairs for (FF, FR, RF, RR): (68, 1014643, 4, 63)
[0000][PE] analyzing insert size distribution for orientation FF...
[0000][PE] (25, 50, 75) percentile: (36, 62, 83)
[0000][PE] low and high boundaries for computing mean and std.dev: (1, 177)
[0000][PE] mean and std.dev: (59.76, 32.33)
[0000][PE] low and high boundaries for proper pairs: (1, 224)
[0000][PE] analyzing insert size distribution for orientation FR...
[0000][PE] (25, 50, 75) percentile: (74, 96, 121)
[0000][PE] low and high boundaries for computing mean and std.dev: (1, 215)
[0000][PE] mean and std.dev: (98.78, 33.57)
[0000][PE] low and high boundaries for proper pairs: (1, 262)
[0000][PE] skip orientation RF as there are not enough pairs
[0000][PE] analyzing insert size distribution for orientation RR...
[0000][PE] (25, 50, 75) percentile: (27, 58, 87)
[0000][PE] low and high boundaries for computing mean and std.dev: (1, 207)
[0000][PE] mean and std.dev: (57.19, 31.98)
[0000][PE] low and high boundaries for proper pairs: (1, 267)
[0000][PE] skip orientation FF
[0000][PE] skip orientation RR
[0000] 3. Calling kt_for - worker_sam
	[0000][ M::mem_process_seqs] Processed 3793440 reads in 801.784 CPU sec, 21.081 real sec
[0000] Calling mem_process_seqs.., task: 6
[0000] 1. Calling kt_for - worker_bwt
[0000] 2. Calling kt_for - worker_aln
[0000] read_chunk: 400000000, work_chunk_size: 400000088, nseq: 3795012
	[0000][ M::kt_pipeline] read 3795012 sequences (400000088 bp)...
[0000] Inferring insert size distribution of PE reads from data, l_pac: 1448878366, n: 3794098
[0000][PE] # candidate unique pairs for (FF, FR, RF, RR): (81, 1018288, 3, 76)
[0000][PE] analyzing insert size distribution for orientation FF...
[0000][PE] (25, 50, 75) percentile: (37, 63, 98)
[0000][PE] low and high boundaries for computing mean and std.dev: (1, 220)
[0000][PE] mean and std.dev: (66.99, 33.04)
[0000][PE] low and high boundaries for proper pairs: (1, 281)
[0000][PE] analyzing insert size distribution for orientation FR...
[0000][PE] (25, 50, 75) percentile: (74, 96, 120)
[0000][PE] low and high boundaries for computing mean and std.dev: (1, 212)
[0000][PE] mean and std.dev: (98.59, 33.39)
[0000][PE] low and high boundaries for proper pairs: (1, 258)
[0000][PE] skip orientation RF as there are not enough pairs
[0000][PE] analyzing insert size distribution for orientation RR...
[0000][PE] (25, 50, 75) percentile: (34, 54, 74)
[0000][PE] low and high boundaries for computing mean and std.dev: (1, 154)
[0000][PE] mean and std.dev: (55.14, 27.20)
[0000][PE] low and high boundaries for proper pairs: (1, 194)
[0000][PE] skip orientation FF
[0000][PE] skip orientation RR
[0000] 3. Calling kt_for - worker_sam
	[0000][ M::mem_process_seqs] Processed 3794098 reads in 789.097 CPU sec, 20.899 real sec
[0000] Calling mem_process_seqs.., task: 7
[0000] 1. Calling kt_for - worker_bwt
[0000] read_chunk: 400000000, work_chunk_size: 388395790, nseq: 3684820
	[0000][ M::kt_pipeline] read 3684820 sequences (388395790 bp)...
[0000] 2. Calling kt_for - worker_aln
[0000] Inferring insert size distribution of PE reads from data, l_pac: 1448878366, n: 3795012
[0000][PE] # candidate unique pairs for (FF, FR, RF, RR): (76, 1019394, 4, 76)
[0000][PE] analyzing insert size distribution for orientation FF...
[0000][PE] (25, 50, 75) percentile: (35, 58, 86)
[0000][PE] low and high boundaries for computing mean and std.dev: (1, 188)
[0000][PE] mean and std.dev: (58.89, 31.22)
[0000][PE] low and high boundaries for proper pairs: (1, 239)
[0000][PE] analyzing insert size distribution for orientation FR...
[0000][PE] (25, 50, 75) percentile: (74, 96, 120)
[0000][PE] low and high boundaries for computing mean and std.dev: (1, 212)
[0000][PE] mean and std.dev: (98.55, 33.45)
[0000][PE] low and high boundaries for proper pairs: (1, 258)
[0000][PE] skip orientation RF as there are not enough pairs
[0000][PE] analyzing insert size distribution for orientation RR...
[0000][PE] (25, 50, 75) percentile: (35, 48, 76)
[0000][PE] low and high boundaries for computing mean and std.dev: (1, 158)
[0000][PE] mean and std.dev: (56.75, 31.99)
[0000][PE] low and high boundaries for proper pairs: (1, 199)
[0000][PE] skip orientation FF
[0000][PE] skip orientation RR
[0000] 3. Calling kt_for - worker_sam
	[0000][ M::mem_process_seqs] Processed 3795012 reads in 780.823 CPU sec, 20.370 real sec
[0000] Calling mem_process_seqs.., task: 8
[0000] 1. Calling kt_for - worker_bwt
[0000] read_chunk: 400000000, work_chunk_size: 0, nseq: 0
[0000] 2. Calling kt_for - worker_aln
[0000] Inferring insert size distribution of PE reads from data, l_pac: 1448878366, n: 3684820
[0000][PE] # candidate unique pairs for (FF, FR, RF, RR): (61, 980990, 3, 76)
[0000][PE] analyzing insert size distribution for orientation FF...
[0000][PE] (25, 50, 75) percentile: (31, 43, 85)
[0000][PE] low and high boundaries for computing mean and std.dev: (1, 193)
[0000][PE] mean and std.dev: (58.39, 39.34)
[0000][PE] low and high boundaries for proper pairs: (1, 247)
[0000][PE] analyzing insert size distribution for orientation FR...
[0000][PE] (25, 50, 75) percentile: (74, 96, 120)
[0000][PE] low and high boundaries for computing mean and std.dev: (1, 212)
[0000][PE] mean and std.dev: (98.53, 33.38)
[0000][PE] low and high boundaries for proper pairs: (1, 258)
[0000][PE] skip orientation RF as there are not enough pairs
[0000][PE] analyzing insert size distribution for orientation RR...
[0000][PE] (25, 50, 75) percentile: (36, 55, 88)
[0000][PE] low and high boundaries for computing mean and std.dev: (1, 192)
[0000][PE] mean and std.dev: (63.95, 37.85)
[0000][PE] low and high boundaries for proper pairs: (1, 244)
[0000][PE] skip orientation FF
[0000][PE] skip orientation RR
[0000] 3. Calling kt_for - worker_sam
	[0000][ M::mem_process_seqs] Processed 3684820 reads in 782.134 CPU sec, 20.445 real sec
[0000] read_chunk: 400000000, work_chunk_size: 0, nseq: 0
[0000] Computation ends..
No. of OMP threads: 40
Processor is running @2394.505710 MHz
Runtime profile:

	Time taken for main_mem function: 231.44 sec

	IO times (sec) :
	Reading IO time (reads) avg: 91.27, (91.27, 91.27)
	Writing IO time (SAM) avg: 52.11, (52.11, 52.11)
	Reading IO time (Reference Genome) avg: 1.69, (1.69, 1.69)
	Index read time avg: 4.90, (4.90, 4.90)

	Overall time (sec) (Excluding Index reading time):
	PROCESS() (Total compute time + (read + SAM) IO time) : 222.41
	MEM_PROCESS_SEQ() (Total compute time (Kernel + SAM)), avg: 194.09, (194.09, 194.09)

	 SAM Processing time (sec):
	--WORKER_SAM avg: 21.01, (21.01, 21.01)

	Kernels' compute time (sec):
	Total kernel (smem+sal+bsw) time avg: 169.43, (169.43, 169.43)
		MEM_ALN_CHAIN_FLT avg: 0.00, (0.00, 0.00)
		MEM_ALN_CHAIN_SEED avg: 0.00, (0.00, 0.00)
		ERT_SEED_CHAIN avg: 0.00, (0.00, 0.00)
	LEARNED_SEED_CHAIN avg: 0.00, (0.00, 0.00)
		SMEM compute avg: 90.98, (91.61, 90.26)
		SAL compute avg: 32.80, (33.25, 32.24)
				MEM_SA avg: 13.57, (13.89, 13.33)

		BSW time, avg: 36.95, (37.07, 36.86)

Important parameter settings: 
	BATCH_SIZE: 512
	MAX_SEQ_LEN_REF: 256
	MAX_SEQ_LEN_QER: 128
	MAX_SEQ_LEN8: 128
	SEEDS_PER_READ: 500
	SIMD_WIDTH8 X: 64
	SIMD_WIDTH16 X: 32
	AVG_SEEDS_PER_READ: 64
