Looking to launch executable "/opt/conda/bin/bwa-meme_mode3.avx512bw", simd = _mode3.avx512bw
Launching executable "/opt/conda/bin/bwa-meme_mode3.avx512bw"
-----------------------------
Executing in AVX512 mode!!
-----------------------------
* SA compression enabled with xfactor: 8
* Ref file: reference.ssl.Sne.fasta
* Entering FMI_search
Reading other elements of the index from files reference.ssl.Sne.fasta
* Index prefix: reference.ssl.Sne.fasta
* Read 0 ALT contigs
* Reading reference genome..
* Binary seq file = reference.ssl.Sne.fasta.0123
* Reference genome size: 2897756732 bp
* Done reading reference genome !!

------------------------------------------
1. Memory pre-allocation for Chaining: 5679.4903 MB
2. Memory pre-allocation for BSW: 9584.6810 MB
[M::memoryAllocLearned::MEME] Reading Learned-index models into memory
[Learned-Config] MODE:3 SEARCH_METHOD: 1 MEM_TRADEOFF:1 EXPONENTIAL_SMEMSEARCH: 1 DEBUG_MODE:0 Num 2nd Models:268435456 PWL Bits Used:28
[M::memoryAllocLearned::MEME] Loading RMI model and Pac reference file took 18.951 sec
[M::memoryAllocLearned::MEME] Reading suffix array into memory
[M::memoryAllocLearned::MEME] Loading pos_packed file took 28.622 sec
[M::memoryAllocLearned::MEME] Generating SA, 64-bit Suffix and ISA in memory
[M::memoryAllocLearned::MEME] Runtime-build-index took 32.075 sec
3. Memory pre-allocation for BWT: 15132.1744 MB
------------------------------------------
* Threads used (compute): 40
* No. of pipeline threads: 2

[0000] read_chunk: 400000000, work_chunk_size: 400000207, nseq: 2864090
	[0000][ M::kt_pipeline] read 2864090 sequences (400000207 bp)...
[0000] Reallocating initial memory allocations!!
[0000] Calling mem_process_seqs.., task: 0
[0000] 1. Calling kt_for - worker_bwt
[0000] read_chunk: 400000000, work_chunk_size: 400000188, nseq: 2863652
	[0000][ M::kt_pipeline] read 2863652 sequences (400000188 bp)...
[0000] 2. Calling kt_for - worker_aln
[0000] Inferring insert size distribution of PE reads from data, l_pac: 1448878366, n: 2864090
[0000][PE] # candidate unique pairs for (FF, FR, RF, RR): (146, 1093920, 80, 155)
[0000][PE] analyzing insert size distribution for orientation FF...
[0000][PE] (25, 50, 75) percentile: (91, 133, 178)
[0000][PE] low and high boundaries for computing mean and std.dev: (1, 352)
[0000][PE] mean and std.dev: (141.45, 62.33)
[0000][PE] low and high boundaries for proper pairs: (1, 439)
[0000][PE] analyzing insert size distribution for orientation FR...
[0000][PE] (25, 50, 75) percentile: (143, 187, 246)
[0000][PE] low and high boundaries for computing mean and std.dev: (1, 452)
[0000][PE] mean and std.dev: (197.04, 69.94)
[0000][PE] low and high boundaries for proper pairs: (1, 555)
[0000][PE] analyzing insert size distribution for orientation RF...
[0000][PE] (25, 50, 75) percentile: (83, 201, 317)
[0000][PE] low and high boundaries for computing mean and std.dev: (1, 785)
[0000][PE] mean and std.dev: (195.22, 143.25)
[0000][PE] low and high boundaries for proper pairs: (1, 1019)
[0000][PE] analyzing insert size distribution for orientation RR...
[0000][PE] (25, 50, 75) percentile: (83, 132, 187)
[0000][PE] low and high boundaries for computing mean and std.dev: (1, 395)
[0000][PE] mean and std.dev: (131.23, 66.66)
[0000][PE] low and high boundaries for proper pairs: (1, 499)
[0000][PE] skip orientation FF
[0000][PE] skip orientation RF
[0000][PE] skip orientation RR
[0000] 3. Calling kt_for - worker_sam
	[0000][ M::mem_process_seqs] Processed 2864090 reads in 563.810 CPU sec, 17.234 real sec
[0000] Calling mem_process_seqs.., task: 1
[0000] 1. Calling kt_for - worker_bwt
[0000] 2. Calling kt_for - worker_aln
[0000] Inferring insert size distribution of PE reads from data, l_pac: 1448878366, n: 2863652
[0000][PE] # candidate unique pairs for (FF, FR, RF, RR): (146, 1090840, 58, 152)
[0000][PE] analyzing insert size distribution for orientation FF...
[0000][PE] (25, 50, 75) percentile: (82, 117, 176)
[0000][PE] low and high boundaries for computing mean and std.dev: (1, 364)
[0000][PE] mean and std.dev: (126.72, 62.53)
[0000][PE] low and high boundaries for proper pairs: (1, 458)
[0000][PE] analyzing insert size distribution for orientation FR...
[0000][PE] (25, 50, 75) percentile: (143, 187, 246)
[0000][PE] low and high boundaries for computing mean and std.dev: (1, 452)
[0000][PE] mean and std.dev: (197.01, 69.98)
[0000][PE] low and high boundaries for proper pairs: (1, 555)
[0000][PE] analyzing insert size distribution for orientation RF...
[0000][PE] (25, 50, 75) percentile: (68, 187, 326)
[0000][PE] low and high boundaries for computing mean and std.dev: (1, 842)
[0000][PE] mean and std.dev: (189.98, 153.18)
[0000][PE] low and high boundaries for proper pairs: (1, 1100)
[0000][PE] analyzing insert size distribution for orientation RR...
[0000][PE] (25, 50, 75) percentile: (74, 122, 172)
[0000][PE] low and high boundaries for computing mean and std.dev: (1, 368)
[0000][PE] mean and std.dev: (125.72, 67.20)
[0000][PE] low and high boundaries for proper pairs: (1, 466)
[0000][PE] skip orientation FF
[0000][PE] skip orientation RF
[0000][PE] skip orientation RR
[0000] 3. Calling kt_for - worker_sam
	[0000][ M::mem_process_seqs] Processed 2863652 reads in 578.051 CPU sec, 16.779 real sec
[0000] read_chunk: 400000000, work_chunk_size: 400000144, nseq: 2864032
	[0000][ M::kt_pipeline] read 2864032 sequences (400000144 bp)...
[0000] Calling mem_process_seqs.., task: 2
[0000] 1. Calling kt_for - worker_bwt
[0000] 2. Calling kt_for - worker_aln
[0000] read_chunk: 400000000, work_chunk_size: 226176202, nseq: 1620128
	[0000][ M::kt_pipeline] read 1620128 sequences (226176202 bp)...
[0000] Inferring insert size distribution of PE reads from data, l_pac: 1448878366, n: 2864032
[0000][PE] # candidate unique pairs for (FF, FR, RF, RR): (174, 1097954, 65, 157)
[0000][PE] analyzing insert size distribution for orientation FF...
[0000][PE] (25, 50, 75) percentile: (88, 144, 190)
[0000][PE] low and high boundaries for computing mean and std.dev: (1, 394)
[0000][PE] mean and std.dev: (141.05, 62.31)
[0000][PE] low and high boundaries for proper pairs: (1, 496)
[0000][PE] analyzing insert size distribution for orientation FR...
[0000][PE] (25, 50, 75) percentile: (143, 187, 246)
[0000][PE] low and high boundaries for computing mean and std.dev: (1, 452)
[0000][PE] mean and std.dev: (197.17, 69.90)
[0000][PE] low and high boundaries for proper pairs: (1, 555)
[0000][PE] analyzing insert size distribution for orientation RF...
[0000][PE] (25, 50, 75) percentile: (74, 208, 351)
[0000][PE] low and high boundaries for computing mean and std.dev: (1, 905)
[0000][PE] mean and std.dev: (229.08, 191.87)
[0000][PE] low and high boundaries for proper pairs: (1, 1182)
[0000][PE] analyzing insert size distribution for orientation RR...
[0000][PE] (25, 50, 75) percentile: (89, 117, 186)
[0000][PE] low and high boundaries for computing mean and std.dev: (1, 380)
[0000][PE] mean and std.dev: (133.36, 70.02)
[0000][PE] low and high boundaries for proper pairs: (1, 477)
[0000][PE] skip orientation FF
[0000][PE] skip orientation RF
[0000][PE] skip orientation RR
[0000] 3. Calling kt_for - worker_sam
	[0000][ M::mem_process_seqs] Processed 2864032 reads in 554.682 CPU sec, 15.305 real sec
[0000] Calling mem_process_seqs.., task: 3
[0000] 1. Calling kt_for - worker_bwt
[0000] 2. Calling kt_for - worker_aln
[0000] read_chunk: 400000000, work_chunk_size: 0, nseq: 0
[0000] Inferring insert size distribution of PE reads from data, l_pac: 1448878366, n: 1620128
[0000][PE] # candidate unique pairs for (FF, FR, RF, RR): (76, 619668, 42, 88)
[0000][PE] analyzing insert size distribution for orientation FF...
[0000][PE] (25, 50, 75) percentile: (83, 122, 172)
[0000][PE] low and high boundaries for computing mean and std.dev: (1, 350)
[0000][PE] mean and std.dev: (128.16, 60.27)
[0000][PE] low and high boundaries for proper pairs: (1, 439)
[0000][PE] analyzing insert size distribution for orientation FR...
[0000][PE] (25, 50, 75) percentile: (143, 187, 246)
[0000][PE] low and high boundaries for computing mean and std.dev: (1, 452)
[0000][PE] mean and std.dev: (196.94, 69.91)
[0000][PE] low and high boundaries for proper pairs: (1, 555)
[0000][PE] analyzing insert size distribution for orientation RF...
[0000][PE] (25, 50, 75) percentile: (92, 227, 449)
[0000][PE] low and high boundaries for computing mean and std.dev: (1, 1163)
[0000][PE] mean and std.dev: (278.22, 222.12)
[0000][PE] low and high boundaries for proper pairs: (1, 1520)
[0000][PE] analyzing insert size distribution for orientation RR...
[0000][PE] (25, 50, 75) percentile: (83, 124, 167)
[0000][PE] low and high boundaries for computing mean and std.dev: (1, 335)
[0000][PE] mean and std.dev: (125.27, 60.60)
[0000][PE] low and high boundaries for proper pairs: (1, 419)
[0000][PE] skip orientation FF
[0000][PE] skip orientation RF
[0000][PE] skip orientation RR
[0000] 3. Calling kt_for - worker_sam
	[0000][ M::mem_process_seqs] Processed 1620128 reads in 316.978 CPU sec, 8.876 real sec
[0000] read_chunk: 400000000, work_chunk_size: 0, nseq: 0
[0000] Computation ends..
No. of OMP threads: 40
Processor is running @2394.713774 MHz
Runtime profile:

	Time taken for main_mem function: 145.83 sec

	IO times (sec) :
	Reading IO time (reads) avg: 34.39, (34.39, 34.39)
	Writing IO time (SAM) avg: 17.68, (17.68, 17.68)
	Reading IO time (Reference Genome) avg: 1.17, (1.17, 1.17)
	Index read time avg: 1.87, (1.87, 1.87)

	Overall time (sec) (Excluding Index reading time):
	PROCESS() (Total compute time + (read + SAM) IO time) : 140.66
	MEM_PROCESS_SEQ() (Total compute time (Kernel + SAM)), avg: 58.19, (58.19, 58.19)

	 SAM Processing time (sec):
	--WORKER_SAM avg: 12.82, (12.82, 12.82)

	Kernels' compute time (sec):
	Total kernel (smem+sal+bsw) time avg: 44.15, (44.15, 44.15)
		MEM_ALN_CHAIN_FLT avg: 0.00, (0.00, 0.00)
		MEM_ALN_CHAIN_SEED avg: 0.00, (0.00, 0.00)
		ERT_SEED_CHAIN avg: 0.00, (0.00, 0.00)
	LEARNED_SEED_CHAIN avg: 24.06, (24.23, 23.96)
		SMEM compute avg: 0.00, (0.00, 0.00)
		SAL compute avg: 0.00, (0.00, 0.00)
				MEM_SA avg: 0.00, (0.00, 0.00)

		BSW time, avg: 18.77, (18.87, 18.64)

Important parameter settings: 
	BATCH_SIZE: 512
	MAX_SEQ_LEN_REF: 256
	MAX_SEQ_LEN_QER: 128
	MAX_SEQ_LEN8: 128
	SEEDS_PER_READ: 500
	SIMD_WIDTH8 X: 64
	SIMD_WIDTH16 X: 32
	AVG_SEEDS_PER_READ: 64
