Looking to launch executable "/opt/conda/bin/bwa-meme_mode3.avx512bw", simd = _mode3.avx512bw
Launching executable "/opt/conda/bin/bwa-meme_mode3.avx512bw"
-----------------------------
Executing in AVX512 mode!!
-----------------------------
* SA compression enabled with xfactor: 8
* Ref file: reference.ssl.Sne.fasta
* Entering FMI_search
* Index file found. Loading index from reference.ssl.Sne.fasta.bwt.2bit.64
* Reference seq len for bi-index = 2897756733
* sentinel-index: 133786390
* Count:
0,	1
1,	895477253
2,	1448878367
3,	2002279481
4,	2897756733

* Reading other elements of the index from files reference.ssl.Sne.fasta
* Index prefix: reference.ssl.Sne.fasta
* Read 0 ALT contigs
* Done reading Index!!
* Reading reference genome..
* Binary seq file = reference.ssl.Sne.fasta.0123
* Reference genome size: 2897756732 bp
* Done reading reference genome !!

------------------------------------------
1. Memory pre-allocation for Chaining: 5679.4903 MB
2. Memory pre-allocation for BSW: 9584.6810 MB
3. Memory pre-allocation for BWT: 3092.5670 MB
------------------------------------------
* Threads used (compute): 40
* No. of pipeline threads: 2

[0000] read_chunk: 400000000, work_chunk_size: 376788655, nseq: 3068466
	[0000][ M::kt_pipeline] read 3068466 sequences (376788655 bp)...
[0000] Reallocating initial memory allocations!!
[0000] read_chunk: 400000000, work_chunk_size: 0, nseq: 0
[0000] Calling mem_process_seqs.., task: 0
[0000] 1. Calling kt_for - worker_bwt
[0000] 2. Calling kt_for - worker_aln
[0000] Inferring insert size distribution of PE reads from data, l_pac: 1448878366, n: 3068466
[0000][PE] # candidate unique pairs for (FF, FR, RF, RR): (53, 1089716, 31, 55)
[0000][PE] analyzing insert size distribution for orientation FF...
[0000][PE] (25, 50, 75) percentile: (72, 142, 217)
[0000][PE] low and high boundaries for computing mean and std.dev: (1, 507)
[0000][PE] mean and std.dev: (143.39, 99.97)
[0000][PE] low and high boundaries for proper pairs: (1, 652)
[0000][PE] analyzing insert size distribution for orientation FR...
[0000][PE] (25, 50, 75) percentile: (102, 145, 199)
[0000][PE] low and high boundaries for computing mean and std.dev: (1, 393)
[0000][PE] mean and std.dev: (155.57, 71.73)
[0000][PE] low and high boundaries for proper pairs: (1, 490)
[0000][PE] analyzing insert size distribution for orientation RF...
[0000][PE] (25, 50, 75) percentile: (161, 284, 416)
[0000][PE] low and high boundaries for computing mean and std.dev: (1, 926)
[0000][PE] mean and std.dev: (272.64, 197.79)
[0000][PE] low and high boundaries for proper pairs: (1, 1181)
[0000][PE] analyzing insert size distribution for orientation RR...
[0000][PE] (25, 50, 75) percentile: (80, 119, 186)
[0000][PE] low and high boundaries for computing mean and std.dev: (1, 398)
[0000][PE] mean and std.dev: (129.23, 80.14)
[0000][PE] low and high boundaries for proper pairs: (1, 504)
[0000][PE] skip orientation FF
[0000][PE] skip orientation RF
[0000][PE] skip orientation RR
[0000] 3. Calling kt_for - worker_sam
	[0000][ M::mem_process_seqs] Processed 3068466 reads in 1014.264 CPU sec, 26.096 real sec
[0000] read_chunk: 400000000, work_chunk_size: 0, nseq: 0
[0000] Computation ends..
No. of OMP threads: 40
Processor is running @2394.698108 MHz
Runtime profile:

	Time taken for main_mem function: 58.62 sec

	IO times (sec) :
	Reading IO time (reads) avg: 8.78, (8.78, 8.78)
	Writing IO time (SAM) avg: 5.22, (5.22, 5.22)
	Reading IO time (Reference Genome) avg: 1.72, (1.72, 1.72)
	Index read time avg: 4.93, (4.93, 4.93)

	Overall time (sec) (Excluding Index reading time):
	PROCESS() (Total compute time + (read + SAM) IO time) : 49.51
	MEM_PROCESS_SEQ() (Total compute time (Kernel + SAM)), avg: 26.09, (26.09, 26.09)

	 SAM Processing time (sec):
	--WORKER_SAM avg: 2.99, (2.99, 2.99)

	Kernels' compute time (sec):
	Total kernel (smem+sal+bsw) time avg: 22.59, (22.59, 22.59)
		MEM_ALN_CHAIN_FLT avg: 0.00, (0.00, 0.00)
		MEM_ALN_CHAIN_SEED avg: 0.00, (0.00, 0.00)
		ERT_SEED_CHAIN avg: 0.00, (0.00, 0.00)
	LEARNED_SEED_CHAIN avg: 0.00, (0.00, 0.00)
		SMEM compute avg: 11.92, (12.09, 11.75)
		SAL compute avg: 4.47, (4.57, 4.36)
				MEM_SA avg: 2.01, (2.11, 1.89)

		BSW time, avg: 5.43, (5.45, 5.40)

Important parameter settings: 
	BATCH_SIZE: 512
	MAX_SEQ_LEN_REF: 256
	MAX_SEQ_LEN_QER: 128
	MAX_SEQ_LEN8: 128
	SEEDS_PER_READ: 500
	SIMD_WIDTH8 X: 64
	SIMD_WIDTH16 X: 32
	AVG_SEEDS_PER_READ: 64
