Looking to launch executable "/opt/conda/bin/bwa-meme_mode2.avx512bw", simd = _mode2.avx512bw
Launching executable "/opt/conda/bin/bwa-meme_mode2.avx512bw"
-----------------------------
Executing in AVX512 mode!!
-----------------------------
* SA compression enabled with xfactor: 8
* Ref file: reference.ssl.Sne.fasta
* Entering FMI_search
Reading other elements of the index from files reference.ssl.Sne.fasta
* Index prefix: reference.ssl.Sne.fasta
* Read 0 ALT contigs
* Reading reference genome..
* Binary seq file = reference.ssl.Sne.fasta.0123
* Reference genome size: 2897756732 bp
* Done reading reference genome !!

------------------------------------------
1. Memory pre-allocation for Chaining: 5679.4903 MB
2. Memory pre-allocation for BSW: 9584.6810 MB
[M::memoryAllocLearned::MEME] Reading Learned-index models into memory
[Learned-Config] MODE:2 SEARCH_METHOD: 1 MEM_TRADEOFF:0 EXPONENTIAL_SMEMSEARCH: 1 DEBUG_MODE:0 Num 2nd Models:268435456 PWL Bits Used:28
[M::memoryAllocLearned::MEME] Loading RMI model and Pac reference file took 15.861 sec
[M::memoryAllocLearned::MEME] Reading suffix array into memory
[M::memoryAllocLearned::MEME] Loading pos_packed file took 25.571 sec
[M::memoryAllocLearned::MEME] Generating SA and 64-bit Suffix in memory
[M::memoryAllocLearned::MEME] Runtime-build-index took 22.160 sec
3. Memory pre-allocation for BWT: 38314.2282 MB
------------------------------------------
* Threads used (compute): 40
* No. of pipeline threads: 2

[0000] read_chunk: 400000000, work_chunk_size: 400000119, nseq: 3385664
	[0000][ M::kt_pipeline] read 3385664 sequences (400000119 bp)...
[0000] Reallocating initial memory allocations!!
[0000] read_chunk: 400000000, work_chunk_size: 400000233, nseq: 3382772
	[0000][ M::kt_pipeline] read 3382772 sequences (400000233 bp)...
[0000] Calling mem_process_seqs.., task: 0
[0000] 1. Calling kt_for - worker_bwt
[0000] 2. Calling kt_for - worker_aln
[0000] Inferring insert size distribution of PE reads from data, l_pac: 1448878366, n: 3385664
[0000][PE] # candidate unique pairs for (FF, FR, RF, RR): (32, 601202, 9, 25)
[0000][PE] analyzing insert size distribution for orientation FF...
[0000][PE] (25, 50, 75) percentile: (32, 53, 84)
[0000][PE] low and high boundaries for computing mean and std.dev: (1, 188)
[0000][PE] mean and std.dev: (57.40, 33.06)
[0000][PE] low and high boundaries for proper pairs: (1, 240)
[0000][PE] analyzing insert size distribution for orientation FR...
[0000][PE] (25, 50, 75) percentile: (78, 100, 127)
[0000][PE] low and high boundaries for computing mean and std.dev: (1, 225)
[0000][PE] mean and std.dev: (104.08, 36.05)
[0000][PE] low and high boundaries for proper pairs: (1, 274)
[0000][PE] skip orientation RF as there are not enough pairs
[0000][PE] analyzing insert size distribution for orientation RR...
[0000][PE] (25, 50, 75) percentile: (48, 78, 145)
[0000][PE] low and high boundaries for computing mean and std.dev: (1, 339)
[0000][PE] mean and std.dev: (89.54, 55.97)
[0000][PE] low and high boundaries for proper pairs: (1, 436)
[0000][PE] skip orientation FF
[0000][PE] skip orientation RR
[0000] 3. Calling kt_for - worker_sam
	[0000][ M::mem_process_seqs] Processed 3385664 reads in 338.960 CPU sec, 11.764 real sec
[0000] Calling mem_process_seqs.., task: 1
[0000] 1. Calling kt_for - worker_bwt
[0000] 2. Calling kt_for - worker_aln
[0000] Inferring insert size distribution of PE reads from data, l_pac: 1448878366, n: 3382772
[0000][PE] # candidate unique pairs for (FF, FR, RF, RR): (26, 598918, 10, 34)
[0000][PE] analyzing insert size distribution for orientation FF...
[0000][PE] (25, 50, 75) percentile: (30, 46, 74)
[0000][PE] low and high boundaries for computing mean and std.dev: (1, 162)
[0000][PE] mean and std.dev: (52.19, 28.71)
[0000][PE] low and high boundaries for proper pairs: (1, 206)
[0000][PE] analyzing insert size distribution for orientation FR...
[0000][PE] (25, 50, 75) percentile: (78, 100, 127)
[0000][PE] low and high boundaries for computing mean and std.dev: (1, 225)
[0000][PE] mean and std.dev: (104.21, 36.12)
[0000][PE] low and high boundaries for proper pairs: (1, 274)
[0000][PE] analyzing insert size distribution for orientation RF...
[0000][PE] (25, 50, 75) percentile: (52, 89, 352)
[0000][PE] low and high boundaries for computing mean and std.dev: (1, 952)
[0000][PE] mean and std.dev: (197.80, 235.98)
[0000][PE] low and high boundaries for proper pairs: (1, 1252)
[0000][PE] analyzing insert size distribution for orientation RR...
[0000][PE] (25, 50, 75) percentile: (43, 62, 96)
[0000][PE] low and high boundaries for computing mean and std.dev: (1, 202)
[0000][PE] mean and std.dev: (65.76, 29.57)
[0000][PE] low and high boundaries for proper pairs: (1, 255)
[0000][PE] skip orientation FF
[0000][PE] skip orientation RF
[0000][PE] skip orientation RR
[0000] 3. Calling kt_for - worker_sam
	[0000][ M::mem_process_seqs] Processed 3382772 reads in 331.493 CPU sec, 10.287 real sec
[0000] read_chunk: 400000000, work_chunk_size: 262668505, nseq: 2222502
	[0000][ M::kt_pipeline] read 2222502 sequences (262668505 bp)...
[0000] Calling mem_process_seqs.., task: 2
[0000] 1. Calling kt_for - worker_bwt
[0000] read_chunk: 400000000, work_chunk_size: 0, nseq: 0
[0000] 2. Calling kt_for - worker_aln
[0000] Inferring insert size distribution of PE reads from data, l_pac: 1448878366, n: 2222502
[0000][PE] # candidate unique pairs for (FF, FR, RF, RR): (15, 394077, 8, 20)
[0000][PE] analyzing insert size distribution for orientation FF...
[0000][PE] (25, 50, 75) percentile: (27, 44, 110)
[0000][PE] low and high boundaries for computing mean and std.dev: (1, 276)
[0000][PE] mean and std.dev: (59.07, 39.31)
[0000][PE] low and high boundaries for proper pairs: (1, 359)
[0000][PE] analyzing insert size distribution for orientation FR...
[0000][PE] (25, 50, 75) percentile: (78, 100, 127)
[0000][PE] low and high boundaries for computing mean and std.dev: (1, 225)
[0000][PE] mean and std.dev: (103.94, 36.04)
[0000][PE] low and high boundaries for proper pairs: (1, 274)
[0000][PE] skip orientation RF as there are not enough pairs
[0000][PE] analyzing insert size distribution for orientation RR...
[0000][PE] (25, 50, 75) percentile: (18, 32, 86)
[0000][PE] low and high boundaries for computing mean and std.dev: (1, 222)
[0000][PE] mean and std.dev: (49.78, 42.79)
[0000][PE] low and high boundaries for proper pairs: (1, 290)
[0000][PE] skip orientation FF
[0000][PE] skip orientation RR
[0000] 3. Calling kt_for - worker_sam
	[0000][ M::mem_process_seqs] Processed 2222502 reads in 209.266 CPU sec, 5.585 real sec
[0000] read_chunk: 400000000, work_chunk_size: 0, nseq: 0
[0000] Computation ends..
No. of OMP threads: 40
Processor is running @2394.721612 MHz
Runtime profile:

	Time taken for main_mem function: 149.83 sec

	IO times (sec) :
	Reading IO time (reads) avg: 38.89, (38.89, 38.89)
	Writing IO time (SAM) avg: 13.35, (13.35, 13.35)
	Reading IO time (Reference Genome) avg: 1.71, (1.71, 1.71)
	Index read time avg: 1.84, (1.84, 1.84)

	Overall time (sec) (Excluding Index reading time):
	PROCESS() (Total compute time + (read + SAM) IO time) : 143.92
	MEM_PROCESS_SEQ() (Total compute time (Kernel + SAM)), avg: 27.63, (27.63, 27.63)

	 SAM Processing time (sec):
	--WORKER_SAM avg: 5.44, (5.44, 5.44)

	Kernels' compute time (sec):
	Total kernel (smem+sal+bsw) time avg: 21.63, (21.63, 21.63)
		MEM_ALN_CHAIN_FLT avg: 0.00, (0.00, 0.00)
		MEM_ALN_CHAIN_SEED avg: 0.00, (0.00, 0.00)
		ERT_SEED_CHAIN avg: 0.00, (0.00, 0.00)
	LEARNED_SEED_CHAIN avg: 14.11, (14.17, 14.05)
		SMEM compute avg: 0.00, (0.00, 0.00)
		SAL compute avg: 0.00, (0.00, 0.00)
				MEM_SA avg: 0.00, (0.00, 0.00)

		BSW time, avg: 6.66, (6.97, 6.15)

Important parameter settings: 
	BATCH_SIZE: 512
	MAX_SEQ_LEN_REF: 256
	MAX_SEQ_LEN_QER: 128
	MAX_SEQ_LEN8: 128
	SEEDS_PER_READ: 500
	SIMD_WIDTH8 X: 64
	SIMD_WIDTH16 X: 32
	AVG_SEEDS_PER_READ: 64
