Looking to launch executable "/opt/conda/bin/bwa-meme_mode3.avx512bw", simd = _mode3.avx512bw
Launching executable "/opt/conda/bin/bwa-meme_mode3.avx512bw"
-----------------------------
Executing in AVX512 mode!!
-----------------------------
* SA compression enabled with xfactor: 8
* Ref file: reference.ssl.Sne.fasta
* Entering FMI_search
Reading other elements of the index from files reference.ssl.Sne.fasta
* Index prefix: reference.ssl.Sne.fasta
* Read 0 ALT contigs
* Reading reference genome..
* Binary seq file = reference.ssl.Sne.fasta.0123
* Reference genome size: 2897756732 bp
* Done reading reference genome !!

------------------------------------------
1. Memory pre-allocation for Chaining: 5679.4903 MB
2. Memory pre-allocation for BSW: 9584.6810 MB
[M::memoryAllocLearned::MEME] Reading Learned-index models into memory
[Learned-Config] MODE:3 SEARCH_METHOD: 1 MEM_TRADEOFF:1 EXPONENTIAL_SMEMSEARCH: 1 DEBUG_MODE:0 Num 2nd Models:268435456 PWL Bits Used:28
[M::memoryAllocLearned::MEME] Loading RMI model and Pac reference file took 19.197 sec
[M::memoryAllocLearned::MEME] Reading suffix array into memory
[M::memoryAllocLearned::MEME] Loading pos_packed file took 25.725 sec
[M::memoryAllocLearned::MEME] Generating SA, 64-bit Suffix and ISA in memory
[M::memoryAllocLearned::MEME] Runtime-build-index took 30.487 sec
3. Memory pre-allocation for BWT: 15132.1744 MB
------------------------------------------
* Threads used (compute): 40
* No. of pipeline threads: 2

[0000] read_chunk: 400000000, work_chunk_size: 400000138, nseq: 3467528
	[0000][ M::kt_pipeline] read 3467528 sequences (400000138 bp)...
[0000] Reallocating initial memory allocations!!
[0000] read_chunk: 400000000, work_chunk_size: 400000065, nseq: 3471316
	[0000][ M::kt_pipeline] read 3471316 sequences (400000065 bp)...
[0000] Calling mem_process_seqs.., task: 0
[0000] 1. Calling kt_for - worker_bwt
[0000] 2. Calling kt_for - worker_aln
[0000] Inferring insert size distribution of PE reads from data, l_pac: 1448878366, n: 3467528
[0000][PE] # candidate unique pairs for (FF, FR, RF, RR): (203, 1054265, 32, 179)
[0000][PE] analyzing insert size distribution for orientation FF...
[0000][PE] (25, 50, 75) percentile: (46, 68, 94)
[0000][PE] low and high boundaries for computing mean and std.dev: (1, 190)
[0000][PE] mean and std.dev: (72.01, 36.50)
[0000][PE] low and high boundaries for proper pairs: (1, 238)
[0000][PE] analyzing insert size distribution for orientation FR...
[0000][PE] (25, 50, 75) percentile: (88, 114, 146)
[0000][PE] low and high boundaries for computing mean and std.dev: (1, 262)
[0000][PE] mean and std.dev: (118.88, 42.42)
[0000][PE] low and high boundaries for proper pairs: (1, 320)
[0000][PE] analyzing insert size distribution for orientation RF...
[0000][PE] (25, 50, 75) percentile: (81, 119, 353)
[0000][PE] low and high boundaries for computing mean and std.dev: (1, 897)
[0000][PE] mean and std.dev: (225.38, 222.85)
[0000][PE] low and high boundaries for proper pairs: (1, 1169)
[0000][PE] analyzing insert size distribution for orientation RR...
[0000][PE] (25, 50, 75) percentile: (45, 68, 102)
[0000][PE] low and high boundaries for computing mean and std.dev: (1, 216)
[0000][PE] mean and std.dev: (73.55, 38.56)
[0000][PE] low and high boundaries for proper pairs: (1, 273)
[0000][PE] skip orientation FF
[0000][PE] skip orientation RF
[0000][PE] skip orientation RR
[0000] 3. Calling kt_for - worker_sam
	[0000][ M::mem_process_seqs] Processed 3467528 reads in 560.119 CPU sec, 14.921 real sec
[0000] Reallocating initial memory allocations!!
[0000] Calling mem_process_seqs.., task: 1
[0000] 1. Calling kt_for - worker_bwt
[0000] 2. Calling kt_for - worker_aln
[0000] Inferring insert size distribution of PE reads from data, l_pac: 1448878366, n: 3471316
[0000][PE] # candidate unique pairs for (FF, FR, RF, RR): (223, 1057607, 38, 172)
[0000][PE] analyzing insert size distribution for orientation FF...
[0000][PE] (25, 50, 75) percentile: (38, 59, 97)
[0000][PE] low and high boundaries for computing mean and std.dev: (1, 215)
[0000][PE] mean and std.dev: (67.77, 38.34)
[0000][PE] low and high boundaries for proper pairs: (1, 274)
[0000][PE] analyzing insert size distribution for orientation FR...
[0000][PE] (25, 50, 75) percentile: (87, 114, 146)
[0000][PE] low and high boundaries for computing mean and std.dev: (1, 264)
[0000][PE] mean and std.dev: (118.92, 42.61)
[0000][PE] low and high boundaries for proper pairs: (1, 323)
[0000][PE] analyzing insert size distribution for orientation RF...
[0000][PE] (25, 50, 75) percentile: (39, 129, 245)
[0000][PE] low and high boundaries for computing mean and std.dev: (1, 657)
[0000][PE] mean and std.dev: (132.59, 118.57)
[0000][PE] low and high boundaries for proper pairs: (1, 863)
[0000][PE] analyzing insert size distribution for orientation RR...
[0000][PE] (25, 50, 75) percentile: (36, 63, 98)
[0000][PE] low and high boundaries for computing mean and std.dev: (1, 222)
[0000][PE] mean and std.dev: (68.04, 41.93)
[0000][PE] low and high boundaries for proper pairs: (1, 284)
[0000][PE] skip orientation FF
[0000][PE] skip orientation RF
[0000][PE] skip orientation RR
[0000] 3. Calling kt_for - worker_sam
	[0000][ M::mem_process_seqs] Processed 3471316 reads in 569.049 CPU sec, 15.261 real sec
[0000] read_chunk: 400000000, work_chunk_size: 400000053, nseq: 3474400
	[0000][ M::kt_pipeline] read 3474400 sequences (400000053 bp)...
[0000] Reallocating initial memory allocations!!
[0000] Calling mem_process_seqs.., task: 2
[0000] 1. Calling kt_for - worker_bwt
[0000] read_chunk: 400000000, work_chunk_size: 400000015, nseq: 3463688
	[0000][ M::kt_pipeline] read 3463688 sequences (400000015 bp)...
[0000] 2. Calling kt_for - worker_aln
[0000] Inferring insert size distribution of PE reads from data, l_pac: 1448878366, n: 3474400
[0000][PE] # candidate unique pairs for (FF, FR, RF, RR): (186, 1067390, 38, 178)
[0000][PE] analyzing insert size distribution for orientation FF...
[0000][PE] (25, 50, 75) percentile: (38, 63, 93)
[0000][PE] low and high boundaries for computing mean and std.dev: (1, 203)
[0000][PE] mean and std.dev: (69.33, 40.59)
[0000][PE] low and high boundaries for proper pairs: (1, 258)
[0000][PE] analyzing insert size distribution for orientation FR...
[0000][PE] (25, 50, 75) percentile: (87, 114, 146)
[0000][PE] low and high boundaries for computing mean and std.dev: (1, 264)
[0000][PE] mean and std.dev: (118.75, 42.55)
[0000][PE] low and high boundaries for proper pairs: (1, 323)
[0000][PE] analyzing insert size distribution for orientation RF...
[0000][PE] (25, 50, 75) percentile: (39, 104, 226)
[0000][PE] low and high boundaries for computing mean and std.dev: (1, 600)
[0000][PE] mean and std.dev: (127.51, 120.15)
[0000][PE] low and high boundaries for proper pairs: (1, 787)
[0000][PE] analyzing insert size distribution for orientation RR...
[0000][PE] (25, 50, 75) percentile: (44, 73, 103)
[0000][PE] low and high boundaries for computing mean and std.dev: (1, 221)
[0000][PE] mean and std.dev: (77.51, 43.19)
[0000][PE] low and high boundaries for proper pairs: (1, 280)
[0000][PE] skip orientation FF
[0000][PE] skip orientation RF
[0000][PE] skip orientation RR
[0000] 3. Calling kt_for - worker_sam
	[0000][ M::mem_process_seqs] Processed 3474400 reads in 584.111 CPU sec, 20.205 real sec
[0000] Calling mem_process_seqs.., task: 3
[0000] 1. Calling kt_for - worker_bwt
[0000] 2. Calling kt_for - worker_aln
[0000] Inferring insert size distribution of PE reads from data, l_pac: 1448878366, n: 3463688
[0000][PE] # candidate unique pairs for (FF, FR, RF, RR): (211, 1045648, 41, 189)
[0000][PE] analyzing insert size distribution for orientation FF...
[0000][PE] (25, 50, 75) percentile: (35, 56, 89)
[0000][PE] low and high boundaries for computing mean and std.dev: (1, 197)
[0000][PE] mean and std.dev: (64.93, 38.07)
[0000][PE] low and high boundaries for proper pairs: (1, 251)
[0000][PE] analyzing insert size distribution for orientation FR...
[0000][PE] (25, 50, 75) percentile: (87, 114, 146)
[0000][PE] low and high boundaries for computing mean and std.dev: (1, 264)
[0000][PE] mean and std.dev: (118.94, 42.62)
[0000][PE] low and high boundaries for proper pairs: (1, 323)
[0000][PE] analyzing insert size distribution for orientation RF...
[0000][PE] (25, 50, 75) percentile: (68, 146, 304)
[0000][PE] low and high boundaries for computing mean and std.dev: (1, 776)
[0000][PE] mean and std.dev: (193.95, 150.62)
[0000][PE] low and high boundaries for proper pairs: (1, 1012)
[0000][PE] analyzing insert size distribution for orientation RR...
[0000][PE] (25, 50, 75) percentile: (40, 65, 101)
[0000][PE] low and high boundaries for computing mean and std.dev: (1, 223)
[0000][PE] mean and std.dev: (72.60, 40.62)
[0000][PE] low and high boundaries for proper pairs: (1, 284)
[0000][PE] skip orientation FF
[0000][PE] skip orientation RF
[0000][PE] skip orientation RR
[0000] 3. Calling kt_for - worker_sam
[0000] read_chunk: 400000000, work_chunk_size: 400000131, nseq: 3467690
	[0000][ M::kt_pipeline] read 3467690 sequences (400000131 bp)...
	[0000][ M::mem_process_seqs] Processed 3463688 reads in 610.016 CPU sec, 16.561 real sec
[0000] Calling mem_process_seqs.., task: 4
[0000] 1. Calling kt_for - worker_bwt
[0000] 2. Calling kt_for - worker_aln
[0000] Inferring insert size distribution of PE reads from data, l_pac: 1448878366, n: 3467690
[0000][PE] # candidate unique pairs for (FF, FR, RF, RR): (195, 1050071, 38, 176)
[0000][PE] analyzing insert size distribution for orientation FF...
[0000][PE] (25, 50, 75) percentile: (37, 59, 92)
[0000][PE] low and high boundaries for computing mean and std.dev: (1, 202)
[0000][PE] mean and std.dev: (66.85, 38.18)
[0000][PE] low and high boundaries for proper pairs: (1, 257)
[0000][PE] analyzing insert size distribution for orientation FR...
[0000][PE] (25, 50, 75) percentile: (87, 114, 146)
[0000][PE] low and high boundaries for computing mean and std.dev: (1, 264)
[0000][PE] mean and std.dev: (118.87, 42.55)
[0000][PE] low and high boundaries for proper pairs: (1, 323)
[0000][PE] analyzing insert size distribution for orientation RF...
[0000][PE] (25, 50, 75) percentile: (103, 175, 298)
[0000][PE] low and high boundaries for computing mean and std.dev: (1, 688)
[0000][PE] mean and std.dev: (205.79, 130.68)
[0000][PE] low and high boundaries for proper pairs: (1, 883)
[0000][PE] analyzing insert size distribution for orientation RR...
[0000][PE] (25, 50, 75) percentile: (45, 73, 103)
[0000][PE] low and high boundaries for computing mean and std.dev: (1, 219)
[0000][PE] mean and std.dev: (75.10, 39.64)
[0000][PE] low and high boundaries for proper pairs: (1, 277)
[0000][PE] skip orientation FF
[0000][PE] skip orientation RF
[0000][PE] skip orientation RR
[0000] 3. Calling kt_for - worker_sam
	[0000][ M::mem_process_seqs] Processed 3467690 reads in 585.847 CPU sec, 15.779 real sec
[0000] read_chunk: 400000000, work_chunk_size: 400000123, nseq: 3461402
	[0000][ M::kt_pipeline] read 3461402 sequences (400000123 bp)...
[0000] Calling mem_process_seqs.., task: 5
[0000] 1. Calling kt_for - worker_bwt
[0000] 2. Calling kt_for - worker_aln
[0000] Inferring insert size distribution of PE reads from data, l_pac: 1448878366, n: 3461402
[0000][PE] # candidate unique pairs for (FF, FR, RF, RR): (218, 1048899, 52, 191)
[0000][PE] analyzing insert size distribution for orientation FF...
[0000][PE] (25, 50, 75) percentile: (38, 61, 88)
[0000][PE] low and high boundaries for computing mean and std.dev: (1, 188)
[0000][PE] mean and std.dev: (64.93, 36.95)
[0000][PE] low and high boundaries for proper pairs: (1, 238)
[0000][PE] analyzing insert size distribution for orientation FR...
[0000][PE] (25, 50, 75) percentile: (88, 114, 146)
[0000][PE] low and high boundaries for computing mean and std.dev: (1, 262)
[0000][PE] mean and std.dev: (119.00, 42.51)
[0000][PE] low and high boundaries for proper pairs: (1, 320)
[0000][PE] analyzing insert size distribution for orientation RF...
[0000][PE] (25, 50, 75) percentile: (52, 163, 325)
[0000][PE] low and high boundaries for computing mean and std.dev: (1, 871)
[0000][PE] mean and std.dev: (204.54, 214.98)
[0000][PE] low and high boundaries for proper pairs: (1, 1144)
[0000][PE] analyzing insert size distribution for orientation RR...
[0000][PE] (25, 50, 75) percentile: (40, 61, 87)
[0000][PE] low and high boundaries for computing mean and std.dev: (1, 181)
[0000][PE] mean and std.dev: (64.76, 36.27)
[0000][PE] low and high boundaries for proper pairs: (1, 228)
[0000][PE] skip orientation FF
[0000][PE] skip orientation RF
[0000][PE] skip orientation RR
[0000] 3. Calling kt_for - worker_sam
[0000] read_chunk: 400000000, work_chunk_size: 400000195, nseq: 3454538
	[0000][ M::kt_pipeline] read 3454538 sequences (400000195 bp)...
	[0000][ M::mem_process_seqs] Processed 3461402 reads in 616.068 CPU sec, 21.859 real sec
[0000] Calling mem_process_seqs.., task: 6
[0000] 1. Calling kt_for - worker_bwt
[0000] 2. Calling kt_for - worker_aln
[0000] Inferring insert size distribution of PE reads from data, l_pac: 1448878366, n: 3454538
[0000][PE] # candidate unique pairs for (FF, FR, RF, RR): (172, 1029458, 23, 180)
[0000][PE] analyzing insert size distribution for orientation FF...
[0000][PE] (25, 50, 75) percentile: (42, 69, 99)
[0000][PE] low and high boundaries for computing mean and std.dev: (1, 213)
[0000][PE] mean and std.dev: (73.41, 40.08)
[0000][PE] low and high boundaries for proper pairs: (1, 270)
[0000][PE] analyzing insert size distribution for orientation FR...
[0000][PE] (25, 50, 75) percentile: (87, 114, 146)
[0000][PE] low and high boundaries for computing mean and std.dev: (1, 264)
[0000][PE] mean and std.dev: (118.83, 42.58)
[0000][PE] low and high boundaries for proper pairs: (1, 323)
[0000][PE] analyzing insert size distribution for orientation RF...
[0000][PE] (25, 50, 75) percentile: (75, 118, 351)
[0000][PE] low and high boundaries for computing mean and std.dev: (1, 903)
[0000][PE] mean and std.dev: (216.86, 205.87)
[0000][PE] low and high boundaries for proper pairs: (1, 1179)
[0000][PE] analyzing insert size distribution for orientation RR...
[0000][PE] (25, 50, 75) percentile: (39, 69, 98)
[0000][PE] low and high boundaries for computing mean and std.dev: (1, 216)
[0000][PE] mean and std.dev: (73.49, 41.43)
[0000][PE] low and high boundaries for proper pairs: (1, 275)
[0000][PE] skip orientation FF
[0000][PE] skip orientation RF
[0000][PE] skip orientation RR
[0000] 3. Calling kt_for - worker_sam
	[0000][ M::mem_process_seqs] Processed 3454538 reads in 642.366 CPU sec, 18.695 real sec
[0000] read_chunk: 400000000, work_chunk_size: 400000154, nseq: 3465766
	[0000][ M::kt_pipeline] read 3465766 sequences (400000154 bp)...
[0000] Calling mem_process_seqs.., task: 7
[0000] 1. Calling kt_for - worker_bwt
[0000] 2. Calling kt_for - worker_aln
[0000] Inferring insert size distribution of PE reads from data, l_pac: 1448878366, n: 3465766
[0000][PE] # candidate unique pairs for (FF, FR, RF, RR): (245, 1052925, 42, 202)
[0000][PE] analyzing insert size distribution for orientation FF...
[0000][PE] (25, 50, 75) percentile: (40, 65, 99)
[0000][PE] low and high boundaries for computing mean and std.dev: (1, 217)
[0000][PE] mean and std.dev: (72.27, 40.83)
[0000][PE] low and high boundaries for proper pairs: (1, 276)
[0000][PE] analyzing insert size distribution for orientation FR...
[0000][PE] (25, 50, 75) percentile: (88, 114, 146)
[0000][PE] low and high boundaries for computing mean and std.dev: (1, 262)
[0000][PE] mean and std.dev: (119.12, 42.48)
[0000][PE] low and high boundaries for proper pairs: (1, 320)
[0000][PE] analyzing insert size distribution for orientation RF...
[0000][PE] (25, 50, 75) percentile: (80, 154, 256)
[0000][PE] low and high boundaries for computing mean and std.dev: (1, 608)
[0000][PE] mean and std.dev: (177.63, 137.75)
[0000][PE] low and high boundaries for proper pairs: (1, 784)
[0000][PE] analyzing insert size distribution for orientation RR...
[0000][PE] (25, 50, 75) percentile: (42, 67, 91)
[0000][PE] low and high boundaries for computing mean and std.dev: (1, 189)
[0000][PE] mean and std.dev: (69.25, 35.53)
[0000][PE] low and high boundaries for proper pairs: (1, 238)
[0000][PE] skip orientation FF
[0000][PE] skip orientation RF
[0000][PE] skip orientation RR
[0000] 3. Calling kt_for - worker_sam
[0000] read_chunk: 400000000, work_chunk_size: 400000037, nseq: 3470460
	[0000][ M::kt_pipeline] read 3470460 sequences (400000037 bp)...
	[0000][ M::mem_process_seqs] Processed 3465766 reads in 601.237 CPU sec, 21.479 real sec
[0000] Calling mem_process_seqs.., task: 8
[0000] 1. Calling kt_for - worker_bwt
[0000] 2. Calling kt_for - worker_aln
[0000] Inferring insert size distribution of PE reads from data, l_pac: 1448878366, n: 3470460
[0000][PE] # candidate unique pairs for (FF, FR, RF, RR): (202, 1062893, 32, 206)
[0000][PE] analyzing insert size distribution for orientation FF...
[0000][PE] (25, 50, 75) percentile: (39, 58, 91)
[0000][PE] low and high boundaries for computing mean and std.dev: (1, 195)
[0000][PE] mean and std.dev: (67.84, 37.23)
[0000][PE] low and high boundaries for proper pairs: (1, 247)
[0000][PE] analyzing insert size distribution for orientation FR...
[0000][PE] (25, 50, 75) percentile: (88, 114, 146)
[0000][PE] low and high boundaries for computing mean and std.dev: (1, 262)
[0000][PE] mean and std.dev: (118.82, 42.42)
[0000][PE] low and high boundaries for proper pairs: (1, 320)
[0000][PE] analyzing insert size distribution for orientation RF...
[0000][PE] (25, 50, 75) percentile: (52, 159, 325)
[0000][PE] low and high boundaries for computing mean and std.dev: (1, 871)
[0000][PE] mean and std.dev: (173.67, 137.95)
[0000][PE] low and high boundaries for proper pairs: (1, 1144)
[0000][PE] analyzing insert size distribution for orientation RR...
[0000][PE] (25, 50, 75) percentile: (36, 69, 98)
[0000][PE] low and high boundaries for computing mean and std.dev: (1, 222)
[0000][PE] mean and std.dev: (73.39, 45.72)
[0000][PE] low and high boundaries for proper pairs: (1, 284)
[0000][PE] skip orientation FF
[0000][PE] skip orientation RF
[0000][PE] skip orientation RR
[0000] 3. Calling kt_for - worker_sam
	[0000][ M::mem_process_seqs] Processed 3470460 reads in 572.600 CPU sec, 15.967 real sec
[0000] read_chunk: 400000000, work_chunk_size: 400000232, nseq: 3465966
	[0000][ M::kt_pipeline] read 3465966 sequences (400000232 bp)...
[0000] Calling mem_process_seqs.., task: 9
[0000] 1. Calling kt_for - worker_bwt
[0000] 2. Calling kt_for - worker_aln
[0000] Inferring insert size distribution of PE reads from data, l_pac: 1448878366, n: 3465966
[0000][PE] # candidate unique pairs for (FF, FR, RF, RR): (180, 1051397, 30, 173)
[0000][PE] analyzing insert size distribution for orientation FF...
[0000][PE] (25, 50, 75) percentile: (41, 60, 88)
[0000][PE] low and high boundaries for computing mean and std.dev: (1, 182)
[0000][PE] mean and std.dev: (63.65, 33.24)
[0000][PE] low and high boundaries for proper pairs: (1, 229)
[0000][PE] analyzing insert size distribution for orientation FR...
[0000][PE] (25, 50, 75) percentile: (88, 114, 146)
[0000][PE] low and high boundaries for computing mean and std.dev: (1, 262)
[0000][PE] mean and std.dev: (118.80, 42.41)
[0000][PE] low and high boundaries for proper pairs: (1, 320)
[0000][PE] analyzing insert size distribution for orientation RF...
[0000][PE] (25, 50, 75) percentile: (109, 216, 439)
[0000][PE] low and high boundaries for computing mean and std.dev: (1, 1099)
[0000][PE] mean and std.dev: (233.85, 188.53)
[0000][PE] low and high boundaries for proper pairs: (1, 1429)
[0000][PE] analyzing insert size distribution for orientation RR...
[0000][PE] (25, 50, 75) percentile: (36, 60, 93)
[0000][PE] low and high boundaries for computing mean and std.dev: (1, 207)
[0000][PE] mean and std.dev: (65.14, 39.46)
[0000][PE] low and high boundaries for proper pairs: (1, 264)
[0000][PE] skip orientation FF
[0000][PE] skip orientation RF
[0000][PE] skip orientation RR
[0000] 3. Calling kt_for - worker_sam
	[0000][ M::mem_process_seqs] Processed 3465966 reads in 615.704 CPU sec, 21.234 real sec
[0000] read_chunk: 400000000, work_chunk_size: 400000045, nseq: 3471606
	[0000][ M::kt_pipeline] read 3471606 sequences (400000045 bp)...
[0000] Calling mem_process_seqs.., task: 10
[0000] 1. Calling kt_for - worker_bwt
[0000] 2. Calling kt_for - worker_aln
[0000] Inferring insert size distribution of PE reads from data, l_pac: 1448878366, n: 3471606
[0000][PE] # candidate unique pairs for (FF, FR, RF, RR): (177, 1060113, 33, 204)
[0000][PE] analyzing insert size distribution for orientation FF...
[0000][PE] (25, 50, 75) percentile: (41, 65, 88)
[0000][PE] low and high boundaries for computing mean and std.dev: (1, 182)
[0000][PE] mean and std.dev: (69.26, 37.69)
[0000][PE] low and high boundaries for proper pairs: (1, 229)
[0000][PE] analyzing insert size distribution for orientation FR...
[0000][PE] (25, 50, 75) percentile: (87, 114, 146)
[0000][PE] low and high boundaries for computing mean and std.dev: (1, 264)
[0000][PE] mean and std.dev: (118.78, 42.55)
[0000][PE] low and high boundaries for proper pairs: (1, 323)
[0000][PE] analyzing insert size distribution for orientation RF...
[0000][PE] (25, 50, 75) percentile: (45, 146, 402)
[0000][PE] low and high boundaries for computing mean and std.dev: (1, 1116)
[0000][PE] mean and std.dev: (230.16, 234.10)
[0000][PE] low and high boundaries for proper pairs: (1, 1473)
[0000][PE] analyzing insert size distribution for orientation RR...
[0000][PE] (25, 50, 75) percentile: (47, 68, 97)
[0000][PE] low and high boundaries for computing mean and std.dev: (1, 197)
[0000][PE] mean and std.dev: (71.03, 35.52)
[0000][PE] low and high boundaries for proper pairs: (1, 247)
[0000][PE] skip orientation FF
[0000][PE] skip orientation RF
[0000][PE] skip orientation RR
[0000] 3. Calling kt_for - worker_sam
	[0000][ M::mem_process_seqs] Processed 3471606 reads in 604.067 CPU sec, 21.237 real sec
[0000] read_chunk: 400000000, work_chunk_size: 400000180, nseq: 3472208
	[0000][ M::kt_pipeline] read 3472208 sequences (400000180 bp)...
[0000] Calling mem_process_seqs.., task: 11
[0000] 1. Calling kt_for - worker_bwt
[0000] 2. Calling kt_for - worker_aln
[0000] Inferring insert size distribution of PE reads from data, l_pac: 1448878366, n: 3472208
[0000][PE] # candidate unique pairs for (FF, FR, RF, RR): (199, 1058629, 32, 188)
[0000][PE] analyzing insert size distribution for orientation FF...
[0000][PE] (25, 50, 75) percentile: (43, 67, 101)
[0000][PE] low and high boundaries for computing mean and std.dev: (1, 217)
[0000][PE] mean and std.dev: (74.57, 43.45)
[0000][PE] low and high boundaries for proper pairs: (1, 275)
[0000][PE] analyzing insert size distribution for orientation FR...
[0000][PE] (25, 50, 75) percentile: (87, 114, 146)
[0000][PE] low and high boundaries for computing mean and std.dev: (1, 264)
[0000][PE] mean and std.dev: (118.86, 42.52)
[0000][PE] low and high boundaries for proper pairs: (1, 323)
[0000][PE] analyzing insert size distribution for orientation RF...
[0000][PE] (25, 50, 75) percentile: (62, 170, 483)
[0000][PE] low and high boundaries for computing mean and std.dev: (1, 1325)
[0000][PE] mean and std.dev: (292.09, 283.37)
[0000][PE] low and high boundaries for proper pairs: (1, 1746)
[0000][PE] analyzing insert size distribution for orientation RR...
[0000][PE] (25, 50, 75) percentile: (42, 71, 101)
[0000][PE] low and high boundaries for computing mean and std.dev: (1, 219)
[0000][PE] mean and std.dev: (73.74, 41.61)
[0000][PE] low and high boundaries for proper pairs: (1, 278)
[0000][PE] skip orientation FF
[0000][PE] skip orientation RF
[0000][PE] skip orientation RR
[0000] 3. Calling kt_for - worker_sam
	[0000][ M::mem_process_seqs] Processed 3472208 reads in 608.863 CPU sec, 21.857 real sec
[0000] read_chunk: 400000000, work_chunk_size: 285764203, nseq: 2476884
	[0000][ M::kt_pipeline] read 2476884 sequences (285764203 bp)...
[0000] Calling mem_process_seqs.., task: 12
[0000] 1. Calling kt_for - worker_bwt
[0000] 2. Calling kt_for - worker_aln
[0000] read_chunk: 400000000, work_chunk_size: 0, nseq: 0
[0000] Inferring insert size distribution of PE reads from data, l_pac: 1448878366, n: 2476884
[0000][PE] # candidate unique pairs for (FF, FR, RF, RR): (137, 753085, 32, 119)
[0000][PE] analyzing insert size distribution for orientation FF...
[0000][PE] (25, 50, 75) percentile: (43, 68, 107)
[0000][PE] low and high boundaries for computing mean and std.dev: (1, 235)
[0000][PE] mean and std.dev: (75.47, 44.06)
[0000][PE] low and high boundaries for proper pairs: (1, 299)
[0000][PE] analyzing insert size distribution for orientation FR...
[0000][PE] (25, 50, 75) percentile: (88, 114, 146)
[0000][PE] low and high boundaries for computing mean and std.dev: (1, 262)
[0000][PE] mean and std.dev: (118.92, 42.53)
[0000][PE] low and high boundaries for proper pairs: (1, 320)
[0000][PE] analyzing insert size distribution for orientation RF...
[0000][PE] (25, 50, 75) percentile: (45, 151, 461)
[0000][PE] low and high boundaries for computing mean and std.dev: (1, 1293)
[0000][PE] mean and std.dev: (220.06, 201.70)
[0000][PE] low and high boundaries for proper pairs: (1, 1709)
[0000][PE] analyzing insert size distribution for orientation RR...
[0000][PE] (25, 50, 75) percentile: (40, 66, 94)
[0000][PE] low and high boundaries for computing mean and std.dev: (1, 202)
[0000][PE] mean and std.dev: (69.81, 41.28)
[0000][PE] low and high boundaries for proper pairs: (1, 256)
[0000][PE] skip orientation FF
[0000][PE] skip orientation RF
[0000][PE] skip orientation RR
[0000] 3. Calling kt_for - worker_sam
	[0000][ M::mem_process_seqs] Processed 2476884 reads in 421.996 CPU sec, 13.061 real sec
[0000] read_chunk: 400000000, work_chunk_size: 0, nseq: 0
[0000] Computation ends..
No. of OMP threads: 40
Processor is running @2394.728130 MHz
Runtime profile:

	Time taken for main_mem function: 387.17 sec

	IO times (sec) :
	Reading IO time (reads) avg: 178.27, (178.27, 178.27)
	Writing IO time (SAM) avg: 83.48, (83.48, 83.48)
	Reading IO time (Reference Genome) avg: 1.38, (1.38, 1.38)
	Index read time avg: 2.34, (2.34, 2.34)

	Overall time (sec) (Excluding Index reading time):
	PROCESS() (Total compute time + (read + SAM) IO time) : 380.43
	MEM_PROCESS_SEQ() (Total compute time (Kernel + SAM)), avg: 238.08, (238.08, 238.08)

	 SAM Processing time (sec):
	--WORKER_SAM avg: 48.06, (48.06, 48.06)

	Kernels' compute time (sec):
	Total kernel (smem+sal+bsw) time avg: 185.47, (185.47, 185.47)
		MEM_ALN_CHAIN_FLT avg: 0.00, (0.00, 0.00)
		MEM_ALN_CHAIN_SEED avg: 0.00, (0.00, 0.00)
		ERT_SEED_CHAIN avg: 0.00, (0.00, 0.00)
	LEARNED_SEED_CHAIN avg: 93.71, (94.05, 93.37)
		SMEM compute avg: 0.00, (0.00, 0.00)
		SAL compute avg: 0.00, (0.00, 0.00)
				MEM_SA avg: 0.00, (0.00, 0.00)

		BSW time, avg: 86.34, (86.99, 85.77)

Important parameter settings: 
	BATCH_SIZE: 512
	MAX_SEQ_LEN_REF: 256
	MAX_SEQ_LEN_QER: 128
	MAX_SEQ_LEN8: 128
	SEEDS_PER_READ: 500
	SIMD_WIDTH8 X: 64
	SIMD_WIDTH16 X: 32
	AVG_SEEDS_PER_READ: 64
