Looking to launch executable "/opt/conda/bin/bwa-meme_mode3.avx512bw", simd = _mode3.avx512bw
Launching executable "/opt/conda/bin/bwa-meme_mode3.avx512bw"
-----------------------------
Executing in AVX512 mode!!
-----------------------------
* SA compression enabled with xfactor: 8
* Ref file: reference.ssl.Sne.fasta
* Entering FMI_search
* Index file found. Loading index from reference.ssl.Sne.fasta.bwt.2bit.64
* Reference seq len for bi-index = 2897756733
* sentinel-index: 133786390
* Count:
0,	1
1,	895477253
2,	1448878367
3,	2002279481
4,	2897756733

* Reading other elements of the index from files reference.ssl.Sne.fasta
* Index prefix: reference.ssl.Sne.fasta
* Read 0 ALT contigs
* Done reading Index!!
* Reading reference genome..
* Binary seq file = reference.ssl.Sne.fasta.0123
* Reference genome size: 2897756732 bp
* Done reading reference genome !!

------------------------------------------
1. Memory pre-allocation for Chaining: 5679.4903 MB
2. Memory pre-allocation for BSW: 9584.6810 MB
3. Memory pre-allocation for BWT: 3092.5670 MB
------------------------------------------
* Threads used (compute): 40
* No. of pipeline threads: 2

[0000] read_chunk: 400000000, work_chunk_size: 400000014, nseq: 3744258
	[0000][ M::kt_pipeline] read 3744258 sequences (400000014 bp)...
[0000] Reallocating initial memory allocations!!
[0000] Calling mem_process_seqs.., task: 0
[0000] 1. Calling kt_for - worker_bwt
[0000] read_chunk: 400000000, work_chunk_size: 400000105, nseq: 3758388
	[0000][ M::kt_pipeline] read 3758388 sequences (400000105 bp)...
[0000] 2. Calling kt_for - worker_aln
[0000] Inferring insert size distribution of PE reads from data, l_pac: 1448878366, n: 3744258
[0000][PE] # candidate unique pairs for (FF, FR, RF, RR): (369, 1043894, 8, 374)
[0000][PE] analyzing insert size distribution for orientation FF...
[0000][PE] (25, 50, 75) percentile: (35, 65, 102)
[0000][PE] low and high boundaries for computing mean and std.dev: (1, 236)
[0000][PE] mean and std.dev: (71.15, 43.47)
[0000][PE] low and high boundaries for proper pairs: (1, 303)
[0000][PE] analyzing insert size distribution for orientation FR...
[0000][PE] (25, 50, 75) percentile: (77, 100, 128)
[0000][PE] low and high boundaries for computing mean and std.dev: (1, 230)
[0000][PE] mean and std.dev: (104.46, 36.98)
[0000][PE] low and high boundaries for proper pairs: (1, 281)
[0000][PE] skip orientation RF as there are not enough pairs
[0000][PE] analyzing insert size distribution for orientation RR...
[0000][PE] (25, 50, 75) percentile: (35, 65, 98)
[0000][PE] low and high boundaries for computing mean and std.dev: (1, 224)
[0000][PE] mean and std.dev: (71.65, 44.84)
[0000][PE] low and high boundaries for proper pairs: (1, 287)
[0000][PE] skip orientation FF
[0000][PE] skip orientation RR
[0000] 3. Calling kt_for - worker_sam
	[0000][ M::mem_process_seqs] Processed 3744258 reads in 1312.710 CPU sec, 34.478 real sec
[0000] Reallocating initial memory allocations!!
[0000] Calling mem_process_seqs.., task: 1
[0000] 1. Calling kt_for - worker_bwt
[0000] read_chunk: 400000000, work_chunk_size: 400000016, nseq: 3736004
	[0000][ M::kt_pipeline] read 3736004 sequences (400000016 bp)...
[0000] 2. Calling kt_for - worker_aln
[0000] Inferring insert size distribution of PE reads from data, l_pac: 1448878366, n: 3758388
[0000][PE] # candidate unique pairs for (FF, FR, RF, RR): (388, 1059539, 16, 403)
[0000][PE] analyzing insert size distribution for orientation FF...
[0000][PE] (25, 50, 75) percentile: (36, 65, 104)
[0000][PE] low and high boundaries for computing mean and std.dev: (1, 240)
[0000][PE] mean and std.dev: (72.70, 46.36)
[0000][PE] low and high boundaries for proper pairs: (1, 308)
[0000][PE] analyzing insert size distribution for orientation FR...
[0000][PE] (25, 50, 75) percentile: (77, 100, 128)
[0000][PE] low and high boundaries for computing mean and std.dev: (1, 230)
[0000][PE] mean and std.dev: (104.27, 36.95)
[0000][PE] low and high boundaries for proper pairs: (1, 281)
[0000][PE] analyzing insert size distribution for orientation RF...
[0000][PE] (25, 50, 75) percentile: (42, 123, 261)
[0000][PE] low and high boundaries for computing mean and std.dev: (1, 699)
[0000][PE] mean and std.dev: (172.12, 163.04)
[0000][PE] low and high boundaries for proper pairs: (1, 918)
[0000][PE] analyzing insert size distribution for orientation RR...
[0000][PE] (25, 50, 75) percentile: (41, 71, 101)
[0000][PE] low and high boundaries for computing mean and std.dev: (1, 221)
[0000][PE] mean and std.dev: (73.82, 43.95)
[0000][PE] low and high boundaries for proper pairs: (1, 281)
[0000][PE] skip orientation FF
[0000][PE] skip orientation RF
[0000][PE] skip orientation RR
[0000] 3. Calling kt_for - worker_sam
	[0000][ M::mem_process_seqs] Processed 3758388 reads in 1251.825 CPU sec, 33.168 real sec
[0000] Calling mem_process_seqs.., task: 2
[0000] 1. Calling kt_for - worker_bwt
[0000] read_chunk: 400000000, work_chunk_size: 400000138, nseq: 3750344
	[0000][ M::kt_pipeline] read 3750344 sequences (400000138 bp)...
[0000] 2. Calling kt_for - worker_aln
[0000] Inferring insert size distribution of PE reads from data, l_pac: 1448878366, n: 3736004
[0000][PE] # candidate unique pairs for (FF, FR, RF, RR): (416, 1034228, 10, 370)
[0000][PE] analyzing insert size distribution for orientation FF...
[0000][PE] (25, 50, 75) percentile: (36, 63, 99)
[0000][PE] low and high boundaries for computing mean and std.dev: (1, 225)
[0000][PE] mean and std.dev: (69.54, 42.86)
[0000][PE] low and high boundaries for proper pairs: (1, 288)
[0000][PE] analyzing insert size distribution for orientation FR...
[0000][PE] (25, 50, 75) percentile: (77, 100, 128)
[0000][PE] low and high boundaries for computing mean and std.dev: (1, 230)
[0000][PE] mean and std.dev: (104.22, 36.93)
[0000][PE] low and high boundaries for proper pairs: (1, 281)
[0000][PE] analyzing insert size distribution for orientation RF...
[0000][PE] (25, 50, 75) percentile: (20, 105, 111)
[0000][PE] low and high boundaries for computing mean and std.dev: (1, 293)
[0000][PE] mean and std.dev: (63.44, 43.50)
[0000][PE] low and high boundaries for proper pairs: (1, 384)
[0000][PE] analyzing insert size distribution for orientation RR...
[0000][PE] (25, 50, 75) percentile: (44, 78, 110)
[0000][PE] low and high boundaries for computing mean and std.dev: (1, 242)
[0000][PE] mean and std.dev: (80.52, 46.09)
[0000][PE] low and high boundaries for proper pairs: (1, 308)
[0000][PE] skip orientation FF
[0000][PE] skip orientation RF
[0000][PE] skip orientation RR
[0000] 3. Calling kt_for - worker_sam
	[0000][ M::mem_process_seqs] Processed 3736004 reads in 1295.489 CPU sec, 34.519 real sec
[0000] Calling mem_process_seqs.., task: 3
[0000] 1. Calling kt_for - worker_bwt
[0000] read_chunk: 400000000, work_chunk_size: 400000262, nseq: 3727574
	[0000][ M::kt_pipeline] read 3727574 sequences (400000262 bp)...
[0000] 2. Calling kt_for - worker_aln
[0000] Inferring insert size distribution of PE reads from data, l_pac: 1448878366, n: 3750344
[0000][PE] # candidate unique pairs for (FF, FR, RF, RR): (419, 1047814, 15, 380)
[0000][PE] analyzing insert size distribution for orientation FF...
[0000][PE] (25, 50, 75) percentile: (39, 67, 97)
[0000][PE] low and high boundaries for computing mean and std.dev: (1, 213)
[0000][PE] mean and std.dev: (70.03, 38.83)
[0000][PE] low and high boundaries for proper pairs: (1, 271)
[0000][PE] analyzing insert size distribution for orientation FR...
[0000][PE] (25, 50, 75) percentile: (77, 100, 128)
[0000][PE] low and high boundaries for computing mean and std.dev: (1, 230)
[0000][PE] mean and std.dev: (104.27, 36.96)
[0000][PE] low and high boundaries for proper pairs: (1, 281)
[0000][PE] analyzing insert size distribution for orientation RF...
[0000][PE] (25, 50, 75) percentile: (27, 60, 357)
[0000][PE] low and high boundaries for computing mean and std.dev: (1, 1017)
[0000][PE] mean and std.dev: (143.71, 147.30)
[0000][PE] low and high boundaries for proper pairs: (1, 1347)
[0000][PE] analyzing insert size distribution for orientation RR...
[0000][PE] (25, 50, 75) percentile: (40, 66, 103)
[0000][PE] low and high boundaries for computing mean and std.dev: (1, 229)
[0000][PE] mean and std.dev: (70.09, 40.05)
[0000][PE] low and high boundaries for proper pairs: (1, 292)
[0000][PE] skip orientation FF
[0000][PE] skip orientation RF
[0000][PE] skip orientation RR
[0000] 3. Calling kt_for - worker_sam
	[0000][ M::mem_process_seqs] Processed 3750344 reads in 1204.684 CPU sec, 31.545 real sec
[0000] Calling mem_process_seqs.., task: 4
[0000] 1. Calling kt_for - worker_bwt
[0000] read_chunk: 400000000, work_chunk_size: 400000105, nseq: 3708846
	[0000][ M::kt_pipeline] read 3708846 sequences (400000105 bp)...
[0000] 2. Calling kt_for - worker_aln
[0000] Inferring insert size distribution of PE reads from data, l_pac: 1448878366, n: 3727574
[0000][PE] # candidate unique pairs for (FF, FR, RF, RR): (423, 1029113, 17, 376)
[0000][PE] analyzing insert size distribution for orientation FF...
[0000][PE] (25, 50, 75) percentile: (34, 64, 97)
[0000][PE] low and high boundaries for computing mean and std.dev: (1, 223)
[0000][PE] mean and std.dev: (66.86, 40.16)
[0000][PE] low and high boundaries for proper pairs: (1, 286)
[0000][PE] analyzing insert size distribution for orientation FR...
[0000][PE] (25, 50, 75) percentile: (77, 100, 128)
[0000][PE] low and high boundaries for computing mean and std.dev: (1, 230)
[0000][PE] mean and std.dev: (104.28, 36.93)
[0000][PE] low and high boundaries for proper pairs: (1, 281)
[0000][PE] analyzing insert size distribution for orientation RF...
[0000][PE] (25, 50, 75) percentile: (47, 92, 364)
[0000][PE] low and high boundaries for computing mean and std.dev: (1, 998)
[0000][PE] mean and std.dev: (181.59, 159.92)
[0000][PE] low and high boundaries for proper pairs: (1, 1315)
[0000][PE] analyzing insert size distribution for orientation RR...
[0000][PE] (25, 50, 75) percentile: (40, 68, 98)
[0000][PE] low and high boundaries for computing mean and std.dev: (1, 214)
[0000][PE] mean and std.dev: (72.57, 42.14)
[0000][PE] low and high boundaries for proper pairs: (1, 272)
[0000][PE] skip orientation FF
[0000][PE] skip orientation RF
[0000][PE] skip orientation RR
[0000] 3. Calling kt_for - worker_sam
	[0000][ M::mem_process_seqs] Processed 3727574 reads in 1241.900 CPU sec, 32.847 real sec
[0000] Calling mem_process_seqs.., task: 5
[0000] 1. Calling kt_for - worker_bwt
[0000] read_chunk: 400000000, work_chunk_size: 400000272, nseq: 3746364
	[0000][ M::kt_pipeline] read 3746364 sequences (400000272 bp)...
[0000] 2. Calling kt_for - worker_aln
[0000] Inferring insert size distribution of PE reads from data, l_pac: 1448878366, n: 3708846
[0000][PE] # candidate unique pairs for (FF, FR, RF, RR): (397, 1000475, 12, 317)
[0000][PE] analyzing insert size distribution for orientation FF...
[0000][PE] (25, 50, 75) percentile: (42, 70, 103)
[0000][PE] low and high boundaries for computing mean and std.dev: (1, 225)
[0000][PE] mean and std.dev: (76.21, 46.20)
[0000][PE] low and high boundaries for proper pairs: (1, 286)
[0000][PE] analyzing insert size distribution for orientation FR...
[0000][PE] (25, 50, 75) percentile: (77, 100, 128)
[0000][PE] low and high boundaries for computing mean and std.dev: (1, 230)
[0000][PE] mean and std.dev: (104.28, 36.89)
[0000][PE] low and high boundaries for proper pairs: (1, 281)
[0000][PE] analyzing insert size distribution for orientation RF...
[0000][PE] (25, 50, 75) percentile: (66, 242, 550)
[0000][PE] low and high boundaries for computing mean and std.dev: (1, 1518)
[0000][PE] mean and std.dev: (257.92, 221.09)
[0000][PE] low and high boundaries for proper pairs: (1, 2002)
[0000][PE] analyzing insert size distribution for orientation RR...
[0000][PE] (25, 50, 75) percentile: (39, 65, 95)
[0000][PE] low and high boundaries for computing mean and std.dev: (1, 207)
[0000][PE] mean and std.dev: (69.60, 41.78)
[0000][PE] low and high boundaries for proper pairs: (1, 263)
[0000][PE] skip orientation FF
[0000][PE] skip orientation RF
[0000][PE] skip orientation RR
[0000] 3. Calling kt_for - worker_sam
	[0000][ M::mem_process_seqs] Processed 3708846 reads in 1401.128 CPU sec, 36.862 real sec
[0000] Calling mem_process_seqs.., task: 6
[0000] 1. Calling kt_for - worker_bwt
[0000] 2. Calling kt_for - worker_aln
[0000] read_chunk: 400000000, work_chunk_size: 400000063, nseq: 3747252
	[0000][ M::kt_pipeline] read 3747252 sequences (400000063 bp)...
[0000] Inferring insert size distribution of PE reads from data, l_pac: 1448878366, n: 3746364
[0000][PE] # candidate unique pairs for (FF, FR, RF, RR): (402, 1045368, 12, 383)
[0000][PE] analyzing insert size distribution for orientation FF...
[0000][PE] (25, 50, 75) percentile: (40, 67, 100)
[0000][PE] low and high boundaries for computing mean and std.dev: (1, 220)
[0000][PE] mean and std.dev: (75.15, 45.05)
[0000][PE] low and high boundaries for proper pairs: (1, 280)
[0000][PE] analyzing insert size distribution for orientation FR...
[0000][PE] (25, 50, 75) percentile: (77, 100, 128)
[0000][PE] low and high boundaries for computing mean and std.dev: (1, 230)
[0000][PE] mean and std.dev: (104.53, 37.00)
[0000][PE] low and high boundaries for proper pairs: (1, 281)
[0000][PE] analyzing insert size distribution for orientation RF...
[0000][PE] (25, 50, 75) percentile: (52, 150, 202)
[0000][PE] low and high boundaries for computing mean and std.dev: (1, 502)
[0000][PE] mean and std.dev: (138.50, 118.48)
[0000][PE] low and high boundaries for proper pairs: (1, 652)
[0000][PE] analyzing insert size distribution for orientation RR...
[0000][PE] (25, 50, 75) percentile: (39, 67, 100)
[0000][PE] low and high boundaries for computing mean and std.dev: (1, 222)
[0000][PE] mean and std.dev: (73.35, 45.74)
[0000][PE] low and high boundaries for proper pairs: (1, 283)
[0000][PE] skip orientation FF
[0000][PE] skip orientation RF
[0000][PE] skip orientation RR
[0000] 3. Calling kt_for - worker_sam
	[0000][ M::mem_process_seqs] Processed 3746364 reads in 1215.590 CPU sec, 31.975 real sec
[0000] Calling mem_process_seqs.., task: 7
[0000] 1. Calling kt_for - worker_bwt
[0000] 2. Calling kt_for - worker_aln
[0000] read_chunk: 400000000, work_chunk_size: 400000215, nseq: 3747386
	[0000][ M::kt_pipeline] read 3747386 sequences (400000215 bp)...
[0000] Inferring insert size distribution of PE reads from data, l_pac: 1448878366, n: 3747252
[0000][PE] # candidate unique pairs for (FF, FR, RF, RR): (391, 1050465, 18, 374)
[0000][PE] analyzing insert size distribution for orientation FF...
[0000][PE] (25, 50, 75) percentile: (40, 65, 104)
[0000][PE] low and high boundaries for computing mean and std.dev: (1, 232)
[0000][PE] mean and std.dev: (72.58, 44.81)
[0000][PE] low and high boundaries for proper pairs: (1, 296)
[0000][PE] analyzing insert size distribution for orientation FR...
[0000][PE] (25, 50, 75) percentile: (77, 100, 128)
[0000][PE] low and high boundaries for computing mean and std.dev: (1, 230)
[0000][PE] mean and std.dev: (104.31, 36.94)
[0000][PE] low and high boundaries for proper pairs: (1, 281)
[0000][PE] analyzing insert size distribution for orientation RF...
[0000][PE] (25, 50, 75) percentile: (64, 147, 255)
[0000][PE] low and high boundaries for computing mean and std.dev: (1, 637)
[0000][PE] mean and std.dev: (184.83, 149.31)
[0000][PE] low and high boundaries for proper pairs: (1, 828)
[0000][PE] analyzing insert size distribution for orientation RR...
[0000][PE] (25, 50, 75) percentile: (36, 68, 106)
[0000][PE] low and high boundaries for computing mean and std.dev: (1, 246)
[0000][PE] mean and std.dev: (72.58, 45.09)
[0000][PE] low and high boundaries for proper pairs: (1, 316)
[0000][PE] skip orientation FF
[0000][PE] skip orientation RF
[0000][PE] skip orientation RR
[0000] 3. Calling kt_for - worker_sam
	[0000][ M::mem_process_seqs] Processed 3747252 reads in 1214.580 CPU sec, 31.750 real sec
[0000] Calling mem_process_seqs.., task: 8
[0000] 1. Calling kt_for - worker_bwt
[0000] 2. Calling kt_for - worker_aln
[0000] read_chunk: 400000000, work_chunk_size: 400000189, nseq: 3753810
	[0000][ M::kt_pipeline] read 3753810 sequences (400000189 bp)...
[0000] Inferring insert size distribution of PE reads from data, l_pac: 1448878366, n: 3747386
[0000][PE] # candidate unique pairs for (FF, FR, RF, RR): (406, 1047499, 10, 383)
[0000][PE] analyzing insert size distribution for orientation FF...
[0000][PE] (25, 50, 75) percentile: (38, 67, 98)
[0000][PE] low and high boundaries for computing mean and std.dev: (1, 218)
[0000][PE] mean and std.dev: (71.89, 42.68)
[0000][PE] low and high boundaries for proper pairs: (1, 278)
[0000][PE] analyzing insert size distribution for orientation FR...
[0000][PE] (25, 50, 75) percentile: (77, 100, 128)
[0000][PE] low and high boundaries for computing mean and std.dev: (1, 230)
[0000][PE] mean and std.dev: (104.24, 36.92)
[0000][PE] low and high boundaries for proper pairs: (1, 281)
[0000][PE] analyzing insert size distribution for orientation RF...
[0000][PE] (25, 50, 75) percentile: (26, 93, 389)
[0000][PE] low and high boundaries for computing mean and std.dev: (1, 1115)
[0000][PE] mean and std.dev: (168.80, 182.06)
[0000][PE] low and high boundaries for proper pairs: (1, 1478)
[0000][PE] analyzing insert size distribution for orientation RR...
[0000][PE] (25, 50, 75) percentile: (38, 60, 95)
[0000][PE] low and high boundaries for computing mean and std.dev: (1, 209)
[0000][PE] mean and std.dev: (66.77, 39.43)
[0000][PE] low and high boundaries for proper pairs: (1, 266)
[0000][PE] skip orientation FF
[0000][PE] skip orientation RF
[0000][PE] skip orientation RR
[0000] 3. Calling kt_for - worker_sam
	[0000][ M::mem_process_seqs] Processed 3747386 reads in 1216.100 CPU sec, 31.993 real sec
[0000] Calling mem_process_seqs.., task: 9
[0000] 1. Calling kt_for - worker_bwt
[0000] read_chunk: 400000000, work_chunk_size: 202890721, nseq: 1900376
	[0000][ M::kt_pipeline] read 1900376 sequences (202890721 bp)...
[0000] 2. Calling kt_for - worker_aln
[0000] Inferring insert size distribution of PE reads from data, l_pac: 1448878366, n: 3753810
[0000][PE] # candidate unique pairs for (FF, FR, RF, RR): (417, 1054821, 6, 417)
[0000][PE] analyzing insert size distribution for orientation FF...
[0000][PE] (25, 50, 75) percentile: (38, 69, 101)
[0000][PE] low and high boundaries for computing mean and std.dev: (1, 227)
[0000][PE] mean and std.dev: (72.06, 42.83)
[0000][PE] low and high boundaries for proper pairs: (1, 290)
[0000][PE] analyzing insert size distribution for orientation FR...
[0000][PE] (25, 50, 75) percentile: (77, 100, 128)
[0000][PE] low and high boundaries for computing mean and std.dev: (1, 230)
[0000][PE] mean and std.dev: (104.28, 36.92)
[0000][PE] low and high boundaries for proper pairs: (1, 281)
[0000][PE] skip orientation RF as there are not enough pairs
[0000][PE] analyzing insert size distribution for orientation RR...
[0000][PE] (25, 50, 75) percentile: (36, 63, 95)
[0000][PE] low and high boundaries for computing mean and std.dev: (1, 213)
[0000][PE] mean and std.dev: (67.74, 41.10)
[0000][PE] low and high boundaries for proper pairs: (1, 272)
[0000][PE] skip orientation FF
[0000][PE] skip orientation RR
[0000] 3. Calling kt_for - worker_sam
	[0000][ M::mem_process_seqs] Processed 3753810 reads in 1194.824 CPU sec, 32.372 real sec
[0000] Calling mem_process_seqs.., task: 10
[0000] 1. Calling kt_for - worker_bwt
[0000] 2. Calling kt_for - worker_aln
[0000] read_chunk: 400000000, work_chunk_size: 0, nseq: 0
[0000] Inferring insert size distribution of PE reads from data, l_pac: 1448878366, n: 1900376
[0000][PE] # candidate unique pairs for (FF, FR, RF, RR): (208, 530353, 3, 180)
[0000][PE] analyzing insert size distribution for orientation FF...
[0000][PE] (25, 50, 75) percentile: (38, 66, 95)
[0000][PE] low and high boundaries for computing mean and std.dev: (1, 209)
[0000][PE] mean and std.dev: (72.66, 42.59)
[0000][PE] low and high boundaries for proper pairs: (1, 266)
[0000][PE] analyzing insert size distribution for orientation FR...
[0000][PE] (25, 50, 75) percentile: (77, 100, 128)
[0000][PE] low and high boundaries for computing mean and std.dev: (1, 230)
[0000][PE] mean and std.dev: (104.38, 36.96)
[0000][PE] low and high boundaries for proper pairs: (1, 281)
[0000][PE] skip orientation RF as there are not enough pairs
[0000][PE] analyzing insert size distribution for orientation RR...
[0000][PE] (25, 50, 75) percentile: (42, 71, 106)
[0000][PE] low and high boundaries for computing mean and std.dev: (1, 234)
[0000][PE] mean and std.dev: (76.44, 47.29)
[0000][PE] low and high boundaries for proper pairs: (1, 298)
[0000][PE] skip orientation FF
[0000][PE] skip orientation RR
[0000] 3. Calling kt_for - worker_sam
	[0000][ M::mem_process_seqs] Processed 1900376 reads in 622.523 CPU sec, 16.556 real sec
[0000] read_chunk: 400000000, work_chunk_size: 0, nseq: 0
[0000] Computation ends..
No. of OMP threads: 40
Processor is running @2394.646478 MHz
Runtime profile:

	Time taken for main_mem function: 384.10 sec

	IO times (sec) :
	Reading IO time (reads) avg: 108.23, (108.23, 108.23)
	Writing IO time (SAM) avg: 81.99, (81.99, 81.99)
	Reading IO time (Reference Genome) avg: 1.68, (1.68, 1.68)
	Index read time avg: 4.84, (4.84, 4.84)

	Overall time (sec) (Excluding Index reading time):
	PROCESS() (Total compute time + (read + SAM) IO time) : 375.11
	MEM_PROCESS_SEQ() (Total compute time (Kernel + SAM)), avg: 348.02, (348.02, 348.02)

	 SAM Processing time (sec):
	--WORKER_SAM avg: 52.94, (52.94, 52.94)

	Kernels' compute time (sec):
	Total kernel (smem+sal+bsw) time avg: 287.55, (287.55, 287.55)
		MEM_ALN_CHAIN_FLT avg: 0.00, (0.00, 0.00)
		MEM_ALN_CHAIN_SEED avg: 0.00, (0.00, 0.00)
		ERT_SEED_CHAIN avg: 0.00, (0.00, 0.00)
	LEARNED_SEED_CHAIN avg: 0.00, (0.00, 0.00)
		SMEM compute avg: 130.08, (130.88, 129.36)
		SAL compute avg: 61.25, (61.81, 60.66)
				MEM_SA avg: 23.02, (23.27, 22.53)

		BSW time, avg: 78.05, (78.21, 77.88)

Important parameter settings: 
	BATCH_SIZE: 512
	MAX_SEQ_LEN_REF: 256
	MAX_SEQ_LEN_QER: 128
	MAX_SEQ_LEN8: 128
	SEEDS_PER_READ: 500
	SIMD_WIDTH8 X: 64
	SIMD_WIDTH16 X: 32
	AVG_SEEDS_PER_READ: 64
