Looking to launch executable "/opt/conda/bin/bwa-meme_mode3.avx512bw", simd = _mode3.avx512bw
Launching executable "/opt/conda/bin/bwa-meme_mode3.avx512bw"
-----------------------------
Executing in AVX512 mode!!
-----------------------------
* SA compression enabled with xfactor: 8
* Ref file: reference.ssl.Sne.fasta
* Entering FMI_search
* Index file found. Loading index from reference.ssl.Sne.fasta.bwt.2bit.64
* Reference seq len for bi-index = 2897756733
* sentinel-index: 133786390
* Count:
0,	1
1,	895477253
2,	1448878367
3,	2002279481
4,	2897756733

* Reading other elements of the index from files reference.ssl.Sne.fasta
* Index prefix: reference.ssl.Sne.fasta
* Read 0 ALT contigs
* Done reading Index!!
* Reading reference genome..
* Binary seq file = reference.ssl.Sne.fasta.0123
* Reference genome size: 2897756732 bp
* Done reading reference genome !!

------------------------------------------
1. Memory pre-allocation for Chaining: 5679.4903 MB
2. Memory pre-allocation for BSW: 9584.6810 MB
3. Memory pre-allocation for BWT: 3092.5670 MB
------------------------------------------
* Threads used (compute): 40
* No. of pipeline threads: 2

[0000] read_chunk: 400000000, work_chunk_size: 400000293, nseq: 3242820
	[0000][ M::kt_pipeline] read 3242820 sequences (400000293 bp)...
[0000] Reallocating initial memory allocations!!
[0000] Calling mem_process_seqs.., task: 0
[0000] 1. Calling kt_for - worker_bwt
[0000] read_chunk: 400000000, work_chunk_size: 400000172, nseq: 3241088
	[0000][ M::kt_pipeline] read 3241088 sequences (400000172 bp)...
[0000] 2. Calling kt_for - worker_aln
[0000] Inferring insert size distribution of PE reads from data, l_pac: 1448878366, n: 3242820
[0000][PE] # candidate unique pairs for (FF, FR, RF, RR): (52, 1224769, 22, 51)
[0000][PE] analyzing insert size distribution for orientation FF...
[0000][PE] (25, 50, 75) percentile: (71, 99, 164)
[0000][PE] low and high boundaries for computing mean and std.dev: (1, 350)
[0000][PE] mean and std.dev: (112.51, 65.56)
[0000][PE] low and high boundaries for proper pairs: (1, 443)
[0000][PE] analyzing insert size distribution for orientation FR...
[0000][PE] (25, 50, 75) percentile: (103, 137, 182)
[0000][PE] low and high boundaries for computing mean and std.dev: (1, 340)
[0000][PE] mean and std.dev: (147.28, 60.96)
[0000][PE] low and high boundaries for proper pairs: (1, 419)
[0000][PE] analyzing insert size distribution for orientation RF...
[0000][PE] (25, 50, 75) percentile: (127, 234, 433)
[0000][PE] low and high boundaries for computing mean and std.dev: (1, 1045)
[0000][PE] mean and std.dev: (227.89, 155.84)
[0000][PE] low and high boundaries for proper pairs: (1, 1351)
[0000][PE] analyzing insert size distribution for orientation RR...
[0000][PE] (25, 50, 75) percentile: (73, 96, 155)
[0000][PE] low and high boundaries for computing mean and std.dev: (1, 319)
[0000][PE] mean and std.dev: (110.39, 56.33)
[0000][PE] low and high boundaries for proper pairs: (1, 401)
[0000][PE] skip orientation FF
[0000][PE] skip orientation RF
[0000][PE] skip orientation RR
[0000] 3. Calling kt_for - worker_sam
	[0000][ M::mem_process_seqs] Processed 3242820 reads in 1040.292 CPU sec, 27.545 real sec
[0000] Calling mem_process_seqs.., task: 1
[0000] 1. Calling kt_for - worker_bwt
[0000] 2. Calling kt_for - worker_aln
[0000] read_chunk: 400000000, work_chunk_size: 400000174, nseq: 3244246
	[0000][ M::kt_pipeline] read 3244246 sequences (400000174 bp)...
[0000] Inferring insert size distribution of PE reads from data, l_pac: 1448878366, n: 3241088
[0000][PE] # candidate unique pairs for (FF, FR, RF, RR): (45, 1220978, 37, 53)
[0000][PE] analyzing insert size distribution for orientation FF...
[0000][PE] (25, 50, 75) percentile: (83, 102, 151)
[0000][PE] low and high boundaries for computing mean and std.dev: (1, 287)
[0000][PE] mean and std.dev: (106.98, 49.26)
[0000][PE] low and high boundaries for proper pairs: (1, 355)
[0000][PE] analyzing insert size distribution for orientation FR...
[0000][PE] (25, 50, 75) percentile: (103, 137, 182)
[0000][PE] low and high boundaries for computing mean and std.dev: (1, 340)
[0000][PE] mean and std.dev: (147.21, 61.00)
[0000][PE] low and high boundaries for proper pairs: (1, 419)
[0000][PE] analyzing insert size distribution for orientation RF...
[0000][PE] (25, 50, 75) percentile: (94, 224, 374)
[0000][PE] low and high boundaries for computing mean and std.dev: (1, 934)
[0000][PE] mean and std.dev: (236.39, 163.19)
[0000][PE] low and high boundaries for proper pairs: (1, 1214)
[0000][PE] analyzing insert size distribution for orientation RR...
[0000][PE] (25, 50, 75) percentile: (76, 113, 159)
[0000][PE] low and high boundaries for computing mean and std.dev: (1, 325)
[0000][PE] mean and std.dev: (115.14, 62.73)
[0000][PE] low and high boundaries for proper pairs: (1, 408)
[0000][PE] skip orientation FF
[0000][PE] skip orientation RF
[0000][PE] skip orientation RR
[0000] 3. Calling kt_for - worker_sam
	[0000][ M::mem_process_seqs] Processed 3241088 reads in 1023.206 CPU sec, 27.229 real sec
[0000] Reallocating initial memory allocations!!
[0000] read_chunk: 400000000, work_chunk_size: 42785109, nseq: 346792
	[0000][ M::kt_pipeline] read 346792 sequences (42785109 bp)...
[0000] Calling mem_process_seqs.., task: 2
[0000] 1. Calling kt_for - worker_bwt
[0000] 2. Calling kt_for - worker_aln
[0000] Inferring insert size distribution of PE reads from data, l_pac: 1448878366, n: 3244246
[0000][PE] # candidate unique pairs for (FF, FR, RF, RR): (35, 1229283, 26, 43)
[0000][PE] analyzing insert size distribution for orientation FF...
[0000][PE] (25, 50, 75) percentile: (93, 118, 225)
[0000][PE] low and high boundaries for computing mean and std.dev: (1, 489)
[0000][PE] mean and std.dev: (129.77, 65.40)
[0000][PE] low and high boundaries for proper pairs: (1, 621)
[0000][PE] analyzing insert size distribution for orientation FR...
[0000][PE] (25, 50, 75) percentile: (103, 137, 182)
[0000][PE] low and high boundaries for computing mean and std.dev: (1, 340)
[0000][PE] mean and std.dev: (147.13, 60.93)
[0000][PE] low and high boundaries for proper pairs: (1, 419)
[0000][PE] analyzing insert size distribution for orientation RF...
[0000][PE] (25, 50, 75) percentile: (88, 207, 319)
[0000][PE] low and high boundaries for computing mean and std.dev: (1, 781)
[0000][PE] mean and std.dev: (225.76, 181.98)
[0000][PE] low and high boundaries for proper pairs: (1, 1012)
[0000][PE] analyzing insert size distribution for orientation RR...
[0000][PE] (25, 50, 75) percentile: (70, 107, 154)
[0000][PE] low and high boundaries for computing mean and std.dev: (1, 322)
[0000][PE] mean and std.dev: (110.33, 52.27)
[0000][PE] low and high boundaries for proper pairs: (1, 406)
[0000][PE] skip orientation FF
[0000][PE] skip orientation RF
[0000][PE] skip orientation RR
[0000] 3. Calling kt_for - worker_sam
	[0000][ M::mem_process_seqs] Processed 3244246 reads in 973.845 CPU sec, 25.439 real sec
[0000] Calling mem_process_seqs.., task: 3
[0000] 1. Calling kt_for - worker_bwt
[0000] 2. Calling kt_for - worker_aln
[0000] Inferring insert size distribution of PE reads from data, l_pac: 1448878366, n: 346792
[0000][PE] # candidate unique pairs for (FF, FR, RF, RR): (8, 130772, 2, 4)
[0000][PE] skip orientation FF as there are not enough pairs
[0000][PE] analyzing insert size distribution for orientation FR...
[0000][PE] (25, 50, 75) percentile: (104, 137, 183)
[0000][PE] low and high boundaries for computing mean and std.dev: (1, 341)
[0000][PE] mean and std.dev: (147.45, 61.05)
[0000][PE] low and high boundaries for proper pairs: (1, 420)
[0000][PE] skip orientation RF as there are not enough pairs
[0000][PE] skip orientation RR as there are not enough pairs
[0000] 3. Calling kt_for - worker_sam
	[0000][ M::mem_process_seqs] Processed 346792 reads in 106.993 CPU sec, 3.238 real sec
[0000] read_chunk: 400000000, work_chunk_size: 0, nseq: 0
[0000] read_chunk: 400000000, work_chunk_size: 0, nseq: 0
[0000] Computation ends..
No. of OMP threads: 40
Processor is running @2394.646048 MHz
Runtime profile:

	Time taken for main_mem function: 117.82 sec

	IO times (sec) :
	Reading IO time (reads) avg: 29.44, (29.44, 29.44)
	Writing IO time (SAM) avg: 15.99, (15.99, 15.99)
	Reading IO time (Reference Genome) avg: 1.76, (1.76, 1.76)
	Index read time avg: 4.93, (4.93, 4.93)

	Overall time (sec) (Excluding Index reading time):
	PROCESS() (Total compute time + (read + SAM) IO time) : 108.64
	MEM_PROCESS_SEQ() (Total compute time (Kernel + SAM)), avg: 83.44, (83.44, 83.44)

	 SAM Processing time (sec):
	--WORKER_SAM avg: 9.60, (9.60, 9.60)

	Kernels' compute time (sec):
	Total kernel (smem+sal+bsw) time avg: 71.83, (71.83, 71.83)
		MEM_ALN_CHAIN_FLT avg: 0.00, (0.00, 0.00)
		MEM_ALN_CHAIN_SEED avg: 0.00, (0.00, 0.00)
		ERT_SEED_CHAIN avg: 0.00, (0.00, 0.00)
	LEARNED_SEED_CHAIN avg: 0.00, (0.00, 0.00)
		SMEM compute avg: 36.84, (37.55, 36.51)
		SAL compute avg: 14.73, (14.96, 14.48)
				MEM_SA avg: 6.34, (6.52, 6.09)

		BSW time, avg: 16.87, (16.99, 16.82)

Important parameter settings: 
	BATCH_SIZE: 512
	MAX_SEQ_LEN_REF: 256
	MAX_SEQ_LEN_QER: 128
	MAX_SEQ_LEN8: 128
	SEEDS_PER_READ: 500
	SIMD_WIDTH8 X: 64
	SIMD_WIDTH16 X: 32
	AVG_SEEDS_PER_READ: 64
