Looking to launch executable "/opt/conda/bin/bwa-meme_mode3.avx512bw", simd = _mode3.avx512bw
Launching executable "/opt/conda/bin/bwa-meme_mode3.avx512bw"
-----------------------------
Executing in AVX512 mode!!
-----------------------------
* SA compression enabled with xfactor: 8
* Ref file: reference.ssl.Sne.fasta
* Entering FMI_search
* Index file found. Loading index from reference.ssl.Sne.fasta.bwt.2bit.64
* Reference seq len for bi-index = 2897756733
* sentinel-index: 133786390
* Count:
0,	1
1,	895477253
2,	1448878367
3,	2002279481
4,	2897756733

* Reading other elements of the index from files reference.ssl.Sne.fasta
* Index prefix: reference.ssl.Sne.fasta
* Read 0 ALT contigs
* Done reading Index!!
* Reading reference genome..
* Binary seq file = reference.ssl.Sne.fasta.0123
* Reference genome size: 2897756732 bp
* Done reading reference genome !!

------------------------------------------
1. Memory pre-allocation for Chaining: 5679.4903 MB
2. Memory pre-allocation for BSW: 9584.6810 MB
3. Memory pre-allocation for BWT: 3092.5670 MB
------------------------------------------
* Threads used (compute): 40
* No. of pipeline threads: 2

[0000] read_chunk: 400000000, work_chunk_size: 400000100, nseq: 2882632
	[0000][ M::kt_pipeline] read 2882632 sequences (400000100 bp)...
[0000] Reallocating initial memory allocations!!
[0000] Calling mem_process_seqs.., task: 0
[0000] 1. Calling kt_for - worker_bwt
[0000] read_chunk: 400000000, work_chunk_size: 400000151, nseq: 2884846
	[0000][ M::kt_pipeline] read 2884846 sequences (400000151 bp)...
[0000] 2. Calling kt_for - worker_aln
[0000] Inferring insert size distribution of PE reads from data, l_pac: 1448878366, n: 2882632
[0000][PE] # candidate unique pairs for (FF, FR, RF, RR): (214, 1052325, 80, 189)
[0000][PE] analyzing insert size distribution for orientation FF...
[0000][PE] (25, 50, 75) percentile: (94, 125, 166)
[0000][PE] low and high boundaries for computing mean and std.dev: (1, 310)
[0000][PE] mean and std.dev: (130.59, 52.92)
[0000][PE] low and high boundaries for proper pairs: (1, 382)
[0000][PE] analyzing insert size distribution for orientation FR...
[0000][PE] (25, 50, 75) percentile: (138, 167, 212)
[0000][PE] low and high boundaries for computing mean and std.dev: (1, 360)
[0000][PE] mean and std.dev: (179.49, 61.25)
[0000][PE] low and high boundaries for proper pairs: (1, 434)
[0000][PE] analyzing insert size distribution for orientation RF...
[0000][PE] (25, 50, 75) percentile: (91, 214, 414)
[0000][PE] low and high boundaries for computing mean and std.dev: (1, 1060)
[0000][PE] mean and std.dev: (248.28, 219.13)
[0000][PE] low and high boundaries for proper pairs: (1, 1383)
[0000][PE] analyzing insert size distribution for orientation RR...
[0000][PE] (25, 50, 75) percentile: (86, 125, 169)
[0000][PE] low and high boundaries for computing mean and std.dev: (1, 335)
[0000][PE] mean and std.dev: (129.47, 58.32)
[0000][PE] low and high boundaries for proper pairs: (1, 418)
[0000][PE] skip orientation FF
[0000][PE] skip orientation RF
[0000][PE] skip orientation RR
[0000] 3. Calling kt_for - worker_sam
	[0000][ M::mem_process_seqs] Processed 2882632 reads in 1018.759 CPU sec, 26.948 real sec
[0000] Reallocating initial memory allocations!!
[0000] Calling mem_process_seqs.., task: 1
[0000] 1. Calling kt_for - worker_bwt
[0000] read_chunk: 400000000, work_chunk_size: 400000297, nseq: 2884972
	[0000][ M::kt_pipeline] read 2884972 sequences (400000297 bp)...
[0000] 2. Calling kt_for - worker_aln
[0000] Inferring insert size distribution of PE reads from data, l_pac: 1448878366, n: 2884846
[0000][PE] # candidate unique pairs for (FF, FR, RF, RR): (207, 1059808, 68, 190)
[0000][PE] analyzing insert size distribution for orientation FF...
[0000][PE] (25, 50, 75) percentile: (81, 116, 163)
[0000][PE] low and high boundaries for computing mean and std.dev: (1, 327)
[0000][PE] mean and std.dev: (123.52, 59.42)
[0000][PE] low and high boundaries for proper pairs: (1, 409)
[0000][PE] analyzing insert size distribution for orientation FR...
[0000][PE] (25, 50, 75) percentile: (138, 167, 212)
[0000][PE] low and high boundaries for computing mean and std.dev: (1, 360)
[0000][PE] mean and std.dev: (179.47, 61.27)
[0000][PE] low and high boundaries for proper pairs: (1, 434)
[0000][PE] analyzing insert size distribution for orientation RF...
[0000][PE] (25, 50, 75) percentile: (146, 239, 421)
[0000][PE] low and high boundaries for computing mean and std.dev: (1, 971)
[0000][PE] mean and std.dev: (277.19, 200.32)
[0000][PE] low and high boundaries for proper pairs: (1, 1246)
[0000][PE] analyzing insert size distribution for orientation RR...
[0000][PE] (25, 50, 75) percentile: (76, 111, 158)
[0000][PE] low and high boundaries for computing mean and std.dev: (1, 322)
[0000][PE] mean and std.dev: (116.22, 52.89)
[0000][PE] low and high boundaries for proper pairs: (1, 404)
[0000][PE] skip orientation FF
[0000][PE] skip orientation RF
[0000][PE] skip orientation RR
[0000] 3. Calling kt_for - worker_sam
	[0000][ M::mem_process_seqs] Processed 2884846 reads in 940.887 CPU sec, 25.345 real sec
[0000] Reallocating initial memory allocations!!
[0000] Calling mem_process_seqs.., task: 2
[0000] 1. Calling kt_for - worker_bwt
[0000] read_chunk: 400000000, work_chunk_size: 400000017, nseq: 2880652
	[0000][ M::kt_pipeline] read 2880652 sequences (400000017 bp)...
[0000] 2. Calling kt_for - worker_aln
[0000] Inferring insert size distribution of PE reads from data, l_pac: 1448878366, n: 2884972
[0000][PE] # candidate unique pairs for (FF, FR, RF, RR): (217, 1054717, 59, 213)
[0000][PE] analyzing insert size distribution for orientation FF...
[0000][PE] (25, 50, 75) percentile: (78, 108, 155)
[0000][PE] low and high boundaries for computing mean and std.dev: (1, 309)
[0000][PE] mean and std.dev: (115.79, 53.55)
[0000][PE] low and high boundaries for proper pairs: (1, 386)
[0000][PE] analyzing insert size distribution for orientation FR...
[0000][PE] (25, 50, 75) percentile: (138, 167, 212)
[0000][PE] low and high boundaries for computing mean and std.dev: (1, 360)
[0000][PE] mean and std.dev: (179.33, 61.27)
[0000][PE] low and high boundaries for proper pairs: (1, 434)
[0000][PE] analyzing insert size distribution for orientation RF...
[0000][PE] (25, 50, 75) percentile: (58, 150, 467)
[0000][PE] low and high boundaries for computing mean and std.dev: (1, 1285)
[0000][PE] mean and std.dev: (263.21, 259.04)
[0000][PE] low and high boundaries for proper pairs: (1, 1694)
[0000][PE] analyzing insert size distribution for orientation RR...
[0000][PE] (25, 50, 75) percentile: (79, 111, 147)
[0000][PE] low and high boundaries for computing mean and std.dev: (1, 283)
[0000][PE] mean and std.dev: (115.44, 50.40)
[0000][PE] low and high boundaries for proper pairs: (1, 351)
[0000][PE] skip orientation FF
[0000][PE] skip orientation RF
[0000][PE] skip orientation RR
[0000] 3. Calling kt_for - worker_sam
	[0000][ M::mem_process_seqs] Processed 2884972 reads in 927.090 CPU sec, 24.369 real sec
[0000] Calling mem_process_seqs.., task: 3
[0000] 1. Calling kt_for - worker_bwt
[0000] read_chunk: 400000000, work_chunk_size: 400000104, nseq: 2886584
	[0000][ M::kt_pipeline] read 2886584 sequences (400000104 bp)...
[0000] 2. Calling kt_for - worker_aln
[0000] Inferring insert size distribution of PE reads from data, l_pac: 1448878366, n: 2880652
[0000][PE] # candidate unique pairs for (FF, FR, RF, RR): (185, 1040867, 80, 205)
[0000][PE] analyzing insert size distribution for orientation FF...
[0000][PE] (25, 50, 75) percentile: (77, 109, 144)
[0000][PE] low and high boundaries for computing mean and std.dev: (1, 278)
[0000][PE] mean and std.dev: (114.67, 56.48)
[0000][PE] low and high boundaries for proper pairs: (1, 345)
[0000][PE] analyzing insert size distribution for orientation FR...
[0000][PE] (25, 50, 75) percentile: (138, 167, 212)
[0000][PE] low and high boundaries for computing mean and std.dev: (1, 360)
[0000][PE] mean and std.dev: (179.28, 61.23)
[0000][PE] low and high boundaries for proper pairs: (1, 434)
[0000][PE] analyzing insert size distribution for orientation RF...
[0000][PE] (25, 50, 75) percentile: (56, 134, 335)
[0000][PE] low and high boundaries for computing mean and std.dev: (1, 893)
[0000][PE] mean and std.dev: (203.66, 188.16)
[0000][PE] low and high boundaries for proper pairs: (1, 1172)
[0000][PE] analyzing insert size distribution for orientation RR...
[0000][PE] (25, 50, 75) percentile: (75, 103, 155)
[0000][PE] low and high boundaries for computing mean and std.dev: (1, 315)
[0000][PE] mean and std.dev: (117.22, 57.07)
[0000][PE] low and high boundaries for proper pairs: (1, 395)
[0000][PE] skip orientation FF
[0000][PE] skip orientation RF
[0000][PE] skip orientation RR
[0000] 3. Calling kt_for - worker_sam
	[0000][ M::mem_process_seqs] Processed 2880652 reads in 1023.103 CPU sec, 26.839 real sec
[0000] Reallocating initial memory allocations!!
[0000] Calling mem_process_seqs.., task: 4
[0000] 1. Calling kt_for - worker_bwt
[0000] read_chunk: 400000000, work_chunk_size: 400000043, nseq: 2883878
	[0000][ M::kt_pipeline] read 2883878 sequences (400000043 bp)...
[0000] 2. Calling kt_for - worker_aln
[0000] Inferring insert size distribution of PE reads from data, l_pac: 1448878366, n: 2886584
[0000][PE] # candidate unique pairs for (FF, FR, RF, RR): (217, 1071125, 70, 169)
[0000][PE] analyzing insert size distribution for orientation FF...
[0000][PE] (25, 50, 75) percentile: (88, 117, 169)
[0000][PE] low and high boundaries for computing mean and std.dev: (1, 331)
[0000][PE] mean and std.dev: (132.69, 63.54)
[0000][PE] low and high boundaries for proper pairs: (1, 412)
[0000][PE] analyzing insert size distribution for orientation FR...
[0000][PE] (25, 50, 75) percentile: (138, 167, 212)
[0000][PE] low and high boundaries for computing mean and std.dev: (1, 360)
[0000][PE] mean and std.dev: (179.35, 61.27)
[0000][PE] low and high boundaries for proper pairs: (1, 434)
[0000][PE] analyzing insert size distribution for orientation RF...
[0000][PE] (25, 50, 75) percentile: (102, 254, 470)
[0000][PE] low and high boundaries for computing mean and std.dev: (1, 1206)
[0000][PE] mean and std.dev: (332.35, 305.82)
[0000][PE] low and high boundaries for proper pairs: (1, 1574)
[0000][PE] analyzing insert size distribution for orientation RR...
[0000][PE] (25, 50, 75) percentile: (73, 108, 154)
[0000][PE] low and high boundaries for computing mean and std.dev: (1, 316)
[0000][PE] mean and std.dev: (113.83, 55.10)
[0000][PE] low and high boundaries for proper pairs: (1, 397)
[0000][PE] skip orientation FF
[0000][PE] skip orientation RF
[0000][PE] skip orientation RR
[0000] 3. Calling kt_for - worker_sam
	[0000][ M::mem_process_seqs] Processed 2886584 reads in 906.578 CPU sec, 23.562 real sec
[0000] Calling mem_process_seqs.., task: 5
[0000] 1. Calling kt_for - worker_bwt
[0000] read_chunk: 400000000, work_chunk_size: 400000181, nseq: 2881712
	[0000][ M::kt_pipeline] read 2881712 sequences (400000181 bp)...
[0000] 2. Calling kt_for - worker_aln
[0000] Inferring insert size distribution of PE reads from data, l_pac: 1448878366, n: 2883878
[0000][PE] # candidate unique pairs for (FF, FR, RF, RR): (206, 1053645, 71, 174)
[0000][PE] analyzing insert size distribution for orientation FF...
[0000][PE] (25, 50, 75) percentile: (77, 106, 150)
[0000][PE] low and high boundaries for computing mean and std.dev: (1, 296)
[0000][PE] mean and std.dev: (117.15, 56.55)
[0000][PE] low and high boundaries for proper pairs: (1, 369)
[0000][PE] analyzing insert size distribution for orientation FR...
[0000][PE] (25, 50, 75) percentile: (138, 167, 212)
[0000][PE] low and high boundaries for computing mean and std.dev: (1, 360)
[0000][PE] mean and std.dev: (179.49, 61.33)
[0000][PE] low and high boundaries for proper pairs: (1, 434)
[0000][PE] analyzing insert size distribution for orientation RF...
[0000][PE] (25, 50, 75) percentile: (66, 163, 408)
[0000][PE] low and high boundaries for computing mean and std.dev: (1, 1092)
[0000][PE] mean and std.dev: (207.48, 200.13)
[0000][PE] low and high boundaries for proper pairs: (1, 1434)
[0000][PE] analyzing insert size distribution for orientation RR...
[0000][PE] (25, 50, 75) percentile: (77, 119, 165)
[0000][PE] low and high boundaries for computing mean and std.dev: (1, 341)
[0000][PE] mean and std.dev: (123.77, 61.91)
[0000][PE] low and high boundaries for proper pairs: (1, 429)
[0000][PE] skip orientation FF
[0000][PE] skip orientation RF
[0000][PE] skip orientation RR
[0000] 3. Calling kt_for - worker_sam
	[0000][ M::mem_process_seqs] Processed 2883878 reads in 925.573 CPU sec, 24.839 real sec
[0000] Calling mem_process_seqs.., task: 6
[0000] 1. Calling kt_for - worker_bwt
[0000] read_chunk: 400000000, work_chunk_size: 400000049, nseq: 2882982
	[0000][ M::kt_pipeline] read 2882982 sequences (400000049 bp)...
[0000] 2. Calling kt_for - worker_aln
[0000] Inferring insert size distribution of PE reads from data, l_pac: 1448878366, n: 2881712
[0000][PE] # candidate unique pairs for (FF, FR, RF, RR): (193, 1050080, 60, 182)
[0000][PE] analyzing insert size distribution for orientation FF...
[0000][PE] (25, 50, 75) percentile: (73, 115, 152)
[0000][PE] low and high boundaries for computing mean and std.dev: (1, 310)
[0000][PE] mean and std.dev: (116.11, 54.58)
[0000][PE] low and high boundaries for proper pairs: (1, 389)
[0000][PE] analyzing insert size distribution for orientation FR...
[0000][PE] (25, 50, 75) percentile: (138, 167, 212)
[0000][PE] low and high boundaries for computing mean and std.dev: (1, 360)
[0000][PE] mean and std.dev: (179.47, 61.28)
[0000][PE] low and high boundaries for proper pairs: (1, 434)
[0000][PE] analyzing insert size distribution for orientation RF...
[0000][PE] (25, 50, 75) percentile: (71, 106, 361)
[0000][PE] low and high boundaries for computing mean and std.dev: (1, 941)
[0000][PE] mean and std.dev: (206.81, 206.10)
[0000][PE] low and high boundaries for proper pairs: (1, 1231)
[0000][PE] analyzing insert size distribution for orientation RR...
[0000][PE] (25, 50, 75) percentile: (80, 109, 152)
[0000][PE] low and high boundaries for computing mean and std.dev: (1, 296)
[0000][PE] mean and std.dev: (117.82, 54.07)
[0000][PE] low and high boundaries for proper pairs: (1, 368)
[0000][PE] skip orientation FF
[0000][PE] skip orientation RF
[0000][PE] skip orientation RR
[0000] 3. Calling kt_for - worker_sam
	[0000][ M::mem_process_seqs] Processed 2881712 reads in 944.715 CPU sec, 24.663 real sec
[0000] Calling mem_process_seqs.., task: 7
[0000] 1. Calling kt_for - worker_bwt
[0000] read_chunk: 400000000, work_chunk_size: 400000110, nseq: 2878896
	[0000][ M::kt_pipeline] read 2878896 sequences (400000110 bp)...
[0000] 2. Calling kt_for - worker_aln
[0000] Inferring insert size distribution of PE reads from data, l_pac: 1448878366, n: 2882982
[0000][PE] # candidate unique pairs for (FF, FR, RF, RR): (215, 1048263, 74, 172)
[0000][PE] analyzing insert size distribution for orientation FF...
[0000][PE] (25, 50, 75) percentile: (87, 120, 173)
[0000][PE] low and high boundaries for computing mean and std.dev: (1, 345)
[0000][PE] mean and std.dev: (131.24, 56.01)
[0000][PE] low and high boundaries for proper pairs: (1, 431)
[0000][PE] analyzing insert size distribution for orientation FR...
[0000][PE] (25, 50, 75) percentile: (138, 167, 212)
[0000][PE] low and high boundaries for computing mean and std.dev: (1, 360)
[0000][PE] mean and std.dev: (179.39, 61.19)
[0000][PE] low and high boundaries for proper pairs: (1, 434)
[0000][PE] analyzing insert size distribution for orientation RF...
[0000][PE] (25, 50, 75) percentile: (89, 262, 503)
[0000][PE] low and high boundaries for computing mean and std.dev: (1, 1331)
[0000][PE] mean and std.dev: (318.68, 292.64)
[0000][PE] low and high boundaries for proper pairs: (1, 1745)
[0000][PE] analyzing insert size distribution for orientation RR...
[0000][PE] (25, 50, 75) percentile: (79, 107, 159)
[0000][PE] low and high boundaries for computing mean and std.dev: (1, 319)
[0000][PE] mean and std.dev: (121.31, 56.50)
[0000][PE] low and high boundaries for proper pairs: (1, 399)
[0000][PE] skip orientation FF
[0000][PE] skip orientation RF
[0000][PE] skip orientation RR
[0000] 3. Calling kt_for - worker_sam
	[0000][ M::mem_process_seqs] Processed 2882982 reads in 964.924 CPU sec, 25.276 real sec
[0000] Calling mem_process_seqs.., task: 8
[0000] 1. Calling kt_for - worker_bwt
[0000] read_chunk: 400000000, work_chunk_size: 400000175, nseq: 2884514
	[0000][ M::kt_pipeline] read 2884514 sequences (400000175 bp)...
[0000] 2. Calling kt_for - worker_aln
[0000] Inferring insert size distribution of PE reads from data, l_pac: 1448878366, n: 2878896
[0000][PE] # candidate unique pairs for (FF, FR, RF, RR): (202, 1026487, 65, 171)
[0000][PE] analyzing insert size distribution for orientation FF...
[0000][PE] (25, 50, 75) percentile: (83, 118, 163)
[0000][PE] low and high boundaries for computing mean and std.dev: (1, 323)
[0000][PE] mean and std.dev: (125.52, 57.49)
[0000][PE] low and high boundaries for proper pairs: (1, 403)
[0000][PE] analyzing insert size distribution for orientation FR...
[0000][PE] (25, 50, 75) percentile: (138, 167, 212)
[0000][PE] low and high boundaries for computing mean and std.dev: (1, 360)
[0000][PE] mean and std.dev: (179.39, 61.25)
[0000][PE] low and high boundaries for proper pairs: (1, 434)
[0000][PE] analyzing insert size distribution for orientation RF...
[0000][PE] (25, 50, 75) percentile: (76, 178, 307)
[0000][PE] low and high boundaries for computing mean and std.dev: (1, 769)
[0000][PE] mean and std.dev: (202.94, 169.60)
[0000][PE] low and high boundaries for proper pairs: (1, 1000)
[0000][PE] analyzing insert size distribution for orientation RR...
[0000][PE] (25, 50, 75) percentile: (71, 109, 155)
[0000][PE] low and high boundaries for computing mean and std.dev: (1, 323)
[0000][PE] mean and std.dev: (113.73, 53.09)
[0000][PE] low and high boundaries for proper pairs: (1, 407)
[0000][PE] skip orientation FF
[0000][PE] skip orientation RF
[0000][PE] skip orientation RR
[0000] 3. Calling kt_for - worker_sam
	[0000][ M::mem_process_seqs] Processed 2878896 reads in 1071.241 CPU sec, 28.307 real sec
[0000] Calling mem_process_seqs.., task: 9
[0000] 1. Calling kt_for - worker_bwt
[0000] 2. Calling kt_for - worker_aln
[0000] read_chunk: 400000000, work_chunk_size: 400000280, nseq: 2885372
	[0000][ M::kt_pipeline] read 2885372 sequences (400000280 bp)...
[0000] Inferring insert size distribution of PE reads from data, l_pac: 1448878366, n: 2884514
[0000][PE] # candidate unique pairs for (FF, FR, RF, RR): (178, 1063312, 62, 190)
[0000][PE] analyzing insert size distribution for orientation FF...
[0000][PE] (25, 50, 75) percentile: (82, 114, 154)
[0000][PE] low and high boundaries for computing mean and std.dev: (1, 298)
[0000][PE] mean and std.dev: (120.64, 52.76)
[0000][PE] low and high boundaries for proper pairs: (1, 370)
[0000][PE] analyzing insert size distribution for orientation FR...
[0000][PE] (25, 50, 75) percentile: (138, 167, 212)
[0000][PE] low and high boundaries for computing mean and std.dev: (1, 360)
[0000][PE] mean and std.dev: (179.48, 61.34)
[0000][PE] low and high boundaries for proper pairs: (1, 434)
[0000][PE] analyzing insert size distribution for orientation RF...
[0000][PE] (25, 50, 75) percentile: (62, 179, 465)
[0000][PE] low and high boundaries for computing mean and std.dev: (1, 1271)
[0000][PE] mean and std.dev: (244.44, 237.51)
[0000][PE] low and high boundaries for proper pairs: (1, 1674)
[0000][PE] analyzing insert size distribution for orientation RR...
[0000][PE] (25, 50, 75) percentile: (81, 111, 162)
[0000][PE] low and high boundaries for computing mean and std.dev: (1, 324)
[0000][PE] mean and std.dev: (122.18, 57.84)
[0000][PE] low and high boundaries for proper pairs: (1, 405)
[0000][PE] skip orientation FF
[0000][PE] skip orientation RF
[0000][PE] skip orientation RR
[0000] 3. Calling kt_for - worker_sam
	[0000][ M::mem_process_seqs] Processed 2884514 reads in 925.528 CPU sec, 24.398 real sec
[0000] Calling mem_process_seqs.., task: 10
[0000] 1. Calling kt_for - worker_bwt
[0000] read_chunk: 400000000, work_chunk_size: 400000241, nseq: 2883338
	[0000][ M::kt_pipeline] read 2883338 sequences (400000241 bp)...
[0000] 2. Calling kt_for - worker_aln
[0000] Inferring insert size distribution of PE reads from data, l_pac: 1448878366, n: 2885372
[0000][PE] # candidate unique pairs for (FF, FR, RF, RR): (207, 1053784, 36, 201)
[0000][PE] analyzing insert size distribution for orientation FF...
[0000][PE] (25, 50, 75) percentile: (87, 123, 159)
[0000][PE] low and high boundaries for computing mean and std.dev: (1, 303)
[0000][PE] mean and std.dev: (128.92, 55.60)
[0000][PE] low and high boundaries for proper pairs: (1, 375)
[0000][PE] analyzing insert size distribution for orientation FR...
[0000][PE] (25, 50, 75) percentile: (138, 167, 212)
[0000][PE] low and high boundaries for computing mean and std.dev: (1, 360)
[0000][PE] mean and std.dev: (179.41, 61.30)
[0000][PE] low and high boundaries for proper pairs: (1, 434)
[0000][PE] analyzing insert size distribution for orientation RF...
[0000][PE] (25, 50, 75) percentile: (71, 137, 287)
[0000][PE] low and high boundaries for computing mean and std.dev: (1, 719)
[0000][PE] mean and std.dev: (166.38, 141.47)
[0000][PE] low and high boundaries for proper pairs: (1, 935)
[0000][PE] analyzing insert size distribution for orientation RR...
[0000][PE] (25, 50, 75) percentile: (82, 103, 147)
[0000][PE] low and high boundaries for computing mean and std.dev: (1, 277)
[0000][PE] mean and std.dev: (115.67, 50.75)
[0000][PE] low and high boundaries for proper pairs: (1, 342)
[0000][PE] skip orientation FF
[0000][PE] skip orientation RF
[0000][PE] skip orientation RR
[0000] 3. Calling kt_for - worker_sam
	[0000][ M::mem_process_seqs] Processed 2885372 reads in 938.890 CPU sec, 25.323 real sec
[0000] Calling mem_process_seqs.., task: 11
[0000] 1. Calling kt_for - worker_bwt
[0000] read_chunk: 400000000, work_chunk_size: 400000125, nseq: 2884566
	[0000][ M::kt_pipeline] read 2884566 sequences (400000125 bp)...
[0000] 2. Calling kt_for - worker_aln
[0000] Inferring insert size distribution of PE reads from data, l_pac: 1448878366, n: 2883338
[0000][PE] # candidate unique pairs for (FF, FR, RF, RR): (227, 1055677, 64, 189)
[0000][PE] analyzing insert size distribution for orientation FF...
[0000][PE] (25, 50, 75) percentile: (83, 118, 163)
[0000][PE] low and high boundaries for computing mean and std.dev: (1, 323)
[0000][PE] mean and std.dev: (124.66, 55.30)
[0000][PE] low and high boundaries for proper pairs: (1, 403)
[0000][PE] analyzing insert size distribution for orientation FR...
[0000][PE] (25, 50, 75) percentile: (138, 167, 212)
[0000][PE] low and high boundaries for computing mean and std.dev: (1, 360)
[0000][PE] mean and std.dev: (179.37, 61.28)
[0000][PE] low and high boundaries for proper pairs: (1, 434)
[0000][PE] analyzing insert size distribution for orientation RF...
[0000][PE] (25, 50, 75) percentile: (113, 213, 380)
[0000][PE] low and high boundaries for computing mean and std.dev: (1, 914)
[0000][PE] mean and std.dev: (246.82, 194.38)
[0000][PE] low and high boundaries for proper pairs: (1, 1181)
[0000][PE] analyzing insert size distribution for orientation RR...
[0000][PE] (25, 50, 75) percentile: (81, 112, 152)
[0000][PE] low and high boundaries for computing mean and std.dev: (1, 294)
[0000][PE] mean and std.dev: (120.80, 53.23)
[0000][PE] low and high boundaries for proper pairs: (1, 365)
[0000][PE] skip orientation FF
[0000][PE] skip orientation RF
[0000][PE] skip orientation RR
[0000] 3. Calling kt_for - worker_sam
	[0000][ M::mem_process_seqs] Processed 2883338 reads in 932.906 CPU sec, 24.461 real sec
[0000] Calling mem_process_seqs.., task: 12
[0000] 1. Calling kt_for - worker_bwt
[0000] read_chunk: 400000000, work_chunk_size: 400000269, nseq: 2885062
	[0000][ M::kt_pipeline] read 2885062 sequences (400000269 bp)...
[0000] 2. Calling kt_for - worker_aln
[0000] Inferring insert size distribution of PE reads from data, l_pac: 1448878366, n: 2884566
[0000][PE] # candidate unique pairs for (FF, FR, RF, RR): (189, 1055336, 47, 210)
[0000][PE] analyzing insert size distribution for orientation FF...
[0000][PE] (25, 50, 75) percentile: (81, 106, 163)
[0000][PE] low and high boundaries for computing mean and std.dev: (1, 327)
[0000][PE] mean and std.dev: (117.64, 54.19)
[0000][PE] low and high boundaries for proper pairs: (1, 409)
[0000][PE] analyzing insert size distribution for orientation FR...
[0000][PE] (25, 50, 75) percentile: (138, 167, 212)
[0000][PE] low and high boundaries for computing mean and std.dev: (1, 360)
[0000][PE] mean and std.dev: (179.35, 61.24)
[0000][PE] low and high boundaries for proper pairs: (1, 434)
[0000][PE] analyzing insert size distribution for orientation RF...
[0000][PE] (25, 50, 75) percentile: (73, 182, 364)
[0000][PE] low and high boundaries for computing mean and std.dev: (1, 946)
[0000][PE] mean and std.dev: (197.40, 183.48)
[0000][PE] low and high boundaries for proper pairs: (1, 1237)
[0000][PE] analyzing insert size distribution for orientation RR...
[0000][PE] (25, 50, 75) percentile: (85, 112, 157)
[0000][PE] low and high boundaries for computing mean and std.dev: (1, 301)
[0000][PE] mean and std.dev: (123.74, 57.05)
[0000][PE] low and high boundaries for proper pairs: (1, 373)
[0000][PE] skip orientation FF
[0000][PE] skip orientation RF
[0000][PE] skip orientation RR
[0000] 3. Calling kt_for - worker_sam
	[0000][ M::mem_process_seqs] Processed 2884566 reads in 922.814 CPU sec, 24.359 real sec
[0000] Calling mem_process_seqs.., task: 13
[0000] 1. Calling kt_for - worker_bwt
[0000] read_chunk: 400000000, work_chunk_size: 400000068, nseq: 2886566
	[0000][ M::kt_pipeline] read 2886566 sequences (400000068 bp)...
[0000] 2. Calling kt_for - worker_aln
[0000] Inferring insert size distribution of PE reads from data, l_pac: 1448878366, n: 2885062
[0000][PE] # candidate unique pairs for (FF, FR, RF, RR): (192, 1058697, 55, 168)
[0000][PE] analyzing insert size distribution for orientation FF...
[0000][PE] (25, 50, 75) percentile: (83, 122, 169)
[0000][PE] low and high boundaries for computing mean and std.dev: (1, 341)
[0000][PE] mean and std.dev: (129.51, 65.12)
[0000][PE] low and high boundaries for proper pairs: (1, 427)
[0000][PE] analyzing insert size distribution for orientation FR...
[0000][PE] (25, 50, 75) percentile: (138, 167, 212)
[0000][PE] low and high boundaries for computing mean and std.dev: (1, 360)
[0000][PE] mean and std.dev: (179.38, 61.27)
[0000][PE] low and high boundaries for proper pairs: (1, 434)
[0000][PE] analyzing insert size distribution for orientation RF...
[0000][PE] (25, 50, 75) percentile: (78, 254, 416)
[0000][PE] low and high boundaries for computing mean and std.dev: (1, 1092)
[0000][PE] mean and std.dev: (265.92, 243.31)
[0000][PE] low and high boundaries for proper pairs: (1, 1430)
[0000][PE] analyzing insert size distribution for orientation RR...
[0000][PE] (25, 50, 75) percentile: (79, 110, 159)
[0000][PE] low and high boundaries for computing mean and std.dev: (1, 319)
[0000][PE] mean and std.dev: (120.49, 58.06)
[0000][PE] low and high boundaries for proper pairs: (1, 399)
[0000][PE] skip orientation FF
[0000][PE] skip orientation RF
[0000][PE] skip orientation RR
[0000] 3. Calling kt_for - worker_sam
	[0000][ M::mem_process_seqs] Processed 2885062 reads in 914.696 CPU sec, 24.306 real sec
[0000] Calling mem_process_seqs.., task: 14
[0000] 1. Calling kt_for - worker_bwt
[0000] read_chunk: 400000000, work_chunk_size: 303343237, nseq: 2187538
	[0000][ M::kt_pipeline] read 2187538 sequences (303343237 bp)...
[0000] 2. Calling kt_for - worker_aln
[0000] Inferring insert size distribution of PE reads from data, l_pac: 1448878366, n: 2886566
[0000][PE] # candidate unique pairs for (FF, FR, RF, RR): (216, 1055864, 69, 179)
[0000][PE] analyzing insert size distribution for orientation FF...
[0000][PE] (25, 50, 75) percentile: (87, 119, 161)
[0000][PE] low and high boundaries for computing mean and std.dev: (1, 309)
[0000][PE] mean and std.dev: (126.71, 52.86)
[0000][PE] low and high boundaries for proper pairs: (1, 383)
[0000][PE] analyzing insert size distribution for orientation FR...
[0000][PE] (25, 50, 75) percentile: (138, 167, 212)
[0000][PE] low and high boundaries for computing mean and std.dev: (1, 360)
[0000][PE] mean and std.dev: (179.32, 61.28)
[0000][PE] low and high boundaries for proper pairs: (1, 434)
[0000][PE] analyzing insert size distribution for orientation RF...
[0000][PE] (25, 50, 75) percentile: (80, 157, 266)
[0000][PE] low and high boundaries for computing mean and std.dev: (1, 638)
[0000][PE] mean and std.dev: (178.32, 136.21)
[0000][PE] low and high boundaries for proper pairs: (1, 824)
[0000][PE] analyzing insert size distribution for orientation RR...
[0000][PE] (25, 50, 75) percentile: (85, 120, 161)
[0000][PE] low and high boundaries for computing mean and std.dev: (1, 313)
[0000][PE] mean and std.dev: (124.44, 55.08)
[0000][PE] low and high boundaries for proper pairs: (1, 389)
[0000][PE] skip orientation FF
[0000][PE] skip orientation RF
[0000][PE] skip orientation RR
[0000] 3. Calling kt_for - worker_sam
	[0000][ M::mem_process_seqs] Processed 2886566 reads in 924.791 CPU sec, 24.531 real sec
[0000] Calling mem_process_seqs.., task: 15
[0000] 1. Calling kt_for - worker_bwt
[0000] read_chunk: 400000000, work_chunk_size: 0, nseq: 0
[0000] 2. Calling kt_for - worker_aln
[0000] Inferring insert size distribution of PE reads from data, l_pac: 1448878366, n: 2187538
[0000][PE] # candidate unique pairs for (FF, FR, RF, RR): (172, 799928, 47, 158)
[0000][PE] analyzing insert size distribution for orientation FF...
[0000][PE] (25, 50, 75) percentile: (86, 115, 158)
[0000][PE] low and high boundaries for computing mean and std.dev: (1, 302)
[0000][PE] mean and std.dev: (122.61, 52.42)
[0000][PE] low and high boundaries for proper pairs: (1, 374)
[0000][PE] analyzing insert size distribution for orientation FR...
[0000][PE] (25, 50, 75) percentile: (138, 167, 212)
[0000][PE] low and high boundaries for computing mean and std.dev: (1, 360)
[0000][PE] mean and std.dev: (179.42, 61.17)
[0000][PE] low and high boundaries for proper pairs: (1, 434)
[0000][PE] analyzing insert size distribution for orientation RF...
[0000][PE] (25, 50, 75) percentile: (68, 134, 242)
[0000][PE] low and high boundaries for computing mean and std.dev: (1, 590)
[0000][PE] mean and std.dev: (166.23, 123.10)
[0000][PE] low and high boundaries for proper pairs: (1, 764)
[0000][PE] analyzing insert size distribution for orientation RR...
[0000][PE] (25, 50, 75) percentile: (81, 115, 171)
[0000][PE] low and high boundaries for computing mean and std.dev: (1, 351)
[0000][PE] mean and std.dev: (123.78, 58.26)
[0000][PE] low and high boundaries for proper pairs: (1, 441)
[0000][PE] skip orientation FF
[0000][PE] skip orientation RF
[0000][PE] skip orientation RR
[0000] 3. Calling kt_for - worker_sam
	[0000][ M::mem_process_seqs] Processed 2187538 reads in 723.821 CPU sec, 18.981 real sec
[0000] read_chunk: 400000000, work_chunk_size: 0, nseq: 0
[0000] Computation ends..
No. of OMP threads: 40
Processor is running @2394.644308 MHz
Runtime profile:

	Time taken for main_mem function: 438.74 sec

	IO times (sec) :
	Reading IO time (reads) avg: 143.82, (143.82, 143.82)
	Writing IO time (SAM) avg: 70.76, (70.76, 70.76)
	Reading IO time (Reference Genome) avg: 1.75, (1.75, 1.75)
	Index read time avg: 4.99, (4.99, 4.99)

	Overall time (sec) (Excluding Index reading time):
	PROCESS() (Total compute time + (read + SAM) IO time) : 429.46
	MEM_PROCESS_SEQ() (Total compute time (Kernel + SAM)), avg: 396.46, (396.46, 396.46)

	 SAM Processing time (sec):
	--WORKER_SAM avg: 57.47, (57.47, 57.47)

	Kernels' compute time (sec):
	Total kernel (smem+sal+bsw) time avg: 329.95, (329.95, 329.95)
		MEM_ALN_CHAIN_FLT avg: 0.00, (0.00, 0.00)
		MEM_ALN_CHAIN_SEED avg: 0.00, (0.00, 0.00)
		ERT_SEED_CHAIN avg: 0.00, (0.00, 0.00)
	LEARNED_SEED_CHAIN avg: 0.00, (0.00, 0.00)
		SMEM compute avg: 162.02, (163.28, 160.44)
		SAL compute avg: 65.49, (66.21, 64.70)
				MEM_SA avg: 25.79, (26.27, 25.33)

		BSW time, avg: 86.22, (86.43, 86.06)

Important parameter settings: 
	BATCH_SIZE: 512
	MAX_SEQ_LEN_REF: 256
	MAX_SEQ_LEN_QER: 128
	MAX_SEQ_LEN8: 128
	SEEDS_PER_READ: 500
	SIMD_WIDTH8 X: 64
	SIMD_WIDTH16 X: 32
	AVG_SEEDS_PER_READ: 64
