Looking to launch executable "/opt/conda/bin/bwa-meme_mode2.avx512bw", simd = _mode2.avx512bw
Launching executable "/opt/conda/bin/bwa-meme_mode2.avx512bw"
-----------------------------
Executing in AVX512 mode!!
-----------------------------
* SA compression enabled with xfactor: 8
* Ref file: reference.ssl.Sne.fasta
* Entering FMI_search
Reading other elements of the index from files reference.ssl.Sne.fasta
* Index prefix: reference.ssl.Sne.fasta
* Read 0 ALT contigs
* Reading reference genome..
* Binary seq file = reference.ssl.Sne.fasta.0123
* Reference genome size: 2897756732 bp
* Done reading reference genome !!

------------------------------------------
1. Memory pre-allocation for Chaining: 5679.4903 MB
2. Memory pre-allocation for BSW: 9584.6810 MB
[M::memoryAllocLearned::MEME] Reading Learned-index models into memory
[Learned-Config] MODE:2 SEARCH_METHOD: 1 MEM_TRADEOFF:0 EXPONENTIAL_SMEMSEARCH: 1 DEBUG_MODE:0 Num 2nd Models:268435456 PWL Bits Used:28
[M::memoryAllocLearned::MEME] Loading RMI model and Pac reference file took 20.549 sec
[M::memoryAllocLearned::MEME] Reading suffix array into memory
[M::memoryAllocLearned::MEME] Loading pos_packed file took 30.350 sec
[M::memoryAllocLearned::MEME] Generating SA and 64-bit Suffix in memory
[M::memoryAllocLearned::MEME] Runtime-build-index took 20.528 sec
3. Memory pre-allocation for BWT: 38314.2282 MB
------------------------------------------
* Threads used (compute): 40
* No. of pipeline threads: 2

[0000] read_chunk: 400000000, work_chunk_size: 400000068, nseq: 2894434
	[0000][ M::kt_pipeline] read 2894434 sequences (400000068 bp)...
[0000] Reallocating initial memory allocations!!
[0000] Calling mem_process_seqs.., task: 0
[0000] 1. Calling kt_for - worker_bwt
[0000] read_chunk: 400000000, work_chunk_size: 400000022, nseq: 2897764
	[0000][ M::kt_pipeline] read 2897764 sequences (400000022 bp)...
[0000] 2. Calling kt_for - worker_aln
[0000] Inferring insert size distribution of PE reads from data, l_pac: 1448878366, n: 2894434
[0000][PE] # candidate unique pairs for (FF, FR, RF, RR): (67, 1087545, 68, 67)
[0000][PE] analyzing insert size distribution for orientation FF...
[0000][PE] (25, 50, 75) percentile: (84, 136, 223)
[0000][PE] low and high boundaries for computing mean and std.dev: (1, 501)
[0000][PE] mean and std.dev: (146.86, 83.49)
[0000][PE] low and high boundaries for proper pairs: (1, 640)
[0000][PE] analyzing insert size distribution for orientation FR...
[0000][PE] (25, 50, 75) percentile: (138, 182, 237)
[0000][PE] low and high boundaries for computing mean and std.dev: (1, 435)
[0000][PE] mean and std.dev: (190.39, 68.93)
[0000][PE] low and high boundaries for proper pairs: (1, 534)
[0000][PE] analyzing insert size distribution for orientation RF...
[0000][PE] (25, 50, 75) percentile: (58, 127, 323)
[0000][PE] low and high boundaries for computing mean and std.dev: (1, 853)
[0000][PE] mean and std.dev: (198.26, 194.83)
[0000][PE] low and high boundaries for proper pairs: (1, 1118)
[0000][PE] analyzing insert size distribution for orientation RR...
[0000][PE] (25, 50, 75) percentile: (99, 154, 201)
[0000][PE] low and high boundaries for computing mean and std.dev: (1, 405)
[0000][PE] mean and std.dev: (143.37, 58.44)
[0000][PE] low and high boundaries for proper pairs: (1, 507)
[0000][PE] skip orientation FF
[0000][PE] skip orientation RF
[0000][PE] skip orientation RR
[0000] 3. Calling kt_for - worker_sam
	[0000][ M::mem_process_seqs] Processed 2894434 reads in 537.052 CPU sec, 16.049 real sec
[0000] Reallocating initial memory allocations!!
[0000] Calling mem_process_seqs.., task: 1
[0000] 1. Calling kt_for - worker_bwt
[0000] 2. Calling kt_for - worker_aln
[0000] Inferring insert size distribution of PE reads from data, l_pac: 1448878366, n: 2897764
[0000][PE] # candidate unique pairs for (FF, FR, RF, RR): (68, 1116631, 80, 75)
[0000][PE] analyzing insert size distribution for orientation FF...
[0000][PE] (25, 50, 75) percentile: (88, 136, 188)
[0000][PE] low and high boundaries for computing mean and std.dev: (1, 388)
[0000][PE] mean and std.dev: (132.78, 59.78)
[0000][PE] low and high boundaries for proper pairs: (1, 488)
[0000][PE] analyzing insert size distribution for orientation FR...
[0000][PE] (25, 50, 75) percentile: (138, 181, 238)
[0000][PE] low and high boundaries for computing mean and std.dev: (1, 438)
[0000][PE] mean and std.dev: (190.29, 68.96)
[0000][PE] low and high boundaries for proper pairs: (1, 538)
[0000][PE] analyzing insert size distribution for orientation RF...
[0000][PE] (25, 50, 75) percentile: (92, 173, 377)
[0000][PE] low and high boundaries for computing mean and std.dev: (1, 947)
[0000][PE] mean and std.dev: (248.92, 216.56)
[0000][PE] low and high boundaries for proper pairs: (1, 1232)
[0000][PE] analyzing insert size distribution for orientation RR...
[0000][PE] (25, 50, 75) percentile: (99, 153, 208)
[0000][PE] low and high boundaries for computing mean and std.dev: (1, 426)
[0000][PE] mean and std.dev: (147.79, 66.30)
[0000][PE] low and high boundaries for proper pairs: (1, 535)
[0000][PE] skip orientation FF
[0000][PE] skip orientation RF
[0000][PE] skip orientation RR
[0000] 3. Calling kt_for - worker_sam
	[0000][ M::mem_process_seqs] Processed 2897764 reads in 496.005 CPU sec, 13.385 real sec
[0000] read_chunk: 400000000, work_chunk_size: 400000205, nseq: 2897892
	[0000][ M::kt_pipeline] read 2897892 sequences (400000205 bp)...
[0000] Reallocating initial memory allocations!!
[0000] Calling mem_process_seqs.., task: 2
[0000] 1. Calling kt_for - worker_bwt
[0000] 2. Calling kt_for - worker_aln
[0000] read_chunk: 400000000, work_chunk_size: 400000111, nseq: 2897696
	[0000][ M::kt_pipeline] read 2897696 sequences (400000111 bp)...
[0000] Inferring insert size distribution of PE reads from data, l_pac: 1448878366, n: 2897892
[0000][PE] # candidate unique pairs for (FF, FR, RF, RR): (71, 1112882, 87, 69)
[0000][PE] analyzing insert size distribution for orientation FF...
[0000][PE] (25, 50, 75) percentile: (108, 152, 199)
[0000][PE] low and high boundaries for computing mean and std.dev: (1, 381)
[0000][PE] mean and std.dev: (146.59, 64.78)
[0000][PE] low and high boundaries for proper pairs: (1, 472)
[0000][PE] analyzing insert size distribution for orientation FR...
[0000][PE] (25, 50, 75) percentile: (138, 181, 237)
[0000][PE] low and high boundaries for computing mean and std.dev: (1, 435)
[0000][PE] mean and std.dev: (190.21, 68.86)
[0000][PE] low and high boundaries for proper pairs: (1, 534)
[0000][PE] analyzing insert size distribution for orientation RF...
[0000][PE] (25, 50, 75) percentile: (100, 173, 360)
[0000][PE] low and high boundaries for computing mean and std.dev: (1, 880)
[0000][PE] mean and std.dev: (225.95, 173.89)
[0000][PE] low and high boundaries for proper pairs: (1, 1140)
[0000][PE] analyzing insert size distribution for orientation RR...
[0000][PE] (25, 50, 75) percentile: (120, 159, 227)
[0000][PE] low and high boundaries for computing mean and std.dev: (1, 441)
[0000][PE] mean and std.dev: (158.36, 69.32)
[0000][PE] low and high boundaries for proper pairs: (1, 548)
[0000][PE] skip orientation FF
[0000][PE] skip orientation RF
[0000][PE] skip orientation RR
[0000] 3. Calling kt_for - worker_sam
	[0000][ M::mem_process_seqs] Processed 2897892 reads in 501.649 CPU sec, 13.125 real sec
[0000] Calling mem_process_seqs.., task: 3
[0000] 1. Calling kt_for - worker_bwt
[0000] 2. Calling kt_for - worker_aln
[0000] Inferring insert size distribution of PE reads from data, l_pac: 1448878366, n: 2897696
[0000][PE] # candidate unique pairs for (FF, FR, RF, RR): (71, 1108303, 82, 68)
[0000][PE] analyzing insert size distribution for orientation FF...
[0000][PE] (25, 50, 75) percentile: (102, 154, 195)
[0000][PE] low and high boundaries for computing mean and std.dev: (1, 381)
[0000][PE] mean and std.dev: (145.96, 56.36)
[0000][PE] low and high boundaries for proper pairs: (1, 474)
[0000][PE] analyzing insert size distribution for orientation FR...
[0000][PE] (25, 50, 75) percentile: (138, 181, 237)
[0000][PE] low and high boundaries for computing mean and std.dev: (1, 435)
[0000][PE] mean and std.dev: (190.08, 68.98)
[0000][PE] low and high boundaries for proper pairs: (1, 534)
[0000][PE] analyzing insert size distribution for orientation RF...
[0000][PE] (25, 50, 75) percentile: (60, 160, 288)
[0000][PE] low and high boundaries for computing mean and std.dev: (1, 744)
[0000][PE] mean and std.dev: (198.55, 174.62)
[0000][PE] low and high boundaries for proper pairs: (1, 972)
[0000][PE] analyzing insert size distribution for orientation RR...
[0000][PE] (25, 50, 75) percentile: (114, 141, 200)
[0000][PE] low and high boundaries for computing mean and std.dev: (1, 372)
[0000][PE] mean and std.dev: (141.25, 58.35)
[0000][PE] low and high boundaries for proper pairs: (1, 458)
[0000][PE] skip orientation FF
[0000][PE] skip orientation RF
[0000][PE] skip orientation RR
[0000] 3. Calling kt_for - worker_sam
	[0000][ M::mem_process_seqs] Processed 2897696 reads in 509.698 CPU sec, 13.732 real sec
[0000] read_chunk: 400000000, work_chunk_size: 400000075, nseq: 2897726
	[0000][ M::kt_pipeline] read 2897726 sequences (400000075 bp)...
[0000] Calling mem_process_seqs.., task: 4
[0000] 1. Calling kt_for - worker_bwt
[0000] 2. Calling kt_for - worker_aln
[0000] Inferring insert size distribution of PE reads from data, l_pac: 1448878366, n: 2897726
[0000][PE] # candidate unique pairs for (FF, FR, RF, RR): (91, 1106536, 100, 68)
[0000][PE] analyzing insert size distribution for orientation FF...
[0000][PE] (25, 50, 75) percentile: (95, 128, 191)
[0000][PE] low and high boundaries for computing mean and std.dev: (1, 383)
[0000][PE] mean and std.dev: (138.58, 61.37)
[0000][PE] low and high boundaries for proper pairs: (1, 479)
[0000][PE] analyzing insert size distribution for orientation FR...
[0000][PE] (25, 50, 75) percentile: (138, 181, 237)
[0000][PE] low and high boundaries for computing mean and std.dev: (1, 435)
[0000][PE] mean and std.dev: (190.01, 68.94)
[0000][PE] low and high boundaries for proper pairs: (1, 534)
[0000][PE] analyzing insert size distribution for orientation RF...
[0000][PE] (25, 50, 75) percentile: (109, 244, 444)
[0000][PE] low and high boundaries for computing mean and std.dev: (1, 1114)
[0000][PE] mean and std.dev: (273.73, 249.41)
[0000][PE] low and high boundaries for proper pairs: (1, 1449)
[0000][PE] analyzing insert size distribution for orientation RR...
[0000][PE] (25, 50, 75) percentile: (94, 143, 206)
[0000][PE] low and high boundaries for computing mean and std.dev: (1, 430)
[0000][PE] mean and std.dev: (149.86, 81.77)
[0000][PE] low and high boundaries for proper pairs: (1, 542)
[0000][PE] skip orientation FF
[0000][PE] skip orientation RF
[0000][PE] skip orientation RR
[0000] 3. Calling kt_for - worker_sam
[0000] read_chunk: 400000000, work_chunk_size: 400000090, nseq: 2898132
	[0000][ M::kt_pipeline] read 2898132 sequences (400000090 bp)...
	[0000][ M::mem_process_seqs] Processed 2897726 reads in 508.494 CPU sec, 13.705 real sec
[0000] Reallocating initial memory allocations!!
[0000] Calling mem_process_seqs.., task: 5
[0000] 1. Calling kt_for - worker_bwt
[0000] read_chunk: 400000000, work_chunk_size: 400000145, nseq: 2897316
	[0000][ M::kt_pipeline] read 2897316 sequences (400000145 bp)...
[0000] 2. Calling kt_for - worker_aln
[0000] Inferring insert size distribution of PE reads from data, l_pac: 1448878366, n: 2898132
[0000][PE] # candidate unique pairs for (FF, FR, RF, RR): (61, 1107017, 74, 71)
[0000][PE] analyzing insert size distribution for orientation FF...
[0000][PE] (25, 50, 75) percentile: (110, 146, 191)
[0000][PE] low and high boundaries for computing mean and std.dev: (1, 353)
[0000][PE] mean and std.dev: (142.26, 49.92)
[0000][PE] low and high boundaries for proper pairs: (1, 434)
[0000][PE] analyzing insert size distribution for orientation FR...
[0000][PE] (25, 50, 75) percentile: (138, 181, 237)
[0000][PE] low and high boundaries for computing mean and std.dev: (1, 435)
[0000][PE] mean and std.dev: (190.06, 68.96)
[0000][PE] low and high boundaries for proper pairs: (1, 534)
[0000][PE] analyzing insert size distribution for orientation RF...
[0000][PE] (25, 50, 75) percentile: (114, 209, 405)
[0000][PE] low and high boundaries for computing mean and std.dev: (1, 987)
[0000][PE] mean and std.dev: (252.23, 191.37)
[0000][PE] low and high boundaries for proper pairs: (1, 1278)
[0000][PE] analyzing insert size distribution for orientation RR...
[0000][PE] (25, 50, 75) percentile: (89, 127, 186)
[0000][PE] low and high boundaries for computing mean and std.dev: (1, 380)
[0000][PE] mean and std.dev: (127.08, 60.05)
[0000][PE] low and high boundaries for proper pairs: (1, 477)
[0000][PE] skip orientation FF
[0000][PE] skip orientation RF
[0000][PE] skip orientation RR
[0000] 3. Calling kt_for - worker_sam
	[0000][ M::mem_process_seqs] Processed 2898132 reads in 509.736 CPU sec, 14.567 real sec
[0000] Calling mem_process_seqs.., task: 6
[0000] 1. Calling kt_for - worker_bwt
[0000] 2. Calling kt_for - worker_aln
[0000] Inferring insert size distribution of PE reads from data, l_pac: 1448878366, n: 2897316
[0000][PE] # candidate unique pairs for (FF, FR, RF, RR): (66, 1115141, 88, 74)
[0000][PE] analyzing insert size distribution for orientation FF...
[0000][PE] (25, 50, 75) percentile: (83, 148, 200)
[0000][PE] low and high boundaries for computing mean and std.dev: (1, 434)
[0000][PE] mean and std.dev: (147.52, 65.93)
[0000][PE] low and high boundaries for proper pairs: (1, 551)
[0000][PE] analyzing insert size distribution for orientation FR...
[0000][PE] (25, 50, 75) percentile: (138, 181, 238)
[0000][PE] low and high boundaries for computing mean and std.dev: (1, 438)
[0000][PE] mean and std.dev: (190.19, 69.01)
[0000][PE] low and high boundaries for proper pairs: (1, 538)
[0000][PE] analyzing insert size distribution for orientation RF...
[0000][PE] (25, 50, 75) percentile: (64, 177, 311)
[0000][PE] low and high boundaries for computing mean and std.dev: (1, 805)
[0000][PE] mean and std.dev: (205.20, 176.03)
[0000][PE] low and high boundaries for proper pairs: (1, 1052)
[0000][PE] analyzing insert size distribution for orientation RR...
[0000][PE] (25, 50, 75) percentile: (109, 146, 201)
[0000][PE] low and high boundaries for computing mean and std.dev: (1, 385)
[0000][PE] mean and std.dev: (152.44, 63.78)
[0000][PE] low and high boundaries for proper pairs: (1, 477)
[0000][PE] skip orientation FF
[0000][PE] skip orientation RF
[0000][PE] skip orientation RR
[0000] 3. Calling kt_for - worker_sam
	[0000][ M::mem_process_seqs] Processed 2897316 reads in 509.333 CPU sec, 14.545 real sec
[0000] read_chunk: 400000000, work_chunk_size: 400000089, nseq: 2891658
	[0000][ M::kt_pipeline] read 2891658 sequences (400000089 bp)...
[0000] Calling mem_process_seqs.., task: 7
[0000] 1. Calling kt_for - worker_bwt
[0000] 2. Calling kt_for - worker_aln
[0000] Inferring insert size distribution of PE reads from data, l_pac: 1448878366, n: 2891658
[0000][PE] # candidate unique pairs for (FF, FR, RF, RR): (60, 1071161, 75, 62)
[0000][PE] analyzing insert size distribution for orientation FF...
[0000][PE] (25, 50, 75) percentile: (85, 132, 185)
[0000][PE] low and high boundaries for computing mean and std.dev: (1, 385)
[0000][PE] mean and std.dev: (136.35, 69.62)
[0000][PE] low and high boundaries for proper pairs: (1, 485)
[0000][PE] analyzing insert size distribution for orientation FR...
[0000][PE] (25, 50, 75) percentile: (137, 181, 237)
[0000][PE] low and high boundaries for computing mean and std.dev: (1, 437)
[0000][PE] mean and std.dev: (189.96, 68.95)
[0000][PE] low and high boundaries for proper pairs: (1, 537)
[0000][PE] analyzing insert size distribution for orientation RF...
[0000][PE] (25, 50, 75) percentile: (80, 226, 475)
[0000][PE] low and high boundaries for computing mean and std.dev: (1, 1265)
[0000][PE] mean and std.dev: (288.75, 288.57)
[0000][PE] low and high boundaries for proper pairs: (1, 1660)
[0000][PE] analyzing insert size distribution for orientation RR...
[0000][PE] (25, 50, 75) percentile: (81, 128, 212)
[0000][PE] low and high boundaries for computing mean and std.dev: (1, 474)
[0000][PE] mean and std.dev: (154.31, 93.72)
[0000][PE] low and high boundaries for proper pairs: (1, 605)
[0000][PE] skip orientation FF
[0000][PE] skip orientation RF
[0000][PE] skip orientation RR
[0000] 3. Calling kt_for - worker_sam
[0000] read_chunk: 400000000, work_chunk_size: 400000057, nseq: 2899760
	[0000][ M::kt_pipeline] read 2899760 sequences (400000057 bp)...
	[0000][ M::mem_process_seqs] Processed 2891658 reads in 592.282 CPU sec, 16.617 real sec
[0000] Reallocating initial memory allocations!!
[0000] Calling mem_process_seqs.., task: 8
[0000] 1. Calling kt_for - worker_bwt
[0000] 2. Calling kt_for - worker_aln
[0000] Inferring insert size distribution of PE reads from data, l_pac: 1448878366, n: 2899760
[0000][PE] # candidate unique pairs for (FF, FR, RF, RR): (75, 1124194, 74, 83)
[0000][PE] analyzing insert size distribution for orientation FF...
[0000][PE] (25, 50, 75) percentile: (107, 153, 202)
[0000][PE] low and high boundaries for computing mean and std.dev: (1, 392)
[0000][PE] mean and std.dev: (157.30, 72.24)
[0000][PE] low and high boundaries for proper pairs: (1, 487)
[0000][PE] analyzing insert size distribution for orientation FR...
[0000][PE] (25, 50, 75) percentile: (138, 181, 237)
[0000][PE] low and high boundaries for computing mean and std.dev: (1, 435)
[0000][PE] mean and std.dev: (190.15, 68.97)
[0000][PE] low and high boundaries for proper pairs: (1, 534)
[0000][PE] analyzing insert size distribution for orientation RF...
[0000][PE] (25, 50, 75) percentile: (60, 231, 371)
[0000][PE] low and high boundaries for computing mean and std.dev: (1, 993)
[0000][PE] mean and std.dev: (244.59, 211.92)
[0000][PE] low and high boundaries for proper pairs: (1, 1304)
[0000][PE] analyzing insert size distribution for orientation RR...
[0000][PE] (25, 50, 75) percentile: (103, 140, 223)
[0000][PE] low and high boundaries for computing mean and std.dev: (1, 463)
[0000][PE] mean and std.dev: (149.35, 83.54)
[0000][PE] low and high boundaries for proper pairs: (1, 583)
[0000][PE] skip orientation FF
[0000][PE] skip orientation RF
[0000][PE] skip orientation RR
[0000] 3. Calling kt_for - worker_sam
[0000] read_chunk: 400000000, work_chunk_size: 400000294, nseq: 2899466
	[0000][ M::kt_pipeline] read 2899466 sequences (400000294 bp)...
	[0000][ M::mem_process_seqs] Processed 2899760 reads in 492.174 CPU sec, 13.218 real sec
[0000] Calling mem_process_seqs.., task: 9
[0000] 1. Calling kt_for - worker_bwt
[0000] 2. Calling kt_for - worker_aln
[0000] Inferring insert size distribution of PE reads from data, l_pac: 1448878366, n: 2899466
[0000][PE] # candidate unique pairs for (FF, FR, RF, RR): (76, 1112530, 87, 80)
[0000][PE] analyzing insert size distribution for orientation FF...
[0000][PE] (25, 50, 75) percentile: (91, 148, 238)
[0000][PE] low and high boundaries for computing mean and std.dev: (1, 532)
[0000][PE] mean and std.dev: (161.97, 97.98)
[0000][PE] low and high boundaries for proper pairs: (1, 679)
[0000][PE] analyzing insert size distribution for orientation FR...
[0000][PE] (25, 50, 75) percentile: (137, 181, 237)
[0000][PE] low and high boundaries for computing mean and std.dev: (1, 437)
[0000][PE] mean and std.dev: (190.05, 68.97)
[0000][PE] low and high boundaries for proper pairs: (1, 537)
[0000][PE] analyzing insert size distribution for orientation RF...
[0000][PE] (25, 50, 75) percentile: (121, 231, 422)
[0000][PE] low and high boundaries for computing mean and std.dev: (1, 1024)
[0000][PE] mean and std.dev: (265.43, 201.76)
[0000][PE] low and high boundaries for proper pairs: (1, 1325)
[0000][PE] analyzing insert size distribution for orientation RR...
[0000][PE] (25, 50, 75) percentile: (99, 141, 202)
[0000][PE] low and high boundaries for computing mean and std.dev: (1, 408)
[0000][PE] mean and std.dev: (137.34, 62.07)
[0000][PE] low and high boundaries for proper pairs: (1, 511)
[0000][PE] skip orientation FF
[0000][PE] skip orientation RF
[0000][PE] skip orientation RR
[0000] 3. Calling kt_for - worker_sam
	[0000][ M::mem_process_seqs] Processed 2899466 reads in 512.100 CPU sec, 14.004 real sec
[0000] read_chunk: 400000000, work_chunk_size: 400000028, nseq: 2899024
	[0000][ M::kt_pipeline] read 2899024 sequences (400000028 bp)...
[0000] Calling mem_process_seqs.., task: 10
[0000] 1. Calling kt_for - worker_bwt
[0000] 2. Calling kt_for - worker_aln
[0000] Inferring insert size distribution of PE reads from data, l_pac: 1448878366, n: 2899024
[0000][PE] # candidate unique pairs for (FF, FR, RF, RR): (76, 1113923, 100, 62)
[0000][PE] analyzing insert size distribution for orientation FF...
[0000][PE] (25, 50, 75) percentile: (90, 144, 208)
[0000][PE] low and high boundaries for computing mean and std.dev: (1, 444)
[0000][PE] mean and std.dev: (139.96, 76.24)
[0000][PE] low and high boundaries for proper pairs: (1, 562)
[0000][PE] analyzing insert size distribution for orientation FR...
[0000][PE] (25, 50, 75) percentile: (137, 181, 237)
[0000][PE] low and high boundaries for computing mean and std.dev: (1, 437)
[0000][PE] mean and std.dev: (189.95, 68.98)
[0000][PE] low and high boundaries for proper pairs: (1, 537)
[0000][PE] analyzing insert size distribution for orientation RF...
[0000][PE] (25, 50, 75) percentile: (72, 129, 354)
[0000][PE] low and high boundaries for computing mean and std.dev: (1, 918)
[0000][PE] mean and std.dev: (216.42, 213.05)
[0000][PE] low and high boundaries for proper pairs: (1, 1200)
[0000][PE] analyzing insert size distribution for orientation RR...
[0000][PE] (25, 50, 75) percentile: (100, 142, 189)
[0000][PE] low and high boundaries for computing mean and std.dev: (1, 367)
[0000][PE] mean and std.dev: (147.53, 68.48)
[0000][PE] low and high boundaries for proper pairs: (1, 456)
[0000][PE] skip orientation FF
[0000][PE] skip orientation RF
[0000][PE] skip orientation RR
[0000] 3. Calling kt_for - worker_sam
[0000] read_chunk: 400000000, work_chunk_size: 400000278, nseq: 2896038
	[0000][ M::kt_pipeline] read 2896038 sequences (400000278 bp)...
	[0000][ M::mem_process_seqs] Processed 2899024 reads in 506.286 CPU sec, 13.768 real sec
[0000] Calling mem_process_seqs.., task: 11
[0000] 1. Calling kt_for - worker_bwt
[0000] 2. Calling kt_for - worker_aln
[0000] Inferring insert size distribution of PE reads from data, l_pac: 1448878366, n: 2896038
[0000][PE] # candidate unique pairs for (FF, FR, RF, RR): (78, 1100306, 84, 57)
[0000][PE] analyzing insert size distribution for orientation FF...
[0000][PE] (25, 50, 75) percentile: (92, 133, 206)
[0000][PE] low and high boundaries for computing mean and std.dev: (1, 434)
[0000][PE] mean and std.dev: (132.13, 71.07)
[0000][PE] low and high boundaries for proper pairs: (1, 548)
[0000][PE] analyzing insert size distribution for orientation FR...
[0000][PE] (25, 50, 75) percentile: (138, 181, 237)
[0000][PE] low and high boundaries for computing mean and std.dev: (1, 435)
[0000][PE] mean and std.dev: (190.30, 68.87)
[0000][PE] low and high boundaries for proper pairs: (1, 534)
[0000][PE] analyzing insert size distribution for orientation RF...
[0000][PE] (25, 50, 75) percentile: (69, 222, 414)
[0000][PE] low and high boundaries for computing mean and std.dev: (1, 1104)
[0000][PE] mean and std.dev: (266.87, 242.58)
[0000][PE] low and high boundaries for proper pairs: (1, 1449)
[0000][PE] analyzing insert size distribution for orientation RR...
[0000][PE] (25, 50, 75) percentile: (91, 144, 192)
[0000][PE] low and high boundaries for computing mean and std.dev: (1, 394)
[0000][PE] mean and std.dev: (141.67, 71.30)
[0000][PE] low and high boundaries for proper pairs: (1, 495)
[0000][PE] skip orientation FF
[0000][PE] skip orientation RF
[0000][PE] skip orientation RR
[0000] 3. Calling kt_for - worker_sam
	[0000][ M::mem_process_seqs] Processed 2896038 reads in 518.218 CPU sec, 14.036 real sec
[0000] read_chunk: 400000000, work_chunk_size: 400000244, nseq: 2894748
	[0000][ M::kt_pipeline] read 2894748 sequences (400000244 bp)...
[0000] Calling mem_process_seqs.., task: 12
[0000] 1. Calling kt_for - worker_bwt
[0000] 2. Calling kt_for - worker_aln
[0000] Inferring insert size distribution of PE reads from data, l_pac: 1448878366, n: 2894748
[0000][PE] # candidate unique pairs for (FF, FR, RF, RR): (61, 1090832, 68, 61)
[0000][PE] analyzing insert size distribution for orientation FF...
[0000][PE] (25, 50, 75) percentile: (111, 148, 210)
[0000][PE] low and high boundaries for computing mean and std.dev: (1, 408)
[0000][PE] mean and std.dev: (144.00, 58.28)
[0000][PE] low and high boundaries for proper pairs: (1, 507)
[0000][PE] analyzing insert size distribution for orientation FR...
[0000][PE] (25, 50, 75) percentile: (138, 181, 237)
[0000][PE] low and high boundaries for computing mean and std.dev: (1, 435)
[0000][PE] mean and std.dev: (190.09, 68.92)
[0000][PE] low and high boundaries for proper pairs: (1, 534)
[0000][PE] analyzing insert size distribution for orientation RF...
[0000][PE] (25, 50, 75) percentile: (100, 192, 339)
[0000][PE] low and high boundaries for computing mean and std.dev: (1, 817)
[0000][PE] mean and std.dev: (234.76, 178.58)
[0000][PE] low and high boundaries for proper pairs: (1, 1056)
[0000][PE] analyzing insert size distribution for orientation RR...
[0000][PE] (25, 50, 75) percentile: (100, 128, 181)
[0000][PE] low and high boundaries for computing mean and std.dev: (1, 343)
[0000][PE] mean and std.dev: (130.23, 47.16)
[0000][PE] low and high boundaries for proper pairs: (1, 424)
[0000][PE] skip orientation FF
[0000][PE] skip orientation RF
[0000][PE] skip orientation RR
[0000] 3. Calling kt_for - worker_sam
[0000] read_chunk: 400000000, work_chunk_size: 400000276, nseq: 2897052
	[0000][ M::kt_pipeline] read 2897052 sequences (400000276 bp)...
	[0000][ M::mem_process_seqs] Processed 2894748 reads in 527.925 CPU sec, 14.306 real sec
[0000] Calling mem_process_seqs.., task: 13
[0000] 1. Calling kt_for - worker_bwt
[0000] 2. Calling kt_for - worker_aln
[0000] Inferring insert size distribution of PE reads from data, l_pac: 1448878366, n: 2897052
[0000][PE] # candidate unique pairs for (FF, FR, RF, RR): (73, 1113863, 84, 70)
[0000][PE] analyzing insert size distribution for orientation FF...
[0000][PE] (25, 50, 75) percentile: (107, 149, 206)
[0000][PE] low and high boundaries for computing mean and std.dev: (1, 404)
[0000][PE] mean and std.dev: (150.90, 70.00)
[0000][PE] low and high boundaries for proper pairs: (1, 503)
[0000][PE] analyzing insert size distribution for orientation FR...
[0000][PE] (25, 50, 75) percentile: (138, 181, 238)
[0000][PE] low and high boundaries for computing mean and std.dev: (1, 438)
[0000][PE] mean and std.dev: (190.24, 69.04)
[0000][PE] low and high boundaries for proper pairs: (1, 538)
[0000][PE] analyzing insert size distribution for orientation RF...
[0000][PE] (25, 50, 75) percentile: (102, 228, 391)
[0000][PE] low and high boundaries for computing mean and std.dev: (1, 969)
[0000][PE] mean and std.dev: (267.42, 219.23)
[0000][PE] low and high boundaries for proper pairs: (1, 1258)
[0000][PE] analyzing insert size distribution for orientation RR...
[0000][PE] (25, 50, 75) percentile: (106, 133, 208)
[0000][PE] low and high boundaries for computing mean and std.dev: (1, 412)
[0000][PE] mean and std.dev: (145.34, 62.08)
[0000][PE] low and high boundaries for proper pairs: (1, 514)
[0000][PE] skip orientation FF
[0000][PE] skip orientation RF
[0000][PE] skip orientation RR
[0000] 3. Calling kt_for - worker_sam
	[0000][ M::mem_process_seqs] Processed 2897052 reads in 507.412 CPU sec, 14.587 real sec
[0000] read_chunk: 400000000, work_chunk_size: 400000029, nseq: 2896554
	[0000][ M::kt_pipeline] read 2896554 sequences (400000029 bp)...
[0000] Calling mem_process_seqs.., task: 14
[0000] 1. Calling kt_for - worker_bwt
[0000] 2. Calling kt_for - worker_aln
[0000] Inferring insert size distribution of PE reads from data, l_pac: 1448878366, n: 2896554
[0000][PE] # candidate unique pairs for (FF, FR, RF, RR): (73, 1105306, 51, 69)
[0000][PE] analyzing insert size distribution for orientation FF...
[0000][PE] (25, 50, 75) percentile: (77, 114, 169)
[0000][PE] low and high boundaries for computing mean and std.dev: (1, 353)
[0000][PE] mean and std.dev: (113.46, 51.03)
[0000][PE] low and high boundaries for proper pairs: (1, 445)
[0000][PE] analyzing insert size distribution for orientation FR...
[0000][PE] (25, 50, 75) percentile: (138, 181, 237)
[0000][PE] low and high boundaries for computing mean and std.dev: (1, 435)
[0000][PE] mean and std.dev: (190.15, 68.89)
[0000][PE] low and high boundaries for proper pairs: (1, 534)
[0000][PE] analyzing insert size distribution for orientation RF...
[0000][PE] (25, 50, 75) percentile: (90, 219, 389)
[0000][PE] low and high boundaries for computing mean and std.dev: (1, 987)
[0000][PE] mean and std.dev: (244.45, 208.62)
[0000][PE] low and high boundaries for proper pairs: (1, 1286)
[0000][PE] analyzing insert size distribution for orientation RR...
[0000][PE] (25, 50, 75) percentile: (93, 149, 205)
[0000][PE] low and high boundaries for computing mean and std.dev: (1, 429)
[0000][PE] mean and std.dev: (149.95, 73.23)
[0000][PE] low and high boundaries for proper pairs: (1, 541)
[0000][PE] skip orientation FF
[0000][PE] skip orientation RF
[0000][PE] skip orientation RR
[0000] 3. Calling kt_for - worker_sam
	[0000][ M::mem_process_seqs] Processed 2896554 reads in 516.342 CPU sec, 14.244 real sec
[0000] read_chunk: 400000000, work_chunk_size: 400000156, nseq: 2896726
	[0000][ M::kt_pipeline] read 2896726 sequences (400000156 bp)...
[0000] Calling mem_process_seqs.., task: 15
[0000] 1. Calling kt_for - worker_bwt
[0000] 2. Calling kt_for - worker_aln
[0000] Inferring insert size distribution of PE reads from data, l_pac: 1448878366, n: 2896726
[0000][PE] # candidate unique pairs for (FF, FR, RF, RR): (69, 1096103, 83, 88)
[0000][PE] analyzing insert size distribution for orientation FF...
[0000][PE] (25, 50, 75) percentile: (91, 123, 165)
[0000][PE] low and high boundaries for computing mean and std.dev: (1, 313)
[0000][PE] mean and std.dev: (130.10, 55.38)
[0000][PE] low and high boundaries for proper pairs: (1, 387)
[0000][PE] analyzing insert size distribution for orientation FR...
[0000][PE] (25, 50, 75) percentile: (138, 181, 237)
[0000][PE] low and high boundaries for computing mean and std.dev: (1, 435)
[0000][PE] mean and std.dev: (190.08, 68.91)
[0000][PE] low and high boundaries for proper pairs: (1, 534)
[0000][PE] analyzing insert size distribution for orientation RF...
[0000][PE] (25, 50, 75) percentile: (97, 201, 358)
[0000][PE] low and high boundaries for computing mean and std.dev: (1, 880)
[0000][PE] mean and std.dev: (225.13, 185.68)
[0000][PE] low and high boundaries for proper pairs: (1, 1141)
[0000][PE] analyzing insert size distribution for orientation RR...
[0000][PE] (25, 50, 75) percentile: (82, 132, 199)
[0000][PE] low and high boundaries for computing mean and std.dev: (1, 433)
[0000][PE] mean and std.dev: (136.31, 70.92)
[0000][PE] low and high boundaries for proper pairs: (1, 550)
[0000][PE] skip orientation FF
[0000][PE] skip orientation RF
[0000][PE] skip orientation RR
[0000] 3. Calling kt_for - worker_sam
	[0000][ M::mem_process_seqs] Processed 2896726 reads in 545.045 CPU sec, 15.217 real sec
[0000] read_chunk: 400000000, work_chunk_size: 400000129, nseq: 2888666
	[0000][ M::kt_pipeline] read 2888666 sequences (400000129 bp)...
[0000] Calling mem_process_seqs.., task: 16
[0000] 1. Calling kt_for - worker_bwt
[0000] 2. Calling kt_for - worker_aln
[0000] Inferring insert size distribution of PE reads from data, l_pac: 1448878366, n: 2888666
[0000][PE] # candidate unique pairs for (FF, FR, RF, RR): (70, 1058892, 98, 65)
[0000][PE] analyzing insert size distribution for orientation FF...
[0000][PE] (25, 50, 75) percentile: (100, 141, 179)
[0000][PE] low and high boundaries for computing mean and std.dev: (1, 337)
[0000][PE] mean and std.dev: (133.74, 49.28)
[0000][PE] low and high boundaries for proper pairs: (1, 416)
[0000][PE] analyzing insert size distribution for orientation FR...
[0000][PE] (25, 50, 75) percentile: (137, 181, 237)
[0000][PE] low and high boundaries for computing mean and std.dev: (1, 437)
[0000][PE] mean and std.dev: (190.00, 69.02)
[0000][PE] low and high boundaries for proper pairs: (1, 537)
[0000][PE] analyzing insert size distribution for orientation RF...
[0000][PE] (25, 50, 75) percentile: (62, 157, 448)
[0000][PE] low and high boundaries for computing mean and std.dev: (1, 1220)
[0000][PE] mean and std.dev: (231.92, 218.22)
[0000][PE] low and high boundaries for proper pairs: (1, 1606)
[0000][PE] analyzing insert size distribution for orientation RR...
[0000][PE] (25, 50, 75) percentile: (115, 156, 233)
[0000][PE] low and high boundaries for computing mean and std.dev: (1, 469)
[0000][PE] mean and std.dev: (155.98, 66.04)
[0000][PE] low and high boundaries for proper pairs: (1, 587)
[0000][PE] skip orientation FF
[0000][PE] skip orientation RF
[0000][PE] skip orientation RR
[0000] 3. Calling kt_for - worker_sam
	[0000][ M::mem_process_seqs] Processed 2888666 reads in 631.414 CPU sec, 17.977 real sec
[0000] read_chunk: 400000000, work_chunk_size: 400000209, nseq: 2898058
	[0000][ M::kt_pipeline] read 2898058 sequences (400000209 bp)...
[0000] Calling mem_process_seqs.., task: 17
[0000] 1. Calling kt_for - worker_bwt
[0000] 2. Calling kt_for - worker_aln
[0000] Inferring insert size distribution of PE reads from data, l_pac: 1448878366, n: 2898058
[0000][PE] # candidate unique pairs for (FF, FR, RF, RR): (82, 1107667, 60, 52)
[0000][PE] analyzing insert size distribution for orientation FF...
[0000][PE] (25, 50, 75) percentile: (85, 128, 187)
[0000][PE] low and high boundaries for computing mean and std.dev: (1, 391)
[0000][PE] mean and std.dev: (130.40, 63.29)
[0000][PE] low and high boundaries for proper pairs: (1, 493)
[0000][PE] analyzing insert size distribution for orientation FR...
[0000][PE] (25, 50, 75) percentile: (138, 181, 237)
[0000][PE] low and high boundaries for computing mean and std.dev: (1, 435)
[0000][PE] mean and std.dev: (190.07, 68.95)
[0000][PE] low and high boundaries for proper pairs: (1, 534)
[0000][PE] analyzing insert size distribution for orientation RF...
[0000][PE] (25, 50, 75) percentile: (49, 136, 313)
[0000][PE] low and high boundaries for computing mean and std.dev: (1, 841)
[0000][PE] mean and std.dev: (196.00, 181.33)
[0000][PE] low and high boundaries for proper pairs: (1, 1105)
[0000][PE] analyzing insert size distribution for orientation RR...
[0000][PE] (25, 50, 75) percentile: (110, 175, 238)
[0000][PE] low and high boundaries for computing mean and std.dev: (1, 494)
[0000][PE] mean and std.dev: (178.53, 96.59)
[0000][PE] low and high boundaries for proper pairs: (1, 622)
[0000][PE] skip orientation FF
[0000][PE] skip orientation RF
[0000][PE] skip orientation RR
[0000] 3. Calling kt_for - worker_sam
[0000] read_chunk: 400000000, work_chunk_size: 400000020, nseq: 2897490
	[0000][ M::kt_pipeline] read 2897490 sequences (400000020 bp)...
	[0000][ M::mem_process_seqs] Processed 2898058 reads in 526.062 CPU sec, 16.095 real sec
[0000] Calling mem_process_seqs.., task: 18
[0000] 1. Calling kt_for - worker_bwt
[0000] 2. Calling kt_for - worker_aln
[0000] Inferring insert size distribution of PE reads from data, l_pac: 1448878366, n: 2897490
[0000][PE] # candidate unique pairs for (FF, FR, RF, RR): (84, 1107767, 90, 66)
[0000][PE] analyzing insert size distribution for orientation FF...
[0000][PE] (25, 50, 75) percentile: (90, 136, 201)
[0000][PE] low and high boundaries for computing mean and std.dev: (1, 423)
[0000][PE] mean and std.dev: (140.18, 75.01)
[0000][PE] low and high boundaries for proper pairs: (1, 534)
[0000][PE] analyzing insert size distribution for orientation FR...
[0000][PE] (25, 50, 75) percentile: (138, 181, 238)
[0000][PE] low and high boundaries for computing mean and std.dev: (1, 438)
[0000][PE] mean and std.dev: (190.34, 68.95)
[0000][PE] low and high boundaries for proper pairs: (1, 538)
[0000][PE] analyzing insert size distribution for orientation RF...
[0000][PE] (25, 50, 75) percentile: (55, 155, 325)
[0000][PE] low and high boundaries for computing mean and std.dev: (1, 865)
[0000][PE] mean and std.dev: (178.19, 181.31)
[0000][PE] low and high boundaries for proper pairs: (1, 1135)
[0000][PE] analyzing insert size distribution for orientation RR...
[0000][PE] (25, 50, 75) percentile: (112, 149, 198)
[0000][PE] low and high boundaries for computing mean and std.dev: (1, 370)
[0000][PE] mean and std.dev: (147.42, 62.85)
[0000][PE] low and high boundaries for proper pairs: (1, 456)
[0000][PE] skip orientation FF
[0000][PE] skip orientation RF
[0000][PE] skip orientation RR
[0000] 3. Calling kt_for - worker_sam
	[0000][ M::mem_process_seqs] Processed 2897490 reads in 507.866 CPU sec, 13.644 real sec
[0000] read_chunk: 400000000, work_chunk_size: 400000114, nseq: 2897496
	[0000][ M::kt_pipeline] read 2897496 sequences (400000114 bp)...
[0000] Calling mem_process_seqs.., task: 19
[0000] 1. Calling kt_for - worker_bwt
[0000] 2. Calling kt_for - worker_aln
[0000] read_chunk: 400000000, work_chunk_size: 400000174, nseq: 2897988
	[0000][ M::kt_pipeline] read 2897988 sequences (400000174 bp)...
[0000] Inferring insert size distribution of PE reads from data, l_pac: 1448878366, n: 2897496
[0000][PE] # candidate unique pairs for (FF, FR, RF, RR): (76, 1112717, 102, 74)
[0000][PE] analyzing insert size distribution for orientation FF...
[0000][PE] (25, 50, 75) percentile: (101, 152, 229)
[0000][PE] low and high boundaries for computing mean and std.dev: (1, 485)
[0000][PE] mean and std.dev: (151.20, 79.24)
[0000][PE] low and high boundaries for proper pairs: (1, 613)
[0000][PE] analyzing insert size distribution for orientation FR...
[0000][PE] (25, 50, 75) percentile: (138, 181, 237)
[0000][PE] low and high boundaries for computing mean and std.dev: (1, 435)
[0000][PE] mean and std.dev: (190.09, 68.96)
[0000][PE] low and high boundaries for proper pairs: (1, 534)
[0000][PE] analyzing insert size distribution for orientation RF...
[0000][PE] (25, 50, 75) percentile: (65, 184, 377)
[0000][PE] low and high boundaries for computing mean and std.dev: (1, 1001)
[0000][PE] mean and std.dev: (229.00, 193.37)
[0000][PE] low and high boundaries for proper pairs: (1, 1313)
[0000][PE] analyzing insert size distribution for orientation RR...
[0000][PE] (25, 50, 75) percentile: (104, 148, 206)
[0000][PE] low and high boundaries for computing mean and std.dev: (1, 410)
[0000][PE] mean and std.dev: (135.44, 56.61)
[0000][PE] low and high boundaries for proper pairs: (1, 512)
[0000][PE] skip orientation FF
[0000][PE] skip orientation RF
[0000][PE] skip orientation RR
[0000] 3. Calling kt_for - worker_sam
	[0000][ M::mem_process_seqs] Processed 2897496 reads in 534.409 CPU sec, 17.183 real sec
[0000] Calling mem_process_seqs.., task: 20
[0000] 1. Calling kt_for - worker_bwt
[0000] 2. Calling kt_for - worker_aln
[0000] Inferring insert size distribution of PE reads from data, l_pac: 1448878366, n: 2897988
[0000][PE] # candidate unique pairs for (FF, FR, RF, RR): (75, 1103210, 79, 62)
[0000][PE] analyzing insert size distribution for orientation FF...
[0000][PE] (25, 50, 75) percentile: (91, 139, 186)
[0000][PE] low and high boundaries for computing mean and std.dev: (1, 376)
[0000][PE] mean and std.dev: (134.64, 60.34)
[0000][PE] low and high boundaries for proper pairs: (1, 471)
[0000][PE] analyzing insert size distribution for orientation FR...
[0000][PE] (25, 50, 75) percentile: (138, 181, 237)
[0000][PE] low and high boundaries for computing mean and std.dev: (1, 435)
[0000][PE] mean and std.dev: (190.04, 68.98)
[0000][PE] low and high boundaries for proper pairs: (1, 534)
[0000][PE] analyzing insert size distribution for orientation RF...
[0000][PE] (25, 50, 75) percentile: (114, 241, 423)
[0000][PE] low and high boundaries for computing mean and std.dev: (1, 1041)
[0000][PE] mean and std.dev: (254.66, 200.96)
[0000][PE] low and high boundaries for proper pairs: (1, 1350)
[0000][PE] analyzing insert size distribution for orientation RR...
[0000][PE] (25, 50, 75) percentile: (89, 132, 180)
[0000][PE] low and high boundaries for computing mean and std.dev: (1, 362)
[0000][PE] mean and std.dev: (133.73, 59.06)
[0000][PE] low and high boundaries for proper pairs: (1, 453)
[0000][PE] skip orientation FF
[0000][PE] skip orientation RF
[0000][PE] skip orientation RR
[0000] 3. Calling kt_for - worker_sam
	[0000][ M::mem_process_seqs] Processed 2897988 reads in 533.904 CPU sec, 15.202 real sec
[0000] read_chunk: 400000000, work_chunk_size: 400000224, nseq: 2900608
	[0000][ M::kt_pipeline] read 2900608 sequences (400000224 bp)...
[0000] Reallocating initial memory allocations!!
[0000] Calling mem_process_seqs.., task: 21
[0000] 1. Calling kt_for - worker_bwt
[0000] 2. Calling kt_for - worker_aln
[0000] read_chunk: 400000000, work_chunk_size: 400000175, nseq: 2895930
	[0000][ M::kt_pipeline] read 2895930 sequences (400000175 bp)...
[0000] Inferring insert size distribution of PE reads from data, l_pac: 1448878366, n: 2900608
[0000][PE] # candidate unique pairs for (FF, FR, RF, RR): (81, 1124079, 91, 76)
[0000][PE] analyzing insert size distribution for orientation FF...
[0000][PE] (25, 50, 75) percentile: (114, 159, 220)
[0000][PE] low and high boundaries for computing mean and std.dev: (1, 432)
[0000][PE] mean and std.dev: (156.05, 66.61)
[0000][PE] low and high boundaries for proper pairs: (1, 538)
[0000][PE] analyzing insert size distribution for orientation FR...
[0000][PE] (25, 50, 75) percentile: (138, 181, 237)
[0000][PE] low and high boundaries for computing mean and std.dev: (1, 435)
[0000][PE] mean and std.dev: (190.16, 68.98)
[0000][PE] low and high boundaries for proper pairs: (1, 534)
[0000][PE] analyzing insert size distribution for orientation RF...
[0000][PE] (25, 50, 75) percentile: (125, 206, 415)
[0000][PE] low and high boundaries for computing mean and std.dev: (1, 995)
[0000][PE] mean and std.dev: (264.87, 214.41)
[0000][PE] low and high boundaries for proper pairs: (1, 1285)
[0000][PE] analyzing insert size distribution for orientation RR...
[0000][PE] (25, 50, 75) percentile: (83, 116, 203)
[0000][PE] low and high boundaries for computing mean and std.dev: (1, 443)
[0000][PE] mean and std.dev: (139.47, 78.84)
[0000][PE] low and high boundaries for proper pairs: (1, 563)
[0000][PE] skip orientation FF
[0000][PE] skip orientation RF
[0000][PE] skip orientation RR
[0000] 3. Calling kt_for - worker_sam
	[0000][ M::mem_process_seqs] Processed 2900608 reads in 490.551 CPU sec, 13.331 real sec
[0000] Calling mem_process_seqs.., task: 22
[0000] 1. Calling kt_for - worker_bwt
[0000] 2. Calling kt_for - worker_aln
[0000] Inferring insert size distribution of PE reads from data, l_pac: 1448878366, n: 2895930
[0000][PE] # candidate unique pairs for (FF, FR, RF, RR): (77, 1108134, 81, 78)
[0000][PE] analyzing insert size distribution for orientation FF...
[0000][PE] (25, 50, 75) percentile: (91, 144, 192)
[0000][PE] low and high boundaries for computing mean and std.dev: (1, 394)
[0000][PE] mean and std.dev: (141.60, 70.88)
[0000][PE] low and high boundaries for proper pairs: (1, 495)
[0000][PE] analyzing insert size distribution for orientation FR...
[0000][PE] (25, 50, 75) percentile: (138, 181, 237)
[0000][PE] low and high boundaries for computing mean and std.dev: (1, 435)
[0000][PE] mean and std.dev: (190.17, 68.93)
[0000][PE] low and high boundaries for proper pairs: (1, 534)
[0000][PE] analyzing insert size distribution for orientation RF...
[0000][PE] (25, 50, 75) percentile: (64, 188, 378)
[0000][PE] low and high boundaries for computing mean and std.dev: (1, 1006)
[0000][PE] mean and std.dev: (251.03, 229.33)
[0000][PE] low and high boundaries for proper pairs: (1, 1320)
[0000][PE] analyzing insert size distribution for orientation RR...
[0000][PE] (25, 50, 75) percentile: (94, 141, 185)
[0000][PE] low and high boundaries for computing mean and std.dev: (1, 367)
[0000][PE] mean and std.dev: (142.67, 69.53)
[0000][PE] low and high boundaries for proper pairs: (1, 458)
[0000][PE] skip orientation FF
[0000][PE] skip orientation RF
[0000][PE] skip orientation RR
[0000] 3. Calling kt_for - worker_sam
	[0000][ M::mem_process_seqs] Processed 2895930 reads in 533.432 CPU sec, 16.110 real sec
[0000] read_chunk: 400000000, work_chunk_size: 400000248, nseq: 2897502
	[0000][ M::kt_pipeline] read 2897502 sequences (400000248 bp)...
[0000] Calling mem_process_seqs.., task: 23
[0000] 1. Calling kt_for - worker_bwt
[0000] 2. Calling kt_for - worker_aln
[0000] Inferring insert size distribution of PE reads from data, l_pac: 1448878366, n: 2897502
[0000][PE] # candidate unique pairs for (FF, FR, RF, RR): (71, 1103201, 72, 66)
[0000][PE] analyzing insert size distribution for orientation FF...
[0000][PE] (25, 50, 75) percentile: (92, 121, 191)
[0000][PE] low and high boundaries for computing mean and std.dev: (1, 389)
[0000][PE] mean and std.dev: (135.07, 65.41)
[0000][PE] low and high boundaries for proper pairs: (1, 488)
[0000][PE] analyzing insert size distribution for orientation FR...
[0000][PE] (25, 50, 75) percentile: (138, 181, 237)
[0000][PE] low and high boundaries for computing mean and std.dev: (1, 435)
[0000][PE] mean and std.dev: (190.05, 68.94)
[0000][PE] low and high boundaries for proper pairs: (1, 534)
[0000][PE] analyzing insert size distribution for orientation RF...
[0000][PE] (25, 50, 75) percentile: (93, 149, 303)
[0000][PE] low and high boundaries for computing mean and std.dev: (1, 723)
[0000][PE] mean and std.dev: (182.50, 142.73)
[0000][PE] low and high boundaries for proper pairs: (1, 933)
[0000][PE] analyzing insert size distribution for orientation RR...
[0000][PE] (25, 50, 75) percentile: (78, 137, 187)
[0000][PE] low and high boundaries for computing mean and std.dev: (1, 405)
[0000][PE] mean and std.dev: (140.49, 75.08)
[0000][PE] low and high boundaries for proper pairs: (1, 514)
[0000][PE] skip orientation FF
[0000][PE] skip orientation RF
[0000][PE] skip orientation RR
[0000] 3. Calling kt_for - worker_sam
	[0000][ M::mem_process_seqs] Processed 2897502 reads in 525.727 CPU sec, 22.923 real sec
[0000] read_chunk: 400000000, work_chunk_size: 400000232, nseq: 2897640
	[0000][ M::kt_pipeline] read 2897640 sequences (400000232 bp)...
[0000] Calling mem_process_seqs.., task: 24
[0000] 1. Calling kt_for - worker_bwt
[0000] 2. Calling kt_for - worker_aln
[0000] read_chunk: 400000000, work_chunk_size: 400000269, nseq: 2896530
[0000] Inferring insert size distribution of PE reads from data, l_pac: 1448878366, n: 2897640
	[0000][ M::kt_pipeline] read 2896530 sequences (400000269 bp)...
[0000][PE] # candidate unique pairs for (FF, FR, RF, RR): (71, 1108953, 75, 63)
[0000][PE] analyzing insert size distribution for orientation FF...
[0000][PE] (25, 50, 75) percentile: (100, 144, 207)
[0000][PE] low and high boundaries for computing mean and std.dev: (1, 421)
[0000][PE] mean and std.dev: (149.79, 62.35)
[0000][PE] low and high boundaries for proper pairs: (1, 528)
[0000][PE] analyzing insert size distribution for orientation FR...
[0000][PE] (25, 50, 75) percentile: (138, 181, 237)
[0000][PE] low and high boundaries for computing mean and std.dev: (1, 435)
[0000][PE] mean and std.dev: (190.01, 68.95)
[0000][PE] low and high boundaries for proper pairs: (1, 534)
[0000][PE] analyzing insert size distribution for orientation RF...
[0000][PE] (25, 50, 75) percentile: (96, 184, 373)
[0000][PE] low and high boundaries for computing mean and std.dev: (1, 927)
[0000][PE] mean and std.dev: (241.14, 207.08)
[0000][PE] low and high boundaries for proper pairs: (1, 1204)
[0000][PE] analyzing insert size distribution for orientation RR...
[0000][PE] (25, 50, 75) percentile: (89, 133, 208)
[0000][PE] low and high boundaries for computing mean and std.dev: (1, 446)
[0000][PE] mean and std.dev: (149.15, 78.21)
[0000][PE] low and high boundaries for proper pairs: (1, 565)
[0000][PE] skip orientation FF
[0000][PE] skip orientation RF
[0000][PE] skip orientation RR
[0000] 3. Calling kt_for - worker_sam
	[0000][ M::mem_process_seqs] Processed 2897640 reads in 530.846 CPU sec, 17.197 real sec
[0000] Calling mem_process_seqs.., task: 25
[0000] 1. Calling kt_for - worker_bwt
[0000] 2. Calling kt_for - worker_aln
[0000] Inferring insert size distribution of PE reads from data, l_pac: 1448878366, n: 2896530
[0000][PE] # candidate unique pairs for (FF, FR, RF, RR): (61, 1104385, 92, 55)
[0000][PE] analyzing insert size distribution for orientation FF...
[0000][PE] (25, 50, 75) percentile: (99, 141, 215)
[0000][PE] low and high boundaries for computing mean and std.dev: (1, 447)
[0000][PE] mean and std.dev: (155.43, 83.96)
[0000][PE] low and high boundaries for proper pairs: (1, 563)
[0000][PE] analyzing insert size distribution for orientation FR...
[0000][PE] (25, 50, 75) percentile: (138, 181, 237)
[0000][PE] low and high boundaries for computing mean and std.dev: (1, 435)
[0000][PE] mean and std.dev: (190.18, 68.96)
[0000][PE] low and high boundaries for proper pairs: (1, 534)
[0000][PE] analyzing insert size distribution for orientation RF...
[0000][PE] (25, 50, 75) percentile: (98, 193, 359)
[0000][PE] low and high boundaries for computing mean and std.dev: (1, 881)
[0000][PE] mean and std.dev: (246.30, 191.66)
[0000][PE] low and high boundaries for proper pairs: (1, 1142)
[0000][PE] analyzing insert size distribution for orientation RR...
[0000][PE] (25, 50, 75) percentile: (92, 136, 215)
[0000][PE] low and high boundaries for computing mean and std.dev: (1, 461)
[0000][PE] mean and std.dev: (141.55, 79.77)
[0000][PE] low and high boundaries for proper pairs: (1, 584)
[0000][PE] skip orientation FF
[0000][PE] skip orientation RF
[0000][PE] skip orientation RR
[0000] 3. Calling kt_for - worker_sam
[0000] read_chunk: 400000000, work_chunk_size: 400000020, nseq: 2900294
	[0000][ M::kt_pipeline] read 2900294 sequences (400000020 bp)...
	[0000][ M::mem_process_seqs] Processed 2896530 reads in 524.668 CPU sec, 14.709 real sec
[0000] Calling mem_process_seqs.., task: 26
[0000] 1. Calling kt_for - worker_bwt
[0000] 2. Calling kt_for - worker_aln
[0000] Inferring insert size distribution of PE reads from data, l_pac: 1448878366, n: 2900294
[0000][PE] # candidate unique pairs for (FF, FR, RF, RR): (72, 1116669, 95, 81)
[0000][PE] analyzing insert size distribution for orientation FF...
[0000][PE] (25, 50, 75) percentile: (113, 136, 185)
[0000][PE] low and high boundaries for computing mean and std.dev: (1, 329)
[0000][PE] mean and std.dev: (141.87, 59.65)
[0000][PE] low and high boundaries for proper pairs: (1, 401)
[0000][PE] analyzing insert size distribution for orientation FR...
[0000][PE] (25, 50, 75) percentile: (138, 181, 237)
[0000][PE] low and high boundaries for computing mean and std.dev: (1, 435)
[0000][PE] mean and std.dev: (190.04, 69.00)
[0000][PE] low and high boundaries for proper pairs: (1, 534)
[0000][PE] analyzing insert size distribution for orientation RF...
[0000][PE] (25, 50, 75) percentile: (109, 233, 372)
[0000][PE] low and high boundaries for computing mean and std.dev: (1, 898)
[0000][PE] mean and std.dev: (237.71, 164.87)
[0000][PE] low and high boundaries for proper pairs: (1, 1161)
[0000][PE] analyzing insert size distribution for orientation RR...
[0000][PE] (25, 50, 75) percentile: (89, 129, 177)
[0000][PE] low and high boundaries for computing mean and std.dev: (1, 353)
[0000][PE] mean and std.dev: (130.82, 65.85)
[0000][PE] low and high boundaries for proper pairs: (1, 441)
[0000][PE] skip orientation FF
[0000][PE] skip orientation RF
[0000][PE] skip orientation RR
[0000] 3. Calling kt_for - worker_sam
[0000] read_chunk: 400000000, work_chunk_size: 400000063, nseq: 2895914
	[0000][ M::mem_process_seqs] Processed 2900294 reads in 512.952 CPU sec, 14.777 real sec
	[0000][ M::kt_pipeline] read 2895914 sequences (400000063 bp)...
[0000] Calling mem_process_seqs.., task: 27
[0000] 1. Calling kt_for - worker_bwt
[0000] 2. Calling kt_for - worker_aln
[0000] Inferring insert size distribution of PE reads from data, l_pac: 1448878366, n: 2895914
[0000][PE] # candidate unique pairs for (FF, FR, RF, RR): (78, 1103763, 100, 75)
[0000][PE] analyzing insert size distribution for orientation FF...
[0000][PE] (25, 50, 75) percentile: (92, 142, 184)
[0000][PE] low and high boundaries for computing mean and std.dev: (1, 368)
[0000][PE] mean and std.dev: (136.82, 62.03)
[0000][PE] low and high boundaries for proper pairs: (1, 460)
[0000][PE] analyzing insert size distribution for orientation FR...
[0000][PE] (25, 50, 75) percentile: (137, 181, 237)
[0000][PE] low and high boundaries for computing mean and std.dev: (1, 437)
[0000][PE] mean and std.dev: (190.08, 69.05)
[0000][PE] low and high boundaries for proper pairs: (1, 537)
[0000][PE] analyzing insert size distribution for orientation RF...
[0000][PE] (25, 50, 75) percentile: (85, 257, 454)
[0000][PE] low and high boundaries for computing mean and std.dev: (1, 1192)
[0000][PE] mean and std.dev: (272.12, 224.89)
[0000][PE] low and high boundaries for proper pairs: (1, 1561)
[0000][PE] analyzing insert size distribution for orientation RR...
[0000][PE] (25, 50, 75) percentile: (105, 135, 193)
[0000][PE] low and high boundaries for computing mean and std.dev: (1, 369)
[0000][PE] mean and std.dev: (144.48, 67.21)
[0000][PE] low and high boundaries for proper pairs: (1, 457)
[0000][PE] skip orientation FF
[0000][PE] skip orientation RF
[0000][PE] skip orientation RR
[0000] 3. Calling kt_for - worker_sam
	[0000][ M::mem_process_seqs] Processed 2895914 reads in 524.632 CPU sec, 14.874 real sec
[0000] read_chunk: 400000000, work_chunk_size: 400000172, nseq: 2899948
	[0000][ M::kt_pipeline] read 2899948 sequences (400000172 bp)...
[0000] Calling mem_process_seqs.., task: 28
[0000] 1. Calling kt_for - worker_bwt
[0000] 2. Calling kt_for - worker_aln
[0000] Inferring insert size distribution of PE reads from data, l_pac: 1448878366, n: 2899948
[0000][PE] # candidate unique pairs for (FF, FR, RF, RR): (75, 1116886, 77, 59)
[0000][PE] analyzing insert size distribution for orientation FF...
[0000][PE] (25, 50, 75) percentile: (97, 138, 206)
[0000][PE] low and high boundaries for computing mean and std.dev: (1, 424)
[0000][PE] mean and std.dev: (145.71, 73.03)
[0000][PE] low and high boundaries for proper pairs: (1, 533)
[0000][PE] analyzing insert size distribution for orientation FR...
[0000][PE] (25, 50, 75) percentile: (137, 181, 237)
[0000][PE] low and high boundaries for computing mean and std.dev: (1, 437)
[0000][PE] mean and std.dev: (190.01, 69.00)
[0000][PE] low and high boundaries for proper pairs: (1, 537)
[0000][PE] analyzing insert size distribution for orientation RF...
[0000][PE] (25, 50, 75) percentile: (97, 205, 440)
[0000][PE] low and high boundaries for computing mean and std.dev: (1, 1126)
[0000][PE] mean and std.dev: (249.10, 209.16)
[0000][PE] low and high boundaries for proper pairs: (1, 1469)
[0000][PE] analyzing insert size distribution for orientation RR...
[0000][PE] (25, 50, 75) percentile: (96, 135, 187)
[0000][PE] low and high boundaries for computing mean and std.dev: (1, 369)
[0000][PE] mean and std.dev: (140.00, 62.65)
[0000][PE] low and high boundaries for proper pairs: (1, 460)
[0000][PE] skip orientation FF
[0000][PE] skip orientation RF
[0000][PE] skip orientation RR
[0000] 3. Calling kt_for - worker_sam
[0000] read_chunk: 400000000, work_chunk_size: 400000296, nseq: 2899752
	[0000][ M::kt_pipeline] read 2899752 sequences (400000296 bp)...
	[0000][ M::mem_process_seqs] Processed 2899948 reads in 506.075 CPU sec, 13.972 real sec
[0000] Calling mem_process_seqs.., task: 29
[0000] 1. Calling kt_for - worker_bwt
[0000] 2. Calling kt_for - worker_aln
[0000] Inferring insert size distribution of PE reads from data, l_pac: 1448878366, n: 2899752
[0000][PE] # candidate unique pairs for (FF, FR, RF, RR): (74, 1098622, 95, 82)
[0000][PE] analyzing insert size distribution for orientation FF...
[0000][PE] (25, 50, 75) percentile: (82, 144, 210)
[0000][PE] low and high boundaries for computing mean and std.dev: (1, 466)
[0000][PE] mean and std.dev: (139.28, 68.55)
[0000][PE] low and high boundaries for proper pairs: (1, 594)
[0000][PE] analyzing insert size distribution for orientation FR...
[0000][PE] (25, 50, 75) percentile: (138, 181, 237)
[0000][PE] low and high boundaries for computing mean and std.dev: (1, 435)
[0000][PE] mean and std.dev: (190.00, 68.97)
[0000][PE] low and high boundaries for proper pairs: (1, 534)
[0000][PE] analyzing insert size distribution for orientation RF...
[0000][PE] (25, 50, 75) percentile: (84, 195, 356)
[0000][PE] low and high boundaries for computing mean and std.dev: (1, 900)
[0000][PE] mean and std.dev: (220.60, 180.91)
[0000][PE] low and high boundaries for proper pairs: (1, 1172)
[0000][PE] analyzing insert size distribution for orientation RR...
[0000][PE] (25, 50, 75) percentile: (84, 134, 197)
[0000][PE] low and high boundaries for computing mean and std.dev: (1, 423)
[0000][PE] mean and std.dev: (135.52, 74.70)
[0000][PE] low and high boundaries for proper pairs: (1, 536)
[0000][PE] skip orientation FF
[0000][PE] skip orientation RF
[0000][PE] skip orientation RR
[0000] 3. Calling kt_for - worker_sam
	[0000][ M::mem_process_seqs] Processed 2899752 reads in 538.423 CPU sec, 14.501 real sec
[0000] read_chunk: 400000000, work_chunk_size: 400000259, nseq: 2896954
	[0000][ M::kt_pipeline] read 2896954 sequences (400000259 bp)...
[0000] Calling mem_process_seqs.., task: 30
[0000] 1. Calling kt_for - worker_bwt
[0000] 2. Calling kt_for - worker_aln
[0000] read_chunk: 400000000, work_chunk_size: 159256158, nseq: 1153818
	[0000][ M::kt_pipeline] read 1153818 sequences (159256158 bp)...
[0000] Inferring insert size distribution of PE reads from data, l_pac: 1448878366, n: 2896954
[0000][PE] # candidate unique pairs for (FF, FR, RF, RR): (87, 1111133, 89, 73)
[0000][PE] analyzing insert size distribution for orientation FF...
[0000][PE] (25, 50, 75) percentile: (104, 143, 186)
[0000][PE] low and high boundaries for computing mean and std.dev: (1, 350)
[0000][PE] mean and std.dev: (142.12, 61.36)
[0000][PE] low and high boundaries for proper pairs: (1, 432)
[0000][PE] analyzing insert size distribution for orientation FR...
[0000][PE] (25, 50, 75) percentile: (138, 181, 237)
[0000][PE] low and high boundaries for computing mean and std.dev: (1, 435)
[0000][PE] mean and std.dev: (190.03, 68.94)
[0000][PE] low and high boundaries for proper pairs: (1, 534)
[0000][PE] analyzing insert size distribution for orientation RF...
[0000][PE] (25, 50, 75) percentile: (64, 163, 282)
[0000][PE] low and high boundaries for computing mean and std.dev: (1, 718)
[0000][PE] mean and std.dev: (193.77, 148.95)
[0000][PE] low and high boundaries for proper pairs: (1, 936)
[0000][PE] analyzing insert size distribution for orientation RR...
[0000][PE] (25, 50, 75) percentile: (79, 126, 211)
[0000][PE] low and high boundaries for computing mean and std.dev: (1, 475)
[0000][PE] mean and std.dev: (139.82, 92.65)
[0000][PE] low and high boundaries for proper pairs: (1, 607)
[0000][PE] skip orientation FF
[0000][PE] skip orientation RF
[0000][PE] skip orientation RR
[0000] 3. Calling kt_for - worker_sam
	[0000][ M::mem_process_seqs] Processed 2896954 reads in 516.494 CPU sec, 14.234 real sec
[0000] Calling mem_process_seqs.., task: 31
[0000] 1. Calling kt_for - worker_bwt
[0000] 2. Calling kt_for - worker_aln
[0000] read_chunk: 400000000, work_chunk_size: 0, nseq: 0
[0000] Inferring insert size distribution of PE reads from data, l_pac: 1448878366, n: 1153818
[0000][PE] # candidate unique pairs for (FF, FR, RF, RR): (31, 436896, 35, 21)
[0000][PE] analyzing insert size distribution for orientation FF...
[0000][PE] (25, 50, 75) percentile: (107, 141, 201)
[0000][PE] low and high boundaries for computing mean and std.dev: (1, 389)
[0000][PE] mean and std.dev: (138.44, 53.52)
[0000][PE] low and high boundaries for proper pairs: (1, 483)
[0000][PE] analyzing insert size distribution for orientation FR...
[0000][PE] (25, 50, 75) percentile: (138, 182, 238)
[0000][PE] low and high boundaries for computing mean and std.dev: (1, 438)
[0000][PE] mean and std.dev: (190.47, 68.90)
[0000][PE] low and high boundaries for proper pairs: (1, 538)
[0000][PE] analyzing insert size distribution for orientation RF...
[0000][PE] (25, 50, 75) percentile: (121, 216, 635)
[0000][PE] low and high boundaries for computing mean and std.dev: (1, 1663)
[0000][PE] mean and std.dev: (392.51, 380.27)
[0000][PE] low and high boundaries for proper pairs: (1, 2177)
[0000][PE] analyzing insert size distribution for orientation RR...
[0000][PE] (25, 50, 75) percentile: (99, 134, 206)
[0000][PE] low and high boundaries for computing mean and std.dev: (1, 420)
[0000][PE] mean and std.dev: (147.25, 65.01)
[0000][PE] low and high boundaries for proper pairs: (1, 527)
[0000][PE] skip orientation FF
[0000][PE] skip orientation RF
[0000][PE] skip orientation RR
[0000] 3. Calling kt_for - worker_sam
	[0000][ M::mem_process_seqs] Processed 1153818 reads in 210.660 CPU sec, 6.079 real sec
[0000] read_chunk: 400000000, work_chunk_size: 0, nseq: 0
[0000] Computation ends..
No. of OMP threads: 40
Processor is running @2394.728776 MHz
Runtime profile:

	Time taken for main_mem function: 654.93 sec

	IO times (sec) :
	Reading IO time (reads) avg: 329.82, (329.82, 329.82)
	Writing IO time (SAM) avg: 223.36, (223.36, 223.36)
	Reading IO time (Reference Genome) avg: 1.15, (1.15, 1.15)
	Index read time avg: 1.81, (1.81, 1.81)

	Overall time (sec) (Excluding Index reading time):
	PROCESS() (Total compute time + (read + SAM) IO time) : 649.85
	MEM_PROCESS_SEQ() (Total compute time (Kernel + SAM)), avg: 471.84, (471.84, 471.84)

	 SAM Processing time (sec):
	--WORKER_SAM avg: 98.61, (98.61, 98.61)

	Kernels' compute time (sec):
	Total kernel (smem+sal+bsw) time avg: 362.49, (362.49, 362.49)
		MEM_ALN_CHAIN_FLT avg: 0.00, (0.00, 0.00)
		MEM_ALN_CHAIN_SEED avg: 0.00, (0.00, 0.00)
		ERT_SEED_CHAIN avg: 0.00, (0.00, 0.00)
	LEARNED_SEED_CHAIN avg: 195.78, (196.21, 195.37)
		SMEM compute avg: 0.00, (0.00, 0.00)
		SAL compute avg: 0.00, (0.00, 0.00)
				MEM_SA avg: 0.00, (0.00, 0.00)

		BSW time, avg: 156.77, (157.18, 156.32)

Important parameter settings: 
	BATCH_SIZE: 512
	MAX_SEQ_LEN_REF: 256
	MAX_SEQ_LEN_QER: 128
	MAX_SEQ_LEN8: 128
	SEEDS_PER_READ: 500
	SIMD_WIDTH8 X: 64
	SIMD_WIDTH16 X: 32
	AVG_SEEDS_PER_READ: 64
