Looking to launch executable "/opt/conda/bin/bwa-meme_mode3.avx512bw", simd = _mode3.avx512bw
Launching executable "/opt/conda/bin/bwa-meme_mode3.avx512bw"
-----------------------------
Executing in AVX512 mode!!
-----------------------------
* SA compression enabled with xfactor: 8
* Ref file: reference.ssl.Sne.fasta
* Entering FMI_search
Reading other elements of the index from files reference.ssl.Sne.fasta
* Index prefix: reference.ssl.Sne.fasta
* Read 0 ALT contigs
* Reading reference genome..
* Binary seq file = reference.ssl.Sne.fasta.0123
* Reference genome size: 2897756732 bp
* Done reading reference genome !!

------------------------------------------
1. Memory pre-allocation for Chaining: 5679.4903 MB
2. Memory pre-allocation for BSW: 9584.6810 MB
[M::memoryAllocLearned::MEME] Reading Learned-index models into memory
[Learned-Config] MODE:3 SEARCH_METHOD: 1 MEM_TRADEOFF:1 EXPONENTIAL_SMEMSEARCH: 1 DEBUG_MODE:0 Num 2nd Models:268435456 PWL Bits Used:28
[M::memoryAllocLearned::MEME] Loading RMI model and Pac reference file took 19.143 sec
[M::memoryAllocLearned::MEME] Reading suffix array into memory
[M::memoryAllocLearned::MEME] Loading pos_packed file took 28.474 sec
[M::memoryAllocLearned::MEME] Generating SA, 64-bit Suffix and ISA in memory
[M::memoryAllocLearned::MEME] Runtime-build-index took 32.806 sec
3. Memory pre-allocation for BWT: 15132.1744 MB
------------------------------------------
* Threads used (compute): 40
* No. of pipeline threads: 2

[0000] read_chunk: 400000000, work_chunk_size: 400000265, nseq: 2849210
	[0000][ M::kt_pipeline] read 2849210 sequences (400000265 bp)...
[0000] Reallocating initial memory allocations!!
[0000] Calling mem_process_seqs.., task: 0
[0000] 1. Calling kt_for - worker_bwt
[0000] 2. Calling kt_for - worker_aln
[0000] read_chunk: 400000000, work_chunk_size: 400000152, nseq: 2851648
	[0000][ M::kt_pipeline] read 2851648 sequences (400000152 bp)...
[0000] Inferring insert size distribution of PE reads from data, l_pac: 1448878366, n: 2849210
[0000][PE] # candidate unique pairs for (FF, FR, RF, RR): (68, 1082049, 70, 74)
[0000][PE] analyzing insert size distribution for orientation FF...
[0000][PE] (25, 50, 75) percentile: (94, 132, 181)
[0000][PE] low and high boundaries for computing mean and std.dev: (1, 355)
[0000][PE] mean and std.dev: (132.08, 54.50)
[0000][PE] low and high boundaries for proper pairs: (1, 442)
[0000][PE] analyzing insert size distribution for orientation FR...
[0000][PE] (25, 50, 75) percentile: (143, 184, 238)
[0000][PE] low and high boundaries for computing mean and std.dev: (1, 428)
[0000][PE] mean and std.dev: (194.14, 66.10)
[0000][PE] low and high boundaries for proper pairs: (1, 523)
[0000][PE] analyzing insert size distribution for orientation RF...
[0000][PE] (25, 50, 75) percentile: (79, 187, 534)
[0000][PE] low and high boundaries for computing mean and std.dev: (1, 1444)
[0000][PE] mean and std.dev: (287.11, 307.43)
[0000][PE] low and high boundaries for proper pairs: (1, 1899)
[0000][PE] analyzing insert size distribution for orientation RR...
[0000][PE] (25, 50, 75) percentile: (80, 127, 179)
[0000][PE] low and high boundaries for computing mean and std.dev: (1, 377)
[0000][PE] mean and std.dev: (129.85, 65.64)
[0000][PE] low and high boundaries for proper pairs: (1, 476)
[0000][PE] skip orientation FF
[0000][PE] skip orientation RF
[0000][PE] skip orientation RR
[0000] 3. Calling kt_for - worker_sam
	[0000][ M::mem_process_seqs] Processed 2849210 reads in 528.600 CPU sec, 13.972 real sec
[0000] Reallocating initial memory allocations!!
[0000] read_chunk: 400000000, work_chunk_size: 400000161, nseq: 2850192
	[0000][ M::kt_pipeline] read 2850192 sequences (400000161 bp)...
[0000] Calling mem_process_seqs.., task: 1
[0000] 1. Calling kt_for - worker_bwt
[0000] 2. Calling kt_for - worker_aln
[0000] Inferring insert size distribution of PE reads from data, l_pac: 1448878366, n: 2851648
[0000][PE] # candidate unique pairs for (FF, FR, RF, RR): (77, 1085967, 82, 78)
[0000][PE] analyzing insert size distribution for orientation FF...
[0000][PE] (25, 50, 75) percentile: (105, 151, 207)
[0000][PE] low and high boundaries for computing mean and std.dev: (1, 411)
[0000][PE] mean and std.dev: (138.01, 64.81)
[0000][PE] low and high boundaries for proper pairs: (1, 513)
[0000][PE] analyzing insert size distribution for orientation FR...
[0000][PE] (25, 50, 75) percentile: (143, 184, 238)
[0000][PE] low and high boundaries for computing mean and std.dev: (1, 428)
[0000][PE] mean and std.dev: (193.98, 66.27)
[0000][PE] low and high boundaries for proper pairs: (1, 523)
[0000][PE] analyzing insert size distribution for orientation RF...
[0000][PE] (25, 50, 75) percentile: (86, 258, 406)
[0000][PE] low and high boundaries for computing mean and std.dev: (1, 1046)
[0000][PE] mean and std.dev: (243.97, 190.07)
[0000][PE] low and high boundaries for proper pairs: (1, 1366)
[0000][PE] analyzing insert size distribution for orientation RR...
[0000][PE] (25, 50, 75) percentile: (105, 149, 205)
[0000][PE] low and high boundaries for computing mean and std.dev: (1, 405)
[0000][PE] mean and std.dev: (152.63, 70.21)
[0000][PE] low and high boundaries for proper pairs: (1, 505)
[0000][PE] skip orientation FF
[0000][PE] skip orientation RF
[0000][PE] skip orientation RR
[0000] 3. Calling kt_for - worker_sam
	[0000][ M::mem_process_seqs] Processed 2851648 reads in 531.395 CPU sec, 18.187 real sec
[0000] Calling mem_process_seqs.., task: 2
[0000] 1. Calling kt_for - worker_bwt
[0000] 2. Calling kt_for - worker_aln
[0000] Inferring insert size distribution of PE reads from data, l_pac: 1448878366, n: 2850192
[0000][PE] # candidate unique pairs for (FF, FR, RF, RR): (66, 1077339, 81, 64)
[0000][PE] analyzing insert size distribution for orientation FF...
[0000][PE] (25, 50, 75) percentile: (100, 142, 198)
[0000][PE] low and high boundaries for computing mean and std.dev: (1, 394)
[0000][PE] mean and std.dev: (141.00, 60.75)
[0000][PE] low and high boundaries for proper pairs: (1, 492)
[0000][PE] analyzing insert size distribution for orientation FR...
[0000][PE] (25, 50, 75) percentile: (143, 184, 238)
[0000][PE] low and high boundaries for computing mean and std.dev: (1, 428)
[0000][PE] mean and std.dev: (193.87, 66.21)
[0000][PE] low and high boundaries for proper pairs: (1, 523)
[0000][PE] analyzing insert size distribution for orientation RF...
[0000][PE] (25, 50, 75) percentile: (103, 225, 400)
[0000][PE] low and high boundaries for computing mean and std.dev: (1, 994)
[0000][PE] mean and std.dev: (251.74, 193.71)
[0000][PE] low and high boundaries for proper pairs: (1, 1291)
[0000][PE] analyzing insert size distribution for orientation RR...
[0000][PE] (25, 50, 75) percentile: (90, 139, 195)
[0000][PE] low and high boundaries for computing mean and std.dev: (1, 405)
[0000][PE] mean and std.dev: (142.09, 81.11)
[0000][PE] low and high boundaries for proper pairs: (1, 510)
[0000][PE] skip orientation FF
[0000][PE] skip orientation RF
[0000][PE] skip orientation RR
[0000] 3. Calling kt_for - worker_sam
	[0000][ M::mem_process_seqs] Processed 2850192 reads in 557.602 CPU sec, 15.637 real sec
[0000] read_chunk: 400000000, work_chunk_size: 400000125, nseq: 2853202
	[0000][ M::kt_pipeline] read 2853202 sequences (400000125 bp)...
[0000] Reallocating initial memory allocations!!
[0000] Calling mem_process_seqs.., task: 3
[0000] 1. Calling kt_for - worker_bwt
[0000] 2. Calling kt_for - worker_aln
[0000] read_chunk: 400000000, work_chunk_size: 400000114, nseq: 2850744
	[0000][ M::kt_pipeline] read 2850744 sequences (400000114 bp)...
[0000] Inferring insert size distribution of PE reads from data, l_pac: 1448878366, n: 2853202
[0000][PE] # candidate unique pairs for (FF, FR, RF, RR): (74, 1092412, 68, 60)
[0000][PE] analyzing insert size distribution for orientation FF...
[0000][PE] (25, 50, 75) percentile: (109, 149, 217)
[0000][PE] low and high boundaries for computing mean and std.dev: (1, 433)
[0000][PE] mean and std.dev: (146.11, 62.99)
[0000][PE] low and high boundaries for proper pairs: (1, 541)
[0000][PE] analyzing insert size distribution for orientation FR...
[0000][PE] (25, 50, 75) percentile: (143, 184, 238)
[0000][PE] low and high boundaries for computing mean and std.dev: (1, 428)
[0000][PE] mean and std.dev: (193.83, 66.25)
[0000][PE] low and high boundaries for proper pairs: (1, 523)
[0000][PE] analyzing insert size distribution for orientation RF...
[0000][PE] (25, 50, 75) percentile: (87, 176, 363)
[0000][PE] low and high boundaries for computing mean and std.dev: (1, 915)
[0000][PE] mean and std.dev: (218.48, 170.35)
[0000][PE] low and high boundaries for proper pairs: (1, 1191)
[0000][PE] analyzing insert size distribution for orientation RR...
[0000][PE] (25, 50, 75) percentile: (84, 131, 181)
[0000][PE] low and high boundaries for computing mean and std.dev: (1, 375)
[0000][PE] mean and std.dev: (134.46, 59.69)
[0000][PE] low and high boundaries for proper pairs: (1, 472)
[0000][PE] skip orientation FF
[0000][PE] skip orientation RF
[0000][PE] skip orientation RR
[0000] 3. Calling kt_for - worker_sam
	[0000][ M::mem_process_seqs] Processed 2853202 reads in 522.654 CPU sec, 13.829 real sec
[0000] Calling mem_process_seqs.., task: 4
[0000] 1. Calling kt_for - worker_bwt
[0000] 2. Calling kt_for - worker_aln
[0000] Inferring insert size distribution of PE reads from data, l_pac: 1448878366, n: 2850744
[0000][PE] # candidate unique pairs for (FF, FR, RF, RR): (75, 1082816, 81, 63)
[0000][PE] analyzing insert size distribution for orientation FF...
[0000][PE] (25, 50, 75) percentile: (105, 149, 200)
[0000][PE] low and high boundaries for computing mean and std.dev: (1, 390)
[0000][PE] mean and std.dev: (142.94, 66.00)
[0000][PE] low and high boundaries for proper pairs: (1, 485)
[0000][PE] analyzing insert size distribution for orientation FR...
[0000][PE] (25, 50, 75) percentile: (143, 184, 238)
[0000][PE] low and high boundaries for computing mean and std.dev: (1, 428)
[0000][PE] mean and std.dev: (193.99, 66.09)
[0000][PE] low and high boundaries for proper pairs: (1, 523)
[0000][PE] analyzing insert size distribution for orientation RF...
[0000][PE] (25, 50, 75) percentile: (113, 198, 312)
[0000][PE] low and high boundaries for computing mean and std.dev: (1, 710)
[0000][PE] mean and std.dev: (203.47, 143.31)
[0000][PE] low and high boundaries for proper pairs: (1, 909)
[0000][PE] analyzing insert size distribution for orientation RR...
[0000][PE] (25, 50, 75) percentile: (94, 135, 196)
[0000][PE] low and high boundaries for computing mean and std.dev: (1, 400)
[0000][PE] mean and std.dev: (133.26, 67.36)
[0000][PE] low and high boundaries for proper pairs: (1, 502)
[0000][PE] skip orientation FF
[0000][PE] skip orientation RF
[0000][PE] skip orientation RR
[0000] 3. Calling kt_for - worker_sam
	[0000][ M::mem_process_seqs] Processed 2850744 reads in 530.699 CPU sec, 14.152 real sec
[0000] read_chunk: 400000000, work_chunk_size: 400000234, nseq: 2847850
	[0000][ M::kt_pipeline] read 2847850 sequences (400000234 bp)...
[0000] Calling mem_process_seqs.., task: 5
[0000] 1. Calling kt_for - worker_bwt
[0000] 2. Calling kt_for - worker_aln
[0000] Inferring insert size distribution of PE reads from data, l_pac: 1448878366, n: 2847850
[0000][PE] # candidate unique pairs for (FF, FR, RF, RR): (71, 1057606, 72, 61)
[0000][PE] analyzing insert size distribution for orientation FF...
[0000][PE] (25, 50, 75) percentile: (100, 132, 195)
[0000][PE] low and high boundaries for computing mean and std.dev: (1, 385)
[0000][PE] mean and std.dev: (138.73, 57.83)
[0000][PE] low and high boundaries for proper pairs: (1, 480)
[0000][PE] analyzing insert size distribution for orientation FR...
[0000][PE] (25, 50, 75) percentile: (143, 184, 238)
[0000][PE] low and high boundaries for computing mean and std.dev: (1, 428)
[0000][PE] mean and std.dev: (194.00, 66.19)
[0000][PE] low and high boundaries for proper pairs: (1, 523)
[0000][PE] analyzing insert size distribution for orientation RF...
[0000][PE] (25, 50, 75) percentile: (100, 181, 416)
[0000][PE] low and high boundaries for computing mean and std.dev: (1, 1048)
[0000][PE] mean and std.dev: (230.45, 186.80)
[0000][PE] low and high boundaries for proper pairs: (1, 1364)
[0000][PE] analyzing insert size distribution for orientation RR...
[0000][PE] (25, 50, 75) percentile: (88, 138, 224)
[0000][PE] low and high boundaries for computing mean and std.dev: (1, 496)
[0000][PE] mean and std.dev: (138.15, 74.55)
[0000][PE] low and high boundaries for proper pairs: (1, 632)
[0000][PE] skip orientation FF
[0000][PE] skip orientation RF
[0000][PE] skip orientation RR
[0000] 3. Calling kt_for - worker_sam
[0000] read_chunk: 400000000, work_chunk_size: 400000239, nseq: 2851800
	[0000][ M::kt_pipeline] read 2851800 sequences (400000239 bp)...
	[0000][ M::mem_process_seqs] Processed 2847850 reads in 585.179 CPU sec, 15.648 real sec
[0000] Calling mem_process_seqs.., task: 6
[0000] 1. Calling kt_for - worker_bwt
[0000] 2. Calling kt_for - worker_aln
[0000] Inferring insert size distribution of PE reads from data, l_pac: 1448878366, n: 2851800
[0000][PE] # candidate unique pairs for (FF, FR, RF, RR): (63, 1086015, 91, 64)
[0000][PE] analyzing insert size distribution for orientation FF...
[0000][PE] (25, 50, 75) percentile: (81, 131, 199)
[0000][PE] low and high boundaries for computing mean and std.dev: (1, 435)
[0000][PE] mean and std.dev: (138.25, 77.78)
[0000][PE] low and high boundaries for proper pairs: (1, 553)
[0000][PE] analyzing insert size distribution for orientation FR...
[0000][PE] (25, 50, 75) percentile: (143, 184, 238)
[0000][PE] low and high boundaries for computing mean and std.dev: (1, 428)
[0000][PE] mean and std.dev: (193.89, 66.21)
[0000][PE] low and high boundaries for proper pairs: (1, 523)
[0000][PE] analyzing insert size distribution for orientation RF...
[0000][PE] (25, 50, 75) percentile: (81, 203, 396)
[0000][PE] low and high boundaries for computing mean and std.dev: (1, 1026)
[0000][PE] mean and std.dev: (228.78, 187.64)
[0000][PE] low and high boundaries for proper pairs: (1, 1341)
[0000][PE] analyzing insert size distribution for orientation RR...
[0000][PE] (25, 50, 75) percentile: (91, 166, 232)
[0000][PE] low and high boundaries for computing mean and std.dev: (1, 514)
[0000][PE] mean and std.dev: (157.37, 95.64)
[0000][PE] low and high boundaries for proper pairs: (1, 655)
[0000][PE] skip orientation FF
[0000][PE] skip orientation RF
[0000][PE] skip orientation RR
[0000] 3. Calling kt_for - worker_sam
[0000] read_chunk: 400000000, work_chunk_size: 400000195, nseq: 2852532
	[0000][ M::kt_pipeline] read 2852532 sequences (400000195 bp)...
	[0000][ M::mem_process_seqs] Processed 2851800 reads in 534.699 CPU sec, 14.674 real sec
[0000] Calling mem_process_seqs.., task: 7
[0000] 1. Calling kt_for - worker_bwt
[0000] 2. Calling kt_for - worker_aln
[0000] Inferring insert size distribution of PE reads from data, l_pac: 1448878366, n: 2852532
[0000][PE] # candidate unique pairs for (FF, FR, RF, RR): (77, 1093123, 72, 66)
[0000][PE] analyzing insert size distribution for orientation FF...
[0000][PE] (25, 50, 75) percentile: (110, 136, 198)
[0000][PE] low and high boundaries for computing mean and std.dev: (1, 374)
[0000][PE] mean and std.dev: (135.51, 52.28)
[0000][PE] low and high boundaries for proper pairs: (1, 462)
[0000][PE] analyzing insert size distribution for orientation FR...
[0000][PE] (25, 50, 75) percentile: (143, 184, 238)
[0000][PE] low and high boundaries for computing mean and std.dev: (1, 428)
[0000][PE] mean and std.dev: (193.98, 66.13)
[0000][PE] low and high boundaries for proper pairs: (1, 523)
[0000][PE] analyzing insert size distribution for orientation RF...
[0000][PE] (25, 50, 75) percentile: (51, 164, 305)
[0000][PE] low and high boundaries for computing mean and std.dev: (1, 813)
[0000][PE] mean and std.dev: (197.87, 190.51)
[0000][PE] low and high boundaries for proper pairs: (1, 1067)
[0000][PE] analyzing insert size distribution for orientation RR...
[0000][PE] (25, 50, 75) percentile: (100, 147, 193)
[0000][PE] low and high boundaries for computing mean and std.dev: (1, 379)
[0000][PE] mean and std.dev: (146.67, 61.50)
[0000][PE] low and high boundaries for proper pairs: (1, 472)
[0000][PE] skip orientation FF
[0000][PE] skip orientation RF
[0000][PE] skip orientation RR
[0000] 3. Calling kt_for - worker_sam
[0000] read_chunk: 400000000, work_chunk_size: 400000026, nseq: 2849078
	[0000][ M::kt_pipeline] read 2849078 sequences (400000026 bp)...
	[0000][ M::mem_process_seqs] Processed 2852532 reads in 532.721 CPU sec, 14.252 real sec
[0000] Calling mem_process_seqs.., task: 8
[0000] 1. Calling kt_for - worker_bwt
[0000] 2. Calling kt_for - worker_aln
[0000] Inferring insert size distribution of PE reads from data, l_pac: 1448878366, n: 2849078
[0000][PE] # candidate unique pairs for (FF, FR, RF, RR): (73, 1081889, 63, 73)
[0000][PE] analyzing insert size distribution for orientation FF...
[0000][PE] (25, 50, 75) percentile: (105, 135, 214)
[0000][PE] low and high boundaries for computing mean and std.dev: (1, 432)
[0000][PE] mean and std.dev: (148.85, 79.35)
[0000][PE] low and high boundaries for proper pairs: (1, 541)
[0000][PE] analyzing insert size distribution for orientation FR...
[0000][PE] (25, 50, 75) percentile: (143, 184, 238)
[0000][PE] low and high boundaries for computing mean and std.dev: (1, 428)
[0000][PE] mean and std.dev: (194.09, 66.06)
[0000][PE] low and high boundaries for proper pairs: (1, 523)
[0000][PE] analyzing insert size distribution for orientation RF...
[0000][PE] (25, 50, 75) percentile: (89, 187, 379)
[0000][PE] low and high boundaries for computing mean and std.dev: (1, 959)
[0000][PE] mean and std.dev: (246.13, 203.62)
[0000][PE] low and high boundaries for proper pairs: (1, 1249)
[0000][PE] analyzing insert size distribution for orientation RR...
[0000][PE] (25, 50, 75) percentile: (111, 151, 211)
[0000][PE] low and high boundaries for computing mean and std.dev: (1, 411)
[0000][PE] mean and std.dev: (152.88, 67.16)
[0000][PE] low and high boundaries for proper pairs: (1, 511)
[0000][PE] skip orientation FF
[0000][PE] skip orientation RF
[0000][PE] skip orientation RR
[0000] 3. Calling kt_for - worker_sam
[0000] read_chunk: 400000000, work_chunk_size: 400000155, nseq: 2852132
	[0000][ M::kt_pipeline] read 2852132 sequences (400000155 bp)...
	[0000][ M::mem_process_seqs] Processed 2849078 reads in 532.694 CPU sec, 14.491 real sec
[0000] Calling mem_process_seqs.., task: 9
[0000] 1. Calling kt_for - worker_bwt
[0000] 2. Calling kt_for - worker_aln
[0000] Inferring insert size distribution of PE reads from data, l_pac: 1448878366, n: 2852132
[0000][PE] # candidate unique pairs for (FF, FR, RF, RR): (83, 1086435, 80, 65)
[0000][PE] analyzing insert size distribution for orientation FF...
[0000][PE] (25, 50, 75) percentile: (119, 163, 209)
[0000][PE] low and high boundaries for computing mean and std.dev: (1, 389)
[0000][PE] mean and std.dev: (154.62, 61.40)
[0000][PE] low and high boundaries for proper pairs: (1, 479)
[0000][PE] analyzing insert size distribution for orientation FR...
[0000][PE] (25, 50, 75) percentile: (143, 184, 238)
[0000][PE] low and high boundaries for computing mean and std.dev: (1, 428)
[0000][PE] mean and std.dev: (193.93, 66.22)
[0000][PE] low and high boundaries for proper pairs: (1, 523)
[0000][PE] analyzing insert size distribution for orientation RF...
[0000][PE] (25, 50, 75) percentile: (71, 199, 433)
[0000][PE] low and high boundaries for computing mean and std.dev: (1, 1157)
[0000][PE] mean and std.dev: (238.72, 207.63)
[0000][PE] low and high boundaries for proper pairs: (1, 1519)
[0000][PE] analyzing insert size distribution for orientation RR...
[0000][PE] (25, 50, 75) percentile: (103, 140, 202)
[0000][PE] low and high boundaries for computing mean and std.dev: (1, 400)
[0000][PE] mean and std.dev: (137.48, 58.71)
[0000][PE] low and high boundaries for proper pairs: (1, 499)
[0000][PE] skip orientation FF
[0000][PE] skip orientation RF
[0000][PE] skip orientation RR
[0000] 3. Calling kt_for - worker_sam
[0000] read_chunk: 400000000, work_chunk_size: 371226878, nseq: 2647210
	[0000][ M::kt_pipeline] read 2647210 sequences (371226878 bp)...
	[0000][ M::mem_process_seqs] Processed 2852132 reads in 531.326 CPU sec, 14.453 real sec
[0000] Calling mem_process_seqs.., task: 10
[0000] 1. Calling kt_for - worker_bwt
[0000] read_chunk: 400000000, work_chunk_size: 0, nseq: 0
[0000] 2. Calling kt_for - worker_aln
[0000] Inferring insert size distribution of PE reads from data, l_pac: 1448878366, n: 2647210
[0000][PE] # candidate unique pairs for (FF, FR, RF, RR): (64, 1005018, 55, 64)
[0000][PE] analyzing insert size distribution for orientation FF...
[0000][PE] (25, 50, 75) percentile: (96, 137, 192)
[0000][PE] low and high boundaries for computing mean and std.dev: (1, 384)
[0000][PE] mean and std.dev: (131.95, 62.96)
[0000][PE] low and high boundaries for proper pairs: (1, 480)
[0000][PE] analyzing insert size distribution for orientation FR...
[0000][PE] (25, 50, 75) percentile: (143, 184, 238)
[0000][PE] low and high boundaries for computing mean and std.dev: (1, 428)
[0000][PE] mean and std.dev: (193.99, 66.19)
[0000][PE] low and high boundaries for proper pairs: (1, 523)
[0000][PE] analyzing insert size distribution for orientation RF...
[0000][PE] (25, 50, 75) percentile: (103, 181, 420)
[0000][PE] low and high boundaries for computing mean and std.dev: (1, 1054)
[0000][PE] mean and std.dev: (251.50, 216.37)
[0000][PE] low and high boundaries for proper pairs: (1, 1371)
[0000][PE] analyzing insert size distribution for orientation RR...
[0000][PE] (25, 50, 75) percentile: (124, 163, 232)
[0000][PE] low and high boundaries for computing mean and std.dev: (1, 448)
[0000][PE] mean and std.dev: (152.43, 73.44)
[0000][PE] low and high boundaries for proper pairs: (1, 556)
[0000][PE] skip orientation FF
[0000][PE] skip orientation RF
[0000][PE] skip orientation RR
[0000] 3. Calling kt_for - worker_sam
	[0000][ M::mem_process_seqs] Processed 2647210 reads in 500.568 CPU sec, 13.459 real sec
[0000] read_chunk: 400000000, work_chunk_size: 0, nseq: 0
[0000] Computation ends..
No. of OMP threads: 40
Processor is running @2394.688930 MHz
Runtime profile:

	Time taken for main_mem function: 317.47 sec

	IO times (sec) :
	Reading IO time (reads) avg: 101.08, (101.08, 101.08)
	Writing IO time (SAM) avg: 50.52, (50.52, 50.52)
	Reading IO time (Reference Genome) avg: 1.43, (1.43, 1.43)
	Index read time avg: 1.88, (1.88, 1.88)

	Overall time (sec) (Excluding Index reading time):
	PROCESS() (Total compute time + (read + SAM) IO time) : 312.03
	MEM_PROCESS_SEQ() (Total compute time (Kernel + SAM)), avg: 162.73, (162.73, 162.73)

	 SAM Processing time (sec):
	--WORKER_SAM avg: 35.41, (35.41, 35.41)

	Kernels' compute time (sec):
	Total kernel (smem+sal+bsw) time avg: 123.68, (123.68, 123.68)
		MEM_ALN_CHAIN_FLT avg: 0.00, (0.00, 0.00)
		MEM_ALN_CHAIN_SEED avg: 0.00, (0.00, 0.00)
		ERT_SEED_CHAIN avg: 0.00, (0.00, 0.00)
	LEARNED_SEED_CHAIN avg: 63.47, (63.72, 63.20)
		SMEM compute avg: 0.00, (0.00, 0.00)
		SAL compute avg: 0.00, (0.00, 0.00)
				MEM_SA avg: 0.00, (0.00, 0.00)

		BSW time, avg: 56.35, (56.48, 56.12)

Important parameter settings: 
	BATCH_SIZE: 512
	MAX_SEQ_LEN_REF: 256
	MAX_SEQ_LEN_QER: 128
	MAX_SEQ_LEN8: 128
	SEEDS_PER_READ: 500
	SIMD_WIDTH8 X: 64
	SIMD_WIDTH16 X: 32
	AVG_SEEDS_PER_READ: 64
