[2023-07-26 12:42:07,937] multiqc                                            [DEBUG  ]  This is MultiQC v1.13
[2023-07-26 12:42:07,940] multiqc                                            [DEBUG  ]  Found command line config: {'max_table_rows': 3000}
[2023-07-26 12:42:07,940] multiqc                                            [DEBUG  ]  New config: {'max_table_rows': 3000}
[2023-07-26 12:42:07,940] multiqc                                            [DEBUG  ]  Command used: /opt/conda/bin/multiqc -v -p -ip -f --data-dir --data-format tsv --cl-config max_table_rows: 3000 --filename 1st_fastp_report --outdir fq_fp1 fq_fp1
[2023-07-26 12:42:08,243] multiqc                                            [WARNING]  MultiQC Version v1.14 now available!
[2023-07-26 12:42:08,243] multiqc                                            [DEBUG  ]  Working dir : /home/e1garcia/shotgun_PIRE/pire_lcwgs_data_processing/spratelloides_delicatulus/2nd_sequencing_run
[2023-07-26 12:42:08,243] multiqc                                            [DEBUG  ]  Template    : default
[2023-07-26 12:42:08,243] multiqc                                            [DEBUG  ]  Running Python 3.9.12 (main, Aug 29 2022, 00:54:58)  [GCC 11.2.0]
[2023-07-26 12:42:08,244] multiqc                                            [DEBUG  ]  Analysing modules: custom_content, ccs, ngsderive, purple, conpair, lima, peddy, somalier, methylQA, mosdepth, phantompeakqualtools, qualimap, preseq, quast, qorts, rna_seqc, rockhopper, rsem, rseqc, busco, bustools, goleft_indexcov, gffcompare, disambiguate, supernova, deeptools, sargasso, verifybamid, mirtrace, happy, mirtop, sambamba, homer, hops, macs2, theta2, snpeff, gatk, htseq, bcftools, featureCounts, fgbio, dragen, dedup, pbmarkdup, damageprofiler, biobambam2, jcvi, mtnucratio, picard, vep, sentieon, prokka, qc3C, nanostat, samblaster, samtools, sexdeterrmine, eigenstratdatabasetools, bamtools, jellyfish, vcftools, longranger, stacks, varscan2, snippy, bbmap, bismark, biscuit, hicexplorer, hicup, hicpro, salmon, kallisto, slamdunk, star, hisat2, tophat, bowtie2, bowtie1, snpsplit, odgi, pangolin, kat, leehom, adapterRemoval, clipandmerge, cutadapt, flexbar, kaiju, kraken, malt, trimmomatic, sickle, skewer, sortmerna, biobloomtools, fastq_screen, afterqc, fastp, fastqc, pychopper, pycoqc, minionqc, multivcfanalyzer, clusterflow, checkqc, bcl2fastq, bclconvert, interop, ivar, flash, seqyclean, optitype, whatshap
[2023-07-26 12:42:08,245] multiqc                                            [DEBUG  ]  Using temporary directory for creating report: /tmp/tmpuc_iphdz
[2023-07-26 12:42:08,443] multiqc                                            [INFO   ]  Search path : /home/e1garcia/shotgun_PIRE/pire_lcwgs_data_processing/spratelloides_delicatulus/2nd_sequencing_run/fq_fp1
[2023-07-26 12:42:30,722] multiqc                                            [DEBUG  ]  Summary of files that were skipped by the search: [skipped_module_specific_max_filesize: 804] // [skipped_no_match: 670] // [skipped_ignore_pattern: 536]
[2023-07-26 12:42:31,823] multiqc.plots.bargraph                             [DEBUG  ]  Using matplotlib version 3.1.2
[2023-07-26 12:42:31,825] multiqc.plots.linegraph                            [DEBUG  ]  Using matplotlib version 3.1.2
[2023-07-26 12:42:31,827] multiqc                                            [DEBUG  ]  No samples found: custom_content
[2023-07-26 12:42:31,866] multiqc.modules.fastp.fastp                        [DEBUG  ]  No insert size plot data: Sde-CMal_019-Ex1-5A-lcwgs-1-1.fastp.json
[2023-07-26 12:42:31,927] multiqc.modules.fastp.fastp                        [DEBUG  ]  No insert size plot data: Sde-ABol_049-Ex1-1E-lcwgs-1-1.fastp.json
[2023-07-26 12:42:31,961] multiqc.modules.fastp.fastp                        [DEBUG  ]  Could not calculate 'pct_surviving' (ZeroDivisionError): Sde-ABol_033-Ex1-9C-lcwgs-1-1.fastp.json
[2023-07-26 12:42:31,961] multiqc.modules.fastp.fastp                        [DEBUG  ]  Could not calculate 'pct_adapter' (ZeroDivisionError): Sde-ABol_033-Ex1-9C-lcwgs-1-1.fastp.json
[2023-07-26 12:42:31,961] multiqc.modules.fastp.fastp                        [DEBUG  ]  No duplication rate plot data: Sde-ABol_033-Ex1-9C-lcwgs-1-1.fastp.json
[2023-07-26 12:42:31,961] multiqc.modules.fastp.fastp                        [DEBUG  ]  No insert size plot data: Sde-ABol_033-Ex1-9C-lcwgs-1-1.fastp.json
[2023-07-26 12:42:31,970] multiqc.modules.fastp.fastp                        [DEBUG  ]  No insert size plot data: Sde-CMal_068-Ex1-2A-lcwgs-1-1.fastp.json
[2023-07-26 12:42:32,009] multiqc.modules.fastp.fastp                        [DEBUG  ]  No insert size plot data: Sde-CMal_016-Ex1-8A-lcwgs-1-1.fastp.json
[2023-07-26 12:42:32,047] multiqc.modules.fastp.fastp                        [DEBUG  ]  Could not calculate 'pct_surviving' (ZeroDivisionError): Sde-ABol_044-Ex1-8D-lcwgs-1-1.fastp.json
[2023-07-26 12:42:32,047] multiqc.modules.fastp.fastp                        [DEBUG  ]  Could not calculate 'pct_adapter' (ZeroDivisionError): Sde-ABol_044-Ex1-8D-lcwgs-1-1.fastp.json
[2023-07-26 12:42:32,047] multiqc.modules.fastp.fastp                        [DEBUG  ]  No duplication rate plot data: Sde-ABol_044-Ex1-8D-lcwgs-1-1.fastp.json
[2023-07-26 12:42:32,047] multiqc.modules.fastp.fastp                        [DEBUG  ]  No insert size plot data: Sde-ABol_044-Ex1-8D-lcwgs-1-1.fastp.json
[2023-07-26 12:42:32,089] multiqc.modules.fastp.fastp                        [DEBUG  ]  Could not calculate 'pct_surviving' (ZeroDivisionError): Sde-ABol_084-Ex1-12G-lcwgs-1-1.fastp.json
[2023-07-26 12:42:32,089] multiqc.modules.fastp.fastp                        [DEBUG  ]  Could not calculate 'pct_adapter' (ZeroDivisionError): Sde-ABol_084-Ex1-12G-lcwgs-1-1.fastp.json
[2023-07-26 12:42:32,089] multiqc.modules.fastp.fastp                        [DEBUG  ]  No duplication rate plot data: Sde-ABol_084-Ex1-12G-lcwgs-1-1.fastp.json
[2023-07-26 12:42:32,089] multiqc.modules.fastp.fastp                        [DEBUG  ]  No insert size plot data: Sde-ABol_084-Ex1-12G-lcwgs-1-1.fastp.json
[2023-07-26 12:42:32,156] multiqc.modules.fastp.fastp                        [DEBUG  ]  Could not calculate 'pct_surviving' (ZeroDivisionError): Sde-ABol_088-Ex1-4H-lcwgs-1-1.fastp.json
[2023-07-26 12:42:32,156] multiqc.modules.fastp.fastp                        [DEBUG  ]  Could not calculate 'pct_adapter' (ZeroDivisionError): Sde-ABol_088-Ex1-4H-lcwgs-1-1.fastp.json
[2023-07-26 12:42:32,156] multiqc.modules.fastp.fastp                        [DEBUG  ]  No duplication rate plot data: Sde-ABol_088-Ex1-4H-lcwgs-1-1.fastp.json
[2023-07-26 12:42:32,157] multiqc.modules.fastp.fastp                        [DEBUG  ]  No insert size plot data: Sde-ABol_088-Ex1-4H-lcwgs-1-1.fastp.json
[2023-07-26 12:42:32,314] multiqc.modules.fastp.fastp                        [DEBUG  ]  No insert size plot data: Sde-CMal_034-Ex1-1A-lcwgs-1-1.fastp.json
[2023-07-26 12:42:32,319] multiqc.modules.fastp.fastp                        [DEBUG  ]  No insert size plot data: Sde-CMal_035-Ex1-3A-lcwgs-1-1.fastp.json
[2023-07-26 12:42:32,382] multiqc.modules.fastp.fastp                        [DEBUG  ]  Could not calculate 'pct_surviving' (ZeroDivisionError): Sde-ABol_090-Ex1-6H-lcwgs-1-1.fastp.json
[2023-07-26 12:42:32,382] multiqc.modules.fastp.fastp                        [DEBUG  ]  Could not calculate 'pct_adapter' (ZeroDivisionError): Sde-ABol_090-Ex1-6H-lcwgs-1-1.fastp.json
[2023-07-26 12:42:32,383] multiqc.modules.fastp.fastp                        [DEBUG  ]  No duplication rate plot data: Sde-ABol_090-Ex1-6H-lcwgs-1-1.fastp.json
[2023-07-26 12:42:32,383] multiqc.modules.fastp.fastp                        [DEBUG  ]  No insert size plot data: Sde-ABol_090-Ex1-6H-lcwgs-1-1.fastp.json
[2023-07-26 12:42:32,420] multiqc.modules.fastp.fastp                        [DEBUG  ]  Could not calculate 'pct_surviving' (ZeroDivisionError): Sde-ABol_054-Ex1-6E-lcwgs-1-1.fastp.json
[2023-07-26 12:42:32,420] multiqc.modules.fastp.fastp                        [DEBUG  ]  Could not calculate 'pct_adapter' (ZeroDivisionError): Sde-ABol_054-Ex1-6E-lcwgs-1-1.fastp.json
[2023-07-26 12:42:32,420] multiqc.modules.fastp.fastp                        [DEBUG  ]  No duplication rate plot data: Sde-ABol_054-Ex1-6E-lcwgs-1-1.fastp.json
[2023-07-26 12:42:32,420] multiqc.modules.fastp.fastp                        [DEBUG  ]  No insert size plot data: Sde-ABol_054-Ex1-6E-lcwgs-1-1.fastp.json
[2023-07-26 12:42:32,449] multiqc.modules.fastp.fastp                        [DEBUG  ]  No insert size plot data: Sde-CMal_042-Ex1-7A-lcwgs-1-1.fastp.json
[2023-07-26 12:42:32,472] multiqc.modules.fastp.fastp                        [DEBUG  ]  Could not calculate 'pct_surviving' (ZeroDivisionError): Sde-ABol_083-Ex1-11G-lcwgs-1-1.fastp.json
[2023-07-26 12:42:32,472] multiqc.modules.fastp.fastp                        [DEBUG  ]  Could not calculate 'pct_adapter' (ZeroDivisionError): Sde-ABol_083-Ex1-11G-lcwgs-1-1.fastp.json
[2023-07-26 12:42:32,472] multiqc.modules.fastp.fastp                        [DEBUG  ]  No duplication rate plot data: Sde-ABol_083-Ex1-11G-lcwgs-1-1.fastp.json
[2023-07-26 12:42:32,472] multiqc.modules.fastp.fastp                        [DEBUG  ]  No insert size plot data: Sde-ABol_083-Ex1-11G-lcwgs-1-1.fastp.json
[2023-07-26 12:42:32,489] multiqc.modules.fastp.fastp                        [DEBUG  ]  Could not calculate 'pct_surviving' (ZeroDivisionError): Sde-ABol_087-Ex1-3H-lcwgs-1-1.fastp.json
[2023-07-26 12:42:32,489] multiqc.modules.fastp.fastp                        [DEBUG  ]  Could not calculate 'pct_adapter' (ZeroDivisionError): Sde-ABol_087-Ex1-3H-lcwgs-1-1.fastp.json
[2023-07-26 12:42:32,489] multiqc.modules.fastp.fastp                        [DEBUG  ]  No duplication rate plot data: Sde-ABol_087-Ex1-3H-lcwgs-1-1.fastp.json
[2023-07-26 12:42:32,489] multiqc.modules.fastp.fastp                        [DEBUG  ]  No insert size plot data: Sde-ABol_087-Ex1-3H-lcwgs-1-1.fastp.json
[2023-07-26 12:42:32,505] multiqc.modules.fastp.fastp                        [INFO   ]  Found 134 reports
[2023-07-26 12:43:21,920] multiqc                                            [INFO   ]  Compressing plot data
[2023-07-26 12:43:31,638] multiqc                                            [INFO   ]  Report      : fq_fp1/1st_fastp_report.html
[2023-07-26 12:43:31,638] multiqc                                            [INFO   ]  Data        : fq_fp1/1st_fastp_report_data
[2023-07-26 12:43:31,638] multiqc                                            [DEBUG  ]  Moving data file from '/tmp/tmpuc_iphdz/multiqc_data' to 'fq_fp1/1st_fastp_report_data'
[2023-07-26 12:43:32,739] multiqc                                            [INFO   ]  Plots       : fq_fp1/1st_fastp_report_plots
[2023-07-26 12:43:32,740] multiqc                                            [DEBUG  ]  Moving plots directory from '/tmp/tmpuc_iphdz/multiqc_plots' to 'fq_fp1/1st_fastp_report_plots'
[2023-07-26 12:43:33,490] multiqc                                            [INFO   ]  MultiQC complete
