mkdir: missing operand
Try 'mkdir --help' for more information.
usage: pcangsd [-h] [--version] [-b FILE] [-p FILE-PREFIX] [-e INT] [-t INT]
               [-o OUTPUT] [--filter FILE] [--filterSites FILE]
               [--plink_error FLOAT] [--minMaf FLOAT] [--maf_iter INT]
               [--maf_tole FLOAT] [--iter INT] [--tole FLOAT] [--hwe FILE]
               [--hwe_tole FLOAT] [--selection] [--snp_weights] [--pcadapt]
               [--selection_e INT] [--inbreedSites] [--inbreedSamples]
               [--inbreed_iter INT] [--inbreed_tole FLOAT] [--geno FLOAT]
               [--genoInbreed FLOAT] [--admix] [--admix_K INT]
               [--admix_iter INT] [--admix_tole FLOAT] [--admix_batch INT]
               [--admix_alpha FLOAT] [--admix_seed INT] [--admix_auto FLOAT]
               [--admix_depth INT] [--tree] [--tree_samples FILE] [--maf_save]
               [--pi_save] [--dosage_save] [--sites_save]
pcangsd: error: argument -o/--out: expected one argument
Traceback (most recent call last):
  File "/usr/local/bin/pcangsd", line 11, in <module>
    load_entry_point('PCAngsd==1.10', 'console_scripts', 'pcangsd')()
  File "/usr/local/lib64/python3.6/site-packages/pcangsd/pcangsd.py", line 160, in main
    assert os.path.isfile(args.beagle), "Beagle file doesn't exist!"
AssertionError: Beagle file doesn't exist!
