preview of orig and new R1 file names...
AdA0300109E_CKDL230025714-1A_225YNFLT3_L3_1.fq.gz Adu-ATag_001-Ex1-9E-lcwgs-1-1.1.fq.gz
AdA0300409H_CKDL230025714-1A_225YNFLT3_L3_1.fq.gz Adu-ATag_004-Ex1-9H-lcwgs-1-1.1.fq.gz
AdA0300510A_CKDL230025714-1A_225YNFLT3_L3_1.fq.gz Adu-ATag_005-Ex1-10A-lcwgs-1-1.1.fq.gz
AdA0300710C_CKDL230025714-1A_225YNFLT3_L3_1.fq.gz Adu-ATag_007-Ex1-10C-lcwgs-1-1.1.fq.gz
AdA0300810D_CKDL230025714-1A_225YNFLT3_L3_1.fq.gz Adu-ATag_008-Ex1-10D-lcwgs-1-1.1.fq.gz
AdA0300910E_CKDL230025714-1A_225YNFLT3_L3_1.fq.gz Adu-ATag_009-Ex1-10E-lcwgs-1-1.1.fq.gz
AdA0301010F_CKDL230025714-1A_225YNFLT3_L3_1.fq.gz Adu-ATag_010-Ex1-10F-lcwgs-1-1.1.fq.gz
AdA0301210H_CKDL230025714-1A_225YNFLT3_L3_1.fq.gz Adu-ATag_012-Ex1-10H-lcwgs-1-1.1.fq.gz
AdA0302612F_CKDL230025714-1A_225YNFLT3_L3_1.fq.gz Adu-ATag_026-Ex1-12F-lcwgs-1-1.1.fq.gz
AdC0703609E_CKDL230025714-1A_225YNFLT3_L3_1.fq.gz Adu-CTaw_036-Ex1-9E-lcwgs-1-1.1.fq.gz
preview of orig and new R2 file names...
AdA0300109E_CKDL230025714-1A_225YNFLT3_L3_2.fq.gz Adu-ATag_001-Ex1-9E-lcwgs-1-1.2.fq.gz
AdA0300409H_CKDL230025714-1A_225YNFLT3_L3_2.fq.gz Adu-ATag_004-Ex1-9H-lcwgs-1-1.2.fq.gz
AdA0300510A_CKDL230025714-1A_225YNFLT3_L3_2.fq.gz Adu-ATag_005-Ex1-10A-lcwgs-1-1.2.fq.gz
AdA0300710C_CKDL230025714-1A_225YNFLT3_L3_2.fq.gz Adu-ATag_007-Ex1-10C-lcwgs-1-1.2.fq.gz
AdA0300810D_CKDL230025714-1A_225YNFLT3_L3_2.fq.gz Adu-ATag_008-Ex1-10D-lcwgs-1-1.2.fq.gz
AdA0300910E_CKDL230025714-1A_225YNFLT3_L3_2.fq.gz Adu-ATag_009-Ex1-10E-lcwgs-1-1.2.fq.gz
AdA0301010F_CKDL230025714-1A_225YNFLT3_L3_2.fq.gz Adu-ATag_010-Ex1-10F-lcwgs-1-1.2.fq.gz
AdA0301210H_CKDL230025714-1A_225YNFLT3_L3_2.fq.gz Adu-ATag_012-Ex1-10H-lcwgs-1-1.2.fq.gz
AdA0302612F_CKDL230025714-1A_225YNFLT3_L3_2.fq.gz Adu-ATag_026-Ex1-12F-lcwgs-1-1.2.fq.gz
AdC0703609E_CKDL230025714-1A_225YNFLT3_L3_2.fq.gz Adu-CTaw_036-Ex1-9E-lcwgs-1-1.2.fq.gz
