Looking to launch executable "/opt/conda/bin/bwa-meme_mode3.avx512bw", simd = _mode3.avx512bw
Launching executable "/opt/conda/bin/bwa-meme_mode3.avx512bw"
-----------------------------
Executing in AVX512 mode!!
-----------------------------
* SA compression enabled with xfactor: 8
* Ref file: reference.genbank.PerMag.fasta
* Entering FMI_search
* Index file found. Loading index from reference.genbank.PerMag.fasta.bwt.2bit.64
* Reference seq len for bi-index = 1505211123
* sentinel-index: 973278332
* Count:
0,	1
1,	449225159
2,	752605562
3,	1055985965
4,	1505211123

* Reading other elements of the index from files reference.genbank.PerMag.fasta
* Index prefix: reference.genbank.PerMag.fasta
* Read 0 ALT contigs
* Done reading Index!!
* Reading reference genome..
* Binary seq file = reference.genbank.PerMag.fasta.0123
* Reference genome size: 1505211122 bp
* Done reading reference genome !!

------------------------------------------
1. Memory pre-allocation for Chaining: 2839.7559 MB
2. Memory pre-allocation for BSW: 4792.3405 MB
3. Memory pre-allocation for BWT: 1546.2835 MB
------------------------------------------
* Threads used (compute): 20
* No. of pipeline threads: 2

[0000] read_chunk: 200000000, work_chunk_size: 200000282, nseq: 1476340
	[0000][ M::kt_pipeline] read 1476340 sequences (200000282 bp)...
[0000] Reallocating initial memory allocations!!
[0000] Calling mem_process_seqs.., task: 0
[0000] 1. Calling kt_for - worker_bwt
[0000] read_chunk: 200000000, work_chunk_size: 200000193, nseq: 1475910
	[0000][ M::kt_pipeline] read 1475910 sequences (200000193 bp)...
[0000] 2. Calling kt_for - worker_aln
[0000] Inferring insert size distribution of PE reads from data, l_pac: 752605561, n: 1476340
[0000][PE] # candidate unique pairs for (FF, FR, RF, RR): (1, 1579, 0, 0)
[0000][PE] skip orientation FF as there are not enough pairs
[0000][PE] analyzing insert size distribution for orientation FR...
[0000][PE] (25, 50, 75) percentile: (24, 63, 152)
[0000][PE] low and high boundaries for computing mean and std.dev: (1, 408)
[0000][PE] mean and std.dev: (99.10, 89.74)
[0000][PE] low and high boundaries for proper pairs: (1, 536)
[0000][PE] skip orientation RF as there are not enough pairs
[0000][PE] skip orientation RR as there are not enough pairs
[0000] 3. Calling kt_for - worker_sam
	[0000][ M::mem_process_seqs] Processed 1476340 reads in 176.793 CPU sec, 8.949 real sec
[0000] Calling mem_process_seqs.., task: 1
[0000] 1. Calling kt_for - worker_bwt
[0000] read_chunk: 200000000, work_chunk_size: 200000225, nseq: 1476028
	[0000][ M::kt_pipeline] read 1476028 sequences (200000225 bp)...
[0000] 2. Calling kt_for - worker_aln
[0000] Inferring insert size distribution of PE reads from data, l_pac: 752605561, n: 1475910
[0000][PE] # candidate unique pairs for (FF, FR, RF, RR): (0, 1678, 0, 0)
[0000][PE] skip orientation FF as there are not enough pairs
[0000][PE] analyzing insert size distribution for orientation FR...
[0000][PE] (25, 50, 75) percentile: (25, 70, 157)
[0000][PE] low and high boundaries for computing mean and std.dev: (1, 421)
[0000][PE] mean and std.dev: (102.50, 89.24)
[0000][PE] low and high boundaries for proper pairs: (1, 553)
[0000][PE] skip orientation RF as there are not enough pairs
[0000][PE] skip orientation RR as there are not enough pairs
[0000] 3. Calling kt_for - worker_sam
	[0000][ M::mem_process_seqs] Processed 1475910 reads in 154.056 CPU sec, 7.516 real sec
[0000] Calling mem_process_seqs.., task: 2
[0000] 1. Calling kt_for - worker_bwt
[0000] read_chunk: 200000000, work_chunk_size: 73348225, nseq: 541578
	[0000][ M::kt_pipeline] read 541578 sequences (73348225 bp)...
[0000] 2. Calling kt_for - worker_aln
[0000] Inferring insert size distribution of PE reads from data, l_pac: 752605561, n: 1476028
[0000][PE] # candidate unique pairs for (FF, FR, RF, RR): (0, 1657, 0, 1)
[0000][PE] skip orientation FF as there are not enough pairs
[0000][PE] analyzing insert size distribution for orientation FR...
[0000][PE] (25, 50, 75) percentile: (24, 61, 149)
[0000][PE] low and high boundaries for computing mean and std.dev: (1, 399)
[0000][PE] mean and std.dev: (96.88, 88.01)
[0000][PE] low and high boundaries for proper pairs: (1, 524)
[0000][PE] skip orientation RF as there are not enough pairs
[0000][PE] skip orientation RR as there are not enough pairs
[0000] 3. Calling kt_for - worker_sam
	[0000][ M::mem_process_seqs] Processed 1476028 reads in 151.022 CPU sec, 7.512 real sec
[0000] Calling mem_process_seqs.., task: 3
[0000] 1. Calling kt_for - worker_bwt
[0000] read_chunk: 200000000, work_chunk_size: 0, nseq: 0
[0000] 2. Calling kt_for - worker_aln
[0000] Inferring insert size distribution of PE reads from data, l_pac: 752605561, n: 541578
[0000][PE] # candidate unique pairs for (FF, FR, RF, RR): (0, 619, 0, 0)
[0000][PE] skip orientation FF as there are not enough pairs
[0000][PE] analyzing insert size distribution for orientation FR...
[0000][PE] (25, 50, 75) percentile: (26, 74, 167)
[0000][PE] low and high boundaries for computing mean and std.dev: (1, 449)
[0000][PE] mean and std.dev: (107.08, 90.59)
[0000][PE] low and high boundaries for proper pairs: (1, 590)
[0000][PE] skip orientation RF as there are not enough pairs
[0000][PE] skip orientation RR as there are not enough pairs
[0000] 3. Calling kt_for - worker_sam
	[0000][ M::mem_process_seqs] Processed 541578 reads in 56.404 CPU sec, 2.939 real sec
[0000] read_chunk: 200000000, work_chunk_size: 0, nseq: 0
[0000] Computation ends..
No. of OMP threads: 20
Processor is running @2394.613664 MHz
Runtime profile:

	Time taken for main_mem function: 39.45 sec

	IO times (sec) :
	Reading IO time (reads) avg: 15.66, (15.66, 15.66)
	Writing IO time (SAM) avg: 2.93, (2.93, 2.93)
	Reading IO time (Reference Genome) avg: 0.93, (0.93, 0.93)
	Index read time avg: 1.76, (1.76, 1.76)

	Overall time (sec) (Excluding Index reading time):
	PROCESS() (Total compute time + (read + SAM) IO time) : 36.33
	MEM_PROCESS_SEQ() (Total compute time (Kernel + SAM)), avg: 26.91, (26.91, 26.91)

	 SAM Processing time (sec):
	--WORKER_SAM avg: 2.66, (2.66, 2.66)

	Kernels' compute time (sec):
	Total kernel (smem+sal+bsw) time avg: 24.17, (24.17, 24.17)
		MEM_ALN_CHAIN_FLT avg: 0.00, (0.00, 0.00)
		MEM_ALN_CHAIN_SEED avg: 0.00, (0.00, 0.00)
		ERT_SEED_CHAIN avg: 0.00, (0.00, 0.00)
	LEARNED_SEED_CHAIN avg: 0.00, (0.00, 0.00)
		SMEM compute avg: 22.02, (22.16, 21.93)
		SAL compute avg: 0.62, (0.69, 0.49)
				MEM_SA avg: 0.52, (0.58, 0.39)

		BSW time, avg: 1.15, (1.16, 1.14)

Important parameter settings: 
	BATCH_SIZE: 512
	MAX_SEQ_LEN_REF: 256
	MAX_SEQ_LEN_QER: 128
	MAX_SEQ_LEN8: 128
	SEEDS_PER_READ: 500
	SIMD_WIDTH8 X: 64
	SIMD_WIDTH16 X: 32
	AVG_SEEDS_PER_READ: 64
