Looking to launch executable "/opt/conda/bin/bwa-meme_mode3.avx512bw", simd = _mode3.avx512bw
Launching executable "/opt/conda/bin/bwa-meme_mode3.avx512bw"
-----------------------------
Executing in AVX512 mode!!
-----------------------------
* SA compression enabled with xfactor: 8
* Ref file: reference.genbank.PerMag.fasta
* Entering FMI_search
* Index file found. Loading index from reference.genbank.PerMag.fasta.bwt.2bit.64
* Reference seq len for bi-index = 1505211123
* sentinel-index: 973278332
* Count:
0,	1
1,	449225159
2,	752605562
3,	1055985965
4,	1505211123

* Reading other elements of the index from files reference.genbank.PerMag.fasta
* Index prefix: reference.genbank.PerMag.fasta
* Read 0 ALT contigs
* Done reading Index!!
* Reading reference genome..
* Binary seq file = reference.genbank.PerMag.fasta.0123
* Reference genome size: 1505211122 bp
* Done reading reference genome !!

------------------------------------------
1. Memory pre-allocation for Chaining: 2839.7559 MB
2. Memory pre-allocation for BSW: 4792.3405 MB
3. Memory pre-allocation for BWT: 1546.2835 MB
------------------------------------------
* Threads used (compute): 20
* No. of pipeline threads: 2

[0000] read_chunk: 200000000, work_chunk_size: 200000289, nseq: 1443492
	[0000][ M::kt_pipeline] read 1443492 sequences (200000289 bp)...
[0000] Reallocating initial memory allocations!!
[0000] Calling mem_process_seqs.., task: 0
[0000] 1. Calling kt_for - worker_bwt
[0000] read_chunk: 200000000, work_chunk_size: 200000128, nseq: 1443354
	[0000][ M::kt_pipeline] read 1443354 sequences (200000128 bp)...
[0000] 2. Calling kt_for - worker_aln
[0000] Inferring insert size distribution of PE reads from data, l_pac: 752605561, n: 1443492
[0000][PE] # candidate unique pairs for (FF, FR, RF, RR): (2, 2319, 0, 1)
[0000][PE] skip orientation FF as there are not enough pairs
[0000][PE] analyzing insert size distribution for orientation FR...
[0000][PE] (25, 50, 75) percentile: (26, 95, 172)
[0000][PE] low and high boundaries for computing mean and std.dev: (1, 464)
[0000][PE] mean and std.dev: (112.98, 87.34)
[0000][PE] low and high boundaries for proper pairs: (1, 610)
[0000][PE] skip orientation RF as there are not enough pairs
[0000][PE] skip orientation RR as there are not enough pairs
[0000] 3. Calling kt_for - worker_sam
	[0000][ M::mem_process_seqs] Processed 1443492 reads in 187.734 CPU sec, 9.550 real sec
[0000] Calling mem_process_seqs.., task: 1
[0000] 1. Calling kt_for - worker_bwt
[0000] read_chunk: 200000000, work_chunk_size: 200000061, nseq: 1443778
	[0000][ M::kt_pipeline] read 1443778 sequences (200000061 bp)...
[0000] 2. Calling kt_for - worker_aln
[0000] Inferring insert size distribution of PE reads from data, l_pac: 752605561, n: 1443354
[0000][PE] # candidate unique pairs for (FF, FR, RF, RR): (1, 2283, 1, 2)
[0000][PE] skip orientation FF as there are not enough pairs
[0000][PE] analyzing insert size distribution for orientation FR...
[0000][PE] (25, 50, 75) percentile: (25, 94, 171)
[0000][PE] low and high boundaries for computing mean and std.dev: (1, 463)
[0000][PE] mean and std.dev: (111.78, 87.00)
[0000][PE] low and high boundaries for proper pairs: (1, 609)
[0000][PE] skip orientation RF as there are not enough pairs
[0000][PE] skip orientation RR as there are not enough pairs
[0000] 3. Calling kt_for - worker_sam
	[0000][ M::mem_process_seqs] Processed 1443354 reads in 191.940 CPU sec, 9.402 real sec
[0000] Reallocating initial memory allocations!!
[0000] Calling mem_process_seqs.., task: 2
[0000] 1. Calling kt_for - worker_bwt
[0000] read_chunk: 200000000, work_chunk_size: 108580151, nseq: 783822
	[0000][ M::kt_pipeline] read 783822 sequences (108580151 bp)...
[0000] 2. Calling kt_for - worker_aln
[0000] Inferring insert size distribution of PE reads from data, l_pac: 752605561, n: 1443778
[0000][PE] # candidate unique pairs for (FF, FR, RF, RR): (2, 2200, 1, 0)
[0000][PE] skip orientation FF as there are not enough pairs
[0000][PE] analyzing insert size distribution for orientation FR...
[0000][PE] (25, 50, 75) percentile: (26, 97, 167)
[0000][PE] low and high boundaries for computing mean and std.dev: (1, 449)
[0000][PE] mean and std.dev: (111.55, 84.54)
[0000][PE] low and high boundaries for proper pairs: (1, 590)
[0000][PE] skip orientation RF as there are not enough pairs
[0000][PE] skip orientation RR as there are not enough pairs
[0000] 3. Calling kt_for - worker_sam
	[0000][ M::mem_process_seqs] Processed 1443778 reads in 180.100 CPU sec, 9.240 real sec
[0000] Calling mem_process_seqs.., task: 3
[0000] 1. Calling kt_for - worker_bwt
[0000] read_chunk: 200000000, work_chunk_size: 0, nseq: 0
[0000] 2. Calling kt_for - worker_aln
[0000] Inferring insert size distribution of PE reads from data, l_pac: 752605561, n: 783822
[0000][PE] # candidate unique pairs for (FF, FR, RF, RR): (0, 1176, 0, 1)
[0000][PE] skip orientation FF as there are not enough pairs
[0000][PE] analyzing insert size distribution for orientation FR...
[0000][PE] (25, 50, 75) percentile: (26, 102, 172)
[0000][PE] low and high boundaries for computing mean and std.dev: (1, 464)
[0000][PE] mean and std.dev: (113.68, 86.48)
[0000][PE] low and high boundaries for proper pairs: (1, 610)
[0000][PE] skip orientation RF as there are not enough pairs
[0000][PE] skip orientation RR as there are not enough pairs
[0000] 3. Calling kt_for - worker_sam
	[0000][ M::mem_process_seqs] Processed 783822 reads in 99.923 CPU sec, 5.085 real sec
[0000] read_chunk: 200000000, work_chunk_size: 0, nseq: 0
[0000] Computation ends..
No. of OMP threads: 20
Processor is running @2394.521248 MHz
Runtime profile:

	Time taken for main_mem function: 47.76 sec

	IO times (sec) :
	Reading IO time (reads) avg: 16.51, (16.51, 16.51)
	Writing IO time (SAM) avg: 4.46, (4.46, 4.46)
	Reading IO time (Reference Genome) avg: 0.95, (0.95, 0.95)
	Index read time avg: 1.80, (1.80, 1.80)

	Overall time (sec) (Excluding Index reading time):
	PROCESS() (Total compute time + (read + SAM) IO time) : 44.71
	MEM_PROCESS_SEQ() (Total compute time (Kernel + SAM)), avg: 33.27, (33.27, 33.27)

	 SAM Processing time (sec):
	--WORKER_SAM avg: 4.07, (4.07, 4.07)

	Kernels' compute time (sec):
	Total kernel (smem+sal+bsw) time avg: 29.09, (29.09, 29.09)
		MEM_ALN_CHAIN_FLT avg: 0.00, (0.00, 0.00)
		MEM_ALN_CHAIN_SEED avg: 0.00, (0.00, 0.00)
		ERT_SEED_CHAIN avg: 0.00, (0.00, 0.00)
	LEARNED_SEED_CHAIN avg: 0.00, (0.00, 0.00)
		SMEM compute avg: 26.48, (26.66, 26.30)
		SAL compute avg: 0.83, (0.95, 0.70)
				MEM_SA avg: 0.67, (0.79, 0.55)

		BSW time, avg: 1.36, (1.37, 1.35)

Important parameter settings: 
	BATCH_SIZE: 512
	MAX_SEQ_LEN_REF: 256
	MAX_SEQ_LEN_QER: 128
	MAX_SEQ_LEN8: 128
	SEEDS_PER_READ: 500
	SIMD_WIDTH8 X: 64
	SIMD_WIDTH16 X: 32
	AVG_SEEDS_PER_READ: 64
