Looking to launch executable "/opt/conda/bin/bwa-meme_mode3.avx512bw", simd = _mode3.avx512bw
Launching executable "/opt/conda/bin/bwa-meme_mode3.avx512bw"
-----------------------------
Executing in AVX512 mode!!
-----------------------------
* SA compression enabled with xfactor: 8
* Ref file: reference.genbank.PerMag.fasta
* Entering FMI_search
* Index file found. Loading index from reference.genbank.PerMag.fasta.bwt.2bit.64
* Reference seq len for bi-index = 1505211123
* sentinel-index: 973278332
* Count:
0,	1
1,	449225159
2,	752605562
3,	1055985965
4,	1505211123

* Reading other elements of the index from files reference.genbank.PerMag.fasta
* Index prefix: reference.genbank.PerMag.fasta
* Read 0 ALT contigs
* Done reading Index!!
* Reading reference genome..
* Binary seq file = reference.genbank.PerMag.fasta.0123
* Reference genome size: 1505211122 bp
* Done reading reference genome !!

------------------------------------------
1. Memory pre-allocation for Chaining: 2839.7559 MB
2. Memory pre-allocation for BSW: 4792.3405 MB
3. Memory pre-allocation for BWT: 1546.2835 MB
------------------------------------------
* Threads used (compute): 20
* No. of pipeline threads: 2

[0000] read_chunk: 200000000, work_chunk_size: 200000259, nseq: 1393332
	[0000][ M::kt_pipeline] read 1393332 sequences (200000259 bp)...
[0000] Reallocating initial memory allocations!!
[0000] Calling mem_process_seqs.., task: 0
[0000] 1. Calling kt_for - worker_bwt
[0000] read_chunk: 200000000, work_chunk_size: 200000287, nseq: 1392238
	[0000][ M::kt_pipeline] read 1392238 sequences (200000287 bp)...
[0000] 2. Calling kt_for - worker_aln
[0000] Inferring insert size distribution of PE reads from data, l_pac: 752605561, n: 1393332
[0000][PE] # candidate unique pairs for (FF, FR, RF, RR): (492, 276951, 179, 458)
[0000][PE] analyzing insert size distribution for orientation FF...
[0000][PE] (25, 50, 75) percentile: (95, 149, 222)
[0000][PE] low and high boundaries for computing mean and std.dev: (1, 476)
[0000][PE] mean and std.dev: (153.13, 82.95)
[0000][PE] low and high boundaries for proper pairs: (1, 603)
[0000][PE] analyzing insert size distribution for orientation FR...
[0000][PE] (25, 50, 75) percentile: (170, 224, 282)
[0000][PE] low and high boundaries for computing mean and std.dev: (1, 506)
[0000][PE] mean and std.dev: (223.59, 80.36)
[0000][PE] low and high boundaries for proper pairs: (1, 618)
[0000][PE] analyzing insert size distribution for orientation RF...
[0000][PE] (25, 50, 75) percentile: (132, 561, 1753)
[0000][PE] low and high boundaries for computing mean and std.dev: (1, 4995)
[0000][PE] mean and std.dev: (941.62, 1127.14)
[0000][PE] low and high boundaries for proper pairs: (1, 6616)
[0000][PE] analyzing insert size distribution for orientation RR...
[0000][PE] (25, 50, 75) percentile: (98, 156, 241)
[0000][PE] low and high boundaries for computing mean and std.dev: (1, 527)
[0000][PE] mean and std.dev: (167.47, 98.08)
[0000][PE] low and high boundaries for proper pairs: (1, 670)
[0000][PE] skip orientation FF
[0000][PE] skip orientation RF
[0000][PE] skip orientation RR
[0000] 3. Calling kt_for - worker_sam
	[0000][ M::mem_process_seqs] Processed 1393332 reads in 1388.250 CPU sec, 72.504 real sec
[0000] Calling mem_process_seqs.., task: 1
[0000] 1. Calling kt_for - worker_bwt
[0000] 2. Calling kt_for - worker_aln
[0000] read_chunk: 200000000, work_chunk_size: 200000249, nseq: 1393858
	[0000][ M::kt_pipeline] read 1393858 sequences (200000249 bp)...
[0000] Inferring insert size distribution of PE reads from data, l_pac: 752605561, n: 1392238
[0000][PE] # candidate unique pairs for (FF, FR, RF, RR): (411, 269161, 173, 465)
[0000][PE] analyzing insert size distribution for orientation FF...
[0000][PE] (25, 50, 75) percentile: (101, 163, 232)
[0000][PE] low and high boundaries for computing mean and std.dev: (1, 494)
[0000][PE] mean and std.dev: (165.62, 89.37)
[0000][PE] low and high boundaries for proper pairs: (1, 625)
[0000][PE] analyzing insert size distribution for orientation FR...
[0000][PE] (25, 50, 75) percentile: (170, 224, 282)
[0000][PE] low and high boundaries for computing mean and std.dev: (1, 506)
[0000][PE] mean and std.dev: (223.51, 80.42)
[0000][PE] low and high boundaries for proper pairs: (1, 618)
[0000][PE] analyzing insert size distribution for orientation RF...
[0000][PE] (25, 50, 75) percentile: (146, 666, 3137)
[0000][PE] low and high boundaries for computing mean and std.dev: (1, 9119)
[0000][PE] mean and std.dev: (1642.24, 1924.75)
[0000][PE] low and high boundaries for proper pairs: (1, 12110)
[0000][PE] analyzing insert size distribution for orientation RR...
[0000][PE] (25, 50, 75) percentile: (100, 151, 236)
[0000][PE] low and high boundaries for computing mean and std.dev: (1, 508)
[0000][PE] mean and std.dev: (159.49, 85.17)
[0000][PE] low and high boundaries for proper pairs: (1, 644)
[0000][PE] skip orientation FF
[0000][PE] skip orientation RF
[0000][PE] skip orientation RR
[0000] 3. Calling kt_for - worker_sam
	[0000][ M::mem_process_seqs] Processed 1392238 reads in 1383.036 CPU sec, 74.571 real sec
[0000] Reallocating initial memory allocations!!
[0000] Calling mem_process_seqs.., task: 2
[0000] 1. Calling kt_for - worker_bwt
[0000] read_chunk: 200000000, work_chunk_size: 200000193, nseq: 1394428
	[0000][ M::kt_pipeline] read 1394428 sequences (200000193 bp)...
[0000] 2. Calling kt_for - worker_aln
[0000] Inferring insert size distribution of PE reads from data, l_pac: 752605561, n: 1393858
[0000][PE] # candidate unique pairs for (FF, FR, RF, RR): (432, 279924, 185, 515)
[0000][PE] analyzing insert size distribution for orientation FF...
[0000][PE] (25, 50, 75) percentile: (100, 151, 220)
[0000][PE] low and high boundaries for computing mean and std.dev: (1, 460)
[0000][PE] mean and std.dev: (153.71, 82.87)
[0000][PE] low and high boundaries for proper pairs: (1, 580)
[0000][PE] analyzing insert size distribution for orientation FR...
[0000][PE] (25, 50, 75) percentile: (170, 224, 282)
[0000][PE] low and high boundaries for computing mean and std.dev: (1, 506)
[0000][PE] mean and std.dev: (223.49, 80.33)
[0000][PE] low and high boundaries for proper pairs: (1, 618)
[0000][PE] analyzing insert size distribution for orientation RF...
[0000][PE] (25, 50, 75) percentile: (153, 625, 2391)
[0000][PE] low and high boundaries for computing mean and std.dev: (1, 6867)
[0000][PE] mean and std.dev: (1307.81, 1533.93)
[0000][PE] low and high boundaries for proper pairs: (1, 9105)
[0000][PE] analyzing insert size distribution for orientation RR...
[0000][PE] (25, 50, 75) percentile: (98, 155, 217)
[0000][PE] low and high boundaries for computing mean and std.dev: (1, 455)
[0000][PE] mean and std.dev: (152.72, 76.90)
[0000][PE] low and high boundaries for proper pairs: (1, 574)
[0000][PE] skip orientation FF
[0000][PE] skip orientation RF
[0000][PE] skip orientation RR
[0000] 3. Calling kt_for - worker_sam
	[0000][ M::mem_process_seqs] Processed 1393858 reads in 1355.683 CPU sec, 69.022 real sec
[0000] Reallocating initial memory allocations!!
[0000] Calling mem_process_seqs.., task: 3
[0000] 1. Calling kt_for - worker_bwt
[0000] read_chunk: 200000000, work_chunk_size: 18096494, nseq: 126138
	[0000][ M::kt_pipeline] read 126138 sequences (18096494 bp)...
[0000] 2. Calling kt_for - worker_aln
[0000] Inferring insert size distribution of PE reads from data, l_pac: 752605561, n: 1394428
[0000][PE] # candidate unique pairs for (FF, FR, RF, RR): (469, 280563, 198, 472)
[0000][PE] analyzing insert size distribution for orientation FF...
[0000][PE] (25, 50, 75) percentile: (100, 159, 233)
[0000][PE] low and high boundaries for computing mean and std.dev: (1, 499)
[0000][PE] mean and std.dev: (159.32, 82.85)
[0000][PE] low and high boundaries for proper pairs: (1, 632)
[0000][PE] analyzing insert size distribution for orientation FR...
[0000][PE] (25, 50, 75) percentile: (170, 224, 282)
[0000][PE] low and high boundaries for computing mean and std.dev: (1, 506)
[0000][PE] mean and std.dev: (223.75, 80.44)
[0000][PE] low and high boundaries for proper pairs: (1, 618)
[0000][PE] analyzing insert size distribution for orientation RF...
[0000][PE] (25, 50, 75) percentile: (121, 422, 2203)
[0000][PE] low and high boundaries for computing mean and std.dev: (1, 6367)
[0000][PE] mean and std.dev: (1026.67, 1312.50)
[0000][PE] low and high boundaries for proper pairs: (1, 8449)
[0000][PE] analyzing insert size distribution for orientation RR...
[0000][PE] (25, 50, 75) percentile: (100, 156, 222)
[0000][PE] low and high boundaries for computing mean and std.dev: (1, 466)
[0000][PE] mean and std.dev: (156.23, 80.01)
[0000][PE] low and high boundaries for proper pairs: (1, 588)
[0000][PE] skip orientation FF
[0000][PE] skip orientation RF
[0000][PE] skip orientation RR
[0000] 3. Calling kt_for - worker_sam
	[0000][ M::mem_process_seqs] Processed 1394428 reads in 1341.038 CPU sec, 67.592 real sec
[0000] Calling mem_process_seqs.., task: 4
[0000] 1. Calling kt_for - worker_bwt
[0000] 2. Calling kt_for - worker_aln
[0000] Inferring insert size distribution of PE reads from data, l_pac: 752605561, n: 126138
[0000][PE] # candidate unique pairs for (FF, FR, RF, RR): (37, 24585, 15, 51)
[0000][PE] analyzing insert size distribution for orientation FF...
[0000][PE] (25, 50, 75) percentile: (110, 165, 231)
[0000][PE] low and high boundaries for computing mean and std.dev: (1, 473)
[0000][PE] mean and std.dev: (155.56, 76.60)
[0000][PE] low and high boundaries for proper pairs: (1, 594)
[0000][PE] analyzing insert size distribution for orientation FR...
[0000][PE] (25, 50, 75) percentile: (170, 224, 282)
[0000][PE] low and high boundaries for computing mean and std.dev: (1, 506)
[0000][PE] mean and std.dev: (223.64, 80.53)
[0000][PE] low and high boundaries for proper pairs: (1, 618)
[0000][PE] analyzing insert size distribution for orientation RF...
[0000][PE] (25, 50, 75) percentile: (69, 225, 1219)
[0000][PE] low and high boundaries for computing mean and std.dev: (1, 3519)
[0000][PE] mean and std.dev: (655.93, 795.08)
[0000][PE] low and high boundaries for proper pairs: (1, 4669)
[0000][PE] analyzing insert size distribution for orientation RR...
[0000][PE] (25, 50, 75) percentile: (107, 126, 189)
[0000][PE] low and high boundaries for computing mean and std.dev: (1, 353)
[0000][PE] mean and std.dev: (139.42, 68.17)
[0000][PE] low and high boundaries for proper pairs: (1, 435)
[0000][PE] skip orientation FF
[0000][PE] skip orientation RF
[0000][PE] skip orientation RR
[0000] 3. Calling kt_for - worker_sam
[0000] read_chunk: 200000000, work_chunk_size: 0, nseq: 0
	[0000][ M::mem_process_seqs] Processed 126138 reads in 139.480 CPU sec, 7.027 real sec
[0000] read_chunk: 200000000, work_chunk_size: 0, nseq: 0
[0000] Computation ends..
No. of OMP threads: 20
Processor is running @2394.620812 MHz
Runtime profile:

	Time taken for main_mem function: 308.43 sec

	IO times (sec) :
	Reading IO time (reads) avg: 20.02, (20.02, 20.02)
	Writing IO time (SAM) avg: 37.04, (37.04, 37.04)
	Reading IO time (Reference Genome) avg: 0.96, (0.96, 0.96)
	Index read time avg: 1.86, (1.86, 1.86)

	Overall time (sec) (Excluding Index reading time):
	PROCESS() (Total compute time + (read + SAM) IO time) : 305.21
	MEM_PROCESS_SEQ() (Total compute time (Kernel + SAM)), avg: 290.68, (290.68, 290.68)

	 SAM Processing time (sec):
	--WORKER_SAM avg: 170.92, (170.92, 170.92)

	Kernels' compute time (sec):
	Total kernel (smem+sal+bsw) time avg: 116.55, (116.55, 116.55)
		MEM_ALN_CHAIN_FLT avg: 0.00, (0.00, 0.00)
		MEM_ALN_CHAIN_SEED avg: 0.00, (0.00, 0.00)
		ERT_SEED_CHAIN avg: 0.00, (0.00, 0.00)
	LEARNED_SEED_CHAIN avg: 0.00, (0.00, 0.00)
		SMEM compute avg: 39.03, (39.48, 38.45)
		SAL compute avg: 11.10, (11.39, 10.83)
				MEM_SA avg: 5.99, (6.12, 5.83)

		BSW time, avg: 59.38, (59.71, 59.19)

Important parameter settings: 
	BATCH_SIZE: 512
	MAX_SEQ_LEN_REF: 256
	MAX_SEQ_LEN_QER: 128
	MAX_SEQ_LEN8: 128
	SEEDS_PER_READ: 500
	SIMD_WIDTH8 X: 64
	SIMD_WIDTH16 X: 32
	AVG_SEEDS_PER_READ: 64
