Looking to launch executable "/opt/conda/bin/bwa-meme_mode3.avx512bw", simd = _mode3.avx512bw
Launching executable "/opt/conda/bin/bwa-meme_mode3.avx512bw"
-----------------------------
Executing in AVX512 mode!!
-----------------------------
* SA compression enabled with xfactor: 8
* Ref file: reference.genbank.PerMag.fasta
* Entering FMI_search
* Index file found. Loading index from reference.genbank.PerMag.fasta.bwt.2bit.64
* Reference seq len for bi-index = 1505211123
* sentinel-index: 973278332
* Count:
0,	1
1,	449225159
2,	752605562
3,	1055985965
4,	1505211123

* Reading other elements of the index from files reference.genbank.PerMag.fasta
* Index prefix: reference.genbank.PerMag.fasta
* Read 0 ALT contigs
* Done reading Index!!
* Reading reference genome..
* Binary seq file = reference.genbank.PerMag.fasta.0123
* Reference genome size: 1505211122 bp
* Done reading reference genome !!

------------------------------------------
1. Memory pre-allocation for Chaining: 2839.7559 MB
2. Memory pre-allocation for BSW: 4792.3405 MB
3. Memory pre-allocation for BWT: 1546.2835 MB
------------------------------------------
* Threads used (compute): 20
* No. of pipeline threads: 2

[0000] read_chunk: 200000000, work_chunk_size: 23041822, nseq: 172256
	[0000][ M::kt_pipeline] read 172256 sequences (23041822 bp)...
[0000] Calling mem_process_seqs.., task: 0
[0000] 1. Calling kt_for - worker_bwt
[0000] read_chunk: 200000000, work_chunk_size: 0, nseq: 0
[0000] 2. Calling kt_for - worker_aln
[0000] Inferring insert size distribution of PE reads from data, l_pac: 752605561, n: 172256
[0000][PE] # candidate unique pairs for (FF, FR, RF, RR): (14, 22822, 15, 10)
[0000][PE] analyzing insert size distribution for orientation FF...
[0000][PE] (25, 50, 75) percentile: (107, 154, 183)
[0000][PE] low and high boundaries for computing mean and std.dev: (1, 335)
[0000][PE] mean and std.dev: (133.67, 40.27)
[0000][PE] low and high boundaries for proper pairs: (1, 411)
[0000][PE] analyzing insert size distribution for orientation FR...
[0000][PE] (25, 50, 75) percentile: (104, 164, 233)
[0000][PE] low and high boundaries for computing mean and std.dev: (1, 491)
[0000][PE] mean and std.dev: (172.15, 86.16)
[0000][PE] low and high boundaries for proper pairs: (1, 620)
[0000][PE] analyzing insert size distribution for orientation RF...
[0000][PE] (25, 50, 75) percentile: (98, 421, 2859)
[0000][PE] low and high boundaries for computing mean and std.dev: (1, 8381)
[0000][PE] mean and std.dev: (730.77, 1014.57)
[0000][PE] low and high boundaries for proper pairs: (1, 11142)
[0000][PE] analyzing insert size distribution for orientation RR...
[0000][PE] (25, 50, 75) percentile: (176, 224, 242)
[0000][PE] low and high boundaries for computing mean and std.dev: (44, 374)
[0000][PE] mean and std.dev: (170.00, 67.72)
[0000][PE] low and high boundaries for proper pairs: (1, 441)
[0000][PE] skip orientation FF
[0000][PE] skip orientation RF
[0000][PE] skip orientation RR
[0000] 3. Calling kt_for - worker_sam
	[0000][ M::mem_process_seqs] Processed 172256 reads in 108.080 CPU sec, 5.647 real sec
[0000] read_chunk: 200000000, work_chunk_size: 0, nseq: 0
[0000] Computation ends..
No. of OMP threads: 20
Processor is running @2394.622110 MHz
Runtime profile:

	Time taken for main_mem function: 11.76 sec

	IO times (sec) :
	Reading IO time (reads) avg: 0.61, (0.61, 0.61)
	Writing IO time (SAM) avg: 0.38, (0.38, 0.38)
	Reading IO time (Reference Genome) avg: 0.94, (0.94, 0.94)
	Index read time avg: 1.75, (1.75, 1.75)

	Overall time (sec) (Excluding Index reading time):
	PROCESS() (Total compute time + (read + SAM) IO time) : 8.72
	MEM_PROCESS_SEQ() (Total compute time (Kernel + SAM)), avg: 5.65, (5.65, 5.65)

	 SAM Processing time (sec):
	--WORKER_SAM avg: 2.69, (2.69, 2.69)

	Kernels' compute time (sec):
	Total kernel (smem+sal+bsw) time avg: 2.95, (2.95, 2.95)
		MEM_ALN_CHAIN_FLT avg: 0.00, (0.00, 0.00)
		MEM_ALN_CHAIN_SEED avg: 0.00, (0.00, 0.00)
		ERT_SEED_CHAIN avg: 0.00, (0.00, 0.00)
	LEARNED_SEED_CHAIN avg: 0.00, (0.00, 0.00)
		SMEM compute avg: 1.33, (1.40, 1.27)
		SAL compute avg: 0.28, (0.36, 0.21)
				MEM_SA avg: 0.20, (0.28, 0.13)

		BSW time, avg: 1.14, (1.17, 1.11)

Important parameter settings: 
	BATCH_SIZE: 512
	MAX_SEQ_LEN_REF: 256
	MAX_SEQ_LEN_QER: 128
	MAX_SEQ_LEN8: 128
	SEEDS_PER_READ: 500
	SIMD_WIDTH8 X: 64
	SIMD_WIDTH16 X: 32
	AVG_SEEDS_PER_READ: 64
