Looking to launch executable "/opt/conda/bin/bwa-meme_mode3.avx512bw", simd = _mode3.avx512bw
Launching executable "/opt/conda/bin/bwa-meme_mode3.avx512bw"
-----------------------------
Executing in AVX512 mode!!
-----------------------------
* SA compression enabled with xfactor: 8
* Ref file: reference.genbank.PerMag.fasta
* Entering FMI_search
* Index file found. Loading index from reference.genbank.PerMag.fasta.bwt.2bit.64
* Reference seq len for bi-index = 1505211123
* sentinel-index: 973278332
* Count:
0,	1
1,	449225159
2,	752605562
3,	1055985965
4,	1505211123

* Reading other elements of the index from files reference.genbank.PerMag.fasta
* Index prefix: reference.genbank.PerMag.fasta
* Read 0 ALT contigs
* Done reading Index!!
* Reading reference genome..
* Binary seq file = reference.genbank.PerMag.fasta.0123
* Reference genome size: 1505211122 bp
* Done reading reference genome !!

------------------------------------------
1. Memory pre-allocation for Chaining: 2839.7559 MB
2. Memory pre-allocation for BSW: 4792.3405 MB
3. Memory pre-allocation for BWT: 1546.2835 MB
------------------------------------------
* Threads used (compute): 20
* No. of pipeline threads: 2

[0000] read_chunk: 200000000, work_chunk_size: 200000162, nseq: 1404660
	[0000][ M::kt_pipeline] read 1404660 sequences (200000162 bp)...
[0000] Reallocating initial memory allocations!!
[0000] read_chunk: 200000000, work_chunk_size: 40804670, nseq: 286712
	[0000][ M::kt_pipeline] read 286712 sequences (40804670 bp)...
[0000] Calling mem_process_seqs.., task: 0
[0000] 1. Calling kt_for - worker_bwt
[0000] 2. Calling kt_for - worker_aln
[0000] Inferring insert size distribution of PE reads from data, l_pac: 752605561, n: 1404660
[0000][PE] # candidate unique pairs for (FF, FR, RF, RR): (202, 289573, 150, 198)
[0000][PE] analyzing insert size distribution for orientation FF...
[0000][PE] (25, 50, 75) percentile: (103, 147, 216)
[0000][PE] low and high boundaries for computing mean and std.dev: (1, 442)
[0000][PE] mean and std.dev: (153.18, 70.45)
[0000][PE] low and high boundaries for proper pairs: (1, 555)
[0000][PE] analyzing insert size distribution for orientation FR...
[0000][PE] (25, 50, 75) percentile: (149, 203, 263)
[0000][PE] low and high boundaries for computing mean and std.dev: (1, 491)
[0000][PE] mean and std.dev: (205.70, 80.58)
[0000][PE] low and high boundaries for proper pairs: (1, 605)
[0000][PE] analyzing insert size distribution for orientation RF...
[0000][PE] (25, 50, 75) percentile: (159, 517, 1979)
[0000][PE] low and high boundaries for computing mean and std.dev: (1, 5619)
[0000][PE] mean and std.dev: (980.64, 1159.98)
[0000][PE] low and high boundaries for proper pairs: (1, 7439)
[0000][PE] analyzing insert size distribution for orientation RR...
[0000][PE] (25, 50, 75) percentile: (111, 167, 231)
[0000][PE] low and high boundaries for computing mean and std.dev: (1, 471)
[0000][PE] mean and std.dev: (167.68, 80.45)
[0000][PE] low and high boundaries for proper pairs: (1, 591)
[0000][PE] skip orientation FF
[0000][PE] skip orientation RF
[0000][PE] skip orientation RR
[0000] 3. Calling kt_for - worker_sam
	[0000][ M::mem_process_seqs] Processed 1404660 reads in 1270.129 CPU sec, 65.327 real sec
[0000] Calling mem_process_seqs.., task: 1
[0000] 1. Calling kt_for - worker_bwt
[0000] 2. Calling kt_for - worker_aln
[0000] Inferring insert size distribution of PE reads from data, l_pac: 752605561, n: 286712
[0000][PE] # candidate unique pairs for (FF, FR, RF, RR): (32, 59154, 35, 44)
[0000][PE] analyzing insert size distribution for orientation FF...
[0000][PE] (25, 50, 75) percentile: (128, 169, 244)
[0000][PE] low and high boundaries for computing mean and std.dev: (1, 476)
[0000][PE] mean and std.dev: (167.48, 78.44)
[0000][PE] low and high boundaries for proper pairs: (1, 592)
[0000][PE] analyzing insert size distribution for orientation FR...
[0000][PE] (25, 50, 75) percentile: (149, 203, 263)
[0000][PE] low and high boundaries for computing mean and std.dev: (1, 491)
[0000][PE] mean and std.dev: (205.53, 80.79)
[0000][PE] low and high boundaries for proper pairs: (1, 605)
[0000][PE] analyzing insert size distribution for orientation RF...
[0000][PE] (25, 50, 75) percentile: (148, 508, 2253)
[0000][PE] low and high boundaries for computing mean and std.dev: (1, 6463)
[0000][PE] mean and std.dev: (982.47, 1131.71)
[0000][PE] low and high boundaries for proper pairs: (1, 8568)
[0000][PE] analyzing insert size distribution for orientation RR...
[0000][PE] (25, 50, 75) percentile: (121, 189, 241)
[0000][PE] low and high boundaries for computing mean and std.dev: (1, 481)
[0000][PE] mean and std.dev: (172.10, 76.17)
[0000][PE] low and high boundaries for proper pairs: (1, 601)
[0000][PE] skip orientation FF
[0000][PE] skip orientation RF
[0000][PE] skip orientation RR
[0000] 3. Calling kt_for - worker_sam
[0000] read_chunk: 200000000, work_chunk_size: 0, nseq: 0
	[0000][ M::mem_process_seqs] Processed 286712 reads in 268.633 CPU sec, 14.573 real sec
[0000] read_chunk: 200000000, work_chunk_size: 0, nseq: 0
[0000] Computation ends..
No. of OMP threads: 20
Processor is running @2394.498212 MHz
Runtime profile:

	Time taken for main_mem function: 92.71 sec

	IO times (sec) :
	Reading IO time (reads) avg: 5.50, (5.50, 5.50)
	Writing IO time (SAM) avg: 10.05, (10.05, 10.05)
	Reading IO time (Reference Genome) avg: 0.92, (0.92, 0.92)
	Index read time avg: 1.80, (1.80, 1.80)

	Overall time (sec) (Excluding Index reading time):
	PROCESS() (Total compute time + (read + SAM) IO time) : 89.70
	MEM_PROCESS_SEQ() (Total compute time (Kernel + SAM)), avg: 79.90, (79.90, 79.90)

	 SAM Processing time (sec):
	--WORKER_SAM avg: 45.04, (45.04, 45.04)

	Kernels' compute time (sec):
	Total kernel (smem+sal+bsw) time avg: 34.15, (34.15, 34.15)
		MEM_ALN_CHAIN_FLT avg: 0.00, (0.00, 0.00)
		MEM_ALN_CHAIN_SEED avg: 0.00, (0.00, 0.00)
		ERT_SEED_CHAIN avg: 0.00, (0.00, 0.00)
	LEARNED_SEED_CHAIN avg: 0.00, (0.00, 0.00)
		SMEM compute avg: 11.80, (11.94, 11.65)
		SAL compute avg: 3.09, (3.19, 2.94)
				MEM_SA avg: 1.76, (1.88, 1.63)

		BSW time, avg: 17.21, (17.36, 17.10)

Important parameter settings: 
	BATCH_SIZE: 512
	MAX_SEQ_LEN_REF: 256
	MAX_SEQ_LEN_QER: 128
	MAX_SEQ_LEN8: 128
	SEEDS_PER_READ: 500
	SIMD_WIDTH8 X: 64
	SIMD_WIDTH16 X: 32
	AVG_SEEDS_PER_READ: 64
