Looking to launch executable "/opt/conda/bin/bwa-meme_mode3.avx512bw", simd = _mode3.avx512bw
Launching executable "/opt/conda/bin/bwa-meme_mode3.avx512bw"
-----------------------------
Executing in AVX512 mode!!
-----------------------------
* SA compression enabled with xfactor: 8
* Ref file: reference.genbank.PerMag.fasta
* Entering FMI_search
* Index file found. Loading index from reference.genbank.PerMag.fasta.bwt.2bit.64
* Reference seq len for bi-index = 1505211123
* sentinel-index: 973278332
* Count:
0,	1
1,	449225159
2,	752605562
3,	1055985965
4,	1505211123

* Reading other elements of the index from files reference.genbank.PerMag.fasta
* Index prefix: reference.genbank.PerMag.fasta
* Read 0 ALT contigs
* Done reading Index!!
* Reading reference genome..
* Binary seq file = reference.genbank.PerMag.fasta.0123
* Reference genome size: 1505211122 bp
* Done reading reference genome !!

------------------------------------------
1. Memory pre-allocation for Chaining: 2839.7559 MB
2. Memory pre-allocation for BSW: 4792.3405 MB
3. Memory pre-allocation for BWT: 1546.2835 MB
------------------------------------------
* Threads used (compute): 20
* No. of pipeline threads: 2

[0000] read_chunk: 200000000, work_chunk_size: 200000201, nseq: 1466598
	[0000][ M::kt_pipeline] read 1466598 sequences (200000201 bp)...
[0000] Reallocating initial memory allocations!!
[0000] Calling mem_process_seqs.., task: 0
[0000] 1. Calling kt_for - worker_bwt
[0000] read_chunk: 200000000, work_chunk_size: 200000279, nseq: 1466338
	[0000][ M::kt_pipeline] read 1466338 sequences (200000279 bp)...
[0000] 2. Calling kt_for - worker_aln
[0000] Inferring insert size distribution of PE reads from data, l_pac: 752605561, n: 1466598
[0000][PE] # candidate unique pairs for (FF, FR, RF, RR): (184, 307221, 172, 163)
[0000][PE] analyzing insert size distribution for orientation FF...
[0000][PE] (25, 50, 75) percentile: (117, 159, 254)
[0000][PE] low and high boundaries for computing mean and std.dev: (1, 528)
[0000][PE] mean and std.dev: (170.82, 79.95)
[0000][PE] low and high boundaries for proper pairs: (1, 665)
[0000][PE] analyzing insert size distribution for orientation FR...
[0000][PE] (25, 50, 75) percentile: (127, 194, 260)
[0000][PE] low and high boundaries for computing mean and std.dev: (1, 526)
[0000][PE] mean and std.dev: (194.80, 88.51)
[0000][PE] low and high boundaries for proper pairs: (1, 659)
[0000][PE] analyzing insert size distribution for orientation RF...
[0000][PE] (25, 50, 75) percentile: (139, 496, 1790)
[0000][PE] low and high boundaries for computing mean and std.dev: (1, 5092)
[0000][PE] mean and std.dev: (842.44, 1016.15)
[0000][PE] low and high boundaries for proper pairs: (1, 6743)
[0000][PE] analyzing insert size distribution for orientation RR...
[0000][PE] (25, 50, 75) percentile: (127, 168, 236)
[0000][PE] low and high boundaries for computing mean and std.dev: (1, 454)
[0000][PE] mean and std.dev: (163.02, 75.38)
[0000][PE] low and high boundaries for proper pairs: (1, 563)
[0000][PE] skip orientation FF
[0000][PE] skip orientation RF
[0000][PE] skip orientation RR
[0000] 3. Calling kt_for - worker_sam
	[0000][ M::mem_process_seqs] Processed 1466598 reads in 1267.184 CPU sec, 66.857 real sec
[0000] Calling mem_process_seqs.., task: 1
[0000] 1. Calling kt_for - worker_bwt
[0000] 2. Calling kt_for - worker_aln
[0000] read_chunk: 200000000, work_chunk_size: 200000057, nseq: 1460472
	[0000][ M::kt_pipeline] read 1460472 sequences (200000057 bp)...
[0000] Inferring insert size distribution of PE reads from data, l_pac: 752605561, n: 1466338
[0000][PE] # candidate unique pairs for (FF, FR, RF, RR): (188, 304678, 142, 184)
[0000][PE] analyzing insert size distribution for orientation FF...
[0000][PE] (25, 50, 75) percentile: (94, 158, 238)
[0000][PE] low and high boundaries for computing mean and std.dev: (1, 526)
[0000][PE] mean and std.dev: (155.86, 85.22)
[0000][PE] low and high boundaries for proper pairs: (1, 670)
[0000][PE] analyzing insert size distribution for orientation FR...
[0000][PE] (25, 50, 75) percentile: (127, 194, 261)
[0000][PE] low and high boundaries for computing mean and std.dev: (1, 529)
[0000][PE] mean and std.dev: (195.02, 88.71)
[0000][PE] low and high boundaries for proper pairs: (1, 663)
[0000][PE] analyzing insert size distribution for orientation RF...
[0000][PE] (25, 50, 75) percentile: (115, 486, 1746)
[0000][PE] low and high boundaries for computing mean and std.dev: (1, 5008)
[0000][PE] mean and std.dev: (939.62, 1151.13)
[0000][PE] low and high boundaries for proper pairs: (1, 6639)
[0000][PE] analyzing insert size distribution for orientation RR...
[0000][PE] (25, 50, 75) percentile: (112, 161, 225)
[0000][PE] low and high boundaries for computing mean and std.dev: (1, 451)
[0000][PE] mean and std.dev: (157.77, 75.10)
[0000][PE] low and high boundaries for proper pairs: (1, 564)
[0000][PE] skip orientation FF
[0000][PE] skip orientation RF
[0000][PE] skip orientation RR
[0000] 3. Calling kt_for - worker_sam
	[0000][ M::mem_process_seqs] Processed 1466338 reads in 1238.977 CPU sec, 63.874 real sec
[0000] Calling mem_process_seqs.., task: 2
[0000] 1. Calling kt_for - worker_bwt
[0000] 2. Calling kt_for - worker_aln
[0000] read_chunk: 200000000, work_chunk_size: 200000129, nseq: 1466218
	[0000][ M::kt_pipeline] read 1466218 sequences (200000129 bp)...
[0000] Inferring insert size distribution of PE reads from data, l_pac: 752605561, n: 1460472
[0000][PE] # candidate unique pairs for (FF, FR, RF, RR): (193, 291856, 167, 170)
[0000][PE] analyzing insert size distribution for orientation FF...
[0000][PE] (25, 50, 75) percentile: (124, 179, 269)
[0000][PE] low and high boundaries for computing mean and std.dev: (1, 559)
[0000][PE] mean and std.dev: (178.98, 89.59)
[0000][PE] low and high boundaries for proper pairs: (1, 704)
[0000][PE] analyzing insert size distribution for orientation FR...
[0000][PE] (25, 50, 75) percentile: (126, 194, 260)
[0000][PE] low and high boundaries for computing mean and std.dev: (1, 528)
[0000][PE] mean and std.dev: (194.63, 89.03)
[0000][PE] low and high boundaries for proper pairs: (1, 662)
[0000][PE] analyzing insert size distribution for orientation RF...
[0000][PE] (25, 50, 75) percentile: (159, 511, 2671)
[0000][PE] low and high boundaries for computing mean and std.dev: (1, 7695)
[0000][PE] mean and std.dev: (1434.03, 1848.90)
[0000][PE] low and high boundaries for proper pairs: (1, 10207)
[0000][PE] analyzing insert size distribution for orientation RR...
[0000][PE] (25, 50, 75) percentile: (112, 159, 241)
[0000][PE] low and high boundaries for computing mean and std.dev: (1, 499)
[0000][PE] mean and std.dev: (162.17, 85.83)
[0000][PE] low and high boundaries for proper pairs: (1, 628)
[0000][PE] skip orientation FF
[0000][PE] skip orientation RF
[0000][PE] skip orientation RR
[0000] 3. Calling kt_for - worker_sam
	[0000][ M::mem_process_seqs] Processed 1460472 reads in 1242.822 CPU sec, 64.100 real sec
[0000] Calling mem_process_seqs.., task: 3
[0000] 1. Calling kt_for - worker_bwt
[0000] read_chunk: 200000000, work_chunk_size: 200000125, nseq: 1466234
	[0000][ M::kt_pipeline] read 1466234 sequences (200000125 bp)...
[0000] 2. Calling kt_for - worker_aln
[0000] Inferring insert size distribution of PE reads from data, l_pac: 752605561, n: 1466218
[0000][PE] # candidate unique pairs for (FF, FR, RF, RR): (183, 304412, 194, 173)
[0000][PE] analyzing insert size distribution for orientation FF...
[0000][PE] (25, 50, 75) percentile: (97, 153, 219)
[0000][PE] low and high boundaries for computing mean and std.dev: (1, 463)
[0000][PE] mean and std.dev: (149.18, 72.25)
[0000][PE] low and high boundaries for proper pairs: (1, 585)
[0000][PE] analyzing insert size distribution for orientation FR...
[0000][PE] (25, 50, 75) percentile: (127, 194, 261)
[0000][PE] low and high boundaries for computing mean and std.dev: (1, 529)
[0000][PE] mean and std.dev: (195.23, 88.77)
[0000][PE] low and high boundaries for proper pairs: (1, 663)
[0000][PE] analyzing insert size distribution for orientation RF...
[0000][PE] (25, 50, 75) percentile: (100, 292, 2301)
[0000][PE] low and high boundaries for computing mean and std.dev: (1, 6703)
[0000][PE] mean and std.dev: (1086.93, 1431.34)
[0000][PE] low and high boundaries for proper pairs: (1, 8904)
[0000][PE] analyzing insert size distribution for orientation RR...
[0000][PE] (25, 50, 75) percentile: (114, 165, 251)
[0000][PE] low and high boundaries for computing mean and std.dev: (1, 525)
[0000][PE] mean and std.dev: (170.34, 86.82)
[0000][PE] low and high boundaries for proper pairs: (1, 662)
[0000][PE] skip orientation FF
[0000][PE] skip orientation RF
[0000][PE] skip orientation RR
[0000] 3. Calling kt_for - worker_sam
	[0000][ M::mem_process_seqs] Processed 1466218 reads in 1254.490 CPU sec, 63.546 real sec
[0000] Calling mem_process_seqs.., task: 4
[0000] 1. Calling kt_for - worker_bwt
[0000] read_chunk: 200000000, work_chunk_size: 200000117, nseq: 1467888
	[0000][ M::kt_pipeline] read 1467888 sequences (200000117 bp)...
[0000] 2. Calling kt_for - worker_aln
[0000] Inferring insert size distribution of PE reads from data, l_pac: 752605561, n: 1466234
[0000][PE] # candidate unique pairs for (FF, FR, RF, RR): (166, 307570, 143, 179)
[0000][PE] analyzing insert size distribution for orientation FF...
[0000][PE] (25, 50, 75) percentile: (112, 171, 261)
[0000][PE] low and high boundaries for computing mean and std.dev: (1, 559)
[0000][PE] mean and std.dev: (170.82, 93.57)
[0000][PE] low and high boundaries for proper pairs: (1, 708)
[0000][PE] analyzing insert size distribution for orientation FR...
[0000][PE] (25, 50, 75) percentile: (127, 194, 261)
[0000][PE] low and high boundaries for computing mean and std.dev: (1, 529)
[0000][PE] mean and std.dev: (195.18, 88.87)
[0000][PE] low and high boundaries for proper pairs: (1, 663)
[0000][PE] analyzing insert size distribution for orientation RF...
[0000][PE] (25, 50, 75) percentile: (164, 545, 1967)
[0000][PE] low and high boundaries for computing mean and std.dev: (1, 5573)
[0000][PE] mean and std.dev: (1154.41, 1373.84)
[0000][PE] low and high boundaries for proper pairs: (1, 7376)
[0000][PE] analyzing insert size distribution for orientation RR...
[0000][PE] (25, 50, 75) percentile: (113, 170, 257)
[0000][PE] low and high boundaries for computing mean and std.dev: (1, 545)
[0000][PE] mean and std.dev: (173.95, 95.54)
[0000][PE] low and high boundaries for proper pairs: (1, 689)
[0000][PE] skip orientation FF
[0000][PE] skip orientation RF
[0000][PE] skip orientation RR
[0000] 3. Calling kt_for - worker_sam
	[0000][ M::mem_process_seqs] Processed 1466234 reads in 1245.706 CPU sec, 63.080 real sec
[0000] Reallocating initial memory allocations!!
[0000] Calling mem_process_seqs.., task: 5
[0000] 1. Calling kt_for - worker_bwt
[0000] read_chunk: 200000000, work_chunk_size: 168538945, nseq: 1235946
	[0000][ M::kt_pipeline] read 1235946 sequences (168538945 bp)...
[0000] 2. Calling kt_for - worker_aln
[0000] Inferring insert size distribution of PE reads from data, l_pac: 752605561, n: 1467888
[0000][PE] # candidate unique pairs for (FF, FR, RF, RR): (192, 304525, 173, 177)
[0000][PE] analyzing insert size distribution for orientation FF...
[0000][PE] (25, 50, 75) percentile: (112, 187, 256)
[0000][PE] low and high boundaries for computing mean and std.dev: (1, 544)
[0000][PE] mean and std.dev: (173.76, 87.82)
[0000][PE] low and high boundaries for proper pairs: (1, 688)
[0000][PE] analyzing insert size distribution for orientation FR...
[0000][PE] (25, 50, 75) percentile: (127, 193, 260)
[0000][PE] low and high boundaries for computing mean and std.dev: (1, 526)
[0000][PE] mean and std.dev: (194.64, 88.49)
[0000][PE] low and high boundaries for proper pairs: (1, 659)
[0000][PE] analyzing insert size distribution for orientation RF...
[0000][PE] (25, 50, 75) percentile: (127, 420, 1585)
[0000][PE] low and high boundaries for computing mean and std.dev: (1, 4501)
[0000][PE] mean and std.dev: (843.01, 1035.88)
[0000][PE] low and high boundaries for proper pairs: (1, 5959)
[0000][PE] analyzing insert size distribution for orientation RR...
[0000][PE] (25, 50, 75) percentile: (101, 156, 232)
[0000][PE] low and high boundaries for computing mean and std.dev: (1, 494)
[0000][PE] mean and std.dev: (156.81, 82.14)
[0000][PE] low and high boundaries for proper pairs: (1, 625)
[0000][PE] skip orientation FF
[0000][PE] skip orientation RF
[0000][PE] skip orientation RR
[0000] 3. Calling kt_for - worker_sam
	[0000][ M::mem_process_seqs] Processed 1467888 reads in 1260.577 CPU sec, 63.655 real sec
[0000] Calling mem_process_seqs.., task: 6
[0000] 1. Calling kt_for - worker_bwt
[0000] 2. Calling kt_for - worker_aln
[0000] Inferring insert size distribution of PE reads from data, l_pac: 752605561, n: 1235946
[0000][PE] # candidate unique pairs for (FF, FR, RF, RR): (158, 260030, 144, 181)
[0000][PE] analyzing insert size distribution for orientation FF...
[0000][PE] (25, 50, 75) percentile: (107, 160, 232)
[0000][PE] low and high boundaries for computing mean and std.dev: (1, 482)
[0000][PE] mean and std.dev: (156.85, 78.17)
[0000][PE] low and high boundaries for proper pairs: (1, 607)
[0000][PE] analyzing insert size distribution for orientation FR...
[0000][PE] (25, 50, 75) percentile: (127, 194, 261)
[0000][PE] low and high boundaries for computing mean and std.dev: (1, 529)
[0000][PE] mean and std.dev: (195.13, 88.64)
[0000][PE] low and high boundaries for proper pairs: (1, 663)
[0000][PE] analyzing insert size distribution for orientation RF...
[0000][PE] (25, 50, 75) percentile: (141, 622, 2288)
[0000][PE] low and high boundaries for computing mean and std.dev: (1, 6582)
[0000][PE] mean and std.dev: (1239.95, 1492.41)
[0000][PE] low and high boundaries for proper pairs: (1, 8729)
[0000][PE] analyzing insert size distribution for orientation RR...
[0000][PE] (25, 50, 75) percentile: (109, 163, 221)
[0000][PE] low and high boundaries for computing mean and std.dev: (1, 445)
[0000][PE] mean and std.dev: (156.27, 82.34)
[0000][PE] low and high boundaries for proper pairs: (1, 557)
[0000][PE] skip orientation FF
[0000][PE] skip orientation RF
[0000][PE] skip orientation RR
[0000] 3. Calling kt_for - worker_sam
	[0000][ M::mem_process_seqs] Processed 1235946 reads in 1048.412 CPU sec, 53.907 real sec
[0000] read_chunk: 200000000, work_chunk_size: 0, nseq: 0
[0000] read_chunk: 200000000, work_chunk_size: 0, nseq: 0
[0000] Computation ends..
No. of OMP threads: 20
Processor is running @2394.518182 MHz
Runtime profile:

	Time taken for main_mem function: 458.64 sec

	IO times (sec) :
	Reading IO time (reads) avg: 32.61, (32.61, 32.61)
	Writing IO time (SAM) avg: 104.87, (104.87, 104.87)
	Reading IO time (Reference Genome) avg: 0.94, (0.94, 0.94)
	Index read time avg: 1.81, (1.81, 1.81)

	Overall time (sec) (Excluding Index reading time):
	PROCESS() (Total compute time + (read + SAM) IO time) : 455.46
	MEM_PROCESS_SEQ() (Total compute time (Kernel + SAM)), avg: 438.99, (438.99, 438.99)

	 SAM Processing time (sec):
	--WORKER_SAM avg: 249.27, (249.27, 249.27)

	Kernels' compute time (sec):
	Total kernel (smem+sal+bsw) time avg: 184.50, (184.50, 184.50)
		MEM_ALN_CHAIN_FLT avg: 0.00, (0.00, 0.00)
		MEM_ALN_CHAIN_SEED avg: 0.00, (0.00, 0.00)
		ERT_SEED_CHAIN avg: 0.00, (0.00, 0.00)
	LEARNED_SEED_CHAIN avg: 0.00, (0.00, 0.00)
		SMEM compute avg: 64.75, (65.05, 64.46)
		SAL compute avg: 17.78, (18.03, 17.54)
				MEM_SA avg: 9.63, (9.84, 9.47)

		BSW time, avg: 91.90, (92.05, 91.74)

Important parameter settings: 
	BATCH_SIZE: 512
	MAX_SEQ_LEN_REF: 256
	MAX_SEQ_LEN_QER: 128
	MAX_SEQ_LEN8: 128
	SEEDS_PER_READ: 500
	SIMD_WIDTH8 X: 64
	SIMD_WIDTH16 X: 32
	AVG_SEEDS_PER_READ: 64
