Looking to launch executable "/opt/conda/bin/bwa-meme_mode3.avx512bw", simd = _mode3.avx512bw
Launching executable "/opt/conda/bin/bwa-meme_mode3.avx512bw"
-----------------------------
Executing in AVX512 mode!!
-----------------------------
* SA compression enabled with xfactor: 8
* Ref file: reference.genbank.PerMag.fasta
* Entering FMI_search
* Index file found. Loading index from reference.genbank.PerMag.fasta.bwt.2bit.64
* Reference seq len for bi-index = 1505211123
* sentinel-index: 973278332
* Count:
0,	1
1,	449225159
2,	752605562
3,	1055985965
4,	1505211123

* Reading other elements of the index from files reference.genbank.PerMag.fasta
* Index prefix: reference.genbank.PerMag.fasta
* Read 0 ALT contigs
* Done reading Index!!
* Reading reference genome..
* Binary seq file = reference.genbank.PerMag.fasta.0123
* Reference genome size: 1505211122 bp
* Done reading reference genome !!

------------------------------------------
1. Memory pre-allocation for Chaining: 2839.7559 MB
2. Memory pre-allocation for BSW: 4792.3405 MB
3. Memory pre-allocation for BWT: 1546.2835 MB
------------------------------------------
* Threads used (compute): 20
* No. of pipeline threads: 2

[0000] read_chunk: 200000000, work_chunk_size: 51114694, nseq: 365732
	[0000][ M::kt_pipeline] read 365732 sequences (51114694 bp)...
[0000] Calling mem_process_seqs.., task: 0
[0000] 1. Calling kt_for - worker_bwt
[0000] read_chunk: 200000000, work_chunk_size: 0, nseq: 0
[0000] 2. Calling kt_for - worker_aln
[0000] Inferring insert size distribution of PE reads from data, l_pac: 752605561, n: 365732
[0000][PE] # candidate unique pairs for (FF, FR, RF, RR): (34, 60800, 42, 36)
[0000][PE] analyzing insert size distribution for orientation FF...
[0000][PE] (25, 50, 75) percentile: (95, 124, 193)
[0000][PE] low and high boundaries for computing mean and std.dev: (1, 389)
[0000][PE] mean and std.dev: (125.40, 62.40)
[0000][PE] low and high boundaries for proper pairs: (1, 487)
[0000][PE] analyzing insert size distribution for orientation FR...
[0000][PE] (25, 50, 75) percentile: (139, 201, 265)
[0000][PE] low and high boundaries for computing mean and std.dev: (1, 517)
[0000][PE] mean and std.dev: (201.98, 86.08)
[0000][PE] low and high boundaries for proper pairs: (1, 643)
[0000][PE] analyzing insert size distribution for orientation RF...
[0000][PE] (25, 50, 75) percentile: (89, 793, 1721)
[0000][PE] low and high boundaries for computing mean and std.dev: (1, 4985)
[0000][PE] mean and std.dev: (1034.47, 1321.75)
[0000][PE] low and high boundaries for proper pairs: (1, 6617)
[0000][PE] analyzing insert size distribution for orientation RR...
[0000][PE] (25, 50, 75) percentile: (108, 159, 238)
[0000][PE] low and high boundaries for computing mean and std.dev: (1, 498)
[0000][PE] mean and std.dev: (139.52, 58.17)
[0000][PE] low and high boundaries for proper pairs: (1, 628)
[0000][PE] skip orientation FF
[0000][PE] skip orientation RF
[0000][PE] skip orientation RR
[0000] 3. Calling kt_for - worker_sam
	[0000][ M::mem_process_seqs] Processed 365732 reads in 293.866 CPU sec, 14.968 real sec
[0000] read_chunk: 200000000, work_chunk_size: 0, nseq: 0
[0000] Computation ends..
No. of OMP threads: 20
Processor is running @2394.634658 MHz
Runtime profile:

	Time taken for main_mem function: 22.78 sec

	IO times (sec) :
	Reading IO time (reads) avg: 1.25, (1.25, 1.25)
	Writing IO time (SAM) avg: 0.92, (0.92, 0.92)
	Reading IO time (Reference Genome) avg: 1.07, (1.07, 1.07)
	Index read time avg: 1.95, (1.95, 1.95)

	Overall time (sec) (Excluding Index reading time):
	PROCESS() (Total compute time + (read + SAM) IO time) : 19.38
	MEM_PROCESS_SEQ() (Total compute time (Kernel + SAM)), avg: 14.97, (14.97, 14.97)

	 SAM Processing time (sec):
	--WORKER_SAM avg: 7.79, (7.79, 7.79)

	Kernels' compute time (sec):
	Total kernel (smem+sal+bsw) time avg: 7.15, (7.15, 7.15)
		MEM_ALN_CHAIN_FLT avg: 0.00, (0.00, 0.00)
		MEM_ALN_CHAIN_SEED avg: 0.00, (0.00, 0.00)
		ERT_SEED_CHAIN avg: 0.00, (0.00, 0.00)
	LEARNED_SEED_CHAIN avg: 0.00, (0.00, 0.00)
		SMEM compute avg: 2.92, (3.08, 2.81)
		SAL compute avg: 0.75, (0.84, 0.61)
				MEM_SA avg: 0.52, (0.62, 0.38)

		BSW time, avg: 3.11, (3.16, 3.07)

Important parameter settings: 
	BATCH_SIZE: 512
	MAX_SEQ_LEN_REF: 256
	MAX_SEQ_LEN_QER: 128
	MAX_SEQ_LEN8: 128
	SEEDS_PER_READ: 500
	SIMD_WIDTH8 X: 64
	SIMD_WIDTH16 X: 32
	AVG_SEEDS_PER_READ: 64
