Looking to launch executable "/opt/conda/bin/bwa-meme_mode3.avx512bw", simd = _mode3.avx512bw
Launching executable "/opt/conda/bin/bwa-meme_mode3.avx512bw"
-----------------------------
Executing in AVX512 mode!!
-----------------------------
* SA compression enabled with xfactor: 8
* Ref file: reference.genbank.PerMag.fasta
* Entering FMI_search
* Index file found. Loading index from reference.genbank.PerMag.fasta.bwt.2bit.64
* Reference seq len for bi-index = 1505211123
* sentinel-index: 973278332
* Count:
0,	1
1,	449225159
2,	752605562
3,	1055985965
4,	1505211123

* Reading other elements of the index from files reference.genbank.PerMag.fasta
* Index prefix: reference.genbank.PerMag.fasta
* Read 0 ALT contigs
* Done reading Index!!
* Reading reference genome..
* Binary seq file = reference.genbank.PerMag.fasta.0123
* Reference genome size: 1505211122 bp
* Done reading reference genome !!

------------------------------------------
1. Memory pre-allocation for Chaining: 2839.7559 MB
2. Memory pre-allocation for BSW: 4792.3405 MB
3. Memory pre-allocation for BWT: 1546.2835 MB
------------------------------------------
* Threads used (compute): 20
* No. of pipeline threads: 2

[0000] read_chunk: 200000000, work_chunk_size: 51200864, nseq: 372818
	[0000][ M::kt_pipeline] read 372818 sequences (51200864 bp)...
[0000] Calling mem_process_seqs.., task: 0
[0000] 1. Calling kt_for - worker_bwt
[0000] read_chunk: 200000000, work_chunk_size: 0, nseq: 0
[0000] 2. Calling kt_for - worker_aln
[0000] Inferring insert size distribution of PE reads from data, l_pac: 752605561, n: 372818
[0000][PE] # candidate unique pairs for (FF, FR, RF, RR): (36, 72271, 43, 38)
[0000][PE] analyzing insert size distribution for orientation FF...
[0000][PE] (25, 50, 75) percentile: (85, 177, 251)
[0000][PE] low and high boundaries for computing mean and std.dev: (1, 583)
[0000][PE] mean and std.dev: (166.49, 99.05)
[0000][PE] low and high boundaries for proper pairs: (1, 749)
[0000][PE] analyzing insert size distribution for orientation FR...
[0000][PE] (25, 50, 75) percentile: (131, 196, 262)
[0000][PE] low and high boundaries for computing mean and std.dev: (1, 524)
[0000][PE] mean and std.dev: (197.91, 87.83)
[0000][PE] low and high boundaries for proper pairs: (1, 655)
[0000][PE] analyzing insert size distribution for orientation RF...
[0000][PE] (25, 50, 75) percentile: (190, 711, 4185)
[0000][PE] low and high boundaries for computing mean and std.dev: (1, 12175)
[0000][PE] mean and std.dev: (2104.19, 2416.51)
[0000][PE] low and high boundaries for proper pairs: (1, 16170)
[0000][PE] analyzing insert size distribution for orientation RR...
[0000][PE] (25, 50, 75) percentile: (117, 165, 239)
[0000][PE] low and high boundaries for computing mean and std.dev: (1, 483)
[0000][PE] mean and std.dev: (159.85, 87.44)
[0000][PE] low and high boundaries for proper pairs: (1, 605)
[0000][PE] skip orientation FF
[0000][PE] skip orientation RF
[0000][PE] skip orientation RR
[0000] 3. Calling kt_for - worker_sam
	[0000][ M::mem_process_seqs] Processed 372818 reads in 337.776 CPU sec, 17.541 real sec
[0000] read_chunk: 200000000, work_chunk_size: 0, nseq: 0
[0000] Computation ends..
No. of OMP threads: 20
Processor is running @2394.502958 MHz
Runtime profile:

	Time taken for main_mem function: 25.36 sec

	IO times (sec) :
	Reading IO time (reads) avg: 1.18, (1.18, 1.18)
	Writing IO time (SAM) avg: 1.12, (1.12, 1.12)
	Reading IO time (Reference Genome) avg: 1.04, (1.04, 1.04)
	Index read time avg: 1.91, (1.91, 1.91)

	Overall time (sec) (Excluding Index reading time):
	PROCESS() (Total compute time + (read + SAM) IO time) : 22.00
	MEM_PROCESS_SEQ() (Total compute time (Kernel + SAM)), avg: 17.54, (17.54, 17.54)

	 SAM Processing time (sec):
	--WORKER_SAM avg: 8.95, (8.95, 8.95)

	Kernels' compute time (sec):
	Total kernel (smem+sal+bsw) time avg: 8.16, (8.16, 8.16)
		MEM_ALN_CHAIN_FLT avg: 0.00, (0.00, 0.00)
		MEM_ALN_CHAIN_SEED avg: 0.00, (0.00, 0.00)
		ERT_SEED_CHAIN avg: 0.00, (0.00, 0.00)
	LEARNED_SEED_CHAIN avg: 0.00, (0.00, 0.00)
		SMEM compute avg: 3.00, (3.12, 2.80)
		SAL compute avg: 0.86, (1.04, 0.73)
				MEM_SA avg: 0.58, (0.73, 0.43)

		BSW time, avg: 3.85, (3.91, 3.82)

Important parameter settings: 
	BATCH_SIZE: 512
	MAX_SEQ_LEN_REF: 256
	MAX_SEQ_LEN_QER: 128
	MAX_SEQ_LEN8: 128
	SEEDS_PER_READ: 500
	SIMD_WIDTH8 X: 64
	SIMD_WIDTH16 X: 32
	AVG_SEEDS_PER_READ: 64
