Looking to launch executable "/opt/conda/bin/bwa-meme_mode3.avx512bw", simd = _mode3.avx512bw
Launching executable "/opt/conda/bin/bwa-meme_mode3.avx512bw"
-----------------------------
Executing in AVX512 mode!!
-----------------------------
* SA compression enabled with xfactor: 8
* Ref file: reference.genbank.PerMag.fasta
* Entering FMI_search
* Index file found. Loading index from reference.genbank.PerMag.fasta.bwt.2bit.64
* Reference seq len for bi-index = 1505211123
* sentinel-index: 973278332
* Count:
0,	1
1,	449225159
2,	752605562
3,	1055985965
4,	1505211123

* Reading other elements of the index from files reference.genbank.PerMag.fasta
* Index prefix: reference.genbank.PerMag.fasta
* Read 0 ALT contigs
* Done reading Index!!
* Reading reference genome..
* Binary seq file = reference.genbank.PerMag.fasta.0123
* Reference genome size: 1505211122 bp
* Done reading reference genome !!

------------------------------------------
1. Memory pre-allocation for Chaining: 2839.7559 MB
2. Memory pre-allocation for BSW: 4792.3405 MB
3. Memory pre-allocation for BWT: 1546.2835 MB
------------------------------------------
* Threads used (compute): 20
* No. of pipeline threads: 2

[0000] read_chunk: 200000000, work_chunk_size: 30659747, nseq: 229046
	[0000][ M::kt_pipeline] read 229046 sequences (30659747 bp)...
[0000] Calling mem_process_seqs.., task: 0
[0000] 1. Calling kt_for - worker_bwt
[0000] read_chunk: 200000000, work_chunk_size: 0, nseq: 0
[0000] 2. Calling kt_for - worker_aln
[0000] Inferring insert size distribution of PE reads from data, l_pac: 752605561, n: 229046
[0000][PE] # candidate unique pairs for (FF, FR, RF, RR): (17, 27289, 13, 24)
[0000][PE] analyzing insert size distribution for orientation FF...
[0000][PE] (25, 50, 75) percentile: (96, 148, 214)
[0000][PE] low and high boundaries for computing mean and std.dev: (1, 450)
[0000][PE] mean and std.dev: (148.19, 85.66)
[0000][PE] low and high boundaries for proper pairs: (1, 568)
[0000][PE] analyzing insert size distribution for orientation FR...
[0000][PE] (25, 50, 75) percentile: (103, 163, 229)
[0000][PE] low and high boundaries for computing mean and std.dev: (1, 481)
[0000][PE] mean and std.dev: (169.73, 85.05)
[0000][PE] low and high boundaries for proper pairs: (1, 607)
[0000][PE] analyzing insert size distribution for orientation RF...
[0000][PE] (25, 50, 75) percentile: (425, 1023, 3460)
[0000][PE] low and high boundaries for computing mean and std.dev: (1, 9530)
[0000][PE] mean and std.dev: (1404.62, 1419.39)
[0000][PE] low and high boundaries for proper pairs: (1, 12565)
[0000][PE] analyzing insert size distribution for orientation RR...
[0000][PE] (25, 50, 75) percentile: (99, 156, 263)
[0000][PE] low and high boundaries for computing mean and std.dev: (1, 591)
[0000][PE] mean and std.dev: (156.43, 85.98)
[0000][PE] low and high boundaries for proper pairs: (1, 755)
[0000][PE] skip orientation FF
[0000][PE] skip orientation RF
[0000][PE] skip orientation RR
[0000] 3. Calling kt_for - worker_sam
	[0000][ M::mem_process_seqs] Processed 229046 reads in 137.796 CPU sec, 7.149 real sec
[0000] read_chunk: 200000000, work_chunk_size: 0, nseq: 0
[0000] Computation ends..
No. of OMP threads: 20
Processor is running @2394.619294 MHz
Runtime profile:

	Time taken for main_mem function: 13.24 sec

	IO times (sec) :
	Reading IO time (reads) avg: 0.72, (0.72, 0.72)
	Writing IO time (SAM) avg: 0.39, (0.39, 0.39)
	Reading IO time (Reference Genome) avg: 0.90, (0.90, 0.90)
	Index read time avg: 1.69, (1.69, 1.69)

	Overall time (sec) (Excluding Index reading time):
	PROCESS() (Total compute time + (read + SAM) IO time) : 10.33
	MEM_PROCESS_SEQ() (Total compute time (Kernel + SAM)), avg: 7.15, (7.15, 7.15)

	 SAM Processing time (sec):
	--WORKER_SAM avg: 3.16, (3.16, 3.16)

	Kernels' compute time (sec):
	Total kernel (smem+sal+bsw) time avg: 3.97, (3.97, 3.97)
		MEM_ALN_CHAIN_FLT avg: 0.00, (0.00, 0.00)
		MEM_ALN_CHAIN_SEED avg: 0.00, (0.00, 0.00)
		ERT_SEED_CHAIN avg: 0.00, (0.00, 0.00)
	LEARNED_SEED_CHAIN avg: 0.00, (0.00, 0.00)
		SMEM compute avg: 1.76, (1.80, 1.71)
		SAL compute avg: 0.28, (0.30, 0.25)
				MEM_SA avg: 0.17, (0.19, 0.15)

		BSW time, avg: 1.71, (1.76, 1.68)

Important parameter settings: 
	BATCH_SIZE: 512
	MAX_SEQ_LEN_REF: 256
	MAX_SEQ_LEN_QER: 128
	MAX_SEQ_LEN8: 128
	SEEDS_PER_READ: 500
	SIMD_WIDTH8 X: 64
	SIMD_WIDTH16 X: 32
	AVG_SEEDS_PER_READ: 64
