Looking to launch executable "/opt/conda/bin/bwa-meme_mode3.avx512bw", simd = _mode3.avx512bw
Launching executable "/opt/conda/bin/bwa-meme_mode3.avx512bw"
-----------------------------
Executing in AVX512 mode!!
-----------------------------
* SA compression enabled with xfactor: 8
* Ref file: reference.genbank.PerMag.fasta
* Entering FMI_search
* Index file found. Loading index from reference.genbank.PerMag.fasta.bwt.2bit.64
* Reference seq len for bi-index = 1505211123
* sentinel-index: 973278332
* Count:
0,	1
1,	449225159
2,	752605562
3,	1055985965
4,	1505211123

* Reading other elements of the index from files reference.genbank.PerMag.fasta
* Index prefix: reference.genbank.PerMag.fasta
* Read 0 ALT contigs
* Done reading Index!!
* Reading reference genome..
* Binary seq file = reference.genbank.PerMag.fasta.0123
* Reference genome size: 1505211122 bp
* Done reading reference genome !!

------------------------------------------
1. Memory pre-allocation for Chaining: 2839.7559 MB
2. Memory pre-allocation for BSW: 4792.3405 MB
3. Memory pre-allocation for BWT: 1546.2835 MB
------------------------------------------
* Threads used (compute): 20
* No. of pipeline threads: 2

[0000] read_chunk: 200000000, work_chunk_size: 86635085, nseq: 617228
	[0000][ M::kt_pipeline] read 617228 sequences (86635085 bp)...
[0000] Calling mem_process_seqs.., task: 0
[0000] 1. Calling kt_for - worker_bwt
[0000] read_chunk: 200000000, work_chunk_size: 0, nseq: 0
[0000] 2. Calling kt_for - worker_aln
[0000] Inferring insert size distribution of PE reads from data, l_pac: 752605561, n: 617228
[0000][PE] # candidate unique pairs for (FF, FR, RF, RR): (66, 125026, 67, 67)
[0000][PE] analyzing insert size distribution for orientation FF...
[0000][PE] (25, 50, 75) percentile: (118, 185, 254)
[0000][PE] low and high boundaries for computing mean and std.dev: (1, 526)
[0000][PE] mean and std.dev: (176.60, 89.54)
[0000][PE] low and high boundaries for proper pairs: (1, 662)
[0000][PE] analyzing insert size distribution for orientation FR...
[0000][PE] (25, 50, 75) percentile: (133, 188, 245)
[0000][PE] low and high boundaries for computing mean and std.dev: (1, 469)
[0000][PE] mean and std.dev: (189.72, 78.76)
[0000][PE] low and high boundaries for proper pairs: (1, 581)
[0000][PE] analyzing insert size distribution for orientation RF...
[0000][PE] (25, 50, 75) percentile: (125, 465, 2326)
[0000][PE] low and high boundaries for computing mean and std.dev: (1, 6728)
[0000][PE] mean and std.dev: (1283.69, 1803.01)
[0000][PE] low and high boundaries for proper pairs: (1, 8929)
[0000][PE] analyzing insert size distribution for orientation RR...
[0000][PE] (25, 50, 75) percentile: (119, 151, 239)
[0000][PE] low and high boundaries for computing mean and std.dev: (1, 479)
[0000][PE] mean and std.dev: (155.90, 68.67)
[0000][PE] low and high boundaries for proper pairs: (1, 599)
[0000][PE] skip orientation FF
[0000][PE] skip orientation RF
[0000][PE] skip orientation RR
[0000] 3. Calling kt_for - worker_sam
	[0000][ M::mem_process_seqs] Processed 617228 reads in 527.662 CPU sec, 26.900 real sec
[0000] read_chunk: 200000000, work_chunk_size: 0, nseq: 0
[0000] Computation ends..
No. of OMP threads: 20
Processor is running @2394.663556 MHz
Runtime profile:

	Time taken for main_mem function: 36.19 sec

	IO times (sec) :
	Reading IO time (reads) avg: 2.03, (2.03, 2.03)
	Writing IO time (SAM) avg: 1.96, (1.96, 1.96)
	Reading IO time (Reference Genome) avg: 0.93, (0.93, 0.93)
	Index read time avg: 1.80, (1.80, 1.80)

	Overall time (sec) (Excluding Index reading time):
	PROCESS() (Total compute time + (read + SAM) IO time) : 33.09
	MEM_PROCESS_SEQ() (Total compute time (Kernel + SAM)), avg: 26.90, (26.90, 26.90)

	 SAM Processing time (sec):
	--WORKER_SAM avg: 14.21, (14.21, 14.21)

	Kernels' compute time (sec):
	Total kernel (smem+sal+bsw) time avg: 12.54, (12.54, 12.54)
		MEM_ALN_CHAIN_FLT avg: 0.00, (0.00, 0.00)
		MEM_ALN_CHAIN_SEED avg: 0.00, (0.00, 0.00)
		ERT_SEED_CHAIN avg: 0.00, (0.00, 0.00)
	LEARNED_SEED_CHAIN avg: 0.00, (0.00, 0.00)
		SMEM compute avg: 4.52, (4.65, 4.39)
		SAL compute avg: 1.24, (1.34, 1.09)
				MEM_SA avg: 0.77, (0.88, 0.62)

		BSW time, avg: 6.15, (6.21, 6.09)

Important parameter settings: 
	BATCH_SIZE: 512
	MAX_SEQ_LEN_REF: 256
	MAX_SEQ_LEN_QER: 128
	MAX_SEQ_LEN8: 128
	SEEDS_PER_READ: 500
	SIMD_WIDTH8 X: 64
	SIMD_WIDTH16 X: 32
	AVG_SEEDS_PER_READ: 64
