Looking to launch executable "/opt/conda/bin/bwa-meme_mode3.avx512bw", simd = _mode3.avx512bw
Launching executable "/opt/conda/bin/bwa-meme_mode3.avx512bw"
-----------------------------
Executing in AVX512 mode!!
-----------------------------
* SA compression enabled with xfactor: 8
* Ref file: reference.genbank.PerMag.fasta
* Entering FMI_search
* Index file found. Loading index from reference.genbank.PerMag.fasta.bwt.2bit.64
* Reference seq len for bi-index = 1505211123
* sentinel-index: 973278332
* Count:
0,	1
1,	449225159
2,	752605562
3,	1055985965
4,	1505211123

* Reading other elements of the index from files reference.genbank.PerMag.fasta
* Index prefix: reference.genbank.PerMag.fasta
* Read 0 ALT contigs
* Done reading Index!!
* Reading reference genome..
* Binary seq file = reference.genbank.PerMag.fasta.0123
* Reference genome size: 1505211122 bp
* Done reading reference genome !!

------------------------------------------
1. Memory pre-allocation for Chaining: 2839.7559 MB
2. Memory pre-allocation for BSW: 4792.3405 MB
3. Memory pre-allocation for BWT: 1546.2835 MB
------------------------------------------
* Threads used (compute): 20
* No. of pipeline threads: 2

[0000] read_chunk: 200000000, work_chunk_size: 93702935, nseq: 658928
	[0000][ M::kt_pipeline] read 658928 sequences (93702935 bp)...
[0000] Calling mem_process_seqs.., task: 0
[0000] 1. Calling kt_for - worker_bwt
[0000] read_chunk: 200000000, work_chunk_size: 0, nseq: 0
[0000] 2. Calling kt_for - worker_aln
[0000] Inferring insert size distribution of PE reads from data, l_pac: 752605561, n: 658928
[0000][PE] # candidate unique pairs for (FF, FR, RF, RR): (102, 116159, 81, 98)
[0000][PE] analyzing insert size distribution for orientation FF...
[0000][PE] (25, 50, 75) percentile: (103, 160, 248)
[0000][PE] low and high boundaries for computing mean and std.dev: (1, 538)
[0000][PE] mean and std.dev: (161.15, 84.25)
[0000][PE] low and high boundaries for proper pairs: (1, 683)
[0000][PE] analyzing insert size distribution for orientation FR...
[0000][PE] (25, 50, 75) percentile: (157, 212, 267)
[0000][PE] low and high boundaries for computing mean and std.dev: (1, 487)
[0000][PE] mean and std.dev: (211.10, 79.47)
[0000][PE] low and high boundaries for proper pairs: (1, 597)
[0000][PE] analyzing insert size distribution for orientation RF...
[0000][PE] (25, 50, 75) percentile: (106, 456, 1830)
[0000][PE] low and high boundaries for computing mean and std.dev: (1, 5278)
[0000][PE] mean and std.dev: (994.01, 1175.67)
[0000][PE] low and high boundaries for proper pairs: (1, 7002)
[0000][PE] analyzing insert size distribution for orientation RR...
[0000][PE] (25, 50, 75) percentile: (116, 166, 244)
[0000][PE] low and high boundaries for computing mean and std.dev: (1, 500)
[0000][PE] mean and std.dev: (174.27, 97.72)
[0000][PE] low and high boundaries for proper pairs: (1, 628)
[0000][PE] skip orientation FF
[0000][PE] skip orientation RF
[0000][PE] skip orientation RR
[0000] 3. Calling kt_for - worker_sam
	[0000][ M::mem_process_seqs] Processed 658928 reads in 576.750 CPU sec, 29.763 real sec
[0000] read_chunk: 200000000, work_chunk_size: 0, nseq: 0
[0000] Computation ends..
No. of OMP threads: 20
Processor is running @2394.631440 MHz
Runtime profile:

	Time taken for main_mem function: 39.14 sec

	IO times (sec) :
	Reading IO time (reads) avg: 2.13, (2.13, 2.13)
	Writing IO time (SAM) avg: 2.15, (2.15, 2.15)
	Reading IO time (Reference Genome) avg: 0.91, (0.91, 0.91)
	Index read time avg: 1.78, (1.78, 1.78)

	Overall time (sec) (Excluding Index reading time):
	PROCESS() (Total compute time + (read + SAM) IO time) : 36.17
	MEM_PROCESS_SEQ() (Total compute time (Kernel + SAM)), avg: 29.76, (29.76, 29.76)

	 SAM Processing time (sec):
	--WORKER_SAM avg: 16.77, (16.77, 16.77)

	Kernels' compute time (sec):
	Total kernel (smem+sal+bsw) time avg: 12.74, (12.74, 12.74)
		MEM_ALN_CHAIN_FLT avg: 0.00, (0.00, 0.00)
		MEM_ALN_CHAIN_SEED avg: 0.00, (0.00, 0.00)
		ERT_SEED_CHAIN avg: 0.00, (0.00, 0.00)
	LEARNED_SEED_CHAIN avg: 0.00, (0.00, 0.00)
		SMEM compute avg: 4.51, (4.58, 4.38)
		SAL compute avg: 1.13, (1.22, 1.08)
				MEM_SA avg: 0.66, (0.71, 0.61)

		BSW time, avg: 6.42, (6.47, 6.37)

Important parameter settings: 
	BATCH_SIZE: 512
	MAX_SEQ_LEN_REF: 256
	MAX_SEQ_LEN_QER: 128
	MAX_SEQ_LEN8: 128
	SEEDS_PER_READ: 500
	SIMD_WIDTH8 X: 64
	SIMD_WIDTH16 X: 32
	AVG_SEEDS_PER_READ: 64
