Looking to launch executable "/opt/conda/bin/bwa-meme_mode3.avx512bw", simd = _mode3.avx512bw
Launching executable "/opt/conda/bin/bwa-meme_mode3.avx512bw"
-----------------------------
Executing in AVX512 mode!!
-----------------------------
* SA compression enabled with xfactor: 8
* Ref file: reference.genbank.PerMag.fasta
* Entering FMI_search
* Index file found. Loading index from reference.genbank.PerMag.fasta.bwt.2bit.64
* Reference seq len for bi-index = 1505211123
* sentinel-index: 973278332
* Count:
0,	1
1,	449225159
2,	752605562
3,	1055985965
4,	1505211123

* Reading other elements of the index from files reference.genbank.PerMag.fasta
* Index prefix: reference.genbank.PerMag.fasta
* Read 0 ALT contigs
* Done reading Index!!
* Reading reference genome..
* Binary seq file = reference.genbank.PerMag.fasta.0123
* Reference genome size: 1505211122 bp
* Done reading reference genome !!

------------------------------------------
1. Memory pre-allocation for Chaining: 2839.7559 MB
2. Memory pre-allocation for BSW: 4792.3405 MB
3. Memory pre-allocation for BWT: 1546.2835 MB
------------------------------------------
* Threads used (compute): 20
* No. of pipeline threads: 2

[0000] read_chunk: 200000000, work_chunk_size: 137023760, nseq: 961484
	[0000][ M::kt_pipeline] read 961484 sequences (137023760 bp)...
[0000] Calling mem_process_seqs.., task: 0
[0000] 1. Calling kt_for - worker_bwt
[0000] read_chunk: 200000000, work_chunk_size: 0, nseq: 0
[0000] 2. Calling kt_for - worker_aln
[0000] Inferring insert size distribution of PE reads from data, l_pac: 752605561, n: 961484
[0000][PE] # candidate unique pairs for (FF, FR, RF, RR): (158, 201592, 116, 181)
[0000][PE] analyzing insert size distribution for orientation FF...
[0000][PE] (25, 50, 75) percentile: (123, 172, 261)
[0000][PE] low and high boundaries for computing mean and std.dev: (1, 537)
[0000][PE] mean and std.dev: (182.26, 96.64)
[0000][PE] low and high boundaries for proper pairs: (1, 675)
[0000][PE] analyzing insert size distribution for orientation FR...
[0000][PE] (25, 50, 75) percentile: (161, 220, 281)
[0000][PE] low and high boundaries for computing mean and std.dev: (1, 521)
[0000][PE] mean and std.dev: (219.44, 83.79)
[0000][PE] low and high boundaries for proper pairs: (1, 641)
[0000][PE] analyzing insert size distribution for orientation RF...
[0000][PE] (25, 50, 75) percentile: (155, 617, 1729)
[0000][PE] low and high boundaries for computing mean and std.dev: (1, 4877)
[0000][PE] mean and std.dev: (836.14, 910.18)
[0000][PE] low and high boundaries for proper pairs: (1, 6451)
[0000][PE] analyzing insert size distribution for orientation RR...
[0000][PE] (25, 50, 75) percentile: (112, 174, 241)
[0000][PE] low and high boundaries for computing mean and std.dev: (1, 499)
[0000][PE] mean and std.dev: (165.81, 86.03)
[0000][PE] low and high boundaries for proper pairs: (1, 628)
[0000][PE] skip orientation FF
[0000][PE] skip orientation RF
[0000][PE] skip orientation RR
[0000] 3. Calling kt_for - worker_sam
	[0000][ M::mem_process_seqs] Processed 961484 reads in 881.523 CPU sec, 45.517 real sec
[0000] read_chunk: 200000000, work_chunk_size: 0, nseq: 0
[0000] Computation ends..
No. of OMP threads: 20
Processor is running @2394.636780 MHz
Runtime profile:

	Time taken for main_mem function: 57.68 sec

	IO times (sec) :
	Reading IO time (reads) avg: 3.16, (3.16, 3.16)
	Writing IO time (SAM) avg: 3.30, (3.30, 3.30)
	Reading IO time (Reference Genome) avg: 0.98, (0.98, 0.98)
	Index read time avg: 1.93, (1.93, 1.93)

	Overall time (sec) (Excluding Index reading time):
	PROCESS() (Total compute time + (read + SAM) IO time) : 54.32
	MEM_PROCESS_SEQ() (Total compute time (Kernel + SAM)), avg: 45.51, (45.51, 45.51)

	 SAM Processing time (sec):
	--WORKER_SAM avg: 25.88, (25.88, 25.88)

	Kernels' compute time (sec):
	Total kernel (smem+sal+bsw) time avg: 18.94, (18.94, 18.94)
		MEM_ALN_CHAIN_FLT avg: 0.00, (0.00, 0.00)
		MEM_ALN_CHAIN_SEED avg: 0.00, (0.00, 0.00)
		ERT_SEED_CHAIN avg: 0.00, (0.00, 0.00)
	LEARNED_SEED_CHAIN avg: 0.00, (0.00, 0.00)
		SMEM compute avg: 6.56, (7.04, 6.43)
		SAL compute avg: 1.81, (1.89, 1.50)
				MEM_SA avg: 1.07, (1.13, 0.94)

		BSW time, avg: 9.49, (9.60, 9.45)

Important parameter settings: 
	BATCH_SIZE: 512
	MAX_SEQ_LEN_REF: 256
	MAX_SEQ_LEN_QER: 128
	MAX_SEQ_LEN8: 128
	SEEDS_PER_READ: 500
	SIMD_WIDTH8 X: 64
	SIMD_WIDTH16 X: 32
	AVG_SEEDS_PER_READ: 64
