Looking to launch executable "/opt/conda/bin/bwa-meme_mode3.avx512bw", simd = _mode3.avx512bw
Launching executable "/opt/conda/bin/bwa-meme_mode3.avx512bw"
-----------------------------
Executing in AVX512 mode!!
-----------------------------
* SA compression enabled with xfactor: 8
* Ref file: reference.genbank.PerMag.fasta
* Entering FMI_search
* Index file found. Loading index from reference.genbank.PerMag.fasta.bwt.2bit.64
* Reference seq len for bi-index = 1505211123
* sentinel-index: 973278332
* Count:
0,	1
1,	449225159
2,	752605562
3,	1055985965
4,	1505211123

* Reading other elements of the index from files reference.genbank.PerMag.fasta
* Index prefix: reference.genbank.PerMag.fasta
* Read 0 ALT contigs
* Done reading Index!!
* Reading reference genome..
* Binary seq file = reference.genbank.PerMag.fasta.0123
* Reference genome size: 1505211122 bp
* Done reading reference genome !!

------------------------------------------
1. Memory pre-allocation for Chaining: 2839.7559 MB
2. Memory pre-allocation for BSW: 4792.3405 MB
3. Memory pre-allocation for BWT: 1546.2835 MB
------------------------------------------
* Threads used (compute): 20
* No. of pipeline threads: 2

[0000] read_chunk: 200000000, work_chunk_size: 30180577, nseq: 214236
	[0000][ M::kt_pipeline] read 214236 sequences (30180577 bp)...
[0000] Calling mem_process_seqs.., task: 0
[0000] 1. Calling kt_for - worker_bwt
[0000] read_chunk: 200000000, work_chunk_size: 0, nseq: 0
[0000] 2. Calling kt_for - worker_aln
[0000] Inferring insert size distribution of PE reads from data, l_pac: 752605561, n: 214236
[0000][PE] # candidate unique pairs for (FF, FR, RF, RR): (33, 41496, 32, 42)
[0000][PE] analyzing insert size distribution for orientation FF...
[0000][PE] (25, 50, 75) percentile: (149, 213, 276)
[0000][PE] low and high boundaries for computing mean and std.dev: (1, 530)
[0000][PE] mean and std.dev: (189.14, 90.10)
[0000][PE] low and high boundaries for proper pairs: (1, 657)
[0000][PE] analyzing insert size distribution for orientation FR...
[0000][PE] (25, 50, 75) percentile: (147, 206, 266)
[0000][PE] low and high boundaries for computing mean and std.dev: (1, 504)
[0000][PE] mean and std.dev: (206.39, 83.05)
[0000][PE] low and high boundaries for proper pairs: (1, 623)
[0000][PE] analyzing insert size distribution for orientation RF...
[0000][PE] (25, 50, 75) percentile: (101, 442, 2810)
[0000][PE] low and high boundaries for computing mean and std.dev: (1, 8228)
[0000][PE] mean and std.dev: (1377.66, 1707.59)
[0000][PE] low and high boundaries for proper pairs: (1, 10937)
[0000][PE] analyzing insert size distribution for orientation RR...
[0000][PE] (25, 50, 75) percentile: (132, 168, 228)
[0000][PE] low and high boundaries for computing mean and std.dev: (1, 420)
[0000][PE] mean and std.dev: (166.32, 67.90)
[0000][PE] low and high boundaries for proper pairs: (1, 516)
[0000][PE] skip orientation FF
[0000][PE] skip orientation RF
[0000][PE] skip orientation RR
[0000] 3. Calling kt_for - worker_sam
	[0000][ M::mem_process_seqs] Processed 214236 reads in 193.610 CPU sec, 9.990 real sec
[0000] read_chunk: 200000000, work_chunk_size: 0, nseq: 0
[0000] Computation ends..
No. of OMP threads: 20
Processor is running @2394.603762 MHz
Runtime profile:

	Time taken for main_mem function: 16.29 sec

	IO times (sec) :
	Reading IO time (reads) avg: 0.68, (0.68, 0.68)
	Writing IO time (SAM) avg: 0.64, (0.64, 0.64)
	Reading IO time (Reference Genome) avg: 0.86, (0.86, 0.86)
	Index read time avg: 1.77, (1.77, 1.77)

	Overall time (sec) (Excluding Index reading time):
	PROCESS() (Total compute time + (read + SAM) IO time) : 13.38
	MEM_PROCESS_SEQ() (Total compute time (Kernel + SAM)), avg: 9.99, (9.99, 9.99)

	 SAM Processing time (sec):
	--WORKER_SAM avg: 5.48, (5.48, 5.48)

	Kernels' compute time (sec):
	Total kernel (smem+sal+bsw) time avg: 4.49, (4.49, 4.49)
		MEM_ALN_CHAIN_FLT avg: 0.00, (0.00, 0.00)
		MEM_ALN_CHAIN_SEED avg: 0.00, (0.00, 0.00)
		ERT_SEED_CHAIN avg: 0.00, (0.00, 0.00)
	LEARNED_SEED_CHAIN avg: 0.00, (0.00, 0.00)
		SMEM compute avg: 1.69, (1.73, 1.63)
		SAL compute avg: 0.37, (0.39, 0.35)
				MEM_SA avg: 0.22, (0.24, 0.21)

		BSW time, avg: 2.15, (2.20, 2.10)

Important parameter settings: 
	BATCH_SIZE: 512
	MAX_SEQ_LEN_REF: 256
	MAX_SEQ_LEN_QER: 128
	MAX_SEQ_LEN8: 128
	SEEDS_PER_READ: 500
	SIMD_WIDTH8 X: 64
	SIMD_WIDTH16 X: 32
	AVG_SEEDS_PER_READ: 64
