Looking to launch executable "/opt/conda/bin/bwa-meme_mode3.avx512bw", simd = _mode3.avx512bw
Launching executable "/opt/conda/bin/bwa-meme_mode3.avx512bw"
-----------------------------
Executing in AVX512 mode!!
-----------------------------
* SA compression enabled with xfactor: 8
* Ref file: reference.genbank.PerMag.fasta
* Entering FMI_search
* Index file found. Loading index from reference.genbank.PerMag.fasta.bwt.2bit.64
* Reference seq len for bi-index = 1505211123
* sentinel-index: 973278332
* Count:
0,	1
1,	449225159
2,	752605562
3,	1055985965
4,	1505211123

* Reading other elements of the index from files reference.genbank.PerMag.fasta
* Index prefix: reference.genbank.PerMag.fasta
* Read 0 ALT contigs
* Done reading Index!!
* Reading reference genome..
* Binary seq file = reference.genbank.PerMag.fasta.0123
* Reference genome size: 1505211122 bp
* Done reading reference genome !!

------------------------------------------
1. Memory pre-allocation for Chaining: 2839.7559 MB
2. Memory pre-allocation for BSW: 4792.3405 MB
3. Memory pre-allocation for BWT: 1546.2835 MB
------------------------------------------
* Threads used (compute): 20
* No. of pipeline threads: 2

[0000] read_chunk: 200000000, work_chunk_size: 166795477, nseq: 1183688
	[0000][ M::kt_pipeline] read 1183688 sequences (166795477 bp)...
[0000] Calling mem_process_seqs.., task: 0
[0000] 1. Calling kt_for - worker_bwt
[0000] read_chunk: 200000000, work_chunk_size: 0, nseq: 0
[0000] 2. Calling kt_for - worker_aln
[0000] Inferring insert size distribution of PE reads from data, l_pac: 752605561, n: 1183688
[0000][PE] # candidate unique pairs for (FF, FR, RF, RR): (194, 244510, 157, 141)
[0000][PE] analyzing insert size distribution for orientation FF...
[0000][PE] (25, 50, 75) percentile: (101, 155, 223)
[0000][PE] low and high boundaries for computing mean and std.dev: (1, 467)
[0000][PE] mean and std.dev: (150.55, 71.72)
[0000][PE] low and high boundaries for proper pairs: (1, 589)
[0000][PE] analyzing insert size distribution for orientation FR...
[0000][PE] (25, 50, 75) percentile: (142, 200, 259)
[0000][PE] low and high boundaries for computing mean and std.dev: (1, 493)
[0000][PE] mean and std.dev: (200.91, 82.08)
[0000][PE] low and high boundaries for proper pairs: (1, 610)
[0000][PE] analyzing insert size distribution for orientation RF...
[0000][PE] (25, 50, 75) percentile: (134, 579, 2335)
[0000][PE] low and high boundaries for computing mean and std.dev: (1, 6737)
[0000][PE] mean and std.dev: (1356.33, 1567.26)
[0000][PE] low and high boundaries for proper pairs: (1, 8938)
[0000][PE] analyzing insert size distribution for orientation RR...
[0000][PE] (25, 50, 75) percentile: (92, 145, 198)
[0000][PE] low and high boundaries for computing mean and std.dev: (1, 410)
[0000][PE] mean and std.dev: (146.94, 72.78)
[0000][PE] low and high boundaries for proper pairs: (1, 516)
[0000][PE] skip orientation FF
[0000][PE] skip orientation RF
[0000][PE] skip orientation RR
[0000] 3. Calling kt_for - worker_sam
	[0000][ M::mem_process_seqs] Processed 1183688 reads in 1053.681 CPU sec, 54.178 real sec
[0000] read_chunk: 200000000, work_chunk_size: 0, nseq: 0
[0000] Computation ends..
No. of OMP threads: 20
Processor is running @2394.634822 MHz
Runtime profile:

	Time taken for main_mem function: 67.60 sec

	IO times (sec) :
	Reading IO time (reads) avg: 3.81, (3.81, 3.81)
	Writing IO time (SAM) avg: 4.25, (4.25, 4.25)
	Reading IO time (Reference Genome) avg: 0.91, (0.91, 0.91)
	Index read time avg: 1.73, (1.73, 1.73)

	Overall time (sec) (Excluding Index reading time):
	PROCESS() (Total compute time + (read + SAM) IO time) : 64.62
	MEM_PROCESS_SEQ() (Total compute time (Kernel + SAM)), avg: 54.17, (54.17, 54.17)

	 SAM Processing time (sec):
	--WORKER_SAM avg: 30.07, (30.07, 30.07)

	Kernels' compute time (sec):
	Total kernel (smem+sal+bsw) time avg: 23.27, (23.27, 23.27)
		MEM_ALN_CHAIN_FLT avg: 0.00, (0.00, 0.00)
		MEM_ALN_CHAIN_SEED avg: 0.00, (0.00, 0.00)
		ERT_SEED_CHAIN avg: 0.00, (0.00, 0.00)
	LEARNED_SEED_CHAIN avg: 0.00, (0.00, 0.00)
		SMEM compute avg: 8.47, (8.64, 8.30)
		SAL compute avg: 2.26, (2.39, 2.09)
				MEM_SA avg: 1.31, (1.42, 1.21)

		BSW time, avg: 11.30, (11.42, 11.25)

Important parameter settings: 
	BATCH_SIZE: 512
	MAX_SEQ_LEN_REF: 256
	MAX_SEQ_LEN_QER: 128
	MAX_SEQ_LEN8: 128
	SEEDS_PER_READ: 500
	SIMD_WIDTH8 X: 64
	SIMD_WIDTH16 X: 32
	AVG_SEEDS_PER_READ: 64
