Looking to launch executable "/opt/conda/bin/bwa-meme_mode3.avx512bw", simd = _mode3.avx512bw
Launching executable "/opt/conda/bin/bwa-meme_mode3.avx512bw"
-----------------------------
Executing in AVX512 mode!!
-----------------------------
* SA compression enabled with xfactor: 8
* Ref file: reference.902362185.genome.fasta
* Entering FMI_search
Reading other elements of the index from files reference.902362185.genome.fasta
* Index prefix: reference.902362185.genome.fasta
* Read 0 ALT contigs
* Reading reference genome..
* Binary seq file = reference.902362185.genome.fasta.0123
* Reference genome size: 1312223304 bp
* Done reading reference genome !!

------------------------------------------
1. Memory pre-allocation for Chaining: 5679.4903 MB
2. Memory pre-allocation for BSW: 9584.6810 MB
[M::memoryAllocLearned::MEME] Reading Learned-index models into memory
[Learned-Config] MODE:3 SEARCH_METHOD: 1 MEM_TRADEOFF:1 EXPONENTIAL_SMEMSEARCH: 1 DEBUG_MODE:0 Num 2nd Models:268435456 PWL Bits Used:28
[M::memoryAllocLearned::MEME] Loading RMI model and Pac reference file took 9.598 sec
[M::memoryAllocLearned::MEME] Reading suffix array into memory
[M::memoryAllocLearned::MEME] Loading pos_packed file took 14.042 sec
[M::memoryAllocLearned::MEME] Generating SA, 64-bit Suffix and ISA in memory
[M::memoryAllocLearned::MEME] Runtime-build-index took 13.458 sec
3. Memory pre-allocation for BWT: 7204.5072 MB
------------------------------------------
* Threads used (compute): 40
* No. of pipeline threads: 2

[0000] read_chunk: 400000000, work_chunk_size: 400000244, nseq: 2908828
	[0000][ M::kt_pipeline] read 2908828 sequences (400000244 bp)...
[0000] Reallocating initial memory allocations!!
[0000] read_chunk: 400000000, work_chunk_size: 221437226, nseq: 1611340
	[0000][ M::kt_pipeline] read 1611340 sequences (221437226 bp)...
[0000] Calling mem_process_seqs.., task: 0
[0000] 1. Calling kt_for - worker_bwt
[0000] 2. Calling kt_for - worker_aln
[0000] Inferring insert size distribution of PE reads from data, l_pac: 656111652, n: 2908828
[0000][PE] # candidate unique pairs for (FF, FR, RF, RR): (127, 1148802, 109, 94)
[0000][PE] analyzing insert size distribution for orientation FF...
[0000][PE] (25, 50, 75) percentile: (129, 175, 237)
[0000][PE] low and high boundaries for computing mean and std.dev: (1, 453)
[0000][PE] mean and std.dev: (156.67, 61.39)
[0000][PE] low and high boundaries for proper pairs: (1, 561)
[0000][PE] analyzing insert size distribution for orientation FR...
[0000][PE] (25, 50, 75) percentile: (184, 258, 308)
[0000][PE] low and high boundaries for computing mean and std.dev: (1, 556)
[0000][PE] mean and std.dev: (239.64, 89.49)
[0000][PE] low and high boundaries for proper pairs: (1, 680)
[0000][PE] analyzing insert size distribution for orientation RF...
[0000][PE] (25, 50, 75) percentile: (664, 3294, 6443)
[0000][PE] low and high boundaries for computing mean and std.dev: (1, 18001)
[0000][PE] mean and std.dev: (3845.08, 3189.48)
[0000][PE] low and high boundaries for proper pairs: (1, 23780)
[0000][PE] analyzing insert size distribution for orientation RR...
[0000][PE] (25, 50, 75) percentile: (122, 177, 284)
[0000][PE] low and high boundaries for computing mean and std.dev: (1, 608)
[0000][PE] mean and std.dev: (172.31, 94.61)
[0000][PE] low and high boundaries for proper pairs: (1, 770)
[0000][PE] skip orientation FF
[0000][PE] skip orientation RF
[0000][PE] skip orientation RR
[0000] 3. Calling kt_for - worker_sam
	[0000][ M::mem_process_seqs] Processed 2908828 reads in 457.688 CPU sec, 13.877 real sec
[0000] Calling mem_process_seqs.., task: 1
[0000] 1. Calling kt_for - worker_bwt
[0000] 2. Calling kt_for - worker_aln
[0000] Inferring insert size distribution of PE reads from data, l_pac: 656111652, n: 1611340
[0000][PE] # candidate unique pairs for (FF, FR, RF, RR): (63, 640488, 60, 42)
[0000][PE] analyzing insert size distribution for orientation FF...
[0000][PE] (25, 50, 75) percentile: (110, 169, 311)
[0000][PE] low and high boundaries for computing mean and std.dev: (1, 713)
[0000][PE] mean and std.dev: (167.10, 115.44)
[0000][PE] low and high boundaries for proper pairs: (1, 914)
[0000][PE] analyzing insert size distribution for orientation FR...
[0000][PE] (25, 50, 75) percentile: (184, 258, 308)
[0000][PE] low and high boundaries for computing mean and std.dev: (1, 556)
[0000][PE] mean and std.dev: (239.69, 89.52)
[0000][PE] low and high boundaries for proper pairs: (1, 680)
[0000][PE] analyzing insert size distribution for orientation RF...
[0000][PE] (25, 50, 75) percentile: (483, 2943, 7641)
[0000][PE] low and high boundaries for computing mean and std.dev: (1, 21957)
[0000][PE] mean and std.dev: (3790.57, 3443.23)
[0000][PE] low and high boundaries for proper pairs: (1, 29115)
[0000][PE] analyzing insert size distribution for orientation RR...
[0000][PE] (25, 50, 75) percentile: (121, 172, 271)
[0000][PE] low and high boundaries for computing mean and std.dev: (1, 571)
[0000][PE] mean and std.dev: (169.49, 81.87)
[0000][PE] low and high boundaries for proper pairs: (1, 721)
[0000][PE] skip orientation FF
[0000][PE] skip orientation RF
[0000][PE] skip orientation RR
[0000] 3. Calling kt_for - worker_sam
[0000] read_chunk: 400000000, work_chunk_size: 0, nseq: 0
	[0000][ M::mem_process_seqs] Processed 1611340 reads in 245.153 CPU sec, 6.859 real sec
[0000] read_chunk: 400000000, work_chunk_size: 0, nseq: 0
[0000] Computation ends..
No. of OMP threads: 40
Processor is running @2394.740708 MHz
Runtime profile:

	Time taken for main_mem function: 89.17 sec

	IO times (sec) :
	Reading IO time (reads) avg: 22.50, (22.50, 22.50)
	Writing IO time (SAM) avg: 5.95, (5.95, 5.95)
	Reading IO time (Reference Genome) avg: 0.74, (0.74, 0.74)
	Index read time avg: 0.13, (0.13, 0.13)

	Overall time (sec) (Excluding Index reading time):
	PROCESS() (Total compute time + (read + SAM) IO time) : 88.24
	MEM_PROCESS_SEQ() (Total compute time (Kernel + SAM)), avg: 20.73, (20.73, 20.73)

	 SAM Processing time (sec):
	--WORKER_SAM avg: 8.14, (8.14, 8.14)

	Kernels' compute time (sec):
	Total kernel (smem+sal+bsw) time avg: 12.12, (12.12, 12.12)
		MEM_ALN_CHAIN_FLT avg: 0.00, (0.00, 0.00)
		MEM_ALN_CHAIN_SEED avg: 0.00, (0.00, 0.00)
		ERT_SEED_CHAIN avg: 0.00, (0.00, 0.00)
	LEARNED_SEED_CHAIN avg: 5.11, (5.23, 5.00)
		SMEM compute avg: 0.00, (0.00, 0.00)
		SAL compute avg: 0.00, (0.00, 0.00)
				MEM_SA avg: 0.00, (0.00, 0.00)

		BSW time, avg: 6.34, (6.51, 6.20)

Important parameter settings: 
	BATCH_SIZE: 512
	MAX_SEQ_LEN_REF: 256
	MAX_SEQ_LEN_QER: 128
	MAX_SEQ_LEN8: 128
	SEEDS_PER_READ: 500
	SIMD_WIDTH8 X: 64
	SIMD_WIDTH16 X: 32
	AVG_SEEDS_PER_READ: 64
