Looking to launch executable "/opt/conda/bin/bwa-meme_mode3.avx512bw", simd = _mode3.avx512bw
Launching executable "/opt/conda/bin/bwa-meme_mode3.avx512bw"
-----------------------------
Executing in AVX512 mode!!
-----------------------------
* SA compression enabled with xfactor: 8
* Ref file: reference.902362185.genome.fasta
* Entering FMI_search
Reading other elements of the index from files reference.902362185.genome.fasta
* Index prefix: reference.902362185.genome.fasta
* Read 0 ALT contigs
* Reading reference genome..
* Binary seq file = reference.902362185.genome.fasta.0123
* Reference genome size: 1312223304 bp
* Done reading reference genome !!

------------------------------------------
1. Memory pre-allocation for Chaining: 5679.4903 MB
2. Memory pre-allocation for BSW: 9584.6810 MB
[M::memoryAllocLearned::MEME] Reading Learned-index models into memory
[Learned-Config] MODE:3 SEARCH_METHOD: 1 MEM_TRADEOFF:1 EXPONENTIAL_SMEMSEARCH: 1 DEBUG_MODE:0 Num 2nd Models:268435456 PWL Bits Used:28
[M::memoryAllocLearned::MEME] Loading RMI model and Pac reference file took 9.734 sec
[M::memoryAllocLearned::MEME] Reading suffix array into memory
[M::memoryAllocLearned::MEME] Loading pos_packed file took 14.299 sec
[M::memoryAllocLearned::MEME] Generating SA, 64-bit Suffix and ISA in memory
[M::memoryAllocLearned::MEME] Runtime-build-index took 13.346 sec
3. Memory pre-allocation for BWT: 7204.5072 MB
------------------------------------------
* Threads used (compute): 40
* No. of pipeline threads: 2

[0000] read_chunk: 400000000, work_chunk_size: 400000122, nseq: 2818740
	[0000][ M::kt_pipeline] read 2818740 sequences (400000122 bp)...
[0000] Reallocating initial memory allocations!!
[0000] Calling mem_process_seqs.., task: 0
[0000] 1. Calling kt_for - worker_bwt
[0000] read_chunk: 400000000, work_chunk_size: 400000046, nseq: 2821072
	[0000][ M::kt_pipeline] read 2821072 sequences (400000046 bp)...
[0000] 2. Calling kt_for - worker_aln
[0000] Inferring insert size distribution of PE reads from data, l_pac: 656111652, n: 2818740
[0000][PE] # candidate unique pairs for (FF, FR, RF, RR): (41, 1124712, 111, 56)
[0000][PE] analyzing insert size distribution for orientation FF...
[0000][PE] (25, 50, 75) percentile: (177, 223, 808)
[0000][PE] low and high boundaries for computing mean and std.dev: (1, 2070)
[0000][PE] mean and std.dev: (347.29, 445.38)
[0000][PE] low and high boundaries for proper pairs: (1, 2701)
[0000][PE] analyzing insert size distribution for orientation FR...
[0000][PE] (25, 50, 75) percentile: (228, 277, 319)
[0000][PE] low and high boundaries for computing mean and std.dev: (46, 501)
[0000][PE] mean and std.dev: (262.80, 77.58)
[0000][PE] low and high boundaries for proper pairs: (1, 592)
[0000][PE] analyzing insert size distribution for orientation RF...
[0000][PE] (25, 50, 75) percentile: (328, 1246, 6249)
[0000][PE] low and high boundaries for computing mean and std.dev: (1, 18091)
[0000][PE] mean and std.dev: (3292.60, 3352.36)
[0000][PE] low and high boundaries for proper pairs: (1, 24012)
[0000][PE] analyzing insert size distribution for orientation RR...
[0000][PE] (25, 50, 75) percentile: (166, 220, 879)
[0000][PE] low and high boundaries for computing mean and std.dev: (1, 2305)
[0000][PE] mean and std.dev: (321.67, 365.87)
[0000][PE] low and high boundaries for proper pairs: (1, 3018)
[0000][PE] skip orientation FF
[0000][PE] skip orientation RF
[0000][PE] skip orientation RR
[0000] 3. Calling kt_for - worker_sam
	[0000][ M::mem_process_seqs] Processed 2818740 reads in 468.692 CPU sec, 13.862 real sec
[0000] Reallocating initial memory allocations!!
[0000] Calling mem_process_seqs.., task: 1
[0000] 1. Calling kt_for - worker_bwt
[0000] 2. Calling kt_for - worker_aln
[0000] Inferring insert size distribution of PE reads from data, l_pac: 656111652, n: 2821072
[0000][PE] # candidate unique pairs for (FF, FR, RF, RR): (53, 1145690, 114, 44)
[0000][PE] analyzing insert size distribution for orientation FF...
[0000][PE] (25, 50, 75) percentile: (173, 217, 889)
[0000][PE] low and high boundaries for computing mean and std.dev: (1, 2321)
[0000][PE] mean and std.dev: (353.70, 393.41)
[0000][PE] low and high boundaries for proper pairs: (1, 3037)
[0000][PE] analyzing insert size distribution for orientation FR...
[0000] read_chunk: 400000000, work_chunk_size: 400000131, nseq: 2817770
[0000][PE] (25, 50, 75) percentile: (228, 277, 319)
[0000][PE] low and high boundaries for computing mean and std.dev: (46, 501)
[0000][PE] mean and std.dev: (262.93, 77.55)
[0000][PE] low and high boundaries for proper pairs: (1, 592)
[0000][PE] analyzing insert size distribution for orientation RF...
[0000][PE] (25, 50, 75) percentile: (439, 2379, 5827)
[0000][PE] low and high boundaries for computing mean and std.dev: (1, 16603)
[0000][PE] mean and std.dev: (3483.29, 3324.49)
[0000][PE] low and high boundaries for proper pairs: (1, 21991)
[0000][PE] analyzing insert size distribution for orientation RR...
[0000][PE] (25, 50, 75) percentile: (148, 233, 1184)
[0000][PE] low and high boundaries for computing mean and std.dev: (1, 3256)
[0000][PE] mean and std.dev: (347.19, 549.64)
[0000][PE] low and high boundaries for proper pairs: (1, 4292)
[0000][PE] skip orientation FF
[0000][PE] skip orientation RF
[0000][PE] skip orientation RR
[0000] 3. Calling kt_for - worker_sam
	[0000][ M::kt_pipeline] read 2817770 sequences (400000131 bp)...
	[0000][ M::mem_process_seqs] Processed 2821072 reads in 414.365 CPU sec, 11.099 real sec
[0000] Calling mem_process_seqs.., task: 2
[0000] 1. Calling kt_for - worker_bwt
[0000] 2. Calling kt_for - worker_aln
[0000] Inferring insert size distribution of PE reads from data, l_pac: 656111652, n: 2817770
[0000][PE] # candidate unique pairs for (FF, FR, RF, RR): (57, 1117162, 110, 45)
[0000][PE] analyzing insert size distribution for orientation FF...
[0000][PE] (25, 50, 75) percentile: (140, 196, 253)
[0000][PE] low and high boundaries for computing mean and std.dev: (1, 479)
[0000][PE] mean and std.dev: (174.92, 77.55)
[0000][PE] low and high boundaries for proper pairs: (1, 592)
[0000][PE] analyzing insert size distribution for orientation FR...
[0000][PE] (25, 50, 75) percentile: (228, 277, 319)
[0000][PE] low and high boundaries for computing mean and std.dev: (46, 501)
[0000][PE] mean and std.dev: (262.88, 77.54)
[0000][PE] low and high boundaries for proper pairs: (1, 592)
[0000][PE] analyzing insert size distribution for orientation RF...
[0000][PE] (25, 50, 75) percentile: (231, 2160, 6412)
[0000][PE] low and high boundaries for computing mean and std.dev: (1, 18774)
[0000][PE] mean and std.dev: (3515.68, 3325.11)
[0000][PE] low and high boundaries for proper pairs: (1, 24955)
[0000][PE] analyzing insert size distribution for orientation RR...
[0000][PE] (25, 50, 75) percentile: (163, 206, 1131)
[0000][PE] low and high boundaries for computing mean and std.dev: (1, 3067)
[0000][PE] mean and std.dev: (343.72, 434.65)
[0000][PE] low and high boundaries for proper pairs: (1, 4035)
[0000][PE] skip orientation FF
[0000][PE] skip orientation RF
[0000][PE] skip orientation RR
[0000] 3. Calling kt_for - worker_sam
	[0000][ M::mem_process_seqs] Processed 2817770 reads in 483.046 CPU sec, 13.425 real sec
[0000] read_chunk: 400000000, work_chunk_size: 400000159, nseq: 2819804
	[0000][ M::kt_pipeline] read 2819804 sequences (400000159 bp)...
[0000] Calling mem_process_seqs.., task: 3
[0000] 1. Calling kt_for - worker_bwt
[0000] 2. Calling kt_for - worker_aln
[0000] Inferring insert size distribution of PE reads from data, l_pac: 656111652, n: 2819804
[0000][PE] # candidate unique pairs for (FF, FR, RF, RR): (56, 1138937, 112, 65)
[0000][PE] analyzing insert size distribution for orientation FF...
[0000][PE] (25, 50, 75) percentile: (146, 196, 384)
[0000][PE] low and high boundaries for computing mean and std.dev: (1, 860)
[0000][PE] mean and std.dev: (211.12, 117.93)
[0000][PE] low and high boundaries for proper pairs: (1, 1098)
[0000][PE] analyzing insert size distribution for orientation FR...
[0000][PE] (25, 50, 75) percentile: (228, 277, 319)
[0000][PE] low and high boundaries for computing mean and std.dev: (46, 501)
[0000][PE] mean and std.dev: (262.88, 77.61)
[0000][PE] low and high boundaries for proper pairs: (1, 592)
[0000][PE] analyzing insert size distribution for orientation RF...
[0000][PE] (25, 50, 75) percentile: (396, 2266, 6665)
[0000][PE] low and high boundaries for computing mean and std.dev: (1, 19203)
[0000][PE] mean and std.dev: (3417.29, 3162.39)
[0000][PE] low and high boundaries for proper pairs: (1, 25472)
[0000][PE] analyzing insert size distribution for orientation RR...
[0000][PE] (25, 50, 75) percentile: (168, 229, 722)
[0000][PE] low and high boundaries for computing mean and std.dev: (1, 1830)
[0000][PE] mean and std.dev: (340.40, 331.81)
[0000][PE] low and high boundaries for proper pairs: (1, 2384)
[0000][PE] skip orientation FF
[0000][PE] skip orientation RF
[0000][PE] skip orientation RR
[0000] 3. Calling kt_for - worker_sam
	[0000][ M::mem_process_seqs] Processed 2819804 reads in 430.013 CPU sec, 11.744 real sec
[0000] read_chunk: 400000000, work_chunk_size: 400000025, nseq: 2821056
	[0000][ M::kt_pipeline] read 2821056 sequences (400000025 bp)...
[0000] Calling mem_process_seqs.., task: 4
[0000] 1. Calling kt_for - worker_bwt
[0000] 2. Calling kt_for - worker_aln
[0000] Inferring insert size distribution of PE reads from data, l_pac: 656111652, n: 2821056
[0000][PE] # candidate unique pairs for (FF, FR, RF, RR): (48, 1133783, 110, 54)
[0000][PE] analyzing insert size distribution for orientation FF...
[0000][PE] (25, 50, 75) percentile: (129, 184, 1010)
[0000][PE] low and high boundaries for computing mean and std.dev: (1, 2772)
[0000][PE] mean and std.dev: (262.41, 348.82)
[0000][PE] low and high boundaries for proper pairs: (1, 3653)
[0000][PE] analyzing insert size distribution for orientation FR...
[0000][PE] (25, 50, 75) percentile: (228, 277, 319)
[0000][PE] low and high boundaries for computing mean and std.dev: (46, 501)
[0000][PE] mean and std.dev: (262.88, 77.61)
[0000][PE] low and high boundaries for proper pairs: (1, 592)
[0000][PE] analyzing insert size distribution for orientation RF...
[0000][PE] (25, 50, 75) percentile: (625, 2705, 5972)
[0000][PE] low and high boundaries for computing mean and std.dev: (1, 16666)
[0000][PE] mean and std.dev: (3294.27, 2864.30)
[0000][PE] low and high boundaries for proper pairs: (1, 22013)
[0000][PE] analyzing insert size distribution for orientation RR...
[0000][PE] (25, 50, 75) percentile: (189, 347, 1116)
[0000][PE] low and high boundaries for computing mean and std.dev: (1, 2970)
[0000][PE] mean and std.dev: (554.35, 577.56)
[0000][PE] low and high boundaries for proper pairs: (1, 3897)
[0000][PE] skip orientation FF
[0000][PE] skip orientation RF
[0000][PE] skip orientation RR
[0000] 3. Calling kt_for - worker_sam
[0000] read_chunk: 400000000, work_chunk_size: 400000201, nseq: 2820752
	[0000][ M::kt_pipeline] read 2820752 sequences (400000201 bp)...
	[0000][ M::mem_process_seqs] Processed 2821056 reads in 432.708 CPU sec, 11.489 real sec
[0000] Calling mem_process_seqs.., task: 5
[0000] 1. Calling kt_for - worker_bwt
[0000] 2. Calling kt_for - worker_aln
[0000] Inferring insert size distribution of PE reads from data, l_pac: 656111652, n: 2820752
[0000][PE] # candidate unique pairs for (FF, FR, RF, RR): (42, 1133641, 109, 55)
[0000][PE] analyzing insert size distribution for orientation FF...
[0000][PE] (25, 50, 75) percentile: (142, 210, 990)
[0000][PE] low and high boundaries for computing mean and std.dev: (1, 2686)
[0000][PE] mean and std.dev: (489.26, 674.13)
[0000][PE] low and high boundaries for proper pairs: (1, 3534)
[0000][PE] analyzing insert size distribution for orientation FR...
[0000][PE] (25, 50, 75) percentile: (228, 277, 319)
[0000][PE] low and high boundaries for computing mean and std.dev: (46, 501)
[0000][PE] mean and std.dev: (262.76, 77.68)
[0000][PE] low and high boundaries for proper pairs: (1, 592)
[0000][PE] analyzing insert size distribution for orientation RF...
[0000][PE] (25, 50, 75) percentile: (692, 3198, 7562)
[0000][PE] low and high boundaries for computing mean and std.dev: (1, 21302)
[0000][PE] mean and std.dev: (3978.43, 3454.33)
[0000][PE] low and high boundaries for proper pairs: (1, 28172)
[0000][PE] analyzing insert size distribution for orientation RR...
[0000][PE] (25, 50, 75) percentile: (155, 239, 1416)
[0000][PE] low and high boundaries for computing mean and std.dev: (1, 3938)
[0000][PE] mean and std.dev: (337.56, 389.67)
[0000][PE] low and high boundaries for proper pairs: (1, 5199)
[0000][PE] skip orientation FF
[0000][PE] skip orientation RF
[0000][PE] skip orientation RR
[0000] 3. Calling kt_for - worker_sam
[0000] read_chunk: 400000000, work_chunk_size: 154735923, nseq: 1091580
	[0000][ M::kt_pipeline] read 1091580 sequences (154735923 bp)...
	[0000][ M::mem_process_seqs] Processed 2820752 reads in 446.119 CPU sec, 12.036 real sec
[0000] Calling mem_process_seqs.., task: 6
[0000] 1. Calling kt_for - worker_bwt
[0000] 2. Calling kt_for - worker_aln
[0000] Inferring insert size distribution of PE reads from data, l_pac: 656111652, n: 1091580
[0000][PE] # candidate unique pairs for (FF, FR, RF, RR): (23, 448122, 39, 24)
[0000][PE] analyzing insert size distribution for orientation FF...
[0000][PE] (25, 50, 75) percentile: (144, 183, 234)
[0000][PE] low and high boundaries for computing mean and std.dev: (1, 414)
[0000][PE] mean and std.dev: (165.11, 47.98)
[0000][PE] low and high boundaries for proper pairs: (1, 504)
[0000][PE] analyzing insert size distribution for orientation FR...
[0000][PE] (25, 50, 75) percentile: (228, 277, 319)
[0000][PE] low and high boundaries for computing mean and std.dev: (46, 501)
[0000][PE] mean and std.dev: (262.86, 77.52)
[0000][PE] low and high boundaries for proper pairs: (1, 592)
[0000][PE] analyzing insert size distribution for orientation RF...
[0000][PE] (25, 50, 75) percentile: (605, 1894, 6206)
[0000][PE] low and high boundaries for computing mean and std.dev: (1, 17408)
[0000][PE] mean and std.dev: (3679.18, 3311.66)
[0000][PE] low and high boundaries for proper pairs: (1, 23009)
[0000][PE] analyzing insert size distribution for orientation RR...
[0000][PE] (25, 50, 75) percentile: (158, 217, 1064)
[0000][PE] low and high boundaries for computing mean and std.dev: (1, 2876)
[0000][PE] mean and std.dev: (528.10, 718.09)
[0000][PE] low and high boundaries for proper pairs: (1, 3782)
[0000][PE] skip orientation FF
[0000][PE] skip orientation RF
[0000][PE] skip orientation RR
[0000] 3. Calling kt_for - worker_sam
[0000] read_chunk: 400000000, work_chunk_size: 0, nseq: 0
	[0000][ M::mem_process_seqs] Processed 1091580 reads in 152.820 CPU sec, 4.361 real sec
[0000] read_chunk: 400000000, work_chunk_size: 0, nseq: 0
[0000] Computation ends..
No. of OMP threads: 40
Processor is running @2394.729054 MHz
Runtime profile:

	Time taken for main_mem function: 159.97 sec

	IO times (sec) :
	Reading IO time (reads) avg: 78.97, (78.97, 78.97)
	Writing IO time (SAM) avg: 22.47, (22.47, 22.47)
	Reading IO time (Reference Genome) avg: 0.60, (0.60, 0.60)
	Index read time avg: 0.13, (0.13, 0.13)

	Overall time (sec) (Excluding Index reading time):
	PROCESS() (Total compute time + (read + SAM) IO time) : 159.24
	MEM_PROCESS_SEQ() (Total compute time (Kernel + SAM)), avg: 78.00, (78.00, 78.00)

	 SAM Processing time (sec):
	--WORKER_SAM avg: 31.15, (31.15, 31.15)

	Kernels' compute time (sec):
	Total kernel (smem+sal+bsw) time avg: 44.88, (44.88, 44.88)
		MEM_ALN_CHAIN_FLT avg: 0.00, (0.00, 0.00)
		MEM_ALN_CHAIN_SEED avg: 0.00, (0.00, 0.00)
		ERT_SEED_CHAIN avg: 0.00, (0.00, 0.00)
	LEARNED_SEED_CHAIN avg: 17.76, (17.85, 17.70)
		SMEM compute avg: 0.00, (0.00, 0.00)
		SAL compute avg: 0.00, (0.00, 0.00)
				MEM_SA avg: 0.00, (0.00, 0.00)

		BSW time, avg: 25.57, (25.77, 25.41)

Important parameter settings: 
	BATCH_SIZE: 512
	MAX_SEQ_LEN_REF: 256
	MAX_SEQ_LEN_QER: 128
	MAX_SEQ_LEN8: 128
	SEEDS_PER_READ: 500
	SIMD_WIDTH8 X: 64
	SIMD_WIDTH16 X: 32
	AVG_SEEDS_PER_READ: 64
