Looking to launch executable "/opt/conda/bin/bwa-meme_mode3.avx512bw", simd = _mode3.avx512bw
Launching executable "/opt/conda/bin/bwa-meme_mode3.avx512bw"
-----------------------------
Executing in AVX512 mode!!
-----------------------------
* SA compression enabled with xfactor: 8
* Ref file: reference.902362185.genome.fasta
* Entering FMI_search
Reading other elements of the index from files reference.902362185.genome.fasta
* Index prefix: reference.902362185.genome.fasta
* Read 0 ALT contigs
* Reading reference genome..
* Binary seq file = reference.902362185.genome.fasta.0123
* Reference genome size: 1312223304 bp
* Done reading reference genome !!

------------------------------------------
1. Memory pre-allocation for Chaining: 5679.4903 MB
2. Memory pre-allocation for BSW: 9584.6810 MB
[M::memoryAllocLearned::MEME] Reading Learned-index models into memory
[Learned-Config] MODE:3 SEARCH_METHOD: 1 MEM_TRADEOFF:1 EXPONENTIAL_SMEMSEARCH: 1 DEBUG_MODE:0 Num 2nd Models:268435456 PWL Bits Used:28
[M::memoryAllocLearned::MEME] Loading RMI model and Pac reference file took 9.433 sec
[M::memoryAllocLearned::MEME] Reading suffix array into memory
[M::memoryAllocLearned::MEME] Loading pos_packed file took 11.819 sec
[M::memoryAllocLearned::MEME] Generating SA, 64-bit Suffix and ISA in memory
[M::memoryAllocLearned::MEME] Runtime-build-index took 15.152 sec
3. Memory pre-allocation for BWT: 7204.5072 MB
------------------------------------------
* Threads used (compute): 40
* No. of pipeline threads: 2

[0000] read_chunk: 400000000, work_chunk_size: 400000194, nseq: 2989028
	[0000][ M::kt_pipeline] read 2989028 sequences (400000194 bp)...
[0000] Reallocating initial memory allocations!!
[0000] read_chunk: 400000000, work_chunk_size: 20538847, nseq: 153762
	[0000][ M::kt_pipeline] read 153762 sequences (20538847 bp)...
[0000] Calling mem_process_seqs.., task: 0
[0000] 1. Calling kt_for - worker_bwt
[0000] 2. Calling kt_for - worker_aln
[0000] Inferring insert size distribution of PE reads from data, l_pac: 656111652, n: 2989028
[0000][PE] # candidate unique pairs for (FF, FR, RF, RR): (72, 1200484, 92, 43)
[0000][PE] analyzing insert size distribution for orientation FF...
[0000][PE] (25, 50, 75) percentile: (96, 181, 295)
[0000][PE] low and high boundaries for computing mean and std.dev: (1, 693)
[0000][PE] mean and std.dev: (142.14, 80.72)
[0000][PE] low and high boundaries for proper pairs: (1, 892)
[0000][PE] analyzing insert size distribution for orientation FR...
[0000][PE] (25, 50, 75) percentile: (137, 237, 293)
[0000][PE] low and high boundaries for computing mean and std.dev: (1, 605)
[0000][PE] mean and std.dev: (219.36, 92.80)
[0000][PE] low and high boundaries for proper pairs: (1, 761)
[0000][PE] analyzing insert size distribution for orientation RF...
[0000][PE] (25, 50, 75) percentile: (458, 3645, 5984)
[0000][PE] low and high boundaries for computing mean and std.dev: (1, 17036)
[0000][PE] mean and std.dev: (3590.34, 3134.48)
[0000][PE] low and high boundaries for proper pairs: (1, 22562)
[0000][PE] analyzing insert size distribution for orientation RR...
[0000][PE] (25, 50, 75) percentile: (103, 205, 917)
[0000][PE] low and high boundaries for computing mean and std.dev: (1, 2545)
[0000][PE] mean and std.dev: (369.13, 517.07)
[0000][PE] low and high boundaries for proper pairs: (1, 3359)
[0000][PE] skip orientation FF
[0000][PE] skip orientation RF
[0000][PE] skip orientation RR
[0000] 3. Calling kt_for - worker_sam
	[0000][ M::mem_process_seqs] Processed 2989028 reads in 416.743 CPU sec, 11.230 real sec
[0000] Calling mem_process_seqs.., task: 1
[0000] 1. Calling kt_for - worker_bwt
[0000] 2. Calling kt_for - worker_aln
[0000] Inferring insert size distribution of PE reads from data, l_pac: 656111652, n: 153762
[0000][PE] # candidate unique pairs for (FF, FR, RF, RR): (1, 62700, 3, 3)
[0000][PE] skip orientation FF as there are not enough pairs
[0000][PE] analyzing insert size distribution for orientation FR...
[0000][PE] (25, 50, 75) percentile: (136, 236, 293)
[0000][PE] low and high boundaries for computing mean and std.dev: (1, 607)
[0000][PE] mean and std.dev: (218.90, 92.94)
[0000][PE] low and high boundaries for proper pairs: (1, 764)
[0000][PE] skip orientation RF as there are not enough pairs
[0000][PE] skip orientation RR as there are not enough pairs
[0000] 3. Calling kt_for - worker_sam
	[0000][ M::mem_process_seqs] Processed 153762 reads in 20.767 CPU sec, 0.736 real sec
[0000] read_chunk: 400000000, work_chunk_size: 0, nseq: 0
[0000] read_chunk: 400000000, work_chunk_size: 0, nseq: 0
[0000] Computation ends..
No. of OMP threads: 40
Processor is running @2394.758286 MHz
Runtime profile:

	Time taken for main_mem function: 52.61 sec

	IO times (sec) :
	Reading IO time (reads) avg: 8.86, (8.86, 8.86)
	Writing IO time (SAM) avg: 2.28, (2.28, 2.28)
	Reading IO time (Reference Genome) avg: 0.49, (0.49, 0.49)
	Index read time avg: 0.12, (0.12, 0.12)

	Overall time (sec) (Excluding Index reading time):
	PROCESS() (Total compute time + (read + SAM) IO time) : 51.99
	MEM_PROCESS_SEQ() (Total compute time (Kernel + SAM)), avg: 11.96, (11.96, 11.96)

	 SAM Processing time (sec):
	--WORKER_SAM avg: 5.09, (5.09, 5.09)

	Kernels' compute time (sec):
	Total kernel (smem+sal+bsw) time avg: 6.55, (6.55, 6.55)
		MEM_ALN_CHAIN_FLT avg: 0.00, (0.00, 0.00)
		MEM_ALN_CHAIN_SEED avg: 0.00, (0.00, 0.00)
		ERT_SEED_CHAIN avg: 0.00, (0.00, 0.00)
	LEARNED_SEED_CHAIN avg: 2.28, (2.30, 2.27)
		SMEM compute avg: 0.00, (0.00, 0.00)
		SAL compute avg: 0.00, (0.00, 0.00)
				MEM_SA avg: 0.00, (0.00, 0.00)

		BSW time, avg: 3.97, (4.07, 3.89)

Important parameter settings: 
	BATCH_SIZE: 512
	MAX_SEQ_LEN_REF: 256
	MAX_SEQ_LEN_QER: 128
	MAX_SEQ_LEN8: 128
	SEEDS_PER_READ: 500
	SIMD_WIDTH8 X: 64
	SIMD_WIDTH16 X: 32
	AVG_SEEDS_PER_READ: 64
