Looking to launch executable "/opt/conda/bin/bwa-meme_mode3.avx512bw", simd = _mode3.avx512bw
Launching executable "/opt/conda/bin/bwa-meme_mode3.avx512bw"
-----------------------------
Executing in AVX512 mode!!
-----------------------------
* SA compression enabled with xfactor: 8
* Ref file: reference.902362185.genome.fasta
* Entering FMI_search
Reading other elements of the index from files reference.902362185.genome.fasta
* Index prefix: reference.902362185.genome.fasta
* Read 0 ALT contigs
* Reading reference genome..
* Binary seq file = reference.902362185.genome.fasta.0123
* Reference genome size: 1312223304 bp
* Done reading reference genome !!

------------------------------------------
1. Memory pre-allocation for Chaining: 5679.4903 MB
2. Memory pre-allocation for BSW: 9584.6810 MB
[M::memoryAllocLearned::MEME] Reading Learned-index models into memory
[Learned-Config] MODE:3 SEARCH_METHOD: 1 MEM_TRADEOFF:1 EXPONENTIAL_SMEMSEARCH: 1 DEBUG_MODE:0 Num 2nd Models:268435456 PWL Bits Used:28
[M::memoryAllocLearned::MEME] Loading RMI model and Pac reference file took 9.440 sec
[M::memoryAllocLearned::MEME] Reading suffix array into memory
[M::memoryAllocLearned::MEME] Loading pos_packed file took 11.826 sec
[M::memoryAllocLearned::MEME] Generating SA, 64-bit Suffix and ISA in memory
[M::memoryAllocLearned::MEME] Runtime-build-index took 15.174 sec
3. Memory pre-allocation for BWT: 7204.5072 MB
------------------------------------------
* Threads used (compute): 40
* No. of pipeline threads: 2

[0000] read_chunk: 400000000, work_chunk_size: 400000157, nseq: 2758412
	[0000][ M::kt_pipeline] read 2758412 sequences (400000157 bp)...
[0000] Reallocating initial memory allocations!!
[0000] Calling mem_process_seqs.., task: 0
[0000] 1. Calling kt_for - worker_bwt
[0000] 2. Calling kt_for - worker_aln
[0000] Inferring insert size distribution of PE reads from data, l_pac: 656111652, n: 2758412
[0000][PE] # candidate unique pairs for (FF, FR, RF, RR): (122, 1085549, 110, 97)
[0000][PE] analyzing insert size distribution for orientation FF...
[0000][PE] (25, 50, 75) percentile: (126, 182, 262)
[0000][PE] low and high boundaries for computing mean and std.dev: (1, 534)
[0000][PE] mean and std.dev: (165.15, 74.05)
[0000][PE] low and high boundaries for proper pairs: (1, 670)
[0000][PE] analyzing insert size distribution for orientation FR...
[0000][PE] (25, 50, 75) percentile: (244, 286, 324)
[0000][PE] low and high boundaries for computing mean and std.dev: (84, 484)
[0000][PE] mean and std.dev: (281.67, 59.43)
[0000][PE] low and high boundaries for proper pairs: (4, 564)
[0000][PE] analyzing insert size distribution for orientation RF...
[0000][PE] (25, 50, 75) percentile: (600, 2571, 6314)
[0000][PE] low and high boundaries for computing mean and std.dev: (1, 17742)
[0000][PE] mean and std.dev: (3672.05, 3247.54)
[0000][PE] low and high boundaries for proper pairs: (1, 23456)
[0000][PE] analyzing insert size distribution for orientation RR...
[0000][PE] (25, 50, 75) percentile: (134, 191, 296)
[0000][PE] low and high boundaries for computing mean and std.dev: (1, 620)
[0000][PE] mean and std.dev: (184.18, 89.46)
[0000][PE] low and high boundaries for proper pairs: (1, 782)
[0000][PE] skip orientation FF
[0000][PE] skip orientation RF
[0000][PE] skip orientation RR
[0000] 3. Calling kt_for - worker_sam
[0000] read_chunk: 400000000, work_chunk_size: 400000214, nseq: 2761074
	[0000][ M::kt_pipeline] read 2761074 sequences (400000214 bp)...
	[0000][ M::mem_process_seqs] Processed 2758412 reads in 492.562 CPU sec, 13.030 real sec
[0000] Reallocating initial memory allocations!!
[0000] Calling mem_process_seqs.., task: 1
[0000] 1. Calling kt_for - worker_bwt
[0000] 2. Calling kt_for - worker_aln
[0000] Inferring insert size distribution of PE reads from data, l_pac: 656111652, n: 2761074
[0000][PE] # candidate unique pairs for (FF, FR, RF, RR): (138, 1124852, 119, 114)
[0000][PE] analyzing insert size distribution for orientation FF...
[0000][PE] (25, 50, 75) percentile: (141, 200, 267)
[0000][PE] low and high boundaries for computing mean and std.dev: (1, 519)
[0000][PE] mean and std.dev: (182.57, 66.15)
[0000][PE] low and high boundaries for proper pairs: (1, 645)
[0000][PE] analyzing insert size distribution for orientation FR...
[0000][PE] (25, 50, 75) percentile: (245, 286, 324)
[0000][PE] low and high boundaries for computing mean and std.dev: (87, 482)
[0000][PE] mean and std.dev: (282.09, 58.78)
[0000][PE] low and high boundaries for proper pairs: (8, 561)
[0000][PE] analyzing insert size distribution for orientation RF...
[0000][PE] (25, 50, 75) percentile: (420, 2129, 5616)
[0000][PE] low and high boundaries for computing mean and std.dev: (1, 16008)
[0000][PE] mean and std.dev: (3308.89, 3097.15)
[0000][PE] low and high boundaries for proper pairs: (1, 21204)
[0000][PE] analyzing insert size distribution for orientation RR...
[0000][PE] (25, 50, 75) percentile: (142, 209, 423)
[0000][PE] low and high boundaries for computing mean and std.dev: (1, 985)
[0000][PE] mean and std.dev: (185.94, 108.38)
[0000][PE] low and high boundaries for proper pairs: (1, 1266)
[0000][PE] skip orientation FF
[0000][PE] skip orientation RF
[0000][PE] skip orientation RR
[0000] 3. Calling kt_for - worker_sam
[0000] read_chunk: 400000000, work_chunk_size: 400000137, nseq: 2760952
	[0000][ M::mem_process_seqs] Processed 2761074 reads in 388.778 CPU sec, 10.555 real sec
	[0000][ M::kt_pipeline] read 2760952 sequences (400000137 bp)...
[0000] Calling mem_process_seqs.., task: 2
[0000] 1. Calling kt_for - worker_bwt
[0000] 2. Calling kt_for - worker_aln
[0000] Inferring insert size distribution of PE reads from data, l_pac: 656111652, n: 2760952
[0000][PE] # candidate unique pairs for (FF, FR, RF, RR): (117, 1120780, 126, 104)
[0000][PE] analyzing insert size distribution for orientation FF...
[0000][PE] (25, 50, 75) percentile: (138, 180, 250)
[0000][PE] low and high boundaries for computing mean and std.dev: (1, 474)
[0000][PE] mean and std.dev: (176.52, 64.72)
[0000][PE] low and high boundaries for proper pairs: (1, 586)
[0000][PE] analyzing insert size distribution for orientation FR...
[0000][PE] (25, 50, 75) percentile: (244, 286, 324)
[0000][PE] low and high boundaries for computing mean and std.dev: (84, 484)
[0000][PE] mean and std.dev: (281.70, 59.35)
[0000][PE] low and high boundaries for proper pairs: (4, 564)
[0000][PE] analyzing insert size distribution for orientation RF...
[0000][PE] (25, 50, 75) percentile: (1269, 3566, 6055)
[0000][PE] low and high boundaries for computing mean and std.dev: (1, 15627)
[0000][PE] mean and std.dev: (3794.66, 2981.03)
[0000][PE] low and high boundaries for proper pairs: (1, 20413)
[0000][PE] analyzing insert size distribution for orientation RR...
[0000][PE] (25, 50, 75) percentile: (125, 193, 267)
[0000][PE] low and high boundaries for computing mean and std.dev: (1, 551)
[0000][PE] mean and std.dev: (177.52, 74.18)
[0000][PE] low and high boundaries for proper pairs: (1, 693)
[0000][PE] skip orientation FF
[0000][PE] skip orientation RF
[0000][PE] skip orientation RR
[0000] 3. Calling kt_for - worker_sam
	[0000][ M::mem_process_seqs] Processed 2760952 reads in 423.083 CPU sec, 13.995 real sec
[0000] read_chunk: 400000000, work_chunk_size: 400000136, nseq: 2758906
	[0000][ M::kt_pipeline] read 2758906 sequences (400000136 bp)...
[0000] Calling mem_process_seqs.., task: 3
[0000] 1. Calling kt_for - worker_bwt
[0000] 2. Calling kt_for - worker_aln
[0000] Inferring insert size distribution of PE reads from data, l_pac: 656111652, n: 2758906
[0000][PE] # candidate unique pairs for (FF, FR, RF, RR): (118, 1084795, 126, 89)
[0000][PE] analyzing insert size distribution for orientation FF...
[0000][PE] (25, 50, 75) percentile: (109, 182, 249)
[0000][PE] low and high boundaries for computing mean and std.dev: (1, 529)
[0000][PE] mean and std.dev: (172.28, 84.99)
[0000][PE] low and high boundaries for proper pairs: (1, 669)
[0000][PE] analyzing insert size distribution for orientation FR...
[0000][PE] (25, 50, 75) percentile: (244, 286, 325)
[0000][PE] low and high boundaries for computing mean and std.dev: (82, 487)
[0000][PE] mean and std.dev: (281.45, 59.88)
[0000][PE] low and high boundaries for proper pairs: (1, 568)
[0000][PE] analyzing insert size distribution for orientation RF...
[0000][PE] (25, 50, 75) percentile: (821, 3994, 6046)
[0000][PE] low and high boundaries for computing mean and std.dev: (1, 16496)
[0000][PE] mean and std.dev: (3685.99, 3082.71)
[0000][PE] low and high boundaries for proper pairs: (1, 21721)
[0000][PE] analyzing insert size distribution for orientation RR...
[0000][PE] (25, 50, 75) percentile: (155, 208, 272)
[0000][PE] low and high boundaries for computing mean and std.dev: (1, 506)
[0000][PE] mean and std.dev: (192.88, 72.81)
[0000][PE] low and high boundaries for proper pairs: (1, 623)
[0000][PE] skip orientation FF
[0000][PE] skip orientation RF
[0000][PE] skip orientation RR
[0000] 3. Calling kt_for - worker_sam
	[0000][ M::mem_process_seqs] Processed 2758906 reads in 508.448 CPU sec, 16.366 real sec
[0000] read_chunk: 400000000, work_chunk_size: 400000006, nseq: 2759134
	[0000][ M::kt_pipeline] read 2759134 sequences (400000006 bp)...
[0000] Calling mem_process_seqs.., task: 4
[0000] 1. Calling kt_for - worker_bwt
[0000] 2. Calling kt_for - worker_aln
[0000] Inferring insert size distribution of PE reads from data, l_pac: 656111652, n: 2759134
[0000][PE] # candidate unique pairs for (FF, FR, RF, RR): (125, 1101460, 111, 106)
[0000][PE] analyzing insert size distribution for orientation FF...
[0000][PE] (25, 50, 75) percentile: (142, 198, 514)
[0000][PE] low and high boundaries for computing mean and std.dev: (1, 1258)
[0000][PE] mean and std.dev: (194.96, 130.37)
[0000][PE] low and high boundaries for proper pairs: (1, 1630)
[0000][PE] analyzing insert size distribution for orientation FR...
[0000][PE] (25, 50, 75) percentile: (245, 286, 325)
[0000][PE] low and high boundaries for computing mean and std.dev: (85, 485)
[0000][PE] mean and std.dev: (281.95, 59.13)
[0000][PE] low and high boundaries for proper pairs: (5, 565)
[0000][PE] analyzing insert size distribution for orientation RF...
[0000][PE] (25, 50, 75) percentile: (430, 1736, 5199)
[0000][PE] low and high boundaries for computing mean and std.dev: (1, 14737)
[0000][PE] mean and std.dev: (2972.13, 3038.30)
[0000][PE] low and high boundaries for proper pairs: (1, 19506)
[0000][PE] analyzing insert size distribution for orientation RR...
[0000][PE] (25, 50, 75) percentile: (141, 186, 234)
[0000][PE] low and high boundaries for computing mean and std.dev: (1, 420)
[0000][PE] mean and std.dev: (171.74, 67.73)
[0000][PE] low and high boundaries for proper pairs: (1, 513)
[0000][PE] skip orientation FF
[0000][PE] skip orientation RF
[0000][PE] skip orientation RR
[0000] 3. Calling kt_for - worker_sam
	[0000][ M::mem_process_seqs] Processed 2759134 reads in 499.261 CPU sec, 18.900 real sec
[0000] read_chunk: 400000000, work_chunk_size: 400000206, nseq: 2759574
	[0000][ M::kt_pipeline] read 2759574 sequences (400000206 bp)...
[0000] Calling mem_process_seqs.., task: 5
[0000] 1. Calling kt_for - worker_bwt
[0000] 2. Calling kt_for - worker_aln
[0000] Inferring insert size distribution of PE reads from data, l_pac: 656111652, n: 2759574
[0000][PE] # candidate unique pairs for (FF, FR, RF, RR): (118, 1110953, 122, 106)
[0000][PE] analyzing insert size distribution for orientation FF...
[0000][PE] (25, 50, 75) percentile: (147, 211, 365)
[0000][PE] low and high boundaries for computing mean and std.dev: (1, 801)
[0000][PE] mean and std.dev: (201.71, 130.34)
[0000][PE] low and high boundaries for proper pairs: (1, 1019)
[0000][PE] analyzing insert size distribution for orientation FR...
[0000][PE] (25, 50, 75) percentile: (245, 286, 324)
[0000][PE] low and high boundaries for computing mean and std.dev: (87, 482)
[0000][PE] mean and std.dev: (281.99, 58.84)
[0000][PE] low and high boundaries for proper pairs: (8, 561)
[0000][PE] analyzing insert size distribution for orientation RF...
[0000][PE] (25, 50, 75) percentile: (971, 3328, 7446)
[0000][PE] low and high boundaries for computing mean and std.dev: (1, 20396)
[0000][PE] mean and std.dev: (4004.01, 3302.43)
[0000][PE] low and high boundaries for proper pairs: (1, 26871)
[0000][PE] analyzing insert size distribution for orientation RR...
[0000][PE] (25, 50, 75) percentile: (144, 201, 1088)
[0000][PE] low and high boundaries for computing mean and std.dev: (1, 2976)
[0000][PE] mean and std.dev: (363.88, 506.77)
[0000][PE] low and high boundaries for proper pairs: (1, 3920)
[0000][PE] skip orientation FF
[0000][PE] skip orientation RF
[0000][PE] skip orientation RR
[0000] 3. Calling kt_for - worker_sam
	[0000][ M::mem_process_seqs] Processed 2759574 reads in 438.179 CPU sec, 13.117 real sec
[0000] read_chunk: 400000000, work_chunk_size: 400000011, nseq: 2760738
	[0000][ M::kt_pipeline] read 2760738 sequences (400000011 bp)...
[0000] Calling mem_process_seqs.., task: 6
[0000] 1. Calling kt_for - worker_bwt
[0000] 2. Calling kt_for - worker_aln
[0000] Inferring insert size distribution of PE reads from data, l_pac: 656111652, n: 2760738
[0000][PE] # candidate unique pairs for (FF, FR, RF, RR): (155, 1118350, 111, 111)
[0000][PE] analyzing insert size distribution for orientation FF...
[0000][PE] (25, 50, 75) percentile: (152, 196, 250)
[0000][PE] low and high boundaries for computing mean and std.dev: (1, 446)
[0000][PE] mean and std.dev: (177.53, 61.95)
[0000][PE] low and high boundaries for proper pairs: (1, 544)
[0000][PE] analyzing insert size distribution for orientation FR...
[0000][PE] (25, 50, 75) percentile: (245, 286, 325)
[0000][PE] low and high boundaries for computing mean and std.dev: (85, 485)
[0000][PE] mean and std.dev: (281.94, 59.23)
[0000][PE] low and high boundaries for proper pairs: (5, 565)
[0000][PE] analyzing insert size distribution for orientation RF...
[0000][PE] (25, 50, 75) percentile: (381, 3899, 6670)
[0000][PE] low and high boundaries for computing mean and std.dev: (1, 19248)
[0000][PE] mean and std.dev: (3942.12, 3358.58)
[0000][PE] low and high boundaries for proper pairs: (1, 25537)
[0000][PE] analyzing insert size distribution for orientation RR...
[0000][PE] (25, 50, 75) percentile: (139, 188, 254)
[0000][PE] low and high boundaries for computing mean and std.dev: (1, 484)
[0000][PE] mean and std.dev: (172.06, 59.79)
[0000][PE] low and high boundaries for proper pairs: (1, 599)
[0000][PE] skip orientation FF
[0000][PE] skip orientation RF
[0000][PE] skip orientation RR
[0000] 3. Calling kt_for - worker_sam
	[0000][ M::mem_process_seqs] Processed 2760738 reads in 426.188 CPU sec, 13.595 real sec
[0000] read_chunk: 400000000, work_chunk_size: 400000012, nseq: 2760150
	[0000][ M::kt_pipeline] read 2760150 sequences (400000012 bp)...
[0000] Calling mem_process_seqs.., task: 7
[0000] 1. Calling kt_for - worker_bwt
[0000] 2. Calling kt_for - worker_aln
[0000] Inferring insert size distribution of PE reads from data, l_pac: 656111652, n: 2760150
[0000][PE] # candidate unique pairs for (FF, FR, RF, RR): (118, 1114052, 135, 84)
[0000][PE] analyzing insert size distribution for orientation FF...
[0000][PE] (25, 50, 75) percentile: (121, 191, 268)
[0000][PE] low and high boundaries for computing mean and std.dev: (1, 562)
[0000][PE] mean and std.dev: (168.16, 77.02)
[0000][PE] low and high boundaries for proper pairs: (1, 709)
[0000][PE] analyzing insert size distribution for orientation FR...
[0000][PE] (25, 50, 75) percentile: (245, 286, 324)
[0000][PE] low and high boundaries for computing mean and std.dev: (87, 482)
[0000][PE] mean and std.dev: (282.13, 58.76)
[0000][PE] low and high boundaries for proper pairs: (8, 561)
[0000][PE] analyzing insert size distribution for orientation RF...
[0000][PE] (25, 50, 75) percentile: (273, 1527, 5439)
[0000][PE] low and high boundaries for computing mean and std.dev: (1, 15771)
[0000][PE] mean and std.dev: (2909.39, 2996.95)
[0000][PE] low and high boundaries for proper pairs: (1, 20937)
[0000][PE] analyzing insert size distribution for orientation RR...
[0000][PE] (25, 50, 75) percentile: (118, 176, 238)
[0000][PE] low and high boundaries for computing mean and std.dev: (1, 478)
[0000][PE] mean and std.dev: (158.58, 58.86)
[0000][PE] low and high boundaries for proper pairs: (1, 598)
[0000][PE] skip orientation FF
[0000][PE] skip orientation RF
[0000][PE] skip orientation RR
[0000] 3. Calling kt_for - worker_sam
[0000] read_chunk: 400000000, work_chunk_size: 400000122, nseq: 2760850
	[0000][ M::kt_pipeline] read 2760850 sequences (400000122 bp)...
	[0000][ M::mem_process_seqs] Processed 2760150 reads in 445.065 CPU sec, 15.653 real sec
[0000] Calling mem_process_seqs.., task: 8
[0000] 1. Calling kt_for - worker_bwt
[0000] 2. Calling kt_for - worker_aln
[0000] Inferring insert size distribution of PE reads from data, l_pac: 656111652, n: 2760850
[0000][PE] # candidate unique pairs for (FF, FR, RF, RR): (119, 1113799, 126, 108)
[0000][PE] analyzing insert size distribution for orientation FF...
[0000][PE] (25, 50, 75) percentile: (114, 178, 249)
[0000][PE] low and high boundaries for computing mean and std.dev: (1, 519)
[0000][PE] mean and std.dev: (165.96, 69.36)
[0000][PE] low and high boundaries for proper pairs: (1, 654)
[0000][PE] analyzing insert size distribution for orientation FR...
[0000][PE] (25, 50, 75) percentile: (245, 286, 325)
[0000][PE] low and high boundaries for computing mean and std.dev: (85, 485)
[0000][PE] mean and std.dev: (281.84, 59.26)
[0000][PE] low and high boundaries for proper pairs: (5, 565)
[0000][PE] analyzing insert size distribution for orientation RF...
[0000][PE] (25, 50, 75) percentile: (426, 1877, 5215)
[0000][PE] low and high boundaries for computing mean and std.dev: (1, 14793)
[0000][PE] mean and std.dev: (3043.77, 2948.49)
[0000][PE] low and high boundaries for proper pairs: (1, 19582)
[0000][PE] analyzing insert size distribution for orientation RR...
[0000][PE] (25, 50, 75) percentile: (151, 192, 249)
[0000][PE] low and high boundaries for computing mean and std.dev: (1, 445)
[0000][PE] mean and std.dev: (182.39, 69.72)
[0000][PE] low and high boundaries for proper pairs: (1, 543)
[0000][PE] skip orientation FF
[0000][PE] skip orientation RF
[0000][PE] skip orientation RR
[0000] 3. Calling kt_for - worker_sam
	[0000][ M::mem_process_seqs] Processed 2760850 reads in 448.274 CPU sec, 16.188 real sec
[0000] read_chunk: 400000000, work_chunk_size: 400000256, nseq: 2759410
	[0000][ M::kt_pipeline] read 2759410 sequences (400000256 bp)...
[0000] Calling mem_process_seqs.., task: 9
[0000] 1. Calling kt_for - worker_bwt
[0000] 2. Calling kt_for - worker_aln
[0000] Inferring insert size distribution of PE reads from data, l_pac: 656111652, n: 2759410
[0000][PE] # candidate unique pairs for (FF, FR, RF, RR): (112, 1105092, 127, 80)
[0000][PE] analyzing insert size distribution for orientation FF...
[0000][PE] (25, 50, 75) percentile: (148, 207, 270)
[0000][PE] low and high boundaries for computing mean and std.dev: (1, 514)
[0000][PE] mean and std.dev: (193.51, 86.00)
[0000][PE] low and high boundaries for proper pairs: (1, 636)
[0000][PE] analyzing insert size distribution for orientation FR...
[0000][PE] (25, 50, 75) percentile: (245, 286, 324)
[0000][PE] low and high boundaries for computing mean and std.dev: (87, 482)
[0000][PE] mean and std.dev: (282.08, 58.85)
[0000][PE] low and high boundaries for proper pairs: (8, 561)
[0000][PE] analyzing insert size distribution for orientation RF...
[0000][PE] (25, 50, 75) percentile: (848, 3436, 6286)
[0000][PE] low and high boundaries for computing mean and std.dev: (1, 17162)
[0000][PE] mean and std.dev: (3914.46, 3122.22)
[0000][PE] low and high boundaries for proper pairs: (1, 22600)
[0000][PE] analyzing insert size distribution for orientation RR...
[0000][PE] (25, 50, 75) percentile: (121, 179, 221)
[0000][PE] low and high boundaries for computing mean and std.dev: (1, 421)
[0000][PE] mean and std.dev: (166.58, 65.13)
[0000][PE] low and high boundaries for proper pairs: (1, 521)
[0000][PE] skip orientation FF
[0000][PE] skip orientation RF
[0000][PE] skip orientation RR
[0000] 3. Calling kt_for - worker_sam
	[0000][ M::mem_process_seqs] Processed 2759410 reads in 468.290 CPU sec, 15.038 real sec
[0000] read_chunk: 400000000, work_chunk_size: 400000124, nseq: 2760462
	[0000][ M::kt_pipeline] read 2760462 sequences (400000124 bp)...
[0000] Calling mem_process_seqs.., task: 10
[0000] 1. Calling kt_for - worker_bwt
[0000] 2. Calling kt_for - worker_aln
[0000] Inferring insert size distribution of PE reads from data, l_pac: 656111652, n: 2760462
[0000][PE] # candidate unique pairs for (FF, FR, RF, RR): (110, 1113397, 111, 105)
[0000][PE] analyzing insert size distribution for orientation FF...
[0000][PE] (25, 50, 75) percentile: (126, 168, 239)
[0000][PE] low and high boundaries for computing mean and std.dev: (1, 465)
[0000][PE] mean and std.dev: (168.27, 65.73)
[0000][PE] low and high boundaries for proper pairs: (1, 578)
[0000][PE] analyzing insert size distribution for orientation FR...
[0000][PE] (25, 50, 75) percentile: (245, 286, 324)
[0000][PE] low and high boundaries for computing mean and std.dev: (87, 482)
[0000][PE] mean and std.dev: (282.06, 58.78)
[0000][PE] low and high boundaries for proper pairs: (8, 561)
[0000][PE] analyzing insert size distribution for orientation RF...
[0000][PE] (25, 50, 75) percentile: (739, 2040, 5067)
[0000][PE] low and high boundaries for computing mean and std.dev: (1, 13723)
[0000][PE] mean and std.dev: (3200.21, 2975.27)
[0000][PE] low and high boundaries for proper pairs: (1, 18051)
[0000][PE] analyzing insert size distribution for orientation RR...
[0000][PE] (25, 50, 75) percentile: (142, 201, 285)
[0000][PE] low and high boundaries for computing mean and std.dev: (1, 571)
[0000][PE] mean and std.dev: (179.80, 73.27)
[0000][PE] low and high boundaries for proper pairs: (1, 714)
[0000][PE] skip orientation FF
[0000][PE] skip orientation RF
[0000][PE] skip orientation RR
[0000] 3. Calling kt_for - worker_sam
	[0000][ M::mem_process_seqs] Processed 2760462 reads in 437.342 CPU sec, 14.396 real sec
[0000] read_chunk: 400000000, work_chunk_size: 200039064, nseq: 1381232
	[0000][ M::kt_pipeline] read 1381232 sequences (200039064 bp)...
[0000] Calling mem_process_seqs.., task: 11
[0000] 1. Calling kt_for - worker_bwt
[0000] 2. Calling kt_for - worker_aln
[0000] read_chunk: 400000000, work_chunk_size: 0, nseq: 0
[0000] Inferring insert size distribution of PE reads from data, l_pac: 656111652, n: 1381232
[0000][PE] # candidate unique pairs for (FF, FR, RF, RR): (60, 566990, 60, 51)
[0000][PE] analyzing insert size distribution for orientation FF...
[0000][PE] (25, 50, 75) percentile: (135, 172, 268)
[0000][PE] low and high boundaries for computing mean and std.dev: (1, 534)
[0000][PE] mean and std.dev: (156.06, 67.26)
[0000][PE] low and high boundaries for proper pairs: (1, 667)
[0000][PE] analyzing insert size distribution for orientation FR...
[0000][PE] (25, 50, 75) percentile: (244, 286, 324)
[0000][PE] low and high boundaries for computing mean and std.dev: (84, 484)
[0000][PE] mean and std.dev: (281.68, 59.48)
[0000][PE] low and high boundaries for proper pairs: (4, 564)
[0000][PE] analyzing insert size distribution for orientation RF...
[0000][PE] (25, 50, 75) percentile: (408, 1662, 5808)
[0000][PE] low and high boundaries for computing mean and std.dev: (1, 16608)
[0000][PE] mean and std.dev: (3338.25, 3426.00)
[0000][PE] low and high boundaries for proper pairs: (1, 22008)
[0000][PE] analyzing insert size distribution for orientation RR...
[0000][PE] (25, 50, 75) percentile: (140, 180, 241)
[0000][PE] low and high boundaries for computing mean and std.dev: (1, 443)
[0000][PE] mean and std.dev: (183.36, 70.43)
[0000][PE] low and high boundaries for proper pairs: (1, 544)
[0000][PE] skip orientation FF
[0000][PE] skip orientation RF
[0000][PE] skip orientation RR
[0000] 3. Calling kt_for - worker_sam
	[0000][ M::mem_process_seqs] Processed 1381232 reads in 189.129 CPU sec, 5.426 real sec
[0000] read_chunk: 400000000, work_chunk_size: 0, nseq: 0
[0000] Computation ends..
No. of OMP threads: 40
Processor is running @2394.717086 MHz
Runtime profile:

	Time taken for main_mem function: 236.92 sec

	IO times (sec) :
	Reading IO time (reads) avg: 128.01, (128.01, 128.01)
	Writing IO time (SAM) avg: 96.12, (96.12, 96.12)
	Reading IO time (Reference Genome) avg: 0.49, (0.49, 0.49)
	Index read time avg: 0.11, (0.11, 0.11)

	Overall time (sec) (Excluding Index reading time):
	PROCESS() (Total compute time + (read + SAM) IO time) : 236.31
	MEM_PROCESS_SEQ() (Total compute time (Kernel + SAM)), avg: 166.24, (166.24, 166.24)

	 SAM Processing time (sec):
	--WORKER_SAM avg: 80.66, (80.66, 80.66)

	Kernels' compute time (sec):
	Total kernel (smem+sal+bsw) time avg: 81.65, (81.65, 81.65)
		MEM_ALN_CHAIN_FLT avg: 0.00, (0.00, 0.00)
		MEM_ALN_CHAIN_SEED avg: 0.00, (0.00, 0.00)
		ERT_SEED_CHAIN avg: 0.00, (0.00, 0.00)
	LEARNED_SEED_CHAIN avg: 28.10, (28.38, 27.96)
		SMEM compute avg: 0.00, (0.00, 0.00)
		SAL compute avg: 0.00, (0.00, 0.00)
				MEM_SA avg: 0.00, (0.00, 0.00)

		BSW time, avg: 49.71, (50.29, 49.29)

Important parameter settings: 
	BATCH_SIZE: 512
	MAX_SEQ_LEN_REF: 256
	MAX_SEQ_LEN_QER: 128
	MAX_SEQ_LEN8: 128
	SEEDS_PER_READ: 500
	SIMD_WIDTH8 X: 64
	SIMD_WIDTH16 X: 32
	AVG_SEEDS_PER_READ: 64
