Looking to launch executable "/opt/conda/bin/bwa-meme_mode3.avx512bw", simd = _mode3.avx512bw
Launching executable "/opt/conda/bin/bwa-meme_mode3.avx512bw"
-----------------------------
Executing in AVX512 mode!!
-----------------------------
* SA compression enabled with xfactor: 8
* Ref file: reference.902362185.genome.fasta
* Entering FMI_search
Reading other elements of the index from files reference.902362185.genome.fasta
* Index prefix: reference.902362185.genome.fasta
* Read 0 ALT contigs
* Reading reference genome..
* Binary seq file = reference.902362185.genome.fasta.0123
* Reference genome size: 1312223304 bp
* Done reading reference genome !!

------------------------------------------
1. Memory pre-allocation for Chaining: 5679.4903 MB
2. Memory pre-allocation for BSW: 9584.6810 MB
[M::memoryAllocLearned::MEME] Reading Learned-index models into memory
[Learned-Config] MODE:3 SEARCH_METHOD: 1 MEM_TRADEOFF:1 EXPONENTIAL_SMEMSEARCH: 1 DEBUG_MODE:0 Num 2nd Models:268435456 PWL Bits Used:28
[M::memoryAllocLearned::MEME] Loading RMI model and Pac reference file took 9.947 sec
[M::memoryAllocLearned::MEME] Reading suffix array into memory
[M::memoryAllocLearned::MEME] Loading pos_packed file took 12.835 sec
[M::memoryAllocLearned::MEME] Generating SA, 64-bit Suffix and ISA in memory
[M::memoryAllocLearned::MEME] Runtime-build-index took 15.239 sec
3. Memory pre-allocation for BWT: 7204.5072 MB
------------------------------------------
* Threads used (compute): 40
* No. of pipeline threads: 2

[0000] read_chunk: 400000000, work_chunk_size: 400000030, nseq: 2777248
	[0000][ M::kt_pipeline] read 2777248 sequences (400000030 bp)...
[0000] Reallocating initial memory allocations!!
[0000] Calling mem_process_seqs.., task: 0
[0000] 1. Calling kt_for - worker_bwt
[0000] 2. Calling kt_for - worker_aln
[0000] Inferring insert size distribution of PE reads from data, l_pac: 656111652, n: 2777248
[0000][PE] # candidate unique pairs for (FF, FR, RF, RR): (94, 1106812, 79, 81)
[0000][PE] analyzing insert size distribution for orientation FF...
[0000][PE] (25, 50, 75) percentile: (137, 202, 332)
[0000][PE] low and high boundaries for computing mean and std.dev: (1, 722)
[0000][PE] mean and std.dev: (186.81, 75.58)
[0000][PE] low and high boundaries for proper pairs: (1, 917)
[0000][PE] analyzing insert size distribution for orientation FR...
[0000][PE] (25, 50, 75) percentile: (244, 287, 325)
[0000][PE] low and high boundaries for computing mean and std.dev: (82, 487)
[0000][PE] mean and std.dev: (281.35, 60.79)
[0000][PE] low and high boundaries for proper pairs: (1, 568)
[0000][PE] analyzing insert size distribution for orientation RF...
[0000][PE] (25, 50, 75) percentile: (628, 2990, 6372)
[0000][PE] low and high boundaries for computing mean and std.dev: (1, 17860)
[0000][PE] mean and std.dev: (3727.44, 3151.32)
[0000][PE] low and high boundaries for proper pairs: (1, 23604)
[0000][PE] analyzing insert size distribution for orientation RR...
[0000][PE] (25, 50, 75) percentile: (151, 202, 241)
[0000][PE] low and high boundaries for computing mean and std.dev: (1, 421)
[0000][PE] mean and std.dev: (188.20, 62.26)
[0000][PE] low and high boundaries for proper pairs: (1, 511)
[0000][PE] skip orientation FF
[0000][PE] skip orientation RF
[0000][PE] skip orientation RR
[0000] 3. Calling kt_for - worker_sam
[0000] read_chunk: 400000000, work_chunk_size: 400000046, nseq: 2779516
	[0000][ M::kt_pipeline] read 2779516 sequences (400000046 bp)...
	[0000][ M::mem_process_seqs] Processed 2777248 reads in 456.695 CPU sec, 12.133 real sec
[0000] Reallocating initial memory allocations!!
[0000] Calling mem_process_seqs.., task: 1
[0000] 1. Calling kt_for - worker_bwt
[0000] 2. Calling kt_for - worker_aln
[0000] Inferring insert size distribution of PE reads from data, l_pac: 656111652, n: 2779516
[0000][PE] # candidate unique pairs for (FF, FR, RF, RR): (90, 1143633, 124, 92)
[0000][PE] analyzing insert size distribution for orientation FF...
[0000][PE] (25, 50, 75) percentile: (135, 199, 252)
[0000][PE] low and high boundaries for computing mean and std.dev: (1, 486)
[0000][PE] mean and std.dev: (182.79, 82.26)
[0000][PE] low and high boundaries for proper pairs: (1, 603)
[0000][PE] analyzing insert size distribution for orientation FR...
[0000][PE] (25, 50, 75) percentile: (244, 287, 325)
[0000][PE] low and high boundaries for computing mean and std.dev: (82, 487)
[0000][PE] mean and std.dev: (281.54, 60.75)
[0000][PE] low and high boundaries for proper pairs: (1, 568)
[0000][PE] analyzing insert size distribution for orientation RF...
[0000][PE] (25, 50, 75) percentile: (714, 3779, 5787)
[0000][PE] low and high boundaries for computing mean and std.dev: (1, 15933)
[0000][PE] mean and std.dev: (3709.82, 3064.08)
[0000][PE] low and high boundaries for proper pairs: (1, 21006)
[0000][PE] analyzing insert size distribution for orientation RR...
[0000][PE] (25, 50, 75) percentile: (158, 200, 546)
[0000][PE] low and high boundaries for computing mean and std.dev: (1, 1322)
[0000][PE] mean and std.dev: (233.28, 226.03)
[0000][PE] low and high boundaries for proper pairs: (1, 1710)
[0000][PE] skip orientation FF
[0000][PE] skip orientation RF
[0000][PE] skip orientation RR
[0000] 3. Calling kt_for - worker_sam
[0000] read_chunk: 400000000, work_chunk_size: 400000257, nseq: 2779824
	[0000][ M::mem_process_seqs] Processed 2779516 reads in 372.546 CPU sec, 10.039 real sec
	[0000][ M::kt_pipeline] read 2779824 sequences (400000257 bp)...
[0000] Reallocating initial memory allocations!!
[0000] Calling mem_process_seqs.., task: 2
[0000] 1. Calling kt_for - worker_bwt
[0000] 2. Calling kt_for - worker_aln
[0000] Inferring insert size distribution of PE reads from data, l_pac: 656111652, n: 2779824
[0000][PE] # candidate unique pairs for (FF, FR, RF, RR): (102, 1133723, 120, 85)
[0000][PE] analyzing insert size distribution for orientation FF...
[0000][PE] (25, 50, 75) percentile: (141, 192, 250)
[0000][PE] low and high boundaries for computing mean and std.dev: (1, 468)
[0000][PE] mean and std.dev: (177.36, 67.64)
[0000][PE] low and high boundaries for proper pairs: (1, 577)
[0000][PE] analyzing insert size distribution for orientation FR...
[0000][PE] (25, 50, 75) percentile: (244, 287, 325)
[0000][PE] low and high boundaries for computing mean and std.dev: (82, 487)
[0000][PE] mean and std.dev: (281.38, 60.79)
[0000][PE] low and high boundaries for proper pairs: (1, 568)
[0000][PE] analyzing insert size distribution for orientation RF...
[0000][PE] (25, 50, 75) percentile: (454, 2598, 5811)
[0000][PE] low and high boundaries for computing mean and std.dev: (1, 16525)
[0000][PE] mean and std.dev: (3366.41, 3113.02)
[0000][PE] low and high boundaries for proper pairs: (1, 21882)
[0000][PE] analyzing insert size distribution for orientation RR...
[0000][PE] (25, 50, 75) percentile: (137, 188, 258)
[0000][PE] low and high boundaries for computing mean and std.dev: (1, 500)
[0000][PE] mean and std.dev: (173.38, 70.93)
[0000][PE] low and high boundaries for proper pairs: (1, 621)
[0000][PE] skip orientation FF
[0000][PE] skip orientation RF
[0000][PE] skip orientation RR
[0000] 3. Calling kt_for - worker_sam
[0000] read_chunk: 400000000, work_chunk_size: 400000023, nseq: 2776524
	[0000][ M::kt_pipeline] read 2776524 sequences (400000023 bp)...
	[0000][ M::mem_process_seqs] Processed 2779824 reads in 395.621 CPU sec, 10.977 real sec
[0000] Calling mem_process_seqs.., task: 3
[0000] 1. Calling kt_for - worker_bwt
[0000] 2. Calling kt_for - worker_aln
[0000] Inferring insert size distribution of PE reads from data, l_pac: 656111652, n: 2776524
[0000][PE] # candidate unique pairs for (FF, FR, RF, RR): (111, 1105315, 130, 113)
[0000][PE] analyzing insert size distribution for orientation FF...
[0000][PE] (25, 50, 75) percentile: (133, 190, 250)
[0000][PE] low and high boundaries for computing mean and std.dev: (1, 484)
[0000][PE] mean and std.dev: (172.24, 63.96)
[0000][PE] low and high boundaries for proper pairs: (1, 601)
[0000][PE] analyzing insert size distribution for orientation FR...
[0000][PE] (25, 50, 75) percentile: (244, 287, 325)
[0000][PE] low and high boundaries for computing mean and std.dev: (82, 487)
[0000][PE] mean and std.dev: (281.52, 60.67)
[0000][PE] low and high boundaries for proper pairs: (1, 568)
[0000][PE] analyzing insert size distribution for orientation RF...
[0000][PE] (25, 50, 75) percentile: (789, 3339, 6050)
[0000][PE] low and high boundaries for computing mean and std.dev: (1, 16572)
[0000][PE] mean and std.dev: (3455.52, 2878.37)
[0000][PE] low and high boundaries for proper pairs: (1, 21833)
[0000][PE] analyzing insert size distribution for orientation RR...
[0000][PE] (25, 50, 75) percentile: (156, 188, 260)
[0000][PE] low and high boundaries for computing mean and std.dev: (1, 468)
[0000][PE] mean and std.dev: (194.52, 62.28)
[0000][PE] low and high boundaries for proper pairs: (1, 572)
[0000][PE] skip orientation FF
[0000][PE] skip orientation RF
[0000][PE] skip orientation RR
[0000] 3. Calling kt_for - worker_sam
	[0000][ M::mem_process_seqs] Processed 2776524 reads in 461.794 CPU sec, 12.498 real sec
[0000] read_chunk: 400000000, work_chunk_size: 400000031, nseq: 2778396
	[0000][ M::kt_pipeline] read 2778396 sequences (400000031 bp)...
[0000] Calling mem_process_seqs.., task: 4
[0000] 1. Calling kt_for - worker_bwt
[0000] 2. Calling kt_for - worker_aln
[0000] Inferring insert size distribution of PE reads from data, l_pac: 656111652, n: 2778396
[0000][PE] # candidate unique pairs for (FF, FR, RF, RR): (110, 1122590, 129, 91)
[0000][PE] analyzing insert size distribution for orientation FF...
[0000][PE] (25, 50, 75) percentile: (162, 224, 382)
[0000][PE] low and high boundaries for computing mean and std.dev: (1, 822)
[0000][PE] mean and std.dev: (219.54, 138.22)
[0000][PE] low and high boundaries for proper pairs: (1, 1042)
[0000][PE] analyzing insert size distribution for orientation FR...
[0000][PE] (25, 50, 75) percentile: (244, 287, 325)
[0000][PE] low and high boundaries for computing mean and std.dev: (82, 487)
[0000][PE] mean and std.dev: (281.38, 60.92)
[0000][PE] low and high boundaries for proper pairs: (1, 568)
[0000][PE] analyzing insert size distribution for orientation RF...
[0000][PE] (25, 50, 75) percentile: (457, 2140, 6279)
[0000][PE] low and high boundaries for computing mean and std.dev: (1, 17923)
[0000][PE] mean and std.dev: (3491.34, 3208.16)
[0000][PE] low and high boundaries for proper pairs: (1, 23745)
[0000][PE] analyzing insert size distribution for orientation RR...
[0000][PE] (25, 50, 75) percentile: (140, 196, 259)
[0000][PE] low and high boundaries for computing mean and std.dev: (1, 497)
[0000][PE] mean and std.dev: (191.10, 80.47)
[0000][PE] low and high boundaries for proper pairs: (1, 616)
[0000][PE] skip orientation FF
[0000][PE] skip orientation RF
[0000][PE] skip orientation RR
[0000] 3. Calling kt_for - worker_sam
[0000] read_chunk: 400000000, work_chunk_size: 400000284, nseq: 2778744
	[0000][ M::kt_pipeline] read 2778744 sequences (400000284 bp)...
	[0000][ M::mem_process_seqs] Processed 2778396 reads in 433.887 CPU sec, 11.710 real sec
[0000] Calling mem_process_seqs.., task: 5
[0000] 1. Calling kt_for - worker_bwt
[0000] 2. Calling kt_for - worker_aln
[0000] Inferring insert size distribution of PE reads from data, l_pac: 656111652, n: 2778744
[0000][PE] # candidate unique pairs for (FF, FR, RF, RR): (122, 1129050, 129, 101)
[0000][PE] analyzing insert size distribution for orientation FF...
[0000][PE] (25, 50, 75) percentile: (115, 180, 238)
[0000][PE] low and high boundaries for computing mean and std.dev: (1, 484)
[0000][PE] mean and std.dev: (163.35, 66.10)
[0000][PE] low and high boundaries for proper pairs: (1, 607)
[0000][PE] analyzing insert size distribution for orientation FR...
[0000][PE] (25, 50, 75) percentile: (244, 287, 325)
[0000][PE] low and high boundaries for computing mean and std.dev: (82, 487)
[0000][PE] mean and std.dev: (281.32, 60.79)
[0000][PE] low and high boundaries for proper pairs: (1, 568)
[0000][PE] analyzing insert size distribution for orientation RF...
[0000][PE] (25, 50, 75) percentile: (385, 1967, 6162)
[0000][PE] low and high boundaries for computing mean and std.dev: (1, 17716)
[0000][PE] mean and std.dev: (3262.79, 3276.71)
[0000][PE] low and high boundaries for proper pairs: (1, 23493)
[0000][PE] analyzing insert size distribution for orientation RR...
[0000][PE] (25, 50, 75) percentile: (157, 196, 484)
[0000][PE] low and high boundaries for computing mean and std.dev: (1, 1138)
[0000][PE] mean and std.dev: (252.87, 219.45)
[0000][PE] low and high boundaries for proper pairs: (1, 1465)
[0000][PE] skip orientation FF
[0000][PE] skip orientation RF
[0000][PE] skip orientation RR
[0000] 3. Calling kt_for - worker_sam
	[0000][ M::mem_process_seqs] Processed 2778744 reads in 414.006 CPU sec, 11.592 real sec
[0000] read_chunk: 400000000, work_chunk_size: 400000234, nseq: 2778834
	[0000][ M::kt_pipeline] read 2778834 sequences (400000234 bp)...
[0000] Calling mem_process_seqs.., task: 6
[0000] 1. Calling kt_for - worker_bwt
[0000] 2. Calling kt_for - worker_aln
[0000] Inferring insert size distribution of PE reads from data, l_pac: 656111652, n: 2778834
[0000][PE] # candidate unique pairs for (FF, FR, RF, RR): (102, 1134113, 124, 83)
[0000][PE] analyzing insert size distribution for orientation FF...
[0000][PE] (25, 50, 75) percentile: (140, 183, 249)
[0000][PE] low and high boundaries for computing mean and std.dev: (1, 467)
[0000][PE] mean and std.dev: (174.30, 66.19)
[0000][PE] low and high boundaries for proper pairs: (1, 576)
[0000][PE] analyzing insert size distribution for orientation FR...
[0000][PE] (25, 50, 75) percentile: (244, 287, 325)
[0000][PE] low and high boundaries for computing mean and std.dev: (82, 487)
[0000][PE] mean and std.dev: (281.55, 60.72)
[0000][PE] low and high boundaries for proper pairs: (1, 568)
[0000][PE] analyzing insert size distribution for orientation RF...
[0000][PE] (25, 50, 75) percentile: (563, 2219, 6326)
[0000][PE] low and high boundaries for computing mean and std.dev: (1, 17852)
[0000][PE] mean and std.dev: (3495.44, 3142.46)
[0000][PE] low and high boundaries for proper pairs: (1, 23615)
[0000][PE] analyzing insert size distribution for orientation RR...
[0000][PE] (25, 50, 75) percentile: (133, 181, 253)
[0000][PE] low and high boundaries for computing mean and std.dev: (1, 493)
[0000][PE] mean and std.dev: (172.45, 72.02)
[0000][PE] low and high boundaries for proper pairs: (1, 613)
[0000][PE] skip orientation FF
[0000][PE] skip orientation RF
[0000][PE] skip orientation RR
[0000] 3. Calling kt_for - worker_sam
[0000] read_chunk: 400000000, work_chunk_size: 400000029, nseq: 2778868
	[0000][ M::kt_pipeline] read 2778868 sequences (400000029 bp)...
	[0000][ M::mem_process_seqs] Processed 2778834 reads in 414.795 CPU sec, 12.785 real sec
[0000] Calling mem_process_seqs.., task: 7
[0000] 1. Calling kt_for - worker_bwt
[0000] 2. Calling kt_for - worker_aln
[0000] Inferring insert size distribution of PE reads from data, l_pac: 656111652, n: 2778868
[0000][PE] # candidate unique pairs for (FF, FR, RF, RR): (94, 1127404, 120, 93)
[0000][PE] analyzing insert size distribution for orientation FF...
[0000][PE] (25, 50, 75) percentile: (158, 197, 247)
[0000][PE] low and high boundaries for computing mean and std.dev: (1, 425)
[0000][PE] mean and std.dev: (188.64, 58.24)
[0000][PE] low and high boundaries for proper pairs: (1, 514)
[0000][PE] analyzing insert size distribution for orientation FR...
[0000][PE] (25, 50, 75) percentile: (244, 287, 325)
[0000][PE] low and high boundaries for computing mean and std.dev: (82, 487)
[0000][PE] mean and std.dev: (281.54, 60.74)
[0000][PE] low and high boundaries for proper pairs: (1, 568)
[0000][PE] analyzing insert size distribution for orientation RF...
[0000][PE] (25, 50, 75) percentile: (502, 2535, 6262)
[0000][PE] low and high boundaries for computing mean and std.dev: (1, 17782)
[0000][PE] mean and std.dev: (3498.07, 3321.73)
[0000][PE] low and high boundaries for proper pairs: (1, 23542)
[0000][PE] analyzing insert size distribution for orientation RR...
[0000][PE] (25, 50, 75) percentile: (144, 189, 254)
[0000][PE] low and high boundaries for computing mean and std.dev: (1, 474)
[0000][PE] mean and std.dev: (179.71, 57.70)
[0000][PE] low and high boundaries for proper pairs: (1, 584)
[0000][PE] skip orientation FF
[0000][PE] skip orientation RF
[0000][PE] skip orientation RR
[0000] 3. Calling kt_for - worker_sam
	[0000][ M::mem_process_seqs] Processed 2778868 reads in 410.910 CPU sec, 12.138 real sec
[0000] read_chunk: 400000000, work_chunk_size: 400000190, nseq: 2779252
	[0000][ M::kt_pipeline] read 2779252 sequences (400000190 bp)...
[0000] Calling mem_process_seqs.., task: 8
[0000] 1. Calling kt_for - worker_bwt
[0000] 2. Calling kt_for - worker_aln
[0000] Inferring insert size distribution of PE reads from data, l_pac: 656111652, n: 2779252
[0000][PE] # candidate unique pairs for (FF, FR, RF, RR): (76, 1136786, 109, 94)
[0000][PE] analyzing insert size distribution for orientation FF...
[0000][PE] (25, 50, 75) percentile: (134, 167, 221)
[0000][PE] low and high boundaries for computing mean and std.dev: (1, 395)
[0000][PE] mean and std.dev: (165.72, 64.76)
[0000][PE] low and high boundaries for proper pairs: (1, 482)
[0000][PE] analyzing insert size distribution for orientation FR...
[0000][PE] (25, 50, 75) percentile: (244, 287, 325)
[0000][PE] low and high boundaries for computing mean and std.dev: (82, 487)
[0000][PE] mean and std.dev: (281.44, 60.84)
[0000][PE] low and high boundaries for proper pairs: (1, 568)
[0000][PE] analyzing insert size distribution for orientation RF...
[0000][PE] (25, 50, 75) percentile: (852, 4175, 6715)
[0000][PE] low and high boundaries for computing mean and std.dev: (1, 18441)
[0000][PE] mean and std.dev: (3990.72, 3111.37)
[0000][PE] low and high boundaries for proper pairs: (1, 24304)
[0000][PE] analyzing insert size distribution for orientation RR...
[0000][PE] (25, 50, 75) percentile: (140, 192, 252)
[0000][PE] low and high boundaries for computing mean and std.dev: (1, 476)
[0000][PE] mean and std.dev: (178.19, 72.06)
[0000][PE] low and high boundaries for proper pairs: (1, 588)
[0000][PE] skip orientation FF
[0000][PE] skip orientation RF
[0000][PE] skip orientation RR
[0000] 3. Calling kt_for - worker_sam
[0000] read_chunk: 400000000, work_chunk_size: 400000106, nseq: 2777858
	[0000][ M::kt_pipeline] read 2777858 sequences (400000106 bp)...
	[0000][ M::mem_process_seqs] Processed 2779252 reads in 391.567 CPU sec, 10.482 real sec
[0000] Calling mem_process_seqs.., task: 9
[0000] 1. Calling kt_for - worker_bwt
[0000] 2. Calling kt_for - worker_aln
[0000] Inferring insert size distribution of PE reads from data, l_pac: 656111652, n: 2777858
[0000][PE] # candidate unique pairs for (FF, FR, RF, RR): (105, 1126374, 128, 77)
[0000][PE] analyzing insert size distribution for orientation FF...
[0000][PE] (25, 50, 75) percentile: (145, 197, 239)
[0000][PE] low and high boundaries for computing mean and std.dev: (1, 427)
[0000][PE] mean and std.dev: (182.89, 67.22)
[0000][PE] low and high boundaries for proper pairs: (1, 521)
[0000][PE] analyzing insert size distribution for orientation FR...
[0000][PE] (25, 50, 75) percentile: (244, 287, 325)
[0000][PE] low and high boundaries for computing mean and std.dev: (82, 487)
[0000][PE] mean and std.dev: (281.44, 60.73)
[0000][PE] low and high boundaries for proper pairs: (1, 568)
[0000][PE] analyzing insert size distribution for orientation RF...
[0000][PE] (25, 50, 75) percentile: (645, 2452, 6556)
[0000][PE] low and high boundaries for computing mean and std.dev: (1, 18378)
[0000][PE] mean and std.dev: (3630.59, 3154.93)
[0000][PE] low and high boundaries for proper pairs: (1, 24289)
[0000][PE] analyzing insert size distribution for orientation RR...
[0000][PE] (25, 50, 75) percentile: (133, 185, 237)
[0000][PE] low and high boundaries for computing mean and std.dev: (1, 445)
[0000][PE] mean and std.dev: (171.69, 59.77)
[0000][PE] low and high boundaries for proper pairs: (1, 549)
[0000][PE] skip orientation FF
[0000][PE] skip orientation RF
[0000][PE] skip orientation RR
[0000] 3. Calling kt_for - worker_sam
	[0000][ M::mem_process_seqs] Processed 2777858 reads in 430.151 CPU sec, 11.591 real sec
[0000] read_chunk: 400000000, work_chunk_size: 400000171, nseq: 2778860
	[0000][ M::kt_pipeline] read 2778860 sequences (400000171 bp)...
[0000] Calling mem_process_seqs.., task: 10
[0000] 1. Calling kt_for - worker_bwt
[0000] 2. Calling kt_for - worker_aln
[0000] read_chunk: 400000000, work_chunk_size: 261369695, nseq: 1816202
[0000] Inferring insert size distribution of PE reads from data, l_pac: 656111652, n: 2778860
	[0000][ M::kt_pipeline] read 1816202 sequences (261369695 bp)...
[0000][PE] # candidate unique pairs for (FF, FR, RF, RR): (106, 1133131, 123, 97)
[0000][PE] analyzing insert size distribution for orientation FF...
[0000][PE] (25, 50, 75) percentile: (131, 187, 235)
[0000][PE] low and high boundaries for computing mean and std.dev: (1, 443)
[0000][PE] mean and std.dev: (177.47, 68.81)
[0000][PE] low and high boundaries for proper pairs: (1, 547)
[0000][PE] analyzing insert size distribution for orientation FR...
[0000][PE] (25, 50, 75) percentile: (244, 287, 325)
[0000][PE] low and high boundaries for computing mean and std.dev: (82, 487)
[0000][PE] mean and std.dev: (281.49, 60.78)
[0000][PE] low and high boundaries for proper pairs: (1, 568)
[0000][PE] analyzing insert size distribution for orientation RF...
[0000][PE] (25, 50, 75) percentile: (823, 4377, 7270)
[0000][PE] low and high boundaries for computing mean and std.dev: (1, 20164)
[0000][PE] mean and std.dev: (4212.48, 3324.21)
[0000][PE] low and high boundaries for proper pairs: (1, 26611)
[0000][PE] analyzing insert size distribution for orientation RR...
[0000][PE] (25, 50, 75) percentile: (148, 202, 308)
[0000][PE] low and high boundaries for computing mean and std.dev: (1, 628)
[0000][PE] mean and std.dev: (198.72, 93.59)
[0000][PE] low and high boundaries for proper pairs: (1, 788)
[0000][PE] skip orientation FF
[0000][PE] skip orientation RF
[0000][PE] skip orientation RR
[0000] 3. Calling kt_for - worker_sam
	[0000][ M::mem_process_seqs] Processed 2778860 reads in 397.062 CPU sec, 10.845 real sec
[0000] Calling mem_process_seqs.., task: 11
[0000] 1. Calling kt_for - worker_bwt
[0000] 2. Calling kt_for - worker_aln
[0000] Inferring insert size distribution of PE reads from data, l_pac: 656111652, n: 1816202
[0000] read_chunk: 400000000, work_chunk_size: 0, nseq: 0
[0000][PE] # candidate unique pairs for (FF, FR, RF, RR): (72, 752618, 93, 63)
[0000][PE] analyzing insert size distribution for orientation FF...
[0000][PE] (25, 50, 75) percentile: (126, 201, 255)
[0000][PE] low and high boundaries for computing mean and std.dev: (1, 513)
[0000][PE] mean and std.dev: (175.56, 65.22)
[0000][PE] low and high boundaries for proper pairs: (1, 642)
[0000][PE] analyzing insert size distribution for orientation FR...
[0000][PE] (25, 50, 75) percentile: (244, 287, 325)
[0000][PE] low and high boundaries for computing mean and std.dev: (82, 487)
[0000][PE] mean and std.dev: (281.51, 60.79)
[0000][PE] low and high boundaries for proper pairs: (1, 568)
[0000][PE] analyzing insert size distribution for orientation RF...
[0000][PE] (25, 50, 75) percentile: (515, 968, 5044)
[0000][PE] low and high boundaries for computing mean and std.dev: (1, 14102)
[0000][PE] mean and std.dev: (2715.35, 3030.22)
[0000][PE] low and high boundaries for proper pairs: (1, 18631)
[0000][PE] analyzing insert size distribution for orientation RR...
[0000][PE] (25, 50, 75) percentile: (136, 198, 245)
[0000][PE] low and high boundaries for computing mean and std.dev: (1, 463)
[0000][PE] mean and std.dev: (175.07, 64.24)
[0000][PE] low and high boundaries for proper pairs: (1, 572)
[0000][PE] skip orientation FF
[0000][PE] skip orientation RF
[0000][PE] skip orientation RR
[0000] 3. Calling kt_for - worker_sam
	[0000][ M::mem_process_seqs] Processed 1816202 reads in 239.501 CPU sec, 7.002 real sec
[0000] read_chunk: 400000000, work_chunk_size: 0, nseq: 0
[0000] Computation ends..
No. of OMP threads: 40
Processor is running @2394.701910 MHz
Runtime profile:

	Time taken for main_mem function: 185.13 sec

	IO times (sec) :
	Reading IO time (reads) avg: 101.75, (101.75, 101.75)
	Writing IO time (SAM) avg: 39.52, (39.52, 39.52)
	Reading IO time (Reference Genome) avg: 0.58, (0.58, 0.58)
	Index read time avg: 0.13, (0.13, 0.13)

	Overall time (sec) (Excluding Index reading time):
	PROCESS() (Total compute time + (read + SAM) IO time) : 184.42
	MEM_PROCESS_SEQ() (Total compute time (Kernel + SAM)), avg: 133.77, (133.77, 133.77)

	 SAM Processing time (sec):
	--WORKER_SAM avg: 57.15, (57.15, 57.15)

	Kernels' compute time (sec):
	Total kernel (smem+sal+bsw) time avg: 73.17, (73.17, 73.17)
		MEM_ALN_CHAIN_FLT avg: 0.00, (0.00, 0.00)
		MEM_ALN_CHAIN_SEED avg: 0.00, (0.00, 0.00)
		ERT_SEED_CHAIN avg: 0.00, (0.00, 0.00)
	LEARNED_SEED_CHAIN avg: 25.59, (25.70, 25.51)
		SMEM compute avg: 0.00, (0.00, 0.00)
		SAL compute avg: 0.00, (0.00, 0.00)
				MEM_SA avg: 0.00, (0.00, 0.00)

		BSW time, avg: 44.46, (44.78, 44.18)

Important parameter settings: 
	BATCH_SIZE: 512
	MAX_SEQ_LEN_REF: 256
	MAX_SEQ_LEN_QER: 128
	MAX_SEQ_LEN8: 128
	SEEDS_PER_READ: 500
	SIMD_WIDTH8 X: 64
	SIMD_WIDTH16 X: 32
	AVG_SEEDS_PER_READ: 64
