Looking to launch executable "/opt/conda/bin/bwa-meme_mode3.avx512bw", simd = _mode3.avx512bw
Launching executable "/opt/conda/bin/bwa-meme_mode3.avx512bw"
-----------------------------
Executing in AVX512 mode!!
-----------------------------
* SA compression enabled with xfactor: 8
* Ref file: reference.902362185.genome.fasta
* Entering FMI_search
Reading other elements of the index from files reference.902362185.genome.fasta
* Index prefix: reference.902362185.genome.fasta
* Read 0 ALT contigs
* Reading reference genome..
* Binary seq file = reference.902362185.genome.fasta.0123
* Reference genome size: 1312223304 bp
* Done reading reference genome !!

------------------------------------------
1. Memory pre-allocation for Chaining: 5679.4903 MB
2. Memory pre-allocation for BSW: 9584.6810 MB
[M::memoryAllocLearned::MEME] Reading Learned-index models into memory
[Learned-Config] MODE:3 SEARCH_METHOD: 1 MEM_TRADEOFF:1 EXPONENTIAL_SMEMSEARCH: 1 DEBUG_MODE:0 Num 2nd Models:268435456 PWL Bits Used:28
[M::memoryAllocLearned::MEME] Loading RMI model and Pac reference file took 9.696 sec
[M::memoryAllocLearned::MEME] Reading suffix array into memory
[M::memoryAllocLearned::MEME] Loading pos_packed file took 14.204 sec
[M::memoryAllocLearned::MEME] Generating SA, 64-bit Suffix and ISA in memory
[M::memoryAllocLearned::MEME] Runtime-build-index took 13.573 sec
3. Memory pre-allocation for BWT: 7204.5072 MB
------------------------------------------
* Threads used (compute): 40
* No. of pipeline threads: 2

[0000] read_chunk: 400000000, work_chunk_size: 400000172, nseq: 2775082
	[0000][ M::kt_pipeline] read 2775082 sequences (400000172 bp)...
[0000] Reallocating initial memory allocations!!
[0000] Calling mem_process_seqs.., task: 0
[0000] 1. Calling kt_for - worker_bwt
[0000] read_chunk: 400000000, work_chunk_size: 400000047, nseq: 2764866
	[0000][ M::kt_pipeline] read 2764866 sequences (400000047 bp)...
[0000] 2. Calling kt_for - worker_aln
[0000] Inferring insert size distribution of PE reads from data, l_pac: 656111652, n: 2775082
[0000][PE] # candidate unique pairs for (FF, FR, RF, RR): (93, 1133964, 106, 85)
[0000][PE] analyzing insert size distribution for orientation FF...
[0000][PE] (25, 50, 75) percentile: (135, 207, 273)
[0000][PE] low and high boundaries for computing mean and std.dev: (1, 549)
[0000][PE] mean and std.dev: (184.73, 87.53)
[0000][PE] low and high boundaries for proper pairs: (1, 687)
[0000][PE] analyzing insert size distribution for orientation FR...
[0000][PE] (25, 50, 75) percentile: (243, 287, 325)
[0000][PE] low and high boundaries for computing mean and std.dev: (79, 489)
[0000][PE] mean and std.dev: (280.11, 63.30)
[0000][PE] low and high boundaries for proper pairs: (1, 571)
[0000][PE] analyzing insert size distribution for orientation RF...
[0000][PE] (25, 50, 75) percentile: (437, 3292, 7239)
[0000][PE] low and high boundaries for computing mean and std.dev: (1, 20843)
[0000][PE] mean and std.dev: (3936.73, 3366.48)
[0000][PE] low and high boundaries for proper pairs: (1, 27645)
[0000][PE] analyzing insert size distribution for orientation RR...
[0000][PE] (25, 50, 75) percentile: (136, 211, 740)
[0000][PE] low and high boundaries for computing mean and std.dev: (1, 1948)
[0000][PE] mean and std.dev: (262.47, 281.10)
[0000][PE] low and high boundaries for proper pairs: (1, 2552)
[0000][PE] skip orientation FF
[0000][PE] skip orientation RF
[0000][PE] skip orientation RR
[0000] 3. Calling kt_for - worker_sam
	[0000][ M::mem_process_seqs] Processed 2775082 reads in 396.665 CPU sec, 12.366 real sec
[0000] Calling mem_process_seqs.., task: 1
[0000] 1. Calling kt_for - worker_bwt
[0000] 2. Calling kt_for - worker_aln
[0000] Inferring insert size distribution of PE reads from data, l_pac: 656111652, n: 2764866
[0000][PE] # candidate unique pairs for (FF, FR, RF, RR): (100, 987779, 94, 91)
[0000][PE] analyzing insert size distribution for orientation FF...
[0000][PE] (25, 50, 75) percentile: (186, 237, 962)
[0000][PE] low and high boundaries for computing mean and std.dev: (1, 2514)
[0000][PE] mean and std.dev: (417.41, 448.13)
[0000][PE] low and high boundaries for proper pairs: (1, 3290)
[0000][PE] analyzing insert size distribution for orientation FR...
[0000][PE] (25, 50, 75) percentile: (243, 287, 325)
[0000][PE] low and high boundaries for computing mean and std.dev: (79, 489)
[0000][PE] mean and std.dev: (280.23, 63.17)
[0000][PE] low and high boundaries for proper pairs: (1, 571)
[0000][PE] analyzing insert size distribution for orientation RF...
[0000][PE] (25, 50, 75) percentile: (866, 2733, 6342)
[0000][PE] low and high boundaries for computing mean and std.dev: (1, 17294)
[0000][PE] mean and std.dev: (3678.85, 3034.96)
[0000][PE] low and high boundaries for proper pairs: (1, 22770)
[0000][PE] analyzing insert size distribution for orientation RR...
[0000][PE] (25, 50, 75) percentile: (139, 217, 680)
[0000][PE] low and high boundaries for computing mean and std.dev: (1, 1762)
[0000][PE] mean and std.dev: (298.18, 345.56)
[0000][PE] low and high boundaries for proper pairs: (1, 2303)
[0000][PE] skip orientation FF
[0000][PE] skip orientation RF
[0000][PE] skip orientation RR
[0000] 3. Calling kt_for - worker_sam
[0000] read_chunk: 400000000, work_chunk_size: 400000123, nseq: 2774906
	[0000][ M::kt_pipeline] read 2774906 sequences (400000123 bp)...
	[0000][ M::mem_process_seqs] Processed 2764866 reads in 740.120 CPU sec, 20.278 real sec
[0000] Calling mem_process_seqs.., task: 2
[0000] 1. Calling kt_for - worker_bwt
[0000] 2. Calling kt_for - worker_aln
[0000] Inferring insert size distribution of PE reads from data, l_pac: 656111652, n: 2774906
[0000][PE] # candidate unique pairs for (FF, FR, RF, RR): (109, 1110233, 88, 85)
[0000][PE] analyzing insert size distribution for orientation FF...
[0000][PE] (25, 50, 75) percentile: (156, 198, 455)
[0000][PE] low and high boundaries for computing mean and std.dev: (1, 1053)
[0000][PE] mean and std.dev: (233.29, 179.67)
[0000][PE] low and high boundaries for proper pairs: (1, 1352)
[0000][PE] analyzing insert size distribution for orientation FR...
[0000][PE] (25, 50, 75) percentile: (243, 287, 325)
[0000][PE] low and high boundaries for computing mean and std.dev: (79, 489)
[0000][PE] mean and std.dev: (280.12, 63.22)
[0000][PE] low and high boundaries for proper pairs: (1, 571)
[0000][PE] analyzing insert size distribution for orientation RF...
[0000][PE] (25, 50, 75) percentile: (485, 1774, 5311)
[0000][PE] low and high boundaries for computing mean and std.dev: (1, 14963)
[0000][PE] mean and std.dev: (3091.68, 3028.42)
[0000][PE] low and high boundaries for proper pairs: (1, 19789)
[0000][PE] analyzing insert size distribution for orientation RR...
[0000][PE] (25, 50, 75) percentile: (145, 219, 457)
[0000][PE] low and high boundaries for computing mean and std.dev: (1, 1081)
[0000][PE] mean and std.dev: (236.60, 150.66)
[0000][PE] low and high boundaries for proper pairs: (1, 1393)
[0000][PE] skip orientation FF
[0000][PE] skip orientation RF
[0000][PE] skip orientation RR
[0000] 3. Calling kt_for - worker_sam
	[0000][ M::mem_process_seqs] Processed 2774906 reads in 432.940 CPU sec, 12.132 real sec
[0000] read_chunk: 400000000, work_chunk_size: 400000070, nseq: 2776154
	[0000][ M::kt_pipeline] read 2776154 sequences (400000070 bp)...
[0000] Reallocating initial memory allocations!!
[0000] Calling mem_process_seqs.., task: 3
[0000] 1. Calling kt_for - worker_bwt
[0000] 2. Calling kt_for - worker_aln
[0000] Inferring insert size distribution of PE reads from data, l_pac: 656111652, n: 2776154
[0000][PE] # candidate unique pairs for (FF, FR, RF, RR): (120, 1144255, 128, 120)
[0000][PE] analyzing insert size distribution for orientation FF...
[0000][PE] (25, 50, 75) percentile: (155, 221, 907)
[0000][PE] low and high boundaries for computing mean and std.dev: (1, 2411)
[0000][PE] mean and std.dev: (401.69, 466.55)
[0000][PE] low and high boundaries for proper pairs: (1, 3163)
[0000][PE] analyzing insert size distribution for orientation FR...
[0000][PE] (25, 50, 75) percentile: (243, 287, 325)
[0000][PE] low and high boundaries for computing mean and std.dev: (79, 489)
[0000][PE] mean and std.dev: (280.14, 63.20)
[0000][PE] low and high boundaries for proper pairs: (1, 571)
[0000][PE] analyzing insert size distribution for orientation RF...
[0000][PE] (25, 50, 75) percentile: (563, 3539, 6133)
[0000][PE] low and high boundaries for computing mean and std.dev: (1, 17273)
[0000][PE] mean and std.dev: (3492.95, 2934.85)
[0000][PE] low and high boundaries for proper pairs: (1, 22843)
[0000][PE] analyzing insert size distribution for orientation RR...
[0000][PE] (25, 50, 75) percentile: (180, 244, 3949)
[0000][PE] low and high boundaries for computing mean and std.dev: (1, 11487)
[0000][PE] mean and std.dev: (1883.15, 2611.09)
[0000][PE] low and high boundaries for proper pairs: (1, 15256)
[0000][PE] skip orientation FF
[0000][PE] skip orientation RF
[0000][PE] skip orientation RR
[0000] 3. Calling kt_for - worker_sam
[0000] read_chunk: 400000000, work_chunk_size: 400000014, nseq: 2775318
	[0000][ M::kt_pipeline] read 2775318 sequences (400000014 bp)...
	[0000][ M::mem_process_seqs] Processed 2776154 reads in 374.279 CPU sec, 10.030 real sec
[0000] Calling mem_process_seqs.., task: 4
[0000] 1. Calling kt_for - worker_bwt
[0000] 2. Calling kt_for - worker_aln
[0000] Inferring insert size distribution of PE reads from data, l_pac: 656111652, n: 2775318
[0000][PE] # candidate unique pairs for (FF, FR, RF, RR): (101, 1129407, 106, 71)
[0000][PE] analyzing insert size distribution for orientation FF...
[0000][PE] (25, 50, 75) percentile: (133, 204, 272)
[0000][PE] low and high boundaries for computing mean and std.dev: (1, 550)
[0000][PE] mean and std.dev: (186.66, 84.59)
[0000][PE] low and high boundaries for proper pairs: (1, 689)
[0000][PE] analyzing insert size distribution for orientation FR...
[0000][PE] (25, 50, 75) percentile: (243, 287, 325)
[0000][PE] low and high boundaries for computing mean and std.dev: (79, 489)
[0000][PE] mean and std.dev: (280.18, 63.19)
[0000][PE] low and high boundaries for proper pairs: (1, 571)
[0000][PE] analyzing insert size distribution for orientation RF...
[0000][PE] (25, 50, 75) percentile: (308, 2097, 6512)
[0000][PE] low and high boundaries for computing mean and std.dev: (1, 18920)
[0000][PE] mean and std.dev: (3302.31, 3283.19)
[0000][PE] low and high boundaries for proper pairs: (1, 25124)
[0000][PE] analyzing insert size distribution for orientation RR...
[0000][PE] (25, 50, 75) percentile: (153, 194, 265)
[0000][PE] low and high boundaries for computing mean and std.dev: (1, 489)
[0000][PE] mean and std.dev: (194.52, 81.35)
[0000][PE] low and high boundaries for proper pairs: (1, 601)
[0000][PE] skip orientation FF
[0000][PE] skip orientation RF
[0000][PE] skip orientation RR
[0000] 3. Calling kt_for - worker_sam
	[0000][ M::mem_process_seqs] Processed 2775318 reads in 397.729 CPU sec, 10.830 real sec
[0000] read_chunk: 400000000, work_chunk_size: 400000031, nseq: 2775270
	[0000][ M::kt_pipeline] read 2775270 sequences (400000031 bp)...
[0000] Calling mem_process_seqs.., task: 5
[0000] 1. Calling kt_for - worker_bwt
[0000] 2. Calling kt_for - worker_aln
[0000] Inferring insert size distribution of PE reads from data, l_pac: 656111652, n: 2775270
[0000][PE] # candidate unique pairs for (FF, FR, RF, RR): (93, 1128663, 138, 72)
[0000][PE] analyzing insert size distribution for orientation FF...
[0000][PE] (25, 50, 75) percentile: (132, 199, 275)
[0000][PE] low and high boundaries for computing mean and std.dev: (1, 561)
[0000][PE] mean and std.dev: (175.46, 71.78)
[0000][PE] low and high boundaries for proper pairs: (1, 704)
[0000][PE] analyzing insert size distribution for orientation FR...
[0000][PE] (25, 50, 75) percentile: (243, 287, 325)
[0000][PE] low and high boundaries for computing mean and std.dev: (79, 489)
[0000][PE] mean and std.dev: (280.02, 63.24)
[0000][PE] low and high boundaries for proper pairs: (1, 571)
[0000][PE] analyzing insert size distribution for orientation RF...
[0000][PE] (25, 50, 75) percentile: (778, 3923, 6875)
[0000][PE] low and high boundaries for computing mean and std.dev: (1, 19069)
[0000][PE] mean and std.dev: (4048.52, 3167.09)
[0000][PE] low and high boundaries for proper pairs: (1, 25166)
[0000][PE] analyzing insert size distribution for orientation RR...
[0000][PE] (25, 50, 75) percentile: (155, 207, 369)
[0000][PE] low and high boundaries for computing mean and std.dev: (1, 797)
[0000][PE] mean and std.dev: (202.62, 110.88)
[0000][PE] low and high boundaries for proper pairs: (1, 1011)
[0000][PE] skip orientation FF
[0000][PE] skip orientation RF
[0000][PE] skip orientation RR
[0000] 3. Calling kt_for - worker_sam
[0000] read_chunk: 400000000, work_chunk_size: 400000004, nseq: 2774910
	[0000][ M::kt_pipeline] read 2774910 sequences (400000004 bp)...
	[0000][ M::mem_process_seqs] Processed 2775270 reads in 399.103 CPU sec, 10.610 real sec
[0000] Calling mem_process_seqs.., task: 6
[0000] 1. Calling kt_for - worker_bwt
[0000] 2. Calling kt_for - worker_aln
[0000] Inferring insert size distribution of PE reads from data, l_pac: 656111652, n: 2774910
[0000][PE] # candidate unique pairs for (FF, FR, RF, RR): (100, 1125682, 157, 91)
[0000][PE] analyzing insert size distribution for orientation FF...
[0000][PE] (25, 50, 75) percentile: (134, 197, 271)
[0000][PE] low and high boundaries for computing mean and std.dev: (1, 545)
[0000][PE] mean and std.dev: (180.29, 77.24)
[0000][PE] low and high boundaries for proper pairs: (1, 682)
[0000][PE] analyzing insert size distribution for orientation FR...
[0000][PE] (25, 50, 75) percentile: (243, 287, 326)
[0000][PE] low and high boundaries for computing mean and std.dev: (77, 492)
[0000][PE] mean and std.dev: (280.03, 63.59)
[0000][PE] low and high boundaries for proper pairs: (1, 575)
[0000][PE] analyzing insert size distribution for orientation RF...
[0000][PE] (25, 50, 75) percentile: (1212, 2414, 5904)
[0000][PE] low and high boundaries for computing mean and std.dev: (1, 15288)
[0000][PE] mean and std.dev: (3566.96, 2904.56)
[0000][PE] low and high boundaries for proper pairs: (1, 19980)
[0000][PE] analyzing insert size distribution for orientation RR...
[0000][PE] (25, 50, 75) percentile: (159, 233, 284)
[0000][PE] low and high boundaries for computing mean and std.dev: (1, 534)
[0000][PE] mean and std.dev: (200.00, 83.17)
[0000][PE] low and high boundaries for proper pairs: (1, 659)
[0000][PE] skip orientation FF
[0000][PE] skip orientation RF
[0000][PE] skip orientation RR
[0000] 3. Calling kt_for - worker_sam
	[0000][ M::mem_process_seqs] Processed 2774910 reads in 414.515 CPU sec, 11.399 real sec
[0000] read_chunk: 400000000, work_chunk_size: 400000237, nseq: 2775016
	[0000][ M::kt_pipeline] read 2775016 sequences (400000237 bp)...
[0000] Calling mem_process_seqs.., task: 7
[0000] 1. Calling kt_for - worker_bwt
[0000] 2. Calling kt_for - worker_aln
[0000] Inferring insert size distribution of PE reads from data, l_pac: 656111652, n: 2775016
[0000][PE] # candidate unique pairs for (FF, FR, RF, RR): (107, 1119110, 108, 85)
[0000][PE] analyzing insert size distribution for orientation FF...
[0000][PE] (25, 50, 75) percentile: (146, 204, 283)
[0000][PE] low and high boundaries for computing mean and std.dev: (1, 557)
[0000][PE] mean and std.dev: (185.45, 73.92)
[0000][PE] low and high boundaries for proper pairs: (1, 694)
[0000][PE] analyzing insert size distribution for orientation FR...
[0000][PE] (25, 50, 75) percentile: (243, 287, 325)
[0000][PE] low and high boundaries for computing mean and std.dev: (79, 489)
[0000][PE] mean and std.dev: (280.03, 63.25)
[0000][PE] low and high boundaries for proper pairs: (1, 571)
[0000][PE] analyzing insert size distribution for orientation RF...
[0000][PE] (25, 50, 75) percentile: (577, 3711, 6193)
[0000][PE] low and high boundaries for computing mean and std.dev: (1, 17425)
[0000][PE] mean and std.dev: (3820.23, 3068.43)
[0000][PE] low and high boundaries for proper pairs: (1, 23041)
[0000][PE] analyzing insert size distribution for orientation RR...
[0000][PE] (25, 50, 75) percentile: (131, 218, 1193)
[0000][PE] low and high boundaries for computing mean and std.dev: (1, 3317)
[0000][PE] mean and std.dev: (435.71, 652.49)
[0000][PE] low and high boundaries for proper pairs: (1, 4379)
[0000][PE] skip orientation FF
[0000][PE] skip orientation RF
[0000][PE] skip orientation RR
[0000] 3. Calling kt_for - worker_sam
[0000] read_chunk: 400000000, work_chunk_size: 400000078, nseq: 2775510
	[0000][ M::kt_pipeline] read 2775510 sequences (400000078 bp)...
	[0000][ M::mem_process_seqs] Processed 2775016 reads in 410.330 CPU sec, 11.324 real sec
[0000] Calling mem_process_seqs.., task: 8
[0000] 1. Calling kt_for - worker_bwt
[0000] 2. Calling kt_for - worker_aln
[0000] Inferring insert size distribution of PE reads from data, l_pac: 656111652, n: 2775510
[0000][PE] # candidate unique pairs for (FF, FR, RF, RR): (91, 1117697, 123, 97)
[0000][PE] analyzing insert size distribution for orientation FF...
[0000][PE] (25, 50, 75) percentile: (139, 209, 310)
[0000][PE] low and high boundaries for computing mean and std.dev: (1, 652)
[0000][PE] mean and std.dev: (181.85, 91.93)
[0000][PE] low and high boundaries for proper pairs: (1, 823)
[0000][PE] analyzing insert size distribution for orientation FR...
[0000][PE] (25, 50, 75) percentile: (243, 287, 325)
[0000][PE] low and high boundaries for computing mean and std.dev: (79, 489)
[0000][PE] mean and std.dev: (280.19, 63.18)
[0000][PE] low and high boundaries for proper pairs: (1, 571)
[0000][PE] analyzing insert size distribution for orientation RF...
[0000][PE] (25, 50, 75) percentile: (1005, 2940, 7176)
[0000][PE] low and high boundaries for computing mean and std.dev: (1, 19518)
[0000][PE] mean and std.dev: (3970.20, 3345.38)
[0000][PE] low and high boundaries for proper pairs: (1, 25689)
[0000][PE] analyzing insert size distribution for orientation RR...
[0000][PE] (25, 50, 75) percentile: (133, 194, 557)
[0000][PE] low and high boundaries for computing mean and std.dev: (1, 1405)
[0000][PE] mean and std.dev: (260.82, 245.33)
[0000][PE] low and high boundaries for proper pairs: (1, 1829)
[0000][PE] skip orientation FF
[0000][PE] skip orientation RF
[0000][PE] skip orientation RR
[0000] 3. Calling kt_for - worker_sam
	[0000][ M::mem_process_seqs] Processed 2775510 reads in 416.806 CPU sec, 12.476 real sec
[0000] read_chunk: 400000000, work_chunk_size: 400000023, nseq: 2774542
	[0000][ M::kt_pipeline] read 2774542 sequences (400000023 bp)...
[0000] Calling mem_process_seqs.., task: 9
[0000] 1. Calling kt_for - worker_bwt
[0000] 2. Calling kt_for - worker_aln
[0000] Inferring insert size distribution of PE reads from data, l_pac: 656111652, n: 2774542
[0000][PE] # candidate unique pairs for (FF, FR, RF, RR): (93, 1129870, 105, 89)
[0000][PE] analyzing insert size distribution for orientation FF...
[0000][PE] (25, 50, 75) percentile: (153, 205, 592)
[0000][PE] low and high boundaries for computing mean and std.dev: (1, 1470)
[0000][PE] mean and std.dev: (238.21, 231.39)
[0000][PE] low and high boundaries for proper pairs: (1, 1909)
[0000][PE] analyzing insert size distribution for orientation FR...
[0000][PE] (25, 50, 75) percentile: (243, 287, 325)
[0000][PE] low and high boundaries for computing mean and std.dev: (79, 489)
[0000][PE] mean and std.dev: (280.21, 63.16)
[0000][PE] low and high boundaries for proper pairs: (1, 571)
[0000][PE] analyzing insert size distribution for orientation RF...
[0000][PE] (25, 50, 75) percentile: (215, 1681, 5776)
[0000][PE] low and high boundaries for computing mean and std.dev: (1, 16898)
[0000][PE] mean and std.dev: (2999.20, 3073.46)
[0000][PE] low and high boundaries for proper pairs: (1, 22459)
[0000][PE] analyzing insert size distribution for orientation RR...
[0000][PE] (25, 50, 75) percentile: (145, 189, 254)
[0000][PE] low and high boundaries for computing mean and std.dev: (1, 472)
[0000][PE] mean and std.dev: (181.96, 63.71)
[0000][PE] low and high boundaries for proper pairs: (1, 581)
[0000][PE] skip orientation FF
[0000][PE] skip orientation RF
[0000][PE] skip orientation RR
[0000] 3. Calling kt_for - worker_sam
[0000] read_chunk: 400000000, work_chunk_size: 400000047, nseq: 2772896
	[0000][ M::kt_pipeline] read 2772896 sequences (400000047 bp)...
	[0000][ M::mem_process_seqs] Processed 2774542 reads in 419.420 CPU sec, 11.475 real sec
[0000] Calling mem_process_seqs.., task: 10
[0000] 1. Calling kt_for - worker_bwt
[0000] 2. Calling kt_for - worker_aln
[0000] Inferring insert size distribution of PE reads from data, l_pac: 656111652, n: 2772896
[0000][PE] # candidate unique pairs for (FF, FR, RF, RR): (108, 1105976, 132, 77)
[0000][PE] analyzing insert size distribution for orientation FF...
[0000][PE] (25, 50, 75) percentile: (144, 203, 275)
[0000][PE] low and high boundaries for computing mean and std.dev: (1, 537)
[0000][PE] mean and std.dev: (196.81, 90.28)
[0000][PE] low and high boundaries for proper pairs: (1, 668)
[0000][PE] analyzing insert size distribution for orientation FR...
[0000][PE] (25, 50, 75) percentile: (243, 287, 325)
[0000][PE] low and high boundaries for computing mean and std.dev: (79, 489)
[0000][PE] mean and std.dev: (280.20, 63.15)
[0000][PE] low and high boundaries for proper pairs: (1, 571)
[0000][PE] analyzing insert size distribution for orientation RF...
[0000][PE] (25, 50, 75) percentile: (576, 2577, 5838)
[0000][PE] low and high boundaries for computing mean and std.dev: (1, 16362)
[0000][PE] mean and std.dev: (3359.47, 3069.72)
[0000][PE] low and high boundaries for proper pairs: (1, 21624)
[0000][PE] analyzing insert size distribution for orientation RR...
[0000][PE] (25, 50, 75) percentile: (167, 222, 355)
[0000][PE] low and high boundaries for computing mean and std.dev: (1, 731)
[0000][PE] mean and std.dev: (204.02, 103.57)
[0000][PE] low and high boundaries for proper pairs: (1, 919)
[0000][PE] skip orientation FF
[0000][PE] skip orientation RF
[0000][PE] skip orientation RR
[0000] 3. Calling kt_for - worker_sam
[0000] read_chunk: 400000000, work_chunk_size: 400000052, nseq: 2774308
	[0000][ M::kt_pipeline] read 2774308 sequences (400000052 bp)...
	[0000][ M::mem_process_seqs] Processed 2772896 reads in 467.423 CPU sec, 12.939 real sec
[0000] Calling mem_process_seqs.., task: 11
[0000] 1. Calling kt_for - worker_bwt
[0000] 2. Calling kt_for - worker_aln
[0000] Inferring insert size distribution of PE reads from data, l_pac: 656111652, n: 2774308
[0000][PE] # candidate unique pairs for (FF, FR, RF, RR): (92, 1123503, 144, 109)
[0000][PE] analyzing insert size distribution for orientation FF...
[0000][PE] (25, 50, 75) percentile: (121, 178, 280)
[0000][PE] low and high boundaries for computing mean and std.dev: (1, 598)
[0000][PE] mean and std.dev: (190.28, 117.37)
[0000][PE] low and high boundaries for proper pairs: (1, 757)
[0000][PE] analyzing insert size distribution for orientation FR...
[0000][PE] (25, 50, 75) percentile: (243, 287, 325)
[0000][PE] low and high boundaries for computing mean and std.dev: (79, 489)
[0000][PE] mean and std.dev: (280.23, 63.14)
[0000][PE] low and high boundaries for proper pairs: (1, 571)
[0000][PE] analyzing insert size distribution for orientation RF...
[0000][PE] (25, 50, 75) percentile: (684, 3422, 7028)
[0000][PE] low and high boundaries for computing mean and std.dev: (1, 19716)
[0000][PE] mean and std.dev: (3941.23, 3228.54)
[0000][PE] low and high boundaries for proper pairs: (1, 26060)
[0000][PE] analyzing insert size distribution for orientation RR...
[0000][PE] (25, 50, 75) percentile: (146, 210, 626)
[0000][PE] low and high boundaries for computing mean and std.dev: (1, 1586)
[0000][PE] mean and std.dev: (267.04, 276.63)
[0000][PE] low and high boundaries for proper pairs: (1, 2066)
[0000][PE] skip orientation FF
[0000][PE] skip orientation RF
[0000][PE] skip orientation RR
[0000] 3. Calling kt_for - worker_sam
	[0000][ M::mem_process_seqs] Processed 2774308 reads in 429.338 CPU sec, 11.723 real sec
[0000] read_chunk: 400000000, work_chunk_size: 400000184, nseq: 2764740
	[0000][ M::kt_pipeline] read 2764740 sequences (400000184 bp)...
[0000] Calling mem_process_seqs.., task: 12
[0000] 1. Calling kt_for - worker_bwt
[0000] 2. Calling kt_for - worker_aln
[0000] Inferring insert size distribution of PE reads from data, l_pac: 656111652, n: 2764740
[0000][PE] # candidate unique pairs for (FF, FR, RF, RR): (100, 996659, 120, 82)
[0000][PE] analyzing insert size distribution for orientation FF...
[0000][PE] (25, 50, 75) percentile: (117, 190, 258)
[0000][PE] low and high boundaries for computing mean and std.dev: (1, 540)
[0000][PE] mean and std.dev: (171.98, 78.70)
[0000][PE] low and high boundaries for proper pairs: (1, 681)
[0000][PE] analyzing insert size distribution for orientation FR...
[0000][PE] (25, 50, 75) percentile: (243, 287, 325)
[0000][PE] low and high boundaries for computing mean and std.dev: (79, 489)
[0000][PE] mean and std.dev: (280.16, 63.25)
[0000][PE] low and high boundaries for proper pairs: (1, 571)
[0000][PE] analyzing insert size distribution for orientation RF...
[0000][PE] (25, 50, 75) percentile: (468, 2575, 6557)
[0000][PE] low and high boundaries for computing mean and std.dev: (1, 18735)
[0000][PE] mean and std.dev: (3534.65, 3129.62)
[0000][PE] low and high boundaries for proper pairs: (1, 24824)
[0000][PE] analyzing insert size distribution for orientation RR...
[0000][PE] (25, 50, 75) percentile: (168, 226, 347)
[0000][PE] low and high boundaries for computing mean and std.dev: (1, 705)
[0000][PE] mean and std.dev: (210.18, 97.00)
[0000][PE] low and high boundaries for proper pairs: (1, 884)
[0000][PE] skip orientation FF
[0000][PE] skip orientation RF
[0000][PE] skip orientation RR
[0000] 3. Calling kt_for - worker_sam
[0000] read_chunk: 400000000, work_chunk_size: 400000206, nseq: 2774146
	[0000][ M::kt_pipeline] read 2774146 sequences (400000206 bp)...
	[0000][ M::mem_process_seqs] Processed 2764740 reads in 681.444 CPU sec, 18.823 real sec
[0000] Calling mem_process_seqs.., task: 13
[0000] 1. Calling kt_for - worker_bwt
[0000] 2. Calling kt_for - worker_aln
[0000] Inferring insert size distribution of PE reads from data, l_pac: 656111652, n: 2774146
[0000][PE] # candidate unique pairs for (FF, FR, RF, RR): (88, 1121261, 121, 108)
[0000][PE] analyzing insert size distribution for orientation FF...
[0000][PE] (25, 50, 75) percentile: (140, 183, 334)
[0000][PE] low and high boundaries for computing mean and std.dev: (1, 722)
[0000][PE] mean and std.dev: (174.91, 78.02)
[0000][PE] low and high boundaries for proper pairs: (1, 916)
[0000][PE] analyzing insert size distribution for orientation FR...
[0000][PE] (25, 50, 75) percentile: (243, 287, 325)
[0000][PE] low and high boundaries for computing mean and std.dev: (79, 489)
[0000][PE] mean and std.dev: (280.12, 63.24)
[0000][PE] low and high boundaries for proper pairs: (1, 571)
[0000][PE] analyzing insert size distribution for orientation RF...
[0000][PE] (25, 50, 75) percentile: (325, 2666, 6550)
[0000][PE] low and high boundaries for computing mean and std.dev: (1, 19000)
[0000][PE] mean and std.dev: (3485.23, 3142.31)
[0000][PE] low and high boundaries for proper pairs: (1, 25225)
[0000][PE] analyzing insert size distribution for orientation RR...
[0000][PE] (25, 50, 75) percentile: (137, 193, 305)
[0000][PE] low and high boundaries for computing mean and std.dev: (1, 641)
[0000][PE] mean and std.dev: (184.57, 91.11)
[0000][PE] low and high boundaries for proper pairs: (1, 809)
[0000][PE] skip orientation FF
[0000][PE] skip orientation RF
[0000][PE] skip orientation RR
[0000] 3. Calling kt_for - worker_sam
	[0000][ M::mem_process_seqs] Processed 2774146 reads in 428.604 CPU sec, 12.058 real sec
[0000] read_chunk: 400000000, work_chunk_size: 400000286, nseq: 2773902
	[0000][ M::kt_pipeline] read 2773902 sequences (400000286 bp)...
[0000] Calling mem_process_seqs.., task: 14
[0000] 1. Calling kt_for - worker_bwt
[0000] 2. Calling kt_for - worker_aln
[0000] Inferring insert size distribution of PE reads from data, l_pac: 656111652, n: 2773902
[0000][PE] # candidate unique pairs for (FF, FR, RF, RR): (106, 1109195, 121, 100)
[0000][PE] analyzing insert size distribution for orientation FF...
[0000][PE] (25, 50, 75) percentile: (164, 231, 1300)
[0000][PE] low and high boundaries for computing mean and std.dev: (1, 3572)
[0000][PE] mean and std.dev: (347.66, 456.56)
[0000][PE] low and high boundaries for proper pairs: (1, 4708)
[0000][PE] analyzing insert size distribution for orientation FR...
[0000][PE] (25, 50, 75) percentile: (243, 287, 325)
[0000][PE] low and high boundaries for computing mean and std.dev: (79, 489)
[0000][PE] mean and std.dev: (280.14, 63.21)
[0000][PE] low and high boundaries for proper pairs: (1, 571)
[0000][PE] analyzing insert size distribution for orientation RF...
[0000][PE] (25, 50, 75) percentile: (653, 2198, 5152)
[0000][PE] low and high boundaries for computing mean and std.dev: (1, 14150)
[0000][PE] mean and std.dev: (3049.41, 2669.10)
[0000][PE] low and high boundaries for proper pairs: (1, 18649)
[0000][PE] analyzing insert size distribution for orientation RR...
[0000][PE] (25, 50, 75) percentile: (162, 238, 533)
[0000][PE] low and high boundaries for computing mean and std.dev: (1, 1275)
[0000][PE] mean and std.dev: (305.65, 249.47)
[0000][PE] low and high boundaries for proper pairs: (1, 1646)
[0000][PE] skip orientation FF
[0000][PE] skip orientation RF
[0000][PE] skip orientation RR
[0000] 3. Calling kt_for - worker_sam
	[0000][ M::mem_process_seqs] Processed 2773902 reads in 485.101 CPU sec, 14.652 real sec
[0000] read_chunk: 400000000, work_chunk_size: 400000019, nseq: 2771940
	[0000][ M::kt_pipeline] read 2771940 sequences (400000019 bp)...
[0000] Calling mem_process_seqs.., task: 15
[0000] 1. Calling kt_for - worker_bwt
[0000] 2. Calling kt_for - worker_aln
[0000] Inferring insert size distribution of PE reads from data, l_pac: 656111652, n: 2771940
[0000][PE] # candidate unique pairs for (FF, FR, RF, RR): (92, 1093609, 148, 80)
[0000][PE] analyzing insert size distribution for orientation FF...
[0000][PE] (25, 50, 75) percentile: (137, 194, 263)
[0000][PE] low and high boundaries for computing mean and std.dev: (1, 515)
[0000][PE] mean and std.dev: (175.72, 68.89)
[0000][PE] low and high boundaries for proper pairs: (1, 641)
[0000][PE] analyzing insert size distribution for orientation FR...
[0000][PE] (25, 50, 75) percentile: (243, 287, 325)
[0000][PE] low and high boundaries for computing mean and std.dev: (79, 489)
[0000][PE] mean and std.dev: (280.04, 63.30)
[0000][PE] low and high boundaries for proper pairs: (1, 571)
[0000][PE] analyzing insert size distribution for orientation RF...
[0000][PE] (25, 50, 75) percentile: (294, 1299, 6419)
[0000][PE] low and high boundaries for computing mean and std.dev: (1, 18669)
[0000][PE] mean and std.dev: (3038.39, 3266.50)
[0000][PE] low and high boundaries for proper pairs: (1, 24794)
[0000][PE] analyzing insert size distribution for orientation RR...
[0000][PE] (25, 50, 75) percentile: (165, 229, 455)
[0000][PE] low and high boundaries for computing mean and std.dev: (1, 1035)
[0000][PE] mean and std.dev: (210.41, 96.94)
[0000][PE] low and high boundaries for proper pairs: (1, 1325)
[0000][PE] skip orientation FF
[0000][PE] skip orientation RF
[0000][PE] skip orientation RR
[0000] 3. Calling kt_for - worker_sam
	[0000][ M::mem_process_seqs] Processed 2771940 reads in 503.729 CPU sec, 15.292 real sec
[0000] read_chunk: 400000000, work_chunk_size: 400000128, nseq: 2774612
	[0000][ M::kt_pipeline] read 2774612 sequences (400000128 bp)...
[0000] Calling mem_process_seqs.., task: 16
[0000] 1. Calling kt_for - worker_bwt
[0000] 2. Calling kt_for - worker_aln
[0000] Inferring insert size distribution of PE reads from data, l_pac: 656111652, n: 2774612
[0000][PE] # candidate unique pairs for (FF, FR, RF, RR): (90, 1118282, 128, 106)
[0000][PE] analyzing insert size distribution for orientation FF...
[0000][PE] (25, 50, 75) percentile: (140, 194, 342)
[0000][PE] low and high boundaries for computing mean and std.dev: (1, 746)
[0000][PE] mean and std.dev: (191.88, 102.45)
[0000][PE] low and high boundaries for proper pairs: (1, 948)
[0000][PE] analyzing insert size distribution for orientation FR...
[0000][PE] (25, 50, 75) percentile: (243, 287, 325)
[0000][PE] low and high boundaries for computing mean and std.dev: (79, 489)
[0000][PE] mean and std.dev: (280.13, 63.22)
[0000][PE] low and high boundaries for proper pairs: (1, 571)
[0000][PE] analyzing insert size distribution for orientation RF...
[0000][PE] (25, 50, 75) percentile: (853, 3095, 6837)
[0000][PE] low and high boundaries for computing mean and std.dev: (1, 18805)
[0000][PE] mean and std.dev: (3926.28, 3299.33)
[0000][PE] low and high boundaries for proper pairs: (1, 24789)
[0000][PE] analyzing insert size distribution for orientation RR...
[0000][PE] (25, 50, 75) percentile: (173, 245, 1430)
[0000][PE] low and high boundaries for computing mean and std.dev: (1, 3944)
[0000][PE] mean and std.dev: (620.98, 895.03)
[0000][PE] low and high boundaries for proper pairs: (1, 5201)
[0000][PE] skip orientation FF
[0000][PE] skip orientation RF
[0000][PE] skip orientation RR
[0000] 3. Calling kt_for - worker_sam
	[0000][ M::mem_process_seqs] Processed 2774612 reads in 447.789 CPU sec, 14.198 real sec
[0000] read_chunk: 400000000, work_chunk_size: 400000006, nseq: 2775176
	[0000][ M::kt_pipeline] read 2775176 sequences (400000006 bp)...
[0000] Calling mem_process_seqs.., task: 17
[0000] 1. Calling kt_for - worker_bwt
[0000] 2. Calling kt_for - worker_aln
[0000] Inferring insert size distribution of PE reads from data, l_pac: 656111652, n: 2775176
[0000][PE] # candidate unique pairs for (FF, FR, RF, RR): (105, 1127258, 122, 97)
[0000][PE] analyzing insert size distribution for orientation FF...
[0000][PE] (25, 50, 75) percentile: (134, 215, 526)
[0000][PE] low and high boundaries for computing mean and std.dev: (1, 1310)
[0000][PE] mean and std.dev: (238.60, 182.37)
[0000][PE] low and high boundaries for proper pairs: (1, 1702)
[0000][PE] analyzing insert size distribution for orientation FR...
[0000][PE] (25, 50, 75) percentile: (243, 287, 325)
[0000][PE] low and high boundaries for computing mean and std.dev: (79, 489)
[0000][PE] mean and std.dev: (280.19, 63.18)
[0000][PE] low and high boundaries for proper pairs: (1, 571)
[0000][PE] analyzing insert size distribution for orientation RF...
[0000][PE] (25, 50, 75) percentile: (1086, 4566, 7609)
[0000][PE] low and high boundaries for computing mean and std.dev: (1, 20655)
[0000][PE] mean and std.dev: (4427.13, 3255.89)
[0000][PE] low and high boundaries for proper pairs: (1, 27178)
[0000][PE] analyzing insert size distribution for orientation RR...
[0000][PE] (25, 50, 75) percentile: (157, 219, 467)
[0000][PE] low and high boundaries for computing mean and std.dev: (1, 1087)
[0000][PE] mean and std.dev: (217.78, 130.80)
[0000][PE] low and high boundaries for proper pairs: (1, 1397)
[0000][PE] skip orientation FF
[0000][PE] skip orientation RF
[0000][PE] skip orientation RR
[0000] 3. Calling kt_for - worker_sam
[0000] read_chunk: 400000000, work_chunk_size: 400000240, nseq: 2771088
	[0000][ M::kt_pipeline] read 2771088 sequences (400000240 bp)...
	[0000][ M::mem_process_seqs] Processed 2775176 reads in 417.432 CPU sec, 11.835 real sec
[0000] Calling mem_process_seqs.., task: 18
[0000] 1. Calling kt_for - worker_bwt
[0000] 2. Calling kt_for - worker_aln
[0000] Inferring insert size distribution of PE reads from data, l_pac: 656111652, n: 2771088
[0000][PE] # candidate unique pairs for (FF, FR, RF, RR): (92, 1079429, 121, 105)
[0000][PE] analyzing insert size distribution for orientation FF...
[0000][PE] (25, 50, 75) percentile: (126, 179, 249)
[0000][PE] low and high boundaries for computing mean and std.dev: (1, 495)
[0000][PE] mean and std.dev: (165.39, 69.85)
[0000][PE] low and high boundaries for proper pairs: (1, 618)
[0000][PE] analyzing insert size distribution for orientation FR...
[0000][PE] (25, 50, 75) percentile: (243, 287, 325)
[0000][PE] low and high boundaries for computing mean and std.dev: (79, 489)
[0000][PE] mean and std.dev: (280.21, 63.13)
[0000][PE] low and high boundaries for proper pairs: (1, 571)
[0000][PE] analyzing insert size distribution for orientation RF...
[0000][PE] (25, 50, 75) percentile: (593, 2217, 5828)
[0000][PE] low and high boundaries for computing mean and std.dev: (1, 16298)
[0000][PE] mean and std.dev: (3160.03, 2878.66)
[0000][PE] low and high boundaries for proper pairs: (1, 21533)
[0000][PE] analyzing insert size distribution for orientation RR...
[0000][PE] (25, 50, 75) percentile: (158, 228, 534)
[0000][PE] low and high boundaries for computing mean and std.dev: (1, 1286)
[0000][PE] mean and std.dev: (273.56, 212.83)
[0000][PE] low and high boundaries for proper pairs: (1, 1662)
[0000][PE] skip orientation FF
[0000][PE] skip orientation RF
[0000][PE] skip orientation RR
[0000] 3. Calling kt_for - worker_sam
[0000] read_chunk: 400000000, work_chunk_size: 400000161, nseq: 2773590
	[0000][ M::kt_pipeline] read 2773590 sequences (400000161 bp)...
	[0000][ M::mem_process_seqs] Processed 2771088 reads in 529.835 CPU sec, 15.791 real sec
[0000] Calling mem_process_seqs.., task: 19
[0000] 1. Calling kt_for - worker_bwt
[0000] 2. Calling kt_for - worker_aln
[0000] Inferring insert size distribution of PE reads from data, l_pac: 656111652, n: 2773590
[0000][PE] # candidate unique pairs for (FF, FR, RF, RR): (107, 1109599, 109, 84)
[0000][PE] analyzing insert size distribution for orientation FF...
[0000][PE] (25, 50, 75) percentile: (146, 199, 283)
[0000][PE] low and high boundaries for computing mean and std.dev: (1, 557)
[0000][PE] mean and std.dev: (184.74, 71.21)
[0000][PE] low and high boundaries for proper pairs: (1, 694)
[0000][PE] analyzing insert size distribution for orientation FR...
[0000][PE] (25, 50, 75) percentile: (243, 287, 325)
[0000][PE] low and high boundaries for computing mean and std.dev: (79, 489)
[0000][PE] mean and std.dev: (280.14, 63.19)
[0000][PE] low and high boundaries for proper pairs: (1, 571)
[0000][PE] analyzing insert size distribution for orientation RF...
[0000][PE] (25, 50, 75) percentile: (349, 1883, 4472)
[0000][PE] low and high boundaries for computing mean and std.dev: (1, 12718)
[0000][PE] mean and std.dev: (2988.11, 3013.10)
[0000][PE] low and high boundaries for proper pairs: (1, 16841)
[0000][PE] analyzing insert size distribution for orientation RR...
[0000][PE] (25, 50, 75) percentile: (144, 212, 738)
[0000][PE] low and high boundaries for computing mean and std.dev: (1, 1926)
[0000][PE] mean and std.dev: (301.83, 362.46)
[0000][PE] low and high boundaries for proper pairs: (1, 2520)
[0000][PE] skip orientation FF
[0000][PE] skip orientation RF
[0000][PE] skip orientation RR
[0000] 3. Calling kt_for - worker_sam
	[0000][ M::mem_process_seqs] Processed 2773590 reads in 458.161 CPU sec, 13.494 real sec
[0000] read_chunk: 400000000, work_chunk_size: 400000140, nseq: 2773602
	[0000][ M::kt_pipeline] read 2773602 sequences (400000140 bp)...
[0000] Calling mem_process_seqs.., task: 20
[0000] 1. Calling kt_for - worker_bwt
[0000] 2. Calling kt_for - worker_aln
[0000] Inferring insert size distribution of PE reads from data, l_pac: 656111652, n: 2773602
[0000][PE] # candidate unique pairs for (FF, FR, RF, RR): (117, 1114346, 121, 71)
[0000][PE] analyzing insert size distribution for orientation FF...
[0000][PE] (25, 50, 75) percentile: (151, 201, 329)
[0000][PE] low and high boundaries for computing mean and std.dev: (1, 685)
[0000][PE] mean and std.dev: (190.59, 80.72)
[0000][PE] low and high boundaries for proper pairs: (1, 863)
[0000][PE] analyzing insert size distribution for orientation FR...
[0000][PE] (25, 50, 75) percentile: (243, 287, 325)
[0000][PE] low and high boundaries for computing mean and std.dev: (79, 489)
[0000][PE] mean and std.dev: (280.20, 63.14)
[0000][PE] low and high boundaries for proper pairs: (1, 571)
[0000][PE] analyzing insert size distribution for orientation RF...
[0000][PE] (25, 50, 75) percentile: (393, 2217, 5304)
[0000][PE] low and high boundaries for computing mean and std.dev: (1, 15126)
[0000][PE] mean and std.dev: (3295.39, 3182.46)
[0000][PE] low and high boundaries for proper pairs: (1, 20037)
[0000][PE] analyzing insert size distribution for orientation RR...
[0000][PE] (25, 50, 75) percentile: (148, 199, 571)
[0000][PE] low and high boundaries for computing mean and std.dev: (1, 1417)
[0000][PE] mean and std.dev: (229.68, 170.80)
[0000][PE] low and high boundaries for proper pairs: (1, 1840)
[0000][PE] skip orientation FF
[0000][PE] skip orientation RF
[0000][PE] skip orientation RR
[0000] 3. Calling kt_for - worker_sam
	[0000][ M::mem_process_seqs] Processed 2773602 reads in 451.825 CPU sec, 14.367 real sec
[0000] read_chunk: 400000000, work_chunk_size: 400000208, nseq: 2775500
	[0000][ M::kt_pipeline] read 2775500 sequences (400000208 bp)...
[0000] Calling mem_process_seqs.., task: 21
[0000] 1. Calling kt_for - worker_bwt
[0000] 2. Calling kt_for - worker_aln
[0000] Inferring insert size distribution of PE reads from data, l_pac: 656111652, n: 2775500
[0000][PE] # candidate unique pairs for (FF, FR, RF, RR): (95, 1126723, 103, 96)
[0000][PE] analyzing insert size distribution for orientation FF...
[0000][PE] (25, 50, 75) percentile: (139, 186, 263)
[0000][PE] low and high boundaries for computing mean and std.dev: (1, 511)
[0000][PE] mean and std.dev: (170.86, 71.83)
[0000][PE] low and high boundaries for proper pairs: (1, 635)
[0000][PE] analyzing insert size distribution for orientation FR...
[0000][PE] (25, 50, 75) percentile: (243, 287, 325)
[0000][PE] low and high boundaries for computing mean and std.dev: (79, 489)
[0000][PE] mean and std.dev: (280.25, 63.14)
[0000][PE] low and high boundaries for proper pairs: (1, 571)
[0000][PE] analyzing insert size distribution for orientation RF...
[0000][PE] (25, 50, 75) percentile: (272, 2205, 5658)
[0000][PE] low and high boundaries for computing mean and std.dev: (1, 16430)
[0000][PE] mean and std.dev: (3361.45, 3187.47)
[0000][PE] low and high boundaries for proper pairs: (1, 21816)
[0000][PE] analyzing insert size distribution for orientation RR...
[0000][PE] (25, 50, 75) percentile: (160, 247, 994)
[0000][PE] low and high boundaries for computing mean and std.dev: (1, 2662)
[0000][PE] mean and std.dev: (397.69, 442.18)
[0000][PE] low and high boundaries for proper pairs: (1, 3496)
[0000][PE] skip orientation FF
[0000][PE] skip orientation RF
[0000][PE] skip orientation RR
[0000] 3. Calling kt_for - worker_sam
	[0000][ M::mem_process_seqs] Processed 2775500 reads in 437.296 CPU sec, 12.908 real sec
[0000] read_chunk: 400000000, work_chunk_size: 400000091, nseq: 2774674
	[0000][ M::kt_pipeline] read 2774674 sequences (400000091 bp)...
[0000] Calling mem_process_seqs.., task: 22
[0000] 1. Calling kt_for - worker_bwt
[0000] 2. Calling kt_for - worker_aln
[0000] Inferring insert size distribution of PE reads from data, l_pac: 656111652, n: 2774674
[0000][PE] # candidate unique pairs for (FF, FR, RF, RR): (105, 1126218, 127, 97)
[0000][PE] analyzing insert size distribution for orientation FF...
[0000][PE] (25, 50, 75) percentile: (131, 178, 249)
[0000][PE] low and high boundaries for computing mean and std.dev: (1, 485)
[0000][PE] mean and std.dev: (165.44, 72.84)
[0000][PE] low and high boundaries for proper pairs: (1, 603)
[0000][PE] analyzing insert size distribution for orientation FR...
[0000][PE] (25, 50, 75) percentile: (243, 287, 325)
[0000][PE] low and high boundaries for computing mean and std.dev: (79, 489)
[0000][PE] mean and std.dev: (280.05, 63.27)
[0000][PE] low and high boundaries for proper pairs: (1, 571)
[0000][PE] analyzing insert size distribution for orientation RF...
[0000][PE] (25, 50, 75) percentile: (1216, 3739, 7054)
[0000][PE] low and high boundaries for computing mean and std.dev: (1, 18730)
[0000][PE] mean and std.dev: (4199.02, 3312.63)
[0000][PE] low and high boundaries for proper pairs: (1, 24568)
[0000][PE] analyzing insert size distribution for orientation RR...
[0000][PE] (25, 50, 75) percentile: (158, 220, 796)
[0000][PE] low and high boundaries for computing mean and std.dev: (1, 2072)
[0000][PE] mean and std.dev: (342.27, 346.98)
[0000][PE] low and high boundaries for proper pairs: (1, 2710)
[0000][PE] skip orientation FF
[0000][PE] skip orientation RF
[0000][PE] skip orientation RR
[0000] 3. Calling kt_for - worker_sam
	[0000][ M::mem_process_seqs] Processed 2774674 reads in 428.955 CPU sec, 14.463 real sec
[0000] read_chunk: 400000000, work_chunk_size: 400000099, nseq: 2774698
	[0000][ M::kt_pipeline] read 2774698 sequences (400000099 bp)...
[0000] Calling mem_process_seqs.., task: 23
[0000] 1. Calling kt_for - worker_bwt
[0000] 2. Calling kt_for - worker_aln
[0000] Inferring insert size distribution of PE reads from data, l_pac: 656111652, n: 2774698
[0000][PE] # candidate unique pairs for (FF, FR, RF, RR): (102, 1126412, 111, 91)
[0000][PE] analyzing insert size distribution for orientation FF...
[0000][PE] (25, 50, 75) percentile: (134, 189, 312)
[0000][PE] low and high boundaries for computing mean and std.dev: (1, 668)
[0000][PE] mean and std.dev: (172.99, 84.28)
[0000][PE] low and high boundaries for proper pairs: (1, 846)
[0000][PE] analyzing insert size distribution for orientation FR...
[0000][PE] (25, 50, 75) percentile: (243, 287, 325)
[0000][PE] low and high boundaries for computing mean and std.dev: (79, 489)
[0000][PE] mean and std.dev: (280.27, 63.12)
[0000][PE] low and high boundaries for proper pairs: (1, 571)
[0000][PE] analyzing insert size distribution for orientation RF...
[0000][PE] (25, 50, 75) percentile: (861, 1847, 5994)
[0000][PE] low and high boundaries for computing mean and std.dev: (1, 16260)
[0000][PE] mean and std.dev: (3407.56, 3131.00)
[0000][PE] low and high boundaries for proper pairs: (1, 21393)
[0000][PE] analyzing insert size distribution for orientation RR...
[0000][PE] (25, 50, 75) percentile: (134, 202, 275)
[0000][PE] low and high boundaries for computing mean and std.dev: (1, 557)
[0000][PE] mean and std.dev: (186.95, 95.57)
[0000][PE] low and high boundaries for proper pairs: (1, 698)
[0000][PE] skip orientation FF
[0000][PE] skip orientation RF
[0000][PE] skip orientation RR
[0000] 3. Calling kt_for - worker_sam
	[0000][ M::mem_process_seqs] Processed 2774698 reads in 444.118 CPU sec, 16.699 real sec
[0000] read_chunk: 400000000, work_chunk_size: 400000185, nseq: 2771410
	[0000][ M::kt_pipeline] read 2771410 sequences (400000185 bp)...
[0000] Calling mem_process_seqs.., task: 24
[0000] 1. Calling kt_for - worker_bwt
[0000] 2. Calling kt_for - worker_aln
[0000] Inferring insert size distribution of PE reads from data, l_pac: 656111652, n: 2771410
[0000][PE] # candidate unique pairs for (FF, FR, RF, RR): (93, 1073623, 107, 81)
[0000][PE] analyzing insert size distribution for orientation FF...
[0000][PE] (25, 50, 75) percentile: (148, 193, 253)
[0000][PE] low and high boundaries for computing mean and std.dev: (1, 463)
[0000][PE] mean and std.dev: (183.94, 75.67)
[0000][PE] low and high boundaries for proper pairs: (1, 568)
[0000][PE] analyzing insert size distribution for orientation FR...
[0000][PE] (25, 50, 75) percentile: (243, 287, 325)
[0000][PE] low and high boundaries for computing mean and std.dev: (79, 489)
[0000][PE] mean and std.dev: (280.21, 63.20)
[0000][PE] low and high boundaries for proper pairs: (1, 571)
[0000][PE] analyzing insert size distribution for orientation RF...
[0000][PE] (25, 50, 75) percentile: (512, 1656, 6576)
[0000][PE] low and high boundaries for computing mean and std.dev: (1, 18704)
[0000][PE] mean and std.dev: (3393.31, 3313.01)
[0000][PE] low and high boundaries for proper pairs: (1, 24768)
[0000][PE] analyzing insert size distribution for orientation RR...
[0000][PE] (25, 50, 75) percentile: (169, 219, 281)
[0000][PE] low and high boundaries for computing mean and std.dev: (1, 505)
[0000][PE] mean and std.dev: (200.38, 59.69)
[0000][PE] low and high boundaries for proper pairs: (1, 617)
[0000][PE] skip orientation FF
[0000][PE] skip orientation RF
[0000][PE] skip orientation RR
[0000] 3. Calling kt_for - worker_sam
[0000] read_chunk: 400000000, work_chunk_size: 400000201, nseq: 2775074
	[0000][ M::kt_pipeline] read 2775074 sequences (400000201 bp)...
	[0000][ M::mem_process_seqs] Processed 2771410 reads in 508.394 CPU sec, 14.553 real sec
[0000] Calling mem_process_seqs.., task: 25
[0000] 1. Calling kt_for - worker_bwt
[0000] 2. Calling kt_for - worker_aln
[0000] Inferring insert size distribution of PE reads from data, l_pac: 656111652, n: 2775074
[0000][PE] # candidate unique pairs for (FF, FR, RF, RR): (102, 1121593, 116, 78)
[0000][PE] analyzing insert size distribution for orientation FF...
[0000][PE] (25, 50, 75) percentile: (163, 225, 968)
[0000][PE] low and high boundaries for computing mean and std.dev: (1, 2578)
[0000][PE] mean and std.dev: (277.47, 340.23)
[0000][PE] low and high boundaries for proper pairs: (1, 3383)
[0000][PE] analyzing insert size distribution for orientation FR...
[0000][PE] (25, 50, 75) percentile: (243, 287, 325)
[0000][PE] low and high boundaries for computing mean and std.dev: (79, 489)
[0000][PE] mean and std.dev: (280.22, 63.17)
[0000][PE] low and high boundaries for proper pairs: (1, 571)
[0000][PE] analyzing insert size distribution for orientation RF...
[0000][PE] (25, 50, 75) percentile: (531, 2788, 6172)
[0000][PE] low and high boundaries for computing mean and std.dev: (1, 17454)
[0000][PE] mean and std.dev: (3560.47, 3245.41)
[0000][PE] low and high boundaries for proper pairs: (1, 23095)
[0000][PE] analyzing insert size distribution for orientation RR...
[0000][PE] (25, 50, 75) percentile: (156, 216, 278)
[0000][PE] low and high boundaries for computing mean and std.dev: (1, 522)
[0000][PE] mean and std.dev: (189.27, 72.39)
[0000][PE] low and high boundaries for proper pairs: (1, 644)
[0000][PE] skip orientation FF
[0000][PE] skip orientation RF
[0000][PE] skip orientation RR
[0000] 3. Calling kt_for - worker_sam
	[0000][ M::mem_process_seqs] Processed 2775074 reads in 426.056 CPU sec, 11.940 real sec
[0000] read_chunk: 400000000, work_chunk_size: 400000154, nseq: 2775748
	[0000][ M::kt_pipeline] read 2775748 sequences (400000154 bp)...
[0000] Calling mem_process_seqs.., task: 26
[0000] 1. Calling kt_for - worker_bwt
[0000] 2. Calling kt_for - worker_aln
[0000] Inferring insert size distribution of PE reads from data, l_pac: 656111652, n: 2775748
[0000][PE] # candidate unique pairs for (FF, FR, RF, RR): (94, 1132410, 130, 103)
[0000][PE] analyzing insert size distribution for orientation FF...
[0000][PE] (25, 50, 75) percentile: (145, 212, 265)
[0000][PE] low and high boundaries for computing mean and std.dev: (1, 505)
[0000][PE] mean and std.dev: (184.57, 77.89)
[0000][PE] low and high boundaries for proper pairs: (1, 625)
[0000][PE] analyzing insert size distribution for orientation FR...
[0000][PE] (25, 50, 75) percentile: (243, 287, 325)
[0000][PE] low and high boundaries for computing mean and std.dev: (79, 489)
[0000][PE] mean and std.dev: (280.14, 63.31)
[0000][PE] low and high boundaries for proper pairs: (1, 571)
[0000][PE] analyzing insert size distribution for orientation RF...
[0000][PE] (25, 50, 75) percentile: (358, 1627, 5427)
[0000][PE] low and high boundaries for computing mean and std.dev: (1, 15565)
[0000][PE] mean and std.dev: (3146.42, 3056.39)
[0000][PE] low and high boundaries for proper pairs: (1, 20634)
[0000][PE] analyzing insert size distribution for orientation RR...
[0000][PE] (25, 50, 75) percentile: (149, 191, 276)
[0000][PE] low and high boundaries for computing mean and std.dev: (1, 530)
[0000][PE] mean and std.dev: (188.91, 75.52)
[0000][PE] low and high boundaries for proper pairs: (1, 657)
[0000][PE] skip orientation FF
[0000][PE] skip orientation RF
[0000][PE] skip orientation RR
[0000] 3. Calling kt_for - worker_sam
[0000] read_chunk: 400000000, work_chunk_size: 400000197, nseq: 2774620
	[0000][ M::kt_pipeline] read 2774620 sequences (400000197 bp)...
	[0000][ M::mem_process_seqs] Processed 2775748 reads in 391.811 CPU sec, 10.779 real sec
[0000] Calling mem_process_seqs.., task: 27
[0000] 1. Calling kt_for - worker_bwt
[0000] 2. Calling kt_for - worker_aln
[0000] Inferring insert size distribution of PE reads from data, l_pac: 656111652, n: 2774620
[0000][PE] # candidate unique pairs for (FF, FR, RF, RR): (101, 1116552, 132, 83)
[0000][PE] analyzing insert size distribution for orientation FF...
[0000][PE] (25, 50, 75) percentile: (143, 226, 508)
[0000][PE] low and high boundaries for computing mean and std.dev: (1, 1238)
[0000][PE] mean and std.dev: (229.29, 180.79)
[0000][PE] low and high boundaries for proper pairs: (1, 1603)
[0000][PE] analyzing insert size distribution for orientation FR...
[0000][PE] (25, 50, 75) percentile: (243, 287, 325)
[0000][PE] low and high boundaries for computing mean and std.dev: (79, 489)
[0000][PE] mean and std.dev: (280.08, 63.27)
[0000][PE] low and high boundaries for proper pairs: (1, 571)
[0000][PE] analyzing insert size distribution for orientation RF...
[0000][PE] (25, 50, 75) percentile: (777, 3921, 5914)
[0000][PE] low and high boundaries for computing mean and std.dev: (1, 16188)
[0000][PE] mean and std.dev: (3693.02, 3069.66)
[0000][PE] low and high boundaries for proper pairs: (1, 21325)
[0000][PE] analyzing insert size distribution for orientation RR...
[0000][PE] (25, 50, 75) percentile: (146, 179, 245)
[0000][PE] low and high boundaries for computing mean and std.dev: (1, 443)
[0000][PE] mean and std.dev: (176.56, 82.49)
[0000][PE] low and high boundaries for proper pairs: (1, 542)
[0000][PE] skip orientation FF
[0000][PE] skip orientation RF
[0000][PE] skip orientation RR
[0000] 3. Calling kt_for - worker_sam
	[0000][ M::mem_process_seqs] Processed 2774620 reads in 429.467 CPU sec, 11.618 real sec
[0000] read_chunk: 400000000, work_chunk_size: 400000123, nseq: 2775402
	[0000][ M::kt_pipeline] read 2775402 sequences (400000123 bp)...
[0000] Calling mem_process_seqs.., task: 28
[0000] 1. Calling kt_for - worker_bwt
[0000] 2. Calling kt_for - worker_aln
[0000] Inferring insert size distribution of PE reads from data, l_pac: 656111652, n: 2775402
[0000][PE] # candidate unique pairs for (FF, FR, RF, RR): (107, 1124815, 113, 94)
[0000][PE] analyzing insert size distribution for orientation FF...
[0000][PE] (25, 50, 75) percentile: (143, 189, 258)
[0000][PE] low and high boundaries for computing mean and std.dev: (1, 488)
[0000][PE] mean and std.dev: (184.76, 68.82)
[0000][PE] low and high boundaries for proper pairs: (1, 603)
[0000][PE] analyzing insert size distribution for orientation FR...
[0000][PE] (25, 50, 75) percentile: (243, 287, 325)
[0000][PE] low and high boundaries for computing mean and std.dev: (79, 489)
[0000][PE] mean and std.dev: (280.18, 63.21)
[0000][PE] low and high boundaries for proper pairs: (1, 571)
[0000][PE] analyzing insert size distribution for orientation RF...
[0000][PE] (25, 50, 75) percentile: (288, 2070, 6047)
[0000][PE] low and high boundaries for computing mean and std.dev: (1, 17565)
[0000][PE] mean and std.dev: (3362.18, 3326.15)
[0000][PE] low and high boundaries for proper pairs: (1, 23324)
[0000][PE] analyzing insert size distribution for orientation RR...
[0000][PE] (25, 50, 75) percentile: (148, 201, 311)
[0000][PE] low and high boundaries for computing mean and std.dev: (1, 637)
[0000][PE] mean and std.dev: (198.00, 88.54)
[0000][PE] low and high boundaries for proper pairs: (1, 800)
[0000][PE] skip orientation FF
[0000][PE] skip orientation RF
[0000][PE] skip orientation RR
[0000] 3. Calling kt_for - worker_sam
[0000] read_chunk: 400000000, work_chunk_size: 400000192, nseq: 2774242
	[0000][ M::kt_pipeline] read 2774242 sequences (400000192 bp)...
	[0000][ M::mem_process_seqs] Processed 2775402 reads in 416.975 CPU sec, 11.552 real sec
[0000] Calling mem_process_seqs.., task: 29
[0000] 1. Calling kt_for - worker_bwt
[0000] 2. Calling kt_for - worker_aln
[0000] Inferring insert size distribution of PE reads from data, l_pac: 656111652, n: 2774242
[0000][PE] # candidate unique pairs for (FF, FR, RF, RR): (97, 1115810, 117, 110)
[0000][PE] analyzing insert size distribution for orientation FF...
[0000][PE] (25, 50, 75) percentile: (150, 193, 417)
[0000][PE] low and high boundaries for computing mean and std.dev: (1, 951)
[0000][PE] mean and std.dev: (194.79, 107.67)
[0000][PE] low and high boundaries for proper pairs: (1, 1218)
[0000][PE] analyzing insert size distribution for orientation FR...
[0000][PE] (25, 50, 75) percentile: (243, 287, 326)
[0000][PE] low and high boundaries for computing mean and std.dev: (77, 492)
[0000][PE] mean and std.dev: (279.90, 63.66)
[0000][PE] low and high boundaries for proper pairs: (1, 575)
[0000][PE] analyzing insert size distribution for orientation RF...
[0000][PE] (25, 50, 75) percentile: (518, 2851, 6247)
[0000][PE] low and high boundaries for computing mean and std.dev: (1, 17705)
[0000][PE] mean and std.dev: (3501.12, 3153.20)
[0000][PE] low and high boundaries for proper pairs: (1, 23434)
[0000][PE] analyzing insert size distribution for orientation RR...
[0000][PE] (25, 50, 75) percentile: (157, 218, 611)
[0000][PE] low and high boundaries for computing mean and std.dev: (1, 1519)
[0000][PE] mean and std.dev: (250.07, 202.06)
[0000][PE] low and high boundaries for proper pairs: (1, 1973)
[0000][PE] skip orientation FF
[0000][PE] skip orientation RF
[0000][PE] skip orientation RR
[0000] 3. Calling kt_for - worker_sam
	[0000][ M::mem_process_seqs] Processed 2774242 reads in 453.365 CPU sec, 13.306 real sec
[0000] read_chunk: 400000000, work_chunk_size: 400000206, nseq: 2770692
	[0000][ M::kt_pipeline] read 2770692 sequences (400000206 bp)...
[0000] Calling mem_process_seqs.., task: 30
[0000] 1. Calling kt_for - worker_bwt
[0000] 2. Calling kt_for - worker_aln
[0000] Inferring insert size distribution of PE reads from data, l_pac: 656111652, n: 2770692
[0000][PE] # candidate unique pairs for (FF, FR, RF, RR): (85, 1069931, 118, 71)
[0000][PE] analyzing insert size distribution for orientation FF...
[0000][PE] (25, 50, 75) percentile: (147, 212, 617)
[0000][PE] low and high boundaries for computing mean and std.dev: (1, 1557)
[0000][PE] mean and std.dev: (272.82, 304.27)
[0000][PE] low and high boundaries for proper pairs: (1, 2027)
[0000][PE] analyzing insert size distribution for orientation FR...
[0000][PE] (25, 50, 75) percentile: (243, 287, 325)
[0000][PE] low and high boundaries for computing mean and std.dev: (79, 489)
[0000][PE] mean and std.dev: (280.10, 63.21)
[0000][PE] low and high boundaries for proper pairs: (1, 571)
[0000][PE] analyzing insert size distribution for orientation RF...
[0000][PE] (25, 50, 75) percentile: (288, 2375, 5574)
[0000][PE] low and high boundaries for computing mean and std.dev: (1, 16146)
[0000][PE] mean and std.dev: (3183.64, 3143.60)
[0000][PE] low and high boundaries for proper pairs: (1, 21432)
[0000][PE] analyzing insert size distribution for orientation RR...
[0000][PE] (25, 50, 75) percentile: (133, 190, 275)
[0000][PE] low and high boundaries for computing mean and std.dev: (1, 559)
[0000][PE] mean and std.dev: (202.44, 113.44)
[0000][PE] low and high boundaries for proper pairs: (1, 701)
[0000][PE] skip orientation FF
[0000][PE] skip orientation RF
[0000][PE] skip orientation RR
[0000] 3. Calling kt_for - worker_sam
[0000] read_chunk: 400000000, work_chunk_size: 400000015, nseq: 2774568
	[0000][ M::kt_pipeline] read 2774568 sequences (400000015 bp)...
	[0000][ M::mem_process_seqs] Processed 2770692 reads in 548.103 CPU sec, 15.801 real sec
[0000] Calling mem_process_seqs.., task: 31
[0000] 1. Calling kt_for - worker_bwt
[0000] 2. Calling kt_for - worker_aln
[0000] Inferring insert size distribution of PE reads from data, l_pac: 656111652, n: 2774568
[0000][PE] # candidate unique pairs for (FF, FR, RF, RR): (97, 1113907, 96, 88)
[0000][PE] analyzing insert size distribution for orientation FF...
[0000][PE] (25, 50, 75) percentile: (127, 170, 248)
[0000][PE] low and high boundaries for computing mean and std.dev: (1, 490)
[0000][PE] mean and std.dev: (174.70, 79.32)
[0000][PE] low and high boundaries for proper pairs: (1, 611)
[0000][PE] analyzing insert size distribution for orientation FR...
[0000][PE] (25, 50, 75) percentile: (243, 287, 325)
[0000][PE] low and high boundaries for computing mean and std.dev: (79, 489)
[0000][PE] mean and std.dev: (280.18, 63.27)
[0000][PE] low and high boundaries for proper pairs: (1, 571)
[0000][PE] analyzing insert size distribution for orientation RF...
[0000][PE] (25, 50, 75) percentile: (282, 2027, 6296)
[0000][PE] low and high boundaries for computing mean and std.dev: (1, 18324)
[0000][PE] mean and std.dev: (3217.27, 3177.04)
[0000][PE] low and high boundaries for proper pairs: (1, 24338)
[0000][PE] analyzing insert size distribution for orientation RR...
[0000][PE] (25, 50, 75) percentile: (152, 203, 301)
[0000][PE] low and high boundaries for computing mean and std.dev: (1, 599)
[0000][PE] mean and std.dev: (190.64, 83.82)
[0000][PE] low and high boundaries for proper pairs: (1, 748)
[0000][PE] skip orientation FF
[0000][PE] skip orientation RF
[0000][PE] skip orientation RR
[0000] 3. Calling kt_for - worker_sam
[0000] read_chunk: 400000000, work_chunk_size: 400000152, nseq: 2775324
	[0000][ M::kt_pipeline] read 2775324 sequences (400000152 bp)...
	[0000][ M::mem_process_seqs] Processed 2774568 reads in 480.040 CPU sec, 13.802 real sec
[0000] Calling mem_process_seqs.., task: 32
[0000] 1. Calling kt_for - worker_bwt
[0000] 2. Calling kt_for - worker_aln
[0000] Inferring insert size distribution of PE reads from data, l_pac: 656111652, n: 2775324
[0000][PE] # candidate unique pairs for (FF, FR, RF, RR): (97, 1132581, 109, 74)
[0000][PE] analyzing insert size distribution for orientation FF...
[0000][PE] (25, 50, 75) percentile: (158, 204, 356)
[0000][PE] low and high boundaries for computing mean and std.dev: (1, 752)
[0000][PE] mean and std.dev: (236.94, 164.14)
[0000][PE] low and high boundaries for proper pairs: (1, 950)
[0000][PE] analyzing insert size distribution for orientation FR...
[0000][PE] (25, 50, 75) percentile: (243, 287, 325)
[0000][PE] low and high boundaries for computing mean and std.dev: (79, 489)
[0000][PE] mean and std.dev: (280.14, 63.22)
[0000][PE] low and high boundaries for proper pairs: (1, 571)
[0000][PE] analyzing insert size distribution for orientation RF...
[0000][PE] (25, 50, 75) percentile: (882, 4563, 7717)
[0000][PE] low and high boundaries for computing mean and std.dev: (1, 21387)
[0000][PE] mean and std.dev: (4442.06, 3338.17)
[0000][PE] low and high boundaries for proper pairs: (1, 28222)
[0000][PE] analyzing insert size distribution for orientation RR...
[0000][PE] (25, 50, 75) percentile: (141, 241, 830)
[0000][PE] low and high boundaries for computing mean and std.dev: (1, 2208)
[0000][PE] mean and std.dev: (281.59, 266.29)
[0000][PE] low and high boundaries for proper pairs: (1, 2897)
[0000][PE] skip orientation FF
[0000][PE] skip orientation RF
[0000][PE] skip orientation RR
[0000] 3. Calling kt_for - worker_sam
	[0000][ M::mem_process_seqs] Processed 2775324 reads in 392.190 CPU sec, 10.835 real sec
[0000] read_chunk: 400000000, work_chunk_size: 400000203, nseq: 2775414
	[0000][ M::kt_pipeline] read 2775414 sequences (400000203 bp)...
[0000] Calling mem_process_seqs.., task: 33
[0000] 1. Calling kt_for - worker_bwt
[0000] 2. Calling kt_for - worker_aln
[0000] Inferring insert size distribution of PE reads from data, l_pac: 656111652, n: 2775414
[0000][PE] # candidate unique pairs for (FF, FR, RF, RR): (114, 1130505, 103, 78)
[0000][PE] analyzing insert size distribution for orientation FF...
[0000][PE] (25, 50, 75) percentile: (134, 198, 329)
[0000][PE] low and high boundaries for computing mean and std.dev: (1, 719)
[0000][PE] mean and std.dev: (210.35, 123.48)
[0000][PE] low and high boundaries for proper pairs: (1, 914)
[0000][PE] analyzing insert size distribution for orientation FR...
[0000][PE] (25, 50, 75) percentile: (243, 287, 325)
[0000][PE] low and high boundaries for computing mean and std.dev: (79, 489)
[0000][PE] mean and std.dev: (280.06, 63.24)
[0000][PE] low and high boundaries for proper pairs: (1, 571)
[0000][PE] analyzing insert size distribution for orientation RF...
[0000][PE] (25, 50, 75) percentile: (373, 1820, 6574)
[0000][PE] low and high boundaries for computing mean and std.dev: (1, 18976)
[0000][PE] mean and std.dev: (3353.72, 3274.38)
[0000][PE] low and high boundaries for proper pairs: (1, 25177)
[0000][PE] analyzing insert size distribution for orientation RR...
[0000][PE] (25, 50, 75) percentile: (149, 212, 342)
[0000][PE] low and high boundaries for computing mean and std.dev: (1, 728)
[0000][PE] mean and std.dev: (203.67, 118.39)
[0000][PE] low and high boundaries for proper pairs: (1, 921)
[0000][PE] skip orientation FF
[0000][PE] skip orientation RF
[0000][PE] skip orientation RR
[0000] 3. Calling kt_for - worker_sam
[0000] read_chunk: 400000000, work_chunk_size: 400000016, nseq: 2776420
	[0000][ M::kt_pipeline] read 2776420 sequences (400000016 bp)...
	[0000][ M::mem_process_seqs] Processed 2775414 reads in 404.927 CPU sec, 11.672 real sec
[0000] Reallocating initial memory allocations!!
[0000] read_chunk: 400000000, work_chunk_size: 400000023, nseq: 2771850
	[0000][ M::kt_pipeline] read 2771850 sequences (400000023 bp)...
[0000] Calling mem_process_seqs.., task: 34
[0000] 1. Calling kt_for - worker_bwt
[0000] 2. Calling kt_for - worker_aln
[0000] Inferring insert size distribution of PE reads from data, l_pac: 656111652, n: 2776420
[0000][PE] # candidate unique pairs for (FF, FR, RF, RR): (86, 1137854, 97, 111)
[0000][PE] analyzing insert size distribution for orientation FF...
[0000][PE] (25, 50, 75) percentile: (154, 211, 356)
[0000][PE] low and high boundaries for computing mean and std.dev: (1, 760)
[0000][PE] mean and std.dev: (205.37, 92.78)
[0000][PE] low and high boundaries for proper pairs: (1, 962)
[0000][PE] analyzing insert size distribution for orientation FR...
[0000][PE] (25, 50, 75) percentile: (243, 287, 325)
[0000][PE] low and high boundaries for computing mean and std.dev: (79, 489)
[0000][PE] mean and std.dev: (280.13, 63.25)
[0000][PE] low and high boundaries for proper pairs: (1, 571)
[0000][PE] analyzing insert size distribution for orientation RF...
[0000][PE] (25, 50, 75) percentile: (547, 1745, 5875)
[0000][PE] low and high boundaries for computing mean and std.dev: (1, 16531)
[0000][PE] mean and std.dev: (3223.37, 3089.67)
[0000][PE] low and high boundaries for proper pairs: (1, 21859)
[0000][PE] analyzing insert size distribution for orientation RR...
[0000][PE] (25, 50, 75) percentile: (173, 221, 424)
[0000][PE] low and high boundaries for computing mean and std.dev: (1, 926)
[0000][PE] mean and std.dev: (220.07, 116.28)
[0000][PE] low and high boundaries for proper pairs: (1, 1177)
[0000][PE] skip orientation FF
[0000][PE] skip orientation RF
[0000][PE] skip orientation RR
[0000] 3. Calling kt_for - worker_sam
	[0000][ M::mem_process_seqs] Processed 2776420 reads in 382.586 CPU sec, 11.043 real sec
[0000] Calling mem_process_seqs.., task: 35
[0000] 1. Calling kt_for - worker_bwt
[0000] 2. Calling kt_for - worker_aln
[0000] Inferring insert size distribution of PE reads from data, l_pac: 656111652, n: 2771850
[0000][PE] # candidate unique pairs for (FF, FR, RF, RR): (87, 1083533, 112, 84)
[0000][PE] analyzing insert size distribution for orientation FF...
[0000][PE] (25, 50, 75) percentile: (155, 201, 288)
[0000][PE] low and high boundaries for computing mean and std.dev: (1, 554)
[0000][PE] mean and std.dev: (192.41, 85.76)
[0000][PE] low and high boundaries for proper pairs: (1, 687)
[0000][PE] analyzing insert size distribution for orientation FR...
[0000][PE] (25, 50, 75) percentile: (243, 287, 325)
[0000][PE] low and high boundaries for computing mean and std.dev: (79, 489)
[0000][PE] mean and std.dev: (280.08, 63.30)
[0000][PE] low and high boundaries for proper pairs: (1, 571)
[0000][PE] analyzing insert size distribution for orientation RF...
[0000][PE] (25, 50, 75) percentile: (618, 2542, 6828)
[0000][PE] low and high boundaries for computing mean and std.dev: (1, 19248)
[0000][PE] mean and std.dev: (3681.64, 3285.07)
[0000][PE] low and high boundaries for proper pairs: (1, 25458)
[0000][PE] analyzing insert size distribution for orientation RR...
[0000][PE] (25, 50, 75) percentile: (150, 195, 272)
[0000][PE] low and high boundaries for computing mean and std.dev: (1, 516)
[0000][PE] mean and std.dev: (194.88, 77.87)
[0000][PE] low and high boundaries for proper pairs: (1, 638)
[0000][PE] skip orientation FF
[0000][PE] skip orientation RF
[0000][PE] skip orientation RR
[0000] 3. Calling kt_for - worker_sam
[0000] read_chunk: 400000000, work_chunk_size: 400000170, nseq: 2775036
	[0000][ M::kt_pipeline] read 2775036 sequences (400000170 bp)...
	[0000][ M::mem_process_seqs] Processed 2771850 reads in 511.767 CPU sec, 14.235 real sec
[0000] Calling mem_process_seqs.., task: 36
[0000] 1. Calling kt_for - worker_bwt
[0000] 2. Calling kt_for - worker_aln
[0000] Inferring insert size distribution of PE reads from data, l_pac: 656111652, n: 2775036
[0000][PE] # candidate unique pairs for (FF, FR, RF, RR): (108, 1134334, 117, 96)
[0000][PE] analyzing insert size distribution for orientation FF...
[0000][PE] (25, 50, 75) percentile: (149, 194, 327)
[0000][PE] low and high boundaries for computing mean and std.dev: (1, 683)
[0000][PE] mean and std.dev: (189.78, 99.66)
[0000][PE] low and high boundaries for proper pairs: (1, 861)
[0000][PE] analyzing insert size distribution for orientation FR...
[0000][PE] (25, 50, 75) percentile: (243, 287, 325)
[0000][PE] low and high boundaries for computing mean and std.dev: (79, 489)
[0000][PE] mean and std.dev: (280.10, 63.24)
[0000][PE] low and high boundaries for proper pairs: (1, 571)
[0000][PE] analyzing insert size distribution for orientation RF...
[0000][PE] (25, 50, 75) percentile: (546, 1731, 4865)
[0000][PE] low and high boundaries for computing mean and std.dev: (1, 13503)
[0000][PE] mean and std.dev: (2955.64, 2926.08)
[0000][PE] low and high boundaries for proper pairs: (1, 17822)
[0000][PE] analyzing insert size distribution for orientation RR...
[0000][PE] (25, 50, 75) percentile: (154, 220, 721)
[0000][PE] low and high boundaries for computing mean and std.dev: (1, 1855)
[0000][PE] mean and std.dev: (314.70, 343.03)
[0000][PE] low and high boundaries for proper pairs: (1, 2422)
[0000][PE] skip orientation FF
[0000][PE] skip orientation RF
[0000][PE] skip orientation RR
[0000] 3. Calling kt_for - worker_sam
	[0000][ M::mem_process_seqs] Processed 2775036 reads in 393.137 CPU sec, 10.712 real sec
[0000] read_chunk: 400000000, work_chunk_size: 400000179, nseq: 2776526
	[0000][ M::kt_pipeline] read 2776526 sequences (400000179 bp)...
[0000] Reallocating initial memory allocations!!
[0000] read_chunk: 400000000, work_chunk_size: 112222968, nseq: 779140
	[0000][ M::kt_pipeline] read 779140 sequences (112222968 bp)...
[0000] Calling mem_process_seqs.., task: 37
[0000] 1. Calling kt_for - worker_bwt
[0000] 2. Calling kt_for - worker_aln
[0000] Inferring insert size distribution of PE reads from data, l_pac: 656111652, n: 2776526
[0000][PE] # candidate unique pairs for (FF, FR, RF, RR): (112, 1142015, 122, 76)
[0000][PE] analyzing insert size distribution for orientation FF...
[0000][PE] (25, 50, 75) percentile: (147, 209, 317)
[0000][PE] low and high boundaries for computing mean and std.dev: (1, 657)
[0000][PE] mean and std.dev: (205.28, 115.76)
[0000][PE] low and high boundaries for proper pairs: (1, 827)
[0000][PE] analyzing insert size distribution for orientation FR...
[0000][PE] (25, 50, 75) percentile: (243, 287, 325)
[0000][PE] low and high boundaries for computing mean and std.dev: (79, 489)
[0000][PE] mean and std.dev: (280.08, 63.24)
[0000][PE] low and high boundaries for proper pairs: (1, 571)
[0000][PE] analyzing insert size distribution for orientation RF...
[0000][PE] (25, 50, 75) percentile: (614, 2352, 6605)
[0000][PE] low and high boundaries for computing mean and std.dev: (1, 18587)
[0000][PE] mean and std.dev: (3453.21, 3081.07)
[0000][PE] low and high boundaries for proper pairs: (1, 24578)
[0000][PE] analyzing insert size distribution for orientation RR...
[0000][PE] (25, 50, 75) percentile: (158, 221, 728)
[0000][PE] low and high boundaries for computing mean and std.dev: (1, 1868)
[0000][PE] mean and std.dev: (311.05, 309.03)
[0000][PE] low and high boundaries for proper pairs: (1, 2438)
[0000][PE] skip orientation FF
[0000][PE] skip orientation RF
[0000][PE] skip orientation RR
[0000] 3. Calling kt_for - worker_sam
	[0000][ M::mem_process_seqs] Processed 2776526 reads in 372.839 CPU sec, 9.927 real sec
[0000] Calling mem_process_seqs.., task: 38
[0000] 1. Calling kt_for - worker_bwt
[0000] 2. Calling kt_for - worker_aln
[0000] Inferring insert size distribution of PE reads from data, l_pac: 656111652, n: 779140
[0000][PE] # candidate unique pairs for (FF, FR, RF, RR): (36, 320031, 26, 21)
[0000][PE] analyzing insert size distribution for orientation FF...
[0000][PE] (25, 50, 75) percentile: (128, 189, 239)
[0000][PE] low and high boundaries for computing mean and std.dev: (1, 461)
[0000][PE] mean and std.dev: (170.39, 73.39)
[0000][PE] low and high boundaries for proper pairs: (1, 572)
[0000][PE] analyzing insert size distribution for orientation FR...
[0000][PE] (25, 50, 75) percentile: (243, 287, 325)
[0000][PE] low and high boundaries for computing mean and std.dev: (79, 489)
[0000][PE] mean and std.dev: (279.93, 63.33)
[0000][PE] low and high boundaries for proper pairs: (1, 571)
[0000][PE] analyzing insert size distribution for orientation RF...
[0000][PE] (25, 50, 75) percentile: (110, 1718, 5492)
[0000][PE] low and high boundaries for computing mean and std.dev: (1, 16256)
[0000][PE] mean and std.dev: (2647.88, 2762.46)
[0000][PE] low and high boundaries for proper pairs: (1, 21638)
[0000][PE] analyzing insert size distribution for orientation RR...
[0000][PE] (25, 50, 75) percentile: (197, 249, 415)
[0000][PE] low and high boundaries for computing mean and std.dev: (1, 851)
[0000][PE] mean and std.dev: (265.37, 111.94)
[0000][PE] low and high boundaries for proper pairs: (1, 1069)
[0000][PE] skip orientation FF
[0000][PE] skip orientation RF
[0000][PE] skip orientation RR
[0000] 3. Calling kt_for - worker_sam
[0000] read_chunk: 400000000, work_chunk_size: 0, nseq: 0
	[0000][ M::mem_process_seqs] Processed 779140 reads in 107.902 CPU sec, 3.292 real sec
[0000] read_chunk: 400000000, work_chunk_size: 0, nseq: 0
[0000] Computation ends..
No. of OMP threads: 40
Processor is running @2394.716922 MHz
Runtime profile:

	Time taken for main_mem function: 765.92 sec

	IO times (sec) :
	Reading IO time (reads) avg: 396.75, (396.75, 396.75)
	Writing IO time (SAM) avg: 233.66, (233.66, 233.66)
	Reading IO time (Reference Genome) avg: 0.57, (0.57, 0.57)
	Index read time avg: 0.13, (0.13, 0.13)

	Overall time (sec) (Excluding Index reading time):
	PROCESS() (Total compute time + (read + SAM) IO time) : 765.21
	MEM_PROCESS_SEQ() (Total compute time (Kernel + SAM)), avg: 497.16, (497.16, 497.16)

	 SAM Processing time (sec):
	--WORKER_SAM avg: 202.78, (202.78, 202.78)

	Kernels' compute time (sec):
	Total kernel (smem+sal+bsw) time avg: 282.64, (282.64, 282.64)
		MEM_ALN_CHAIN_FLT avg: 0.00, (0.00, 0.00)
		MEM_ALN_CHAIN_SEED avg: 0.00, (0.00, 0.00)
		ERT_SEED_CHAIN avg: 0.00, (0.00, 0.00)
	LEARNED_SEED_CHAIN avg: 109.42, (109.90, 108.88)
		SMEM compute avg: 0.00, (0.00, 0.00)
		SAL compute avg: 0.00, (0.00, 0.00)
				MEM_SA avg: 0.00, (0.00, 0.00)

		BSW time, avg: 160.69, (161.26, 159.85)

Important parameter settings: 
	BATCH_SIZE: 512
	MAX_SEQ_LEN_REF: 256
	MAX_SEQ_LEN_QER: 128
	MAX_SEQ_LEN8: 128
	SEEDS_PER_READ: 500
	SIMD_WIDTH8 X: 64
	SIMD_WIDTH16 X: 32
	AVG_SEEDS_PER_READ: 64
