Looking to launch executable "/opt/conda/bin/bwa-meme_mode3.avx512bw", simd = _mode3.avx512bw
Launching executable "/opt/conda/bin/bwa-meme_mode3.avx512bw"
-----------------------------
Executing in AVX512 mode!!
-----------------------------
* SA compression enabled with xfactor: 8
* Ref file: reference.902362185.genome.fasta
* Entering FMI_search
Reading other elements of the index from files reference.902362185.genome.fasta
* Index prefix: reference.902362185.genome.fasta
* Read 0 ALT contigs
* Reading reference genome..
* Binary seq file = reference.902362185.genome.fasta.0123
* Reference genome size: 1312223304 bp
* Done reading reference genome !!

------------------------------------------
1. Memory pre-allocation for Chaining: 5679.4903 MB
2. Memory pre-allocation for BSW: 9584.6810 MB
[M::memoryAllocLearned::MEME] Reading Learned-index models into memory
[Learned-Config] MODE:3 SEARCH_METHOD: 1 MEM_TRADEOFF:1 EXPONENTIAL_SMEMSEARCH: 1 DEBUG_MODE:0 Num 2nd Models:268435456 PWL Bits Used:28
[M::memoryAllocLearned::MEME] Loading RMI model and Pac reference file took 9.425 sec
[M::memoryAllocLearned::MEME] Reading suffix array into memory
[M::memoryAllocLearned::MEME] Loading pos_packed file took 13.696 sec
[M::memoryAllocLearned::MEME] Generating SA, 64-bit Suffix and ISA in memory
[M::memoryAllocLearned::MEME] Runtime-build-index took 13.422 sec
3. Memory pre-allocation for BWT: 7204.5072 MB
------------------------------------------
* Threads used (compute): 40
* No. of pipeline threads: 2

[0000] read_chunk: 400000000, work_chunk_size: 400000076, nseq: 2809716
	[0000][ M::kt_pipeline] read 2809716 sequences (400000076 bp)...
[0000] Reallocating initial memory allocations!!
[0000] Calling mem_process_seqs.., task: 0
[0000] 1. Calling kt_for - worker_bwt
[0000] read_chunk: 400000000, work_chunk_size: 400000267, nseq: 2810674
	[0000][ M::kt_pipeline] read 2810674 sequences (400000267 bp)...
[0000] 2. Calling kt_for - worker_aln
[0000] Inferring insert size distribution of PE reads from data, l_pac: 656111652, n: 2809716
[0000][PE] # candidate unique pairs for (FF, FR, RF, RR): (99, 1125733, 111, 94)
[0000][PE] analyzing insert size distribution for orientation FF...
[0000][PE] (25, 50, 75) percentile: (144, 194, 283)
[0000][PE] low and high boundaries for computing mean and std.dev: (1, 561)
[0000][PE] mean and std.dev: (174.16, 72.16)
[0000][PE] low and high boundaries for proper pairs: (1, 700)
[0000][PE] analyzing insert size distribution for orientation FR...
[0000][PE] (25, 50, 75) percentile: (233, 280, 321)
[0000][PE] low and high boundaries for computing mean and std.dev: (57, 497)
[0000][PE] mean and std.dev: (268.83, 72.95)
[0000][PE] low and high boundaries for proper pairs: (1, 585)
[0000][PE] analyzing insert size distribution for orientation RF...
[0000][PE] (25, 50, 75) percentile: (548, 2251, 5832)
[0000][PE] low and high boundaries for computing mean and std.dev: (1, 16400)
[0000][PE] mean and std.dev: (3416.94, 3124.62)
[0000][PE] low and high boundaries for proper pairs: (1, 21684)
[0000][PE] analyzing insert size distribution for orientation RR...
[0000][PE] (25, 50, 75) percentile: (145, 207, 393)
[0000][PE] low and high boundaries for computing mean and std.dev: (1, 889)
[0000][PE] mean and std.dev: (233.11, 170.36)
[0000][PE] low and high boundaries for proper pairs: (1, 1137)
[0000][PE] skip orientation FF
[0000][PE] skip orientation RF
[0000][PE] skip orientation RR
[0000] 3. Calling kt_for - worker_sam
	[0000][ M::mem_process_seqs] Processed 2809716 reads in 460.301 CPU sec, 13.685 real sec
[0000] Reallocating initial memory allocations!!
[0000] Calling mem_process_seqs.., task: 1
[0000] 1. Calling kt_for - worker_bwt
[0000] 2. Calling kt_for - worker_aln
[0000] Inferring insert size distribution of PE reads from data, l_pac: 656111652, n: 2810674
[0000][PE] # candidate unique pairs for (FF, FR, RF, RR): (89, 1141976, 110, 103)
[0000][PE] analyzing insert size distribution for orientation FF...
[0000][PE] (25, 50, 75) percentile: (139, 180, 252)
[0000][PE] low and high boundaries for computing mean and std.dev: (1, 478)
[0000][PE] mean and std.dev: (185.23, 77.18)
[0000][PE] low and high boundaries for proper pairs: (1, 591)
[0000][PE] analyzing insert size distribution for orientation FR...
[0000][PE] (25, 50, 75) percentile: (233, 280, 321)
[0000][PE] low and high boundaries for computing mean and std.dev: (57, 497)
[0000][PE] mean and std.dev: (268.82, 73.00)
[0000][PE] low and high boundaries for proper pairs: (1, 585)
[0000][PE] analyzing insert size distribution for orientation RF...
[0000][PE] (25, 50, 75) percentile: (961, 4081, 7140)
[0000][PE] low and high boundaries for computing mean and std.dev: (1, 19498)
[0000][PE] mean and std.dev: (4338.80, 3308.69)
[0000][PE] low and high boundaries for proper pairs: (1, 25677)
[0000][PE] analyzing insert size distribution for orientation RR...
[0000][PE] (25, 50, 75) percentile: (135, 184, 264)
[0000][PE] low and high boundaries for computing mean and std.dev: (1, 522)
[0000][PE] mean and std.dev: (168.26, 62.84)
[0000][PE] low and high boundaries for proper pairs: (1, 651)
[0000][PE] skip orientation FF
[0000][PE] skip orientation RF
[0000][PE] skip orientation RR
[0000] 3. Calling kt_for - worker_sam
[0000] read_chunk: 400000000, work_chunk_size: 400000064, nseq: 2808556
	[0000][ M::kt_pipeline] read 2808556 sequences (400000064 bp)...
	[0000][ M::mem_process_seqs] Processed 2810674 reads in 408.637 CPU sec, 11.155 real sec
[0000] Calling mem_process_seqs.., task: 2
[0000] 1. Calling kt_for - worker_bwt
[0000] 2. Calling kt_for - worker_aln
[0000] Inferring insert size distribution of PE reads from data, l_pac: 656111652, n: 2808556
[0000][PE] # candidate unique pairs for (FF, FR, RF, RR): (92, 1117853, 115, 90)
[0000][PE] analyzing insert size distribution for orientation FF...
[0000][PE] (25, 50, 75) percentile: (107, 168, 273)
[0000][PE] low and high boundaries for computing mean and std.dev: (1, 605)
[0000][PE] mean and std.dev: (166.20, 96.71)
[0000][PE] low and high boundaries for proper pairs: (1, 771)
[0000][PE] analyzing insert size distribution for orientation FR...
[0000][PE] (25, 50, 75) percentile: (233, 280, 321)
[0000][PE] low and high boundaries for computing mean and std.dev: (57, 497)
[0000][PE] mean and std.dev: (268.81, 72.99)
[0000][PE] low and high boundaries for proper pairs: (1, 585)
[0000][PE] analyzing insert size distribution for orientation RF...
[0000][PE] (25, 50, 75) percentile: (525, 3016, 6653)
[0000][PE] low and high boundaries for computing mean and std.dev: (1, 18909)
[0000][PE] mean and std.dev: (3785.04, 3323.54)
[0000][PE] low and high boundaries for proper pairs: (1, 25037)
[0000][PE] analyzing insert size distribution for orientation RR...
[0000][PE] (25, 50, 75) percentile: (151, 203, 264)
[0000][PE] low and high boundaries for computing mean and std.dev: (1, 490)
[0000][PE] mean and std.dev: (190.90, 69.15)
[0000][PE] low and high boundaries for proper pairs: (1, 603)
[0000][PE] skip orientation FF
[0000][PE] skip orientation RF
[0000][PE] skip orientation RR
[0000] 3. Calling kt_for - worker_sam
	[0000][ M::mem_process_seqs] Processed 2808556 reads in 476.155 CPU sec, 12.946 real sec
[0000] read_chunk: 400000000, work_chunk_size: 400000031, nseq: 2809532
	[0000][ M::kt_pipeline] read 2809532 sequences (400000031 bp)...
[0000] Calling mem_process_seqs.., task: 3
[0000] 1. Calling kt_for - worker_bwt
[0000] 2. Calling kt_for - worker_aln
[0000] Inferring insert size distribution of PE reads from data, l_pac: 656111652, n: 2809532
[0000][PE] # candidate unique pairs for (FF, FR, RF, RR): (100, 1128326, 115, 86)
[0000][PE] analyzing insert size distribution for orientation FF...
[0000][PE] (25, 50, 75) percentile: (137, 186, 261)
[0000][PE] low and high boundaries for computing mean and std.dev: (1, 509)
[0000][PE] mean and std.dev: (174.10, 78.67)
[0000][PE] low and high boundaries for proper pairs: (1, 633)
[0000][PE] analyzing insert size distribution for orientation FR...
[0000][PE] (25, 50, 75) percentile: (233, 281, 321)
[0000][PE] low and high boundaries for computing mean and std.dev: (57, 497)
[0000][PE] mean and std.dev: (268.94, 72.92)
[0000][PE] low and high boundaries for proper pairs: (1, 585)
[0000][PE] analyzing insert size distribution for orientation RF...
[0000][PE] (25, 50, 75) percentile: (391, 3832, 6937)
[0000][PE] low and high boundaries for computing mean and std.dev: (1, 20029)
[0000][PE] mean and std.dev: (4081.30, 3381.25)
[0000][PE] low and high boundaries for proper pairs: (1, 26575)
[0000][PE] analyzing insert size distribution for orientation RR...
[0000][PE] (25, 50, 75) percentile: (148, 212, 252)
[0000][PE] low and high boundaries for computing mean and std.dev: (1, 460)
[0000][PE] mean and std.dev: (187.04, 60.66)
[0000][PE] low and high boundaries for proper pairs: (1, 564)
[0000][PE] skip orientation FF
[0000][PE] skip orientation RF
[0000][PE] skip orientation RR
[0000] 3. Calling kt_for - worker_sam
[0000] read_chunk: 400000000, work_chunk_size: 400000137, nseq: 2811650
	[0000][ M::kt_pipeline] read 2811650 sequences (400000137 bp)...
	[0000][ M::mem_process_seqs] Processed 2809532 reads in 458.141 CPU sec, 12.509 real sec
[0000] Reallocating initial memory allocations!!
[0000] Calling mem_process_seqs.., task: 4
[0000] 1. Calling kt_for - worker_bwt
[0000] 2. Calling kt_for - worker_aln
[0000] read_chunk: 400000000, work_chunk_size: 400000059, nseq: 2810482
	[0000][ M::kt_pipeline] read 2810482 sequences (400000059 bp)...
[0000] Inferring insert size distribution of PE reads from data, l_pac: 656111652, n: 2811650
[0000][PE] # candidate unique pairs for (FF, FR, RF, RR): (91, 1142119, 110, 82)
[0000][PE] analyzing insert size distribution for orientation FF...
[0000][PE] (25, 50, 75) percentile: (126, 198, 283)
[0000][PE] low and high boundaries for computing mean and std.dev: (1, 597)
[0000][PE] mean and std.dev: (185.19, 90.21)
[0000][PE] low and high boundaries for proper pairs: (1, 754)
[0000][PE] analyzing insert size distribution for orientation FR...
[0000][PE] (25, 50, 75) percentile: (233, 280, 321)
[0000][PE] low and high boundaries for computing mean and std.dev: (57, 497)
[0000][PE] mean and std.dev: (268.75, 73.01)
[0000][PE] low and high boundaries for proper pairs: (1, 585)
[0000][PE] analyzing insert size distribution for orientation RF...
[0000][PE] (25, 50, 75) percentile: (683, 4262, 7028)
[0000][PE] low and high boundaries for computing mean and std.dev: (1, 19718)
[0000][PE] mean and std.dev: (4237.01, 3287.03)
[0000][PE] low and high boundaries for proper pairs: (1, 26063)
[0000][PE] analyzing insert size distribution for orientation RR...
[0000][PE] (25, 50, 75) percentile: (139, 190, 247)
[0000][PE] low and high boundaries for computing mean and std.dev: (1, 463)
[0000][PE] mean and std.dev: (184.40, 75.47)
[0000][PE] low and high boundaries for proper pairs: (1, 571)
[0000][PE] skip orientation FF
[0000][PE] skip orientation RF
[0000][PE] skip orientation RR
[0000] 3. Calling kt_for - worker_sam
	[0000][ M::mem_process_seqs] Processed 2811650 reads in 417.956 CPU sec, 11.183 real sec
[0000] Calling mem_process_seqs.., task: 5
[0000] 1. Calling kt_for - worker_bwt
[0000] 2. Calling kt_for - worker_aln
[0000] Inferring insert size distribution of PE reads from data, l_pac: 656111652, n: 2810482
[0000][PE] # candidate unique pairs for (FF, FR, RF, RR): (101, 1142233, 129, 83)
[0000][PE] analyzing insert size distribution for orientation FF...
[0000][PE] (25, 50, 75) percentile: (127, 180, 301)
[0000][PE] low and high boundaries for computing mean and std.dev: (1, 649)
[0000][PE] mean and std.dev: (179.22, 90.19)
[0000][PE] low and high boundaries for proper pairs: (1, 823)
[0000][PE] analyzing insert size distribution for orientation FR...
[0000][PE] (25, 50, 75) percentile: (233, 280, 321)
[0000][PE] low and high boundaries for computing mean and std.dev: (57, 497)
[0000][PE] mean and std.dev: (268.91, 72.83)
[0000][PE] low and high boundaries for proper pairs: (1, 585)
[0000][PE] analyzing insert size distribution for orientation RF...
[0000][PE] (25, 50, 75) percentile: (552, 1945, 6224)
[0000][PE] low and high boundaries for computing mean and std.dev: (1, 17568)
[0000][PE] mean and std.dev: (3339.53, 3172.06)
[0000][PE] low and high boundaries for proper pairs: (1, 23240)
[0000][PE] analyzing insert size distribution for orientation RR...
[0000][PE] (25, 50, 75) percentile: (142, 176, 242)
[0000][PE] low and high boundaries for computing mean and std.dev: (1, 442)
[0000][PE] mean and std.dev: (162.94, 62.50)
[0000][PE] low and high boundaries for proper pairs: (1, 542)
[0000][PE] skip orientation FF
[0000][PE] skip orientation RF
[0000][PE] skip orientation RR
[0000] 3. Calling kt_for - worker_sam
	[0000][ M::mem_process_seqs] Processed 2810482 reads in 420.845 CPU sec, 11.596 real sec
[0000] read_chunk: 400000000, work_chunk_size: 400000291, nseq: 2810252
	[0000][ M::kt_pipeline] read 2810252 sequences (400000291 bp)...
[0000] Calling mem_process_seqs.., task: 6
[0000] 1. Calling kt_for - worker_bwt
[0000] 2. Calling kt_for - worker_aln
[0000] read_chunk: 400000000, work_chunk_size: 210759713, nseq: 1481858
	[0000][ M::kt_pipeline] read 1481858 sequences (210759713 bp)...
[0000] Inferring insert size distribution of PE reads from data, l_pac: 656111652, n: 2810252
[0000][PE] # candidate unique pairs for (FF, FR, RF, RR): (100, 1134274, 128, 91)
[0000][PE] analyzing insert size distribution for orientation FF...
[0000][PE] (25, 50, 75) percentile: (131, 193, 239)
[0000][PE] low and high boundaries for computing mean and std.dev: (1, 455)
[0000][PE] mean and std.dev: (175.36, 65.48)
[0000][PE] low and high boundaries for proper pairs: (1, 563)
[0000][PE] analyzing insert size distribution for orientation FR...
[0000][PE] (25, 50, 75) percentile: (233, 280, 321)
[0000][PE] low and high boundaries for computing mean and std.dev: (57, 497)
[0000][PE] mean and std.dev: (268.81, 72.99)
[0000][PE] low and high boundaries for proper pairs: (1, 585)
[0000][PE] analyzing insert size distribution for orientation RF...
[0000][PE] (25, 50, 75) percentile: (805, 4609, 7876)
[0000][PE] low and high boundaries for computing mean and std.dev: (1, 22018)
[0000][PE] mean and std.dev: (4466.44, 3383.58)
[0000][PE] low and high boundaries for proper pairs: (1, 29089)
[0000][PE] analyzing insert size distribution for orientation RR...
[0000][PE] (25, 50, 75) percentile: (144, 227, 577)
[0000][PE] low and high boundaries for computing mean and std.dev: (1, 1443)
[0000][PE] mean and std.dev: (287.09, 281.86)
[0000][PE] low and high boundaries for proper pairs: (1, 1876)
[0000][PE] skip orientation FF
[0000][PE] skip orientation RF
[0000][PE] skip orientation RR
[0000] 3. Calling kt_for - worker_sam
	[0000][ M::mem_process_seqs] Processed 2810252 reads in 443.717 CPU sec, 11.850 real sec
[0000] Calling mem_process_seqs.., task: 7
[0000] 1. Calling kt_for - worker_bwt
[0000] 2. Calling kt_for - worker_aln
[0000] Inferring insert size distribution of PE reads from data, l_pac: 656111652, n: 1481858
[0000][PE] # candidate unique pairs for (FF, FR, RF, RR): (51, 606823, 54, 45)
[0000][PE] analyzing insert size distribution for orientation FF...
[0000][PE] (25, 50, 75) percentile: (161, 204, 250)
[0000][PE] low and high boundaries for computing mean and std.dev: (1, 428)
[0000][PE] mean and std.dev: (177.43, 62.64)
[0000][PE] low and high boundaries for proper pairs: (1, 517)
[0000][PE] analyzing insert size distribution for orientation FR...
[0000][PE] (25, 50, 75) percentile: (233, 281, 321)
[0000][PE] low and high boundaries for computing mean and std.dev: (57, 497)
[0000][PE] mean and std.dev: (268.92, 72.92)
[0000][PE] low and high boundaries for proper pairs: (1, 585)
[0000][PE] analyzing insert size distribution for orientation RF...
[0000][PE] (25, 50, 75) percentile: (721, 4931, 7729)
[0000][PE] low and high boundaries for computing mean and std.dev: (1, 21745)
[0000][PE] mean and std.dev: (4501.76, 3442.98)
[0000][PE] low and high boundaries for proper pairs: (1, 28753)
[0000][PE] analyzing insert size distribution for orientation RR...
[0000][PE] (25, 50, 75) percentile: (143, 202, 275)
[0000][PE] low and high boundaries for computing mean and std.dev: (1, 539)
[0000][PE] mean and std.dev: (186.97, 77.54)
[0000][PE] low and high boundaries for proper pairs: (1, 671)
[0000][PE] skip orientation FF
[0000][PE] skip orientation RF
[0000][PE] skip orientation RR
[0000] 3. Calling kt_for - worker_sam
[0000] read_chunk: 400000000, work_chunk_size: 0, nseq: 0
	[0000][ M::mem_process_seqs] Processed 1481858 reads in 212.543 CPU sec, 6.034 real sec
[0000] read_chunk: 400000000, work_chunk_size: 0, nseq: 0
[0000] Computation ends..
No. of OMP threads: 40
Processor is running @2394.725380 MHz
Runtime profile:

	Time taken for main_mem function: 178.61 sec

	IO times (sec) :
	Reading IO time (reads) avg: 84.85, (84.85, 84.85)
	Writing IO time (SAM) avg: 24.32, (24.32, 24.32)
	Reading IO time (Reference Genome) avg: 0.50, (0.50, 0.50)
	Index read time avg: 0.12, (0.12, 0.12)

	Overall time (sec) (Excluding Index reading time):
	PROCESS() (Total compute time + (read + SAM) IO time) : 177.99
	MEM_PROCESS_SEQ() (Total compute time (Kernel + SAM)), avg: 90.95, (90.95, 90.95)

	 SAM Processing time (sec):
	--WORKER_SAM avg: 36.78, (36.78, 36.78)

	Kernels' compute time (sec):
	Total kernel (smem+sal+bsw) time avg: 51.74, (51.74, 51.74)
		MEM_ALN_CHAIN_FLT avg: 0.00, (0.00, 0.00)
		MEM_ALN_CHAIN_SEED avg: 0.00, (0.00, 0.00)
		ERT_SEED_CHAIN avg: 0.00, (0.00, 0.00)
	LEARNED_SEED_CHAIN avg: 20.16, (20.28, 20.07)
		SMEM compute avg: 0.00, (0.00, 0.00)
		SAL compute avg: 0.00, (0.00, 0.00)
				MEM_SA avg: 0.00, (0.00, 0.00)

		BSW time, avg: 29.28, (29.58, 29.08)

Important parameter settings: 
	BATCH_SIZE: 512
	MAX_SEQ_LEN_REF: 256
	MAX_SEQ_LEN_QER: 128
	MAX_SEQ_LEN8: 128
	SEEDS_PER_READ: 500
	SIMD_WIDTH8 X: 64
	SIMD_WIDTH16 X: 32
	AVG_SEEDS_PER_READ: 64
