Looking to launch executable "/opt/conda/bin/bwa-meme_mode3.avx512bw", simd = _mode3.avx512bw
Launching executable "/opt/conda/bin/bwa-meme_mode3.avx512bw"
-----------------------------
Executing in AVX512 mode!!
-----------------------------
* SA compression enabled with xfactor: 8
* Ref file: reference.902362185.genome.fasta
* Entering FMI_search
Reading other elements of the index from files reference.902362185.genome.fasta
* Index prefix: reference.902362185.genome.fasta
* Read 0 ALT contigs
* Reading reference genome..
* Binary seq file = reference.902362185.genome.fasta.0123
* Reference genome size: 1312223304 bp
* Done reading reference genome !!

------------------------------------------
1. Memory pre-allocation for Chaining: 5679.4903 MB
2. Memory pre-allocation for BSW: 9584.6810 MB
[M::memoryAllocLearned::MEME] Reading Learned-index models into memory
[Learned-Config] MODE:3 SEARCH_METHOD: 1 MEM_TRADEOFF:1 EXPONENTIAL_SMEMSEARCH: 1 DEBUG_MODE:0 Num 2nd Models:268435456 PWL Bits Used:28
[M::memoryAllocLearned::MEME] Loading RMI model and Pac reference file took 9.785 sec
[M::memoryAllocLearned::MEME] Reading suffix array into memory
[M::memoryAllocLearned::MEME] Loading pos_packed file took 14.365 sec
[M::memoryAllocLearned::MEME] Generating SA, 64-bit Suffix and ISA in memory
[M::memoryAllocLearned::MEME] Runtime-build-index took 13.413 sec
3. Memory pre-allocation for BWT: 7204.5072 MB
------------------------------------------
* Threads used (compute): 40
* No. of pipeline threads: 2

[0000] read_chunk: 400000000, work_chunk_size: 400000200, nseq: 2861716
	[0000][ M::kt_pipeline] read 2861716 sequences (400000200 bp)...
[0000] Reallocating initial memory allocations!!
[0000] read_chunk: 400000000, work_chunk_size: 400000005, nseq: 2859448
	[0000][ M::kt_pipeline] read 2859448 sequences (400000005 bp)...
[0000] Calling mem_process_seqs.., task: 0
[0000] 1. Calling kt_for - worker_bwt
[0000] 2. Calling kt_for - worker_aln
[0000] Inferring insert size distribution of PE reads from data, l_pac: 656111652, n: 2861716
[0000][PE] # candidate unique pairs for (FF, FR, RF, RR): (92, 1164567, 96, 74)
[0000][PE] analyzing insert size distribution for orientation FF...
[0000][PE] (25, 50, 75) percentile: (126, 171, 236)
[0000][PE] low and high boundaries for computing mean and std.dev: (1, 456)
[0000][PE] mean and std.dev: (156.32, 61.36)
[0000][PE] low and high boundaries for proper pairs: (1, 566)
[0000][PE] analyzing insert size distribution for orientation FR...
[0000][PE] (25, 50, 75) percentile: (208, 268, 314)
[0000][PE] low and high boundaries for computing mean and std.dev: (1, 526)
[0000][PE] mean and std.dev: (250.13, 85.06)
[0000][PE] low and high boundaries for proper pairs: (1, 632)
[0000][PE] analyzing insert size distribution for orientation RF...
[0000][PE] (25, 50, 75) percentile: (1207, 4480, 7881)
[0000][PE] low and high boundaries for computing mean and std.dev: (1, 21229)
[0000][PE] mean and std.dev: (4548.18, 3331.87)
[0000][PE] low and high boundaries for proper pairs: (1, 27903)
[0000][PE] analyzing insert size distribution for orientation RR...
[0000][PE] (25, 50, 75) percentile: (139, 216, 283)
[0000][PE] low and high boundaries for computing mean and std.dev: (1, 571)
[0000][PE] mean and std.dev: (191.49, 87.91)
[0000][PE] low and high boundaries for proper pairs: (1, 715)
[0000][PE] skip orientation FF
[0000][PE] skip orientation RF
[0000][PE] skip orientation RR
[0000] 3. Calling kt_for - worker_sam
	[0000][ M::mem_process_seqs] Processed 2861716 reads in 433.483 CPU sec, 13.637 real sec
[0000] Calling mem_process_seqs.., task: 1
[0000] 1. Calling kt_for - worker_bwt
[0000] 2. Calling kt_for - worker_aln
[0000] Inferring insert size distribution of PE reads from data, l_pac: 656111652, n: 2859448
[0000][PE] # candidate unique pairs for (FF, FR, RF, RR): (90, 1154125, 107, 71)
[0000][PE] analyzing insert size distribution for orientation FF...
[0000][PE] (25, 50, 75) percentile: (132, 190, 1102)
[0000][PE] low and high boundaries for computing mean and std.dev: (1, 3042)
[0000][PE] mean and std.dev: (305.99, 486.85)
[0000][PE] low and high boundaries for proper pairs: (1, 4012)
[0000][PE] analyzing insert size distribution for orientation FR...
[0000][PE] (25, 50, 75) percentile: (208, 268, 314)
[0000][PE] low and high boundaries for computing mean and std.dev: (1, 526)
[0000][PE] mean and std.dev: (250.20, 85.02)
[0000][PE] low and high boundaries for proper pairs: (1, 632)
[0000][PE] analyzing insert size distribution for orientation RF...
[0000][PE] (25, 50, 75) percentile: (300, 1976, 5037)
[0000][PE] low and high boundaries for computing mean and std.dev: (1, 14511)
[0000][PE] mean and std.dev: (2781.38, 2795.74)
[0000][PE] low and high boundaries for proper pairs: (1, 19248)
[0000][PE] analyzing insert size distribution for orientation RR...
[0000][PE] (25, 50, 75) percentile: (154, 203, 269)
[0000][PE] low and high boundaries for computing mean and std.dev: (1, 499)
[0000][PE] mean and std.dev: (192.32, 65.15)
[0000][PE] low and high boundaries for proper pairs: (1, 614)
[0000][PE] skip orientation FF
[0000][PE] skip orientation RF
[0000][PE] skip orientation RR
[0000] 3. Calling kt_for - worker_sam
[0000] read_chunk: 400000000, work_chunk_size: 400000093, nseq: 2861432
	[0000][ M::mem_process_seqs] Processed 2859448 reads in 455.939 CPU sec, 12.534 real sec
	[0000][ M::kt_pipeline] read 2861432 sequences (400000093 bp)...
[0000] Calling mem_process_seqs.., task: 2
[0000] 1. Calling kt_for - worker_bwt
[0000] 2. Calling kt_for - worker_aln
[0000] Inferring insert size distribution of PE reads from data, l_pac: 656111652, n: 2861432
[0000][PE] # candidate unique pairs for (FF, FR, RF, RR): (101, 1167878, 119, 73)
[0000][PE] analyzing insert size distribution for orientation FF...
[0000][PE] (25, 50, 75) percentile: (111, 166, 236)
[0000][PE] low and high boundaries for computing mean and std.dev: (1, 486)
[0000][PE] mean and std.dev: (161.48, 78.61)
[0000][PE] low and high boundaries for proper pairs: (1, 611)
[0000][PE] analyzing insert size distribution for orientation FR...
[0000][PE] (25, 50, 75) percentile: (208, 268, 314)
[0000][PE] low and high boundaries for computing mean and std.dev: (1, 526)
[0000][PE] mean and std.dev: (250.23, 85.00)
[0000][PE] low and high boundaries for proper pairs: (1, 632)
[0000][PE] analyzing insert size distribution for orientation RF...
[0000][PE] (25, 50, 75) percentile: (336, 1794, 6891)
[0000][PE] low and high boundaries for computing mean and std.dev: (1, 20001)
[0000][PE] mean and std.dev: (3492.15, 3376.74)
[0000][PE] low and high boundaries for proper pairs: (1, 26556)
[0000][PE] analyzing insert size distribution for orientation RR...
[0000][PE] (25, 50, 75) percentile: (154, 205, 490)
[0000][PE] low and high boundaries for computing mean and std.dev: (1, 1162)
[0000][PE] mean and std.dev: (247.95, 176.07)
[0000][PE] low and high boundaries for proper pairs: (1, 1498)
[0000][PE] skip orientation FF
[0000][PE] skip orientation RF
[0000][PE] skip orientation RR
[0000] 3. Calling kt_for - worker_sam
	[0000][ M::mem_process_seqs] Processed 2861432 reads in 424.561 CPU sec, 11.515 real sec
[0000] read_chunk: 400000000, work_chunk_size: 400000141, nseq: 2861936
	[0000][ M::kt_pipeline] read 2861936 sequences (400000141 bp)...
[0000] Reallocating initial memory allocations!!
[0000] read_chunk: 400000000, work_chunk_size: 93489699, nseq: 669300
	[0000][ M::kt_pipeline] read 669300 sequences (93489699 bp)...
[0000] Calling mem_process_seqs.., task: 3
[0000] 1. Calling kt_for - worker_bwt
[0000] 2. Calling kt_for - worker_aln
[0000] Inferring insert size distribution of PE reads from data, l_pac: 656111652, n: 2861936
[0000][PE] # candidate unique pairs for (FF, FR, RF, RR): (83, 1165305, 122, 60)
[0000][PE] analyzing insert size distribution for orientation FF...
[0000][PE] (25, 50, 75) percentile: (123, 193, 273)
[0000][PE] low and high boundaries for computing mean and std.dev: (1, 573)
[0000][PE] mean and std.dev: (176.13, 92.62)
[0000][PE] low and high boundaries for proper pairs: (1, 723)
[0000][PE] analyzing insert size distribution for orientation FR...
[0000][PE] (25, 50, 75) percentile: (208, 268, 314)
[0000][PE] low and high boundaries for computing mean and std.dev: (1, 526)
[0000][PE] mean and std.dev: (250.24, 85.08)
[0000][PE] low and high boundaries for proper pairs: (1, 632)
[0000][PE] analyzing insert size distribution for orientation RF...
[0000][PE] (25, 50, 75) percentile: (620, 2134, 5558)
[0000][PE] low and high boundaries for computing mean and std.dev: (1, 15434)
[0000][PE] mean and std.dev: (3170.10, 2884.10)
[0000][PE] low and high boundaries for proper pairs: (1, 20372)
[0000][PE] analyzing insert size distribution for orientation RR...
[0000][PE] (25, 50, 75) percentile: (137, 172, 234)
[0000][PE] low and high boundaries for computing mean and std.dev: (1, 428)
[0000][PE] mean and std.dev: (160.84, 59.98)
[0000][PE] low and high boundaries for proper pairs: (1, 525)
[0000][PE] skip orientation FF
[0000][PE] skip orientation RF
[0000][PE] skip orientation RR
[0000] 3. Calling kt_for - worker_sam
	[0000][ M::mem_process_seqs] Processed 2861936 reads in 423.129 CPU sec, 11.268 real sec
[0000] Calling mem_process_seqs.., task: 4
[0000] 1. Calling kt_for - worker_bwt
[0000] 2. Calling kt_for - worker_aln
[0000] Inferring insert size distribution of PE reads from data, l_pac: 656111652, n: 669300
[0000][PE] # candidate unique pairs for (FF, FR, RF, RR): (21, 277594, 25, 21)
[0000][PE] analyzing insert size distribution for orientation FF...
[0000][PE] (25, 50, 75) percentile: (148, 213, 1530)
[0000][PE] low and high boundaries for computing mean and std.dev: (1, 4294)
[0000][PE] mean and std.dev: (643.20, 873.54)
[0000][PE] low and high boundaries for proper pairs: (1, 5676)
[0000][PE] analyzing insert size distribution for orientation FR...
[0000][PE] (25, 50, 75) percentile: (209, 268, 314)
[0000][PE] low and high boundaries for computing mean and std.dev: (1, 524)
[0000][PE] mean and std.dev: (250.35, 85.00)
[0000][PE] low and high boundaries for proper pairs: (1, 629)
[0000][PE] analyzing insert size distribution for orientation RF...
[0000][PE] (25, 50, 75) percentile: (354, 1281, 7176)
[0000][PE] low and high boundaries for computing mean and std.dev: (1, 20820)
[0000][PE] mean and std.dev: (2751.28, 3171.54)
[0000][PE] low and high boundaries for proper pairs: (1, 27642)
[0000][PE] analyzing insert size distribution for orientation RR...
[0000][PE] (25, 50, 75) percentile: (128, 178, 253)
[0000][PE] low and high boundaries for computing mean and std.dev: (1, 503)
[0000][PE] mean and std.dev: (172.56, 62.79)
[0000][PE] low and high boundaries for proper pairs: (1, 628)
[0000][PE] skip orientation FF
[0000][PE] skip orientation RF
[0000][PE] skip orientation RR
[0000] 3. Calling kt_for - worker_sam
	[0000][ M::mem_process_seqs] Processed 669300 reads in 91.050 CPU sec, 2.709 real sec
[0000] read_chunk: 400000000, work_chunk_size: 0, nseq: 0
[0000] read_chunk: 400000000, work_chunk_size: 0, nseq: 0
[0000] Computation ends..
No. of OMP threads: 40
Processor is running @2394.725856 MHz
Runtime profile:

	Time taken for main_mem function: 131.06 sec

	IO times (sec) :
	Reading IO time (reads) avg: 55.60, (55.60, 55.60)
	Writing IO time (SAM) avg: 14.16, (14.16, 14.16)
	Reading IO time (Reference Genome) avg: 0.60, (0.60, 0.60)
	Index read time avg: 0.13, (0.13, 0.13)

	Overall time (sec) (Excluding Index reading time):
	PROCESS() (Total compute time + (read + SAM) IO time) : 130.33
	MEM_PROCESS_SEQ() (Total compute time (Kernel + SAM)), avg: 51.66, (51.66, 51.66)

	 SAM Processing time (sec):
	--WORKER_SAM avg: 20.02, (20.02, 20.02)

	Kernels' compute time (sec):
	Total kernel (smem+sal+bsw) time avg: 30.31, (30.31, 30.31)
		MEM_ALN_CHAIN_FLT avg: 0.00, (0.00, 0.00)
		MEM_ALN_CHAIN_SEED avg: 0.00, (0.00, 0.00)
		ERT_SEED_CHAIN avg: 0.00, (0.00, 0.00)
	LEARNED_SEED_CHAIN avg: 12.44, (12.53, 12.37)
		SMEM compute avg: 0.00, (0.00, 0.00)
		SAL compute avg: 0.00, (0.00, 0.00)
				MEM_SA avg: 0.00, (0.00, 0.00)

		BSW time, avg: 16.56, (16.72, 16.44)

Important parameter settings: 
	BATCH_SIZE: 512
	MAX_SEQ_LEN_REF: 256
	MAX_SEQ_LEN_QER: 128
	MAX_SEQ_LEN8: 128
	SEEDS_PER_READ: 500
	SIMD_WIDTH8 X: 64
	SIMD_WIDTH16 X: 32
	AVG_SEEDS_PER_READ: 64
