Looking to launch executable "/opt/conda/bin/bwa-meme_mode3.avx512bw", simd = _mode3.avx512bw
Launching executable "/opt/conda/bin/bwa-meme_mode3.avx512bw"
-----------------------------
Executing in AVX512 mode!!
-----------------------------
* SA compression enabled with xfactor: 8
* Ref file: reference.902362185.genome.fasta
* Entering FMI_search
Reading other elements of the index from files reference.902362185.genome.fasta
* Index prefix: reference.902362185.genome.fasta
* Read 0 ALT contigs
* Reading reference genome..
* Binary seq file = reference.902362185.genome.fasta.0123
* Reference genome size: 1312223304 bp
* Done reading reference genome !!

------------------------------------------
1. Memory pre-allocation for Chaining: 5679.4903 MB
2. Memory pre-allocation for BSW: 9584.6810 MB
[M::memoryAllocLearned::MEME] Reading Learned-index models into memory
[Learned-Config] MODE:3 SEARCH_METHOD: 1 MEM_TRADEOFF:1 EXPONENTIAL_SMEMSEARCH: 1 DEBUG_MODE:0 Num 2nd Models:268435456 PWL Bits Used:28
[M::memoryAllocLearned::MEME] Loading RMI model and Pac reference file took 9.555 sec
[M::memoryAllocLearned::MEME] Reading suffix array into memory
[M::memoryAllocLearned::MEME] Loading pos_packed file took 13.993 sec
[M::memoryAllocLearned::MEME] Generating SA, 64-bit Suffix and ISA in memory
[M::memoryAllocLearned::MEME] Runtime-build-index took 13.975 sec
3. Memory pre-allocation for BWT: 7204.5072 MB
------------------------------------------
* Threads used (compute): 40
* No. of pipeline threads: 2

[0000] read_chunk: 400000000, work_chunk_size: 400000091, nseq: 2823070
	[0000][ M::kt_pipeline] read 2823070 sequences (400000091 bp)...
[0000] Reallocating initial memory allocations!!
[0000] read_chunk: 400000000, work_chunk_size: 400000121, nseq: 2821190
	[0000][ M::kt_pipeline] read 2821190 sequences (400000121 bp)...
[0000] Calling mem_process_seqs.., task: 0
[0000] 1. Calling kt_for - worker_bwt
[0000] 2. Calling kt_for - worker_aln
[0000] Inferring insert size distribution of PE reads from data, l_pac: 656111652, n: 2823070
[0000][PE] # candidate unique pairs for (FF, FR, RF, RR): (111, 1130346, 116, 97)
[0000][PE] analyzing insert size distribution for orientation FF...
[0000][PE] (25, 50, 75) percentile: (154, 191, 261)
[0000][PE] low and high boundaries for computing mean and std.dev: (1, 475)
[0000][PE] mean and std.dev: (184.74, 60.28)
[0000][PE] low and high boundaries for proper pairs: (1, 582)
[0000][PE] analyzing insert size distribution for orientation FR...
[0000][PE] (25, 50, 75) percentile: (223, 272, 315)
[0000][PE] low and high boundaries for computing mean and std.dev: (39, 499)
[0000][PE] mean and std.dev: (257.82, 78.35)
[0000][PE] low and high boundaries for proper pairs: (1, 591)
[0000][PE] analyzing insert size distribution for orientation RF...
[0000][PE] (25, 50, 75) percentile: (670, 3182, 5849)
[0000][PE] low and high boundaries for computing mean and std.dev: (1, 16207)
[0000][PE] mean and std.dev: (3477.51, 2990.81)
[0000][PE] low and high boundaries for proper pairs: (1, 21386)
[0000][PE] analyzing insert size distribution for orientation RR...
[0000][PE] (25, 50, 75) percentile: (143, 195, 328)
[0000][PE] low and high boundaries for computing mean and std.dev: (1, 698)
[0000][PE] mean and std.dev: (183.29, 78.31)
[0000][PE] low and high boundaries for proper pairs: (1, 883)
[0000][PE] skip orientation FF
[0000][PE] skip orientation RF
[0000][PE] skip orientation RR
[0000] 3. Calling kt_for - worker_sam
	[0000][ M::mem_process_seqs] Processed 2823070 reads in 494.954 CPU sec, 16.587 real sec
[0000] Calling mem_process_seqs.., task: 1
[0000] 1. Calling kt_for - worker_bwt
[0000] 2. Calling kt_for - worker_aln
[0000] Inferring insert size distribution of PE reads from data, l_pac: 656111652, n: 2821190
[0000][PE] # candidate unique pairs for (FF, FR, RF, RR): (102, 1119030, 108, 106)
[0000][PE] analyzing insert size distribution for orientation FF...
[0000][PE] (25, 50, 75) percentile: (135, 198, 274)
[0000][PE] low and high boundaries for computing mean and std.dev: (1, 552)
[0000][PE] mean and std.dev: (176.37, 70.71)
[0000][PE] low and high boundaries for proper pairs: (1, 691)
[0000][PE] analyzing insert size distribution for orientation FR...
[0000][PE] (25, 50, 75) percentile: (223, 272, 315)
[0000][PE] low and high boundaries for computing mean and std.dev: (39, 499)
[0000][PE] mean and std.dev: (257.90, 78.38)
[0000][PE] low and high boundaries for proper pairs: (1, 591)
[0000][PE] analyzing insert size distribution for orientation RF...
[0000][PE] (25, 50, 75) percentile: (693, 2237, 5210)
[0000][PE] low and high boundaries for computing mean and std.dev: (1, 14244)
[0000][PE] mean and std.dev: (3168.94, 2872.73)
[0000][PE] low and high boundaries for proper pairs: (1, 18761)
[0000][PE] analyzing insert size distribution for orientation RR...
[0000][PE] (25, 50, 75) percentile: (134, 179, 231)
[0000][PE] low and high boundaries for computing mean and std.dev: (1, 425)
[0000][PE] mean and std.dev: (168.34, 70.05)
[0000][PE] low and high boundaries for proper pairs: (1, 522)
[0000][PE] skip orientation FF
[0000][PE] skip orientation RF
[0000][PE] skip orientation RR
[0000] 3. Calling kt_for - worker_sam
[0000] read_chunk: 400000000, work_chunk_size: 400000161, nseq: 2822882
	[0000][ M::kt_pipeline] read 2822882 sequences (400000161 bp)...
	[0000][ M::mem_process_seqs] Processed 2821190 reads in 511.403 CPU sec, 14.691 real sec
[0000] Calling mem_process_seqs.., task: 2
[0000] 1. Calling kt_for - worker_bwt
[0000] 2. Calling kt_for - worker_aln
[0000] Inferring insert size distribution of PE reads from data, l_pac: 656111652, n: 2822882
[0000][PE] # candidate unique pairs for (FF, FR, RF, RR): (110, 1134119, 99, 93)
[0000][PE] analyzing insert size distribution for orientation FF...
[0000][PE] (25, 50, 75) percentile: (113, 193, 235)
[0000][PE] low and high boundaries for computing mean and std.dev: (1, 479)
[0000][PE] mean and std.dev: (170.34, 81.16)
[0000][PE] low and high boundaries for proper pairs: (1, 601)
[0000][PE] analyzing insert size distribution for orientation FR...
[0000][PE] (25, 50, 75) percentile: (223, 272, 315)
[0000][PE] low and high boundaries for computing mean and std.dev: (39, 499)
[0000][PE] mean and std.dev: (257.87, 78.40)
[0000][PE] low and high boundaries for proper pairs: (1, 591)
[0000][PE] analyzing insert size distribution for orientation RF...
[0000][PE] (25, 50, 75) percentile: (582, 3443, 7667)
[0000][PE] low and high boundaries for computing mean and std.dev: (1, 21837)
[0000][PE] mean and std.dev: (4112.04, 3562.21)
[0000][PE] low and high boundaries for proper pairs: (1, 28922)
[0000][PE] analyzing insert size distribution for orientation RR...
[0000][PE] (25, 50, 75) percentile: (143, 201, 472)
[0000][PE] low and high boundaries for computing mean and std.dev: (1, 1130)
[0000][PE] mean and std.dev: (198.95, 139.79)
[0000][PE] low and high boundaries for proper pairs: (1, 1459)
[0000][PE] skip orientation FF
[0000][PE] skip orientation RF
[0000][PE] skip orientation RR
[0000] 3. Calling kt_for - worker_sam
	[0000][ M::mem_process_seqs] Processed 2822882 reads in 476.820 CPU sec, 14.118 real sec
[0000] read_chunk: 400000000, work_chunk_size: 400000222, nseq: 2823190
	[0000][ M::kt_pipeline] read 2823190 sequences (400000222 bp)...
[0000] Reallocating initial memory allocations!!
[0000] Calling mem_process_seqs.., task: 3
[0000] 1. Calling kt_for - worker_bwt
[0000] 2. Calling kt_for - worker_aln
[0000] read_chunk: 400000000, work_chunk_size: 324301273, nseq: 2289874
	[0000][ M::kt_pipeline] read 2289874 sequences (324301273 bp)...
[0000] Inferring insert size distribution of PE reads from data, l_pac: 656111652, n: 2823190
[0000][PE] # candidate unique pairs for (FF, FR, RF, RR): (119, 1129925, 131, 92)
[0000][PE] analyzing insert size distribution for orientation FF...
[0000][PE] (25, 50, 75) percentile: (131, 186, 271)
[0000][PE] low and high boundaries for computing mean and std.dev: (1, 551)
[0000][PE] mean and std.dev: (185.85, 86.66)
[0000][PE] low and high boundaries for proper pairs: (1, 691)
[0000][PE] analyzing insert size distribution for orientation FR...
[0000][PE] (25, 50, 75) percentile: (223, 272, 315)
[0000][PE] low and high boundaries for computing mean and std.dev: (39, 499)
[0000][PE] mean and std.dev: (257.80, 78.40)
[0000][PE] low and high boundaries for proper pairs: (1, 591)
[0000][PE] analyzing insert size distribution for orientation RF...
[0000][PE] (25, 50, 75) percentile: (249, 3007, 5930)
[0000][PE] low and high boundaries for computing mean and std.dev: (1, 17292)
[0000][PE] mean and std.dev: (3493.31, 3258.36)
[0000][PE] low and high boundaries for proper pairs: (1, 22973)
[0000][PE] analyzing insert size distribution for orientation RR...
[0000][PE] (25, 50, 75) percentile: (122, 174, 239)
[0000][PE] low and high boundaries for computing mean and std.dev: (1, 473)
[0000][PE] mean and std.dev: (166.28, 70.99)
[0000][PE] low and high boundaries for proper pairs: (1, 590)
[0000][PE] skip orientation FF
[0000][PE] skip orientation RF
[0000][PE] skip orientation RR
[0000] 3. Calling kt_for - worker_sam
	[0000][ M::mem_process_seqs] Processed 2823190 reads in 475.755 CPU sec, 12.991 real sec
[0000] Calling mem_process_seqs.., task: 4
[0000] 1. Calling kt_for - worker_bwt
[0000] 2. Calling kt_for - worker_aln
[0000] read_chunk: 400000000, work_chunk_size: 0, nseq: 0
[0000] Inferring insert size distribution of PE reads from data, l_pac: 656111652, n: 2289874
[0000][PE] # candidate unique pairs for (FF, FR, RF, RR): (112, 931279, 91, 88)
[0000][PE] analyzing insert size distribution for orientation FF...
[0000][PE] (25, 50, 75) percentile: (126, 176, 229)
[0000][PE] low and high boundaries for computing mean and std.dev: (1, 435)
[0000][PE] mean and std.dev: (163.43, 64.51)
[0000][PE] low and high boundaries for proper pairs: (1, 538)
[0000][PE] analyzing insert size distribution for orientation FR...
[0000][PE] (25, 50, 75) percentile: (223, 272, 315)
[0000][PE] low and high boundaries for computing mean and std.dev: (39, 499)
[0000][PE] mean and std.dev: (257.86, 78.34)
[0000][PE] low and high boundaries for proper pairs: (1, 591)
[0000][PE] analyzing insert size distribution for orientation RF...
[0000][PE] (25, 50, 75) percentile: (757, 1749, 6946)
[0000][PE] low and high boundaries for computing mean and std.dev: (1, 19324)
[0000][PE] mean and std.dev: (3608.12, 3326.91)
[0000][PE] low and high boundaries for proper pairs: (1, 25513)
[0000][PE] analyzing insert size distribution for orientation RR...
[0000][PE] (25, 50, 75) percentile: (119, 181, 238)
[0000][PE] low and high boundaries for computing mean and std.dev: (1, 476)
[0000][PE] mean and std.dev: (170.66, 88.23)
[0000][PE] low and high boundaries for proper pairs: (1, 595)
[0000][PE] skip orientation FF
[0000][PE] skip orientation RF
[0000][PE] skip orientation RR
[0000] 3. Calling kt_for - worker_sam
	[0000][ M::mem_process_seqs] Processed 2289874 reads in 358.496 CPU sec, 9.758 real sec
[0000] read_chunk: 400000000, work_chunk_size: 0, nseq: 0
[0000] Computation ends..
No. of OMP threads: 40
Processor is running @2394.717902 MHz
Runtime profile:

	Time taken for main_mem function: 163.50 sec

	IO times (sec) :
	Reading IO time (reads) avg: 64.55, (64.55, 64.55)
	Writing IO time (SAM) avg: 25.16, (25.16, 25.16)
	Reading IO time (Reference Genome) avg: 0.58, (0.58, 0.58)
	Index read time avg: 0.12, (0.12, 0.12)

	Overall time (sec) (Excluding Index reading time):
	PROCESS() (Total compute time + (read + SAM) IO time) : 162.79
	MEM_PROCESS_SEQ() (Total compute time (Kernel + SAM)), avg: 68.13, (68.13, 68.13)

	 SAM Processing time (sec):
	--WORKER_SAM avg: 27.55, (27.55, 27.55)

	Kernels' compute time (sec):
	Total kernel (smem+sal+bsw) time avg: 39.10, (39.10, 39.10)
		MEM_ALN_CHAIN_FLT avg: 0.00, (0.00, 0.00)
		MEM_ALN_CHAIN_SEED avg: 0.00, (0.00, 0.00)
		ERT_SEED_CHAIN avg: 0.00, (0.00, 0.00)
	LEARNED_SEED_CHAIN avg: 15.63, (15.82, 15.31)
		SMEM compute avg: 0.00, (0.00, 0.00)
		SAL compute avg: 0.00, (0.00, 0.00)
				MEM_SA avg: 0.00, (0.00, 0.00)

		BSW time, avg: 21.42, (21.72, 21.13)

Important parameter settings: 
	BATCH_SIZE: 512
	MAX_SEQ_LEN_REF: 256
	MAX_SEQ_LEN_QER: 128
	MAX_SEQ_LEN8: 128
	SEEDS_PER_READ: 500
	SIMD_WIDTH8 X: 64
	SIMD_WIDTH16 X: 32
	AVG_SEEDS_PER_READ: 64
