Looking to launch executable "/opt/conda/bin/bwa-meme_mode3.avx512bw", simd = _mode3.avx512bw
Launching executable "/opt/conda/bin/bwa-meme_mode3.avx512bw"
-----------------------------
Executing in AVX512 mode!!
-----------------------------
* SA compression enabled with xfactor: 8
* Ref file: reference.902362185.genome.fasta
* Entering FMI_search
Reading other elements of the index from files reference.902362185.genome.fasta
* Index prefix: reference.902362185.genome.fasta
* Read 0 ALT contigs
* Reading reference genome..
* Binary seq file = reference.902362185.genome.fasta.0123
* Reference genome size: 1312223304 bp
* Done reading reference genome !!

------------------------------------------
1. Memory pre-allocation for Chaining: 5679.4903 MB
2. Memory pre-allocation for BSW: 9584.6810 MB
[M::memoryAllocLearned::MEME] Reading Learned-index models into memory
[Learned-Config] MODE:3 SEARCH_METHOD: 1 MEM_TRADEOFF:1 EXPONENTIAL_SMEMSEARCH: 1 DEBUG_MODE:0 Num 2nd Models:268435456 PWL Bits Used:28
[M::memoryAllocLearned::MEME] Loading RMI model and Pac reference file took 119.448 sec
[M::memoryAllocLearned::MEME] Reading suffix array into memory
[M::memoryAllocLearned::MEME] Loading pos_packed file took 227.931 sec
[M::memoryAllocLearned::MEME] Generating SA, 64-bit Suffix and ISA in memory
[M::memoryAllocLearned::MEME] Runtime-build-index took 12.396 sec
3. Memory pre-allocation for BWT: 7204.5072 MB
------------------------------------------
* Threads used (compute): 40
* No. of pipeline threads: 2

[0000] read_chunk: 400000000, work_chunk_size: 400000050, nseq: 2797218
	[0000][ M::kt_pipeline] read 2797218 sequences (400000050 bp)...
[0000] Reallocating initial memory allocations!!
[0000] Calling mem_process_seqs.., task: 0
[0000] 1. Calling kt_for - worker_bwt
[0000] read_chunk: 400000000, work_chunk_size: 400000006, nseq: 2792642
	[0000][ M::kt_pipeline] read 2792642 sequences (400000006 bp)...
[0000] 2. Calling kt_for - worker_aln
[0000] Inferring insert size distribution of PE reads from data, l_pac: 656111652, n: 2797218
[0000][PE] # candidate unique pairs for (FF, FR, RF, RR): (87, 1118240, 93, 92)
[0000][PE] analyzing insert size distribution for orientation FF...
[0000][PE] (25, 50, 75) percentile: (153, 190, 835)
[0000][PE] low and high boundaries for computing mean and std.dev: (1, 2199)
[0000][PE] mean and std.dev: (314.47, 377.76)
[0000][PE] low and high boundaries for proper pairs: (1, 2881)
[0000][PE] analyzing insert size distribution for orientation FR...
[0000][PE] (25, 50, 75) percentile: (234, 281, 321)
[0000][PE] low and high boundaries for computing mean and std.dev: (60, 495)
[0000][PE] mean and std.dev: (270.13, 71.53)
[0000][PE] low and high boundaries for proper pairs: (1, 582)
[0000][PE] analyzing insert size distribution for orientation RF...
[0000][PE] (25, 50, 75) percentile: (691, 4061, 7833)
[0000][PE] low and high boundaries for computing mean and std.dev: (1, 22117)
[0000][PE] mean and std.dev: (4228.56, 3428.04)
[0000][PE] low and high boundaries for proper pairs: (1, 29259)
[0000][PE] analyzing insert size distribution for orientation RR...
[0000][PE] (25, 50, 75) percentile: (162, 251, 2350)
[0000][PE] low and high boundaries for computing mean and std.dev: (1, 6726)
[0000][PE] mean and std.dev: (1175.86, 1797.27)
[0000][PE] low and high boundaries for proper pairs: (1, 8914)
[0000][PE] skip orientation FF
[0000][PE] skip orientation RF
[0000][PE] skip orientation RR
[0000] 3. Calling kt_for - worker_sam
	[0000][ M::mem_process_seqs] Processed 2797218 reads in 466.093 CPU sec, 16.435 real sec
[0000] Calling mem_process_seqs.., task: 1
[0000] 1. Calling kt_for - worker_bwt
[0000] 2. Calling kt_for - worker_aln
[0000] Inferring insert size distribution of PE reads from data, l_pac: 656111652, n: 2792642
[0000][PE] # candidate unique pairs for (FF, FR, RF, RR): (81, 1069243, 97, 69)
[0000][PE] analyzing insert size distribution for orientation FF...
[0000][PE] (25, 50, 75) percentile: (141, 196, 1070)
[0000][PE] low and high boundaries for computing mean and std.dev: (1, 2928)
[0000][PE] mean and std.dev: (331.70, 451.19)
[0000][PE] low and high boundaries for proper pairs: (1, 3857)
[0000][PE] analyzing insert size distribution for orientation FR...
[0000][PE] (25, 50, 75) percentile: (234, 281, 322)
[0000][PE] low and high boundaries for computing mean and std.dev: (58, 498)
[0000][PE] mean and std.dev: (269.78, 72.04)
[0000][PE] low and high boundaries for proper pairs: (1, 586)
[0000][PE] analyzing insert size distribution for orientation RF...
[0000][PE] (25, 50, 75) percentile: (713, 2764, 7518)
[0000][PE] low and high boundaries for computing mean and std.dev: (1, 21128)
[0000][PE] mean and std.dev: (3879.04, 3303.89)
[0000][PE] low and high boundaries for proper pairs: (1, 27933)
[0000][PE] analyzing insert size distribution for orientation RR...
[0000][PE] (25, 50, 75) percentile: (155, 222, 404)
[0000][PE] low and high boundaries for computing mean and std.dev: (1, 902)
[0000][PE] mean and std.dev: (223.59, 117.96)
[0000][PE] low and high boundaries for proper pairs: (1, 1151)
[0000][PE] skip orientation FF
[0000][PE] skip orientation RF
[0000][PE] skip orientation RR
[0000] 3. Calling kt_for - worker_sam
[0000] read_chunk: 400000000, work_chunk_size: 400000271, nseq: 2800052
	[0000][ M::mem_process_seqs] Processed 2792642 reads in 562.374 CPU sec, 15.251 real sec
	[0000][ M::kt_pipeline] read 2800052 sequences (400000271 bp)...
[0000] Reallocating initial memory allocations!!
[0000] Calling mem_process_seqs.., task: 2
[0000] 1. Calling kt_for - worker_bwt
[0000] 2. Calling kt_for - worker_aln
[0000] Inferring insert size distribution of PE reads from data, l_pac: 656111652, n: 2800052
[0000][PE] # candidate unique pairs for (FF, FR, RF, RR): (87, 1134221, 87, 67)
[0000][PE] analyzing insert size distribution for orientation FF...
[0000][PE] (25, 50, 75) percentile: (132, 216, 716)
[0000][PE] low and high boundaries for computing mean and std.dev: (1, 1884)
[0000][PE] mean and std.dev: (315.72, 364.85)
[0000][PE] low and high boundaries for proper pairs: (1, 2468)
[0000][PE] analyzing insert size distribution for orientation FR...
[0000][PE] (25, 50, 75) percentile: (234, 281, 321)
[0000][PE] low and high boundaries for computing mean and std.dev: (60, 495)
[0000][PE] mean and std.dev: (270.17, 71.49)
[0000][PE] low and high boundaries for proper pairs: (1, 582)
[0000][PE] analyzing insert size distribution for orientation RF...
[0000][PE] (25, 50, 75) percentile: (1295, 4166, 5821)
[0000][PE] low and high boundaries for computing mean and std.dev: (1, 14873)
[0000][PE] mean and std.dev: (3868.08, 2805.02)
[0000][PE] low and high boundaries for proper pairs: (1, 19399)
[0000][PE] analyzing insert size distribution for orientation RR...
[0000][PE] (25, 50, 75) percentile: (157, 193, 334)
[0000][PE] low and high boundaries for computing mean and std.dev: (1, 688)
[0000][PE] mean and std.dev: (208.29, 115.11)
[0000][PE] low and high boundaries for proper pairs: (1, 865)
[0000][PE] skip orientation FF
[0000][PE] skip orientation RF
[0000][PE] skip orientation RR
[0000] 3. Calling kt_for - worker_sam
[0000] read_chunk: 400000000, work_chunk_size: 400000096, nseq: 2800890
	[0000][ M::kt_pipeline] read 2800890 sequences (400000096 bp)...
	[0000][ M::mem_process_seqs] Processed 2800052 reads in 412.993 CPU sec, 10.983 real sec
[0000] Reallocating initial memory allocations!!
[0000] Calling mem_process_seqs.., task: 3
[0000] 1. Calling kt_for - worker_bwt
[0000] 2. Calling kt_for - worker_aln
[0000] Inferring insert size distribution of PE reads from data, l_pac: 656111652, n: 2800890
[0000][PE] # candidate unique pairs for (FF, FR, RF, RR): (84, 1153657, 120, 107)
[0000][PE] analyzing insert size distribution for orientation FF...
[0000][PE] (25, 50, 75) percentile: (134, 190, 650)
[0000][PE] low and high boundaries for computing mean and std.dev: (1, 1682)
[0000][PE] mean and std.dev: (294.86, 350.85)
[0000][PE] low and high boundaries for proper pairs: (1, 2198)
[0000][PE] analyzing insert size distribution for orientation FR...
[0000][PE] (25, 50, 75) percentile: (234, 281, 321)
[0000][PE] low and high boundaries for computing mean and std.dev: (60, 495)
[0000][PE] mean and std.dev: (270.22, 71.49)
[0000][PE] low and high boundaries for proper pairs: (1, 582)
[0000][PE] analyzing insert size distribution for orientation RF...
[0000][PE] (25, 50, 75) percentile: (500, 2925, 6520)
[0000][PE] low and high boundaries for computing mean and std.dev: (1, 18560)
[0000][PE] mean and std.dev: (3783.77, 3254.41)
[0000][PE] low and high boundaries for proper pairs: (1, 24580)
[0000][PE] analyzing insert size distribution for orientation RR...
[0000][PE] (25, 50, 75) percentile: (175, 258, 6647)
[0000][PE] low and high boundaries for computing mean and std.dev: (1, 19591)
[0000][PE] mean and std.dev: (2540.36, 3200.21)
[0000][PE] low and high boundaries for proper pairs: (1, 26063)
[0000][PE] skip orientation FF
[0000][PE] skip orientation RF
[0000][PE] skip orientation RR
[0000] 3. Calling kt_for - worker_sam
[0000] read_chunk: 400000000, work_chunk_size: 400000206, nseq: 2799654
	[0000][ M::kt_pipeline] read 2799654 sequences (400000206 bp)...
	[0000][ M::mem_process_seqs] Processed 2800890 reads in 371.749 CPU sec, 10.002 real sec
[0000] Calling mem_process_seqs.., task: 4
[0000] 1. Calling kt_for - worker_bwt
[0000] 2. Calling kt_for - worker_aln
[0000] Inferring insert size distribution of PE reads from data, l_pac: 656111652, n: 2799654
[0000][PE] # candidate unique pairs for (FF, FR, RF, RR): (71, 1137735, 111, 77)
[0000][PE] analyzing insert size distribution for orientation FF...
[0000][PE] (25, 50, 75) percentile: (157, 212, 498)
[0000][PE] low and high boundaries for computing mean and std.dev: (1, 1180)
[0000][PE] mean and std.dev: (213.30, 138.42)
[0000][PE] low and high boundaries for proper pairs: (1, 1521)
[0000][PE] analyzing insert size distribution for orientation FR...
[0000][PE] (25, 50, 75) percentile: (234, 281, 321)
[0000][PE] low and high boundaries for computing mean and std.dev: (60, 495)
[0000][PE] mean and std.dev: (270.21, 71.51)
[0000][PE] low and high boundaries for proper pairs: (1, 582)
[0000][PE] analyzing insert size distribution for orientation RF...
[0000][PE] (25, 50, 75) percentile: (554, 2938, 5988)
[0000][PE] low and high boundaries for computing mean and std.dev: (1, 16856)
[0000][PE] mean and std.dev: (3733.76, 3122.67)
[0000][PE] low and high boundaries for proper pairs: (1, 22290)
[0000][PE] analyzing insert size distribution for orientation RR...
[0000][PE] (25, 50, 75) percentile: (166, 212, 307)
[0000][PE] low and high boundaries for computing mean and std.dev: (1, 589)
[0000][PE] mean and std.dev: (190.63, 63.87)
[0000][PE] low and high boundaries for proper pairs: (1, 730)
[0000][PE] skip orientation FF
[0000][PE] skip orientation RF
[0000][PE] skip orientation RR
[0000] 3. Calling kt_for - worker_sam
	[0000][ M::mem_process_seqs] Processed 2799654 reads in 396.017 CPU sec, 10.939 real sec
[0000] read_chunk: 400000000, work_chunk_size: 400000176, nseq: 2800468
	[0000][ M::kt_pipeline] read 2800468 sequences (400000176 bp)...
[0000] Calling mem_process_seqs.., task: 5
[0000] 1. Calling kt_for - worker_bwt
[0000] 2. Calling kt_for - worker_aln
[0000] Inferring insert size distribution of PE reads from data, l_pac: 656111652, n: 2800468
[0000][PE] # candidate unique pairs for (FF, FR, RF, RR): (86, 1154560, 116, 75)
[0000][PE] analyzing insert size distribution for orientation FF...
[0000][PE] (25, 50, 75) percentile: (142, 188, 276)
[0000][PE] low and high boundaries for computing mean and std.dev: (1, 544)
[0000][PE] mean and std.dev: (181.32, 81.98)
[0000][PE] low and high boundaries for proper pairs: (1, 678)
[0000][PE] analyzing insert size distribution for orientation FR...
[0000][PE] (25, 50, 75) percentile: (234, 281, 322)
[0000][PE] low and high boundaries for computing mean and std.dev: (58, 498)
[0000][PE] mean and std.dev: (269.94, 71.93)
[0000][PE] low and high boundaries for proper pairs: (1, 586)
[0000][PE] analyzing insert size distribution for orientation RF...
[0000][PE] (25, 50, 75) percentile: (345, 2108, 5668)
[0000][PE] low and high boundaries for computing mean and std.dev: (1, 16314)
[0000][PE] mean and std.dev: (3251.94, 3114.95)
[0000][PE] low and high boundaries for proper pairs: (1, 21637)
[0000][PE] analyzing insert size distribution for orientation RR...
[0000][PE] (25, 50, 75) percentile: (154, 215, 594)
[0000][PE] low and high boundaries for computing mean and std.dev: (1, 1474)
[0000][PE] mean and std.dev: (314.97, 269.20)
[0000][PE] low and high boundaries for proper pairs: (1, 1914)
[0000][PE] skip orientation FF
[0000][PE] skip orientation RF
[0000][PE] skip orientation RR
[0000] 3. Calling kt_for - worker_sam
[0000] read_chunk: 400000000, work_chunk_size: 400000184, nseq: 2798538
	[0000][ M::kt_pipeline] read 2798538 sequences (400000184 bp)...
	[0000][ M::mem_process_seqs] Processed 2800468 reads in 379.066 CPU sec, 10.294 real sec
[0000] Calling mem_process_seqs.., task: 6
[0000] 1. Calling kt_for - worker_bwt
[0000] 2. Calling kt_for - worker_aln
[0000] Inferring insert size distribution of PE reads from data, l_pac: 656111652, n: 2798538
[0000][PE] # candidate unique pairs for (FF, FR, RF, RR): (77, 1131480, 127, 83)
[0000][PE] analyzing insert size distribution for orientation FF...
[0000][PE] (25, 50, 75) percentile: (134, 195, 329)
[0000][PE] low and high boundaries for computing mean and std.dev: (1, 719)
[0000][PE] mean and std.dev: (212.43, 145.75)
[0000][PE] low and high boundaries for proper pairs: (1, 914)
[0000][PE] analyzing insert size distribution for orientation FR...
[0000][PE] (25, 50, 75) percentile: (234, 281, 321)
[0000][PE] low and high boundaries for computing mean and std.dev: (60, 495)
[0000][PE] mean and std.dev: (270.35, 71.47)
[0000][PE] low and high boundaries for proper pairs: (1, 582)
[0000][PE] analyzing insert size distribution for orientation RF...
[0000][PE] (25, 50, 75) percentile: (324, 2812, 6049)
[0000][PE] low and high boundaries for computing mean and std.dev: (1, 17499)
[0000][PE] mean and std.dev: (3421.20, 3118.05)
[0000][PE] low and high boundaries for proper pairs: (1, 23224)
[0000][PE] analyzing insert size distribution for orientation RR...
[0000][PE] (25, 50, 75) percentile: (127, 190, 249)
[0000][PE] low and high boundaries for computing mean and std.dev: (1, 493)
[0000][PE] mean and std.dev: (173.42, 68.90)
[0000][PE] low and high boundaries for proper pairs: (1, 615)
[0000][PE] skip orientation FF
[0000][PE] skip orientation RF
[0000][PE] skip orientation RR
[0000] 3. Calling kt_for - worker_sam
	[0000][ M::mem_process_seqs] Processed 2798538 reads in 414.604 CPU sec, 11.119 real sec
[0000] read_chunk: 400000000, work_chunk_size: 400000211, nseq: 2799870
	[0000][ M::kt_pipeline] read 2799870 sequences (400000211 bp)...
[0000] Calling mem_process_seqs.., task: 7
[0000] 1. Calling kt_for - worker_bwt
[0000] 2. Calling kt_for - worker_aln
[0000] Inferring insert size distribution of PE reads from data, l_pac: 656111652, n: 2799870
[0000][PE] # candidate unique pairs for (FF, FR, RF, RR): (70, 1133977, 120, 79)
[0000][PE] analyzing insert size distribution for orientation FF...
[0000][PE] (25, 50, 75) percentile: (130, 180, 284)
[0000][PE] low and high boundaries for computing mean and std.dev: (1, 592)
[0000][PE] mean and std.dev: (177.93, 86.93)
[0000][PE] low and high boundaries for proper pairs: (1, 746)
[0000][PE] analyzing insert size distribution for orientation FR...
[0000][PE] (25, 50, 75) percentile: (234, 281, 321)
[0000][PE] low and high boundaries for computing mean and std.dev: (60, 495)
[0000][PE] mean and std.dev: (270.33, 71.43)
[0000][PE] low and high boundaries for proper pairs: (1, 582)
[0000][PE] analyzing insert size distribution for orientation RF...
[0000][PE] (25, 50, 75) percentile: (710, 3150, 7610)
[0000][PE] low and high boundaries for computing mean and std.dev: (1, 21410)
[0000][PE] mean and std.dev: (4092.25, 3557.68)
[0000][PE] low and high boundaries for proper pairs: (1, 28310)
[0000][PE] analyzing insert size distribution for orientation RR...
[0000][PE] (25, 50, 75) percentile: (132, 186, 285)
[0000][PE] low and high boundaries for computing mean and std.dev: (1, 591)
[0000][PE] mean and std.dev: (181.89, 107.74)
[0000][PE] low and high boundaries for proper pairs: (1, 744)
[0000][PE] skip orientation FF
[0000][PE] skip orientation RF
[0000][PE] skip orientation RR
[0000] 3. Calling kt_for - worker_sam
[0000] read_chunk: 400000000, work_chunk_size: 400000077, nseq: 2799304
	[0000][ M::kt_pipeline] read 2799304 sequences (400000077 bp)...
	[0000][ M::mem_process_seqs] Processed 2799870 reads in 405.854 CPU sec, 11.356 real sec
[0000] Calling mem_process_seqs.., task: 8
[0000] 1. Calling kt_for - worker_bwt
[0000] 2. Calling kt_for - worker_aln
[0000] Inferring insert size distribution of PE reads from data, l_pac: 656111652, n: 2799304
[0000][PE] # candidate unique pairs for (FF, FR, RF, RR): (60, 1145873, 112, 85)
[0000][PE] analyzing insert size distribution for orientation FF...
[0000][PE] (25, 50, 75) percentile: (136, 194, 243)
[0000][PE] low and high boundaries for computing mean and std.dev: (1, 457)
[0000][PE] mean and std.dev: (162.91, 62.53)
[0000][PE] low and high boundaries for proper pairs: (1, 564)
[0000][PE] analyzing insert size distribution for orientation FR...
[0000][PE] (25, 50, 75) percentile: (234, 281, 321)
[0000][PE] low and high boundaries for computing mean and std.dev: (60, 495)
[0000][PE] mean and std.dev: (270.14, 71.54)
[0000][PE] low and high boundaries for proper pairs: (1, 582)
[0000][PE] analyzing insert size distribution for orientation RF...
[0000][PE] (25, 50, 75) percentile: (450, 2738, 5140)
[0000][PE] low and high boundaries for computing mean and std.dev: (1, 14520)
[0000][PE] mean and std.dev: (3157.46, 2920.60)
[0000][PE] low and high boundaries for proper pairs: (1, 19210)
[0000][PE] analyzing insert size distribution for orientation RR...
[0000][PE] (25, 50, 75) percentile: (132, 197, 412)
[0000][PE] low and high boundaries for computing mean and std.dev: (1, 972)
[0000][PE] mean and std.dev: (205.27, 159.22)
[0000][PE] low and high boundaries for proper pairs: (1, 1252)
[0000][PE] skip orientation FF
[0000][PE] skip orientation RF
[0000][PE] skip orientation RR
[0000] 3. Calling kt_for - worker_sam
	[0000][ M::mem_process_seqs] Processed 2799304 reads in 404.569 CPU sec, 11.628 real sec
[0000] read_chunk: 400000000, work_chunk_size: 400000188, nseq: 2798938
	[0000][ M::kt_pipeline] read 2798938 sequences (400000188 bp)...
[0000] Calling mem_process_seqs.., task: 9
[0000] 1. Calling kt_for - worker_bwt
[0000] 2. Calling kt_for - worker_aln
[0000] Inferring insert size distribution of PE reads from data, l_pac: 656111652, n: 2798938
[0000][PE] # candidate unique pairs for (FF, FR, RF, RR): (80, 1131596, 134, 63)
[0000][PE] analyzing insert size distribution for orientation FF...
[0000][PE] (25, 50, 75) percentile: (135, 203, 325)
[0000][PE] low and high boundaries for computing mean and std.dev: (1, 705)
[0000][PE] mean and std.dev: (191.61, 102.89)
[0000][PE] low and high boundaries for proper pairs: (1, 895)
[0000][PE] analyzing insert size distribution for orientation FR...
[0000][PE] (25, 50, 75) percentile: (234, 281, 321)
[0000][PE] low and high boundaries for computing mean and std.dev: (60, 495)
[0000][PE] mean and std.dev: (270.15, 71.64)
[0000][PE] low and high boundaries for proper pairs: (1, 582)
[0000][PE] analyzing insert size distribution for orientation RF...
[0000][PE] (25, 50, 75) percentile: (521, 1625, 5236)
[0000][PE] low and high boundaries for computing mean and std.dev: (1, 14666)
[0000][PE] mean and std.dev: (2933.46, 2834.52)
[0000][PE] low and high boundaries for proper pairs: (1, 19381)
[0000][PE] analyzing insert size distribution for orientation RR...
[0000][PE] (25, 50, 75) percentile: (138, 192, 286)
[0000][PE] low and high boundaries for computing mean and std.dev: (1, 582)
[0000][PE] mean and std.dev: (187.89, 95.72)
[0000][PE] low and high boundaries for proper pairs: (1, 730)
[0000][PE] skip orientation FF
[0000][PE] skip orientation RF
[0000][PE] skip orientation RR
[0000] 3. Calling kt_for - worker_sam
[0000] read_chunk: 400000000, work_chunk_size: 400000156, nseq: 2799398
	[0000][ M::kt_pipeline] read 2799398 sequences (400000156 bp)...
	[0000][ M::mem_process_seqs] Processed 2798938 reads in 430.349 CPU sec, 12.277 real sec
[0000] Calling mem_process_seqs.., task: 10
[0000] 1. Calling kt_for - worker_bwt
[0000] 2. Calling kt_for - worker_aln
[0000] Inferring insert size distribution of PE reads from data, l_pac: 656111652, n: 2799398
[0000][PE] # candidate unique pairs for (FF, FR, RF, RR): (92, 1143037, 144, 91)
[0000][PE] analyzing insert size distribution for orientation FF...
[0000][PE] (25, 50, 75) percentile: (157, 224, 801)
[0000][PE] low and high boundaries for computing mean and std.dev: (1, 2089)
[0000][PE] mean and std.dev: (288.71, 267.24)
[0000][PE] low and high boundaries for proper pairs: (1, 2733)
[0000][PE] analyzing insert size distribution for orientation FR...
[0000][PE] (25, 50, 75) percentile: (234, 281, 321)
[0000][PE] low and high boundaries for computing mean and std.dev: (60, 495)
[0000][PE] mean and std.dev: (270.24, 71.48)
[0000][PE] low and high boundaries for proper pairs: (1, 582)
[0000][PE] analyzing insert size distribution for orientation RF...
[0000][PE] (25, 50, 75) percentile: (336, 2016, 4874)
[0000][PE] low and high boundaries for computing mean and std.dev: (1, 13950)
[0000][PE] mean and std.dev: (2985.33, 2957.13)
[0000][PE] low and high boundaries for proper pairs: (1, 18488)
[0000][PE] analyzing insert size distribution for orientation RR...
[0000][PE] (25, 50, 75) percentile: (154, 195, 283)
[0000][PE] low and high boundaries for computing mean and std.dev: (1, 541)
[0000][PE] mean and std.dev: (180.11, 70.11)
[0000][PE] low and high boundaries for proper pairs: (1, 670)
[0000][PE] skip orientation FF
[0000][PE] skip orientation RF
[0000][PE] skip orientation RR
[0000] 3. Calling kt_for - worker_sam
	[0000][ M::mem_process_seqs] Processed 2799398 reads in 410.761 CPU sec, 11.155 real sec
[0000] read_chunk: 400000000, work_chunk_size: 400000034, nseq: 2790196
	[0000][ M::kt_pipeline] read 2790196 sequences (400000034 bp)...
[0000] Calling mem_process_seqs.., task: 11
[0000] 1. Calling kt_for - worker_bwt
[0000] 2. Calling kt_for - worker_aln
[0000] Inferring insert size distribution of PE reads from data, l_pac: 656111652, n: 2790196
[0000][PE] # candidate unique pairs for (FF, FR, RF, RR): (85, 1050432, 118, 84)
[0000][PE] analyzing insert size distribution for orientation FF...
[0000][PE] (25, 50, 75) percentile: (122, 199, 339)
[0000][PE] low and high boundaries for computing mean and std.dev: (1, 773)
[0000][PE] mean and std.dev: (188.69, 120.87)
[0000][PE] low and high boundaries for proper pairs: (1, 990)
[0000][PE] analyzing insert size distribution for orientation FR...
[0000][PE] (25, 50, 75) percentile: (234, 281, 321)
[0000][PE] low and high boundaries for computing mean and std.dev: (60, 495)
[0000][PE] mean and std.dev: (270.16, 71.49)
[0000][PE] low and high boundaries for proper pairs: (1, 582)
[0000][PE] analyzing insert size distribution for orientation RF...
[0000][PE] (25, 50, 75) percentile: (487, 3017, 6549)
[0000][PE] low and high boundaries for computing mean and std.dev: (1, 18673)
[0000][PE] mean and std.dev: (3683.60, 3219.59)
[0000][PE] low and high boundaries for proper pairs: (1, 24735)
[0000][PE] analyzing insert size distribution for orientation RR...
[0000][PE] (25, 50, 75) percentile: (161, 227, 348)
[0000][PE] low and high boundaries for computing mean and std.dev: (1, 722)
[0000][PE] mean and std.dev: (194.55, 76.71)
[0000][PE] low and high boundaries for proper pairs: (1, 909)
[0000][PE] skip orientation FF
[0000][PE] skip orientation RF
[0000][PE] skip orientation RR
[0000] 3. Calling kt_for - worker_sam
[0000] read_chunk: 400000000, work_chunk_size: 400000092, nseq: 2797504
	[0000][ M::kt_pipeline] read 2797504 sequences (400000092 bp)...
	[0000][ M::mem_process_seqs] Processed 2790196 reads in 570.510 CPU sec, 14.945 real sec
[0000] Calling mem_process_seqs.., task: 12
[0000] 1. Calling kt_for - worker_bwt
[0000] 2. Calling kt_for - worker_aln
[0000] Inferring insert size distribution of PE reads from data, l_pac: 656111652, n: 2797504
[0000][PE] # candidate unique pairs for (FF, FR, RF, RR): (85, 1129072, 143, 67)
[0000][PE] analyzing insert size distribution for orientation FF...
[0000][PE] (25, 50, 75) percentile: (134, 197, 303)
[0000][PE] low and high boundaries for computing mean and std.dev: (1, 641)
[0000][PE] mean and std.dev: (210.27, 138.94)
[0000][PE] low and high boundaries for proper pairs: (1, 810)
[0000][PE] analyzing insert size distribution for orientation FR...
[0000][PE] (25, 50, 75) percentile: (234, 281, 322)
[0000][PE] low and high boundaries for computing mean and std.dev: (58, 498)
[0000][PE] mean and std.dev: (270.07, 71.94)
[0000][PE] low and high boundaries for proper pairs: (1, 586)
[0000][PE] analyzing insert size distribution for orientation RF...
[0000][PE] (25, 50, 75) percentile: (449, 1861, 5914)
[0000][PE] low and high boundaries for computing mean and std.dev: (1, 16844)
[0000][PE] mean and std.dev: (3337.39, 3155.60)
[0000][PE] low and high boundaries for proper pairs: (1, 22309)
[0000][PE] analyzing insert size distribution for orientation RR...
[0000][PE] (25, 50, 75) percentile: (159, 198, 263)
[0000][PE] low and high boundaries for computing mean and std.dev: (1, 471)
[0000][PE] mean and std.dev: (183.48, 65.60)
[0000][PE] low and high boundaries for proper pairs: (1, 575)
[0000][PE] skip orientation FF
[0000][PE] skip orientation RF
[0000][PE] skip orientation RR
[0000] 3. Calling kt_for - worker_sam
	[0000][ M::mem_process_seqs] Processed 2797504 reads in 446.235 CPU sec, 12.567 real sec
[0000] read_chunk: 400000000, work_chunk_size: 400000044, nseq: 2798278
	[0000][ M::kt_pipeline] read 2798278 sequences (400000044 bp)...
[0000] Calling mem_process_seqs.., task: 13
[0000] 1. Calling kt_for - worker_bwt
[0000] 2. Calling kt_for - worker_aln
[0000] Inferring insert size distribution of PE reads from data, l_pac: 656111652, n: 2798278
[0000][PE] # candidate unique pairs for (FF, FR, RF, RR): (90, 1122248, 86, 71)
[0000][PE] analyzing insert size distribution for orientation FF...
[0000][PE] (25, 50, 75) percentile: (142, 223, 3471)
[0000][PE] low and high boundaries for computing mean and std.dev: (1, 10129)
[0000][PE] mean and std.dev: (1861.43, 2714.56)
[0000][PE] low and high boundaries for proper pairs: (1, 13458)
[0000][PE] analyzing insert size distribution for orientation FR...
[0000][PE] (25, 50, 75) percentile: (234, 281, 322)
[0000][PE] low and high boundaries for computing mean and std.dev: (58, 498)
[0000][PE] mean and std.dev: (269.95, 71.94)
[0000][PE] low and high boundaries for proper pairs: (1, 586)
[0000][PE] analyzing insert size distribution for orientation RF...
[0000][PE] (25, 50, 75) percentile: (500, 1715, 5770)
[0000][PE] low and high boundaries for computing mean and std.dev: (1, 16310)
[0000][PE] mean and std.dev: (3221.58, 3195.61)
[0000][PE] low and high boundaries for proper pairs: (1, 21580)
[0000][PE] analyzing insert size distribution for orientation RR...
[0000][PE] (25, 50, 75) percentile: (122, 191, 334)
[0000][PE] low and high boundaries for computing mean and std.dev: (1, 758)
[0000][PE] mean and std.dev: (184.67, 106.90)
[0000][PE] low and high boundaries for proper pairs: (1, 970)
[0000][PE] skip orientation FF
[0000][PE] skip orientation RF
[0000][PE] skip orientation RR
[0000] 3. Calling kt_for - worker_sam
	[0000][ M::mem_process_seqs] Processed 2798278 reads in 472.326 CPU sec, 13.813 real sec
[0000] read_chunk: 400000000, work_chunk_size: 400000150, nseq: 2797754
	[0000][ M::kt_pipeline] read 2797754 sequences (400000150 bp)...
[0000] Calling mem_process_seqs.., task: 14
[0000] 1. Calling kt_for - worker_bwt
[0000] 2. Calling kt_for - worker_aln
[0000] Inferring insert size distribution of PE reads from data, l_pac: 656111652, n: 2797754
[0000][PE] # candidate unique pairs for (FF, FR, RF, RR): (90, 1124104, 123, 64)
[0000][PE] analyzing insert size distribution for orientation FF...
[0000][PE] (25, 50, 75) percentile: (137, 190, 270)
[0000][PE] low and high boundaries for computing mean and std.dev: (1, 536)
[0000][PE] mean and std.dev: (177.99, 82.70)
[0000][PE] low and high boundaries for proper pairs: (1, 669)
[0000][PE] analyzing insert size distribution for orientation FR...
[0000][PE] (25, 50, 75) percentile: (234, 281, 321)
[0000][PE] low and high boundaries for computing mean and std.dev: (60, 495)
[0000][PE] mean and std.dev: (270.15, 71.57)
[0000][PE] low and high boundaries for proper pairs: (1, 582)
[0000][PE] analyzing insert size distribution for orientation RF...
[0000][PE] (25, 50, 75) percentile: (795, 3548, 6410)
[0000][PE] low and high boundaries for computing mean and std.dev: (1, 17640)
[0000][PE] mean and std.dev: (3985.98, 3201.55)
[0000][PE] low and high boundaries for proper pairs: (1, 23255)
[0000][PE] analyzing insert size distribution for orientation RR...
[0000][PE] (25, 50, 75) percentile: (161, 213, 707)
[0000][PE] low and high boundaries for computing mean and std.dev: (1, 1799)
[0000][PE] mean and std.dev: (241.42, 197.88)
[0000][PE] low and high boundaries for proper pairs: (1, 2345)
[0000][PE] skip orientation FF
[0000][PE] skip orientation RF
[0000][PE] skip orientation RR
[0000] 3. Calling kt_for - worker_sam
	[0000][ M::mem_process_seqs] Processed 2797754 reads in 440.868 CPU sec, 13.450 real sec
[0000] read_chunk: 400000000, work_chunk_size: 400000212, nseq: 2800088
	[0000][ M::kt_pipeline] read 2800088 sequences (400000212 bp)...
[0000] Calling mem_process_seqs.., task: 15
[0000] 1. Calling kt_for - worker_bwt
[0000] 2. Calling kt_for - worker_aln
[0000] Inferring insert size distribution of PE reads from data, l_pac: 656111652, n: 2800088
[0000][PE] # candidate unique pairs for (FF, FR, RF, RR): (87, 1148471, 117, 79)
[0000][PE] analyzing insert size distribution for orientation FF...
[0000][PE] (25, 50, 75) percentile: (142, 190, 279)
[0000][PE] low and high boundaries for computing mean and std.dev: (1, 553)
[0000][PE] mean and std.dev: (165.64, 68.15)
[0000][PE] low and high boundaries for proper pairs: (1, 690)
[0000][PE] analyzing insert size distribution for orientation FR...
[0000][PE] (25, 50, 75) percentile: (234, 281, 321)
[0000][PE] low and high boundaries for computing mean and std.dev: (60, 495)
[0000][PE] mean and std.dev: (270.23, 71.51)
[0000][PE] low and high boundaries for proper pairs: (1, 582)
[0000][PE] analyzing insert size distribution for orientation RF...
[0000][PE] (25, 50, 75) percentile: (369, 2179, 5591)
[0000][PE] low and high boundaries for computing mean and std.dev: (1, 16035)
[0000][PE] mean and std.dev: (3203.80, 3041.76)
[0000][PE] low and high boundaries for proper pairs: (1, 21257)
[0000][PE] analyzing insert size distribution for orientation RR...
[0000][PE] (25, 50, 75) percentile: (134, 197, 254)
[0000][PE] low and high boundaries for computing mean and std.dev: (1, 494)
[0000][PE] mean and std.dev: (187.01, 78.89)
[0000][PE] low and high boundaries for proper pairs: (1, 614)
[0000][PE] skip orientation FF
[0000][PE] skip orientation RF
[0000][PE] skip orientation RR
[0000] 3. Calling kt_for - worker_sam
	[0000][ M::mem_process_seqs] Processed 2800088 reads in 419.853 CPU sec, 12.613 real sec
[0000] read_chunk: 400000000, work_chunk_size: 400000234, nseq: 2797164
	[0000][ M::kt_pipeline] read 2797164 sequences (400000234 bp)...
[0000] Calling mem_process_seqs.., task: 16
[0000] 1. Calling kt_for - worker_bwt
[0000] 2. Calling kt_for - worker_aln
[0000] Inferring insert size distribution of PE reads from data, l_pac: 656111652, n: 2797164
[0000][PE] # candidate unique pairs for (FF, FR, RF, RR): (54, 1119692, 111, 62)
[0000][PE] analyzing insert size distribution for orientation FF...
[0000][PE] (25, 50, 75) percentile: (127, 177, 224)
[0000][PE] low and high boundaries for computing mean and std.dev: (1, 418)
[0000][PE] mean and std.dev: (166.20, 60.60)
[0000][PE] low and high boundaries for proper pairs: (1, 515)
[0000][PE] analyzing insert size distribution for orientation FR...
[0000][PE] (25, 50, 75) percentile: (234, 281, 321)
[0000][PE] low and high boundaries for computing mean and std.dev: (60, 495)
[0000][PE] mean and std.dev: (270.21, 71.45)
[0000][PE] low and high boundaries for proper pairs: (1, 582)
[0000][PE] analyzing insert size distribution for orientation RF...
[0000][PE] (25, 50, 75) percentile: (368, 2056, 5599)
[0000][PE] low and high boundaries for computing mean and std.dev: (1, 16061)
[0000][PE] mean and std.dev: (2986.62, 2775.93)
[0000][PE] low and high boundaries for proper pairs: (1, 21292)
[0000][PE] analyzing insert size distribution for orientation RR...
[0000][PE] (25, 50, 75) percentile: (135, 191, 298)
[0000][PE] low and high boundaries for computing mean and std.dev: (1, 624)
[0000][PE] mean and std.dev: (186.04, 87.09)
[0000][PE] low and high boundaries for proper pairs: (1, 787)
[0000][PE] skip orientation FF
[0000][PE] skip orientation RF
[0000][PE] skip orientation RR
[0000] 3. Calling kt_for - worker_sam
[0000] read_chunk: 400000000, work_chunk_size: 400000164, nseq: 2798790
	[0000][ M::kt_pipeline] read 2798790 sequences (400000164 bp)...
	[0000][ M::mem_process_seqs] Processed 2797164 reads in 455.640 CPU sec, 13.580 real sec
[0000] Calling mem_process_seqs.., task: 17
[0000] 1. Calling kt_for - worker_bwt
[0000] 2. Calling kt_for - worker_aln
[0000] Inferring insert size distribution of PE reads from data, l_pac: 656111652, n: 2798790
[0000][PE] # candidate unique pairs for (FF, FR, RF, RR): (93, 1131570, 126, 74)
[0000][PE] analyzing insert size distribution for orientation FF...
[0000][PE] (25, 50, 75) percentile: (162, 234, 1933)
[0000][PE] low and high boundaries for computing mean and std.dev: (1, 5475)
[0000][PE] mean and std.dev: (408.00, 655.08)
[0000][PE] low and high boundaries for proper pairs: (1, 7246)
[0000][PE] analyzing insert size distribution for orientation FR...
[0000][PE] (25, 50, 75) percentile: (234, 281, 321)
[0000][PE] low and high boundaries for computing mean and std.dev: (60, 495)
[0000][PE] mean and std.dev: (270.15, 71.57)
[0000][PE] low and high boundaries for proper pairs: (1, 582)
[0000][PE] analyzing insert size distribution for orientation RF...
[0000][PE] (25, 50, 75) percentile: (637, 3256, 6851)
[0000][PE] low and high boundaries for computing mean and std.dev: (1, 19279)
[0000][PE] mean and std.dev: (3752.29, 3231.65)
[0000][PE] low and high boundaries for proper pairs: (1, 25493)
[0000][PE] analyzing insert size distribution for orientation RR...
[0000][PE] (25, 50, 75) percentile: (188, 221, 772)
[0000][PE] low and high boundaries for computing mean and std.dev: (1, 1940)
[0000][PE] mean and std.dev: (235.05, 137.76)
[0000][PE] low and high boundaries for proper pairs: (1, 2524)
[0000][PE] skip orientation FF
[0000][PE] skip orientation RF
[0000][PE] skip orientation RR
[0000] 3. Calling kt_for - worker_sam
	[0000][ M::mem_process_seqs] Processed 2798790 reads in 410.720 CPU sec, 12.221 real sec
[0000] read_chunk: 400000000, work_chunk_size: 400000157, nseq: 2797114
	[0000][ M::kt_pipeline] read 2797114 sequences (400000157 bp)...
[0000] Calling mem_process_seqs.., task: 18
[0000] 1. Calling kt_for - worker_bwt
[0000] 2. Calling kt_for - worker_aln
[0000] Inferring insert size distribution of PE reads from data, l_pac: 656111652, n: 2797114
[0000][PE] # candidate unique pairs for (FF, FR, RF, RR): (75, 1121953, 103, 75)
[0000][PE] analyzing insert size distribution for orientation FF...
[0000][PE] (25, 50, 75) percentile: (159, 209, 328)
[0000][PE] low and high boundaries for computing mean and std.dev: (1, 666)
[0000][PE] mean and std.dev: (199.40, 74.82)
[0000][PE] low and high boundaries for proper pairs: (1, 835)
[0000][PE] analyzing insert size distribution for orientation FR...
[0000][PE] (25, 50, 75) percentile: (234, 281, 321)
[0000][PE] low and high boundaries for computing mean and std.dev: (60, 495)
[0000][PE] mean and std.dev: (270.34, 71.37)
[0000][PE] low and high boundaries for proper pairs: (1, 582)
[0000][PE] analyzing insert size distribution for orientation RF...
[0000][PE] (25, 50, 75) percentile: (628, 2879, 7321)
[0000][PE] low and high boundaries for computing mean and std.dev: (1, 20707)
[0000][PE] mean and std.dev: (3879.33, 3369.44)
[0000][PE] low and high boundaries for proper pairs: (1, 27400)
[0000][PE] analyzing insert size distribution for orientation RR...
[0000][PE] (25, 50, 75) percentile: (175, 231, 2631)
[0000][PE] low and high boundaries for computing mean and std.dev: (1, 7543)
[0000][PE] mean and std.dev: (1681.12, 2538.66)
[0000][PE] low and high boundaries for proper pairs: (1, 11836)
[0000][PE] skip orientation FF
[0000][PE] skip orientation RF
[0000][PE] skip orientation RR
[0000] 3. Calling kt_for - worker_sam
	[0000][ M::mem_process_seqs] Processed 2797114 reads in 463.918 CPU sec, 14.174 real sec
[0000] read_chunk: 400000000, work_chunk_size: 400000269, nseq: 2800022
	[0000][ M::kt_pipeline] read 2800022 sequences (400000269 bp)...
[0000] Calling mem_process_seqs.., task: 19
[0000] 1. Calling kt_for - worker_bwt
[0000] 2. Calling kt_for - worker_aln
[0000] Inferring insert size distribution of PE reads from data, l_pac: 656111652, n: 2800022
[0000][PE] # candidate unique pairs for (FF, FR, RF, RR): (71, 1147570, 128, 67)
[0000][PE] analyzing insert size distribution for orientation FF...
[0000][PE] (25, 50, 75) percentile: (141, 180, 256)
[0000][PE] low and high boundaries for computing mean and std.dev: (1, 486)
[0000][PE] mean and std.dev: (165.26, 70.80)
[0000][PE] low and high boundaries for proper pairs: (1, 601)
[0000][PE] analyzing insert size distribution for orientation FR...
[0000][PE] (25, 50, 75) percentile: (234, 281, 322)
[0000][PE] low and high boundaries for computing mean and std.dev: (58, 498)
[0000][PE] mean and std.dev: (270.00, 71.93)
[0000][PE] low and high boundaries for proper pairs: (1, 586)
[0000][PE] analyzing insert size distribution for orientation RF...
[0000][PE] (25, 50, 75) percentile: (1036, 3862, 6819)
[0000][PE] low and high boundaries for computing mean and std.dev: (1, 18385)
[0000][PE] mean and std.dev: (4030.82, 3117.19)
[0000][PE] low and high boundaries for proper pairs: (1, 24168)
[0000][PE] analyzing insert size distribution for orientation RR...
[0000][PE] (25, 50, 75) percentile: (139, 226, 331)
[0000][PE] low and high boundaries for computing mean and std.dev: (1, 715)
[0000][PE] mean and std.dev: (191.55, 107.48)
[0000][PE] low and high boundaries for proper pairs: (1, 907)
[0000][PE] skip orientation FF
[0000][PE] skip orientation RF
[0000][PE] skip orientation RR
[0000] 3. Calling kt_for - worker_sam
	[0000][ M::mem_process_seqs] Processed 2800022 reads in 398.302 CPU sec, 11.572 real sec
[0000] read_chunk: 400000000, work_chunk_size: 400000295, nseq: 2799550
	[0000][ M::kt_pipeline] read 2799550 sequences (400000295 bp)...
[0000] Calling mem_process_seqs.., task: 20
[0000] 1. Calling kt_for - worker_bwt
[0000] 2. Calling kt_for - worker_aln
[0000] Inferring insert size distribution of PE reads from data, l_pac: 656111652, n: 2799550
[0000][PE] # candidate unique pairs for (FF, FR, RF, RR): (76, 1143996, 115, 92)
[0000][PE] analyzing insert size distribution for orientation FF...
[0000][PE] (25, 50, 75) percentile: (143, 196, 261)
[0000][PE] low and high boundaries for computing mean and std.dev: (1, 497)
[0000][PE] mean and std.dev: (177.60, 75.93)
[0000][PE] low and high boundaries for proper pairs: (1, 615)
[0000][PE] analyzing insert size distribution for orientation FR...
[0000][PE] (25, 50, 75) percentile: (234, 281, 321)
[0000][PE] low and high boundaries for computing mean and std.dev: (60, 495)
[0000][PE] mean and std.dev: (270.27, 71.46)
[0000][PE] low and high boundaries for proper pairs: (1, 582)
[0000][PE] analyzing insert size distribution for orientation RF...
[0000][PE] (25, 50, 75) percentile: (730, 4253, 7440)
[0000][PE] low and high boundaries for computing mean and std.dev: (1, 20860)
[0000][PE] mean and std.dev: (4218.89, 3455.75)
[0000][PE] low and high boundaries for proper pairs: (1, 27570)
[0000][PE] analyzing insert size distribution for orientation RR...
[0000][PE] (25, 50, 75) percentile: (132, 187, 327)
[0000][PE] low and high boundaries for computing mean and std.dev: (1, 717)
[0000][PE] mean and std.dev: (187.66, 103.72)
[0000][PE] low and high boundaries for proper pairs: (1, 912)
[0000][PE] skip orientation FF
[0000][PE] skip orientation RF
[0000][PE] skip orientation RR
[0000] 3. Calling kt_for - worker_sam
[0000] read_chunk: 400000000, work_chunk_size: 400000092, nseq: 2799342
	[0000][ M::kt_pipeline] read 2799342 sequences (400000092 bp)...
	[0000][ M::mem_process_seqs] Processed 2799550 reads in 399.031 CPU sec, 11.376 real sec
[0000] Calling mem_process_seqs.., task: 21
[0000] 1. Calling kt_for - worker_bwt
[0000] 2. Calling kt_for - worker_aln
[0000] Inferring insert size distribution of PE reads from data, l_pac: 656111652, n: 2799342
[0000][PE] # candidate unique pairs for (FF, FR, RF, RR): (72, 1144561, 97, 78)
[0000][PE] analyzing insert size distribution for orientation FF...
[0000][PE] (25, 50, 75) percentile: (144, 210, 316)
[0000][PE] low and high boundaries for computing mean and std.dev: (1, 660)
[0000][PE] mean and std.dev: (197.26, 91.85)
[0000][PE] low and high boundaries for proper pairs: (1, 832)
[0000][PE] analyzing insert size distribution for orientation FR...
[0000][PE] (25, 50, 75) percentile: (234, 281, 321)
[0000][PE] low and high boundaries for computing mean and std.dev: (60, 495)
[0000][PE] mean and std.dev: (270.16, 71.53)
[0000][PE] low and high boundaries for proper pairs: (1, 582)
[0000][PE] analyzing insert size distribution for orientation RF...
[0000][PE] (25, 50, 75) percentile: (726, 3435, 5956)
[0000][PE] low and high boundaries for computing mean and std.dev: (1, 16416)
[0000][PE] mean and std.dev: (3700.30, 2991.59)
[0000][PE] low and high boundaries for proper pairs: (1, 21646)
[0000][PE] analyzing insert size distribution for orientation RR...
[0000][PE] (25, 50, 75) percentile: (151, 212, 341)
[0000][PE] low and high boundaries for computing mean and std.dev: (1, 721)
[0000][PE] mean and std.dev: (240.74, 155.01)
[0000][PE] low and high boundaries for proper pairs: (1, 911)
[0000][PE] skip orientation FF
[0000][PE] skip orientation RF
[0000][PE] skip orientation RR
[0000] 3. Calling kt_for - worker_sam
	[0000][ M::mem_process_seqs] Processed 2799342 reads in 393.277 CPU sec, 11.397 real sec
[0000] read_chunk: 400000000, work_chunk_size: 400000103, nseq: 2795474
	[0000][ M::kt_pipeline] read 2795474 sequences (400000103 bp)...
[0000] Calling mem_process_seqs.., task: 22
[0000] 1. Calling kt_for - worker_bwt
[0000] 2. Calling kt_for - worker_aln
[0000] Inferring insert size distribution of PE reads from data, l_pac: 656111652, n: 2795474
[0000][PE] # candidate unique pairs for (FF, FR, RF, RR): (86, 1095868, 120, 62)
[0000][PE] analyzing insert size distribution for orientation FF...
[0000][PE] (25, 50, 75) percentile: (143, 200, 335)
[0000][PE] low and high boundaries for computing mean and std.dev: (1, 719)
[0000][PE] mean and std.dev: (197.21, 116.25)
[0000][PE] low and high boundaries for proper pairs: (1, 911)
[0000][PE] analyzing insert size distribution for orientation FR...
[0000][PE] (25, 50, 75) percentile: (234, 281, 321)
[0000][PE] low and high boundaries for computing mean and std.dev: (60, 495)
[0000][PE] mean and std.dev: (270.17, 71.49)
[0000][PE] low and high boundaries for proper pairs: (1, 582)
[0000][PE] analyzing insert size distribution for orientation RF...
[0000][PE] (25, 50, 75) percentile: (535, 2153, 6120)
[0000][PE] low and high boundaries for computing mean and std.dev: (1, 17290)
[0000][PE] mean and std.dev: (3331.88, 3177.06)
[0000][PE] low and high boundaries for proper pairs: (1, 22875)
[0000][PE] analyzing insert size distribution for orientation RR...
[0000][PE] (25, 50, 75) percentile: (165, 217, 428)
[0000][PE] low and high boundaries for computing mean and std.dev: (1, 954)
[0000][PE] mean and std.dev: (241.94, 165.97)
[0000][PE] low and high boundaries for proper pairs: (1, 1217)
[0000][PE] skip orientation FF
[0000][PE] skip orientation RF
[0000][PE] skip orientation RR
[0000] 3. Calling kt_for - worker_sam
[0000] read_chunk: 400000000, work_chunk_size: 400000069, nseq: 2800858
	[0000][ M::kt_pipeline] read 2800858 sequences (400000069 bp)...
	[0000][ M::mem_process_seqs] Processed 2795474 reads in 500.156 CPU sec, 15.031 real sec
[0000] Calling mem_process_seqs.., task: 23
[0000] 1. Calling kt_for - worker_bwt
[0000] 2. Calling kt_for - worker_aln
[0000] Inferring insert size distribution of PE reads from data, l_pac: 656111652, n: 2800858
[0000][PE] # candidate unique pairs for (FF, FR, RF, RR): (103, 1147734, 113, 81)
[0000][PE] analyzing insert size distribution for orientation FF...
[0000][PE] (25, 50, 75) percentile: (142, 212, 1152)
[0000][PE] low and high boundaries for computing mean and std.dev: (1, 3172)
[0000][PE] mean and std.dev: (287.64, 322.42)
[0000][PE] low and high boundaries for proper pairs: (1, 4182)
[0000][PE] analyzing insert size distribution for orientation FR...
[0000][PE] (25, 50, 75) percentile: (234, 281, 321)
[0000][PE] low and high boundaries for computing mean and std.dev: (60, 495)
[0000][PE] mean and std.dev: (270.12, 71.62)
[0000][PE] low and high boundaries for proper pairs: (1, 582)
[0000][PE] analyzing insert size distribution for orientation RF...
[0000][PE] (25, 50, 75) percentile: (592, 2985, 7063)
[0000][PE] low and high boundaries for computing mean and std.dev: (1, 20005)
[0000][PE] mean and std.dev: (3879.46, 3291.47)
[0000][PE] low and high boundaries for proper pairs: (1, 26476)
[0000][PE] analyzing insert size distribution for orientation RR...
[0000][PE] (25, 50, 75) percentile: (139, 226, 623)
[0000][PE] low and high boundaries for computing mean and std.dev: (1, 1591)
[0000][PE] mean and std.dev: (263.35, 235.85)
[0000][PE] low and high boundaries for proper pairs: (1, 2075)
[0000][PE] skip orientation FF
[0000][PE] skip orientation RF
[0000][PE] skip orientation RR
[0000] 3. Calling kt_for - worker_sam
	[0000][ M::mem_process_seqs] Processed 2800858 reads in 398.862 CPU sec, 18.806 real sec
[0000] read_chunk: 400000000, work_chunk_size: 400000203, nseq: 2799210
	[0000][ M::kt_pipeline] read 2799210 sequences (400000203 bp)...
[0000] Calling mem_process_seqs.., task: 24
[0000] 1. Calling kt_for - worker_bwt
[0000] 2. Calling kt_for - worker_aln
[0000] Inferring insert size distribution of PE reads from data, l_pac: 656111652, n: 2799210
[0000][PE] # candidate unique pairs for (FF, FR, RF, RR): (72, 1137924, 124, 85)
[0000][PE] analyzing insert size distribution for orientation FF...
[0000][PE] (25, 50, 75) percentile: (132, 206, 286)
[0000][PE] low and high boundaries for computing mean and std.dev: (1, 594)
[0000][PE] mean and std.dev: (176.56, 79.33)
[0000][PE] low and high boundaries for proper pairs: (1, 748)
[0000][PE] analyzing insert size distribution for orientation FR...
[0000][PE] (25, 50, 75) percentile: (234, 281, 321)
[0000][PE] low and high boundaries for computing mean and std.dev: (60, 495)
[0000][PE] mean and std.dev: (270.16, 71.52)
[0000][PE] low and high boundaries for proper pairs: (1, 582)
[0000][PE] analyzing insert size distribution for orientation RF...
[0000][PE] (25, 50, 75) percentile: (483, 1729, 5525)
[0000][PE] low and high boundaries for computing mean and std.dev: (1, 15609)
[0000][PE] mean and std.dev: (3143.31, 3194.88)
[0000][PE] low and high boundaries for proper pairs: (1, 20651)
[0000][PE] analyzing insert size distribution for orientation RR...
[0000][PE] (25, 50, 75) percentile: (127, 208, 273)
[0000][PE] low and high boundaries for computing mean and std.dev: (1, 565)
[0000][PE] mean and std.dev: (194.52, 101.26)
[0000][PE] low and high boundaries for proper pairs: (1, 711)
[0000][PE] skip orientation FF
[0000][PE] skip orientation RF
[0000][PE] skip orientation RR
[0000] 3. Calling kt_for - worker_sam
[0000] read_chunk: 400000000, work_chunk_size: 400000183, nseq: 2799446
	[0000][ M::kt_pipeline] read 2799446 sequences (400000183 bp)...
	[0000][ M::mem_process_seqs] Processed 2799210 reads in 413.799 CPU sec, 12.447 real sec
[0000] Calling mem_process_seqs.., task: 25
[0000] 1. Calling kt_for - worker_bwt
[0000] 2. Calling kt_for - worker_aln
[0000] Inferring insert size distribution of PE reads from data, l_pac: 656111652, n: 2799446
[0000][PE] # candidate unique pairs for (FF, FR, RF, RR): (78, 1135932, 120, 65)
[0000][PE] analyzing insert size distribution for orientation FF...
[0000][PE] (25, 50, 75) percentile: (132, 187, 359)
[0000][PE] low and high boundaries for computing mean and std.dev: (1, 813)
[0000][PE] mean and std.dev: (195.81, 133.73)
[0000][PE] low and high boundaries for proper pairs: (1, 1040)
[0000][PE] analyzing insert size distribution for orientation FR...
[0000][PE] (25, 50, 75) percentile: (234, 281, 321)
[0000][PE] low and high boundaries for computing mean and std.dev: (60, 495)
[0000][PE] mean and std.dev: (270.31, 71.44)
[0000][PE] low and high boundaries for proper pairs: (1, 582)
[0000][PE] analyzing insert size distribution for orientation RF...
[0000][PE] (25, 50, 75) percentile: (1311, 3875, 6710)
[0000][PE] low and high boundaries for computing mean and std.dev: (1, 17508)
[0000][PE] mean and std.dev: (3982.31, 3048.97)
[0000][PE] low and high boundaries for proper pairs: (1, 22907)
[0000][PE] analyzing insert size distribution for orientation RR...
[0000][PE] (25, 50, 75) percentile: (158, 204, 600)
[0000][PE] low and high boundaries for computing mean and std.dev: (1, 1484)
[0000][PE] mean and std.dev: (247.43, 232.42)
[0000][PE] low and high boundaries for proper pairs: (1, 1926)
[0000][PE] skip orientation FF
[0000][PE] skip orientation RF
[0000][PE] skip orientation RR
[0000] 3. Calling kt_for - worker_sam
	[0000][ M::mem_process_seqs] Processed 2799446 reads in 417.251 CPU sec, 12.165 real sec
[0000] read_chunk: 400000000, work_chunk_size: 400000183, nseq: 2799634
	[0000][ M::kt_pipeline] read 2799634 sequences (400000183 bp)...
[0000] Calling mem_process_seqs.., task: 26
[0000] 1. Calling kt_for - worker_bwt
[0000] 2. Calling kt_for - worker_aln
[0000] Inferring insert size distribution of PE reads from data, l_pac: 656111652, n: 2799634
[0000][PE] # candidate unique pairs for (FF, FR, RF, RR): (98, 1136447, 107, 83)
[0000][PE] analyzing insert size distribution for orientation FF...
[0000][PE] (25, 50, 75) percentile: (143, 193, 275)
[0000][PE] low and high boundaries for computing mean and std.dev: (1, 539)
[0000][PE] mean and std.dev: (185.52, 85.16)
[0000][PE] low and high boundaries for proper pairs: (1, 671)
[0000][PE] analyzing insert size distribution for orientation FR...
[0000][PE] (25, 50, 75) percentile: (234, 281, 322)
[0000][PE] low and high boundaries for computing mean and std.dev: (58, 498)
[0000][PE] mean and std.dev: (269.85, 71.97)
[0000][PE] low and high boundaries for proper pairs: (1, 586)
[0000][PE] analyzing insert size distribution for orientation RF...
[0000][PE] (25, 50, 75) percentile: (388, 2826, 7214)
[0000][PE] low and high boundaries for computing mean and std.dev: (1, 20866)
[0000][PE] mean and std.dev: (3976.14, 3531.65)
[0000][PE] low and high boundaries for proper pairs: (1, 27692)
[0000][PE] analyzing insert size distribution for orientation RR...
[0000][PE] (25, 50, 75) percentile: (155, 199, 283)
[0000][PE] low and high boundaries for computing mean and std.dev: (1, 539)
[0000][PE] mean and std.dev: (186.38, 77.52)
[0000][PE] low and high boundaries for proper pairs: (1, 667)
[0000][PE] skip orientation FF
[0000][PE] skip orientation RF
[0000][PE] skip orientation RR
[0000] 3. Calling kt_for - worker_sam
[0000] read_chunk: 400000000, work_chunk_size: 400000278, nseq: 2794904
	[0000][ M::kt_pipeline] read 2794904 sequences (400000278 bp)...
	[0000][ M::mem_process_seqs] Processed 2799634 reads in 427.865 CPU sec, 12.286 real sec
[0000] Calling mem_process_seqs.., task: 27
[0000] 1. Calling kt_for - worker_bwt
[0000] 2. Calling kt_for - worker_aln
[0000] Inferring insert size distribution of PE reads from data, l_pac: 656111652, n: 2794904
[0000][PE] # candidate unique pairs for (FF, FR, RF, RR): (76, 1097206, 115, 57)
[0000][PE] analyzing insert size distribution for orientation FF...
[0000][PE] (25, 50, 75) percentile: (172, 240, 788)
[0000][PE] low and high boundaries for computing mean and std.dev: (1, 2020)
[0000][PE] mean and std.dev: (290.77, 273.29)
[0000][PE] low and high boundaries for proper pairs: (1, 2636)
[0000][PE] analyzing insert size distribution for orientation FR...
[0000][PE] (25, 50, 75) percentile: (234, 281, 321)
[0000][PE] low and high boundaries for computing mean and std.dev: (60, 495)
[0000][PE] mean and std.dev: (270.18, 71.51)
[0000][PE] low and high boundaries for proper pairs: (1, 582)
[0000][PE] analyzing insert size distribution for orientation RF...
[0000][PE] (25, 50, 75) percentile: (275, 2269, 5681)
[0000][PE] low and high boundaries for computing mean and std.dev: (1, 16493)
[0000][PE] mean and std.dev: (3232.51, 3081.02)
[0000][PE] low and high boundaries for proper pairs: (1, 21899)
[0000][PE] analyzing insert size distribution for orientation RR...
[0000][PE] (25, 50, 75) percentile: (130, 199, 326)
[0000][PE] low and high boundaries for computing mean and std.dev: (1, 718)
[0000][PE] mean and std.dev: (196.77, 92.42)
[0000][PE] low and high boundaries for proper pairs: (1, 914)
[0000][PE] skip orientation FF
[0000][PE] skip orientation RF
[0000][PE] skip orientation RR
[0000] 3. Calling kt_for - worker_sam
[0000] read_chunk: 400000000, work_chunk_size: 400000047, nseq: 2798914
	[0000][ M::kt_pipeline] read 2798914 sequences (400000047 bp)...
	[0000][ M::mem_process_seqs] Processed 2794904 reads in 508.250 CPU sec, 15.044 real sec
[0000] Calling mem_process_seqs.., task: 28
[0000] 1. Calling kt_for - worker_bwt
[0000] 2. Calling kt_for - worker_aln
[0000] Inferring insert size distribution of PE reads from data, l_pac: 656111652, n: 2798914
[0000][PE] # candidate unique pairs for (FF, FR, RF, RR): (82, 1134707, 98, 60)
[0000][PE] analyzing insert size distribution for orientation FF...
[0000][PE] (25, 50, 75) percentile: (124, 179, 227)
[0000][PE] low and high boundaries for computing mean and std.dev: (1, 433)
[0000][PE] mean and std.dev: (175.74, 74.01)
[0000][PE] low and high boundaries for proper pairs: (1, 536)
[0000][PE] analyzing insert size distribution for orientation FR...
[0000][PE] (25, 50, 75) percentile: (234, 281, 322)
[0000][PE] low and high boundaries for computing mean and std.dev: (58, 498)
[0000][PE] mean and std.dev: (269.99, 71.93)
[0000][PE] low and high boundaries for proper pairs: (1, 586)
[0000][PE] analyzing insert size distribution for orientation RF...
[0000][PE] (25, 50, 75) percentile: (701, 2624, 4863)
[0000][PE] low and high boundaries for computing mean and std.dev: (1, 13187)
[0000][PE] mean and std.dev: (3184.69, 2818.20)
[0000][PE] low and high boundaries for proper pairs: (1, 17349)
[0000][PE] analyzing insert size distribution for orientation RR...
[0000][PE] (25, 50, 75) percentile: (113, 198, 427)
[0000][PE] low and high boundaries for computing mean and std.dev: (1, 1055)
[0000][PE] mean and std.dev: (167.57, 98.45)
[0000][PE] low and high boundaries for proper pairs: (1, 1369)
[0000][PE] skip orientation FF
[0000][PE] skip orientation RF
[0000][PE] skip orientation RR
[0000] 3. Calling kt_for - worker_sam
	[0000][ M::mem_process_seqs] Processed 2798914 reads in 462.610 CPU sec, 13.258 real sec
[0000] read_chunk: 400000000, work_chunk_size: 400000291, nseq: 2800196
	[0000][ M::kt_pipeline] read 2800196 sequences (400000291 bp)...
[0000] Calling mem_process_seqs.., task: 29
[0000] 1. Calling kt_for - worker_bwt
[0000] 2. Calling kt_for - worker_aln
[0000] Inferring insert size distribution of PE reads from data, l_pac: 656111652, n: 2800196
[0000][PE] # candidate unique pairs for (FF, FR, RF, RR): (70, 1151961, 98, 77)
[0000][PE] analyzing insert size distribution for orientation FF...
[0000][PE] (25, 50, 75) percentile: (124, 197, 267)
[0000][PE] low and high boundaries for computing mean and std.dev: (1, 553)
[0000][PE] mean and std.dev: (171.71, 77.20)
[0000][PE] low and high boundaries for proper pairs: (1, 696)
[0000][PE] analyzing insert size distribution for orientation FR...
[0000][PE] (25, 50, 75) percentile: (234, 281, 321)
[0000][PE] low and high boundaries for computing mean and std.dev: (60, 495)
[0000][PE] mean and std.dev: (270.16, 71.53)
[0000][PE] low and high boundaries for proper pairs: (1, 582)
[0000][PE] analyzing insert size distribution for orientation RF...
[0000][PE] (25, 50, 75) percentile: (434, 1717, 6017)
[0000][PE] low and high boundaries for computing mean and std.dev: (1, 17183)
[0000][PE] mean and std.dev: (3296.78, 3185.23)
[0000][PE] low and high boundaries for proper pairs: (1, 22766)
[0000][PE] analyzing insert size distribution for orientation RR...
[0000][PE] (25, 50, 75) percentile: (148, 211, 377)
[0000][PE] low and high boundaries for computing mean and std.dev: (1, 835)
[0000][PE] mean and std.dev: (209.18, 109.75)
[0000][PE] low and high boundaries for proper pairs: (1, 1064)
[0000][PE] skip orientation FF
[0000][PE] skip orientation RF
[0000][PE] skip orientation RR
[0000] 3. Calling kt_for - worker_sam
	[0000][ M::mem_process_seqs] Processed 2800196 reads in 383.873 CPU sec, 10.469 real sec
[0000] read_chunk: 400000000, work_chunk_size: 400000262, nseq: 2799960
	[0000][ M::kt_pipeline] read 2799960 sequences (400000262 bp)...
[0000] Calling mem_process_seqs.., task: 30
[0000] 1. Calling kt_for - worker_bwt
[0000] 2. Calling kt_for - worker_aln
[0000] Inferring insert size distribution of PE reads from data, l_pac: 656111652, n: 2799960
[0000][PE] # candidate unique pairs for (FF, FR, RF, RR): (88, 1146637, 105, 61)
[0000][PE] analyzing insert size distribution for orientation FF...
[0000][PE] (25, 50, 75) percentile: (126, 178, 271)
[0000][PE] low and high boundaries for computing mean and std.dev: (1, 561)
[0000][PE] mean and std.dev: (194.32, 105.48)
[0000][PE] low and high boundaries for proper pairs: (1, 706)
[0000][PE] analyzing insert size distribution for orientation FR...
[0000][PE] (25, 50, 75) percentile: (234, 281, 321)
[0000][PE] low and high boundaries for computing mean and std.dev: (60, 495)
[0000][PE] mean and std.dev: (270.11, 71.56)
[0000][PE] low and high boundaries for proper pairs: (1, 582)
[0000][PE] analyzing insert size distribution for orientation RF...
[0000][PE] (25, 50, 75) percentile: (1128, 2727, 6656)
[0000][PE] low and high boundaries for computing mean and std.dev: (1, 17712)
[0000][PE] mean and std.dev: (3676.17, 3020.39)
[0000][PE] low and high boundaries for proper pairs: (1, 23240)
[0000][PE] analyzing insert size distribution for orientation RR...
[0000][PE] (25, 50, 75) percentile: (153, 204, 1034)
[0000][PE] low and high boundaries for computing mean and std.dev: (1, 2796)
[0000][PE] mean and std.dev: (454.47, 572.87)
[0000][PE] low and high boundaries for proper pairs: (1, 3677)
[0000][PE] skip orientation FF
[0000][PE] skip orientation RF
[0000][PE] skip orientation RR
[0000] 3. Calling kt_for - worker_sam
	[0000][ M::mem_process_seqs] Processed 2799960 reads in 390.858 CPU sec, 10.921 real sec
[0000] read_chunk: 400000000, work_chunk_size: 400000034, nseq: 2800258
	[0000][ M::kt_pipeline] read 2800258 sequences (400000034 bp)...
[0000] Calling mem_process_seqs.., task: 31
[0000] 1. Calling kt_for - worker_bwt
[0000] 2. Calling kt_for - worker_aln
[0000] Inferring insert size distribution of PE reads from data, l_pac: 656111652, n: 2800258
[0000][PE] # candidate unique pairs for (FF, FR, RF, RR): (85, 1150461, 108, 90)
[0000][PE] analyzing insert size distribution for orientation FF...
[0000][PE] (25, 50, 75) percentile: (131, 180, 422)
[0000][PE] low and high boundaries for computing mean and std.dev: (1, 1004)
[0000][PE] mean and std.dev: (206.18, 160.84)
[0000][PE] low and high boundaries for proper pairs: (1, 1295)
[0000][PE] analyzing insert size distribution for orientation FR...
[0000][PE] (25, 50, 75) percentile: (234, 281, 322)
[0000][PE] low and high boundaries for computing mean and std.dev: (58, 498)
[0000][PE] mean and std.dev: (269.92, 71.96)
[0000][PE] low and high boundaries for proper pairs: (1, 586)
[0000][PE] analyzing insert size distribution for orientation RF...
[0000][PE] (25, 50, 75) percentile: (283, 1923, 6153)
[0000][PE] low and high boundaries for computing mean and std.dev: (1, 17893)
[0000][PE] mean and std.dev: (3251.32, 3194.62)
[0000][PE] low and high boundaries for proper pairs: (1, 23763)
[0000][PE] analyzing insert size distribution for orientation RR...
[0000][PE] (25, 50, 75) percentile: (166, 217, 750)
[0000][PE] low and high boundaries for computing mean and std.dev: (1, 1918)
[0000][PE] mean and std.dev: (267.08, 288.29)
[0000][PE] low and high boundaries for proper pairs: (1, 2502)
[0000][PE] skip orientation FF
[0000][PE] skip orientation RF
[0000][PE] skip orientation RR
[0000] 3. Calling kt_for - worker_sam
	[0000][ M::mem_process_seqs] Processed 2800258 reads in 387.201 CPU sec, 11.295 real sec
[0000] read_chunk: 400000000, work_chunk_size: 400000252, nseq: 2796308
	[0000][ M::kt_pipeline] read 2796308 sequences (400000252 bp)...
[0000] Calling mem_process_seqs.., task: 32
[0000] 1. Calling kt_for - worker_bwt
[0000] 2. Calling kt_for - worker_aln
[0000] Inferring insert size distribution of PE reads from data, l_pac: 656111652, n: 2796308
[0000][PE] # candidate unique pairs for (FF, FR, RF, RR): (81, 1111931, 90, 73)
[0000][PE] analyzing insert size distribution for orientation FF...
[0000][PE] (25, 50, 75) percentile: (136, 194, 282)
[0000][PE] low and high boundaries for computing mean and std.dev: (1, 574)
[0000][PE] mean and std.dev: (191.56, 97.55)
[0000][PE] low and high boundaries for proper pairs: (1, 720)
[0000][PE] analyzing insert size distribution for orientation FR...
[0000][PE] (25, 50, 75) percentile: (234, 281, 321)
[0000][PE] low and high boundaries for computing mean and std.dev: (60, 495)
[0000][PE] mean and std.dev: (270.23, 71.49)
[0000][PE] low and high boundaries for proper pairs: (1, 582)
[0000][PE] analyzing insert size distribution for orientation RF...
[0000][PE] (25, 50, 75) percentile: (1112, 3875, 7035)
[0000][PE] low and high boundaries for computing mean and std.dev: (1, 18881)
[0000][PE] mean and std.dev: (4121.62, 3248.12)
[0000][PE] low and high boundaries for proper pairs: (1, 24804)
[0000][PE] analyzing insert size distribution for orientation RR...
[0000][PE] (25, 50, 75) percentile: (153, 208, 521)
[0000][PE] low and high boundaries for computing mean and std.dev: (1, 1257)
[0000][PE] mean and std.dev: (233.58, 199.33)
[0000][PE] low and high boundaries for proper pairs: (1, 1625)
[0000][PE] skip orientation FF
[0000][PE] skip orientation RF
[0000][PE] skip orientation RR
[0000] 3. Calling kt_for - worker_sam
[0000] read_chunk: 400000000, work_chunk_size: 400000128, nseq: 2799696
	[0000][ M::kt_pipeline] read 2799696 sequences (400000128 bp)...
	[0000][ M::mem_process_seqs] Processed 2796308 reads in 474.359 CPU sec, 12.787 real sec
[0000] Calling mem_process_seqs.., task: 33
[0000] 1. Calling kt_for - worker_bwt
[0000] 2. Calling kt_for - worker_aln
[0000] Inferring insert size distribution of PE reads from data, l_pac: 656111652, n: 2799696
[0000][PE] # candidate unique pairs for (FF, FR, RF, RR): (94, 1151347, 115, 61)
[0000][PE] analyzing insert size distribution for orientation FF...
[0000][PE] (25, 50, 75) percentile: (147, 228, 1435)
[0000][PE] low and high boundaries for computing mean and std.dev: (1, 4011)
[0000][PE] mean and std.dev: (466.81, 738.36)
[0000][PE] low and high boundaries for proper pairs: (1, 5299)
[0000][PE] analyzing insert size distribution for orientation FR...
[0000][PE] (25, 50, 75) percentile: (234, 281, 321)
[0000][PE] low and high boundaries for computing mean and std.dev: (60, 495)
[0000][PE] mean and std.dev: (270.20, 71.44)
[0000][PE] low and high boundaries for proper pairs: (1, 582)
[0000][PE] analyzing insert size distribution for orientation RF...
[0000][PE] (25, 50, 75) percentile: (548, 1907, 4232)
[0000][PE] low and high boundaries for computing mean and std.dev: (1, 11600)
[0000][PE] mean and std.dev: (2734.06, 2672.11)
[0000][PE] low and high boundaries for proper pairs: (1, 15284)
[0000][PE] analyzing insert size distribution for orientation RR...
[0000][PE] (25, 50, 75) percentile: (164, 211, 1276)
[0000][PE] low and high boundaries for computing mean and std.dev: (1, 3500)
[0000][PE] mean and std.dev: (456.26, 582.38)
[0000][PE] low and high boundaries for proper pairs: (1, 4612)
[0000][PE] skip orientation FF
[0000][PE] skip orientation RF
[0000][PE] skip orientation RR
[0000] 3. Calling kt_for - worker_sam
	[0000][ M::mem_process_seqs] Processed 2799696 reads in 393.502 CPU sec, 11.363 real sec
[0000] read_chunk: 400000000, work_chunk_size: 373121275, nseq: 2612710
	[0000][ M::kt_pipeline] read 2612710 sequences (373121275 bp)...
[0000] Calling mem_process_seqs.., task: 34
[0000] 1. Calling kt_for - worker_bwt
[0000] 2. Calling kt_for - worker_aln
[0000] read_chunk: 400000000, work_chunk_size: 0, nseq: 0
[0000] Inferring insert size distribution of PE reads from data, l_pac: 656111652, n: 2612710
[0000][PE] # candidate unique pairs for (FF, FR, RF, RR): (82, 1080127, 100, 55)
[0000][PE] analyzing insert size distribution for orientation FF...
[0000][PE] (25, 50, 75) percentile: (111, 193, 310)
[0000][PE] low and high boundaries for computing mean and std.dev: (1, 708)
[0000][PE] mean and std.dev: (178.83, 93.42)
[0000][PE] low and high boundaries for proper pairs: (1, 907)
[0000][PE] analyzing insert size distribution for orientation FR...
[0000][PE] (25, 50, 75) percentile: (234, 281, 321)
[0000][PE] low and high boundaries for computing mean and std.dev: (60, 495)
[0000][PE] mean and std.dev: (270.23, 71.54)
[0000][PE] low and high boundaries for proper pairs: (1, 582)
[0000][PE] analyzing insert size distribution for orientation RF...
[0000][PE] (25, 50, 75) percentile: (377, 2742, 6622)
[0000][PE] low and high boundaries for computing mean and std.dev: (1, 19112)
[0000][PE] mean and std.dev: (3511.75, 3193.79)
[0000][PE] low and high boundaries for proper pairs: (1, 25357)
[0000][PE] analyzing insert size distribution for orientation RR...
[0000][PE] (25, 50, 75) percentile: (151, 202, 529)
[0000][PE] low and high boundaries for computing mean and std.dev: (1, 1285)
[0000][PE] mean and std.dev: (275.98, 239.65)
[0000][PE] low and high boundaries for proper pairs: (1, 1663)
[0000][PE] skip orientation FF
[0000][PE] skip orientation RF
[0000][PE] skip orientation RR
[0000] 3. Calling kt_for - worker_sam
	[0000][ M::mem_process_seqs] Processed 2612710 reads in 335.014 CPU sec, 9.471 real sec
[0000] read_chunk: 400000000, work_chunk_size: 0, nseq: 0
[0000] Computation ends..
No. of OMP threads: 40
Processor is running @2394.719844 MHz
Runtime profile:

	Time taken for main_mem function: 863.56 sec

	IO times (sec) :
	Reading IO time (reads) avg: 346.67, (346.67, 346.67)
	Writing IO time (SAM) avg: 220.24, (220.24, 220.24)
	Reading IO time (Reference Genome) avg: 0.60, (0.60, 0.60)
	Index read time avg: 0.13, (0.13, 0.13)

	Overall time (sec) (Excluding Index reading time):
	PROCESS() (Total compute time + (read + SAM) IO time) : 862.83
	MEM_PROCESS_SEQ() (Total compute time (Kernel + SAM)), avg: 438.43, (438.43, 438.43)

	 SAM Processing time (sec):
	--WORKER_SAM avg: 183.07, (183.07, 183.07)

	Kernels' compute time (sec):
	Total kernel (smem+sal+bsw) time avg: 244.30, (244.30, 244.30)
		MEM_ALN_CHAIN_FLT avg: 0.00, (0.00, 0.00)
		MEM_ALN_CHAIN_SEED avg: 0.00, (0.00, 0.00)
		ERT_SEED_CHAIN avg: 0.00, (0.00, 0.00)
	LEARNED_SEED_CHAIN avg: 91.28, (91.64, 90.84)
		SMEM compute avg: 0.00, (0.00, 0.00)
		SAL compute avg: 0.00, (0.00, 0.00)
				MEM_SA avg: 0.00, (0.00, 0.00)

		BSW time, avg: 142.15, (142.94, 141.21)

Important parameter settings: 
	BATCH_SIZE: 512
	MAX_SEQ_LEN_REF: 256
	MAX_SEQ_LEN_QER: 128
	MAX_SEQ_LEN8: 128
	SEEDS_PER_READ: 500
	SIMD_WIDTH8 X: 64
	SIMD_WIDTH16 X: 32
	AVG_SEEDS_PER_READ: 64
