Looking to launch executable "/opt/conda/bin/bwa-meme_mode3.avx512bw", simd = _mode3.avx512bw
Launching executable "/opt/conda/bin/bwa-meme_mode3.avx512bw"
-----------------------------
Executing in AVX512 mode!!
-----------------------------
* SA compression enabled with xfactor: 8
* Ref file: reference.902362185.genome.fasta
* Entering FMI_search
Reading other elements of the index from files reference.902362185.genome.fasta
* Index prefix: reference.902362185.genome.fasta
* Read 0 ALT contigs
* Reading reference genome..
* Binary seq file = reference.902362185.genome.fasta.0123
* Reference genome size: 1312223304 bp
* Done reading reference genome !!

------------------------------------------
1. Memory pre-allocation for Chaining: 5679.4903 MB
2. Memory pre-allocation for BSW: 9584.6810 MB
[M::memoryAllocLearned::MEME] Reading Learned-index models into memory
[Learned-Config] MODE:3 SEARCH_METHOD: 1 MEM_TRADEOFF:1 EXPONENTIAL_SMEMSEARCH: 1 DEBUG_MODE:0 Num 2nd Models:268435456 PWL Bits Used:28
[M::memoryAllocLearned::MEME] Loading RMI model and Pac reference file took 9.486 sec
[M::memoryAllocLearned::MEME] Reading suffix array into memory
[M::memoryAllocLearned::MEME] Loading pos_packed file took 13.832 sec
[M::memoryAllocLearned::MEME] Generating SA, 64-bit Suffix and ISA in memory
[M::memoryAllocLearned::MEME] Runtime-build-index took 13.142 sec
3. Memory pre-allocation for BWT: 7204.5072 MB
------------------------------------------
* Threads used (compute): 40
* No. of pipeline threads: 2

[0000] read_chunk: 400000000, work_chunk_size: 400000156, nseq: 2778844
	[0000][ M::kt_pipeline] read 2778844 sequences (400000156 bp)...
[0000] Reallocating initial memory allocations!!
[0000] Calling mem_process_seqs.., task: 0
[0000] 1. Calling kt_for - worker_bwt
[0000] 2. Calling kt_for - worker_aln
[0000] read_chunk: 400000000, work_chunk_size: 400000138, nseq: 2781144
	[0000][ M::kt_pipeline] read 2781144 sequences (400000138 bp)...
[0000] Inferring insert size distribution of PE reads from data, l_pac: 656111652, n: 2778844
[0000][PE] # candidate unique pairs for (FF, FR, RF, RR): (82, 1105973, 115, 91)
[0000][PE] analyzing insert size distribution for orientation FF...
[0000][PE] (25, 50, 75) percentile: (144, 227, 1479)
[0000][PE] low and high boundaries for computing mean and std.dev: (1, 4149)
[0000][PE] mean and std.dev: (681.64, 959.54)
[0000][PE] low and high boundaries for proper pairs: (1, 5484)
[0000][PE] analyzing insert size distribution for orientation FR...
[0000][PE] (25, 50, 75) percentile: (239, 284, 323)
[0000][PE] low and high boundaries for computing mean and std.dev: (71, 491)
[0000][PE] mean and std.dev: (275.68, 65.96)
[0000][PE] low and high boundaries for proper pairs: (1, 575)
[0000][PE] analyzing insert size distribution for orientation RF...
[0000][PE] (25, 50, 75) percentile: (359, 2738, 5875)
[0000][PE] low and high boundaries for computing mean and std.dev: (1, 16907)
[0000][PE] mean and std.dev: (3384.43, 3057.45)
[0000][PE] low and high boundaries for proper pairs: (1, 22423)
[0000][PE] analyzing insert size distribution for orientation RR...
[0000][PE] (25, 50, 75) percentile: (166, 246, 2873)
[0000][PE] low and high boundaries for computing mean and std.dev: (1, 8287)
[0000][PE] mean and std.dev: (1428.02, 2143.80)
[0000][PE] low and high boundaries for proper pairs: (1, 10994)
[0000][PE] skip orientation FF
[0000][PE] skip orientation RF
[0000][PE] skip orientation RR
[0000] 3. Calling kt_for - worker_sam
	[0000][ M::mem_process_seqs] Processed 2778844 reads in 455.048 CPU sec, 12.241 real sec
[0000] Reallocating initial memory allocations!!
[0000] Calling mem_process_seqs.., task: 1
[0000] 1. Calling kt_for - worker_bwt
[0000] 2. Calling kt_for - worker_aln
[0000] Inferring insert size distribution of PE reads from data, l_pac: 656111652, n: 2781144
[0000][PE] # candidate unique pairs for (FF, FR, RF, RR): (94, 1124413, 116, 101)
[0000][PE] analyzing insert size distribution for orientation FF...
[0000][PE] (25, 50, 75) percentile: (142, 214, 279)
[0000][PE] low and high boundaries for computing mean and std.dev: (1, 553)
[0000][PE] mean and std.dev: (185.86, 78.85)
[0000][PE] low and high boundaries for proper pairs: (1, 690)
[0000][PE] analyzing insert size distribution for orientation FR...
[0000][PE] (25, 50, 75) percentile: (239, 284, 323)
[0000][PE] low and high boundaries for computing mean and std.dev: (71, 491)
[0000][PE] mean and std.dev: (275.68, 65.88)
[0000][PE] low and high boundaries for proper pairs: (1, 575)
[0000][PE] analyzing insert size distribution for orientation RF...
[0000][PE] (25, 50, 75) percentile: (503, 3017, 6711)
[0000][PE] low and high boundaries for computing mean and std.dev: (1, 19127)
[0000][PE] mean and std.dev: (3706.23, 3296.32)
[0000][PE] low and high boundaries for proper pairs: (1, 25335)
[0000][PE] analyzing insert size distribution for orientation RR...
[0000][PE] (25, 50, 75) percentile: (154, 198, 393)
[0000][PE] low and high boundaries for computing mean and std.dev: (1, 871)
[0000][PE] mean and std.dev: (179.22, 83.00)
[0000][PE] low and high boundaries for proper pairs: (1, 1110)
[0000][PE] skip orientation FF
[0000][PE] skip orientation RF
[0000][PE] skip orientation RR
[0000] 3. Calling kt_for - worker_sam
[0000] read_chunk: 400000000, work_chunk_size: 400000063, nseq: 2778160
	[0000][ M::kt_pipeline] read 2778160 sequences (400000063 bp)...
	[0000][ M::mem_process_seqs] Processed 2781144 reads in 404.793 CPU sec, 11.094 real sec
[0000] Calling mem_process_seqs.., task: 2
[0000] 1. Calling kt_for - worker_bwt
[0000] 2. Calling kt_for - worker_aln
[0000] Inferring insert size distribution of PE reads from data, l_pac: 656111652, n: 2778160
[0000][PE] # candidate unique pairs for (FF, FR, RF, RR): (91, 1099166, 117, 79)
[0000][PE] analyzing insert size distribution for orientation FF...
[0000][PE] (25, 50, 75) percentile: (145, 206, 288)
[0000][PE] low and high boundaries for computing mean and std.dev: (1, 574)
[0000][PE] mean and std.dev: (181.19, 75.93)
[0000][PE] low and high boundaries for proper pairs: (1, 717)
[0000][PE] analyzing insert size distribution for orientation FR...
[0000][PE] (25, 50, 75) percentile: (239, 284, 323)
[0000][PE] low and high boundaries for computing mean and std.dev: (71, 491)
[0000][PE] mean and std.dev: (275.80, 65.95)
[0000][PE] low and high boundaries for proper pairs: (1, 575)
[0000][PE] analyzing insert size distribution for orientation RF...
[0000][PE] (25, 50, 75) percentile: (642, 2377, 6652)
[0000][PE] low and high boundaries for computing mean and std.dev: (1, 18672)
[0000][PE] mean and std.dev: (3547.10, 3201.31)
[0000][PE] low and high boundaries for proper pairs: (1, 24682)
[0000][PE] analyzing insert size distribution for orientation RR...
[0000][PE] (25, 50, 75) percentile: (176, 220, 562)
[0000][PE] low and high boundaries for computing mean and std.dev: (1, 1334)
[0000][PE] mean and std.dev: (296.90, 267.95)
[0000][PE] low and high boundaries for proper pairs: (1, 1720)
[0000][PE] skip orientation FF
[0000][PE] skip orientation RF
[0000][PE] skip orientation RR
[0000] 3. Calling kt_for - worker_sam
	[0000][ M::mem_process_seqs] Processed 2778160 reads in 463.529 CPU sec, 12.376 real sec
[0000] read_chunk: 400000000, work_chunk_size: 400000136, nseq: 2779568
	[0000][ M::kt_pipeline] read 2779568 sequences (400000136 bp)...
[0000] Calling mem_process_seqs.., task: 3
[0000] 1. Calling kt_for - worker_bwt
[0000] 2. Calling kt_for - worker_aln
[0000] Inferring insert size distribution of PE reads from data, l_pac: 656111652, n: 2779568
[0000][PE] # candidate unique pairs for (FF, FR, RF, RR): (115, 1113876, 134, 65)
[0000][PE] analyzing insert size distribution for orientation FF...
[0000][PE] (25, 50, 75) percentile: (137, 197, 732)
[0000][PE] low and high boundaries for computing mean and std.dev: (1, 1922)
[0000][PE] mean and std.dev: (240.28, 258.09)
[0000][PE] low and high boundaries for proper pairs: (1, 2517)
[0000][PE] analyzing insert size distribution for orientation FR...
[0000][PE] (25, 50, 75) percentile: (239, 284, 323)
[0000][PE] low and high boundaries for computing mean and std.dev: (71, 491)
[0000][PE] mean and std.dev: (275.76, 65.91)
[0000][PE] low and high boundaries for proper pairs: (1, 575)
[0000][PE] analyzing insert size distribution for orientation RF...
[0000][PE] (25, 50, 75) percentile: (381, 2432, 6384)
[0000][PE] low and high boundaries for computing mean and std.dev: (1, 18390)
[0000][PE] mean and std.dev: (3544.34, 3255.37)
[0000][PE] low and high boundaries for proper pairs: (1, 24393)
[0000][PE] analyzing insert size distribution for orientation RR...
[0000][PE] (25, 50, 75) percentile: (136, 193, 406)
[0000][PE] low and high boundaries for computing mean and std.dev: (1, 946)
[0000][PE] mean and std.dev: (205.47, 148.09)
[0000][PE] low and high boundaries for proper pairs: (1, 1216)
[0000][PE] skip orientation FF
[0000][PE] skip orientation RF
[0000][PE] skip orientation RR
[0000] 3. Calling kt_for - worker_sam
	[0000][ M::mem_process_seqs] Processed 2779568 reads in 445.745 CPU sec, 11.946 real sec
[0000] read_chunk: 400000000, work_chunk_size: 400000228, nseq: 2779762
	[0000][ M::kt_pipeline] read 2779762 sequences (400000228 bp)...
[0000] Calling mem_process_seqs.., task: 4
[0000] 1. Calling kt_for - worker_bwt
[0000] 2. Calling kt_for - worker_aln
[0000] Inferring insert size distribution of PE reads from data, l_pac: 656111652, n: 2779762
[0000][PE] # candidate unique pairs for (FF, FR, RF, RR): (103, 1117299, 114, 82)
[0000][PE] analyzing insert size distribution for orientation FF...
[0000][PE] (25, 50, 75) percentile: (142, 215, 742)
[0000][PE] low and high boundaries for computing mean and std.dev: (1, 1942)
[0000][PE] mean and std.dev: (302.79, 390.94)
[0000][PE] low and high boundaries for proper pairs: (1, 2542)
[0000][PE] analyzing insert size distribution for orientation FR...
[0000][PE] (25, 50, 75) percentile: (239, 284, 323)
[0000][PE] low and high boundaries for computing mean and std.dev: (71, 491)
[0000][PE] mean and std.dev: (275.90, 65.80)
[0000][PE] low and high boundaries for proper pairs: (1, 575)
[0000][PE] analyzing insert size distribution for orientation RF...
[0000][PE] (25, 50, 75) percentile: (1134, 3673, 7645)
[0000][PE] low and high boundaries for computing mean and std.dev: (1, 20667)
[0000][PE] mean and std.dev: (4351.66, 3415.28)
[0000][PE] low and high boundaries for proper pairs: (1, 27178)
[0000][PE] analyzing insert size distribution for orientation RR...
[0000][PE] (25, 50, 75) percentile: (174, 216, 1488)
[0000][PE] low and high boundaries for computing mean and std.dev: (1, 4116)
[0000][PE] mean and std.dev: (509.96, 888.97)
[0000][PE] low and high boundaries for proper pairs: (1, 5430)
[0000][PE] skip orientation FF
[0000][PE] skip orientation RF
[0000][PE] skip orientation RR
[0000] 3. Calling kt_for - worker_sam
	[0000][ M::mem_process_seqs] Processed 2779762 reads in 429.944 CPU sec, 11.801 real sec
[0000] read_chunk: 400000000, work_chunk_size: 400000128, nseq: 2781146
	[0000][ M::kt_pipeline] read 2781146 sequences (400000128 bp)...
[0000] Reallocating initial memory allocations!!
[0000] Calling mem_process_seqs.., task: 5
[0000] 1. Calling kt_for - worker_bwt
[0000] read_chunk: 400000000, work_chunk_size: 400000265, nseq: 2780396
	[0000][ M::kt_pipeline] read 2780396 sequences (400000265 bp)...
[0000] 2. Calling kt_for - worker_aln
[0000] Inferring insert size distribution of PE reads from data, l_pac: 656111652, n: 2781146
[0000][PE] # candidate unique pairs for (FF, FR, RF, RR): (91, 1117828, 119, 60)
[0000][PE] analyzing insert size distribution for orientation FF...
[0000][PE] (25, 50, 75) percentile: (142, 207, 264)
[0000][PE] low and high boundaries for computing mean and std.dev: (1, 508)
[0000][PE] mean and std.dev: (183.18, 80.45)
[0000][PE] low and high boundaries for proper pairs: (1, 630)
[0000][PE] analyzing insert size distribution for orientation FR...
[0000][PE] (25, 50, 75) percentile: (239, 284, 323)
[0000][PE] low and high boundaries for computing mean and std.dev: (71, 491)
[0000][PE] mean and std.dev: (275.65, 66.03)
[0000][PE] low and high boundaries for proper pairs: (1, 575)
[0000][PE] analyzing insert size distribution for orientation RF...
[0000][PE] (25, 50, 75) percentile: (571, 3146, 7622)
[0000][PE] low and high boundaries for computing mean and std.dev: (1, 21724)
[0000][PE] mean and std.dev: (3961.23, 3544.06)
[0000][PE] low and high boundaries for proper pairs: (1, 28775)
[0000][PE] analyzing insert size distribution for orientation RR...
[0000][PE] (25, 50, 75) percentile: (140, 178, 253)
[0000][PE] low and high boundaries for computing mean and std.dev: (1, 479)
[0000][PE] mean and std.dev: (186.56, 74.66)
[0000][PE] low and high boundaries for proper pairs: (1, 592)
[0000][PE] skip orientation FF
[0000][PE] skip orientation RF
[0000][PE] skip orientation RR
[0000] 3. Calling kt_for - worker_sam
	[0000][ M::mem_process_seqs] Processed 2781146 reads in 417.337 CPU sec, 11.998 real sec
[0000] Calling mem_process_seqs.., task: 6
[0000] 1. Calling kt_for - worker_bwt
[0000] 2. Calling kt_for - worker_aln
[0000] Inferring insert size distribution of PE reads from data, l_pac: 656111652, n: 2780396
[0000][PE] # candidate unique pairs for (FF, FR, RF, RR): (93, 1111544, 119, 80)
[0000][PE] analyzing insert size distribution for orientation FF...
[0000][PE] (25, 50, 75) percentile: (116, 174, 259)
[0000][PE] low and high boundaries for computing mean and std.dev: (1, 545)
[0000][PE] mean and std.dev: (173.24, 88.57)
[0000][PE] low and high boundaries for proper pairs: (1, 688)
[0000][PE] analyzing insert size distribution for orientation FR...
[0000][PE] (25, 50, 75) percentile: (239, 284, 323)
[0000][PE] low and high boundaries for computing mean and std.dev: (71, 491)
[0000][PE] mean and std.dev: (275.71, 66.00)
[0000][PE] low and high boundaries for proper pairs: (1, 575)
[0000][PE] analyzing insert size distribution for orientation RF...
[0000][PE] (25, 50, 75) percentile: (550, 2206, 5331)
[0000][PE] low and high boundaries for computing mean and std.dev: (1, 14893)
[0000][PE] mean and std.dev: (3217.13, 3052.25)
[0000][PE] low and high boundaries for proper pairs: (1, 19674)
[0000][PE] analyzing insert size distribution for orientation RR...
[0000][PE] (25, 50, 75) percentile: (170, 239, 439)
[0000][PE] low and high boundaries for computing mean and std.dev: (1, 977)
[0000][PE] mean and std.dev: (241.48, 178.83)
[0000][PE] low and high boundaries for proper pairs: (1, 1246)
[0000][PE] skip orientation FF
[0000][PE] skip orientation RF
[0000][PE] skip orientation RR
[0000] 3. Calling kt_for - worker_sam
	[0000][ M::mem_process_seqs] Processed 2780396 reads in 438.392 CPU sec, 12.060 real sec
[0000] read_chunk: 400000000, work_chunk_size: 400000245, nseq: 2780514
	[0000][ M::kt_pipeline] read 2780514 sequences (400000245 bp)...
[0000] Calling mem_process_seqs.., task: 7
[0000] 1. Calling kt_for - worker_bwt
[0000] 2. Calling kt_for - worker_aln
[0000] Inferring insert size distribution of PE reads from data, l_pac: 656111652, n: 2780514
[0000][PE] # candidate unique pairs for (FF, FR, RF, RR): (76, 1122713, 129, 64)
[0000][PE] analyzing insert size distribution for orientation FF...
[0000][PE] (25, 50, 75) percentile: (158, 220, 413)
[0000][PE] low and high boundaries for computing mean and std.dev: (1, 923)
[0000][PE] mean and std.dev: (197.77, 102.83)
[0000][PE] low and high boundaries for proper pairs: (1, 1178)
[0000][PE] analyzing insert size distribution for orientation FR...
[0000][PE] (25, 50, 75) percentile: (239, 284, 323)
[0000][PE] low and high boundaries for computing mean and std.dev: (71, 491)
[0000][PE] mean and std.dev: (275.84, 65.90)
[0000][PE] low and high boundaries for proper pairs: (1, 575)
[0000][PE] analyzing insert size distribution for orientation RF...
[0000][PE] (25, 50, 75) percentile: (823, 4199, 7588)
[0000][PE] low and high boundaries for computing mean and std.dev: (1, 21118)
[0000][PE] mean and std.dev: (4242.51, 3296.26)
[0000][PE] low and high boundaries for proper pairs: (1, 27883)
[0000][PE] analyzing insert size distribution for orientation RR...
[0000][PE] (25, 50, 75) percentile: (149, 191, 493)
[0000][PE] low and high boundaries for computing mean and std.dev: (1, 1181)
[0000][PE] mean and std.dev: (257.09, 248.03)
[0000][PE] low and high boundaries for proper pairs: (1, 1525)
[0000][PE] skip orientation FF
[0000][PE] skip orientation RF
[0000][PE] skip orientation RR
[0000] 3. Calling kt_for - worker_sam
[0000] read_chunk: 400000000, work_chunk_size: 241715703, nseq: 1680546
	[0000][ M::kt_pipeline] read 1680546 sequences (241715703 bp)...
	[0000][ M::mem_process_seqs] Processed 2780514 reads in 423.824 CPU sec, 11.700 real sec
[0000] Calling mem_process_seqs.., task: 8
[0000] 1. Calling kt_for - worker_bwt
[0000] 2. Calling kt_for - worker_aln
[0000] Inferring insert size distribution of PE reads from data, l_pac: 656111652, n: 1680546
[0000][PE] # candidate unique pairs for (FF, FR, RF, RR): (54, 683146, 69, 41)
[0000][PE] analyzing insert size distribution for orientation FF...
[0000][PE] (25, 50, 75) percentile: (181, 241, 854)
[0000][PE] low and high boundaries for computing mean and std.dev: (1, 2200)
[0000][PE] mean and std.dev: (359.84, 388.86)
[0000][PE] low and high boundaries for proper pairs: (1, 2873)
[0000][PE] analyzing insert size distribution for orientation FR...
[0000][PE] (25, 50, 75) percentile: (239, 284, 323)
[0000][PE] low and high boundaries for computing mean and std.dev: (71, 491)
[0000][PE] mean and std.dev: (275.77, 66.01)
[0000][PE] low and high boundaries for proper pairs: (1, 575)
[0000][PE] analyzing insert size distribution for orientation RF...
[0000][PE] (25, 50, 75) percentile: (592, 2250, 5870)
[0000][PE] low and high boundaries for computing mean and std.dev: (1, 16426)
[0000][PE] mean and std.dev: (3324.22, 2944.54)
[0000][PE] low and high boundaries for proper pairs: (1, 21704)
[0000][PE] analyzing insert size distribution for orientation RR...
[0000][PE] (25, 50, 75) percentile: (165, 218, 275)
[0000][PE] low and high boundaries for computing mean and std.dev: (1, 495)
[0000][PE] mean and std.dev: (201.97, 72.11)
[0000][PE] low and high boundaries for proper pairs: (1, 605)
[0000][PE] skip orientation FF
[0000][PE] skip orientation RF
[0000][PE] skip orientation RR
[0000] 3. Calling kt_for - worker_sam
[0000] read_chunk: 400000000, work_chunk_size: 0, nseq: 0
	[0000][ M::mem_process_seqs] Processed 1680546 reads in 240.899 CPU sec, 6.754 real sec
[0000] read_chunk: 400000000, work_chunk_size: 0, nseq: 0
[0000] Computation ends..
No. of OMP threads: 40
Processor is running @2394.730486 MHz
Runtime profile:

	Time taken for main_mem function: 174.84 sec

	IO times (sec) :
	Reading IO time (reads) avg: 76.15, (76.15, 76.15)
	Writing IO time (SAM) avg: 51.51, (51.51, 51.51)
	Reading IO time (Reference Genome) avg: 0.49, (0.49, 0.49)
	Index read time avg: 0.11, (0.11, 0.11)

	Overall time (sec) (Excluding Index reading time):
	PROCESS() (Total compute time + (read + SAM) IO time) : 174.23
	MEM_PROCESS_SEQ() (Total compute time (Kernel + SAM)), avg: 101.95, (101.95, 101.95)

	 SAM Processing time (sec):
	--WORKER_SAM avg: 41.23, (41.23, 41.23)

	Kernels' compute time (sec):
	Total kernel (smem+sal+bsw) time avg: 58.06, (58.06, 58.06)
		MEM_ALN_CHAIN_FLT avg: 0.00, (0.00, 0.00)
		MEM_ALN_CHAIN_SEED avg: 0.00, (0.00, 0.00)
		ERT_SEED_CHAIN avg: 0.00, (0.00, 0.00)
	LEARNED_SEED_CHAIN avg: 22.91, (23.04, 22.81)
		SMEM compute avg: 0.00, (0.00, 0.00)
		SAL compute avg: 0.00, (0.00, 0.00)
				MEM_SA avg: 0.00, (0.00, 0.00)

		BSW time, avg: 32.69, (33.02, 32.50)

Important parameter settings: 
	BATCH_SIZE: 512
	MAX_SEQ_LEN_REF: 256
	MAX_SEQ_LEN_QER: 128
	MAX_SEQ_LEN8: 128
	SEEDS_PER_READ: 500
	SIMD_WIDTH8 X: 64
	SIMD_WIDTH16 X: 32
	AVG_SEEDS_PER_READ: 64
