Looking to launch executable "/opt/conda/bin/bwa-meme_mode3.avx512bw", simd = _mode3.avx512bw
Launching executable "/opt/conda/bin/bwa-meme_mode3.avx512bw"
-----------------------------
Executing in AVX512 mode!!
-----------------------------
* SA compression enabled with xfactor: 8
* Ref file: reference.902362185.genome.fasta
* Entering FMI_search
Reading other elements of the index from files reference.902362185.genome.fasta
* Index prefix: reference.902362185.genome.fasta
* Read 0 ALT contigs
* Reading reference genome..
* Binary seq file = reference.902362185.genome.fasta.0123
* Reference genome size: 1312223304 bp
* Done reading reference genome !!

------------------------------------------
1. Memory pre-allocation for Chaining: 5679.4903 MB
2. Memory pre-allocation for BSW: 9584.6810 MB
[M::memoryAllocLearned::MEME] Reading Learned-index models into memory
[Learned-Config] MODE:3 SEARCH_METHOD: 1 MEM_TRADEOFF:1 EXPONENTIAL_SMEMSEARCH: 1 DEBUG_MODE:0 Num 2nd Models:268435456 PWL Bits Used:28
[M::memoryAllocLearned::MEME] Loading RMI model and Pac reference file took 9.760 sec
[M::memoryAllocLearned::MEME] Reading suffix array into memory
[M::memoryAllocLearned::MEME] Loading pos_packed file took 14.332 sec
[M::memoryAllocLearned::MEME] Generating SA, 64-bit Suffix and ISA in memory
[M::memoryAllocLearned::MEME] Runtime-build-index took 13.434 sec
3. Memory pre-allocation for BWT: 7204.5072 MB
------------------------------------------
* Threads used (compute): 40
* No. of pipeline threads: 2

[0000] read_chunk: 400000000, work_chunk_size: 400000096, nseq: 2733974
	[0000][ M::kt_pipeline] read 2733974 sequences (400000096 bp)...
[0000] Reallocating initial memory allocations!!
[0000] Calling mem_process_seqs.., task: 0
[0000] 1. Calling kt_for - worker_bwt
[0000] read_chunk: 400000000, work_chunk_size: 400000104, nseq: 2736830
	[0000][ M::kt_pipeline] read 2736830 sequences (400000104 bp)...
[0000] 2. Calling kt_for - worker_aln
[0000] Inferring insert size distribution of PE reads from data, l_pac: 656111652, n: 2733974
[0000][PE] # candidate unique pairs for (FF, FR, RF, RR): (89, 1044817, 123, 93)
[0000][PE] analyzing insert size distribution for orientation FF...
[0000][PE] (25, 50, 75) percentile: (168, 222, 901)
[0000][PE] low and high boundaries for computing mean and std.dev: (1, 2367)
[0000][PE] mean and std.dev: (428.16, 533.29)
[0000][PE] low and high boundaries for proper pairs: (1, 3100)
[0000][PE] analyzing insert size distribution for orientation FR...
[0000][PE] (25, 50, 75) percentile: (256, 295, 330)
[0000][PE] low and high boundaries for computing mean and std.dev: (108, 478)
[0000][PE] mean and std.dev: (292.58, 51.35)
[0000][PE] low and high boundaries for proper pairs: (34, 552)
[0000][PE] analyzing insert size distribution for orientation RF...
[0000][PE] (25, 50, 75) percentile: (416, 2658, 5980)
[0000][PE] low and high boundaries for computing mean and std.dev: (1, 17108)
[0000][PE] mean and std.dev: (3425.94, 3149.64)
[0000][PE] low and high boundaries for proper pairs: (1, 22672)
[0000][PE] analyzing insert size distribution for orientation RR...
[0000][PE] (25, 50, 75) percentile: (147, 241, 682)
[0000][PE] low and high boundaries for computing mean and std.dev: (1, 1752)
[0000][PE] mean and std.dev: (297.23, 260.87)
[0000][PE] low and high boundaries for proper pairs: (1, 2287)
[0000][PE] skip orientation FF
[0000][PE] skip orientation RF
[0000][PE] skip orientation RR
[0000] 3. Calling kt_for - worker_sam
	[0000][ M::mem_process_seqs] Processed 2733974 reads in 577.191 CPU sec, 16.999 real sec
[0000] Reallocating initial memory allocations!!
[0000] Calling mem_process_seqs.., task: 1
[0000] 1. Calling kt_for - worker_bwt
[0000] 2. Calling kt_for - worker_aln
[0000] read_chunk: 400000000, work_chunk_size: 400000170, nseq: 2737768
	[0000][ M::kt_pipeline] read 2737768 sequences (400000170 bp)...
[0000] Inferring insert size distribution of PE reads from data, l_pac: 656111652, n: 2736830
[0000][PE] # candidate unique pairs for (FF, FR, RF, RR): (91, 1089334, 114, 71)
[0000][PE] analyzing insert size distribution for orientation FF...
[0000][PE] (25, 50, 75) percentile: (151, 213, 312)
[0000][PE] low and high boundaries for computing mean and std.dev: (1, 634)
[0000][PE] mean and std.dev: (187.08, 62.94)
[0000][PE] low and high boundaries for proper pairs: (1, 795)
[0000][PE] analyzing insert size distribution for orientation FR...
[0000][PE] (25, 50, 75) percentile: (256, 295, 331)
[0000][PE] low and high boundaries for computing mean and std.dev: (106, 481)
[0000][PE] mean and std.dev: (292.51, 51.53)
[0000][PE] low and high boundaries for proper pairs: (31, 556)
[0000][PE] analyzing insert size distribution for orientation RF...
[0000][PE] (25, 50, 75) percentile: (285, 1648, 6225)
[0000][PE] low and high boundaries for computing mean and std.dev: (1, 18105)
[0000][PE] mean and std.dev: (3352.01, 3376.72)
[0000][PE] low and high boundaries for proper pairs: (1, 24045)
[0000][PE] analyzing insert size distribution for orientation RR...
[0000][PE] (25, 50, 75) percentile: (157, 205, 313)
[0000][PE] low and high boundaries for computing mean and std.dev: (1, 625)
[0000][PE] mean and std.dev: (213.10, 93.90)
[0000][PE] low and high boundaries for proper pairs: (1, 781)
[0000][PE] skip orientation FF
[0000][PE] skip orientation RF
[0000][PE] skip orientation RR
[0000] 3. Calling kt_for - worker_sam
	[0000][ M::mem_process_seqs] Processed 2736830 reads in 455.505 CPU sec, 12.156 real sec
[0000] Reallocating initial memory allocations!!
[0000] Calling mem_process_seqs.., task: 2
[0000] 1. Calling kt_for - worker_bwt
[0000] 2. Calling kt_for - worker_aln
[0000] read_chunk: 400000000, work_chunk_size: 400000217, nseq: 2737684
	[0000][ M::kt_pipeline] read 2737684 sequences (400000217 bp)...
[0000] Inferring insert size distribution of PE reads from data, l_pac: 656111652, n: 2737768
[0000][PE] # candidate unique pairs for (FF, FR, RF, RR): (90, 1121941, 140, 84)
[0000][PE] analyzing insert size distribution for orientation FF...
[0000][PE] (25, 50, 75) percentile: (155, 227, 1424)
[0000][PE] low and high boundaries for computing mean and std.dev: (1, 3962)
[0000][PE] mean and std.dev: (507.43, 751.16)
[0000][PE] low and high boundaries for proper pairs: (1, 5231)
[0000][PE] analyzing insert size distribution for orientation FR...
[0000][PE] (25, 50, 75) percentile: (256, 295, 331)
[0000][PE] low and high boundaries for computing mean and std.dev: (106, 481)
[0000][PE] mean and std.dev: (292.49, 51.59)
[0000][PE] low and high boundaries for proper pairs: (31, 556)
[0000][PE] analyzing insert size distribution for orientation RF...
[0000][PE] (25, 50, 75) percentile: (436, 4035, 6800)
[0000][PE] low and high boundaries for computing mean and std.dev: (1, 19528)
[0000][PE] mean and std.dev: (4033.71, 3335.49)
[0000][PE] low and high boundaries for proper pairs: (1, 25892)
[0000][PE] analyzing insert size distribution for orientation RR...
[0000][PE] (25, 50, 75) percentile: (173, 230, 1122)
[0000][PE] low and high boundaries for computing mean and std.dev: (1, 3020)
[0000][PE] mean and std.dev: (283.51, 331.89)
[0000][PE] low and high boundaries for proper pairs: (1, 3969)
[0000][PE] skip orientation FF
[0000][PE] skip orientation RF
[0000][PE] skip orientation RR
[0000] 3. Calling kt_for - worker_sam
	[0000][ M::mem_process_seqs] Processed 2737768 reads in 392.885 CPU sec, 10.621 real sec
[0000] Calling mem_process_seqs.., task: 3
[0000] 1. Calling kt_for - worker_bwt
[0000] 2. Calling kt_for - worker_aln
[0000] Inferring insert size distribution of PE reads from data, l_pac: 656111652, n: 2737684
[0000][PE] # candidate unique pairs for (FF, FR, RF, RR): (85, 1123319, 131, 47)
[0000][PE] analyzing insert size distribution for orientation FF...
[0000][PE] (25, 50, 75) percentile: (153, 226, 352)
[0000][PE] low and high boundaries for computing mean and std.dev: (1, 750)
[0000][PE] mean and std.dev: (206.04, 111.17)
[0000][PE] low and high boundaries for proper pairs: (1, 949)
[0000][PE] analyzing insert size distribution for orientation FR...
[0000][PE] (25, 50, 75) percentile: (256, 295, 330)
[0000][PE] low and high boundaries for computing mean and std.dev: (108, 478)
[0000][PE] mean and std.dev: (292.58, 51.37)
[0000][PE] low and high boundaries for proper pairs: (34, 552)
[0000][PE] analyzing insert size distribution for orientation RF...
[0000][PE] (25, 50, 75) percentile: (329, 2042, 5680)
[0000][PE] low and high boundaries for computing mean and std.dev: (1, 16382)
[0000][PE] mean and std.dev: (3396.05, 3326.46)
[0000][PE] low and high boundaries for proper pairs: (1, 21733)
[0000][PE] analyzing insert size distribution for orientation RR...
[0000][PE] (25, 50, 75) percentile: (172, 203, 783)
[0000][PE] low and high boundaries for computing mean and std.dev: (1, 2005)
[0000][PE] mean and std.dev: (378.00, 403.89)
[0000][PE] low and high boundaries for proper pairs: (1, 2616)
[0000][PE] skip orientation FF
[0000][PE] skip orientation RF
[0000][PE] skip orientation RR
[0000] 3. Calling kt_for - worker_sam
	[0000][ M::mem_process_seqs] Processed 2737684 reads in 399.122 CPU sec, 11.712 real sec
[0000] read_chunk: 400000000, work_chunk_size: 400000103, nseq: 2736886
	[0000][ M::kt_pipeline] read 2736886 sequences (400000103 bp)...
[0000] Calling mem_process_seqs.., task: 4
[0000] 1. Calling kt_for - worker_bwt
[0000] 2. Calling kt_for - worker_aln
[0000] Inferring insert size distribution of PE reads from data, l_pac: 656111652, n: 2736886
[0000][PE] # candidate unique pairs for (FF, FR, RF, RR): (82, 1110442, 163, 83)
[0000][PE] analyzing insert size distribution for orientation FF...
[0000][PE] (25, 50, 75) percentile: (174, 270, 1417)
[0000][PE] low and high boundaries for computing mean and std.dev: (1, 3903)
[0000][PE] mean and std.dev: (697.72, 956.30)
[0000][PE] low and high boundaries for proper pairs: (1, 5146)
[0000][PE] analyzing insert size distribution for orientation FR...
[0000][PE] (25, 50, 75) percentile: (257, 295, 331)
[0000][PE] low and high boundaries for computing mean and std.dev: (109, 479)
[0000][PE] mean and std.dev: (292.75, 51.18)
[0000][PE] low and high boundaries for proper pairs: (35, 553)
[0000][PE] analyzing insert size distribution for orientation RF...
[0000][PE] (25, 50, 75) percentile: (1027, 3215, 6230)
[0000][PE] low and high boundaries for computing mean and std.dev: (1, 16636)
[0000][PE] mean and std.dev: (3914.66, 3140.22)
[0000][PE] low and high boundaries for proper pairs: (1, 21839)
[0000][PE] analyzing insert size distribution for orientation RR...
[0000][PE] (25, 50, 75) percentile: (169, 216, 634)
[0000][PE] low and high boundaries for computing mean and std.dev: (1, 1564)
[0000][PE] mean and std.dev: (302.75, 282.07)
[0000][PE] low and high boundaries for proper pairs: (1, 2029)
[0000][PE] skip orientation FF
[0000][PE] skip orientation RF
[0000][PE] skip orientation RR
[0000] 3. Calling kt_for - worker_sam
[0000] read_chunk: 400000000, work_chunk_size: 400000049, nseq: 2737806
	[0000][ M::kt_pipeline] read 2737806 sequences (400000049 bp)...
	[0000][ M::mem_process_seqs] Processed 2736886 reads in 417.480 CPU sec, 11.471 real sec
[0000] Reallocating initial memory allocations!!
[0000] read_chunk: 400000000, work_chunk_size: 400000216, nseq: 2737160
	[0000][ M::kt_pipeline] read 2737160 sequences (400000216 bp)...
[0000] Calling mem_process_seqs.., task: 5
[0000] 1. Calling kt_for - worker_bwt
[0000] 2. Calling kt_for - worker_aln
[0000] Inferring insert size distribution of PE reads from data, l_pac: 656111652, n: 2737806
[0000][PE] # candidate unique pairs for (FF, FR, RF, RR): (94, 1112879, 122, 76)
[0000][PE] analyzing insert size distribution for orientation FF...
[0000][PE] (25, 50, 75) percentile: (154, 202, 310)
[0000][PE] low and high boundaries for computing mean and std.dev: (1, 622)
[0000][PE] mean and std.dev: (198.60, 87.01)
[0000][PE] low and high boundaries for proper pairs: (1, 778)
[0000][PE] analyzing insert size distribution for orientation FR...
[0000][PE] (25, 50, 75) percentile: (257, 295, 330)
[0000][PE] low and high boundaries for computing mean and std.dev: (111, 476)
[0000][PE] mean and std.dev: (292.82, 50.99)
[0000][PE] low and high boundaries for proper pairs: (38, 549)
[0000][PE] analyzing insert size distribution for orientation RF...
[0000][PE] (25, 50, 75) percentile: (717, 3392, 6318)
[0000][PE] low and high boundaries for computing mean and std.dev: (1, 17520)
[0000][PE] mean and std.dev: (3770.16, 3172.14)
[0000][PE] low and high boundaries for proper pairs: (1, 23121)
[0000][PE] analyzing insert size distribution for orientation RR...
[0000][PE] (25, 50, 75) percentile: (133, 187, 497)
[0000][PE] low and high boundaries for computing mean and std.dev: (1, 1225)
[0000][PE] mean and std.dev: (234.95, 220.19)
[0000][PE] low and high boundaries for proper pairs: (1, 1589)
[0000][PE] skip orientation FF
[0000][PE] skip orientation RF
[0000][PE] skip orientation RR
[0000] 3. Calling kt_for - worker_sam
	[0000][ M::mem_process_seqs] Processed 2737806 reads in 411.029 CPU sec, 11.316 real sec
[0000] Calling mem_process_seqs.., task: 6
[0000] 1. Calling kt_for - worker_bwt
[0000] 2. Calling kt_for - worker_aln
[0000] Inferring insert size distribution of PE reads from data, l_pac: 656111652, n: 2737160
[0000][PE] # candidate unique pairs for (FF, FR, RF, RR): (103, 1108415, 126, 90)
[0000][PE] analyzing insert size distribution for orientation FF...
[0000][PE] (25, 50, 75) percentile: (162, 200, 315)
[0000][PE] low and high boundaries for computing mean and std.dev: (1, 621)
[0000][PE] mean and std.dev: (218.36, 109.25)
[0000][PE] low and high boundaries for proper pairs: (1, 774)
[0000][PE] analyzing insert size distribution for orientation FR...
[0000][PE] (25, 50, 75) percentile: (257, 295, 330)
[0000][PE] low and high boundaries for computing mean and std.dev: (111, 476)
[0000][PE] mean and std.dev: (292.76, 51.03)
[0000][PE] low and high boundaries for proper pairs: (38, 549)
[0000][PE] analyzing insert size distribution for orientation RF...
[0000][PE] (25, 50, 75) percentile: (579, 4080, 6420)
[0000][PE] low and high boundaries for computing mean and std.dev: (1, 18102)
[0000][PE] mean and std.dev: (3951.81, 3172.95)
[0000][PE] low and high boundaries for proper pairs: (1, 23943)
[0000][PE] analyzing insert size distribution for orientation RR...
[0000][PE] (25, 50, 75) percentile: (159, 197, 259)
[0000][PE] low and high boundaries for computing mean and std.dev: (1, 459)
[0000][PE] mean and std.dev: (192.67, 69.39)
[0000][PE] low and high boundaries for proper pairs: (1, 559)
[0000][PE] skip orientation FF
[0000][PE] skip orientation RF
[0000][PE] skip orientation RR
[0000] 3. Calling kt_for - worker_sam
	[0000][ M::mem_process_seqs] Processed 2737160 reads in 444.854 CPU sec, 12.762 real sec
[0000] read_chunk: 400000000, work_chunk_size: 400000226, nseq: 2733582
	[0000][ M::kt_pipeline] read 2733582 sequences (400000226 bp)...
[0000] Calling mem_process_seqs.., task: 7
[0000] 1. Calling kt_for - worker_bwt
[0000] 2. Calling kt_for - worker_aln
[0000] Inferring insert size distribution of PE reads from data, l_pac: 656111652, n: 2733582
[0000][PE] # candidate unique pairs for (FF, FR, RF, RR): (87, 1032559, 128, 75)
[0000][PE] analyzing insert size distribution for orientation FF...
[0000][PE] (25, 50, 75) percentile: (153, 239, 1067)
[0000][PE] low and high boundaries for computing mean and std.dev: (1, 2895)
[0000][PE] mean and std.dev: (377.94, 522.50)
[0000][PE] low and high boundaries for proper pairs: (1, 3809)
[0000][PE] analyzing insert size distribution for orientation FR...
[0000][PE] (25, 50, 75) percentile: (256, 295, 331)
[0000][PE] low and high boundaries for computing mean and std.dev: (106, 481)
[0000][PE] mean and std.dev: (292.48, 51.59)
[0000][PE] low and high boundaries for proper pairs: (31, 556)
[0000][PE] analyzing insert size distribution for orientation RF...
[0000][PE] (25, 50, 75) percentile: (762, 2993, 6142)
[0000][PE] low and high boundaries for computing mean and std.dev: (1, 16902)
[0000][PE] mean and std.dev: (3738.80, 3125.63)
[0000][PE] low and high boundaries for proper pairs: (1, 22282)
[0000][PE] analyzing insert size distribution for orientation RR...
[0000][PE] (25, 50, 75) percentile: (177, 222, 769)
[0000][PE] low and high boundaries for computing mean and std.dev: (1, 1953)
[0000][PE] mean and std.dev: (379.95, 432.65)
[0000][PE] low and high boundaries for proper pairs: (1, 2545)
[0000][PE] skip orientation FF
[0000][PE] skip orientation RF
[0000][PE] skip orientation RR
[0000] 3. Calling kt_for - worker_sam
	[0000][ M::mem_process_seqs] Processed 2733582 reads in 591.792 CPU sec, 16.212 real sec
[0000] read_chunk: 400000000, work_chunk_size: 400000217, nseq: 2735818
	[0000][ M::kt_pipeline] read 2735818 sequences (400000217 bp)...
[0000] Calling mem_process_seqs.., task: 8
[0000] 1. Calling kt_for - worker_bwt
[0000] 2. Calling kt_for - worker_aln
[0000] Inferring insert size distribution of PE reads from data, l_pac: 656111652, n: 2735818
[0000][PE] # candidate unique pairs for (FF, FR, RF, RR): (83, 1100019, 132, 56)
[0000][PE] analyzing insert size distribution for orientation FF...
[0000][PE] (25, 50, 75) percentile: (157, 213, 280)
[0000][PE] low and high boundaries for computing mean and std.dev: (1, 526)
[0000][PE] mean and std.dev: (199.75, 92.77)
[0000][PE] low and high boundaries for proper pairs: (1, 649)
[0000][PE] analyzing insert size distribution for orientation FR...
[0000][PE] (25, 50, 75) percentile: (257, 295, 330)
[0000][PE] low and high boundaries for computing mean and std.dev: (111, 476)
[0000][PE] mean and std.dev: (292.76, 51.00)
[0000][PE] low and high boundaries for proper pairs: (38, 549)
[0000][PE] analyzing insert size distribution for orientation RF...
[0000][PE] (25, 50, 75) percentile: (739, 3031, 6545)
[0000][PE] low and high boundaries for computing mean and std.dev: (1, 18157)
[0000][PE] mean and std.dev: (3774.53, 3165.70)
[0000][PE] low and high boundaries for proper pairs: (1, 23963)
[0000][PE] analyzing insert size distribution for orientation RR...
[0000][PE] (25, 50, 75) percentile: (138, 217, 481)
[0000][PE] low and high boundaries for computing mean and std.dev: (1, 1167)
[0000][PE] mean and std.dev: (231.91, 192.56)
[0000][PE] low and high boundaries for proper pairs: (1, 1510)
[0000][PE] skip orientation FF
[0000][PE] skip orientation RF
[0000][PE] skip orientation RR
[0000] 3. Calling kt_for - worker_sam
[0000] read_chunk: 400000000, work_chunk_size: 400000130, nseq: 2736946
	[0000][ M::kt_pipeline] read 2736946 sequences (400000130 bp)...
	[0000][ M::mem_process_seqs] Processed 2735818 reads in 449.656 CPU sec, 12.382 real sec
[0000] Calling mem_process_seqs.., task: 9
[0000] 1. Calling kt_for - worker_bwt
[0000] 2. Calling kt_for - worker_aln
[0000] Inferring insert size distribution of PE reads from data, l_pac: 656111652, n: 2736946
[0000][PE] # candidate unique pairs for (FF, FR, RF, RR): (110, 1095580, 127, 79)
[0000][PE] analyzing insert size distribution for orientation FF...
[0000][PE] (25, 50, 75) percentile: (164, 249, 2070)
[0000][PE] low and high boundaries for computing mean and std.dev: (1, 5882)
[0000][PE] mean and std.dev: (463.37, 763.62)
[0000][PE] low and high boundaries for proper pairs: (1, 7788)
[0000][PE] analyzing insert size distribution for orientation FR...
[0000][PE] (25, 50, 75) percentile: (257, 295, 331)
[0000][PE] low and high boundaries for computing mean and std.dev: (109, 479)
[0000][PE] mean and std.dev: (292.73, 51.20)
[0000][PE] low and high boundaries for proper pairs: (35, 553)
[0000][PE] analyzing insert size distribution for orientation RF...
[0000][PE] (25, 50, 75) percentile: (441, 1813, 5138)
[0000][PE] low and high boundaries for computing mean and std.dev: (1, 14532)
[0000][PE] mean and std.dev: (3088.01, 3097.56)
[0000][PE] low and high boundaries for proper pairs: (1, 19229)
[0000][PE] analyzing insert size distribution for orientation RR...
[0000][PE] (25, 50, 75) percentile: (172, 237, 1552)
[0000][PE] low and high boundaries for computing mean and std.dev: (1, 4312)
[0000][PE] mean and std.dev: (653.57, 1054.60)
[0000][PE] low and high boundaries for proper pairs: (1, 5692)
[0000][PE] skip orientation FF
[0000][PE] skip orientation RF
[0000][PE] skip orientation RR
[0000] 3. Calling kt_for - worker_sam
	[0000][ M::mem_process_seqs] Processed 2736946 reads in 474.886 CPU sec, 13.175 real sec
[0000] read_chunk: 400000000, work_chunk_size: 400000277, nseq: 2736120
	[0000][ M::kt_pipeline] read 2736120 sequences (400000277 bp)...
[0000] Calling mem_process_seqs.., task: 10
[0000] 1. Calling kt_for - worker_bwt
[0000] 2. Calling kt_for - worker_aln
[0000] Inferring insert size distribution of PE reads from data, l_pac: 656111652, n: 2736120
[0000][PE] # candidate unique pairs for (FF, FR, RF, RR): (76, 1088388, 117, 61)
[0000][PE] analyzing insert size distribution for orientation FF...
[0000][PE] (25, 50, 75) percentile: (150, 201, 332)
[0000][PE] low and high boundaries for computing mean and std.dev: (1, 696)
[0000][PE] mean and std.dev: (191.03, 82.95)
[0000][PE] low and high boundaries for proper pairs: (1, 878)
[0000][PE] analyzing insert size distribution for orientation FR...
[0000][PE] (25, 50, 75) percentile: (257, 295, 331)
[0000][PE] low and high boundaries for computing mean and std.dev: (109, 479)
[0000][PE] mean and std.dev: (292.69, 51.20)
[0000][PE] low and high boundaries for proper pairs: (35, 553)
[0000][PE] analyzing insert size distribution for orientation RF...
[0000][PE] (25, 50, 75) percentile: (436, 2330, 5710)
[0000][PE] low and high boundaries for computing mean and std.dev: (1, 16258)
[0000][PE] mean and std.dev: (3452.61, 3282.85)
[0000][PE] low and high boundaries for proper pairs: (1, 21532)
[0000][PE] analyzing insert size distribution for orientation RR...
[0000][PE] (25, 50, 75) percentile: (152, 231, 1417)
[0000][PE] low and high boundaries for computing mean and std.dev: (1, 3947)
[0000][PE] mean and std.dev: (485.87, 790.14)
[0000][PE] low and high boundaries for proper pairs: (1, 5212)
[0000][PE] skip orientation FF
[0000][PE] skip orientation RF
[0000][PE] skip orientation RR
[0000] 3. Calling kt_for - worker_sam
[0000] read_chunk: 400000000, work_chunk_size: 400000192, nseq: 2736714
	[0000][ M::mem_process_seqs] Processed 2736120 reads in 480.851 CPU sec, 14.017 real sec
	[0000][ M::kt_pipeline] read 2736714 sequences (400000192 bp)...
[0000] Calling mem_process_seqs.., task: 11
[0000] 1. Calling kt_for - worker_bwt
[0000] 2. Calling kt_for - worker_aln
[0000] Inferring insert size distribution of PE reads from data, l_pac: 656111652, n: 2736714
[0000][PE] # candidate unique pairs for (FF, FR, RF, RR): (95, 1105004, 153, 69)
[0000][PE] analyzing insert size distribution for orientation FF...
[0000][PE] (25, 50, 75) percentile: (157, 209, 522)
[0000][PE] low and high boundaries for computing mean and std.dev: (1, 1252)
[0000][PE] mean and std.dev: (212.38, 127.66)
[0000][PE] low and high boundaries for proper pairs: (1, 1617)
[0000][PE] analyzing insert size distribution for orientation FR...
[0000][PE] (25, 50, 75) percentile: (257, 295, 331)
[0000][PE] low and high boundaries for computing mean and std.dev: (109, 479)
[0000][PE] mean and std.dev: (292.70, 51.25)
[0000][PE] low and high boundaries for proper pairs: (35, 553)
[0000][PE] analyzing insert size distribution for orientation RF...
[0000][PE] (25, 50, 75) percentile: (419, 2638, 6138)
[0000][PE] low and high boundaries for computing mean and std.dev: (1, 17576)
[0000][PE] mean and std.dev: (3610.71, 3218.85)
[0000][PE] low and high boundaries for proper pairs: (1, 23295)
[0000][PE] analyzing insert size distribution for orientation RR...
[0000][PE] (25, 50, 75) percentile: (166, 241, 1457)
[0000][PE] low and high boundaries for computing mean and std.dev: (1, 4039)
[0000][PE] mean and std.dev: (596.00, 761.19)
[0000][PE] low and high boundaries for proper pairs: (1, 5330)
[0000][PE] skip orientation FF
[0000][PE] skip orientation RF
[0000][PE] skip orientation RR
[0000] 3. Calling kt_for - worker_sam
	[0000][ M::mem_process_seqs] Processed 2736714 reads in 449.797 CPU sec, 12.749 real sec
[0000] read_chunk: 400000000, work_chunk_size: 400000053, nseq: 2735994
	[0000][ M::kt_pipeline] read 2735994 sequences (400000053 bp)...
[0000] Calling mem_process_seqs.., task: 12
[0000] 1. Calling kt_for - worker_bwt
[0000] 2. Calling kt_for - worker_aln
[0000] Inferring insert size distribution of PE reads from data, l_pac: 656111652, n: 2735994
[0000][PE] # candidate unique pairs for (FF, FR, RF, RR): (81, 1097404, 136, 88)
[0000][PE] analyzing insert size distribution for orientation FF...
[0000][PE] (25, 50, 75) percentile: (200, 277, 2997)
[0000][PE] low and high boundaries for computing mean and std.dev: (1, 8591)
[0000][PE] mean and std.dev: (1876.26, 2630.44)
[0000][PE] low and high boundaries for proper pairs: (1, 12398)
[0000][PE] analyzing insert size distribution for orientation FR...
[0000][PE] (25, 50, 75) percentile: (257, 295, 330)
[0000][PE] low and high boundaries for computing mean and std.dev: (111, 476)
[0000][PE] mean and std.dev: (292.81, 51.00)
[0000][PE] low and high boundaries for proper pairs: (38, 549)
[0000][PE] analyzing insert size distribution for orientation RF...
[0000][PE] (25, 50, 75) percentile: (456, 3992, 7916)
[0000][PE] low and high boundaries for computing mean and std.dev: (1, 22836)
[0000][PE] mean and std.dev: (4275.94, 3460.64)
[0000][PE] low and high boundaries for proper pairs: (1, 30296)
[0000][PE] analyzing insert size distribution for orientation RR...
[0000][PE] (25, 50, 75) percentile: (161, 204, 1149)
[0000][PE] low and high boundaries for computing mean and std.dev: (1, 3125)
[0000][PE] mean and std.dev: (272.75, 355.44)
[0000][PE] low and high boundaries for proper pairs: (1, 4113)
[0000][PE] skip orientation FF
[0000][PE] skip orientation RF
[0000][PE] skip orientation RR
[0000] 3. Calling kt_for - worker_sam
	[0000][ M::mem_process_seqs] Processed 2735994 reads in 456.151 CPU sec, 12.564 real sec
[0000] read_chunk: 400000000, work_chunk_size: 400000066, nseq: 2737082
	[0000][ M::kt_pipeline] read 2737082 sequences (400000066 bp)...
[0000] Calling mem_process_seqs.., task: 13
[0000] 1. Calling kt_for - worker_bwt
[0000] 2. Calling kt_for - worker_aln
[0000] Inferring insert size distribution of PE reads from data, l_pac: 656111652, n: 2737082
[0000][PE] # candidate unique pairs for (FF, FR, RF, RR): (84, 1114014, 110, 78)
[0000][PE] analyzing insert size distribution for orientation FF...
[0000][PE] (25, 50, 75) percentile: (143, 195, 251)
[0000][PE] low and high boundaries for computing mean and std.dev: (1, 467)
[0000][PE] mean and std.dev: (170.71, 64.54)
[0000][PE] low and high boundaries for proper pairs: (1, 575)
[0000][PE] analyzing insert size distribution for orientation FR...
[0000][PE] (25, 50, 75) percentile: (257, 295, 330)
[0000][PE] low and high boundaries for computing mean and std.dev: (111, 476)
[0000][PE] mean and std.dev: (292.85, 50.99)
[0000][PE] low and high boundaries for proper pairs: (38, 549)
[0000][PE] analyzing insert size distribution for orientation RF...
[0000][PE] (25, 50, 75) percentile: (244, 3680, 6748)
[0000][PE] low and high boundaries for computing mean and std.dev: (1, 19756)
[0000][PE] mean and std.dev: (3769.49, 3355.89)
[0000][PE] low and high boundaries for proper pairs: (1, 26260)
[0000][PE] analyzing insert size distribution for orientation RR...
[0000][PE] (25, 50, 75) percentile: (152, 208, 323)
[0000][PE] low and high boundaries for computing mean and std.dev: (1, 665)
[0000][PE] mean and std.dev: (223.01, 123.27)
[0000][PE] low and high boundaries for proper pairs: (1, 836)
[0000][PE] skip orientation FF
[0000][PE] skip orientation RF
[0000][PE] skip orientation RR
[0000] 3. Calling kt_for - worker_sam
	[0000][ M::mem_process_seqs] Processed 2737082 reads in 420.228 CPU sec, 11.996 real sec
[0000] read_chunk: 400000000, work_chunk_size: 400000092, nseq: 2737608
	[0000][ M::kt_pipeline] read 2737608 sequences (400000092 bp)...
[0000] Calling mem_process_seqs.., task: 14
[0000] 1. Calling kt_for - worker_bwt
[0000] 2. Calling kt_for - worker_aln
[0000] Inferring insert size distribution of PE reads from data, l_pac: 656111652, n: 2737608
[0000][PE] # candidate unique pairs for (FF, FR, RF, RR): (82, 1117206, 119, 62)
[0000][PE] analyzing insert size distribution for orientation FF...
[0000][PE] (25, 50, 75) percentile: (130, 187, 264)
[0000][PE] low and high boundaries for computing mean and std.dev: (1, 532)
[0000][PE] mean and std.dev: (179.86, 79.04)
[0000][PE] low and high boundaries for proper pairs: (1, 666)
[0000][PE] analyzing insert size distribution for orientation FR...
[0000][PE] (25, 50, 75) percentile: (257, 295, 330)
[0000][PE] low and high boundaries for computing mean and std.dev: (111, 476)
[0000][PE] mean and std.dev: (292.83, 50.98)
[0000][PE] low and high boundaries for proper pairs: (38, 549)
[0000][PE] analyzing insert size distribution for orientation RF...
[0000][PE] (25, 50, 75) percentile: (721, 3387, 5959)
[0000][PE] low and high boundaries for computing mean and std.dev: (1, 16435)
[0000][PE] mean and std.dev: (3777.78, 3091.54)
[0000][PE] low and high boundaries for proper pairs: (1, 21673)
[0000][PE] analyzing insert size distribution for orientation RR...
[0000][PE] (25, 50, 75) percentile: (140, 207, 311)
[0000][PE] low and high boundaries for computing mean and std.dev: (1, 653)
[0000][PE] mean and std.dev: (179.57, 89.91)
[0000][PE] low and high boundaries for proper pairs: (1, 824)
[0000][PE] skip orientation FF
[0000][PE] skip orientation RF
[0000][PE] skip orientation RR
[0000] 3. Calling kt_for - worker_sam
[0000] read_chunk: 400000000, work_chunk_size: 400000054, nseq: 2735716
	[0000][ M::kt_pipeline] read 2735716 sequences (400000054 bp)...
	[0000][ M::mem_process_seqs] Processed 2737608 reads in 407.698 CPU sec, 11.593 real sec
[0000] Calling mem_process_seqs.., task: 15
[0000] 1. Calling kt_for - worker_bwt
[0000] 2. Calling kt_for - worker_aln
[0000] Inferring insert size distribution of PE reads from data, l_pac: 656111652, n: 2735716
[0000][PE] # candidate unique pairs for (FF, FR, RF, RR): (90, 1079983, 136, 78)
[0000][PE] analyzing insert size distribution for orientation FF...
[0000][PE] (25, 50, 75) percentile: (140, 201, 293)
[0000][PE] low and high boundaries for computing mean and std.dev: (1, 599)
[0000][PE] mean and std.dev: (208.84, 112.14)
[0000][PE] low and high boundaries for proper pairs: (1, 752)
[0000][PE] analyzing insert size distribution for orientation FR...
[0000][PE] (25, 50, 75) percentile: (257, 295, 330)
[0000][PE] low and high boundaries for computing mean and std.dev: (111, 476)
[0000][PE] mean and std.dev: (292.79, 51.02)
[0000][PE] low and high boundaries for proper pairs: (38, 549)
[0000][PE] analyzing insert size distribution for orientation RF...
[0000][PE] (25, 50, 75) percentile: (789, 3228, 6441)
[0000][PE] low and high boundaries for computing mean and std.dev: (1, 17745)
[0000][PE] mean and std.dev: (3794.31, 3162.02)
[0000][PE] low and high boundaries for proper pairs: (1, 23397)
[0000][PE] analyzing insert size distribution for orientation RR...
[0000][PE] (25, 50, 75) percentile: (155, 218, 359)
[0000][PE] low and high boundaries for computing mean and std.dev: (1, 767)
[0000][PE] mean and std.dev: (216.14, 106.22)
[0000][PE] low and high boundaries for proper pairs: (1, 971)
[0000][PE] skip orientation FF
[0000][PE] skip orientation RF
[0000][PE] skip orientation RR
[0000] 3. Calling kt_for - worker_sam
	[0000][ M::mem_process_seqs] Processed 2735716 reads in 475.088 CPU sec, 13.338 real sec
[0000] read_chunk: 400000000, work_chunk_size: 400000239, nseq: 2737608
	[0000][ M::kt_pipeline] read 2737608 sequences (400000239 bp)...
[0000] Calling mem_process_seqs.., task: 16
[0000] 1. Calling kt_for - worker_bwt
[0000] 2. Calling kt_for - worker_aln
[0000] Inferring insert size distribution of PE reads from data, l_pac: 656111652, n: 2737608
[0000][PE] # candidate unique pairs for (FF, FR, RF, RR): (78, 1120264, 108, 64)
[0000][PE] analyzing insert size distribution for orientation FF...
[0000][PE] (25, 50, 75) percentile: (143, 211, 371)
[0000][PE] low and high boundaries for computing mean and std.dev: (1, 827)
[0000][PE] mean and std.dev: (193.97, 87.57)
[0000][PE] low and high boundaries for proper pairs: (1, 1055)
[0000][PE] analyzing insert size distribution for orientation FR...
[0000][PE] (25, 50, 75) percentile: (256, 295, 330)
[0000][PE] low and high boundaries for computing mean and std.dev: (108, 478)
[0000][PE] mean and std.dev: (292.58, 51.28)
[0000][PE] low and high boundaries for proper pairs: (34, 552)
[0000][PE] analyzing insert size distribution for orientation RF...
[0000][PE] (25, 50, 75) percentile: (651, 2722, 5176)
[0000][PE] low and high boundaries for computing mean and std.dev: (1, 14226)
[0000][PE] mean and std.dev: (3471.45, 3067.00)
[0000][PE] low and high boundaries for proper pairs: (1, 18751)
[0000][PE] analyzing insert size distribution for orientation RR...
[0000][PE] (25, 50, 75) percentile: (144, 246, 772)
[0000][PE] low and high boundaries for computing mean and std.dev: (1, 2028)
[0000][PE] mean and std.dev: (338.54, 375.19)
[0000][PE] low and high boundaries for proper pairs: (1, 2656)
[0000][PE] skip orientation FF
[0000][PE] skip orientation RF
[0000][PE] skip orientation RR
[0000] 3. Calling kt_for - worker_sam
[0000] read_chunk: 400000000, work_chunk_size: 400000172, nseq: 2738178
	[0000][ M::kt_pipeline] read 2738178 sequences (400000172 bp)...
	[0000][ M::mem_process_seqs] Processed 2737608 reads in 414.251 CPU sec, 11.409 real sec
[0000] Reallocating initial memory allocations!!
[0000] Calling mem_process_seqs.., task: 17
[0000] 1. Calling kt_for - worker_bwt
[0000] 2. Calling kt_for - worker_aln
[0000] read_chunk: 400000000, work_chunk_size: 400000050, nseq: 2736652
	[0000][ M::kt_pipeline] read 2736652 sequences (400000050 bp)...
[0000] Inferring insert size distribution of PE reads from data, l_pac: 656111652, n: 2738178
[0000][PE] # candidate unique pairs for (FF, FR, RF, RR): (90, 1116127, 175, 73)
[0000][PE] analyzing insert size distribution for orientation FF...
[0000][PE] (25, 50, 75) percentile: (159, 214, 429)
[0000][PE] low and high boundaries for computing mean and std.dev: (1, 969)
[0000][PE] mean and std.dev: (246.69, 166.83)
[0000][PE] low and high boundaries for proper pairs: (1, 1239)
[0000][PE] analyzing insert size distribution for orientation FR...
[0000][PE] (25, 50, 75) percentile: (256, 295, 330)
[0000][PE] low and high boundaries for computing mean and std.dev: (108, 478)
[0000][PE] mean and std.dev: (292.58, 51.32)
[0000][PE] low and high boundaries for proper pairs: (34, 552)
[0000][PE] analyzing insert size distribution for orientation RF...
[0000][PE] (25, 50, 75) percentile: (1006, 3556, 6144)
[0000][PE] low and high boundaries for computing mean and std.dev: (1, 16420)
[0000][PE] mean and std.dev: (3860.09, 3030.97)
[0000][PE] low and high boundaries for proper pairs: (1, 21558)
[0000][PE] analyzing insert size distribution for orientation RR...
[0000][PE] (25, 50, 75) percentile: (167, 211, 282)
[0000][PE] low and high boundaries for computing mean and std.dev: (1, 512)
[0000][PE] mean and std.dev: (195.91, 52.80)
[0000][PE] low and high boundaries for proper pairs: (1, 627)
[0000][PE] skip orientation FF
[0000][PE] skip orientation RF
[0000][PE] skip orientation RR
[0000] 3. Calling kt_for - worker_sam
	[0000][ M::mem_process_seqs] Processed 2738178 reads in 405.462 CPU sec, 10.769 real sec
[0000] Calling mem_process_seqs.., task: 18
[0000] 1. Calling kt_for - worker_bwt
[0000] 2. Calling kt_for - worker_aln
[0000] Inferring insert size distribution of PE reads from data, l_pac: 656111652, n: 2736652
[0000][PE] # candidate unique pairs for (FF, FR, RF, RR): (72, 1097310, 155, 79)
[0000][PE] analyzing insert size distribution for orientation FF...
[0000][PE] (25, 50, 75) percentile: (173, 223, 318)
[0000][PE] low and high boundaries for computing mean and std.dev: (1, 608)
[0000][PE] mean and std.dev: (210.57, 92.67)
[0000][PE] low and high boundaries for proper pairs: (1, 753)
[0000][PE] analyzing insert size distribution for orientation FR...
[0000][PE] (25, 50, 75) percentile: (256, 295, 331)
[0000][PE] low and high boundaries for computing mean and std.dev: (106, 481)
[0000][PE] mean and std.dev: (292.50, 51.60)
[0000][PE] low and high boundaries for proper pairs: (31, 556)
[0000][PE] analyzing insert size distribution for orientation RF...
[0000][PE] (25, 50, 75) percentile: (320, 2303, 6944)
[0000][PE] low and high boundaries for computing mean and std.dev: (1, 20192)
[0000][PE] mean and std.dev: (3541.29, 3569.78)
[0000][PE] low and high boundaries for proper pairs: (1, 26816)
[0000][PE] analyzing insert size distribution for orientation RR...
[0000][PE] (25, 50, 75) percentile: (158, 217, 666)
[0000][PE] low and high boundaries for computing mean and std.dev: (1, 1682)
[0000][PE] mean and std.dev: (252.57, 218.21)
[0000][PE] low and high boundaries for proper pairs: (1, 2190)
[0000][PE] skip orientation FF
[0000][PE] skip orientation RF
[0000][PE] skip orientation RR
[0000] 3. Calling kt_for - worker_sam
	[0000][ M::mem_process_seqs] Processed 2736652 reads in 446.543 CPU sec, 12.171 real sec
[0000] read_chunk: 400000000, work_chunk_size: 400000161, nseq: 2735694
	[0000][ M::kt_pipeline] read 2735694 sequences (400000161 bp)...
[0000] Calling mem_process_seqs.., task: 19
[0000] 1. Calling kt_for - worker_bwt
[0000] 2. Calling kt_for - worker_aln
[0000] Inferring insert size distribution of PE reads from data, l_pac: 656111652, n: 2735694
[0000][PE] # candidate unique pairs for (FF, FR, RF, RR): (69, 1075765, 117, 54)
[0000][PE] analyzing insert size distribution for orientation FF...
[0000][PE] (25, 50, 75) percentile: (144, 200, 269)
[0000][PE] low and high boundaries for computing mean and std.dev: (1, 519)
[0000][PE] mean and std.dev: (191.05, 74.39)
[0000][PE] low and high boundaries for proper pairs: (1, 644)
[0000][PE] analyzing insert size distribution for orientation FR...
[0000][PE] (25, 50, 75) percentile: (257, 295, 331)
[0000][PE] low and high boundaries for computing mean and std.dev: (109, 479)
[0000][PE] mean and std.dev: (292.75, 51.25)
[0000][PE] low and high boundaries for proper pairs: (35, 553)
[0000][PE] analyzing insert size distribution for orientation RF...
[0000][PE] (25, 50, 75) percentile: (747, 2468, 5673)
[0000][PE] low and high boundaries for computing mean and std.dev: (1, 15525)
[0000][PE] mean and std.dev: (3514.57, 3094.02)
[0000][PE] low and high boundaries for proper pairs: (1, 20451)
[0000][PE] analyzing insert size distribution for orientation RR...
[0000][PE] (25, 50, 75) percentile: (147, 185, 298)
[0000][PE] low and high boundaries for computing mean and std.dev: (1, 600)
[0000][PE] mean and std.dev: (203.61, 122.94)
[0000][PE] low and high boundaries for proper pairs: (1, 751)
[0000][PE] skip orientation FF
[0000][PE] skip orientation RF
[0000][PE] skip orientation RR
[0000] 3. Calling kt_for - worker_sam
[0000] read_chunk: 400000000, work_chunk_size: 400000061, nseq: 2737212
	[0000][ M::kt_pipeline] read 2737212 sequences (400000061 bp)...
	[0000][ M::mem_process_seqs] Processed 2735694 reads in 507.048 CPU sec, 13.965 real sec
[0000] Calling mem_process_seqs.., task: 20
[0000] 1. Calling kt_for - worker_bwt
[0000] 2. Calling kt_for - worker_aln
[0000] Inferring insert size distribution of PE reads from data, l_pac: 656111652, n: 2737212
[0000][PE] # candidate unique pairs for (FF, FR, RF, RR): (95, 1106159, 116, 96)
[0000][PE] analyzing insert size distribution for orientation FF...
[0000][PE] (25, 50, 75) percentile: (146, 194, 305)
[0000][PE] low and high boundaries for computing mean and std.dev: (1, 623)
[0000][PE] mean and std.dev: (189.51, 82.57)
[0000][PE] low and high boundaries for proper pairs: (1, 782)
[0000][PE] analyzing insert size distribution for orientation FR...
[0000][PE] (25, 50, 75) percentile: (257, 295, 330)
[0000][PE] low and high boundaries for computing mean and std.dev: (111, 476)
[0000][PE] mean and std.dev: (292.83, 51.00)
[0000][PE] low and high boundaries for proper pairs: (38, 549)
[0000][PE] analyzing insert size distribution for orientation RF...
[0000][PE] (25, 50, 75) percentile: (628, 3785, 7031)
[0000][PE] low and high boundaries for computing mean and std.dev: (1, 19837)
[0000][PE] mean and std.dev: (4093.87, 3472.34)
[0000][PE] low and high boundaries for proper pairs: (1, 26240)
[0000][PE] analyzing insert size distribution for orientation RR...
[0000][PE] (25, 50, 75) percentile: (147, 198, 358)
[0000][PE] low and high boundaries for computing mean and std.dev: (1, 780)
[0000][PE] mean and std.dev: (203.05, 120.37)
[0000][PE] low and high boundaries for proper pairs: (1, 991)
[0000][PE] skip orientation FF
[0000][PE] skip orientation RF
[0000][PE] skip orientation RR
[0000] 3. Calling kt_for - worker_sam
	[0000][ M::mem_process_seqs] Processed 2737212 reads in 457.273 CPU sec, 12.302 real sec
[0000] read_chunk: 400000000, work_chunk_size: 400000163, nseq: 2737808
	[0000][ M::kt_pipeline] read 2737808 sequences (400000163 bp)...
[0000] Calling mem_process_seqs.., task: 21
[0000] 1. Calling kt_for - worker_bwt
[0000] 2. Calling kt_for - worker_aln
[0000] Inferring insert size distribution of PE reads from data, l_pac: 656111652, n: 2737808
[0000][PE] # candidate unique pairs for (FF, FR, RF, RR): (86, 1122316, 144, 73)
[0000][PE] analyzing insert size distribution for orientation FF...
[0000][PE] (25, 50, 75) percentile: (161, 205, 282)
[0000][PE] low and high boundaries for computing mean and std.dev: (1, 524)
[0000][PE] mean and std.dev: (196.79, 78.82)
[0000][PE] low and high boundaries for proper pairs: (1, 645)
[0000][PE] analyzing insert size distribution for orientation FR...
[0000][PE] (25, 50, 75) percentile: (257, 295, 330)
[0000][PE] low and high boundaries for computing mean and std.dev: (111, 476)
[0000][PE] mean and std.dev: (292.87, 50.89)
[0000][PE] low and high boundaries for proper pairs: (38, 549)
[0000][PE] analyzing insert size distribution for orientation RF...
[0000][PE] (25, 50, 75) percentile: (700, 3514, 7108)
[0000][PE] low and high boundaries for computing mean and std.dev: (1, 19924)
[0000][PE] mean and std.dev: (3939.83, 3283.20)
[0000][PE] low and high boundaries for proper pairs: (1, 26332)
[0000][PE] analyzing insert size distribution for orientation RR...
[0000][PE] (25, 50, 75) percentile: (141, 190, 255)
[0000][PE] low and high boundaries for computing mean and std.dev: (1, 483)
[0000][PE] mean and std.dev: (180.06, 59.45)
[0000][PE] low and high boundaries for proper pairs: (1, 597)
[0000][PE] skip orientation FF
[0000][PE] skip orientation RF
[0000][PE] skip orientation RR
[0000] 3. Calling kt_for - worker_sam
[0000] read_chunk: 400000000, work_chunk_size: 400000036, nseq: 2737192
	[0000][ M::kt_pipeline] read 2737192 sequences (400000036 bp)...
	[0000][ M::mem_process_seqs] Processed 2737808 reads in 398.722 CPU sec, 11.742 real sec
[0000] Calling mem_process_seqs.., task: 22
[0000] 1. Calling kt_for - worker_bwt
[0000] 2. Calling kt_for - worker_aln
[0000] Inferring insert size distribution of PE reads from data, l_pac: 656111652, n: 2737192
[0000][PE] # candidate unique pairs for (FF, FR, RF, RR): (84, 1098241, 134, 91)
[0000][PE] analyzing insert size distribution for orientation FF...
[0000][PE] (25, 50, 75) percentile: (148, 203, 301)
[0000][PE] low and high boundaries for computing mean and std.dev: (1, 607)
[0000][PE] mean and std.dev: (196.44, 86.46)
[0000][PE] low and high boundaries for proper pairs: (1, 760)
[0000][PE] analyzing insert size distribution for orientation FR...
[0000][PE] (25, 50, 75) percentile: (257, 295, 331)
[0000][PE] low and high boundaries for computing mean and std.dev: (109, 479)
[0000][PE] mean and std.dev: (292.74, 51.23)
[0000][PE] low and high boundaries for proper pairs: (35, 553)
[0000][PE] analyzing insert size distribution for orientation RF...
[0000][PE] (25, 50, 75) percentile: (1133, 2798, 7815)
[0000][PE] low and high boundaries for computing mean and std.dev: (1, 21179)
[0000][PE] mean and std.dev: (4076.53, 3394.40)
[0000][PE] low and high boundaries for proper pairs: (1, 27861)
[0000][PE] analyzing insert size distribution for orientation RR...
[0000][PE] (25, 50, 75) percentile: (155, 220, 816)
[0000][PE] low and high boundaries for computing mean and std.dev: (1, 2138)
[0000][PE] mean and std.dev: (326.25, 394.71)
[0000][PE] low and high boundaries for proper pairs: (1, 2799)
[0000][PE] skip orientation FF
[0000][PE] skip orientation RF
[0000][PE] skip orientation RR
[0000] 3. Calling kt_for - worker_sam
	[0000][ M::mem_process_seqs] Processed 2737192 reads in 450.699 CPU sec, 12.992 real sec
[0000] read_chunk: 400000000, work_chunk_size: 400000045, nseq: 2736706
	[0000][ M::kt_pipeline] read 2736706 sequences (400000045 bp)...
[0000] Calling mem_process_seqs.., task: 23
[0000] 1. Calling kt_for - worker_bwt
[0000] 2. Calling kt_for - worker_aln
[0000] Inferring insert size distribution of PE reads from data, l_pac: 656111652, n: 2736706
[0000][PE] # candidate unique pairs for (FF, FR, RF, RR): (67, 1110137, 114, 92)
[0000][PE] analyzing insert size distribution for orientation FF...
[0000][PE] (25, 50, 75) percentile: (175, 217, 972)
[0000][PE] low and high boundaries for computing mean and std.dev: (1, 2566)
[0000][PE] mean and std.dev: (408.98, 485.84)
[0000][PE] low and high boundaries for proper pairs: (1, 3363)
[0000][PE] analyzing insert size distribution for orientation FR...
[0000][PE] (25, 50, 75) percentile: (256, 295, 330)
[0000][PE] low and high boundaries for computing mean and std.dev: (108, 478)
[0000][PE] mean and std.dev: (292.52, 51.36)
[0000][PE] low and high boundaries for proper pairs: (34, 552)
[0000][PE] analyzing insert size distribution for orientation RF...
[0000][PE] (25, 50, 75) percentile: (732, 2776, 5335)
[0000][PE] low and high boundaries for computing mean and std.dev: (1, 14541)
[0000][PE] mean and std.dev: (3629.32, 3130.30)
[0000][PE] low and high boundaries for proper pairs: (1, 19144)
[0000][PE] analyzing insert size distribution for orientation RR...
[0000][PE] (25, 50, 75) percentile: (162, 220, 357)
[0000][PE] low and high boundaries for computing mean and std.dev: (1, 747)
[0000][PE] mean and std.dev: (212.72, 103.71)
[0000][PE] low and high boundaries for proper pairs: (1, 942)
[0000][PE] skip orientation FF
[0000][PE] skip orientation RF
[0000][PE] skip orientation RR
[0000] 3. Calling kt_for - worker_sam
	[0000][ M::mem_process_seqs] Processed 2736706 reads in 437.231 CPU sec, 19.214 real sec
[0000] read_chunk: 400000000, work_chunk_size: 259185098, nseq: 1774194
	[0000][ M::kt_pipeline] read 1774194 sequences (259185098 bp)...
[0000] Calling mem_process_seqs.., task: 24
[0000] 1. Calling kt_for - worker_bwt
[0000] read_chunk: 400000000, work_chunk_size: 0, nseq: 0
[0000] 2. Calling kt_for - worker_aln
[0000] Inferring insert size distribution of PE reads from data, l_pac: 656111652, n: 1774194
[0000][PE] # candidate unique pairs for (FF, FR, RF, RR): (50, 735740, 98, 65)
[0000][PE] analyzing insert size distribution for orientation FF...
[0000][PE] (25, 50, 75) percentile: (144, 184, 314)
[0000][PE] low and high boundaries for computing mean and std.dev: (1, 654)
[0000][PE] mean and std.dev: (184.27, 86.29)
[0000][PE] low and high boundaries for proper pairs: (1, 824)
[0000][PE] analyzing insert size distribution for orientation FR...
[0000][PE] (25, 50, 75) percentile: (256, 295, 331)
[0000][PE] low and high boundaries for computing mean and std.dev: (106, 481)
[0000][PE] mean and std.dev: (292.53, 51.60)
[0000][PE] low and high boundaries for proper pairs: (31, 556)
[0000][PE] analyzing insert size distribution for orientation RF...
[0000][PE] (25, 50, 75) percentile: (594, 1697, 6554)
[0000][PE] low and high boundaries for computing mean and std.dev: (1, 18474)
[0000][PE] mean and std.dev: (3163.93, 3008.97)
[0000][PE] low and high boundaries for proper pairs: (1, 24434)
[0000][PE] analyzing insert size distribution for orientation RR...
[0000][PE] (25, 50, 75) percentile: (148, 237, 1191)
[0000][PE] low and high boundaries for computing mean and std.dev: (1, 3277)
[0000][PE] mean and std.dev: (450.50, 569.25)
[0000][PE] low and high boundaries for proper pairs: (1, 4320)
[0000][PE] skip orientation FF
[0000][PE] skip orientation RF
[0000][PE] skip orientation RR
[0000] 3. Calling kt_for - worker_sam
	[0000][ M::mem_process_seqs] Processed 1774194 reads in 236.558 CPU sec, 6.599 real sec
[0000] read_chunk: 400000000, work_chunk_size: 0, nseq: 0
[0000] Computation ends..
No. of OMP threads: 40
Processor is running @2394.712006 MHz
Runtime profile:

	Time taken for main_mem function: 472.96 sec

	IO times (sec) :
	Reading IO time (reads) avg: 218.86, (218.86, 218.86)
	Writing IO time (SAM) avg: 180.43, (180.43, 180.43)
	Reading IO time (Reference Genome) avg: 0.59, (0.59, 0.59)
	Index read time avg: 0.13, (0.13, 0.13)

	Overall time (sec) (Excluding Index reading time):
	PROCESS() (Total compute time + (read + SAM) IO time) : 472.23
	MEM_PROCESS_SEQ() (Total compute time (Kernel + SAM)), avg: 316.18, (316.18, 316.18)

	 SAM Processing time (sec):
	--WORKER_SAM avg: 131.07, (131.07, 131.07)

	Kernels' compute time (sec):
	Total kernel (smem+sal+bsw) time avg: 177.56, (177.56, 177.56)
		MEM_ALN_CHAIN_FLT avg: 0.00, (0.00, 0.00)
		MEM_ALN_CHAIN_SEED avg: 0.00, (0.00, 0.00)
		ERT_SEED_CHAIN avg: 0.00, (0.00, 0.00)
	LEARNED_SEED_CHAIN avg: 64.10, (64.44, 63.68)
		SMEM compute avg: 0.00, (0.00, 0.00)
		SAL compute avg: 0.00, (0.00, 0.00)
				MEM_SA avg: 0.00, (0.00, 0.00)

		BSW time, avg: 104.32, (104.95, 103.75)

Important parameter settings: 
	BATCH_SIZE: 512
	MAX_SEQ_LEN_REF: 256
	MAX_SEQ_LEN_QER: 128
	MAX_SEQ_LEN8: 128
	SEEDS_PER_READ: 500
	SIMD_WIDTH8 X: 64
	SIMD_WIDTH16 X: 32
	AVG_SEEDS_PER_READ: 64
