Looking to launch executable "/opt/conda/bin/bwa-meme_mode3.avx512bw", simd = _mode3.avx512bw
Launching executable "/opt/conda/bin/bwa-meme_mode3.avx512bw"
-----------------------------
Executing in AVX512 mode!!
-----------------------------
* SA compression enabled with xfactor: 8
* Ref file: reference.902362185.genome.fasta
* Entering FMI_search
Reading other elements of the index from files reference.902362185.genome.fasta
* Index prefix: reference.902362185.genome.fasta
* Read 0 ALT contigs
* Reading reference genome..
* Binary seq file = reference.902362185.genome.fasta.0123
* Reference genome size: 1312223304 bp
* Done reading reference genome !!

------------------------------------------
1. Memory pre-allocation for Chaining: 5679.4903 MB
2. Memory pre-allocation for BSW: 9584.6810 MB
[M::memoryAllocLearned::MEME] Reading Learned-index models into memory
[Learned-Config] MODE:3 SEARCH_METHOD: 1 MEM_TRADEOFF:1 EXPONENTIAL_SMEMSEARCH: 1 DEBUG_MODE:0 Num 2nd Models:268435456 PWL Bits Used:28
[M::memoryAllocLearned::MEME] Loading RMI model and Pac reference file took 9.651 sec
[M::memoryAllocLearned::MEME] Reading suffix array into memory
[M::memoryAllocLearned::MEME] Loading pos_packed file took 14.117 sec
[M::memoryAllocLearned::MEME] Generating SA, 64-bit Suffix and ISA in memory
[M::memoryAllocLearned::MEME] Runtime-build-index took 13.099 sec
3. Memory pre-allocation for BWT: 7204.5072 MB
------------------------------------------
* Threads used (compute): 40
* No. of pipeline threads: 2

[0000] read_chunk: 400000000, work_chunk_size: 400000295, nseq: 2863914
	[0000][ M::kt_pipeline] read 2863914 sequences (400000295 bp)...
[0000] Reallocating initial memory allocations!!
[0000] Calling mem_process_seqs.., task: 0
[0000] 1. Calling kt_for - worker_bwt
[0000] 2. Calling kt_for - worker_aln
[0000] Inferring insert size distribution of PE reads from data, l_pac: 656111652, n: 2863914
[0000][PE] # candidate unique pairs for (FF, FR, RF, RR): (82, 1155612, 108, 76)
[0000][PE] analyzing insert size distribution for orientation FF...
[0000][PE] (25, 50, 75) percentile: (125, 182, 263)
[0000][PE] low and high boundaries for computing mean and std.dev: (1, 539)
[0000][PE] mean and std.dev: (171.85, 82.35)
[0000][PE] low and high boundaries for proper pairs: (1, 677)
[0000][PE] analyzing insert size distribution for orientation FR...
[0000][PE] (25, 50, 75) percentile: (210, 272, 317)
[0000][PE] low and high boundaries for computing mean and std.dev: (1, 531)
[0000][PE] mean and std.dev: (251.98, 86.39)
[0000][PE] low and high boundaries for proper pairs: (1, 638)
[0000][PE] analyzing insert size distribution for orientation RF...
[0000][PE] (25, 50, 75) percentile: (525, 3192, 6413)
[0000][PE] low and high boundaries for computing mean and std.dev: (1, 18189)
[0000][PE] mean and std.dev: (3643.79, 3145.10)
[0000][PE] low and high boundaries for proper pairs: (1, 24077)
[0000][PE] analyzing insert size distribution for orientation RR...
[0000][PE] (25, 50, 75) percentile: (148, 207, 749)
[0000][PE] low and high boundaries for computing mean and std.dev: (1, 1951)
[0000][PE] mean and std.dev: (330.05, 399.31)
[0000][PE] low and high boundaries for proper pairs: (1, 2552)
[0000][PE] skip orientation FF
[0000][PE] skip orientation RF
[0000][PE] skip orientation RR
[0000] 3. Calling kt_for - worker_sam
[0000] read_chunk: 400000000, work_chunk_size: 400000271, nseq: 2862436
	[0000][ M::kt_pipeline] read 2862436 sequences (400000271 bp)...
	[0000][ M::mem_process_seqs] Processed 2863914 reads in 432.571 CPU sec, 11.724 real sec
[0000] Calling mem_process_seqs.., task: 1
[0000] 1. Calling kt_for - worker_bwt
[0000] 2. Calling kt_for - worker_aln
[0000] Inferring insert size distribution of PE reads from data, l_pac: 656111652, n: 2862436
[0000][PE] # candidate unique pairs for (FF, FR, RF, RR): (87, 1146580, 112, 83)
[0000][PE] analyzing insert size distribution for orientation FF...
[0000][PE] (25, 50, 75) percentile: (134, 198, 270)
[0000][PE] low and high boundaries for computing mean and std.dev: (1, 542)
[0000][PE] mean and std.dev: (176.26, 84.43)
[0000][PE] low and high boundaries for proper pairs: (1, 678)
[0000][PE] analyzing insert size distribution for orientation FR...
[0000][PE] (25, 50, 75) percentile: (210, 272, 317)
[0000][PE] low and high boundaries for computing mean and std.dev: (1, 531)
[0000][PE] mean and std.dev: (252.06, 86.41)
[0000][PE] low and high boundaries for proper pairs: (1, 638)
[0000][PE] analyzing insert size distribution for orientation RF...
[0000][PE] (25, 50, 75) percentile: (775, 3869, 6833)
[0000][PE] low and high boundaries for computing mean and std.dev: (1, 18949)
[0000][PE] mean and std.dev: (3900.30, 3078.12)
[0000][PE] low and high boundaries for proper pairs: (1, 25007)
[0000][PE] analyzing insert size distribution for orientation RR...
[0000][PE] (25, 50, 75) percentile: (145, 205, 505)
[0000][PE] low and high boundaries for computing mean and std.dev: (1, 1225)
[0000][PE] mean and std.dev: (228.57, 211.92)
[0000][PE] low and high boundaries for proper pairs: (1, 1585)
[0000][PE] skip orientation FF
[0000][PE] skip orientation RF
[0000][PE] skip orientation RR
[0000] 3. Calling kt_for - worker_sam
	[0000][ M::mem_process_seqs] Processed 2862436 reads in 463.230 CPU sec, 12.839 real sec
[0000] read_chunk: 400000000, work_chunk_size: 400000092, nseq: 2864678
	[0000][ M::kt_pipeline] read 2864678 sequences (400000092 bp)...
[0000] Reallocating initial memory allocations!!
[0000] Calling mem_process_seqs.., task: 2
[0000] 1. Calling kt_for - worker_bwt
[0000] 2. Calling kt_for - worker_aln
[0000] read_chunk: 400000000, work_chunk_size: 258871578, nseq: 1854998
	[0000][ M::kt_pipeline] read 1854998 sequences (258871578 bp)...
[0000] Inferring insert size distribution of PE reads from data, l_pac: 656111652, n: 2864678
[0000][PE] # candidate unique pairs for (FF, FR, RF, RR): (85, 1156548, 92, 79)
[0000][PE] analyzing insert size distribution for orientation FF...
[0000][PE] (25, 50, 75) percentile: (114, 175, 247)
[0000][PE] low and high boundaries for computing mean and std.dev: (1, 513)
[0000][PE] mean and std.dev: (160.43, 79.46)
[0000][PE] low and high boundaries for proper pairs: (1, 646)
[0000][PE] analyzing insert size distribution for orientation FR...
[0000][PE] (25, 50, 75) percentile: (209, 272, 317)
[0000][PE] low and high boundaries for computing mean and std.dev: (1, 533)
[0000][PE] mean and std.dev: (251.96, 86.46)
[0000][PE] low and high boundaries for proper pairs: (1, 641)
[0000][PE] analyzing insert size distribution for orientation RF...
[0000][PE] (25, 50, 75) percentile: (566, 2907, 7580)
[0000][PE] low and high boundaries for computing mean and std.dev: (1, 21608)
[0000][PE] mean and std.dev: (3880.85, 3544.05)
[0000][PE] low and high boundaries for proper pairs: (1, 28622)
[0000][PE] analyzing insert size distribution for orientation RR...
[0000][PE] (25, 50, 75) percentile: (157, 220, 642)
[0000][PE] low and high boundaries for computing mean and std.dev: (1, 1612)
[0000][PE] mean and std.dev: (224.08, 170.23)
[0000][PE] low and high boundaries for proper pairs: (1, 2097)
[0000][PE] skip orientation FF
[0000][PE] skip orientation RF
[0000][PE] skip orientation RR
[0000] 3. Calling kt_for - worker_sam
	[0000][ M::mem_process_seqs] Processed 2864678 reads in 437.719 CPU sec, 12.093 real sec
[0000] Calling mem_process_seqs.., task: 3
[0000] 1. Calling kt_for - worker_bwt
[0000] 2. Calling kt_for - worker_aln
[0000] read_chunk: 400000000, work_chunk_size: 0, nseq: 0
[0000] Inferring insert size distribution of PE reads from data, l_pac: 656111652, n: 1854998
[0000][PE] # candidate unique pairs for (FF, FR, RF, RR): (55, 755199, 85, 35)
[0000][PE] analyzing insert size distribution for orientation FF...
[0000][PE] (25, 50, 75) percentile: (132, 172, 227)
[0000][PE] low and high boundaries for computing mean and std.dev: (1, 417)
[0000][PE] mean and std.dev: (147.84, 56.63)
[0000][PE] low and high boundaries for proper pairs: (1, 512)
[0000][PE] analyzing insert size distribution for orientation FR...
[0000][PE] (25, 50, 75) percentile: (210, 272, 317)
[0000][PE] low and high boundaries for computing mean and std.dev: (1, 531)
[0000][PE] mean and std.dev: (251.91, 86.41)
[0000][PE] low and high boundaries for proper pairs: (1, 638)
[0000][PE] analyzing insert size distribution for orientation RF...
[0000][PE] (25, 50, 75) percentile: (563, 2602, 6128)
[0000][PE] low and high boundaries for computing mean and std.dev: (1, 17258)
[0000][PE] mean and std.dev: (3532.54, 3254.41)
[0000][PE] low and high boundaries for proper pairs: (1, 22823)
[0000][PE] analyzing insert size distribution for orientation RR...
[0000][PE] (25, 50, 75) percentile: (121, 212, 293)
[0000][PE] low and high boundaries for computing mean and std.dev: (1, 637)
[0000][PE] mean and std.dev: (176.52, 103.43)
[0000][PE] low and high boundaries for proper pairs: (1, 809)
[0000][PE] skip orientation FF
[0000][PE] skip orientation RF
[0000][PE] skip orientation RR
[0000] 3. Calling kt_for - worker_sam
	[0000][ M::mem_process_seqs] Processed 1854998 reads in 269.185 CPU sec, 7.353 real sec
[0000] read_chunk: 400000000, work_chunk_size: 0, nseq: 0
[0000] Computation ends..
No. of OMP threads: 40
Processor is running @2394.732964 MHz
Runtime profile:

	Time taken for main_mem function: 88.12 sec

	IO times (sec) :
	Reading IO time (reads) avg: 31.47, (31.47, 31.47)
	Writing IO time (SAM) avg: 12.74, (12.74, 12.74)
	Reading IO time (Reference Genome) avg: 0.51, (0.51, 0.51)
	Index read time avg: 0.12, (0.12, 0.12)

	Overall time (sec) (Excluding Index reading time):
	PROCESS() (Total compute time + (read + SAM) IO time) : 87.48
	MEM_PROCESS_SEQ() (Total compute time (Kernel + SAM)), avg: 44.00, (44.00, 44.00)

	 SAM Processing time (sec):
	--WORKER_SAM avg: 18.05, (18.05, 18.05)

	Kernels' compute time (sec):
	Total kernel (smem+sal+bsw) time avg: 24.85, (24.85, 24.85)
		MEM_ALN_CHAIN_FLT avg: 0.00, (0.00, 0.00)
		MEM_ALN_CHAIN_SEED avg: 0.00, (0.00, 0.00)
		ERT_SEED_CHAIN avg: 0.00, (0.00, 0.00)
	LEARNED_SEED_CHAIN avg: 9.27, (9.36, 9.23)
		SMEM compute avg: 0.00, (0.00, 0.00)
		SAL compute avg: 0.00, (0.00, 0.00)
				MEM_SA avg: 0.00, (0.00, 0.00)

		BSW time, avg: 14.27, (14.56, 14.10)

Important parameter settings: 
	BATCH_SIZE: 512
	MAX_SEQ_LEN_REF: 256
	MAX_SEQ_LEN_QER: 128
	MAX_SEQ_LEN8: 128
	SEEDS_PER_READ: 500
	SIMD_WIDTH8 X: 64
	SIMD_WIDTH16 X: 32
	AVG_SEEDS_PER_READ: 64
