Looking to launch executable "/opt/conda/bin/bwa-meme_mode3.avx512bw", simd = _mode3.avx512bw
Launching executable "/opt/conda/bin/bwa-meme_mode3.avx512bw"
-----------------------------
Executing in AVX512 mode!!
-----------------------------
* SA compression enabled with xfactor: 8
* Ref file: reference.902362185.genome.fasta
* Entering FMI_search
Reading other elements of the index from files reference.902362185.genome.fasta
* Index prefix: reference.902362185.genome.fasta
* Read 0 ALT contigs
* Reading reference genome..
* Binary seq file = reference.902362185.genome.fasta.0123
* Reference genome size: 1312223304 bp
* Done reading reference genome !!

------------------------------------------
1. Memory pre-allocation for Chaining: 5679.4903 MB
2. Memory pre-allocation for BSW: 9584.6810 MB
[M::memoryAllocLearned::MEME] Reading Learned-index models into memory
[Learned-Config] MODE:3 SEARCH_METHOD: 1 MEM_TRADEOFF:1 EXPONENTIAL_SMEMSEARCH: 1 DEBUG_MODE:0 Num 2nd Models:268435456 PWL Bits Used:28
[M::memoryAllocLearned::MEME] Loading RMI model and Pac reference file took 9.703 sec
[M::memoryAllocLearned::MEME] Reading suffix array into memory
[M::memoryAllocLearned::MEME] Loading pos_packed file took 14.237 sec
[M::memoryAllocLearned::MEME] Generating SA, 64-bit Suffix and ISA in memory
[M::memoryAllocLearned::MEME] Runtime-build-index took 13.380 sec
3. Memory pre-allocation for BWT: 7204.5072 MB
------------------------------------------
* Threads used (compute): 40
* No. of pipeline threads: 2

[0000] read_chunk: 400000000, work_chunk_size: 400000227, nseq: 2789144
	[0000][ M::kt_pipeline] read 2789144 sequences (400000227 bp)...
[0000] Reallocating initial memory allocations!!
[0000] Calling mem_process_seqs.., task: 0
[0000] 1. Calling kt_for - worker_bwt
[0000] read_chunk: 400000000, work_chunk_size: 400000108, nseq: 2788756
	[0000][ M::kt_pipeline] read 2788756 sequences (400000108 bp)...
[0000] 2. Calling kt_for - worker_aln
[0000] Inferring insert size distribution of PE reads from data, l_pac: 656111652, n: 2789144
[0000][PE] # candidate unique pairs for (FF, FR, RF, RR): (90, 1114967, 106, 69)
[0000][PE] analyzing insert size distribution for orientation FF...
[0000][PE] (25, 50, 75) percentile: (162, 211, 1300)
[0000][PE] low and high boundaries for computing mean and std.dev: (1, 3576)
[0000][PE] mean and std.dev: (606.75, 895.23)
[0000][PE] low and high boundaries for proper pairs: (1, 4714)
[0000][PE] analyzing insert size distribution for orientation FR...
[0000][PE] (25, 50, 75) percentile: (239, 284, 323)
[0000][PE] low and high boundaries for computing mean and std.dev: (71, 491)
[0000][PE] mean and std.dev: (276.04, 66.38)
[0000][PE] low and high boundaries for proper pairs: (1, 575)
[0000][PE] analyzing insert size distribution for orientation RF...
[0000][PE] (25, 50, 75) percentile: (647, 3521, 7583)
[0000][PE] low and high boundaries for computing mean and std.dev: (1, 21455)
[0000][PE] mean and std.dev: (4145.92, 3424.47)
[0000][PE] low and high boundaries for proper pairs: (1, 28391)
[0000][PE] analyzing insert size distribution for orientation RR...
[0000][PE] (25, 50, 75) percentile: (165, 220, 556)
[0000][PE] low and high boundaries for computing mean and std.dev: (1, 1338)
[0000][PE] mean and std.dev: (288.61, 264.40)
[0000][PE] low and high boundaries for proper pairs: (1, 1729)
[0000][PE] skip orientation FF
[0000][PE] skip orientation RF
[0000][PE] skip orientation RR
[0000] 3. Calling kt_for - worker_sam
	[0000][ M::mem_process_seqs] Processed 2789144 reads in 460.204 CPU sec, 13.835 real sec
[0000] Calling mem_process_seqs.., task: 1
[0000] 1. Calling kt_for - worker_bwt
[0000] 2. Calling kt_for - worker_aln
[0000] Inferring insert size distribution of PE reads from data, l_pac: 656111652, n: 2788756
[0000][PE] # candidate unique pairs for (FF, FR, RF, RR): (78, 1109730, 100, 79)
[0000][PE] analyzing insert size distribution for orientation FF...
[0000][PE] (25, 50, 75) percentile: (140, 199, 298)
[0000][PE] low and high boundaries for computing mean and std.dev: (1, 614)
[0000][PE] mean and std.dev: (186.17, 87.37)
[0000][PE] low and high boundaries for proper pairs: (1, 772)
[0000][PE] analyzing insert size distribution for orientation FR...
[0000][PE] (25, 50, 75) percentile: (239, 284, 323)
[0000][PE] low and high boundaries for computing mean and std.dev: (71, 491)
[0000][PE] mean and std.dev: (276.10, 66.38)
[0000][PE] low and high boundaries for proper pairs: (1, 575)
[0000][PE] analyzing insert size distribution for orientation RF...
[0000][PE] (25, 50, 75) percentile: (505, 2024, 6550)
[0000][PE] low and high boundaries for computing mean and std.dev: (1, 18640)
[0000][PE] mean and std.dev: (3417.45, 3200.04)
[0000][PE] low and high boundaries for proper pairs: (1, 24685)
[0000][PE] analyzing insert size distribution for orientation RR...
[0000][PE] (25, 50, 75) percentile: (154, 210, 306)
[0000][PE] low and high boundaries for computing mean and std.dev: (1, 610)
[0000][PE] mean and std.dev: (195.00, 80.37)
[0000][PE] low and high boundaries for proper pairs: (1, 762)
[0000][PE] skip orientation FF
[0000][PE] skip orientation RF
[0000][PE] skip orientation RR
[0000] 3. Calling kt_for - worker_sam
	[0000][ M::mem_process_seqs] Processed 2788756 reads in 469.203 CPU sec, 12.824 real sec
[0000] read_chunk: 400000000, work_chunk_size: 400000200, nseq: 2788708
	[0000][ M::kt_pipeline] read 2788708 sequences (400000200 bp)...
[0000] Calling mem_process_seqs.., task: 2
[0000] 1. Calling kt_for - worker_bwt
[0000] 2. Calling kt_for - worker_aln
[0000] Inferring insert size distribution of PE reads from data, l_pac: 656111652, n: 2788708
[0000][PE] # candidate unique pairs for (FF, FR, RF, RR): (77, 1115285, 99, 88)
[0000][PE] analyzing insert size distribution for orientation FF...
[0000][PE] (25, 50, 75) percentile: (153, 191, 269)
[0000][PE] low and high boundaries for computing mean and std.dev: (1, 501)
[0000][PE] mean and std.dev: (182.97, 58.21)
[0000][PE] low and high boundaries for proper pairs: (1, 617)
[0000][PE] analyzing insert size distribution for orientation FR...
[0000][PE] (25, 50, 75) percentile: (239, 284, 323)
[0000][PE] low and high boundaries for computing mean and std.dev: (71, 491)
[0000][PE] mean and std.dev: (276.11, 66.31)
[0000][PE] low and high boundaries for proper pairs: (1, 575)
[0000][PE] analyzing insert size distribution for orientation RF...
[0000][PE] (25, 50, 75) percentile: (701, 2326, 6817)
[0000][PE] low and high boundaries for computing mean and std.dev: (1, 19049)
[0000][PE] mean and std.dev: (3566.23, 3194.53)
[0000][PE] low and high boundaries for proper pairs: (1, 25165)
[0000][PE] analyzing insert size distribution for orientation RR...
[0000][PE] (25, 50, 75) percentile: (147, 213, 276)
[0000][PE] low and high boundaries for computing mean and std.dev: (1, 534)
[0000][PE] mean and std.dev: (196.70, 79.01)
[0000][PE] low and high boundaries for proper pairs: (1, 663)
[0000][PE] skip orientation FF
[0000][PE] skip orientation RF
[0000][PE] skip orientation RR
[0000] 3. Calling kt_for - worker_sam
	[0000][ M::mem_process_seqs] Processed 2788708 reads in 471.783 CPU sec, 13.416 real sec
[0000] read_chunk: 400000000, work_chunk_size: 400000002, nseq: 2789938
	[0000][ M::kt_pipeline] read 2789938 sequences (400000002 bp)...
[0000] Reallocating initial memory allocations!!
[0000] Calling mem_process_seqs.., task: 3
[0000] 1. Calling kt_for - worker_bwt
[0000] 2. Calling kt_for - worker_aln
[0000] read_chunk: 400000000, work_chunk_size: 400000234, nseq: 2789686
	[0000][ M::kt_pipeline] read 2789686 sequences (400000234 bp)...
[0000] Inferring insert size distribution of PE reads from data, l_pac: 656111652, n: 2789938
[0000][PE] # candidate unique pairs for (FF, FR, RF, RR): (60, 1120938, 99, 66)
[0000][PE] analyzing insert size distribution for orientation FF...
[0000][PE] (25, 50, 75) percentile: (138, 186, 233)
[0000][PE] low and high boundaries for computing mean and std.dev: (1, 423)
[0000][PE] mean and std.dev: (176.83, 65.59)
[0000][PE] low and high boundaries for proper pairs: (1, 518)
[0000][PE] analyzing insert size distribution for orientation FR...
[0000][PE] (25, 50, 75) percentile: (239, 284, 323)
[0000][PE] low and high boundaries for computing mean and std.dev: (71, 491)
[0000][PE] mean and std.dev: (276.03, 66.36)
[0000][PE] low and high boundaries for proper pairs: (1, 575)
[0000][PE] analyzing insert size distribution for orientation RF...
[0000][PE] (25, 50, 75) percentile: (471, 2345, 6125)
[0000][PE] low and high boundaries for computing mean and std.dev: (1, 17433)
[0000][PE] mean and std.dev: (3301.61, 3171.03)
[0000][PE] low and high boundaries for proper pairs: (1, 23087)
[0000][PE] analyzing insert size distribution for orientation RR...
[0000][PE] (25, 50, 75) percentile: (179, 223, 591)
[0000][PE] low and high boundaries for computing mean and std.dev: (1, 1415)
[0000][PE] mean and std.dev: (278.45, 241.64)
[0000][PE] low and high boundaries for proper pairs: (1, 1827)
[0000][PE] skip orientation FF
[0000][PE] skip orientation RF
[0000][PE] skip orientation RR
[0000] 3. Calling kt_for - worker_sam
	[0000][ M::mem_process_seqs] Processed 2789938 reads in 438.474 CPU sec, 11.868 real sec
[0000] Calling mem_process_seqs.., task: 4
[0000] 1. Calling kt_for - worker_bwt
[0000] 2. Calling kt_for - worker_aln
[0000] Inferring insert size distribution of PE reads from data, l_pac: 656111652, n: 2789686
[0000][PE] # candidate unique pairs for (FF, FR, RF, RR): (80, 1119794, 131, 70)
[0000][PE] analyzing insert size distribution for orientation FF...
[0000][PE] (25, 50, 75) percentile: (148, 211, 365)
[0000][PE] low and high boundaries for computing mean and std.dev: (1, 799)
[0000][PE] mean and std.dev: (206.45, 120.38)
[0000][PE] low and high boundaries for proper pairs: (1, 1016)
[0000][PE] analyzing insert size distribution for orientation FR...
[0000][PE] (25, 50, 75) percentile: (239, 284, 323)
[0000][PE] low and high boundaries for computing mean and std.dev: (71, 491)
[0000][PE] mean and std.dev: (276.06, 66.35)
[0000][PE] low and high boundaries for proper pairs: (1, 575)
[0000][PE] analyzing insert size distribution for orientation RF...
[0000][PE] (25, 50, 75) percentile: (409, 2146, 6213)
[0000][PE] low and high boundaries for computing mean and std.dev: (1, 17821)
[0000][PE] mean and std.dev: (3299.61, 3186.78)
[0000][PE] low and high boundaries for proper pairs: (1, 23625)
[0000][PE] analyzing insert size distribution for orientation RR...
[0000][PE] (25, 50, 75) percentile: (171, 229, 453)
[0000][PE] low and high boundaries for computing mean and std.dev: (1, 1017)
[0000][PE] mean and std.dev: (242.82, 125.76)
[0000][PE] low and high boundaries for proper pairs: (1, 1299)
[0000][PE] skip orientation FF
[0000][PE] skip orientation RF
[0000][PE] skip orientation RR
[0000] 3. Calling kt_for - worker_sam
	[0000][ M::mem_process_seqs] Processed 2789686 reads in 456.239 CPU sec, 12.844 real sec
[0000] read_chunk: 400000000, work_chunk_size: 400000299, nseq: 2790602
	[0000][ M::kt_pipeline] read 2790602 sequences (400000299 bp)...
[0000] Reallocating initial memory allocations!!
[0000] Calling mem_process_seqs.., task: 5
[0000] 1. Calling kt_for - worker_bwt
[0000] read_chunk: 400000000, work_chunk_size: 21077425, nseq: 147120
	[0000][ M::kt_pipeline] read 147120 sequences (21077425 bp)...
[0000] 2. Calling kt_for - worker_aln
[0000] Inferring insert size distribution of PE reads from data, l_pac: 656111652, n: 2790602
[0000][PE] # candidate unique pairs for (FF, FR, RF, RR): (83, 1129942, 113, 71)
[0000][PE] analyzing insert size distribution for orientation FF...
[0000][PE] (25, 50, 75) percentile: (166, 225, 354)
[0000][PE] low and high boundaries for computing mean and std.dev: (1, 730)
[0000][PE] mean and std.dev: (214.79, 115.92)
[0000][PE] low and high boundaries for proper pairs: (1, 918)
[0000][PE] analyzing insert size distribution for orientation FR...
[0000][PE] (25, 50, 75) percentile: (239, 284, 323)
[0000][PE] low and high boundaries for computing mean and std.dev: (71, 491)
[0000][PE] mean and std.dev: (275.99, 66.38)
[0000][PE] low and high boundaries for proper pairs: (1, 575)
[0000][PE] analyzing insert size distribution for orientation RF...
[0000][PE] (25, 50, 75) percentile: (633, 2179, 5097)
[0000][PE] low and high boundaries for computing mean and std.dev: (1, 14025)
[0000][PE] mean and std.dev: (3154.49, 2696.70)
[0000][PE] low and high boundaries for proper pairs: (1, 18489)
[0000][PE] analyzing insert size distribution for orientation RR...
[0000][PE] (25, 50, 75) percentile: (171, 237, 906)
[0000][PE] low and high boundaries for computing mean and std.dev: (1, 2376)
[0000][PE] mean and std.dev: (387.84, 387.23)
[0000][PE] low and high boundaries for proper pairs: (1, 3111)
[0000][PE] skip orientation FF
[0000][PE] skip orientation RF
[0000][PE] skip orientation RR
[0000] 3. Calling kt_for - worker_sam
	[0000][ M::mem_process_seqs] Processed 2790602 reads in 417.662 CPU sec, 11.202 real sec
[0000] Calling mem_process_seqs.., task: 6
[0000] 1. Calling kt_for - worker_bwt
[0000] 2. Calling kt_for - worker_aln
[0000] Inferring insert size distribution of PE reads from data, l_pac: 656111652, n: 147120
[0000][PE] # candidate unique pairs for (FF, FR, RF, RR): (6, 60355, 4, 3)
[0000][PE] skip orientation FF as there are not enough pairs
[0000][PE] analyzing insert size distribution for orientation FR...
[0000][PE] (25, 50, 75) percentile: (239, 284, 323)
[0000][PE] low and high boundaries for computing mean and std.dev: (71, 491)
[0000][PE] mean and std.dev: (275.98, 66.44)
[0000][PE] low and high boundaries for proper pairs: (1, 575)
[0000][PE] skip orientation RF as there are not enough pairs
[0000][PE] skip orientation RR as there are not enough pairs
[0000] 3. Calling kt_for - worker_sam
	[0000][ M::mem_process_seqs] Processed 147120 reads in 22.395 CPU sec, 1.024 real sec
[0000] read_chunk: 400000000, work_chunk_size: 0, nseq: 0
[0000] read_chunk: 400000000, work_chunk_size: 0, nseq: 0
[0000] Computation ends..
No. of OMP threads: 40
Processor is running @2394.720078 MHz
Runtime profile:

	Time taken for main_mem function: 161.08 sec

	IO times (sec) :
	Reading IO time (reads) avg: 75.36, (75.36, 75.36)
	Writing IO time (SAM) avg: 18.12, (18.12, 18.12)
	Reading IO time (Reference Genome) avg: 0.58, (0.58, 0.58)
	Index read time avg: 0.13, (0.13, 0.13)

	Overall time (sec) (Excluding Index reading time):
	PROCESS() (Total compute time + (read + SAM) IO time) : 160.37
	MEM_PROCESS_SEQ() (Total compute time (Kernel + SAM)), avg: 77.00, (77.00, 77.00)

	 SAM Processing time (sec):
	--WORKER_SAM avg: 31.27, (31.27, 31.27)

	Kernels' compute time (sec):
	Total kernel (smem+sal+bsw) time avg: 43.87, (43.87, 43.87)
		MEM_ALN_CHAIN_FLT avg: 0.00, (0.00, 0.00)
		MEM_ALN_CHAIN_SEED avg: 0.00, (0.00, 0.00)
		ERT_SEED_CHAIN avg: 0.00, (0.00, 0.00)
	LEARNED_SEED_CHAIN avg: 17.55, (17.65, 17.45)
		SMEM compute avg: 0.00, (0.00, 0.00)
		SAL compute avg: 0.00, (0.00, 0.00)
				MEM_SA avg: 0.00, (0.00, 0.00)

		BSW time, avg: 24.24, (24.82, 23.99)

Important parameter settings: 
	BATCH_SIZE: 512
	MAX_SEQ_LEN_REF: 256
	MAX_SEQ_LEN_QER: 128
	MAX_SEQ_LEN8: 128
	SEEDS_PER_READ: 500
	SIMD_WIDTH8 X: 64
	SIMD_WIDTH16 X: 32
	AVG_SEEDS_PER_READ: 64
