Looking to launch executable "/opt/conda/bin/bwa-meme_mode3.avx512bw", simd = _mode3.avx512bw
Launching executable "/opt/conda/bin/bwa-meme_mode3.avx512bw"
-----------------------------
Executing in AVX512 mode!!
-----------------------------
* SA compression enabled with xfactor: 8
* Ref file: reference.902362185.genome.fasta
* Entering FMI_search
Reading other elements of the index from files reference.902362185.genome.fasta
* Index prefix: reference.902362185.genome.fasta
* Read 0 ALT contigs
* Reading reference genome..
* Binary seq file = reference.902362185.genome.fasta.0123
* Reference genome size: 1312223304 bp
* Done reading reference genome !!

------------------------------------------
1. Memory pre-allocation for Chaining: 5679.4903 MB
2. Memory pre-allocation for BSW: 9584.6810 MB
[M::memoryAllocLearned::MEME] Reading Learned-index models into memory
[Learned-Config] MODE:3 SEARCH_METHOD: 1 MEM_TRADEOFF:1 EXPONENTIAL_SMEMSEARCH: 1 DEBUG_MODE:0 Num 2nd Models:268435456 PWL Bits Used:28
[M::memoryAllocLearned::MEME] Loading RMI model and Pac reference file took 10.949 sec
[M::memoryAllocLearned::MEME] Reading suffix array into memory
[M::memoryAllocLearned::MEME] Loading pos_packed file took 15.273 sec
[M::memoryAllocLearned::MEME] Generating SA, 64-bit Suffix and ISA in memory
[M::memoryAllocLearned::MEME] Runtime-build-index took 13.103 sec
3. Memory pre-allocation for BWT: 7204.5072 MB
------------------------------------------
* Threads used (compute): 40
* No. of pipeline threads: 2

[0000] read_chunk: 400000000, work_chunk_size: 400000166, nseq: 2808806
	[0000][ M::kt_pipeline] read 2808806 sequences (400000166 bp)...
[0000] Reallocating initial memory allocations!!
[0000] Calling mem_process_seqs.., task: 0
[0000] 1. Calling kt_for - worker_bwt
[0000] 2. Calling kt_for - worker_aln
[0000] Inferring insert size distribution of PE reads from data, l_pac: 656111652, n: 2808806
[0000] read_chunk: 400000000, work_chunk_size: 400000270, nseq: 2809298
[0000][PE] # candidate unique pairs for (FF, FR, RF, RR): (91, 1111981, 108, 77)
[0000][PE] analyzing insert size distribution for orientation FF...
[0000][PE] (25, 50, 75) percentile: (139, 198, 604)
[0000][PE] low and high boundaries for computing mean and std.dev: (1, 1534)
[0000][PE] mean and std.dev: (208.29, 150.52)
[0000][PE] low and high boundaries for proper pairs: (1, 1999)
[0000][PE] analyzing insert size distribution for orientation FR...
	[0000][ M::kt_pipeline] read 2809298 sequences (400000270 bp)...
[0000][PE] (25, 50, 75) percentile: (232, 280, 321)
[0000][PE] low and high boundaries for computing mean and std.dev: (54, 499)
[0000][PE] mean and std.dev: (267.71, 74.33)
[0000][PE] low and high boundaries for proper pairs: (1, 588)
[0000][PE] analyzing insert size distribution for orientation RF...
[0000][PE] (25, 50, 75) percentile: (612, 3447, 5500)
[0000][PE] low and high boundaries for computing mean and std.dev: (1, 15276)
[0000][PE] mean and std.dev: (3534.76, 3007.08)
[0000][PE] low and high boundaries for proper pairs: (1, 20164)
[0000][PE] analyzing insert size distribution for orientation RR...
[0000][PE] (25, 50, 75) percentile: (137, 204, 514)
[0000][PE] low and high boundaries for computing mean and std.dev: (1, 1268)
[0000][PE] mean and std.dev: (225.30, 183.06)
[0000][PE] low and high boundaries for proper pairs: (1, 1645)
[0000][PE] skip orientation FF
[0000][PE] skip orientation RF
[0000][PE] skip orientation RR
[0000] 3. Calling kt_for - worker_sam
	[0000][ M::mem_process_seqs] Processed 2808806 reads in 467.645 CPU sec, 12.508 real sec
[0000] Reallocating initial memory allocations!!
[0000] Calling mem_process_seqs.., task: 1
[0000] 1. Calling kt_for - worker_bwt
[0000] 2. Calling kt_for - worker_aln
[0000] Inferring insert size distribution of PE reads from data, l_pac: 656111652, n: 2809298
[0000][PE] # candidate unique pairs for (FF, FR, RF, RR): (91, 1106327, 122, 79)
[0000][PE] analyzing insert size distribution for orientation FF...
[0000][PE] (25, 50, 75) percentile: (131, 197, 346)
[0000][PE] low and high boundaries for computing mean and std.dev: (1, 776)
[0000][PE] mean and std.dev: (180.58, 90.06)
[0000][PE] low and high boundaries for proper pairs: (1, 991)
[0000][PE] analyzing insert size distribution for orientation FR...
[0000][PE] (25, 50, 75) percentile: (232, 280, 321)
[0000][PE] low and high boundaries for computing mean and std.dev: (54, 499)
[0000][PE] mean and std.dev: (267.40, 74.50)
[0000][PE] low and high boundaries for proper pairs: (1, 588)
[0000][PE] analyzing insert size distribution for orientation RF...
[0000][PE] (25, 50, 75) percentile: (617, 2331, 5632)
[0000][PE] low and high boundaries for computing mean and std.dev: (1, 15662)
[0000][PE] mean and std.dev: (3448.75, 3131.54)
[0000][PE] low and high boundaries for proper pairs: (1, 20677)
[0000][PE] analyzing insert size distribution for orientation RR...
[0000][PE] (25, 50, 75) percentile: (147, 205, 344)
[0000][PE] low and high boundaries for computing mean and std.dev: (1, 738)
[0000][PE] mean and std.dev: (209.79, 126.95)
[0000][PE] low and high boundaries for proper pairs: (1, 935)
[0000][PE] skip orientation FF
[0000][PE] skip orientation RF
[0000][PE] skip orientation RR
[0000] 3. Calling kt_for - worker_sam
	[0000][ M::mem_process_seqs] Processed 2809298 reads in 494.007 CPU sec, 14.110 real sec
[0000] read_chunk: 400000000, work_chunk_size: 400000105, nseq: 2809366
	[0000][ M::kt_pipeline] read 2809366 sequences (400000105 bp)...
[0000] Reallocating initial memory allocations!!
[0000] Calling mem_process_seqs.., task: 2
[0000] 1. Calling kt_for - worker_bwt
[0000] 2. Calling kt_for - worker_aln
[0000] Inferring insert size distribution of PE reads from data, l_pac: 656111652, n: 2809366
[0000][PE] # candidate unique pairs for (FF, FR, RF, RR): (98, 1115860, 102, 82)
[0000][PE] analyzing insert size distribution for orientation FF...
[0000][PE] (25, 50, 75) percentile: (130, 200, 725)
[0000][PE] low and high boundaries for computing mean and std.dev: (1, 1915)
[0000][PE] mean and std.dev: (310.16, 421.21)
[0000][PE] low and high boundaries for proper pairs: (1, 2510)
[0000][PE] analyzing insert size distribution for orientation FR...
[0000][PE] (25, 50, 75) percentile: (232, 280, 321)
[0000][PE] low and high boundaries for computing mean and std.dev: (54, 499)
[0000][PE] mean and std.dev: (267.65, 74.31)
[0000][PE] low and high boundaries for proper pairs: (1, 588)
[0000][PE] analyzing insert size distribution for orientation RF...
[0000][PE] (25, 50, 75) percentile: (631, 3341, 7173)
[0000][PE] low and high boundaries for computing mean and std.dev: (1, 20257)
[0000][PE] mean and std.dev: (4091.01, 3389.60)
[0000][PE] low and high boundaries for proper pairs: (1, 26799)
[0000][PE] analyzing insert size distribution for orientation RR...
[0000][PE] (25, 50, 75) percentile: (155, 213, 311)
[0000][PE] low and high boundaries for computing mean and std.dev: (1, 623)
[0000][PE] mean and std.dev: (189.88, 85.85)
[0000][PE] low and high boundaries for proper pairs: (1, 779)
[0000][PE] skip orientation FF
[0000][PE] skip orientation RF
[0000][PE] skip orientation RR
[0000] 3. Calling kt_for - worker_sam
[0000] read_chunk: 400000000, work_chunk_size: 400000202, nseq: 2809726
	[0000][ M::kt_pipeline] read 2809726 sequences (400000202 bp)...
	[0000][ M::mem_process_seqs] Processed 2809366 reads in 465.855 CPU sec, 12.903 real sec
[0000] Reallocating initial memory allocations!!
[0000] Calling mem_process_seqs.., task: 3
[0000] 1. Calling kt_for - worker_bwt
[0000] 2. Calling kt_for - worker_aln
[0000] Inferring insert size distribution of PE reads from data, l_pac: 656111652, n: 2809726
[0000][PE] # candidate unique pairs for (FF, FR, RF, RR): (104, 1111837, 97, 69)
[0000][PE] analyzing insert size distribution for orientation FF...
[0000][PE] (25, 50, 75) percentile: (155, 218, 543)
[0000][PE] low and high boundaries for computing mean and std.dev: (1, 1319)
[0000][PE] mean and std.dev: (285.77, 278.84)
[0000][PE] low and high boundaries for proper pairs: (1, 1707)
[0000][PE] analyzing insert size distribution for orientation FR...
[0000][PE] (25, 50, 75) percentile: (232, 280, 321)
[0000][PE] low and high boundaries for computing mean and std.dev: (54, 499)
[0000][PE] mean and std.dev: (267.35, 74.39)
[0000][PE] low and high boundaries for proper pairs: (1, 588)
[0000][PE] analyzing insert size distribution for orientation RF...
[0000][PE] (25, 50, 75) percentile: (619, 4008, 6507)
[0000][PE] low and high boundaries for computing mean and std.dev: (1, 18283)
[0000][PE] mean and std.dev: (3957.14, 3370.15)
[0000][PE] low and high boundaries for proper pairs: (1, 24171)
[0000][PE] analyzing insert size distribution for orientation RR...
[0000][PE] (25, 50, 75) percentile: (157, 194, 259)
[0000][PE] low and high boundaries for computing mean and std.dev: (1, 463)
[0000][PE] mean and std.dev: (182.07, 64.18)
[0000][PE] low and high boundaries for proper pairs: (1, 565)
[0000][PE] skip orientation FF
[0000][PE] skip orientation RF
[0000][PE] skip orientation RR
[0000] 3. Calling kt_for - worker_sam
[0000] read_chunk: 400000000, work_chunk_size: 381701031, nseq: 2682282
	[0000][ M::kt_pipeline] read 2682282 sequences (381701031 bp)...
	[0000][ M::mem_process_seqs] Processed 2809726 reads in 468.487 CPU sec, 12.945 real sec
[0000] Calling mem_process_seqs.., task: 4
[0000] 1. Calling kt_for - worker_bwt
[0000] 2. Calling kt_for - worker_aln
[0000] Inferring insert size distribution of PE reads from data, l_pac: 656111652, n: 2682282
[0000][PE] # candidate unique pairs for (FF, FR, RF, RR): (89, 1077290, 99, 66)
[0000][PE] analyzing insert size distribution for orientation FF...
[0000][PE] (25, 50, 75) percentile: (149, 229, 699)
[0000][PE] low and high boundaries for computing mean and std.dev: (1, 1799)
[0000][PE] mean and std.dev: (322.45, 356.99)
[0000][PE] low and high boundaries for proper pairs: (1, 2349)
[0000][PE] analyzing insert size distribution for orientation FR...
[0000][PE] (25, 50, 75) percentile: (232, 280, 321)
[0000][PE] low and high boundaries for computing mean and std.dev: (54, 499)
[0000][PE] mean and std.dev: (267.64, 74.31)
[0000][PE] low and high boundaries for proper pairs: (1, 588)
[0000][PE] analyzing insert size distribution for orientation RF...
[0000][PE] (25, 50, 75) percentile: (486, 2108, 5955)
[0000][PE] low and high boundaries for computing mean and std.dev: (1, 16893)
[0000][PE] mean and std.dev: (3245.99, 3166.10)
[0000][PE] low and high boundaries for proper pairs: (1, 22362)
[0000][PE] analyzing insert size distribution for orientation RR...
[0000][PE] (25, 50, 75) percentile: (151, 211, 489)
[0000][PE] low and high boundaries for computing mean and std.dev: (1, 1165)
[0000][PE] mean and std.dev: (263.04, 235.82)
[0000][PE] low and high boundaries for proper pairs: (1, 1503)
[0000][PE] skip orientation FF
[0000][PE] skip orientation RF
[0000][PE] skip orientation RR
[0000] 3. Calling kt_for - worker_sam
[0000] read_chunk: 400000000, work_chunk_size: 0, nseq: 0
	[0000][ M::mem_process_seqs] Processed 2682282 reads in 420.522 CPU sec, 12.011 real sec
[0000] read_chunk: 400000000, work_chunk_size: 0, nseq: 0
[0000] Computation ends..
No. of OMP threads: 40
Processor is running @2394.713080 MHz
Runtime profile:

	Time taken for main_mem function: 141.61 sec

	IO times (sec) :
	Reading IO time (reads) avg: 50.38, (50.38, 50.38)
	Writing IO time (SAM) avg: 43.35, (43.35, 43.35)
	Reading IO time (Reference Genome) avg: 0.50, (0.50, 0.50)
	Index read time avg: 0.12, (0.12, 0.12)

	Overall time (sec) (Excluding Index reading time):
	PROCESS() (Total compute time + (read + SAM) IO time) : 140.98
	MEM_PROCESS_SEQ() (Total compute time (Kernel + SAM)), avg: 64.47, (64.47, 64.47)

	 SAM Processing time (sec):
	--WORKER_SAM avg: 26.58, (26.58, 26.58)

	Kernels' compute time (sec):
	Total kernel (smem+sal+bsw) time avg: 36.41, (36.41, 36.41)
		MEM_ALN_CHAIN_FLT avg: 0.00, (0.00, 0.00)
		MEM_ALN_CHAIN_SEED avg: 0.00, (0.00, 0.00)
		ERT_SEED_CHAIN avg: 0.00, (0.00, 0.00)
	LEARNED_SEED_CHAIN avg: 13.83, (13.96, 13.76)
		SMEM compute avg: 0.00, (0.00, 0.00)
		SAL compute avg: 0.00, (0.00, 0.00)
				MEM_SA avg: 0.00, (0.00, 0.00)

		BSW time, avg: 20.88, (21.17, 20.69)

Important parameter settings: 
	BATCH_SIZE: 512
	MAX_SEQ_LEN_REF: 256
	MAX_SEQ_LEN_QER: 128
	MAX_SEQ_LEN8: 128
	SEEDS_PER_READ: 500
	SIMD_WIDTH8 X: 64
	SIMD_WIDTH16 X: 32
	AVG_SEEDS_PER_READ: 64
