Looking to launch executable "/opt/conda/bin/bwa-meme_mode3.avx512bw", simd = _mode3.avx512bw
Launching executable "/opt/conda/bin/bwa-meme_mode3.avx512bw"
-----------------------------
Executing in AVX512 mode!!
-----------------------------
* SA compression enabled with xfactor: 8
* Ref file: reference.902362185.genome.fasta
* Entering FMI_search
Reading other elements of the index from files reference.902362185.genome.fasta
* Index prefix: reference.902362185.genome.fasta
* Read 0 ALT contigs
* Reading reference genome..
* Binary seq file = reference.902362185.genome.fasta.0123
* Reference genome size: 1312223304 bp
* Done reading reference genome !!

------------------------------------------
1. Memory pre-allocation for Chaining: 5679.4903 MB
2. Memory pre-allocation for BSW: 9584.6810 MB
[M::memoryAllocLearned::MEME] Reading Learned-index models into memory
[Learned-Config] MODE:3 SEARCH_METHOD: 1 MEM_TRADEOFF:1 EXPONENTIAL_SMEMSEARCH: 1 DEBUG_MODE:0 Num 2nd Models:268435456 PWL Bits Used:28
[M::memoryAllocLearned::MEME] Loading RMI model and Pac reference file took 9.978 sec
[M::memoryAllocLearned::MEME] Reading suffix array into memory
[M::memoryAllocLearned::MEME] Loading pos_packed file took 12.886 sec
[M::memoryAllocLearned::MEME] Generating SA, 64-bit Suffix and ISA in memory
[M::memoryAllocLearned::MEME] Runtime-build-index took 15.242 sec
3. Memory pre-allocation for BWT: 7204.5072 MB
------------------------------------------
* Threads used (compute): 40
* No. of pipeline threads: 2

[0000] read_chunk: 400000000, work_chunk_size: 400000117, nseq: 2776504
	[0000][ M::kt_pipeline] read 2776504 sequences (400000117 bp)...
[0000] Reallocating initial memory allocations!!
[0000] Calling mem_process_seqs.., task: 0
[0000] 1. Calling kt_for - worker_bwt
[0000] 2. Calling kt_for - worker_aln
[0000] Inferring insert size distribution of PE reads from data, l_pac: 656111652, n: 2776504
[0000][PE] # candidate unique pairs for (FF, FR, RF, RR): (131, 1133543, 115, 92)
[0000][PE] analyzing insert size distribution for orientation FF...
[0000][PE] (25, 50, 75) percentile: (142, 206, 253)
[0000][PE] low and high boundaries for computing mean and std.dev: (1, 475)
[0000][PE] mean and std.dev: (178.96, 72.78)
[0000][PE] low and high boundaries for proper pairs: (1, 586)
[0000][PE] analyzing insert size distribution for orientation FR...
[0000][PE] (25, 50, 75) percentile: (242, 287, 326)
[0000][PE] low and high boundaries for computing mean and std.dev: (74, 494)
[0000][PE] mean and std.dev: (278.91, 65.27)
[0000][PE] low and high boundaries for proper pairs: (1, 578)
[0000][PE] analyzing insert size distribution for orientation RF...
[0000][PE] (25, 50, 75) percentile: (466, 2834, 7063)
[0000][PE] low and high boundaries for computing mean and std.dev: (1, 20257)
[0000][PE] mean and std.dev: (3866.45, 3457.31)
[0000][PE] low and high boundaries for proper pairs: (1, 26854)
[0000][PE] analyzing insert size distribution for orientation RR...
[0000][PE] (25, 50, 75) percentile: (112, 172, 251)
[0000][PE] low and high boundaries for computing mean and std.dev: (1, 529)
[0000][PE] mean and std.dev: (161.13, 85.87)
[0000][PE] low and high boundaries for proper pairs: (1, 668)
[0000][PE] skip orientation FF
[0000][PE] skip orientation RF
[0000][PE] skip orientation RR
[0000] 3. Calling kt_for - worker_sam
[0000] read_chunk: 400000000, work_chunk_size: 400000160, nseq: 2776898
	[0000][ M::kt_pipeline] read 2776898 sequences (400000160 bp)...
	[0000][ M::mem_process_seqs] Processed 2776504 reads in 405.507 CPU sec, 10.827 real sec
[0000] Reallocating initial memory allocations!!
[0000] Calling mem_process_seqs.., task: 1
[0000] 1. Calling kt_for - worker_bwt
[0000] 2. Calling kt_for - worker_aln
[0000] Inferring insert size distribution of PE reads from data, l_pac: 656111652, n: 2776898
[0000][PE] # candidate unique pairs for (FF, FR, RF, RR): (107, 1145054, 112, 82)
[0000][PE] analyzing insert size distribution for orientation FF...
[0000][PE] (25, 50, 75) percentile: (152, 201, 262)
[0000][PE] low and high boundaries for computing mean and std.dev: (1, 482)
[0000][PE] mean and std.dev: (184.67, 67.99)
[0000][PE] low and high boundaries for proper pairs: (1, 592)
[0000][PE] analyzing insert size distribution for orientation FR...
[0000][PE] (25, 50, 75) percentile: (242, 287, 325)
[0000][PE] low and high boundaries for computing mean and std.dev: (76, 491)
[0000][PE] mean and std.dev: (279.14, 64.86)
[0000][PE] low and high boundaries for proper pairs: (1, 574)
[0000][PE] analyzing insert size distribution for orientation RF...
[0000][PE] (25, 50, 75) percentile: (947, 4235, 7054)
[0000][PE] low and high boundaries for computing mean and std.dev: (1, 19268)
[0000][PE] mean and std.dev: (4288.76, 3322.12)
[0000][PE] low and high boundaries for proper pairs: (1, 25375)
[0000][PE] analyzing insert size distribution for orientation RR...
[0000][PE] (25, 50, 75) percentile: (142, 220, 541)
[0000][PE] low and high boundaries for computing mean and std.dev: (1, 1339)
[0000][PE] mean and std.dev: (282.50, 229.58)
[0000][PE] low and high boundaries for proper pairs: (1, 1738)
[0000][PE] skip orientation FF
[0000][PE] skip orientation RF
[0000][PE] skip orientation RR
[0000] 3. Calling kt_for - worker_sam
[0000] read_chunk: 400000000, work_chunk_size: 400000095, nseq: 2775382
	[0000][ M::kt_pipeline] read 2775382 sequences (400000095 bp)...
	[0000][ M::mem_process_seqs] Processed 2776898 reads in 388.239 CPU sec, 10.574 real sec
[0000] Calling mem_process_seqs.., task: 2
[0000] 1. Calling kt_for - worker_bwt
[0000] 2. Calling kt_for - worker_aln
[0000] Inferring insert size distribution of PE reads from data, l_pac: 656111652, n: 2775382
[0000][PE] # candidate unique pairs for (FF, FR, RF, RR): (118, 1125635, 135, 76)
[0000][PE] analyzing insert size distribution for orientation FF...
[0000][PE] (25, 50, 75) percentile: (137, 195, 263)
[0000][PE] low and high boundaries for computing mean and std.dev: (1, 515)
[0000][PE] mean and std.dev: (175.42, 72.63)
[0000][PE] low and high boundaries for proper pairs: (1, 641)
[0000][PE] analyzing insert size distribution for orientation FR...
[0000][PE] (25, 50, 75) percentile: (242, 287, 325)
[0000][PE] low and high boundaries for computing mean and std.dev: (76, 491)
[0000][PE] mean and std.dev: (279.14, 64.80)
[0000][PE] low and high boundaries for proper pairs: (1, 574)
[0000][PE] analyzing insert size distribution for orientation RF...
[0000][PE] (25, 50, 75) percentile: (676, 3331, 5971)
[0000][PE] low and high boundaries for computing mean and std.dev: (1, 16561)
[0000][PE] mean and std.dev: (3636.79, 2996.70)
[0000][PE] low and high boundaries for proper pairs: (1, 21856)
[0000][PE] analyzing insert size distribution for orientation RR...
[0000][PE] (25, 50, 75) percentile: (149, 217, 312)
[0000][PE] low and high boundaries for computing mean and std.dev: (1, 638)
[0000][PE] mean and std.dev: (196.97, 99.42)
[0000][PE] low and high boundaries for proper pairs: (1, 801)
[0000][PE] skip orientation FF
[0000][PE] skip orientation RF
[0000][PE] skip orientation RR
[0000] 3. Calling kt_for - worker_sam
	[0000][ M::mem_process_seqs] Processed 2775382 reads in 428.960 CPU sec, 11.643 real sec
[0000] read_chunk: 400000000, work_chunk_size: 400000103, nseq: 2776592
	[0000][ M::kt_pipeline] read 2776592 sequences (400000103 bp)...
[0000] Calling mem_process_seqs.., task: 3
[0000] 1. Calling kt_for - worker_bwt
[0000] 2. Calling kt_for - worker_aln
[0000] Inferring insert size distribution of PE reads from data, l_pac: 656111652, n: 2776592
[0000][PE] # candidate unique pairs for (FF, FR, RF, RR): (110, 1140161, 124, 95)
[0000][PE] analyzing insert size distribution for orientation FF...
[0000][PE] (25, 50, 75) percentile: (134, 188, 243)
[0000][PE] low and high boundaries for computing mean and std.dev: (1, 461)
[0000][PE] mean and std.dev: (173.01, 69.70)
[0000][PE] low and high boundaries for proper pairs: (1, 570)
[0000][PE] analyzing insert size distribution for orientation FR...
[0000][PE] (25, 50, 75) percentile: (242, 287, 326)
[0000][PE] low and high boundaries for computing mean and std.dev: (74, 494)
[0000][PE] mean and std.dev: (279.03, 65.10)
[0000][PE] low and high boundaries for proper pairs: (1, 578)
[0000][PE] analyzing insert size distribution for orientation RF...
[0000][PE] (25, 50, 75) percentile: (1183, 4505, 7126)
[0000][PE] low and high boundaries for computing mean and std.dev: (1, 19012)
[0000][PE] mean and std.dev: (4319.48, 3102.76)
[0000][PE] low and high boundaries for proper pairs: (1, 24955)
[0000][PE] analyzing insert size distribution for orientation RR...
[0000][PE] (25, 50, 75) percentile: (154, 210, 293)
[0000][PE] low and high boundaries for computing mean and std.dev: (1, 571)
[0000][PE] mean and std.dev: (187.62, 73.08)
[0000][PE] low and high boundaries for proper pairs: (1, 710)
[0000][PE] skip orientation FF
[0000][PE] skip orientation RF
[0000][PE] skip orientation RR
[0000] 3. Calling kt_for - worker_sam
[0000] read_chunk: 400000000, work_chunk_size: 400000027, nseq: 2777486
	[0000][ M::kt_pipeline] read 2777486 sequences (400000027 bp)...
	[0000][ M::mem_process_seqs] Processed 2776592 reads in 398.518 CPU sec, 10.680 real sec
[0000] Reallocating initial memory allocations!!
[0000] Calling mem_process_seqs.., task: 4
[0000] 1. Calling kt_for - worker_bwt
[0000] 2. Calling kt_for - worker_aln
[0000] Inferring insert size distribution of PE reads from data, l_pac: 656111652, n: 2777486
[0000][PE] # candidate unique pairs for (FF, FR, RF, RR): (123, 1138964, 135, 83)
[0000][PE] analyzing insert size distribution for orientation FF...
[0000][PE] (25, 50, 75) percentile: (131, 188, 285)
[0000][PE] low and high boundaries for computing mean and std.dev: (1, 593)
[0000][PE] mean and std.dev: (183.46, 101.83)
[0000][PE] low and high boundaries for proper pairs: (1, 747)
[0000][PE] analyzing insert size distribution for orientation FR...
[0000][PE] (25, 50, 75) percentile: (242, 287, 326)
[0000][PE] low and high boundaries for computing mean and std.dev: (74, 494)
[0000][PE] mean and std.dev: (278.90, 65.31)
[0000][PE] low and high boundaries for proper pairs: (1, 578)
[0000][PE] analyzing insert size distribution for orientation RF...
[0000][PE] (25, 50, 75) percentile: (421, 2830, 6796)
[0000][PE] low and high boundaries for computing mean and std.dev: (1, 19546)
[0000][PE] mean and std.dev: (3645.99, 3371.86)
[0000][PE] low and high boundaries for proper pairs: (1, 25921)
[0000][PE] analyzing insert size distribution for orientation RR...
[0000][PE] (25, 50, 75) percentile: (136, 201, 315)
[0000][PE] low and high boundaries for computing mean and std.dev: (1, 673)
[0000][PE] mean and std.dev: (205.56, 109.03)
[0000][PE] low and high boundaries for proper pairs: (1, 852)
[0000][PE] skip orientation FF
[0000][PE] skip orientation RF
[0000][PE] skip orientation RR
[0000] 3. Calling kt_for - worker_sam
[0000] read_chunk: 400000000, work_chunk_size: 400000240, nseq: 2777222
	[0000][ M::kt_pipeline] read 2777222 sequences (400000240 bp)...
	[0000][ M::mem_process_seqs] Processed 2777486 reads in 395.236 CPU sec, 10.620 real sec
[0000] Calling mem_process_seqs.., task: 5
[0000] 1. Calling kt_for - worker_bwt
[0000] 2. Calling kt_for - worker_aln
[0000] Inferring insert size distribution of PE reads from data, l_pac: 656111652, n: 2777222
[0000][PE] # candidate unique pairs for (FF, FR, RF, RR): (112, 1141476, 121, 84)
[0000][PE] analyzing insert size distribution for orientation FF...
[0000][PE] (25, 50, 75) percentile: (140, 193, 288)
[0000][PE] low and high boundaries for computing mean and std.dev: (1, 584)
[0000][PE] mean and std.dev: (189.09, 99.13)
[0000][PE] low and high boundaries for proper pairs: (1, 732)
[0000][PE] analyzing insert size distribution for orientation FR...
[0000][PE] (25, 50, 75) percentile: (242, 287, 326)
[0000][PE] low and high boundaries for computing mean and std.dev: (74, 494)
[0000][PE] mean and std.dev: (278.79, 65.32)
[0000][PE] low and high boundaries for proper pairs: (1, 578)
[0000][PE] analyzing insert size distribution for orientation RF...
[0000][PE] (25, 50, 75) percentile: (613, 4547, 7647)
[0000][PE] low and high boundaries for computing mean and std.dev: (1, 21715)
[0000][PE] mean and std.dev: (4444.18, 3346.25)
[0000][PE] low and high boundaries for proper pairs: (1, 28749)
[0000][PE] analyzing insert size distribution for orientation RR...
[0000][PE] (25, 50, 75) percentile: (142, 198, 382)
[0000][PE] low and high boundaries for computing mean and std.dev: (1, 862)
[0000][PE] mean and std.dev: (209.65, 123.51)
[0000][PE] low and high boundaries for proper pairs: (1, 1102)
[0000][PE] skip orientation FF
[0000][PE] skip orientation RF
[0000][PE] skip orientation RR
[0000] 3. Calling kt_for - worker_sam
[0000] read_chunk: 400000000, work_chunk_size: 196791556, nseq: 1365934
	[0000][ M::kt_pipeline] read 1365934 sequences (196791556 bp)...
	[0000][ M::mem_process_seqs] Processed 2777222 reads in 398.260 CPU sec, 10.797 real sec
[0000] Calling mem_process_seqs.., task: 6
[0000] 1. Calling kt_for - worker_bwt
[0000] 2. Calling kt_for - worker_aln
[0000] Inferring insert size distribution of PE reads from data, l_pac: 656111652, n: 1365934
[0000][PE] # candidate unique pairs for (FF, FR, RF, RR): (52, 561125, 52, 37)
[0000][PE] analyzing insert size distribution for orientation FF...
[0000][PE] (25, 50, 75) percentile: (140, 169, 207)
[0000][PE] low and high boundaries for computing mean and std.dev: (6, 341)
[0000][PE] mean and std.dev: (159.47, 49.87)
[0000][PE] low and high boundaries for proper pairs: (1, 408)
[0000][PE] analyzing insert size distribution for orientation FR...
[0000][PE] (25, 50, 75) percentile: (242, 287, 326)
[0000][PE] low and high boundaries for computing mean and std.dev: (74, 494)
[0000][PE] mean and std.dev: (278.86, 65.27)
[0000][PE] low and high boundaries for proper pairs: (1, 578)
[0000][PE] analyzing insert size distribution for orientation RF...
[0000][PE] (25, 50, 75) percentile: (1276, 3853, 6739)
[0000][PE] low and high boundaries for computing mean and std.dev: (1, 17665)
[0000][PE] mean and std.dev: (3985.79, 3205.83)
[0000][PE] low and high boundaries for proper pairs: (1, 23128)
[0000][PE] analyzing insert size distribution for orientation RR...
[0000][PE] (25, 50, 75) percentile: (160, 202, 1145)
[0000][PE] low and high boundaries for computing mean and std.dev: (1, 3115)
[0000][PE] mean and std.dev: (391.21, 475.66)
[0000][PE] low and high boundaries for proper pairs: (1, 4100)
[0000][PE] skip orientation FF
[0000][PE] skip orientation RF
[0000][PE] skip orientation RR
[0000] 3. Calling kt_for - worker_sam
[0000] read_chunk: 400000000, work_chunk_size: 0, nseq: 0
	[0000][ M::mem_process_seqs] Processed 1365934 reads in 196.887 CPU sec, 5.604 real sec
[0000] read_chunk: 400000000, work_chunk_size: 0, nseq: 0
[0000] Computation ends..
No. of OMP threads: 40
Processor is running @2394.744680 MHz
Runtime profile:

	Time taken for main_mem function: 117.93 sec

	IO times (sec) :
	Reading IO time (reads) avg: 56.64, (56.64, 56.64)
	Writing IO time (SAM) avg: 19.91, (19.91, 19.91)
	Reading IO time (Reference Genome) avg: 0.59, (0.59, 0.59)
	Index read time avg: 0.13, (0.13, 0.13)

	Overall time (sec) (Excluding Index reading time):
	PROCESS() (Total compute time + (read + SAM) IO time) : 117.21
	MEM_PROCESS_SEQ() (Total compute time (Kernel + SAM)), avg: 70.73, (70.73, 70.73)

	 SAM Processing time (sec):
	--WORKER_SAM avg: 29.75, (29.75, 29.75)

	Kernels' compute time (sec):
	Total kernel (smem+sal+bsw) time avg: 39.04, (39.04, 39.04)
		MEM_ALN_CHAIN_FLT avg: 0.00, (0.00, 0.00)
		MEM_ALN_CHAIN_SEED avg: 0.00, (0.00, 0.00)
		ERT_SEED_CHAIN avg: 0.00, (0.00, 0.00)
	LEARNED_SEED_CHAIN avg: 13.68, (13.80, 13.62)
		SMEM compute avg: 0.00, (0.00, 0.00)
		SAL compute avg: 0.00, (0.00, 0.00)
				MEM_SA avg: 0.00, (0.00, 0.00)

		BSW time, avg: 23.70, (23.89, 23.50)

Important parameter settings: 
	BATCH_SIZE: 512
	MAX_SEQ_LEN_REF: 256
	MAX_SEQ_LEN_QER: 128
	MAX_SEQ_LEN8: 128
	SEEDS_PER_READ: 500
	SIMD_WIDTH8 X: 64
	SIMD_WIDTH16 X: 32
	AVG_SEEDS_PER_READ: 64
