Looking to launch executable "/opt/conda/bin/bwa-meme_mode3.avx512bw", simd = _mode3.avx512bw
Launching executable "/opt/conda/bin/bwa-meme_mode3.avx512bw"
-----------------------------
Executing in AVX512 mode!!
-----------------------------
* SA compression enabled with xfactor: 8
* Ref file: reference.902362185.genome.fasta
* Entering FMI_search
Reading other elements of the index from files reference.902362185.genome.fasta
* Index prefix: reference.902362185.genome.fasta
* Read 0 ALT contigs
* Reading reference genome..
* Binary seq file = reference.902362185.genome.fasta.0123
* Reference genome size: 1312223304 bp
* Done reading reference genome !!

------------------------------------------
1. Memory pre-allocation for Chaining: 5679.4903 MB
2. Memory pre-allocation for BSW: 9584.6810 MB
[M::memoryAllocLearned::MEME] Reading Learned-index models into memory
[Learned-Config] MODE:3 SEARCH_METHOD: 1 MEM_TRADEOFF:1 EXPONENTIAL_SMEMSEARCH: 1 DEBUG_MODE:0 Num 2nd Models:268435456 PWL Bits Used:28
[M::memoryAllocLearned::MEME] Loading RMI model and Pac reference file took 9.963 sec
[M::memoryAllocLearned::MEME] Reading suffix array into memory
[M::memoryAllocLearned::MEME] Loading pos_packed file took 12.855 sec
[M::memoryAllocLearned::MEME] Generating SA, 64-bit Suffix and ISA in memory
[M::memoryAllocLearned::MEME] Runtime-build-index took 15.248 sec
3. Memory pre-allocation for BWT: 7204.5072 MB
------------------------------------------
* Threads used (compute): 40
* No. of pipeline threads: 2

[0000] read_chunk: 400000000, work_chunk_size: 400000121, nseq: 2759072
	[0000][ M::kt_pipeline] read 2759072 sequences (400000121 bp)...
[0000] Reallocating initial memory allocations!!
[0000] Calling mem_process_seqs.., task: 0
[0000] 1. Calling kt_for - worker_bwt
[0000] 2. Calling kt_for - worker_aln
[0000] read_chunk: 400000000, work_chunk_size: 400000177, nseq: 2763718
	[0000][ M::kt_pipeline] read 2763718 sequences (400000177 bp)...
[0000] Inferring insert size distribution of PE reads from data, l_pac: 656111652, n: 2759072
[0000][PE] # candidate unique pairs for (FF, FR, RF, RR): (95, 1072809, 128, 64)
[0000][PE] analyzing insert size distribution for orientation FF...
[0000][PE] (25, 50, 75) percentile: (137, 184, 466)
[0000][PE] low and high boundaries for computing mean and std.dev: (1, 1124)
[0000][PE] mean and std.dev: (222.85, 195.71)
[0000][PE] low and high boundaries for proper pairs: (1, 1453)
[0000][PE] analyzing insert size distribution for orientation FR...
[0000][PE] (25, 50, 75) percentile: (246, 288, 325)
[0000][PE] low and high boundaries for computing mean and std.dev: (88, 483)
[0000][PE] mean and std.dev: (283.32, 58.22)
[0000][PE] low and high boundaries for proper pairs: (9, 562)
[0000][PE] analyzing insert size distribution for orientation RF...
[0000][PE] (25, 50, 75) percentile: (587, 2726, 6745)
[0000][PE] low and high boundaries for computing mean and std.dev: (1, 19061)
[0000][PE] mean and std.dev: (3534.20, 3163.18)
[0000][PE] low and high boundaries for proper pairs: (1, 25219)
[0000][PE] analyzing insert size distribution for orientation RR...
[0000][PE] (25, 50, 75) percentile: (178, 223, 589)
[0000][PE] low and high boundaries for computing mean and std.dev: (1, 1411)
[0000][PE] mean and std.dev: (294.91, 256.41)
[0000][PE] low and high boundaries for proper pairs: (1, 1822)
[0000][PE] skip orientation FF
[0000][PE] skip orientation RF
[0000][PE] skip orientation RR
[0000] 3. Calling kt_for - worker_sam
	[0000][ M::mem_process_seqs] Processed 2759072 reads in 506.324 CPU sec, 13.267 real sec
[0000] Reallocating initial memory allocations!!
[0000] Calling mem_process_seqs.., task: 1
[0000] 1. Calling kt_for - worker_bwt
[0000] 2. Calling kt_for - worker_aln
[0000] Inferring insert size distribution of PE reads from data, l_pac: 656111652, n: 2763718
[0000][PE] # candidate unique pairs for (FF, FR, RF, RR): (73, 1115911, 152, 83)
[0000][PE] analyzing insert size distribution for orientation FF...
[0000][PE] (25, 50, 75) percentile: (136, 197, 655)
[0000][PE] low and high boundaries for computing mean and std.dev: (1, 1693)
[0000][PE] mean and std.dev: (304.70, 309.16)
[0000][PE] low and high boundaries for proper pairs: (1, 2212)
[0000][PE] analyzing insert size distribution for orientation FR...
[0000][PE] (25, 50, 75) percentile: (246, 288, 325)
[0000][PE] low and high boundaries for computing mean and std.dev: (88, 483)
[0000][PE] mean and std.dev: (283.32, 58.32)
[0000][PE] low and high boundaries for proper pairs: (9, 562)
[0000][PE] analyzing insert size distribution for orientation RF...
[0000][PE] (25, 50, 75) percentile: (820, 2235, 6033)
[0000][PE] low and high boundaries for computing mean and std.dev: (1, 16459)
[0000][PE] mean and std.dev: (3525.88, 3102.67)
[0000][PE] low and high boundaries for proper pairs: (1, 21672)
[0000][PE] analyzing insert size distribution for orientation RR...
[0000][PE] (25, 50, 75) percentile: (154, 223, 1109)
[0000][PE] low and high boundaries for computing mean and std.dev: (1, 3019)
[0000][PE] mean and std.dev: (380.63, 463.53)
[0000][PE] low and high boundaries for proper pairs: (1, 3974)
[0000][PE] skip orientation FF
[0000][PE] skip orientation RF
[0000][PE] skip orientation RR
[0000] 3. Calling kt_for - worker_sam
[0000] read_chunk: 400000000, work_chunk_size: 400000092, nseq: 2762370
	[0000][ M::kt_pipeline] read 2762370 sequences (400000092 bp)...
	[0000][ M::mem_process_seqs] Processed 2763718 reads in 405.713 CPU sec, 10.781 real sec
[0000] Calling mem_process_seqs.., task: 2
[0000] 1. Calling kt_for - worker_bwt
[0000] 2. Calling kt_for - worker_aln
[0000] Inferring insert size distribution of PE reads from data, l_pac: 656111652, n: 2762370
[0000][PE] # candidate unique pairs for (FF, FR, RF, RR): (100, 1106598, 123, 64)
[0000][PE] analyzing insert size distribution for orientation FF...
[0000][PE] (25, 50, 75) percentile: (148, 220, 363)
[0000][PE] low and high boundaries for computing mean and std.dev: (1, 793)
[0000][PE] mean and std.dev: (212.99, 123.42)
[0000][PE] low and high boundaries for proper pairs: (1, 1008)
[0000][PE] analyzing insert size distribution for orientation FR...
[0000][PE] (25, 50, 75) percentile: (247, 288, 325)
[0000][PE] low and high boundaries for computing mean and std.dev: (91, 481)
[0000][PE] mean and std.dev: (283.78, 57.57)
[0000][PE] low and high boundaries for proper pairs: (13, 559)
[0000][PE] analyzing insert size distribution for orientation RF...
[0000][PE] (25, 50, 75) percentile: (554, 2043, 6265)
[0000][PE] low and high boundaries for computing mean and std.dev: (1, 17687)
[0000][PE] mean and std.dev: (3414.98, 3107.00)
[0000][PE] low and high boundaries for proper pairs: (1, 23398)
[0000][PE] analyzing insert size distribution for orientation RR...
[0000][PE] (25, 50, 75) percentile: (161, 201, 568)
[0000][PE] low and high boundaries for computing mean and std.dev: (1, 1382)
[0000][PE] mean and std.dev: (301.44, 264.83)
[0000][PE] low and high boundaries for proper pairs: (1, 1789)
[0000][PE] skip orientation FF
[0000][PE] skip orientation RF
[0000][PE] skip orientation RR
[0000] 3. Calling kt_for - worker_sam
	[0000][ M::mem_process_seqs] Processed 2762370 reads in 432.404 CPU sec, 11.725 real sec
[0000] read_chunk: 400000000, work_chunk_size: 400000157, nseq: 2758686
	[0000][ M::kt_pipeline] read 2758686 sequences (400000157 bp)...
[0000] Calling mem_process_seqs.., task: 3
[0000] 1. Calling kt_for - worker_bwt
[0000] 2. Calling kt_for - worker_aln
[0000] Inferring insert size distribution of PE reads from data, l_pac: 656111652, n: 2758686
[0000][PE] # candidate unique pairs for (FF, FR, RF, RR): (103, 1063392, 131, 66)
[0000][PE] analyzing insert size distribution for orientation FF...
[0000][PE] (25, 50, 75) percentile: (139, 195, 421)
[0000][PE] low and high boundaries for computing mean and std.dev: (1, 985)
[0000][PE] mean and std.dev: (214.36, 150.47)
[0000][PE] low and high boundaries for proper pairs: (1, 1267)
[0000][PE] analyzing insert size distribution for orientation FR...
[0000][PE] (25, 50, 75) percentile: (247, 288, 325)
[0000][PE] low and high boundaries for computing mean and std.dev: (91, 481)
[0000][PE] mean and std.dev: (283.81, 57.64)
[0000][PE] low and high boundaries for proper pairs: (13, 559)
[0000][PE] analyzing insert size distribution for orientation RF...
[0000][PE] (25, 50, 75) percentile: (1163, 2930, 6320)
[0000][PE] low and high boundaries for computing mean and std.dev: (1, 16634)
[0000][PE] mean and std.dev: (3725.20, 3116.88)
[0000][PE] low and high boundaries for proper pairs: (1, 21791)
[0000][PE] analyzing insert size distribution for orientation RR...
[0000][PE] (25, 50, 75) percentile: (151, 226, 320)
[0000][PE] low and high boundaries for computing mean and std.dev: (1, 658)
[0000][PE] mean and std.dev: (200.96, 91.22)
[0000][PE] low and high boundaries for proper pairs: (1, 827)
[0000][PE] skip orientation FF
[0000][PE] skip orientation RF
[0000][PE] skip orientation RR
[0000] 3. Calling kt_for - worker_sam
[0000] read_chunk: 400000000, work_chunk_size: 400000121, nseq: 2761532
	[0000][ M::kt_pipeline] read 2761532 sequences (400000121 bp)...
	[0000][ M::mem_process_seqs] Processed 2758686 reads in 527.048 CPU sec, 14.029 real sec
[0000] Calling mem_process_seqs.., task: 4
[0000] 1. Calling kt_for - worker_bwt
[0000] 2. Calling kt_for - worker_aln
[0000] Inferring insert size distribution of PE reads from data, l_pac: 656111652, n: 2761532
[0000][PE] # candidate unique pairs for (FF, FR, RF, RR): (88, 1096571, 124, 73)
[0000][PE] analyzing insert size distribution for orientation FF...
[0000][PE] (25, 50, 75) percentile: (154, 224, 1363)
[0000][PE] low and high boundaries for computing mean and std.dev: (1, 3781)
[0000][PE] mean and std.dev: (456.21, 730.63)
[0000][PE] low and high boundaries for proper pairs: (1, 4990)
[0000][PE] analyzing insert size distribution for orientation FR...
[0000][PE] (25, 50, 75) percentile: (246, 288, 325)
[0000][PE] low and high boundaries for computing mean and std.dev: (88, 483)
[0000][PE] mean and std.dev: (283.30, 58.26)
[0000][PE] low and high boundaries for proper pairs: (9, 562)
[0000][PE] analyzing insert size distribution for orientation RF...
[0000][PE] (25, 50, 75) percentile: (569, 3525, 6922)
[0000][PE] low and high boundaries for computing mean and std.dev: (1, 19628)
[0000][PE] mean and std.dev: (3970.49, 3408.32)
[0000][PE] low and high boundaries for proper pairs: (1, 25981)
[0000][PE] analyzing insert size distribution for orientation RR...
[0000][PE] (25, 50, 75) percentile: (143, 207, 1090)
[0000][PE] low and high boundaries for computing mean and std.dev: (1, 2984)
[0000][PE] mean and std.dev: (364.94, 473.80)
[0000][PE] low and high boundaries for proper pairs: (1, 3931)
[0000][PE] skip orientation FF
[0000][PE] skip orientation RF
[0000][PE] skip orientation RR
[0000] 3. Calling kt_for - worker_sam
	[0000][ M::mem_process_seqs] Processed 2761532 reads in 450.242 CPU sec, 12.140 real sec
[0000] read_chunk: 400000000, work_chunk_size: 400000064, nseq: 2761966
	[0000][ M::kt_pipeline] read 2761966 sequences (400000064 bp)...
[0000] Calling mem_process_seqs.., task: 5
[0000] 1. Calling kt_for - worker_bwt
[0000] 2. Calling kt_for - worker_aln
[0000] Inferring insert size distribution of PE reads from data, l_pac: 656111652, n: 2761966
[0000][PE] # candidate unique pairs for (FF, FR, RF, RR): (94, 1110220, 129, 76)
[0000][PE] analyzing insert size distribution for orientation FF...
[0000][PE] (25, 50, 75) percentile: (137, 180, 243)
[0000][PE] low and high boundaries for computing mean and std.dev: (1, 455)
[0000][PE] mean and std.dev: (169.38, 72.26)
[0000][PE] low and high boundaries for proper pairs: (1, 561)
[0000][PE] analyzing insert size distribution for orientation FR...
[0000][PE] (25, 50, 75) percentile: (246, 288, 325)
[0000][PE] low and high boundaries for computing mean and std.dev: (88, 483)
[0000][PE] mean and std.dev: (283.37, 58.26)
[0000][PE] low and high boundaries for proper pairs: (9, 562)
[0000][PE] analyzing insert size distribution for orientation RF...
[0000][PE] (25, 50, 75) percentile: (869, 2195, 5282)
[0000][PE] low and high boundaries for computing mean and std.dev: (1, 14108)
[0000][PE] mean and std.dev: (3208.98, 2807.16)
[0000][PE] low and high boundaries for proper pairs: (1, 18521)
[0000][PE] analyzing insert size distribution for orientation RR...
[0000][PE] (25, 50, 75) percentile: (145, 220, 724)
[0000][PE] low and high boundaries for computing mean and std.dev: (1, 1882)
[0000][PE] mean and std.dev: (277.85, 267.47)
[0000][PE] low and high boundaries for proper pairs: (1, 2461)
[0000][PE] skip orientation FF
[0000][PE] skip orientation RF
[0000][PE] skip orientation RR
[0000] 3. Calling kt_for - worker_sam
	[0000][ M::mem_process_seqs] Processed 2761966 reads in 430.938 CPU sec, 11.576 real sec
[0000] read_chunk: 400000000, work_chunk_size: 400000108, nseq: 2761866
	[0000][ M::kt_pipeline] read 2761866 sequences (400000108 bp)...
[0000] Calling mem_process_seqs.., task: 6
[0000] 1. Calling kt_for - worker_bwt
[0000] 2. Calling kt_for - worker_aln
[0000] Inferring insert size distribution of PE reads from data, l_pac: 656111652, n: 2761866
[0000][PE] # candidate unique pairs for (FF, FR, RF, RR): (67, 1099941, 136, 80)
[0000][PE] analyzing insert size distribution for orientation FF...
[0000][PE] (25, 50, 75) percentile: (144, 192, 651)
[0000][PE] low and high boundaries for computing mean and std.dev: (1, 1665)
[0000][PE] mean and std.dev: (260.68, 253.95)
[0000][PE] low and high boundaries for proper pairs: (1, 2172)
[0000][PE] analyzing insert size distribution for orientation FR...
[0000][PE] (25, 50, 75) percentile: (246, 288, 325)
[0000][PE] low and high boundaries for computing mean and std.dev: (88, 483)
[0000][PE] mean and std.dev: (283.38, 58.24)
[0000][PE] low and high boundaries for proper pairs: (9, 562)
[0000][PE] analyzing insert size distribution for orientation RF...
[0000][PE] (25, 50, 75) percentile: (358, 1898, 5632)
[0000][PE] low and high boundaries for computing mean and std.dev: (1, 16180)
[0000][PE] mean and std.dev: (2998.44, 2879.19)
[0000][PE] low and high boundaries for proper pairs: (1, 21454)
[0000][PE] analyzing insert size distribution for orientation RR...
[0000][PE] (25, 50, 75) percentile: (157, 216, 426)
[0000][PE] low and high boundaries for computing mean and std.dev: (1, 964)
[0000][PE] mean and std.dev: (237.91, 153.54)
[0000][PE] low and high boundaries for proper pairs: (1, 1233)
[0000][PE] skip orientation FF
[0000][PE] skip orientation RF
[0000][PE] skip orientation RR
[0000] 3. Calling kt_for - worker_sam
[0000] read_chunk: 400000000, work_chunk_size: 400000177, nseq: 2761058
	[0000][ M::kt_pipeline] read 2761058 sequences (400000177 bp)...
	[0000][ M::mem_process_seqs] Processed 2761866 reads in 440.387 CPU sec, 11.951 real sec
[0000] Calling mem_process_seqs.., task: 7
[0000] 1. Calling kt_for - worker_bwt
[0000] 2. Calling kt_for - worker_aln
[0000] Inferring insert size distribution of PE reads from data, l_pac: 656111652, n: 2761058
[0000][PE] # candidate unique pairs for (FF, FR, RF, RR): (98, 1086829, 161, 101)
[0000][PE] analyzing insert size distribution for orientation FF...
[0000][PE] (25, 50, 75) percentile: (145, 210, 612)
[0000][PE] low and high boundaries for computing mean and std.dev: (1, 1546)
[0000][PE] mean and std.dev: (297.38, 304.69)
[0000][PE] low and high boundaries for proper pairs: (1, 2013)
[0000][PE] analyzing insert size distribution for orientation FR...
[0000][PE] (25, 50, 75) percentile: (246, 288, 325)
[0000][PE] low and high boundaries for computing mean and std.dev: (88, 483)
[0000][PE] mean and std.dev: (283.23, 58.33)
[0000][PE] low and high boundaries for proper pairs: (9, 562)
[0000][PE] analyzing insert size distribution for orientation RF...
[0000][PE] (25, 50, 75) percentile: (983, 2477, 6148)
[0000][PE] low and high boundaries for computing mean and std.dev: (1, 16478)
[0000][PE] mean and std.dev: (3589.16, 3072.47)
[0000][PE] low and high boundaries for proper pairs: (1, 21643)
[0000][PE] analyzing insert size distribution for orientation RR...
[0000][PE] (25, 50, 75) percentile: (146, 196, 410)
[0000][PE] low and high boundaries for computing mean and std.dev: (1, 938)
[0000][PE] mean and std.dev: (205.41, 136.50)
[0000][PE] low and high boundaries for proper pairs: (1, 1202)
[0000][PE] skip orientation FF
[0000][PE] skip orientation RF
[0000][PE] skip orientation RR
[0000] 3. Calling kt_for - worker_sam
	[0000][ M::mem_process_seqs] Processed 2761058 reads in 472.515 CPU sec, 12.830 real sec
[0000] read_chunk: 400000000, work_chunk_size: 400000207, nseq: 2763264
	[0000][ M::kt_pipeline] read 2763264 sequences (400000207 bp)...
[0000] Calling mem_process_seqs.., task: 8
[0000] 1. Calling kt_for - worker_bwt
[0000] 2. Calling kt_for - worker_aln
[0000] Inferring insert size distribution of PE reads from data, l_pac: 656111652, n: 2763264
[0000][PE] # candidate unique pairs for (FF, FR, RF, RR): (68, 1116038, 118, 66)
[0000][PE] analyzing insert size distribution for orientation FF...
[0000][PE] (25, 50, 75) percentile: (146, 188, 638)
[0000][PE] low and high boundaries for computing mean and std.dev: (1, 1622)
[0000][PE] mean and std.dev: (307.78, 333.18)
[0000][PE] low and high boundaries for proper pairs: (1, 2114)
[0000][PE] analyzing insert size distribution for orientation FR...
[0000][PE] (25, 50, 75) percentile: (247, 288, 325)
[0000][PE] low and high boundaries for computing mean and std.dev: (91, 481)
[0000][PE] mean and std.dev: (283.81, 57.62)
[0000][PE] low and high boundaries for proper pairs: (13, 559)
[0000][PE] analyzing insert size distribution for orientation RF...
[0000][PE] (25, 50, 75) percentile: (564, 2708, 6320)
[0000][PE] low and high boundaries for computing mean and std.dev: (1, 17832)
[0000][PE] mean and std.dev: (3585.40, 3093.58)
[0000][PE] low and high boundaries for proper pairs: (1, 23588)
[0000][PE] analyzing insert size distribution for orientation RR...
[0000][PE] (25, 50, 75) percentile: (147, 233, 379)
[0000][PE] low and high boundaries for computing mean and std.dev: (1, 843)
[0000][PE] mean and std.dev: (215.28, 132.86)
[0000][PE] low and high boundaries for proper pairs: (1, 1075)
[0000][PE] skip orientation FF
[0000][PE] skip orientation RF
[0000][PE] skip orientation RR
[0000] 3. Calling kt_for - worker_sam
	[0000][ M::mem_process_seqs] Processed 2763264 reads in 418.342 CPU sec, 11.588 real sec
[0000] read_chunk: 400000000, work_chunk_size: 352444974, nseq: 2433702
	[0000][ M::kt_pipeline] read 2433702 sequences (352444974 bp)...
[0000] Calling mem_process_seqs.., task: 9
[0000] 1. Calling kt_for - worker_bwt
[0000] 2. Calling kt_for - worker_aln
[0000] read_chunk: 400000000, work_chunk_size: 0, nseq: 0
[0000] Inferring insert size distribution of PE reads from data, l_pac: 656111652, n: 2433702
[0000][PE] # candidate unique pairs for (FF, FR, RF, RR): (75, 976683, 98, 56)
[0000][PE] analyzing insert size distribution for orientation FF...
[0000][PE] (25, 50, 75) percentile: (144, 215, 531)
[0000][PE] low and high boundaries for computing mean and std.dev: (1, 1305)
[0000][PE] mean and std.dev: (239.34, 204.04)
[0000][PE] low and high boundaries for proper pairs: (1, 1692)
[0000][PE] analyzing insert size distribution for orientation FR...
[0000][PE] (25, 50, 75) percentile: (247, 288, 325)
[0000][PE] low and high boundaries for computing mean and std.dev: (91, 481)
[0000][PE] mean and std.dev: (283.77, 57.56)
[0000][PE] low and high boundaries for proper pairs: (13, 559)
[0000][PE] analyzing insert size distribution for orientation RF...
[0000][PE] (25, 50, 75) percentile: (617, 1843, 6694)
[0000][PE] low and high boundaries for computing mean and std.dev: (1, 18848)
[0000][PE] mean and std.dev: (3596.87, 3230.97)
[0000][PE] low and high boundaries for proper pairs: (1, 24925)
[0000][PE] analyzing insert size distribution for orientation RR...
[0000][PE] (25, 50, 75) percentile: (157, 205, 1259)
[0000][PE] low and high boundaries for computing mean and std.dev: (1, 3463)
[0000][PE] mean and std.dev: (452.83, 693.56)
[0000][PE] low and high boundaries for proper pairs: (1, 4565)
[0000][PE] skip orientation FF
[0000][PE] skip orientation RF
[0000][PE] skip orientation RR
[0000] 3. Calling kt_for - worker_sam
	[0000][ M::mem_process_seqs] Processed 2433702 reads in 375.652 CPU sec, 10.143 real sec
[0000] read_chunk: 400000000, work_chunk_size: 0, nseq: 0
[0000] Computation ends..
No. of OMP threads: 40
Processor is running @2394.724584 MHz
Runtime profile:

	Time taken for main_mem function: 166.83 sec

	IO times (sec) :
	Reading IO time (reads) avg: 84.10, (84.10, 84.10)
	Writing IO time (SAM) avg: 34.68, (34.68, 34.68)
	Reading IO time (Reference Genome) avg: 0.58, (0.58, 0.58)
	Index read time avg: 0.12, (0.12, 0.12)

	Overall time (sec) (Excluding Index reading time):
	PROCESS() (Total compute time + (read + SAM) IO time) : 166.12
	MEM_PROCESS_SEQ() (Total compute time (Kernel + SAM)), avg: 120.01, (120.01, 120.01)

	 SAM Processing time (sec):
	--WORKER_SAM avg: 51.64, (51.64, 51.64)

	Kernels' compute time (sec):
	Total kernel (smem+sal+bsw) time avg: 65.41, (65.41, 65.41)
		MEM_ALN_CHAIN_FLT avg: 0.00, (0.00, 0.00)
		MEM_ALN_CHAIN_SEED avg: 0.00, (0.00, 0.00)
		ERT_SEED_CHAIN avg: 0.00, (0.00, 0.00)
	LEARNED_SEED_CHAIN avg: 21.49, (21.54, 21.43)
		SMEM compute avg: 0.00, (0.00, 0.00)
		SAL compute avg: 0.00, (0.00, 0.00)
				MEM_SA avg: 0.00, (0.00, 0.00)

		BSW time, avg: 41.32, (41.68, 41.03)

Important parameter settings: 
	BATCH_SIZE: 512
	MAX_SEQ_LEN_REF: 256
	MAX_SEQ_LEN_QER: 128
	MAX_SEQ_LEN8: 128
	SEEDS_PER_READ: 500
	SIMD_WIDTH8 X: 64
	SIMD_WIDTH16 X: 32
	AVG_SEEDS_PER_READ: 64
