Looking to launch executable "/opt/conda/bin/bwa-meme_mode3.avx512bw", simd = _mode3.avx512bw
Launching executable "/opt/conda/bin/bwa-meme_mode3.avx512bw"
-----------------------------
Executing in AVX512 mode!!
-----------------------------
* SA compression enabled with xfactor: 8
* Ref file: reference.902362185.genome.fasta
* Entering FMI_search
Reading other elements of the index from files reference.902362185.genome.fasta
* Index prefix: reference.902362185.genome.fasta
* Read 0 ALT contigs
* Reading reference genome..
* Binary seq file = reference.902362185.genome.fasta.0123
* Reference genome size: 1312223304 bp
* Done reading reference genome !!

------------------------------------------
1. Memory pre-allocation for Chaining: 5679.4903 MB
2. Memory pre-allocation for BSW: 9584.6810 MB
[M::memoryAllocLearned::MEME] Reading Learned-index models into memory
[Learned-Config] MODE:3 SEARCH_METHOD: 1 MEM_TRADEOFF:1 EXPONENTIAL_SMEMSEARCH: 1 DEBUG_MODE:0 Num 2nd Models:268435456 PWL Bits Used:28
[M::memoryAllocLearned::MEME] Loading RMI model and Pac reference file took 9.430 sec
[M::memoryAllocLearned::MEME] Reading suffix array into memory
[M::memoryAllocLearned::MEME] Loading pos_packed file took 13.755 sec
[M::memoryAllocLearned::MEME] Generating SA, 64-bit Suffix and ISA in memory
[M::memoryAllocLearned::MEME] Runtime-build-index took 13.452 sec
3. Memory pre-allocation for BWT: 7204.5072 MB
------------------------------------------
* Threads used (compute): 40
* No. of pipeline threads: 2

[0000] read_chunk: 400000000, work_chunk_size: 400000073, nseq: 2884786
	[0000][ M::kt_pipeline] read 2884786 sequences (400000073 bp)...
[0000] Reallocating initial memory allocations!!
[0000] read_chunk: 400000000, work_chunk_size: 400000155, nseq: 2886296
	[0000][ M::kt_pipeline] read 2886296 sequences (400000155 bp)...
[0000] Calling mem_process_seqs.., task: 0
[0000] 1. Calling kt_for - worker_bwt
[0000] 2. Calling kt_for - worker_aln
[0000] Inferring insert size distribution of PE reads from data, l_pac: 656111652, n: 2884786
[0000][PE] # candidate unique pairs for (FF, FR, RF, RR): (95, 1154300, 106, 92)
[0000][PE] analyzing insert size distribution for orientation FF...
[0000][PE] (25, 50, 75) percentile: (137, 186, 244)
[0000][PE] low and high boundaries for computing mean and std.dev: (1, 458)
[0000][PE] mean and std.dev: (173.88, 75.92)
[0000][PE] low and high boundaries for proper pairs: (1, 565)
[0000][PE] analyzing insert size distribution for orientation FR...
[0000][PE] (25, 50, 75) percentile: (201, 266, 314)
[0000][PE] low and high boundaries for computing mean and std.dev: (1, 540)
[0000][PE] mean and std.dev: (247.58, 88.03)
[0000][PE] low and high boundaries for proper pairs: (1, 653)
[0000][PE] analyzing insert size distribution for orientation RF...
[0000][PE] (25, 50, 75) percentile: (530, 2126, 5613)
[0000][PE] low and high boundaries for computing mean and std.dev: (1, 15779)
[0000][PE] mean and std.dev: (3147.12, 2983.94)
[0000][PE] low and high boundaries for proper pairs: (1, 20862)
[0000][PE] analyzing insert size distribution for orientation RR...
[0000][PE] (25, 50, 75) percentile: (156, 202, 278)
[0000][PE] low and high boundaries for computing mean and std.dev: (1, 522)
[0000][PE] mean and std.dev: (193.49, 77.77)
[0000][PE] low and high boundaries for proper pairs: (1, 644)
[0000][PE] skip orientation FF
[0000][PE] skip orientation RF
[0000][PE] skip orientation RR
[0000] 3. Calling kt_for - worker_sam
	[0000][ M::mem_process_seqs] Processed 2884786 reads in 458.680 CPU sec, 13.836 real sec
[0000] Reallocating initial memory allocations!!
[0000] Calling mem_process_seqs.., task: 1
[0000] 1. Calling kt_for - worker_bwt
[0000] 2. Calling kt_for - worker_aln
[0000] read_chunk: 400000000, work_chunk_size: 299221017, nseq: 2160166
	[0000][ M::kt_pipeline] read 2160166 sequences (299221017 bp)...
[0000] Inferring insert size distribution of PE reads from data, l_pac: 656111652, n: 2886296
[0000][PE] # candidate unique pairs for (FF, FR, RF, RR): (105, 1166261, 106, 80)
[0000][PE] analyzing insert size distribution for orientation FF...
[0000][PE] (25, 50, 75) percentile: (138, 202, 316)
[0000][PE] low and high boundaries for computing mean and std.dev: (1, 672)
[0000][PE] mean and std.dev: (168.36, 67.15)
[0000][PE] low and high boundaries for proper pairs: (1, 850)
[0000][PE] analyzing insert size distribution for orientation FR...
[0000][PE] (25, 50, 75) percentile: (201, 266, 314)
[0000][PE] low and high boundaries for computing mean and std.dev: (1, 540)
[0000][PE] mean and std.dev: (247.65, 88.10)
[0000][PE] low and high boundaries for proper pairs: (1, 653)
[0000][PE] analyzing insert size distribution for orientation RF...
[0000][PE] (25, 50, 75) percentile: (1351, 3628, 6412)
[0000][PE] low and high boundaries for computing mean and std.dev: (1, 16534)
[0000][PE] mean and std.dev: (3974.81, 2995.94)
[0000][PE] low and high boundaries for proper pairs: (1, 21595)
[0000][PE] analyzing insert size distribution for orientation RR...
[0000][PE] (25, 50, 75) percentile: (143, 199, 260)
[0000][PE] low and high boundaries for computing mean and std.dev: (1, 494)
[0000][PE] mean and std.dev: (174.03, 69.77)
[0000][PE] low and high boundaries for proper pairs: (1, 611)
[0000][PE] skip orientation FF
[0000][PE] skip orientation RF
[0000][PE] skip orientation RR
[0000] 3. Calling kt_for - worker_sam
	[0000][ M::mem_process_seqs] Processed 2886296 reads in 433.238 CPU sec, 11.551 real sec
[0000] Calling mem_process_seqs.., task: 2
[0000] 1. Calling kt_for - worker_bwt
[0000] 2. Calling kt_for - worker_aln
[0000] read_chunk: 400000000, work_chunk_size: 0, nseq: 0
[0000] Inferring insert size distribution of PE reads from data, l_pac: 656111652, n: 2160166
[0000][PE] # candidate unique pairs for (FF, FR, RF, RR): (80, 874799, 64, 65)
[0000][PE] analyzing insert size distribution for orientation FF...
[0000][PE] (25, 50, 75) percentile: (112, 169, 251)
[0000][PE] low and high boundaries for computing mean and std.dev: (1, 529)
[0000][PE] mean and std.dev: (167.25, 104.46)
[0000][PE] low and high boundaries for proper pairs: (1, 668)
[0000][PE] analyzing insert size distribution for orientation FR...
[0000][PE] (25, 50, 75) percentile: (201, 266, 314)
[0000][PE] low and high boundaries for computing mean and std.dev: (1, 540)
[0000][PE] mean and std.dev: (247.35, 88.16)
[0000][PE] low and high boundaries for proper pairs: (1, 653)
[0000][PE] analyzing insert size distribution for orientation RF...
[0000][PE] (25, 50, 75) percentile: (561, 2980, 7363)
[0000][PE] low and high boundaries for computing mean and std.dev: (1, 20967)
[0000][PE] mean and std.dev: (3821.39, 3326.92)
[0000][PE] low and high boundaries for proper pairs: (1, 27769)
[0000][PE] analyzing insert size distribution for orientation RR...
[0000][PE] (25, 50, 75) percentile: (144, 206, 988)
[0000][PE] low and high boundaries for computing mean and std.dev: (1, 2676)
[0000][PE] mean and std.dev: (428.14, 584.60)
[0000][PE] low and high boundaries for proper pairs: (1, 3520)
[0000][PE] skip orientation FF
[0000][PE] skip orientation RF
[0000][PE] skip orientation RR
[0000] 3. Calling kt_for - worker_sam
	[0000][ M::mem_process_seqs] Processed 2160166 reads in 322.865 CPU sec, 9.061 real sec
[0000] read_chunk: 400000000, work_chunk_size: 0, nseq: 0
[0000] Computation ends..
No. of OMP threads: 40
Processor is running @2394.717006 MHz
Runtime profile:

	Time taken for main_mem function: 122.77 sec

	IO times (sec) :
	Reading IO time (reads) avg: 44.69, (44.69, 44.69)
	Writing IO time (SAM) avg: 8.59, (8.59, 8.59)
	Reading IO time (Reference Genome) avg: 0.49, (0.49, 0.49)
	Index read time avg: 0.11, (0.11, 0.11)

	Overall time (sec) (Excluding Index reading time):
	PROCESS() (Total compute time + (read + SAM) IO time) : 122.16
	MEM_PROCESS_SEQ() (Total compute time (Kernel + SAM)), avg: 34.44, (34.44, 34.44)

	 SAM Processing time (sec):
	--WORKER_SAM avg: 13.75, (13.75, 13.75)

	Kernels' compute time (sec):
	Total kernel (smem+sal+bsw) time avg: 19.83, (19.83, 19.83)
		MEM_ALN_CHAIN_FLT avg: 0.00, (0.00, 0.00)
		MEM_ALN_CHAIN_SEED avg: 0.00, (0.00, 0.00)
		ERT_SEED_CHAIN avg: 0.00, (0.00, 0.00)
	LEARNED_SEED_CHAIN avg: 7.94, (8.00, 7.89)
		SMEM compute avg: 0.00, (0.00, 0.00)
		SAL compute avg: 0.00, (0.00, 0.00)
				MEM_SA avg: 0.00, (0.00, 0.00)

		BSW time, avg: 11.05, (11.29, 10.91)

Important parameter settings: 
	BATCH_SIZE: 512
	MAX_SEQ_LEN_REF: 256
	MAX_SEQ_LEN_QER: 128
	MAX_SEQ_LEN8: 128
	SEEDS_PER_READ: 500
	SIMD_WIDTH8 X: 64
	SIMD_WIDTH16 X: 32
	AVG_SEEDS_PER_READ: 64
