Looking to launch executable "/opt/conda/bin/bwa-meme_mode3.avx512bw", simd = _mode3.avx512bw
Launching executable "/opt/conda/bin/bwa-meme_mode3.avx512bw"
-----------------------------
Executing in AVX512 mode!!
-----------------------------
* SA compression enabled with xfactor: 8
* Ref file: reference.902362185.genome.fasta
* Entering FMI_search
Reading other elements of the index from files reference.902362185.genome.fasta
* Index prefix: reference.902362185.genome.fasta
* Read 0 ALT contigs
* Reading reference genome..
* Binary seq file = reference.902362185.genome.fasta.0123
* Reference genome size: 1312223304 bp
* Done reading reference genome !!

------------------------------------------
1. Memory pre-allocation for Chaining: 5679.4903 MB
2. Memory pre-allocation for BSW: 9584.6810 MB
[M::memoryAllocLearned::MEME] Reading Learned-index models into memory
[Learned-Config] MODE:3 SEARCH_METHOD: 1 MEM_TRADEOFF:1 EXPONENTIAL_SMEMSEARCH: 1 DEBUG_MODE:0 Num 2nd Models:268435456 PWL Bits Used:28
[M::memoryAllocLearned::MEME] Loading RMI model and Pac reference file took 10.007 sec
[M::memoryAllocLearned::MEME] Reading suffix array into memory
[M::memoryAllocLearned::MEME] Loading pos_packed file took 14.679 sec
[M::memoryAllocLearned::MEME] Generating SA, 64-bit Suffix and ISA in memory
[M::memoryAllocLearned::MEME] Runtime-build-index took 13.485 sec
3. Memory pre-allocation for BWT: 7204.5072 MB
------------------------------------------
* Threads used (compute): 40
* No. of pipeline threads: 2

[0000] read_chunk: 400000000, work_chunk_size: 400000065, nseq: 2779344
	[0000][ M::kt_pipeline] read 2779344 sequences (400000065 bp)...
[0000] Reallocating initial memory allocations!!
[0000] Calling mem_process_seqs.., task: 0
[0000] 1. Calling kt_for - worker_bwt
[0000] 2. Calling kt_for - worker_aln
[0000] Inferring insert size distribution of PE reads from data, l_pac: 656111652, n: 2779344
[0000] read_chunk: 400000000, work_chunk_size: 400000067, nseq: 2781510
	[0000][ M::kt_pipeline] read 2781510 sequences (400000067 bp)...
[0000][PE] # candidate unique pairs for (FF, FR, RF, RR): (67, 1098727, 117, 55)
[0000][PE] analyzing insert size distribution for orientation FF...
[0000][PE] (25, 50, 75) percentile: (153, 240, 1448)
[0000][PE] low and high boundaries for computing mean and std.dev: (1, 4038)
[0000][PE] mean and std.dev: (647.35, 997.76)
[0000][PE] low and high boundaries for proper pairs: (1, 5333)
[0000][PE] analyzing insert size distribution for orientation FR...
[0000][PE] (25, 50, 75) percentile: (243, 286, 325)
[0000][PE] low and high boundaries for computing mean and std.dev: (79, 489)
[0000][PE] mean and std.dev: (279.60, 63.79)
[0000][PE] low and high boundaries for proper pairs: (1, 571)
[0000][PE] analyzing insert size distribution for orientation RF...
[0000][PE] (25, 50, 75) percentile: (430, 2629, 6910)
[0000][PE] low and high boundaries for computing mean and std.dev: (1, 19870)
[0000][PE] mean and std.dev: (3621.23, 3335.75)
[0000][PE] low and high boundaries for proper pairs: (1, 26350)
[0000][PE] analyzing insert size distribution for orientation RR...
[0000][PE] (25, 50, 75) percentile: (210, 302, 4876)
[0000][PE] low and high boundaries for computing mean and std.dev: (1, 14208)
[0000][PE] mean and std.dev: (2220.95, 2937.84)
[0000][PE] low and high boundaries for proper pairs: (1, 18874)
[0000][PE] skip orientation FF
[0000][PE] skip orientation RF
[0000][PE] skip orientation RR
[0000] 3. Calling kt_for - worker_sam
	[0000][ M::mem_process_seqs] Processed 2779344 reads in 462.159 CPU sec, 12.440 real sec
[0000] Reallocating initial memory allocations!!
[0000] Calling mem_process_seqs.., task: 1
[0000] 1. Calling kt_for - worker_bwt
[0000] 2. Calling kt_for - worker_aln
[0000] Inferring insert size distribution of PE reads from data, l_pac: 656111652, n: 2781510
[0000][PE] # candidate unique pairs for (FF, FR, RF, RR): (66, 1118053, 126, 47)
[0000][PE] analyzing insert size distribution for orientation FF...
[0000][PE] (25, 50, 75) percentile: (135, 205, 1948)
[0000][PE] low and high boundaries for computing mean and std.dev: (1, 5574)
[0000][PE] mean and std.dev: (690.88, 1143.64)
[0000][PE] low and high boundaries for proper pairs: (1, 7387)
[0000][PE] analyzing insert size distribution for orientation FR...
[0000][PE] (25, 50, 75) percentile: (243, 286, 325)
[0000][PE] low and high boundaries for computing mean and std.dev: (79, 489)
[0000][PE] mean and std.dev: (279.61, 63.88)
[0000][PE] low and high boundaries for proper pairs: (1, 571)
[0000][PE] analyzing insert size distribution for orientation RF...
[0000][PE] (25, 50, 75) percentile: (778, 3379, 6140)
[0000][PE] low and high boundaries for computing mean and std.dev: (1, 16864)
[0000][PE] mean and std.dev: (3774.10, 3171.82)
[0000][PE] low and high boundaries for proper pairs: (1, 22226)
[0000][PE] analyzing insert size distribution for orientation RR...
[0000][PE] (25, 50, 75) percentile: (144, 214, 1060)
[0000][PE] low and high boundaries for computing mean and std.dev: (1, 2892)
[0000][PE] mean and std.dev: (469.02, 621.06)
[0000][PE] low and high boundaries for proper pairs: (1, 3808)
[0000][PE] skip orientation FF
[0000][PE] skip orientation RF
[0000][PE] skip orientation RR
[0000] 3. Calling kt_for - worker_sam
[0000] read_chunk: 400000000, work_chunk_size: 400000181, nseq: 2778414
	[0000][ M::kt_pipeline] read 2778414 sequences (400000181 bp)...
	[0000][ M::mem_process_seqs] Processed 2781510 reads in 424.947 CPU sec, 11.654 real sec
[0000] Calling mem_process_seqs.., task: 2
[0000] 1. Calling kt_for - worker_bwt
[0000] 2. Calling kt_for - worker_aln
[0000] Inferring insert size distribution of PE reads from data, l_pac: 656111652, n: 2778414
[0000][PE] # candidate unique pairs for (FF, FR, RF, RR): (92, 1086034, 116, 51)
[0000][PE] analyzing insert size distribution for orientation FF...
[0000][PE] (25, 50, 75) percentile: (127, 190, 864)
[0000][PE] low and high boundaries for computing mean and std.dev: (1, 2338)
[0000][PE] mean and std.dev: (324.49, 433.96)
[0000][PE] low and high boundaries for proper pairs: (1, 3075)
[0000][PE] analyzing insert size distribution for orientation FR...
[0000][PE] (25, 50, 75) percentile: (243, 286, 325)
[0000][PE] low and high boundaries for computing mean and std.dev: (79, 489)
[0000][PE] mean and std.dev: (279.63, 63.82)
[0000][PE] low and high boundaries for proper pairs: (1, 571)
[0000][PE] analyzing insert size distribution for orientation RF...
[0000][PE] (25, 50, 75) percentile: (338, 1610, 4959)
[0000][PE] low and high boundaries for computing mean and std.dev: (1, 14201)
[0000][PE] mean and std.dev: (2736.58, 3002.25)
[0000][PE] low and high boundaries for proper pairs: (1, 18822)
[0000][PE] analyzing insert size distribution for orientation RR...
[0000][PE] (25, 50, 75) percentile: (145, 236, 1334)
[0000][PE] low and high boundaries for computing mean and std.dev: (1, 3712)
[0000][PE] mean and std.dev: (519.87, 751.04)
[0000][PE] low and high boundaries for proper pairs: (1, 4901)
[0000][PE] skip orientation FF
[0000][PE] skip orientation RF
[0000][PE] skip orientation RR
[0000] 3. Calling kt_for - worker_sam
	[0000][ M::mem_process_seqs] Processed 2778414 reads in 501.892 CPU sec, 13.593 real sec
[0000] read_chunk: 400000000, work_chunk_size: 400000220, nseq: 2780468
	[0000][ M::kt_pipeline] read 2780468 sequences (400000220 bp)...
[0000] Calling mem_process_seqs.., task: 3
[0000] 1. Calling kt_for - worker_bwt
[0000] 2. Calling kt_for - worker_aln
[0000] Inferring insert size distribution of PE reads from data, l_pac: 656111652, n: 2780468
[0000][PE] # candidate unique pairs for (FF, FR, RF, RR): (58, 1113755, 107, 62)
[0000][PE] analyzing insert size distribution for orientation FF...
[0000][PE] (25, 50, 75) percentile: (194, 262, 2419)
[0000][PE] low and high boundaries for computing mean and std.dev: (1, 6869)
[0000][PE] mean and std.dev: (1497.88, 2127.17)
[0000][PE] low and high boundaries for proper pairs: (1, 10007)
[0000][PE] analyzing insert size distribution for orientation FR...
[0000][PE] (25, 50, 75) percentile: (243, 286, 325)
[0000][PE] low and high boundaries for computing mean and std.dev: (79, 489)
[0000][PE] mean and std.dev: (279.58, 63.84)
[0000][PE] low and high boundaries for proper pairs: (1, 571)
[0000][PE] analyzing insert size distribution for orientation RF...
[0000][PE] (25, 50, 75) percentile: (1012, 4068, 7153)
[0000][PE] low and high boundaries for computing mean and std.dev: (1, 19435)
[0000][PE] mean and std.dev: (4106.41, 3148.01)
[0000][PE] low and high boundaries for proper pairs: (1, 25576)
[0000][PE] analyzing insert size distribution for orientation RR...
[0000][PE] (25, 50, 75) percentile: (166, 253, 3926)
[0000][PE] low and high boundaries for computing mean and std.dev: (1, 11446)
[0000][PE] mean and std.dev: (1852.44, 2701.10)
[0000][PE] low and high boundaries for proper pairs: (1, 15206)
[0000][PE] skip orientation FF
[0000][PE] skip orientation RF
[0000][PE] skip orientation RR
[0000] 3. Calling kt_for - worker_sam
[0000] read_chunk: 400000000, work_chunk_size: 400000140, nseq: 2780610
	[0000][ M::kt_pipeline] read 2780610 sequences (400000140 bp)...
	[0000][ M::mem_process_seqs] Processed 2780468 reads in 448.615 CPU sec, 12.225 real sec
[0000] Calling mem_process_seqs.., task: 4
[0000] 1. Calling kt_for - worker_bwt
[0000] 2. Calling kt_for - worker_aln
[0000] Inferring insert size distribution of PE reads from data, l_pac: 656111652, n: 2780610
[0000][PE] # candidate unique pairs for (FF, FR, RF, RR): (67, 1114861, 116, 62)
[0000][PE] analyzing insert size distribution for orientation FF...
[0000][PE] (25, 50, 75) percentile: (164, 227, 498)
[0000][PE] low and high boundaries for computing mean and std.dev: (1, 1166)
[0000][PE] mean and std.dev: (223.38, 148.52)
[0000][PE] low and high boundaries for proper pairs: (1, 1500)
[0000][PE] analyzing insert size distribution for orientation FR...
[0000][PE] (25, 50, 75) percentile: (243, 286, 325)
[0000][PE] low and high boundaries for computing mean and std.dev: (79, 489)
[0000][PE] mean and std.dev: (279.57, 63.87)
[0000][PE] low and high boundaries for proper pairs: (1, 571)
[0000][PE] analyzing insert size distribution for orientation RF...
[0000][PE] (25, 50, 75) percentile: (418, 2532, 5994)
[0000][PE] low and high boundaries for computing mean and std.dev: (1, 17146)
[0000][PE] mean and std.dev: (3280.83, 3128.00)
[0000][PE] low and high boundaries for proper pairs: (1, 22722)
[0000][PE] analyzing insert size distribution for orientation RR...
[0000][PE] (25, 50, 75) percentile: (174, 262, 1334)
[0000][PE] low and high boundaries for computing mean and std.dev: (1, 3654)
[0000][PE] mean and std.dev: (427.10, 573.07)
[0000][PE] low and high boundaries for proper pairs: (1, 4814)
[0000][PE] skip orientation FF
[0000][PE] skip orientation RF
[0000][PE] skip orientation RR
[0000] 3. Calling kt_for - worker_sam
	[0000][ M::mem_process_seqs] Processed 2780610 reads in 435.182 CPU sec, 11.882 real sec
[0000] read_chunk: 400000000, work_chunk_size: 400000231, nseq: 2780896
	[0000][ M::kt_pipeline] read 2780896 sequences (400000231 bp)...
[0000] Calling mem_process_seqs.., task: 5
[0000] 1. Calling kt_for - worker_bwt
[0000] 2. Calling kt_for - worker_aln
[0000] Inferring insert size distribution of PE reads from data, l_pac: 656111652, n: 2780896
[0000][PE] # candidate unique pairs for (FF, FR, RF, RR): (49, 1106417, 110, 54)
[0000][PE] analyzing insert size distribution for orientation FF...
[0000][PE] (25, 50, 75) percentile: (158, 202, 279)
[0000][PE] low and high boundaries for computing mean and std.dev: (1, 521)
[0000][PE] mean and std.dev: (192.85, 67.70)
[0000][PE] low and high boundaries for proper pairs: (1, 642)
[0000][PE] analyzing insert size distribution for orientation FR...
[0000][PE] (25, 50, 75) percentile: (243, 286, 325)
[0000][PE] low and high boundaries for computing mean and std.dev: (79, 489)
[0000][PE] mean and std.dev: (279.49, 63.93)
[0000][PE] low and high boundaries for proper pairs: (1, 571)
[0000][PE] analyzing insert size distribution for orientation RF...
[0000][PE] (25, 50, 75) percentile: (446, 2464, 5195)
[0000][PE] low and high boundaries for computing mean and std.dev: (1, 14693)
[0000][PE] mean and std.dev: (3127.12, 2821.33)
[0000][PE] low and high boundaries for proper pairs: (1, 19442)
[0000][PE] analyzing insert size distribution for orientation RR...
[0000][PE] (25, 50, 75) percentile: (135, 232, 1040)
[0000][PE] low and high boundaries for computing mean and std.dev: (1, 2850)
[0000][PE] mean and std.dev: (431.71, 575.02)
[0000][PE] low and high boundaries for proper pairs: (1, 3755)
[0000][PE] skip orientation FF
[0000][PE] skip orientation RF
[0000][PE] skip orientation RR
[0000] 3. Calling kt_for - worker_sam
[0000] read_chunk: 400000000, work_chunk_size: 400000283, nseq: 2781446
	[0000][ M::kt_pipeline] read 2781446 sequences (400000283 bp)...
	[0000][ M::mem_process_seqs] Processed 2780896 reads in 461.638 CPU sec, 12.597 real sec
[0000] Calling mem_process_seqs.., task: 6
[0000] 1. Calling kt_for - worker_bwt
[0000] 2. Calling kt_for - worker_aln
[0000] read_chunk: 400000000, work_chunk_size: 59596580, nseq: 414596
	[0000][ M::kt_pipeline] read 414596 sequences (59596580 bp)...
[0000] Inferring insert size distribution of PE reads from data, l_pac: 656111652, n: 2781446
[0000][PE] # candidate unique pairs for (FF, FR, RF, RR): (70, 1118355, 114, 55)
[0000][PE] analyzing insert size distribution for orientation FF...
[0000][PE] (25, 50, 75) percentile: (137, 219, 629)
[0000][PE] low and high boundaries for computing mean and std.dev: (1, 1613)
[0000][PE] mean and std.dev: (306.93, 329.90)
[0000][PE] low and high boundaries for proper pairs: (1, 2105)
[0000][PE] analyzing insert size distribution for orientation FR...
[0000][PE] (25, 50, 75) percentile: (243, 286, 325)
[0000][PE] low and high boundaries for computing mean and std.dev: (79, 489)
[0000][PE] mean and std.dev: (279.58, 63.99)
[0000][PE] low and high boundaries for proper pairs: (1, 571)
[0000][PE] analyzing insert size distribution for orientation RF...
[0000][PE] (25, 50, 75) percentile: (1376, 4342, 6885)
[0000][PE] low and high boundaries for computing mean and std.dev: (1, 17903)
[0000][PE] mean and std.dev: (4492.39, 3152.53)
[0000][PE] low and high boundaries for proper pairs: (1, 23412)
[0000][PE] analyzing insert size distribution for orientation RR...
[0000][PE] (25, 50, 75) percentile: (148, 234, 840)
[0000][PE] low and high boundaries for computing mean and std.dev: (1, 2224)
[0000][PE] mean and std.dev: (357.57, 421.75)
[0000][PE] low and high boundaries for proper pairs: (1, 2916)
[0000][PE] skip orientation FF
[0000][PE] skip orientation RF
[0000][PE] skip orientation RR
[0000] 3. Calling kt_for - worker_sam
	[0000][ M::mem_process_seqs] Processed 2781446 reads in 428.411 CPU sec, 11.831 real sec
[0000] Calling mem_process_seqs.., task: 7
[0000] 1. Calling kt_for - worker_bwt
[0000] 2. Calling kt_for - worker_aln
[0000] Inferring insert size distribution of PE reads from data, l_pac: 656111652, n: 414596
[0000][PE] # candidate unique pairs for (FF, FR, RF, RR): (9, 169923, 16, 11)
[0000][PE] skip orientation FF as there are not enough pairs
[0000][PE] analyzing insert size distribution for orientation FR...
[0000][PE] (25, 50, 75) percentile: (243, 287, 325)
[0000][PE] low and high boundaries for computing mean and std.dev: (79, 489)
[0000][PE] mean and std.dev: (279.71, 63.75)
[0000][PE] low and high boundaries for proper pairs: (1, 571)
[0000][PE] analyzing insert size distribution for orientation RF...
[0000][PE] (25, 50, 75) percentile: (311, 2074, 6515)
[0000][PE] low and high boundaries for computing mean and std.dev: (1, 18923)
[0000][PE] mean and std.dev: (2904.75, 2969.74)
[0000][PE] low and high boundaries for proper pairs: (1, 25127)
[0000][PE] analyzing insert size distribution for orientation RR...
[0000][PE] (25, 50, 75) percentile: (207, 267, 908)
[0000][PE] low and high boundaries for computing mean and std.dev: (1, 2310)
[0000][PE] mean and std.dev: (407.20, 341.37)
[0000][PE] low and high boundaries for proper pairs: (1, 3011)
[0000][PE] skip orientation RF
[0000][PE] skip orientation RR
[0000] 3. Calling kt_for - worker_sam
	[0000][ M::mem_process_seqs] Processed 414596 reads in 59.180 CPU sec, 1.858 real sec
[0000] read_chunk: 400000000, work_chunk_size: 0, nseq: 0
[0000] read_chunk: 400000000, work_chunk_size: 0, nseq: 0
[0000] Computation ends..
No. of OMP threads: 40
Processor is running @2394.719980 MHz
Runtime profile:

	Time taken for main_mem function: 135.88 sec

	IO times (sec) :
	Reading IO time (reads) avg: 62.70, (62.70, 62.70)
	Writing IO time (SAM) avg: 25.84, (25.84, 25.84)
	Reading IO time (Reference Genome) avg: 0.60, (0.60, 0.60)
	Index read time avg: 0.13, (0.13, 0.13)

	Overall time (sec) (Excluding Index reading time):
	PROCESS() (Total compute time + (read + SAM) IO time) : 135.15
	MEM_PROCESS_SEQ() (Total compute time (Kernel + SAM)), avg: 88.07, (88.07, 88.07)

	 SAM Processing time (sec):
	--WORKER_SAM avg: 37.22, (37.22, 37.22)

	Kernels' compute time (sec):
	Total kernel (smem+sal+bsw) time avg: 48.70, (48.70, 48.70)
		MEM_ALN_CHAIN_FLT avg: 0.00, (0.00, 0.00)
		MEM_ALN_CHAIN_SEED avg: 0.00, (0.00, 0.00)
		ERT_SEED_CHAIN avg: 0.00, (0.00, 0.00)
	LEARNED_SEED_CHAIN avg: 18.10, (18.22, 18.01)
		SMEM compute avg: 0.00, (0.00, 0.00)
		SAL compute avg: 0.00, (0.00, 0.00)
				MEM_SA avg: 0.00, (0.00, 0.00)

		BSW time, avg: 28.11, (28.42, 27.82)

Important parameter settings: 
	BATCH_SIZE: 512
	MAX_SEQ_LEN_REF: 256
	MAX_SEQ_LEN_QER: 128
	MAX_SEQ_LEN8: 128
	SEEDS_PER_READ: 500
	SIMD_WIDTH8 X: 64
	SIMD_WIDTH16 X: 32
	AVG_SEEDS_PER_READ: 64
