Looking to launch executable "/opt/conda/bin/bwa-meme_mode3.avx512bw", simd = _mode3.avx512bw
Launching executable "/opt/conda/bin/bwa-meme_mode3.avx512bw"
-----------------------------
Executing in AVX512 mode!!
-----------------------------
* SA compression enabled with xfactor: 8
* Ref file: reference.902362185.genome.fasta
* Entering FMI_search
Reading other elements of the index from files reference.902362185.genome.fasta
* Index prefix: reference.902362185.genome.fasta
* Read 0 ALT contigs
* Reading reference genome..
* Binary seq file = reference.902362185.genome.fasta.0123
* Reference genome size: 1312223304 bp
* Done reading reference genome !!

------------------------------------------
1. Memory pre-allocation for Chaining: 5679.4903 MB
2. Memory pre-allocation for BSW: 9584.6810 MB
[M::memoryAllocLearned::MEME] Reading Learned-index models into memory
[Learned-Config] MODE:3 SEARCH_METHOD: 1 MEM_TRADEOFF:1 EXPONENTIAL_SMEMSEARCH: 1 DEBUG_MODE:0 Num 2nd Models:268435456 PWL Bits Used:28
[M::memoryAllocLearned::MEME] Loading RMI model and Pac reference file took 9.714 sec
[M::memoryAllocLearned::MEME] Reading suffix array into memory
[M::memoryAllocLearned::MEME] Loading pos_packed file took 14.282 sec
[M::memoryAllocLearned::MEME] Generating SA, 64-bit Suffix and ISA in memory
[M::memoryAllocLearned::MEME] Runtime-build-index took 13.390 sec
3. Memory pre-allocation for BWT: 7204.5072 MB
------------------------------------------
* Threads used (compute): 40
* No. of pipeline threads: 2

[0000] read_chunk: 400000000, work_chunk_size: 400000091, nseq: 2845120
	[0000][ M::kt_pipeline] read 2845120 sequences (400000091 bp)...
[0000] Reallocating initial memory allocations!!
[0000] Calling mem_process_seqs.., task: 0
[0000] 1. Calling kt_for - worker_bwt
[0000] 2. Calling kt_for - worker_aln
[0000] read_chunk: 400000000, work_chunk_size: 400000173, nseq: 2843094
	[0000][ M::kt_pipeline] read 2843094 sequences (400000173 bp)...
[0000] Inferring insert size distribution of PE reads from data, l_pac: 656111652, n: 2845120
[0000][PE] # candidate unique pairs for (FF, FR, RF, RR): (110, 1159428, 119, 98)
[0000][PE] analyzing insert size distribution for orientation FF...
[0000][PE] (25, 50, 75) percentile: (114, 163, 248)
[0000][PE] low and high boundaries for computing mean and std.dev: (1, 516)
[0000][PE] mean and std.dev: (158.06, 79.58)
[0000][PE] low and high boundaries for proper pairs: (1, 650)
[0000][PE] analyzing insert size distribution for orientation FR...
[0000][PE] (25, 50, 75) percentile: (215, 271, 316)
[0000][PE] low and high boundaries for computing mean and std.dev: (13, 518)
[0000][PE] mean and std.dev: (254.12, 83.00)
[0000][PE] low and high boundaries for proper pairs: (1, 619)
[0000][PE] analyzing insert size distribution for orientation RF...
[0000][PE] (25, 50, 75) percentile: (568, 2275, 5473)
[0000][PE] low and high boundaries for computing mean and std.dev: (1, 15283)
[0000][PE] mean and std.dev: (3135.34, 2849.47)
[0000][PE] low and high boundaries for proper pairs: (1, 20188)
[0000][PE] analyzing insert size distribution for orientation RR...
[0000][PE] (25, 50, 75) percentile: (125, 171, 232)
[0000][PE] low and high boundaries for computing mean and std.dev: (1, 446)
[0000][PE] mean and std.dev: (156.05, 68.21)
[0000][PE] low and high boundaries for proper pairs: (1, 553)
[0000][PE] skip orientation FF
[0000][PE] skip orientation RF
[0000][PE] skip orientation RR
[0000] 3. Calling kt_for - worker_sam
	[0000][ M::mem_process_seqs] Processed 2845120 reads in 460.119 CPU sec, 13.045 real sec
[0000] Calling mem_process_seqs.., task: 1
[0000] 1. Calling kt_for - worker_bwt
[0000] 2. Calling kt_for - worker_aln
[0000] Inferring insert size distribution of PE reads from data, l_pac: 656111652, n: 2843094
[0000][PE] # candidate unique pairs for (FF, FR, RF, RR): (132, 1146377, 112, 88)
[0000][PE] analyzing insert size distribution for orientation FF...
[0000][PE] (25, 50, 75) percentile: (123, 172, 226)
[0000][PE] low and high boundaries for computing mean and std.dev: (1, 432)
[0000][PE] mean and std.dev: (158.05, 66.53)
[0000][PE] low and high boundaries for proper pairs: (1, 535)
[0000][PE] analyzing insert size distribution for orientation FR...
[0000][PE] (25, 50, 75) percentile: (215, 271, 316)
[0000][PE] low and high boundaries for computing mean and std.dev: (13, 518)
[0000][PE] mean and std.dev: (254.25, 83.11)
[0000][PE] low and high boundaries for proper pairs: (1, 619)
[0000][PE] analyzing insert size distribution for orientation RF...
[0000][PE] (25, 50, 75) percentile: (971, 3458, 6239)
[0000][PE] low and high boundaries for computing mean and std.dev: (1, 16775)
[0000][PE] mean and std.dev: (3912.94, 3131.48)
[0000][PE] low and high boundaries for proper pairs: (1, 22043)
[0000][PE] analyzing insert size distribution for orientation RR...
[0000][PE] (25, 50, 75) percentile: (117, 162, 235)
[0000][PE] low and high boundaries for computing mean and std.dev: (1, 471)
[0000][PE] mean and std.dev: (155.22, 69.30)
[0000][PE] low and high boundaries for proper pairs: (1, 589)
[0000][PE] skip orientation FF
[0000][PE] skip orientation RF
[0000][PE] skip orientation RR
[0000] 3. Calling kt_for - worker_sam
	[0000][ M::mem_process_seqs] Processed 2843094 reads in 492.143 CPU sec, 13.550 real sec
[0000] read_chunk: 400000000, work_chunk_size: 400000010, nseq: 2846552
	[0000][ M::kt_pipeline] read 2846552 sequences (400000010 bp)...
[0000] Reallocating initial memory allocations!!
[0000] Calling mem_process_seqs.., task: 2
[0000] 1. Calling kt_for - worker_bwt
[0000] read_chunk: 400000000, work_chunk_size: 298261071, nseq: 2122476
	[0000][ M::kt_pipeline] read 2122476 sequences (298261071 bp)...
[0000] 2. Calling kt_for - worker_aln
[0000] Inferring insert size distribution of PE reads from data, l_pac: 656111652, n: 2846552
[0000][PE] # candidate unique pairs for (FF, FR, RF, RR): (132, 1164424, 127, 97)
[0000][PE] analyzing insert size distribution for orientation FF...
[0000][PE] (25, 50, 75) percentile: (121, 184, 247)
[0000][PE] low and high boundaries for computing mean and std.dev: (1, 499)
[0000][PE] mean and std.dev: (173.32, 84.03)
[0000][PE] low and high boundaries for proper pairs: (1, 625)
[0000][PE] analyzing insert size distribution for orientation FR...
[0000][PE] (25, 50, 75) percentile: (215, 271, 316)
[0000][PE] low and high boundaries for computing mean and std.dev: (13, 518)
[0000][PE] mean and std.dev: (254.13, 83.07)
[0000][PE] low and high boundaries for proper pairs: (1, 619)
[0000][PE] analyzing insert size distribution for orientation RF...
[0000][PE] (25, 50, 75) percentile: (517, 3105, 6340)
[0000][PE] low and high boundaries for computing mean and std.dev: (1, 17986)
[0000][PE] mean and std.dev: (3603.65, 3175.07)
[0000][PE] low and high boundaries for proper pairs: (1, 23809)
[0000][PE] analyzing insert size distribution for orientation RR...
[0000][PE] (25, 50, 75) percentile: (126, 186, 417)
[0000][PE] low and high boundaries for computing mean and std.dev: (1, 999)
[0000][PE] mean and std.dev: (208.54, 159.38)
[0000][PE] low and high boundaries for proper pairs: (1, 1290)
[0000][PE] skip orientation FF
[0000][PE] skip orientation RF
[0000][PE] skip orientation RR
[0000] 3. Calling kt_for - worker_sam
	[0000][ M::mem_process_seqs] Processed 2846552 reads in 441.567 CPU sec, 12.084 real sec
[0000] Calling mem_process_seqs.., task: 3
[0000] 1. Calling kt_for - worker_bwt
[0000] 2. Calling kt_for - worker_aln
[0000] read_chunk: 400000000, work_chunk_size: 0, nseq: 0
[0000] Inferring insert size distribution of PE reads from data, l_pac: 656111652, n: 2122476
[0000][PE] # candidate unique pairs for (FF, FR, RF, RR): (92, 872124, 58, 73)
[0000][PE] analyzing insert size distribution for orientation FF...
[0000][PE] (25, 50, 75) percentile: (123, 173, 249)
[0000][PE] low and high boundaries for computing mean and std.dev: (1, 501)
[0000][PE] mean and std.dev: (163.74, 70.52)
[0000][PE] low and high boundaries for proper pairs: (1, 627)
[0000][PE] analyzing insert size distribution for orientation FR...
[0000][PE] (25, 50, 75) percentile: (215, 271, 316)
[0000][PE] low and high boundaries for computing mean and std.dev: (13, 518)
[0000][PE] mean and std.dev: (254.15, 83.11)
[0000][PE] low and high boundaries for proper pairs: (1, 619)
[0000][PE] analyzing insert size distribution for orientation RF...
[0000][PE] (25, 50, 75) percentile: (448, 2178, 7315)
[0000][PE] low and high boundaries for computing mean and std.dev: (1, 21049)
[0000][PE] mean and std.dev: (3827.09, 3555.57)
[0000][PE] low and high boundaries for proper pairs: (1, 27916)
[0000][PE] analyzing insert size distribution for orientation RR...
[0000][PE] (25, 50, 75) percentile: (149, 202, 358)
[0000][PE] low and high boundaries for computing mean and std.dev: (1, 776)
[0000][PE] mean and std.dev: (198.79, 119.75)
[0000][PE] low and high boundaries for proper pairs: (1, 985)
[0000][PE] skip orientation FF
[0000][PE] skip orientation RF
[0000][PE] skip orientation RR
[0000] 3. Calling kt_for - worker_sam
	[0000][ M::mem_process_seqs] Processed 2122476 reads in 329.295 CPU sec, 9.022 real sec
[0000] read_chunk: 400000000, work_chunk_size: 0, nseq: 0
[0000] Computation ends..
No. of OMP threads: 40
Processor is running @2394.779912 MHz
Runtime profile:

	Time taken for main_mem function: 104.36 sec

	IO times (sec) :
	Reading IO time (reads) avg: 35.70, (35.70, 35.70)
	Writing IO time (SAM) avg: 12.94, (12.94, 12.94)
	Reading IO time (Reference Genome) avg: 0.59, (0.59, 0.59)
	Index read time avg: 0.13, (0.13, 0.13)

	Overall time (sec) (Excluding Index reading time):
	PROCESS() (Total compute time + (read + SAM) IO time) : 103.64
	MEM_PROCESS_SEQ() (Total compute time (Kernel + SAM)), avg: 47.69, (47.69, 47.69)

	 SAM Processing time (sec):
	--WORKER_SAM avg: 18.64, (18.64, 18.64)

	Kernels' compute time (sec):
	Total kernel (smem+sal+bsw) time avg: 27.88, (27.88, 27.88)
		MEM_ALN_CHAIN_FLT avg: 0.00, (0.00, 0.00)
		MEM_ALN_CHAIN_SEED avg: 0.00, (0.00, 0.00)
		ERT_SEED_CHAIN avg: 0.00, (0.00, 0.00)
	LEARNED_SEED_CHAIN avg: 10.48, (10.63, 10.40)
		SMEM compute avg: 0.00, (0.00, 0.00)
		SAL compute avg: 0.00, (0.00, 0.00)
				MEM_SA avg: 0.00, (0.00, 0.00)

		BSW time, avg: 16.16, (16.36, 15.96)

Important parameter settings: 
	BATCH_SIZE: 512
	MAX_SEQ_LEN_REF: 256
	MAX_SEQ_LEN_QER: 128
	MAX_SEQ_LEN8: 128
	SEEDS_PER_READ: 500
	SIMD_WIDTH8 X: 64
	SIMD_WIDTH16 X: 32
	AVG_SEEDS_PER_READ: 64
