Looking to launch executable "/opt/conda/bin/bwa-meme_mode3.avx512bw", simd = _mode3.avx512bw
Launching executable "/opt/conda/bin/bwa-meme_mode3.avx512bw"
-----------------------------
Executing in AVX512 mode!!
-----------------------------
* SA compression enabled with xfactor: 8
* Ref file: reference.902362185.genome.fasta
* Entering FMI_search
Reading other elements of the index from files reference.902362185.genome.fasta
* Index prefix: reference.902362185.genome.fasta
* Read 0 ALT contigs
* Reading reference genome..
* Binary seq file = reference.902362185.genome.fasta.0123
* Reference genome size: 1312223304 bp
* Done reading reference genome !!

------------------------------------------
1. Memory pre-allocation for Chaining: 5679.4903 MB
2. Memory pre-allocation for BSW: 9584.6810 MB
[M::memoryAllocLearned::MEME] Reading Learned-index models into memory
[Learned-Config] MODE:3 SEARCH_METHOD: 1 MEM_TRADEOFF:1 EXPONENTIAL_SMEMSEARCH: 1 DEBUG_MODE:0 Num 2nd Models:268435456 PWL Bits Used:28
[M::memoryAllocLearned::MEME] Loading RMI model and Pac reference file took 9.989 sec
[M::memoryAllocLearned::MEME] Reading suffix array into memory
[M::memoryAllocLearned::MEME] Loading pos_packed file took 14.588 sec
[M::memoryAllocLearned::MEME] Generating SA, 64-bit Suffix and ISA in memory
[M::memoryAllocLearned::MEME] Runtime-build-index took 13.155 sec
3. Memory pre-allocation for BWT: 7204.5072 MB
------------------------------------------
* Threads used (compute): 40
* No. of pipeline threads: 2

[0000] read_chunk: 400000000, work_chunk_size: 400000031, nseq: 2862208
	[0000][ M::kt_pipeline] read 2862208 sequences (400000031 bp)...
[0000] Reallocating initial memory allocations!!
[0000] Calling mem_process_seqs.., task: 0
[0000] 1. Calling kt_for - worker_bwt
[0000] 2. Calling kt_for - worker_aln
[0000] Inferring insert size distribution of PE reads from data, l_pac: 656111652, n: 2862208
[0000] read_chunk: 400000000, work_chunk_size: 400000060, nseq: 2859844
	[0000][ M::kt_pipeline] read 2859844 sequences (400000060 bp)...
[0000][PE] # candidate unique pairs for (FF, FR, RF, RR): (89, 1147809, 96, 54)
[0000][PE] analyzing insert size distribution for orientation FF...
[0000][PE] (25, 50, 75) percentile: (139, 199, 651)
[0000][PE] low and high boundaries for computing mean and std.dev: (1, 1675)
[0000][PE] mean and std.dev: (324.10, 364.61)
[0000][PE] low and high boundaries for proper pairs: (1, 2187)
[0000][PE] analyzing insert size distribution for orientation FR...
[0000][PE] (25, 50, 75) percentile: (205, 268, 315)
[0000][PE] low and high boundaries for computing mean and std.dev: (1, 535)
[0000][PE] mean and std.dev: (250.51, 85.59)
[0000][PE] low and high boundaries for proper pairs: (1, 645)
[0000][PE] analyzing insert size distribution for orientation RF...
[0000][PE] (25, 50, 75) percentile: (698, 3220, 6142)
[0000][PE] low and high boundaries for computing mean and std.dev: (1, 17030)
[0000][PE] mean and std.dev: (3690.15, 3151.58)
[0000][PE] low and high boundaries for proper pairs: (1, 22474)
[0000][PE] analyzing insert size distribution for orientation RR...
[0000][PE] (25, 50, 75) percentile: (139, 198, 280)
[0000][PE] low and high boundaries for computing mean and std.dev: (1, 562)
[0000][PE] mean and std.dev: (193.89, 111.66)
[0000][PE] low and high boundaries for proper pairs: (1, 703)
[0000][PE] skip orientation FF
[0000][PE] skip orientation RF
[0000][PE] skip orientation RR
[0000] 3. Calling kt_for - worker_sam
	[0000][ M::mem_process_seqs] Processed 2862208 reads in 445.153 CPU sec, 12.067 real sec
[0000] Calling mem_process_seqs.., task: 1
[0000] 1. Calling kt_for - worker_bwt
[0000] 2. Calling kt_for - worker_aln
[0000] Inferring insert size distribution of PE reads from data, l_pac: 656111652, n: 2859844
[0000][PE] # candidate unique pairs for (FF, FR, RF, RR): (86, 1137602, 117, 80)
[0000][PE] analyzing insert size distribution for orientation FF...
[0000][PE] (25, 50, 75) percentile: (124, 201, 257)
[0000][PE] low and high boundaries for computing mean and std.dev: (1, 523)
[0000][PE] mean and std.dev: (159.21, 64.93)
[0000][PE] low and high boundaries for proper pairs: (1, 656)
[0000][PE] analyzing insert size distribution for orientation FR...
[0000][PE] (25, 50, 75) percentile: (205, 268, 315)
[0000][PE] low and high boundaries for computing mean and std.dev: (1, 535)
[0000][PE] mean and std.dev: (250.53, 85.57)
[0000][PE] low and high boundaries for proper pairs: (1, 645)
[0000][PE] analyzing insert size distribution for orientation RF...
[0000][PE] (25, 50, 75) percentile: (886, 2904, 6275)
[0000][PE] low and high boundaries for computing mean and std.dev: (1, 17053)
[0000][PE] mean and std.dev: (3730.27, 3129.67)
[0000][PE] low and high boundaries for proper pairs: (1, 22442)
[0000][PE] analyzing insert size distribution for orientation RR...
[0000][PE] (25, 50, 75) percentile: (161, 216, 504)
[0000][PE] low and high boundaries for computing mean and std.dev: (1, 1190)
[0000][PE] mean and std.dev: (254.38, 202.08)
[0000][PE] low and high boundaries for proper pairs: (1, 1533)
[0000][PE] skip orientation FF
[0000][PE] skip orientation RF
[0000][PE] skip orientation RR
[0000] 3. Calling kt_for - worker_sam
	[0000][ M::mem_process_seqs] Processed 2859844 reads in 474.954 CPU sec, 12.873 real sec
[0000] read_chunk: 400000000, work_chunk_size: 400000163, nseq: 2863244
	[0000][ M::kt_pipeline] read 2863244 sequences (400000163 bp)...
[0000] Reallocating initial memory allocations!!
[0000] Calling mem_process_seqs.., task: 2
[0000] 1. Calling kt_for - worker_bwt
[0000] 2. Calling kt_for - worker_aln
[0000] Inferring insert size distribution of PE reads from data, l_pac: 656111652, n: 2863244
[0000][PE] # candidate unique pairs for (FF, FR, RF, RR): (100, 1149966, 106, 67)
[0000][PE] analyzing insert size distribution for orientation FF...
[0000][PE] (25, 50, 75) percentile: (152, 223, 719)
[0000][PE] low and high boundaries for computing mean and std.dev: (1, 1853)
[0000][PE] mean and std.dev: (327.39, 373.45)
[0000][PE] low and high boundaries for proper pairs: (1, 2420)
[0000][PE] analyzing insert size distribution for orientation FR...
[0000][PE] (25, 50, 75) percentile: (205, 268, 315)
[0000][PE] low and high boundaries for computing mean and std.dev: (1, 535)
[0000][PE] mean and std.dev: (250.41, 85.65)
[0000][PE] low and high boundaries for proper pairs: (1, 645)
[0000][PE] analyzing insert size distribution for orientation RF...
[0000][PE] (25, 50, 75) percentile: (547, 3155, 6002)
[0000][PE] low and high boundaries for computing mean and std.dev: (1, 16912)
[0000][PE] mean and std.dev: (3609.03, 3124.62)
[0000][PE] low and high boundaries for proper pairs: (1, 22367)
[0000][PE] analyzing insert size distribution for orientation RR...
[0000][PE] (25, 50, 75) percentile: (116, 174, 347)
[0000][PE] low and high boundaries for computing mean and std.dev: (1, 809)
[0000][PE] mean and std.dev: (179.52, 116.37)
[0000][PE] low and high boundaries for proper pairs: (1, 1040)
[0000][PE] skip orientation FF
[0000][PE] skip orientation RF
[0000][PE] skip orientation RR
[0000] 3. Calling kt_for - worker_sam
[0000] read_chunk: 400000000, work_chunk_size: 400000121, nseq: 2863288
	[0000][ M::kt_pipeline] read 2863288 sequences (400000121 bp)...
	[0000][ M::mem_process_seqs] Processed 2863244 reads in 444.230 CPU sec, 11.955 real sec
[0000] Reallocating initial memory allocations!!
[0000] Calling mem_process_seqs.., task: 3
[0000] 1. Calling kt_for - worker_bwt
[0000] 2. Calling kt_for - worker_aln
[0000] read_chunk: 400000000, work_chunk_size: 135869191, nseq: 972980
	[0000][ M::kt_pipeline] read 972980 sequences (135869191 bp)...
[0000] Inferring insert size distribution of PE reads from data, l_pac: 656111652, n: 2863288
[0000][PE] # candidate unique pairs for (FF, FR, RF, RR): (77, 1157341, 86, 68)
[0000][PE] analyzing insert size distribution for orientation FF...
[0000][PE] (25, 50, 75) percentile: (143, 183, 386)
[0000][PE] low and high boundaries for computing mean and std.dev: (1, 872)
[0000][PE] mean and std.dev: (215.77, 157.64)
[0000][PE] low and high boundaries for proper pairs: (1, 1115)
[0000][PE] analyzing insert size distribution for orientation FR...
[0000][PE] (25, 50, 75) percentile: (205, 268, 315)
[0000][PE] low and high boundaries for computing mean and std.dev: (1, 535)
[0000][PE] mean and std.dev: (250.39, 85.56)
[0000][PE] low and high boundaries for proper pairs: (1, 645)
[0000][PE] analyzing insert size distribution for orientation RF...
[0000][PE] (25, 50, 75) percentile: (480, 2746, 6964)
[0000][PE] low and high boundaries for computing mean and std.dev: (1, 19932)
[0000][PE] mean and std.dev: (3720.80, 3218.45)
[0000][PE] low and high boundaries for proper pairs: (1, 26416)
[0000][PE] analyzing insert size distribution for orientation RR...
[0000][PE] (25, 50, 75) percentile: (133, 192, 277)
[0000][PE] low and high boundaries for computing mean and std.dev: (1, 565)
[0000][PE] mean and std.dev: (163.20, 80.08)
[0000][PE] low and high boundaries for proper pairs: (1, 709)
[0000][PE] skip orientation FF
[0000][PE] skip orientation RF
[0000][PE] skip orientation RR
[0000] 3. Calling kt_for - worker_sam
	[0000][ M::mem_process_seqs] Processed 2863288 reads in 431.751 CPU sec, 11.669 real sec
[0000] Calling mem_process_seqs.., task: 4
[0000] 1. Calling kt_for - worker_bwt
[0000] 2. Calling kt_for - worker_aln
[0000] Inferring insert size distribution of PE reads from data, l_pac: 656111652, n: 972980
[0000][PE] # candidate unique pairs for (FF, FR, RF, RR): (20, 393670, 25, 22)
[0000][PE] analyzing insert size distribution for orientation FF...
[0000][PE] (25, 50, 75) percentile: (118, 149, 498)
[0000][PE] low and high boundaries for computing mean and std.dev: (1, 1258)
[0000][PE] mean and std.dev: (184.53, 141.86)
[0000][PE] low and high boundaries for proper pairs: (1, 1638)
[0000][PE] analyzing insert size distribution for orientation FR...
[0000][PE] (25, 50, 75) percentile: (205, 268, 315)
[0000][PE] low and high boundaries for computing mean and std.dev: (1, 535)
[0000][PE] mean and std.dev: (250.28, 85.53)
[0000][PE] low and high boundaries for proper pairs: (1, 645)
[0000][PE] analyzing insert size distribution for orientation RF...
[0000][PE] (25, 50, 75) percentile: (647, 2740, 8021)
[0000][PE] low and high boundaries for computing mean and std.dev: (1, 22769)
[0000][PE] mean and std.dev: (3951.04, 3520.52)
[0000][PE] low and high boundaries for proper pairs: (1, 30143)
[0000][PE] analyzing insert size distribution for orientation RR...
[0000][PE] (25, 50, 75) percentile: (188, 233, 841)
[0000][PE] low and high boundaries for computing mean and std.dev: (1, 2147)
[0000][PE] mean and std.dev: (442.55, 491.07)
[0000][PE] low and high boundaries for proper pairs: (1, 2800)
[0000][PE] skip orientation FF
[0000][PE] skip orientation RF
[0000][PE] skip orientation RR
[0000] 3. Calling kt_for - worker_sam
[0000] read_chunk: 400000000, work_chunk_size: 0, nseq: 0
	[0000][ M::mem_process_seqs] Processed 972980 reads in 148.235 CPU sec, 4.421 real sec
[0000] read_chunk: 400000000, work_chunk_size: 0, nseq: 0
[0000] Computation ends..
No. of OMP threads: 40
Processor is running @2394.720098 MHz
Runtime profile:

	Time taken for main_mem function: 101.59 sec

	IO times (sec) :
	Reading IO time (reads) avg: 38.23, (38.23, 38.23)
	Writing IO time (SAM) avg: 15.08, (15.08, 15.08)
	Reading IO time (Reference Genome) avg: 0.59, (0.59, 0.59)
	Index read time avg: 0.13, (0.13, 0.13)

	Overall time (sec) (Excluding Index reading time):
	PROCESS() (Total compute time + (read + SAM) IO time) : 100.87
	MEM_PROCESS_SEQ() (Total compute time (Kernel + SAM)), avg: 52.98, (52.98, 52.98)

	 SAM Processing time (sec):
	--WORKER_SAM avg: 21.81, (21.81, 21.81)

	Kernels' compute time (sec):
	Total kernel (smem+sal+bsw) time avg: 29.83, (29.83, 29.83)
		MEM_ALN_CHAIN_FLT avg: 0.00, (0.00, 0.00)
		MEM_ALN_CHAIN_SEED avg: 0.00, (0.00, 0.00)
		ERT_SEED_CHAIN avg: 0.00, (0.00, 0.00)
	LEARNED_SEED_CHAIN avg: 11.04, (11.08, 10.99)
		SMEM compute avg: 0.00, (0.00, 0.00)
		SAL compute avg: 0.00, (0.00, 0.00)
				MEM_SA avg: 0.00, (0.00, 0.00)

		BSW time, avg: 17.36, (17.60, 17.23)

Important parameter settings: 
	BATCH_SIZE: 512
	MAX_SEQ_LEN_REF: 256
	MAX_SEQ_LEN_QER: 128
	MAX_SEQ_LEN8: 128
	SEEDS_PER_READ: 500
	SIMD_WIDTH8 X: 64
	SIMD_WIDTH16 X: 32
	AVG_SEEDS_PER_READ: 64
