Looking to launch executable "/opt/conda/bin/bwa-meme_mode3.avx512bw", simd = _mode3.avx512bw
Launching executable "/opt/conda/bin/bwa-meme_mode3.avx512bw"
-----------------------------
Executing in AVX512 mode!!
-----------------------------
* SA compression enabled with xfactor: 8
* Ref file: reference.902362185.genome.fasta
* Entering FMI_search
Reading other elements of the index from files reference.902362185.genome.fasta
* Index prefix: reference.902362185.genome.fasta
* Read 0 ALT contigs
* Reading reference genome..
* Binary seq file = reference.902362185.genome.fasta.0123
* Reference genome size: 1312223304 bp
* Done reading reference genome !!

------------------------------------------
1. Memory pre-allocation for Chaining: 5679.4903 MB
2. Memory pre-allocation for BSW: 9584.6810 MB
[M::memoryAllocLearned::MEME] Reading Learned-index models into memory
[Learned-Config] MODE:3 SEARCH_METHOD: 1 MEM_TRADEOFF:1 EXPONENTIAL_SMEMSEARCH: 1 DEBUG_MODE:0 Num 2nd Models:268435456 PWL Bits Used:28
[M::memoryAllocLearned::MEME] Loading RMI model and Pac reference file took 9.569 sec
[M::memoryAllocLearned::MEME] Reading suffix array into memory
[M::memoryAllocLearned::MEME] Loading pos_packed file took 14.041 sec
[M::memoryAllocLearned::MEME] Generating SA, 64-bit Suffix and ISA in memory
[M::memoryAllocLearned::MEME] Runtime-build-index took 13.605 sec
3. Memory pre-allocation for BWT: 7204.5072 MB
------------------------------------------
* Threads used (compute): 40
* No. of pipeline threads: 2

[0000] read_chunk: 400000000, work_chunk_size: 400000080, nseq: 2873544
	[0000][ M::kt_pipeline] read 2873544 sequences (400000080 bp)...
[0000] Reallocating initial memory allocations!!
[0000] read_chunk: 400000000, work_chunk_size: 373499633, nseq: 2685284
	[0000][ M::kt_pipeline] read 2685284 sequences (373499633 bp)...
[0000] Calling mem_process_seqs.., task: 0
[0000] 1. Calling kt_for - worker_bwt
[0000] 2. Calling kt_for - worker_aln
[0000] Inferring insert size distribution of PE reads from data, l_pac: 656111652, n: 2873544
[0000][PE] # candidate unique pairs for (FF, FR, RF, RR): (78, 1133199, 86, 70)
[0000][PE] analyzing insert size distribution for orientation FF...
[0000][PE] (25, 50, 75) percentile: (103, 169, 258)
[0000][PE] low and high boundaries for computing mean and std.dev: (1, 568)
[0000][PE] mean and std.dev: (143.79, 72.29)
[0000][PE] low and high boundaries for proper pairs: (1, 723)
[0000][PE] analyzing insert size distribution for orientation FR...
[0000][PE] (25, 50, 75) percentile: (195, 264, 313)
[0000][PE] low and high boundaries for computing mean and std.dev: (1, 549)
[0000][PE] mean and std.dev: (246.23, 86.80)
[0000][PE] low and high boundaries for proper pairs: (1, 667)
[0000][PE] analyzing insert size distribution for orientation RF...
[0000][PE] (25, 50, 75) percentile: (273, 2040, 5241)
[0000][PE] low and high boundaries for computing mean and std.dev: (1, 15177)
[0000][PE] mean and std.dev: (3098.29, 3084.95)
[0000][PE] low and high boundaries for proper pairs: (1, 20145)
[0000][PE] analyzing insert size distribution for orientation RR...
[0000][PE] (25, 50, 75) percentile: (106, 191, 444)
[0000][PE] low and high boundaries for computing mean and std.dev: (1, 1120)
[0000][PE] mean and std.dev: (199.96, 195.90)
[0000][PE] low and high boundaries for proper pairs: (1, 1458)
[0000][PE] skip orientation FF
[0000][PE] skip orientation RF
[0000][PE] skip orientation RR
[0000] 3. Calling kt_for - worker_sam
	[0000][ M::mem_process_seqs] Processed 2873544 reads in 466.180 CPU sec, 14.252 real sec
[0000] Calling mem_process_seqs.., task: 1
[0000] 1. Calling kt_for - worker_bwt
[0000] 2. Calling kt_for - worker_aln
[0000] read_chunk: 400000000, work_chunk_size: 0, nseq: 0
[0000] Inferring insert size distribution of PE reads from data, l_pac: 656111652, n: 2685284
[0000][PE] # candidate unique pairs for (FF, FR, RF, RR): (75, 1070721, 92, 77)
[0000][PE] analyzing insert size distribution for orientation FF...
[0000][PE] (25, 50, 75) percentile: (108, 163, 262)
[0000][PE] low and high boundaries for computing mean and std.dev: (1, 570)
[0000][PE] mean and std.dev: (155.32, 82.67)
[0000][PE] low and high boundaries for proper pairs: (1, 724)
[0000][PE] analyzing insert size distribution for orientation FR...
[0000][PE] (25, 50, 75) percentile: (195, 264, 313)
[0000][PE] low and high boundaries for computing mean and std.dev: (1, 549)
[0000][PE] mean and std.dev: (246.20, 86.86)
[0000][PE] low and high boundaries for proper pairs: (1, 667)
[0000][PE] analyzing insert size distribution for orientation RF...
[0000][PE] (25, 50, 75) percentile: (638, 3095, 6965)
[0000][PE] low and high boundaries for computing mean and std.dev: (1, 19619)
[0000][PE] mean and std.dev: (3828.20, 3280.69)
[0000][PE] low and high boundaries for proper pairs: (1, 25946)
[0000][PE] analyzing insert size distribution for orientation RR...
[0000][PE] (25, 50, 75) percentile: (135, 213, 486)
[0000][PE] low and high boundaries for computing mean and std.dev: (1, 1188)
[0000][PE] mean and std.dev: (227.00, 175.39)
[0000][PE] low and high boundaries for proper pairs: (1, 1539)
[0000][PE] skip orientation FF
[0000][PE] skip orientation RF
[0000][PE] skip orientation RR
[0000] 3. Calling kt_for - worker_sam
	[0000][ M::mem_process_seqs] Processed 2685284 reads in 411.573 CPU sec, 11.353 real sec
[0000] read_chunk: 400000000, work_chunk_size: 0, nseq: 0
[0000] Computation ends..
No. of OMP threads: 40
Processor is running @2394.704542 MHz
Runtime profile:

	Time taken for main_mem function: 113.90 sec

	IO times (sec) :
	Reading IO time (reads) avg: 37.44, (37.44, 37.44)
	Writing IO time (SAM) avg: 5.87, (5.87, 5.87)
	Reading IO time (Reference Genome) avg: 0.79, (0.79, 0.79)
	Index read time avg: 0.12, (0.12, 0.12)

	Overall time (sec) (Excluding Index reading time):
	PROCESS() (Total compute time + (read + SAM) IO time) : 112.90
	MEM_PROCESS_SEQ() (Total compute time (Kernel + SAM)), avg: 25.60, (25.60, 25.60)

	 SAM Processing time (sec):
	--WORKER_SAM avg: 9.79, (9.79, 9.79)

	Kernels' compute time (sec):
	Total kernel (smem+sal+bsw) time avg: 15.20, (15.20, 15.20)
		MEM_ALN_CHAIN_FLT avg: 0.00, (0.00, 0.00)
		MEM_ALN_CHAIN_SEED avg: 0.00, (0.00, 0.00)
		ERT_SEED_CHAIN avg: 0.00, (0.00, 0.00)
	LEARNED_SEED_CHAIN avg: 6.31, (6.46, 6.23)
		SMEM compute avg: 0.00, (0.00, 0.00)
		SAL compute avg: 0.00, (0.00, 0.00)
				MEM_SA avg: 0.00, (0.00, 0.00)

		BSW time, avg: 8.13, (8.42, 8.02)

Important parameter settings: 
	BATCH_SIZE: 512
	MAX_SEQ_LEN_REF: 256
	MAX_SEQ_LEN_QER: 128
	MAX_SEQ_LEN8: 128
	SEEDS_PER_READ: 500
	SIMD_WIDTH8 X: 64
	SIMD_WIDTH16 X: 32
	AVG_SEEDS_PER_READ: 64
