Looking to launch executable "/opt/conda/bin/bwa-meme_mode3.avx512bw", simd = _mode3.avx512bw
Launching executable "/opt/conda/bin/bwa-meme_mode3.avx512bw"
-----------------------------
Executing in AVX512 mode!!
-----------------------------
* SA compression enabled with xfactor: 8
* Ref file: reference.902362185.genome.fasta
* Entering FMI_search
Reading other elements of the index from files reference.902362185.genome.fasta
* Index prefix: reference.902362185.genome.fasta
* Read 0 ALT contigs
* Reading reference genome..
* Binary seq file = reference.902362185.genome.fasta.0123
* Reference genome size: 1312223304 bp
* Done reading reference genome !!

------------------------------------------
1. Memory pre-allocation for Chaining: 5679.4903 MB
2. Memory pre-allocation for BSW: 9584.6810 MB
[M::memoryAllocLearned::MEME] Reading Learned-index models into memory
[Learned-Config] MODE:3 SEARCH_METHOD: 1 MEM_TRADEOFF:1 EXPONENTIAL_SMEMSEARCH: 1 DEBUG_MODE:0 Num 2nd Models:268435456 PWL Bits Used:28
[M::memoryAllocLearned::MEME] Loading RMI model and Pac reference file took 9.572 sec
[M::memoryAllocLearned::MEME] Reading suffix array into memory
[M::memoryAllocLearned::MEME] Loading pos_packed file took 14.044 sec
[M::memoryAllocLearned::MEME] Generating SA, 64-bit Suffix and ISA in memory
[M::memoryAllocLearned::MEME] Runtime-build-index took 13.727 sec
3. Memory pre-allocation for BWT: 7204.5072 MB
------------------------------------------
* Threads used (compute): 40
* No. of pipeline threads: 2

[0000] read_chunk: 400000000, work_chunk_size: 400000238, nseq: 2794566
	[0000][ M::kt_pipeline] read 2794566 sequences (400000238 bp)...
[0000] Reallocating initial memory allocations!!
[0000] read_chunk: 400000000, work_chunk_size: 400000242, nseq: 2798504
	[0000][ M::kt_pipeline] read 2798504 sequences (400000242 bp)...
[0000] Calling mem_process_seqs.., task: 0
[0000] 1. Calling kt_for - worker_bwt
[0000] 2. Calling kt_for - worker_aln
[0000] Inferring insert size distribution of PE reads from data, l_pac: 656111652, n: 2794566
[0000][PE] # candidate unique pairs for (FF, FR, RF, RR): (88, 1073928, 110, 117)
[0000][PE] analyzing insert size distribution for orientation FF...
[0000][PE] (25, 50, 75) percentile: (144, 176, 271)
[0000][PE] low and high boundaries for computing mean and std.dev: (1, 525)
[0000][PE] mean and std.dev: (176.91, 66.61)
[0000][PE] low and high boundaries for proper pairs: (1, 652)
[0000][PE] analyzing insert size distribution for orientation FR...
[0000][PE] (25, 50, 75) percentile: (237, 282, 322)
[0000][PE] low and high boundaries for computing mean and std.dev: (67, 492)
[0000][PE] mean and std.dev: (273.20, 68.35)
[0000][PE] low and high boundaries for proper pairs: (1, 577)
[0000][PE] analyzing insert size distribution for orientation RF...
[0000][PE] (25, 50, 75) percentile: (358, 2568, 6280)
[0000][PE] low and high boundaries for computing mean and std.dev: (1, 18124)
[0000][PE] mean and std.dev: (3444.21, 3262.85)
[0000][PE] low and high boundaries for proper pairs: (1, 24046)
[0000][PE] analyzing insert size distribution for orientation RR...
[0000][PE] (25, 50, 75) percentile: (147, 198, 281)
[0000][PE] low and high boundaries for computing mean and std.dev: (1, 549)
[0000][PE] mean and std.dev: (185.49, 81.55)
[0000][PE] low and high boundaries for proper pairs: (1, 683)
[0000][PE] skip orientation FF
[0000][PE] skip orientation RF
[0000][PE] skip orientation RR
[0000] 3. Calling kt_for - worker_sam
	[0000][ M::mem_process_seqs] Processed 2794566 reads in 542.368 CPU sec, 16.345 real sec
[0000] Reallocating initial memory allocations!!
[0000] Calling mem_process_seqs.., task: 1
[0000] 1. Calling kt_for - worker_bwt
[0000] 2. Calling kt_for - worker_aln
[0000] Inferring insert size distribution of PE reads from data, l_pac: 656111652, n: 2798504
[0000] read_chunk: 400000000, work_chunk_size: 400000253, nseq: 2794398
	[0000][ M::kt_pipeline] read 2794398 sequences (400000253 bp)...
[0000][PE] # candidate unique pairs for (FF, FR, RF, RR): (99, 1115795, 119, 122)
[0000][PE] analyzing insert size distribution for orientation FF...
[0000][PE] (25, 50, 75) percentile: (114, 170, 233)
[0000][PE] low and high boundaries for computing mean and std.dev: (1, 471)
[0000][PE] mean and std.dev: (165.89, 75.05)
[0000][PE] low and high boundaries for proper pairs: (1, 590)
[0000][PE] analyzing insert size distribution for orientation FR...
[0000][PE] (25, 50, 75) percentile: (237, 282, 322)
[0000][PE] low and high boundaries for computing mean and std.dev: (67, 492)
[0000][PE] mean and std.dev: (273.29, 68.31)
[0000][PE] low and high boundaries for proper pairs: (1, 577)
[0000][PE] analyzing insert size distribution for orientation RF...
[0000][PE] (25, 50, 75) percentile: (609, 3181, 5798)
[0000][PE] low and high boundaries for computing mean and std.dev: (1, 16176)
[0000][PE] mean and std.dev: (3611.29, 3067.49)
[0000][PE] low and high boundaries for proper pairs: (1, 21365)
[0000][PE] analyzing insert size distribution for orientation RR...
[0000][PE] (25, 50, 75) percentile: (145, 206, 535)
[0000][PE] low and high boundaries for computing mean and std.dev: (1, 1315)
[0000][PE] mean and std.dev: (264.53, 243.47)
[0000][PE] low and high boundaries for proper pairs: (1, 1705)
[0000][PE] skip orientation FF
[0000][PE] skip orientation RF
[0000][PE] skip orientation RR
[0000] 3. Calling kt_for - worker_sam
	[0000][ M::mem_process_seqs] Processed 2798504 reads in 438.096 CPU sec, 11.631 real sec
[0000] Calling mem_process_seqs.., task: 2
[0000] 1. Calling kt_for - worker_bwt
[0000] 2. Calling kt_for - worker_aln
[0000] Inferring insert size distribution of PE reads from data, l_pac: 656111652, n: 2794398
[0000][PE] # candidate unique pairs for (FF, FR, RF, RR): (111, 1074997, 100, 104)
[0000][PE] analyzing insert size distribution for orientation FF...
[0000][PE] (25, 50, 75) percentile: (161, 201, 253)
[0000][PE] low and high boundaries for computing mean and std.dev: (1, 437)
[0000][PE] mean and std.dev: (195.30, 70.29)
[0000][PE] low and high boundaries for proper pairs: (1, 529)
[0000][PE] analyzing insert size distribution for orientation FR...
[0000][PE] (25, 50, 75) percentile: (237, 282, 322)
[0000][PE] low and high boundaries for computing mean and std.dev: (67, 492)
[0000][PE] mean and std.dev: (273.33, 68.38)
[0000][PE] low and high boundaries for proper pairs: (1, 577)
[0000][PE] analyzing insert size distribution for orientation RF...
[0000][PE] (25, 50, 75) percentile: (493, 2626, 5076)
[0000][PE] low and high boundaries for computing mean and std.dev: (1, 14242)
[0000][PE] mean and std.dev: (3049.78, 2744.94)
[0000][PE] low and high boundaries for proper pairs: (1, 18825)
[0000][PE] analyzing insert size distribution for orientation RR...
[0000][PE] (25, 50, 75) percentile: (154, 207, 277)
[0000][PE] low and high boundaries for computing mean and std.dev: (1, 523)
[0000][PE] mean and std.dev: (191.18, 68.72)
[0000][PE] low and high boundaries for proper pairs: (1, 646)
[0000][PE] skip orientation FF
[0000][PE] skip orientation RF
[0000][PE] skip orientation RR
[0000] 3. Calling kt_for - worker_sam
[0000] read_chunk: 400000000, work_chunk_size: 400000093, nseq: 2795836
	[0000][ M::kt_pipeline] read 2795836 sequences (400000093 bp)...
	[0000][ M::mem_process_seqs] Processed 2794398 reads in 535.652 CPU sec, 14.277 real sec
[0000] Calling mem_process_seqs.., task: 3
[0000] 1. Calling kt_for - worker_bwt
[0000] 2. Calling kt_for - worker_aln
[0000] Inferring insert size distribution of PE reads from data, l_pac: 656111652, n: 2795836
[0000][PE] # candidate unique pairs for (FF, FR, RF, RR): (109, 1091115, 119, 117)
[0000][PE] analyzing insert size distribution for orientation FF...
[0000][PE] (25, 50, 75) percentile: (142, 200, 285)
[0000][PE] low and high boundaries for computing mean and std.dev: (1, 571)
[0000][PE] mean and std.dev: (190.60, 78.06)
[0000][PE] low and high boundaries for proper pairs: (1, 714)
[0000][PE] analyzing insert size distribution for orientation FR...
[0000][PE] (25, 50, 75) percentile: (237, 282, 322)
[0000][PE] low and high boundaries for computing mean and std.dev: (67, 492)
[0000][PE] mean and std.dev: (273.23, 68.41)
[0000][PE] low and high boundaries for proper pairs: (1, 577)
[0000][PE] analyzing insert size distribution for orientation RF...
[0000][PE] (25, 50, 75) percentile: (241, 1162, 5710)
[0000][PE] low and high boundaries for computing mean and std.dev: (1, 16648)
[0000][PE] mean and std.dev: (2822.67, 3105.50)
[0000][PE] low and high boundaries for proper pairs: (1, 22117)
[0000][PE] analyzing insert size distribution for orientation RR...
[0000][PE] (25, 50, 75) percentile: (146, 200, 288)
[0000][PE] low and high boundaries for computing mean and std.dev: (1, 572)
[0000][PE] mean and std.dev: (192.57, 77.58)
[0000][PE] low and high boundaries for proper pairs: (1, 714)
[0000][PE] skip orientation FF
[0000][PE] skip orientation RF
[0000][PE] skip orientation RR
[0000] 3. Calling kt_for - worker_sam
[0000] read_chunk: 400000000, work_chunk_size: 400000159, nseq: 2796496
	[0000][ M::kt_pipeline] read 2796496 sequences (400000159 bp)...
	[0000][ M::mem_process_seqs] Processed 2795836 reads in 511.474 CPU sec, 13.903 real sec
[0000] Calling mem_process_seqs.., task: 4
[0000] 1. Calling kt_for - worker_bwt
[0000] 2. Calling kt_for - worker_aln
[0000] Inferring insert size distribution of PE reads from data, l_pac: 656111652, n: 2796496
[0000][PE] # candidate unique pairs for (FF, FR, RF, RR): (126, 1094463, 111, 115)
[0000][PE] analyzing insert size distribution for orientation FF...
[0000][PE] (25, 50, 75) percentile: (148, 191, 282)
[0000][PE] low and high boundaries for computing mean and std.dev: (1, 550)
[0000][PE] mean and std.dev: (184.23, 76.22)
[0000][PE] low and high boundaries for proper pairs: (1, 684)
[0000][PE] analyzing insert size distribution for orientation FR...
[0000][PE] (25, 50, 75) percentile: (237, 282, 322)
[0000][PE] low and high boundaries for computing mean and std.dev: (67, 492)
[0000][PE] mean and std.dev: (273.20, 68.35)
[0000][PE] low and high boundaries for proper pairs: (1, 577)
[0000][PE] analyzing insert size distribution for orientation RF...
[0000][PE] (25, 50, 75) percentile: (419, 2246, 6205)
[0000][PE] low and high boundaries for computing mean and std.dev: (1, 17777)
[0000][PE] mean and std.dev: (3413.75, 3225.63)
[0000][PE] low and high boundaries for proper pairs: (1, 23563)
[0000][PE] analyzing insert size distribution for orientation RR...
[0000][PE] (25, 50, 75) percentile: (151, 191, 273)
[0000][PE] low and high boundaries for computing mean and std.dev: (1, 517)
[0000][PE] mean and std.dev: (180.97, 60.90)
[0000][PE] low and high boundaries for proper pairs: (1, 639)
[0000][PE] skip orientation FF
[0000][PE] skip orientation RF
[0000][PE] skip orientation RR
[0000] 3. Calling kt_for - worker_sam
[0000] read_chunk: 400000000, work_chunk_size: 400000124, nseq: 2797210
	[0000][ M::kt_pipeline] read 2797210 sequences (400000124 bp)...
	[0000][ M::mem_process_seqs] Processed 2796496 reads in 490.851 CPU sec, 13.235 real sec
[0000] Calling mem_process_seqs.., task: 5
[0000] 1. Calling kt_for - worker_bwt
[0000] 2. Calling kt_for - worker_aln
[0000] Inferring insert size distribution of PE reads from data, l_pac: 656111652, n: 2797210
[0000][PE] # candidate unique pairs for (FF, FR, RF, RR): (125, 1098167, 116, 117)
[0000][PE] analyzing insert size distribution for orientation FF...
[0000][PE] (25, 50, 75) percentile: (152, 210, 264)
[0000][PE] low and high boundaries for computing mean and std.dev: (1, 488)
[0000][PE] mean and std.dev: (190.17, 68.74)
[0000][PE] low and high boundaries for proper pairs: (1, 600)
[0000][PE] analyzing insert size distribution for orientation FR...
[0000][PE] (25, 50, 75) percentile: (237, 282, 322)
[0000][PE] low and high boundaries for computing mean and std.dev: (67, 492)
[0000][PE] mean and std.dev: (273.32, 68.32)
[0000][PE] low and high boundaries for proper pairs: (1, 577)
[0000][PE] analyzing insert size distribution for orientation RF...
[0000][PE] (25, 50, 75) percentile: (737, 2707, 7049)
[0000][PE] low and high boundaries for computing mean and std.dev: (1, 19673)
[0000][PE] mean and std.dev: (3868.07, 3209.18)
[0000][PE] low and high boundaries for proper pairs: (1, 25985)
[0000][PE] analyzing insert size distribution for orientation RR...
[0000][PE] (25, 50, 75) percentile: (132, 194, 242)
[0000][PE] low and high boundaries for computing mean and std.dev: (1, 462)
[0000][PE] mean and std.dev: (178.33, 62.77)
[0000][PE] low and high boundaries for proper pairs: (1, 572)
[0000][PE] skip orientation FF
[0000][PE] skip orientation RF
[0000][PE] skip orientation RR
[0000] 3. Calling kt_for - worker_sam
	[0000][ M::mem_process_seqs] Processed 2797210 reads in 474.354 CPU sec, 12.808 real sec
[0000] read_chunk: 400000000, work_chunk_size: 400000193, nseq: 2798746
	[0000][ M::kt_pipeline] read 2798746 sequences (400000193 bp)...
[0000] Reallocating initial memory allocations!!
[0000] Calling mem_process_seqs.., task: 6
[0000] 1. Calling kt_for - worker_bwt
[0000] 2. Calling kt_for - worker_aln
[0000] read_chunk: 400000000, work_chunk_size: 400000169, nseq: 2796228
	[0000][ M::kt_pipeline] read 2796228 sequences (400000169 bp)...
[0000] Inferring insert size distribution of PE reads from data, l_pac: 656111652, n: 2798746
[0000][PE] # candidate unique pairs for (FF, FR, RF, RR): (120, 1114595, 133, 115)
[0000][PE] analyzing insert size distribution for orientation FF...
[0000][PE] (25, 50, 75) percentile: (148, 193, 275)
[0000][PE] low and high boundaries for computing mean and std.dev: (1, 529)
[0000][PE] mean and std.dev: (184.22, 81.49)
[0000][PE] low and high boundaries for proper pairs: (1, 656)
[0000][PE] analyzing insert size distribution for orientation FR...
[0000][PE] (25, 50, 75) percentile: (237, 282, 322)
[0000][PE] low and high boundaries for computing mean and std.dev: (67, 492)
[0000][PE] mean and std.dev: (273.29, 68.36)
[0000][PE] low and high boundaries for proper pairs: (1, 577)
[0000][PE] analyzing insert size distribution for orientation RF...
[0000][PE] (25, 50, 75) percentile: (375, 1921, 6207)
[0000][PE] low and high boundaries for computing mean and std.dev: (1, 17871)
[0000][PE] mean and std.dev: (3225.49, 3180.22)
[0000][PE] low and high boundaries for proper pairs: (1, 23703)
[0000][PE] analyzing insert size distribution for orientation RR...
[0000][PE] (25, 50, 75) percentile: (132, 178, 227)
[0000][PE] low and high boundaries for computing mean and std.dev: (1, 417)
[0000][PE] mean and std.dev: (167.56, 61.39)
[0000][PE] low and high boundaries for proper pairs: (1, 512)
[0000][PE] skip orientation FF
[0000][PE] skip orientation RF
[0000][PE] skip orientation RR
[0000] 3. Calling kt_for - worker_sam
	[0000][ M::mem_process_seqs] Processed 2798746 reads in 444.688 CPU sec, 12.184 real sec
[0000] Calling mem_process_seqs.., task: 7
[0000] 1. Calling kt_for - worker_bwt
[0000] 2. Calling kt_for - worker_aln
[0000] Inferring insert size distribution of PE reads from data, l_pac: 656111652, n: 2796228
[0000][PE] # candidate unique pairs for (FF, FR, RF, RR): (133, 1090950, 93, 100)
[0000][PE] analyzing insert size distribution for orientation FF...
[0000][PE] (25, 50, 75) percentile: (147, 196, 267)
[0000][PE] low and high boundaries for computing mean and std.dev: (1, 507)
[0000][PE] mean and std.dev: (186.85, 67.66)
[0000][PE] low and high boundaries for proper pairs: (1, 627)
[0000][PE] analyzing insert size distribution for orientation FR...
[0000][PE] (25, 50, 75) percentile: (237, 282, 322)
[0000][PE] low and high boundaries for computing mean and std.dev: (67, 492)
[0000][PE] mean and std.dev: (273.36, 68.27)
[0000][PE] low and high boundaries for proper pairs: (1, 577)
[0000][PE] analyzing insert size distribution for orientation RF...
[0000][PE] (25, 50, 75) percentile: (617, 3967, 6992)
[0000][PE] low and high boundaries for computing mean and std.dev: (1, 19742)
[0000][PE] mean and std.dev: (3805.90, 3152.42)
[0000][PE] low and high boundaries for proper pairs: (1, 26117)
[0000][PE] analyzing insert size distribution for orientation RR...
[0000][PE] (25, 50, 75) percentile: (157, 207, 303)
[0000][PE] low and high boundaries for computing mean and std.dev: (1, 595)
[0000][PE] mean and std.dev: (202.69, 90.94)
[0000][PE] low and high boundaries for proper pairs: (1, 741)
[0000][PE] skip orientation FF
[0000][PE] skip orientation RF
[0000][PE] skip orientation RR
[0000] 3. Calling kt_for - worker_sam
	[0000][ M::mem_process_seqs] Processed 2796228 reads in 513.124 CPU sec, 14.241 real sec
[0000] read_chunk: 400000000, work_chunk_size: 400000114, nseq: 2798342
	[0000][ M::kt_pipeline] read 2798342 sequences (400000114 bp)...
[0000] Calling mem_process_seqs.., task: 8
[0000] 1. Calling kt_for - worker_bwt
[0000] 2. Calling kt_for - worker_aln
[0000] read_chunk: 400000000, work_chunk_size: 105243077, nseq: 736704
	[0000][ M::kt_pipeline] read 736704 sequences (105243077 bp)...
[0000] Inferring insert size distribution of PE reads from data, l_pac: 656111652, n: 2798342
[0000][PE] # candidate unique pairs for (FF, FR, RF, RR): (110, 1108312, 115, 97)
[0000][PE] analyzing insert size distribution for orientation FF...
[0000][PE] (25, 50, 75) percentile: (136, 187, 244)
[0000][PE] low and high boundaries for computing mean and std.dev: (1, 460)
[0000][PE] mean and std.dev: (173.85, 60.45)
[0000][PE] low and high boundaries for proper pairs: (1, 568)
[0000][PE] analyzing insert size distribution for orientation FR...
[0000][PE] (25, 50, 75) percentile: (237, 282, 322)
[0000][PE] low and high boundaries for computing mean and std.dev: (67, 492)
[0000][PE] mean and std.dev: (273.18, 68.45)
[0000][PE] low and high boundaries for proper pairs: (1, 577)
[0000][PE] analyzing insert size distribution for orientation RF...
[0000][PE] (25, 50, 75) percentile: (608, 2450, 5870)
[0000][PE] low and high boundaries for computing mean and std.dev: (1, 16394)
[0000][PE] mean and std.dev: (3305.34, 2998.54)
[0000][PE] low and high boundaries for proper pairs: (1, 21656)
[0000][PE] analyzing insert size distribution for orientation RR...
[0000][PE] (25, 50, 75) percentile: (136, 179, 246)
[0000][PE] low and high boundaries for computing mean and std.dev: (1, 466)
[0000][PE] mean and std.dev: (165.06, 59.74)
[0000][PE] low and high boundaries for proper pairs: (1, 576)
[0000][PE] skip orientation FF
[0000][PE] skip orientation RF
[0000][PE] skip orientation RR
[0000] 3. Calling kt_for - worker_sam
	[0000][ M::mem_process_seqs] Processed 2798342 reads in 458.685 CPU sec, 13.405 real sec
[0000] Calling mem_process_seqs.., task: 9
[0000] 1. Calling kt_for - worker_bwt
[0000] 2. Calling kt_for - worker_aln
[0000] Inferring insert size distribution of PE reads from data, l_pac: 656111652, n: 736704
[0000][PE] # candidate unique pairs for (FF, FR, RF, RR): (26, 297707, 40, 34)
[0000][PE] analyzing insert size distribution for orientation FF...
[0000][PE] (25, 50, 75) percentile: (149, 223, 257)
[0000][PE] low and high boundaries for computing mean and std.dev: (1, 473)
[0000][PE] mean and std.dev: (199.71, 71.84)
[0000][PE] low and high boundaries for proper pairs: (1, 581)
[0000][PE] analyzing insert size distribution for orientation FR...
[0000][PE] (25, 50, 75) percentile: (237, 282, 322)
[0000][PE] low and high boundaries for computing mean and std.dev: (67, 492)
[0000][PE] mean and std.dev: (273.52, 68.30)
[0000][PE] low and high boundaries for proper pairs: (1, 577)
[0000][PE] analyzing insert size distribution for orientation RF...
[0000][PE] (25, 50, 75) percentile: (650, 1000, 6749)
[0000][PE] low and high boundaries for computing mean and std.dev: (1, 18947)
[0000][PE] mean and std.dev: (3410.72, 3424.50)
[0000][PE] low and high boundaries for proper pairs: (1, 25046)
[0000][PE] analyzing insert size distribution for orientation RR...
[0000][PE] (25, 50, 75) percentile: (191, 230, 491)
[0000][PE] low and high boundaries for computing mean and std.dev: (1, 1091)
[0000][PE] mean and std.dev: (317.90, 268.71)
[0000][PE] low and high boundaries for proper pairs: (1, 1393)
[0000][PE] skip orientation FF
[0000][PE] skip orientation RF
[0000][PE] skip orientation RR
[0000] 3. Calling kt_for - worker_sam
	[0000][ M::mem_process_seqs] Processed 736704 reads in 109.411 CPU sec, 3.326 real sec
[0000] read_chunk: 400000000, work_chunk_size: 0, nseq: 0
[0000] read_chunk: 400000000, work_chunk_size: 0, nseq: 0
[0000] Computation ends..
No. of OMP threads: 40
Processor is running @2394.714174 MHz
Runtime profile:

	Time taken for main_mem function: 205.21 sec

	IO times (sec) :
	Reading IO time (reads) avg: 91.99, (91.99, 91.99)
	Writing IO time (SAM) avg: 43.56, (43.56, 43.56)
	Reading IO time (Reference Genome) avg: 0.77, (0.77, 0.77)
	Index read time avg: 0.12, (0.12, 0.12)

	Overall time (sec) (Excluding Index reading time):
	PROCESS() (Total compute time + (read + SAM) IO time) : 204.25
	MEM_PROCESS_SEQ() (Total compute time (Kernel + SAM)), avg: 125.34, (125.34, 125.34)

	 SAM Processing time (sec):
	--WORKER_SAM avg: 53.84, (53.84, 53.84)

	Kernels' compute time (sec):
	Total kernel (smem+sal+bsw) time avg: 68.60, (68.60, 68.60)
		MEM_ALN_CHAIN_FLT avg: 0.00, (0.00, 0.00)
		MEM_ALN_CHAIN_SEED avg: 0.00, (0.00, 0.00)
		ERT_SEED_CHAIN avg: 0.00, (0.00, 0.00)
	LEARNED_SEED_CHAIN avg: 25.68, (25.87, 25.51)
		SMEM compute avg: 0.00, (0.00, 0.00)
		SAL compute avg: 0.00, (0.00, 0.00)
				MEM_SA avg: 0.00, (0.00, 0.00)

		BSW time, avg: 39.62, (40.03, 39.15)

Important parameter settings: 
	BATCH_SIZE: 512
	MAX_SEQ_LEN_REF: 256
	MAX_SEQ_LEN_QER: 128
	MAX_SEQ_LEN8: 128
	SEEDS_PER_READ: 500
	SIMD_WIDTH8 X: 64
	SIMD_WIDTH16 X: 32
	AVG_SEEDS_PER_READ: 64
