Looking to launch executable "/opt/conda/bin/bwa-meme_mode3.avx512bw", simd = _mode3.avx512bw
Launching executable "/opt/conda/bin/bwa-meme_mode3.avx512bw"
-----------------------------
Executing in AVX512 mode!!
-----------------------------
* SA compression enabled with xfactor: 8
* Ref file: reference.902362185.genome.fasta
* Entering FMI_search
Reading other elements of the index from files reference.902362185.genome.fasta
* Index prefix: reference.902362185.genome.fasta
* Read 0 ALT contigs
* Reading reference genome..
* Binary seq file = reference.902362185.genome.fasta.0123
* Reference genome size: 1312223304 bp
* Done reading reference genome !!

------------------------------------------
1. Memory pre-allocation for Chaining: 5679.4903 MB
2. Memory pre-allocation for BSW: 9584.6810 MB
[M::memoryAllocLearned::MEME] Reading Learned-index models into memory
[Learned-Config] MODE:3 SEARCH_METHOD: 1 MEM_TRADEOFF:1 EXPONENTIAL_SMEMSEARCH: 1 DEBUG_MODE:0 Num 2nd Models:268435456 PWL Bits Used:28
[M::memoryAllocLearned::MEME] Loading RMI model and Pac reference file took 9.444 sec
[M::memoryAllocLearned::MEME] Reading suffix array into memory
[M::memoryAllocLearned::MEME] Loading pos_packed file took 13.718 sec
[M::memoryAllocLearned::MEME] Generating SA, 64-bit Suffix and ISA in memory
[M::memoryAllocLearned::MEME] Runtime-build-index took 13.453 sec
3. Memory pre-allocation for BWT: 7204.5072 MB
------------------------------------------
* Threads used (compute): 40
* No. of pipeline threads: 2

[0000] read_chunk: 400000000, work_chunk_size: 400000218, nseq: 2810072
	[0000][ M::kt_pipeline] read 2810072 sequences (400000218 bp)...
[0000] Reallocating initial memory allocations!!
[0000] Calling mem_process_seqs.., task: 0
[0000] 1. Calling kt_for - worker_bwt
[0000] read_chunk: 400000000, work_chunk_size: 400000230, nseq: 2811982
	[0000][ M::kt_pipeline] read 2811982 sequences (400000230 bp)...
[0000] 2. Calling kt_for - worker_aln
[0000] Inferring insert size distribution of PE reads from data, l_pac: 656111652, n: 2810072
[0000][PE] # candidate unique pairs for (FF, FR, RF, RR): (92, 1127841, 111, 66)
[0000][PE] analyzing insert size distribution for orientation FF...
[0000][PE] (25, 50, 75) percentile: (155, 227, 654)
[0000][PE] low and high boundaries for computing mean and std.dev: (1, 1652)
[0000][PE] mean and std.dev: (323.45, 351.03)
[0000][PE] low and high boundaries for proper pairs: (1, 2151)
[0000][PE] analyzing insert size distribution for orientation FR...
[0000][PE] (25, 50, 75) percentile: (229, 278, 319)
[0000][PE] low and high boundaries for computing mean and std.dev: (49, 499)
[0000][PE] mean and std.dev: (264.39, 75.88)
[0000][PE] low and high boundaries for proper pairs: (1, 589)
[0000][PE] analyzing insert size distribution for orientation RF...
[0000][PE] (25, 50, 75) percentile: (746, 3628, 6836)
[0000][PE] low and high boundaries for computing mean and std.dev: (1, 19016)
[0000][PE] mean and std.dev: (3896.24, 3171.49)
[0000][PE] low and high boundaries for proper pairs: (1, 25106)
[0000][PE] analyzing insert size distribution for orientation RR...
[0000][PE] (25, 50, 75) percentile: (148, 214, 1062)
[0000][PE] low and high boundaries for computing mean and std.dev: (1, 2890)
[0000][PE] mean and std.dev: (450.78, 542.33)
[0000][PE] low and high boundaries for proper pairs: (1, 3804)
[0000][PE] skip orientation FF
[0000][PE] skip orientation RF
[0000][PE] skip orientation RR
[0000] 3. Calling kt_for - worker_sam
	[0000][ M::mem_process_seqs] Processed 2810072 reads in 468.842 CPU sec, 13.728 real sec
[0000] Reallocating initial memory allocations!!
[0000] Calling mem_process_seqs.., task: 1
[0000] 1. Calling kt_for - worker_bwt
[0000] 2. Calling kt_for - worker_aln
[0000] read_chunk: 400000000, work_chunk_size: 400000083, nseq: 2808204
	[0000][ M::kt_pipeline] read 2808204 sequences (400000083 bp)...
[0000] Inferring insert size distribution of PE reads from data, l_pac: 656111652, n: 2811982
[0000][PE] # candidate unique pairs for (FF, FR, RF, RR): (92, 1149219, 132, 69)
[0000][PE] analyzing insert size distribution for orientation FF...
[0000][PE] (25, 50, 75) percentile: (152, 234, 656)
[0000][PE] low and high boundaries for computing mean and std.dev: (1, 1664)
[0000][PE] mean and std.dev: (315.90, 302.88)
[0000][PE] low and high boundaries for proper pairs: (1, 2168)
[0000][PE] analyzing insert size distribution for orientation FR...
[0000][PE] (25, 50, 75) percentile: (229, 278, 319)
[0000][PE] low and high boundaries for computing mean and std.dev: (49, 499)
[0000][PE] mean and std.dev: (264.33, 75.90)
[0000][PE] low and high boundaries for proper pairs: (1, 589)
[0000][PE] analyzing insert size distribution for orientation RF...
[0000][PE] (25, 50, 75) percentile: (792, 2744, 6002)
[0000][PE] low and high boundaries for computing mean and std.dev: (1, 16422)
[0000][PE] mean and std.dev: (3483.30, 2937.92)
[0000][PE] low and high boundaries for proper pairs: (1, 21632)
[0000][PE] analyzing insert size distribution for orientation RR...
[0000][PE] (25, 50, 75) percentile: (161, 214, 1393)
[0000][PE] low and high boundaries for computing mean and std.dev: (1, 3857)
[0000][PE] mean and std.dev: (641.72, 953.81)
[0000][PE] low and high boundaries for proper pairs: (1, 5089)
[0000][PE] skip orientation FF
[0000][PE] skip orientation RF
[0000][PE] skip orientation RR
[0000] 3. Calling kt_for - worker_sam
	[0000][ M::mem_process_seqs] Processed 2811982 reads in 419.737 CPU sec, 11.506 real sec
[0000] Calling mem_process_seqs.., task: 2
[0000] 1. Calling kt_for - worker_bwt
[0000] 2. Calling kt_for - worker_aln
[0000] Inferring insert size distribution of PE reads from data, l_pac: 656111652, n: 2808204
[0000][PE] # candidate unique pairs for (FF, FR, RF, RR): (96, 1119019, 86, 77)
[0000][PE] analyzing insert size distribution for orientation FF...
[0000][PE] (25, 50, 75) percentile: (129, 198, 720)
[0000][PE] low and high boundaries for computing mean and std.dev: (1, 1902)
[0000][PE] mean and std.dev: (310.94, 394.02)
[0000][PE] low and high boundaries for proper pairs: (1, 2493)
[0000][PE] analyzing insert size distribution for orientation FR...
[0000][PE] (25, 50, 75) percentile: (229, 278, 319)
[0000][PE] low and high boundaries for computing mean and std.dev: (49, 499)
[0000][PE] mean and std.dev: (264.55, 75.84)
[0000][PE] low and high boundaries for proper pairs: (1, 589)
[0000][PE] analyzing insert size distribution for orientation RF...
[0000][PE] (25, 50, 75) percentile: (756, 3132, 6249)
[0000][PE] low and high boundaries for computing mean and std.dev: (1, 17235)
[0000][PE] mean and std.dev: (3659.65, 3009.74)
[0000][PE] low and high boundaries for proper pairs: (1, 22728)
[0000][PE] analyzing insert size distribution for orientation RR...
[0000][PE] (25, 50, 75) percentile: (151, 196, 670)
[0000][PE] low and high boundaries for computing mean and std.dev: (1, 1708)
[0000][PE] mean and std.dev: (265.10, 262.47)
[0000][PE] low and high boundaries for proper pairs: (1, 2227)
[0000][PE] skip orientation FF
[0000][PE] skip orientation RF
[0000][PE] skip orientation RR
[0000] 3. Calling kt_for - worker_sam
	[0000][ M::mem_process_seqs] Processed 2808204 reads in 491.914 CPU sec, 13.445 real sec
[0000] read_chunk: 400000000, work_chunk_size: 400000075, nseq: 2811044
	[0000][ M::kt_pipeline] read 2811044 sequences (400000075 bp)...
[0000] Calling mem_process_seqs.., task: 3
[0000] 1. Calling kt_for - worker_bwt
[0000] 2. Calling kt_for - worker_aln
[0000] Inferring insert size distribution of PE reads from data, l_pac: 656111652, n: 2811044
[0000][PE] # candidate unique pairs for (FF, FR, RF, RR): (84, 1142947, 139, 77)
[0000][PE] analyzing insert size distribution for orientation FF...
[0000][PE] (25, 50, 75) percentile: (143, 204, 484)
[0000][PE] low and high boundaries for computing mean and std.dev: (1, 1166)
[0000][PE] mean and std.dev: (245.62, 217.44)
[0000][PE] low and high boundaries for proper pairs: (1, 1507)
[0000][PE] analyzing insert size distribution for orientation FR...
[0000][PE] (25, 50, 75) percentile: (229, 278, 319)
[0000][PE] low and high boundaries for computing mean and std.dev: (49, 499)
[0000][PE] mean and std.dev: (264.50, 75.81)
[0000][PE] low and high boundaries for proper pairs: (1, 589)
[0000][PE] analyzing insert size distribution for orientation RF...
[0000][PE] (25, 50, 75) percentile: (444, 2460, 6689)
[0000][PE] low and high boundaries for computing mean and std.dev: (1, 19179)
[0000][PE] mean and std.dev: (3565.33, 3299.03)
[0000][PE] low and high boundaries for proper pairs: (1, 25424)
[0000][PE] analyzing insert size distribution for orientation RR...
[0000][PE] (25, 50, 75) percentile: (171, 246, 1637)
[0000][PE] low and high boundaries for computing mean and std.dev: (1, 4569)
[0000][PE] mean and std.dev: (774.07, 965.00)
[0000][PE] low and high boundaries for proper pairs: (1, 6035)
[0000][PE] skip orientation FF
[0000][PE] skip orientation RF
[0000][PE] skip orientation RR
[0000] 3. Calling kt_for - worker_sam
	[0000][ M::mem_process_seqs] Processed 2811044 reads in 446.024 CPU sec, 12.537 real sec
[0000] read_chunk: 400000000, work_chunk_size: 400000178, nseq: 2811390
	[0000][ M::kt_pipeline] read 2811390 sequences (400000178 bp)...
[0000] Calling mem_process_seqs.., task: 4
[0000] 1. Calling kt_for - worker_bwt
[0000] 2. Calling kt_for - worker_aln
[0000] Inferring insert size distribution of PE reads from data, l_pac: 656111652, n: 2811390
[0000][PE] # candidate unique pairs for (FF, FR, RF, RR): (77, 1143709, 107, 62)
[0000][PE] analyzing insert size distribution for orientation FF...
[0000][PE] (25, 50, 75) percentile: (111, 175, 272)
[0000][PE] low and high boundaries for computing mean and std.dev: (1, 594)
[0000][PE] mean and std.dev: (160.19, 96.60)
[0000][PE] low and high boundaries for proper pairs: (1, 755)
[0000][PE] analyzing insert size distribution for orientation FR...
[0000][PE] (25, 50, 75) percentile: (229, 278, 319)
[0000][PE] low and high boundaries for computing mean and std.dev: (49, 499)
[0000][PE] mean and std.dev: (264.42, 75.88)
[0000][PE] low and high boundaries for proper pairs: (1, 589)
[0000][PE] analyzing insert size distribution for orientation RF...
[0000][PE] (25, 50, 75) percentile: (545, 2035, 6364)
[0000][PE] low and high boundaries for computing mean and std.dev: (1, 18002)
[0000][PE] mean and std.dev: (3347.73, 3189.33)
[0000][PE] low and high boundaries for proper pairs: (1, 23821)
[0000][PE] analyzing insert size distribution for orientation RR...
[0000][PE] (25, 50, 75) percentile: (162, 249, 554)
[0000][PE] low and high boundaries for computing mean and std.dev: (1, 1338)
[0000][PE] mean and std.dev: (267.41, 210.64)
[0000][PE] low and high boundaries for proper pairs: (1, 1730)
[0000][PE] skip orientation FF
[0000][PE] skip orientation RF
[0000][PE] skip orientation RR
[0000] 3. Calling kt_for - worker_sam
	[0000][ M::mem_process_seqs] Processed 2811390 reads in 428.085 CPU sec, 12.083 real sec
[0000] read_chunk: 400000000, work_chunk_size: 400000196, nseq: 2810460
	[0000][ M::kt_pipeline] read 2810460 sequences (400000196 bp)...
[0000] Calling mem_process_seqs.., task: 5
[0000] 1. Calling kt_for - worker_bwt
[0000] 2. Calling kt_for - worker_aln
[0000] Inferring insert size distribution of PE reads from data, l_pac: 656111652, n: 2810460
[0000][PE] # candidate unique pairs for (FF, FR, RF, RR): (81, 1136420, 119, 72)
[0000][PE] analyzing insert size distribution for orientation FF...
[0000][PE] (25, 50, 75) percentile: (134, 183, 364)
[0000][PE] low and high boundaries for computing mean and std.dev: (1, 824)
[0000][PE] mean and std.dev: (188.78, 117.56)
[0000][PE] low and high boundaries for proper pairs: (1, 1054)
[0000][PE] analyzing insert size distribution for orientation FR...
[0000][PE] (25, 50, 75) percentile: (229, 278, 319)
[0000][PE] low and high boundaries for computing mean and std.dev: (49, 499)
[0000][PE] mean and std.dev: (264.43, 75.85)
[0000][PE] low and high boundaries for proper pairs: (1, 589)
[0000][PE] analyzing insert size distribution for orientation RF...
[0000][PE] (25, 50, 75) percentile: (429, 3474, 6989)
[0000][PE] low and high boundaries for computing mean and std.dev: (1, 20109)
[0000][PE] mean and std.dev: (3733.79, 3282.43)
[0000][PE] low and high boundaries for proper pairs: (1, 26669)
[0000][PE] analyzing insert size distribution for orientation RR...
[0000][PE] (25, 50, 75) percentile: (173, 231, 578)
[0000][PE] low and high boundaries for computing mean and std.dev: (1, 1388)
[0000][PE] mean and std.dev: (272.08, 189.99)
[0000][PE] low and high boundaries for proper pairs: (1, 1793)
[0000][PE] skip orientation FF
[0000][PE] skip orientation RF
[0000][PE] skip orientation RR
[0000] 3. Calling kt_for - worker_sam
	[0000][ M::mem_process_seqs] Processed 2810460 reads in 456.337 CPU sec, 12.728 real sec
[0000] read_chunk: 400000000, work_chunk_size: 396992864, nseq: 2789858
	[0000][ M::kt_pipeline] read 2789858 sequences (396992864 bp)...
[0000] Calling mem_process_seqs.., task: 6
[0000] 1. Calling kt_for - worker_bwt
[0000] read_chunk: 400000000, work_chunk_size: 0, nseq: 0
[0000] 2. Calling kt_for - worker_aln
[0000] Inferring insert size distribution of PE reads from data, l_pac: 656111652, n: 2789858
[0000][PE] # candidate unique pairs for (FF, FR, RF, RR): (92, 1140795, 99, 71)
[0000][PE] analyzing insert size distribution for orientation FF...
[0000][PE] (25, 50, 75) percentile: (140, 198, 389)
[0000][PE] low and high boundaries for computing mean and std.dev: (1, 887)
[0000][PE] mean and std.dev: (193.16, 107.09)
[0000][PE] low and high boundaries for proper pairs: (1, 1136)
[0000][PE] analyzing insert size distribution for orientation FR...
[0000][PE] (25, 50, 75) percentile: (230, 278, 319)
[0000][PE] low and high boundaries for computing mean and std.dev: (52, 497)
[0000][PE] mean and std.dev: (265.03, 75.21)
[0000][PE] low and high boundaries for proper pairs: (1, 586)
[0000][PE] analyzing insert size distribution for orientation RF...
[0000][PE] (25, 50, 75) percentile: (731, 2223, 6835)
[0000][PE] low and high boundaries for computing mean and std.dev: (1, 19043)
[0000][PE] mean and std.dev: (3587.34, 3238.83)
[0000][PE] low and high boundaries for proper pairs: (1, 25147)
[0000][PE] analyzing insert size distribution for orientation RR...
[0000][PE] (25, 50, 75) percentile: (179, 279, 858)
[0000][PE] low and high boundaries for computing mean and std.dev: (1, 2216)
[0000][PE] mean and std.dev: (400.97, 395.29)
[0000][PE] low and high boundaries for proper pairs: (1, 2895)
[0000][PE] skip orientation FF
[0000][PE] skip orientation RF
[0000][PE] skip orientation RR
[0000] 3. Calling kt_for - worker_sam
	[0000][ M::mem_process_seqs] Processed 2789858 reads in 409.994 CPU sec, 11.084 real sec
[0000] read_chunk: 400000000, work_chunk_size: 0, nseq: 0
[0000] Computation ends..
No. of OMP threads: 40
Processor is running @2394.731294 MHz
Runtime profile:

	Time taken for main_mem function: 155.25 sec

	IO times (sec) :
	Reading IO time (reads) avg: 67.43, (67.43, 67.43)
	Writing IO time (SAM) avg: 33.05, (33.05, 33.05)
	Reading IO time (Reference Genome) avg: 0.51, (0.51, 0.51)
	Index read time avg: 0.12, (0.12, 0.12)

	Overall time (sec) (Excluding Index reading time):
	PROCESS() (Total compute time + (read + SAM) IO time) : 154.61
	MEM_PROCESS_SEQ() (Total compute time (Kernel + SAM)), avg: 87.10, (87.10, 87.10)

	 SAM Processing time (sec):
	--WORKER_SAM avg: 35.44, (35.44, 35.44)

	Kernels' compute time (sec):
	Total kernel (smem+sal+bsw) time avg: 49.39, (49.39, 49.39)
		MEM_ALN_CHAIN_FLT avg: 0.00, (0.00, 0.00)
		MEM_ALN_CHAIN_SEED avg: 0.00, (0.00, 0.00)
		ERT_SEED_CHAIN avg: 0.00, (0.00, 0.00)
	LEARNED_SEED_CHAIN avg: 19.80, (19.89, 19.70)
		SMEM compute avg: 0.00, (0.00, 0.00)
		SAL compute avg: 0.00, (0.00, 0.00)
				MEM_SA avg: 0.00, (0.00, 0.00)

		BSW time, avg: 27.69, (27.89, 27.42)

Important parameter settings: 
	BATCH_SIZE: 512
	MAX_SEQ_LEN_REF: 256
	MAX_SEQ_LEN_QER: 128
	MAX_SEQ_LEN8: 128
	SEEDS_PER_READ: 500
	SIMD_WIDTH8 X: 64
	SIMD_WIDTH16 X: 32
	AVG_SEEDS_PER_READ: 64
