Looking to launch executable "/opt/conda/bin/bwa-meme_mode3.avx512bw", simd = _mode3.avx512bw
Launching executable "/opt/conda/bin/bwa-meme_mode3.avx512bw"
-----------------------------
Executing in AVX512 mode!!
-----------------------------
* SA compression enabled with xfactor: 8
* Ref file: reference.902362185.genome.fasta
* Entering FMI_search
Reading other elements of the index from files reference.902362185.genome.fasta
* Index prefix: reference.902362185.genome.fasta
* Read 0 ALT contigs
* Reading reference genome..
* Binary seq file = reference.902362185.genome.fasta.0123
* Reference genome size: 1312223304 bp
* Done reading reference genome !!

------------------------------------------
1. Memory pre-allocation for Chaining: 5679.4903 MB
2. Memory pre-allocation for BSW: 9584.6810 MB
[M::memoryAllocLearned::MEME] Reading Learned-index models into memory
[Learned-Config] MODE:3 SEARCH_METHOD: 1 MEM_TRADEOFF:1 EXPONENTIAL_SMEMSEARCH: 1 DEBUG_MODE:0 Num 2nd Models:268435456 PWL Bits Used:28
[M::memoryAllocLearned::MEME] Loading RMI model and Pac reference file took 9.487 sec
[M::memoryAllocLearned::MEME] Reading suffix array into memory
[M::memoryAllocLearned::MEME] Loading pos_packed file took 13.857 sec
[M::memoryAllocLearned::MEME] Generating SA, 64-bit Suffix and ISA in memory
[M::memoryAllocLearned::MEME] Runtime-build-index took 13.421 sec
3. Memory pre-allocation for BWT: 7204.5072 MB
------------------------------------------
* Threads used (compute): 40
* No. of pipeline threads: 2

[0000] read_chunk: 400000000, work_chunk_size: 400000214, nseq: 2775848
	[0000][ M::kt_pipeline] read 2775848 sequences (400000214 bp)...
[0000] Reallocating initial memory allocations!!
[0000] Calling mem_process_seqs.., task: 0
[0000] 1. Calling kt_for - worker_bwt
[0000] 2. Calling kt_for - worker_aln
[0000] Inferring insert size distribution of PE reads from data, l_pac: 656111652, n: 2775848
[0000] read_chunk: 400000000, work_chunk_size: 400000272, nseq: 2778370
[0000][PE] # candidate unique pairs for (FF, FR, RF, RR): (76, 1105514, 113, 79)
[0000][PE] analyzing insert size distribution for orientation FF...
[0000][PE] (25, 50, 75) percentile: (145, 205, 945)
[0000][PE] low and high boundaries for computing mean and std.dev: (1, 2545)
[0000][PE] mean and std.dev: (399.67, 507.84)
[0000][PE] low and high boundaries for proper pairs: (1, 3345)
[0000][PE] analyzing insert size distribution for orientation FR...
	[0000][ M::kt_pipeline] read 2778370 sequences (400000272 bp)...
[0000][PE] (25, 50, 75) percentile: (242, 286, 325)
[0000][PE] low and high boundaries for computing mean and std.dev: (76, 491)
[0000][PE] mean and std.dev: (278.69, 64.28)
[0000][PE] low and high boundaries for proper pairs: (1, 574)
[0000][PE] analyzing insert size distribution for orientation RF...
[0000][PE] (25, 50, 75) percentile: (527, 3230, 6679)
[0000][PE] low and high boundaries for computing mean and std.dev: (1, 18983)
[0000][PE] mean and std.dev: (3761.56, 3208.85)
[0000][PE] low and high boundaries for proper pairs: (1, 25135)
[0000][PE] analyzing insert size distribution for orientation RR...
[0000][PE] (25, 50, 75) percentile: (145, 212, 385)
[0000][PE] low and high boundaries for computing mean and std.dev: (1, 865)
[0000][PE] mean and std.dev: (184.61, 71.21)
[0000][PE] low and high boundaries for proper pairs: (1, 1105)
[0000][PE] skip orientation FF
[0000][PE] skip orientation RF
[0000][PE] skip orientation RR
[0000] 3. Calling kt_for - worker_sam
	[0000][ M::mem_process_seqs] Processed 2775848 reads in 486.031 CPU sec, 13.960 real sec
[0000] Reallocating initial memory allocations!!
[0000] read_chunk: 400000000, work_chunk_size: 400000005, nseq: 2777792
	[0000][ M::kt_pipeline] read 2777792 sequences (400000005 bp)...
[0000] Calling mem_process_seqs.., task: 1
[0000] 1. Calling kt_for - worker_bwt
[0000] 2. Calling kt_for - worker_aln
[0000] Inferring insert size distribution of PE reads from data, l_pac: 656111652, n: 2778370
[0000][PE] # candidate unique pairs for (FF, FR, RF, RR): (101, 1137406, 133, 67)
[0000][PE] analyzing insert size distribution for orientation FF...
[0000][PE] (25, 50, 75) percentile: (137, 209, 455)
[0000][PE] low and high boundaries for computing mean and std.dev: (1, 1091)
[0000][PE] mean and std.dev: (216.73, 150.39)
[0000][PE] low and high boundaries for proper pairs: (1, 1409)
[0000][PE] analyzing insert size distribution for orientation FR...
[0000][PE] (25, 50, 75) percentile: (242, 286, 325)
[0000][PE] low and high boundaries for computing mean and std.dev: (76, 491)
[0000][PE] mean and std.dev: (278.60, 64.35)
[0000][PE] low and high boundaries for proper pairs: (1, 574)
[0000][PE] analyzing insert size distribution for orientation RF...
[0000][PE] (25, 50, 75) percentile: (980, 3259, 6318)
[0000][PE] low and high boundaries for computing mean and std.dev: (1, 16994)
[0000][PE] mean and std.dev: (3786.66, 3069.58)
[0000][PE] low and high boundaries for proper pairs: (1, 22332)
[0000][PE] analyzing insert size distribution for orientation RR...
[0000][PE] (25, 50, 75) percentile: (160, 221, 910)
[0000][PE] low and high boundaries for computing mean and std.dev: (1, 2410)
[0000][PE] mean and std.dev: (412.56, 462.19)
[0000][PE] low and high boundaries for proper pairs: (1, 3160)
[0000][PE] skip orientation FF
[0000][PE] skip orientation RF
[0000][PE] skip orientation RR
[0000] 3. Calling kt_for - worker_sam
	[0000][ M::mem_process_seqs] Processed 2778370 reads in 392.314 CPU sec, 10.991 real sec
[0000] Calling mem_process_seqs.., task: 2
[0000] 1. Calling kt_for - worker_bwt
[0000] 2. Calling kt_for - worker_aln
[0000] Inferring insert size distribution of PE reads from data, l_pac: 656111652, n: 2777792
[0000][PE] # candidate unique pairs for (FF, FR, RF, RR): (83, 1133306, 122, 92)
[0000][PE] analyzing insert size distribution for orientation FF...
[0000][PE] (25, 50, 75) percentile: (143, 208, 268)
[0000][PE] low and high boundaries for computing mean and std.dev: (1, 518)
[0000][PE] mean and std.dev: (187.68, 90.04)
[0000][PE] low and high boundaries for proper pairs: (1, 643)
[0000][PE] analyzing insert size distribution for orientation FR...
[0000][PE] (25, 50, 75) percentile: (242, 286, 325)
[0000][PE] low and high boundaries for computing mean and std.dev: (76, 491)
[0000][PE] mean and std.dev: (278.64, 64.32)
[0000][PE] low and high boundaries for proper pairs: (1, 574)
[0000][PE] analyzing insert size distribution for orientation RF...
[0000][PE] (25, 50, 75) percentile: (620, 3378, 6109)
[0000][PE] low and high boundaries for computing mean and std.dev: (1, 17087)
[0000][PE] mean and std.dev: (3872.61, 3155.18)
[0000][PE] low and high boundaries for proper pairs: (1, 22576)
[0000][PE] analyzing insert size distribution for orientation RR...
[0000][PE] (25, 50, 75) percentile: (159, 221, 609)
[0000][PE] low and high boundaries for computing mean and std.dev: (1, 1509)
[0000][PE] mean and std.dev: (286.83, 284.09)
[0000][PE] low and high boundaries for proper pairs: (1, 1959)
[0000][PE] skip orientation FF
[0000][PE] skip orientation RF
[0000][PE] skip orientation RR
[0000] 3. Calling kt_for - worker_sam
	[0000][ M::mem_process_seqs] Processed 2777792 reads in 414.137 CPU sec, 11.532 real sec
[0000] read_chunk: 400000000, work_chunk_size: 400000082, nseq: 2775192
	[0000][ M::kt_pipeline] read 2775192 sequences (400000082 bp)...
[0000] Calling mem_process_seqs.., task: 3
[0000] 1. Calling kt_for - worker_bwt
[0000] 2. Calling kt_for - worker_aln
[0000] Inferring insert size distribution of PE reads from data, l_pac: 656111652, n: 2775192
[0000][PE] # candidate unique pairs for (FF, FR, RF, RR): (86, 1101171, 135, 56)
[0000][PE] analyzing insert size distribution for orientation FF...
[0000][PE] (25, 50, 75) percentile: (125, 206, 291)
[0000][PE] low and high boundaries for computing mean and std.dev: (1, 623)
[0000][PE] mean and std.dev: (177.93, 81.30)
[0000][PE] low and high boundaries for proper pairs: (1, 789)
[0000][PE] analyzing insert size distribution for orientation FR...
[0000][PE] (25, 50, 75) percentile: (242, 286, 324)
[0000][PE] low and high boundaries for computing mean and std.dev: (78, 488)
[0000][PE] mean and std.dev: (278.84, 63.88)
[0000][PE] low and high boundaries for proper pairs: (1, 570)
[0000][PE] analyzing insert size distribution for orientation RF...
[0000][PE] (25, 50, 75) percentile: (606, 2328, 5692)
[0000][PE] low and high boundaries for computing mean and std.dev: (1, 15864)
[0000][PE] mean and std.dev: (3459.96, 2927.21)
[0000][PE] low and high boundaries for proper pairs: (1, 20950)
[0000][PE] analyzing insert size distribution for orientation RR...
[0000][PE] (25, 50, 75) percentile: (144, 190, 318)
[0000][PE] low and high boundaries for computing mean and std.dev: (1, 666)
[0000][PE] mean and std.dev: (197.04, 109.76)
[0000][PE] low and high boundaries for proper pairs: (1, 840)
[0000][PE] skip orientation FF
[0000][PE] skip orientation RF
[0000][PE] skip orientation RR
[0000] 3. Calling kt_for - worker_sam
[0000] read_chunk: 400000000, work_chunk_size: 400000008, nseq: 2776968
	[0000][ M::kt_pipeline] read 2776968 sequences (400000008 bp)...
	[0000][ M::mem_process_seqs] Processed 2775192 reads in 484.059 CPU sec, 13.070 real sec
[0000] Calling mem_process_seqs.., task: 4
[0000] 1. Calling kt_for - worker_bwt
[0000] 2. Calling kt_for - worker_aln
[0000] Inferring insert size distribution of PE reads from data, l_pac: 656111652, n: 2776968
[0000][PE] # candidate unique pairs for (FF, FR, RF, RR): (80, 1120628, 123, 65)
[0000][PE] analyzing insert size distribution for orientation FF...
[0000][PE] (25, 50, 75) percentile: (145, 202, 359)
[0000][PE] low and high boundaries for computing mean and std.dev: (1, 787)
[0000][PE] mean and std.dev: (204.32, 124.21)
[0000][PE] low and high boundaries for proper pairs: (1, 1001)
[0000][PE] analyzing insert size distribution for orientation FR...
[0000][PE] (25, 50, 75) percentile: (242, 286, 324)
[0000][PE] low and high boundaries for computing mean and std.dev: (78, 488)
[0000][PE] mean and std.dev: (278.92, 63.82)
[0000][PE] low and high boundaries for proper pairs: (1, 570)
[0000][PE] analyzing insert size distribution for orientation RF...
[0000][PE] (25, 50, 75) percentile: (313, 1684, 4949)
[0000][PE] low and high boundaries for computing mean and std.dev: (1, 14221)
[0000][PE] mean and std.dev: (3008.04, 3034.61)
[0000][PE] low and high boundaries for proper pairs: (1, 18857)
[0000][PE] analyzing insert size distribution for orientation RR...
[0000][PE] (25, 50, 75) percentile: (145, 211, 547)
[0000][PE] low and high boundaries for computing mean and std.dev: (1, 1351)
[0000][PE] mean and std.dev: (229.85, 183.92)
[0000][PE] low and high boundaries for proper pairs: (1, 1753)
[0000][PE] skip orientation FF
[0000][PE] skip orientation RF
[0000][PE] skip orientation RR
[0000] 3. Calling kt_for - worker_sam
	[0000][ M::mem_process_seqs] Processed 2776968 reads in 461.700 CPU sec, 13.285 real sec
[0000] read_chunk: 400000000, work_chunk_size: 400000001, nseq: 2776160
	[0000][ M::kt_pipeline] read 2776160 sequences (400000001 bp)...
[0000] Calling mem_process_seqs.., task: 5
[0000] 1. Calling kt_for - worker_bwt
[0000] 2. Calling kt_for - worker_aln
[0000] Inferring insert size distribution of PE reads from data, l_pac: 656111652, n: 2776160
[0000][PE] # candidate unique pairs for (FF, FR, RF, RR): (69, 1118301, 120, 72)
[0000][PE] analyzing insert size distribution for orientation FF...
[0000][PE] (25, 50, 75) percentile: (127, 181, 303)
[0000][PE] low and high boundaries for computing mean and std.dev: (1, 655)
[0000][PE] mean and std.dev: (180.91, 103.73)
[0000][PE] low and high boundaries for proper pairs: (1, 831)
[0000][PE] analyzing insert size distribution for orientation FR...
[0000][PE] (25, 50, 75) percentile: (242, 286, 325)
[0000][PE] low and high boundaries for computing mean and std.dev: (76, 491)
[0000][PE] mean and std.dev: (278.70, 64.25)
[0000][PE] low and high boundaries for proper pairs: (1, 574)
[0000][PE] analyzing insert size distribution for orientation RF...
[0000][PE] (25, 50, 75) percentile: (923, 3368, 7194)
[0000][PE] low and high boundaries for computing mean and std.dev: (1, 19736)
[0000][PE] mean and std.dev: (3944.03, 3237.27)
[0000][PE] low and high boundaries for proper pairs: (1, 26007)
[0000][PE] analyzing insert size distribution for orientation RR...
[0000][PE] (25, 50, 75) percentile: (138, 192, 392)
[0000][PE] low and high boundaries for computing mean and std.dev: (1, 900)
[0000][PE] mean and std.dev: (190.78, 112.24)
[0000][PE] low and high boundaries for proper pairs: (1, 1154)
[0000][PE] skip orientation FF
[0000][PE] skip orientation RF
[0000][PE] skip orientation RR
[0000] 3. Calling kt_for - worker_sam
[0000] read_chunk: 400000000, work_chunk_size: 400000136, nseq: 2777924
	[0000][ M::kt_pipeline] read 2777924 sequences (400000136 bp)...
	[0000][ M::mem_process_seqs] Processed 2776160 reads in 452.927 CPU sec, 12.886 real sec
[0000] Calling mem_process_seqs.., task: 6
[0000] 1. Calling kt_for - worker_bwt
[0000] 2. Calling kt_for - worker_aln
[0000] Inferring insert size distribution of PE reads from data, l_pac: 656111652, n: 2777924
[0000][PE] # candidate unique pairs for (FF, FR, RF, RR): (80, 1136918, 112, 78)
[0000][PE] analyzing insert size distribution for orientation FF...
[0000][PE] (25, 50, 75) percentile: (152, 195, 317)
[0000][PE] low and high boundaries for computing mean and std.dev: (1, 647)
[0000][PE] mean and std.dev: (208.10, 114.66)
[0000][PE] low and high boundaries for proper pairs: (1, 812)
[0000][PE] analyzing insert size distribution for orientation FR...
[0000][PE] (25, 50, 75) percentile: (242, 286, 325)
[0000][PE] low and high boundaries for computing mean and std.dev: (76, 491)
[0000][PE] mean and std.dev: (278.71, 64.26)
[0000][PE] low and high boundaries for proper pairs: (1, 574)
[0000][PE] analyzing insert size distribution for orientation RF...
[0000][PE] (25, 50, 75) percentile: (219, 2392, 6716)
[0000][PE] low and high boundaries for computing mean and std.dev: (1, 19710)
[0000][PE] mean and std.dev: (3346.56, 3206.17)
[0000][PE] low and high boundaries for proper pairs: (1, 26207)
[0000][PE] analyzing insert size distribution for orientation RR...
[0000][PE] (25, 50, 75) percentile: (139, 192, 293)
[0000][PE] low and high boundaries for computing mean and std.dev: (1, 601)
[0000][PE] mean and std.dev: (199.52, 108.04)
[0000][PE] low and high boundaries for proper pairs: (1, 755)
[0000][PE] skip orientation FF
[0000][PE] skip orientation RF
[0000][PE] skip orientation RR
[0000] 3. Calling kt_for - worker_sam
	[0000][ M::mem_process_seqs] Processed 2777924 reads in 407.799 CPU sec, 11.748 real sec
[0000] read_chunk: 400000000, work_chunk_size: 400000204, nseq: 2777150
	[0000][ M::kt_pipeline] read 2777150 sequences (400000204 bp)...
[0000] Calling mem_process_seqs.., task: 7
[0000] 1. Calling kt_for - worker_bwt
[0000] 2. Calling kt_for - worker_aln
[0000] Inferring insert size distribution of PE reads from data, l_pac: 656111652, n: 2777150
[0000][PE] # candidate unique pairs for (FF, FR, RF, RR): (91, 1121966, 114, 82)
[0000][PE] analyzing insert size distribution for orientation FF...
[0000][PE] (25, 50, 75) percentile: (159, 209, 499)
[0000][PE] low and high boundaries for computing mean and std.dev: (1, 1179)
[0000][PE] mean and std.dev: (219.96, 143.57)
[0000][PE] low and high boundaries for proper pairs: (1, 1519)
[0000][PE] analyzing insert size distribution for orientation FR...
[0000][PE] (25, 50, 75) percentile: (242, 286, 325)
[0000][PE] low and high boundaries for computing mean and std.dev: (76, 491)
[0000][PE] mean and std.dev: (278.67, 64.31)
[0000][PE] low and high boundaries for proper pairs: (1, 574)
[0000][PE] analyzing insert size distribution for orientation RF...
[0000][PE] (25, 50, 75) percentile: (391, 1889, 6625)
[0000][PE] low and high boundaries for computing mean and std.dev: (1, 19093)
[0000][PE] mean and std.dev: (3495.74, 3329.02)
[0000][PE] low and high boundaries for proper pairs: (1, 25327)
[0000][PE] analyzing insert size distribution for orientation RR...
[0000][PE] (25, 50, 75) percentile: (166, 206, 288)
[0000][PE] low and high boundaries for computing mean and std.dev: (1, 532)
[0000][PE] mean and std.dev: (196.18, 81.20)
[0000][PE] low and high boundaries for proper pairs: (1, 654)
[0000][PE] skip orientation FF
[0000][PE] skip orientation RF
[0000][PE] skip orientation RR
[0000] 3. Calling kt_for - worker_sam
[0000] read_chunk: 400000000, work_chunk_size: 400000121, nseq: 2777390
	[0000][ M::kt_pipeline] read 2777390 sequences (400000121 bp)...
	[0000][ M::mem_process_seqs] Processed 2777150 reads in 434.773 CPU sec, 12.260 real sec
[0000] Calling mem_process_seqs.., task: 8
[0000] 1. Calling kt_for - worker_bwt
[0000] 2. Calling kt_for - worker_aln
[0000] Inferring insert size distribution of PE reads from data, l_pac: 656111652, n: 2777390
[0000][PE] # candidate unique pairs for (FF, FR, RF, RR): (88, 1125076, 145, 67)
[0000][PE] analyzing insert size distribution for orientation FF...
[0000][PE] (25, 50, 75) percentile: (144, 213, 547)
[0000][PE] low and high boundaries for computing mean and std.dev: (1, 1353)
[0000][PE] mean and std.dev: (261.93, 257.12)
[0000][PE] low and high boundaries for proper pairs: (1, 1756)
[0000][PE] analyzing insert size distribution for orientation FR...
[0000][PE] (25, 50, 75) percentile: (242, 286, 325)
[0000][PE] low and high boundaries for computing mean and std.dev: (76, 491)
[0000][PE] mean and std.dev: (278.70, 64.31)
[0000][PE] low and high boundaries for proper pairs: (1, 574)
[0000][PE] analyzing insert size distribution for orientation RF...
[0000][PE] (25, 50, 75) percentile: (296, 2288, 6704)
[0000][PE] low and high boundaries for computing mean and std.dev: (1, 19520)
[0000][PE] mean and std.dev: (3415.36, 3204.25)
[0000][PE] low and high boundaries for proper pairs: (1, 25928)
[0000][PE] analyzing insert size distribution for orientation RR...
[0000][PE] (25, 50, 75) percentile: (164, 206, 519)
[0000][PE] low and high boundaries for computing mean and std.dev: (1, 1229)
[0000][PE] mean and std.dev: (275.88, 241.29)
[0000][PE] low and high boundaries for proper pairs: (1, 1584)
[0000][PE] skip orientation FF
[0000][PE] skip orientation RF
[0000][PE] skip orientation RR
[0000] 3. Calling kt_for - worker_sam
	[0000][ M::mem_process_seqs] Processed 2777390 reads in 438.113 CPU sec, 12.256 real sec
[0000] read_chunk: 400000000, work_chunk_size: 400000137, nseq: 2777288
	[0000][ M::kt_pipeline] read 2777288 sequences (400000137 bp)...
[0000] Calling mem_process_seqs.., task: 9
[0000] 1. Calling kt_for - worker_bwt
[0000] 2. Calling kt_for - worker_aln
[0000] Inferring insert size distribution of PE reads from data, l_pac: 656111652, n: 2777288
[0000][PE] # candidate unique pairs for (FF, FR, RF, RR): (94, 1128846, 109, 65)
[0000][PE] analyzing insert size distribution for orientation FF...
[0000][PE] (25, 50, 75) percentile: (145, 203, 299)
[0000][PE] low and high boundaries for computing mean and std.dev: (1, 607)
[0000][PE] mean and std.dev: (196.24, 96.40)
[0000][PE] low and high boundaries for proper pairs: (1, 761)
[0000][PE] analyzing insert size distribution for orientation FR...
[0000][PE] (25, 50, 75) percentile: (242, 286, 325)
[0000][PE] low and high boundaries for computing mean and std.dev: (76, 491)
[0000][PE] mean and std.dev: (278.62, 64.35)
[0000][PE] low and high boundaries for proper pairs: (1, 574)
[0000][PE] analyzing insert size distribution for orientation RF...
[0000][PE] (25, 50, 75) percentile: (621, 2316, 6444)
[0000][PE] low and high boundaries for computing mean and std.dev: (1, 18090)
[0000][PE] mean and std.dev: (3564.21, 3154.59)
[0000][PE] low and high boundaries for proper pairs: (1, 23913)
[0000][PE] analyzing insert size distribution for orientation RR...
[0000][PE] (25, 50, 75) percentile: (154, 201, 265)
[0000][PE] low and high boundaries for computing mean and std.dev: (1, 487)
[0000][PE] mean and std.dev: (189.13, 64.51)
[0000][PE] low and high boundaries for proper pairs: (1, 598)
[0000][PE] skip orientation FF
[0000][PE] skip orientation RF
[0000][PE] skip orientation RR
[0000] 3. Calling kt_for - worker_sam
	[0000][ M::mem_process_seqs] Processed 2777288 reads in 434.673 CPU sec, 12.185 real sec
[0000] read_chunk: 400000000, work_chunk_size: 400000247, nseq: 2777488
	[0000][ M::kt_pipeline] read 2777488 sequences (400000247 bp)...
[0000] Calling mem_process_seqs.., task: 10
[0000] 1. Calling kt_for - worker_bwt
[0000] read_chunk: 400000000, work_chunk_size: 104092135, nseq: 723182
	[0000][ M::kt_pipeline] read 723182 sequences (104092135 bp)...
[0000] 2. Calling kt_for - worker_aln
[0000] Inferring insert size distribution of PE reads from data, l_pac: 656111652, n: 2777488
[0000][PE] # candidate unique pairs for (FF, FR, RF, RR): (83, 1131941, 114, 66)
[0000][PE] analyzing insert size distribution for orientation FF...
[0000][PE] (25, 50, 75) percentile: (157, 216, 780)
[0000][PE] low and high boundaries for computing mean and std.dev: (1, 2026)
[0000][PE] mean and std.dev: (284.54, 287.15)
[0000][PE] low and high boundaries for proper pairs: (1, 2649)
[0000][PE] analyzing insert size distribution for orientation FR...
[0000][PE] (25, 50, 75) percentile: (242, 286, 325)
[0000][PE] low and high boundaries for computing mean and std.dev: (76, 491)
[0000][PE] mean and std.dev: (278.72, 64.36)
[0000][PE] low and high boundaries for proper pairs: (1, 574)
[0000][PE] analyzing insert size distribution for orientation RF...
[0000][PE] (25, 50, 75) percentile: (533, 1804, 6008)
[0000][PE] low and high boundaries for computing mean and std.dev: (1, 16958)
[0000][PE] mean and std.dev: (3221.18, 3094.22)
[0000][PE] low and high boundaries for proper pairs: (1, 22433)
[0000][PE] analyzing insert size distribution for orientation RR...
[0000][PE] (25, 50, 75) percentile: (148, 193, 280)
[0000][PE] low and high boundaries for computing mean and std.dev: (1, 544)
[0000][PE] mean and std.dev: (182.13, 75.60)
[0000][PE] low and high boundaries for proper pairs: (1, 676)
[0000][PE] skip orientation FF
[0000][PE] skip orientation RF
[0000][PE] skip orientation RR
[0000] 3. Calling kt_for - worker_sam
	[0000][ M::mem_process_seqs] Processed 2777488 reads in 415.488 CPU sec, 11.606 real sec
[0000] Calling mem_process_seqs.., task: 11
[0000] 1. Calling kt_for - worker_bwt
[0000] 2. Calling kt_for - worker_aln
[0000] Inferring insert size distribution of PE reads from data, l_pac: 656111652, n: 723182
[0000][PE] # candidate unique pairs for (FF, FR, RF, RR): (17, 299424, 36, 18)
[0000][PE] analyzing insert size distribution for orientation FF...
[0000][PE] (25, 50, 75) percentile: (139, 222, 261)
[0000][PE] low and high boundaries for computing mean and std.dev: (1, 505)
[0000][PE] mean and std.dev: (174.29, 72.82)
[0000][PE] low and high boundaries for proper pairs: (1, 627)
[0000][PE] analyzing insert size distribution for orientation FR...
[0000][PE] (25, 50, 75) percentile: (242, 286, 325)
[0000][PE] low and high boundaries for computing mean and std.dev: (76, 491)
[0000][PE] mean and std.dev: (278.64, 64.46)
[0000][PE] low and high boundaries for proper pairs: (1, 574)
[0000][PE] analyzing insert size distribution for orientation RF...
[0000][PE] (25, 50, 75) percentile: (764, 2204, 6938)
[0000][PE] low and high boundaries for computing mean and std.dev: (1, 19286)
[0000][PE] mean and std.dev: (3702.72, 3156.71)
[0000][PE] low and high boundaries for proper pairs: (1, 25460)
[0000][PE] analyzing insert size distribution for orientation RR...
[0000][PE] (25, 50, 75) percentile: (161, 194, 239)
[0000][PE] low and high boundaries for computing mean and std.dev: (5, 395)
[0000][PE] mean and std.dev: (172.73, 72.23)
[0000][PE] low and high boundaries for proper pairs: (1, 473)
[0000][PE] skip orientation FF
[0000][PE] skip orientation RF
[0000][PE] skip orientation RR
[0000] 3. Calling kt_for - worker_sam
	[0000][ M::mem_process_seqs] Processed 723182 reads in 99.581 CPU sec, 2.903 real sec
[0000] read_chunk: 400000000, work_chunk_size: 0, nseq: 0
[0000] read_chunk: 400000000, work_chunk_size: 0, nseq: 0
[0000] Computation ends..
No. of OMP threads: 40
Processor is running @2394.716120 MHz
Runtime profile:

	Time taken for main_mem function: 219.73 sec

	IO times (sec) :
	Reading IO time (reads) avg: 110.19, (110.19, 110.19)
	Writing IO time (SAM) avg: 52.89, (52.89, 52.89)
	Reading IO time (Reference Genome) avg: 0.50, (0.50, 0.50)
	Index read time avg: 0.12, (0.12, 0.12)

	Overall time (sec) (Excluding Index reading time):
	PROCESS() (Total compute time + (read + SAM) IO time) : 219.11
	MEM_PROCESS_SEQ() (Total compute time (Kernel + SAM)), avg: 138.66, (138.66, 138.66)

	 SAM Processing time (sec):
	--WORKER_SAM avg: 56.60, (56.60, 56.60)

	Kernels' compute time (sec):
	Total kernel (smem+sal+bsw) time avg: 78.60, (78.60, 78.60)
		MEM_ALN_CHAIN_FLT avg: 0.00, (0.00, 0.00)
		MEM_ALN_CHAIN_SEED avg: 0.00, (0.00, 0.00)
		ERT_SEED_CHAIN avg: 0.00, (0.00, 0.00)
	LEARNED_SEED_CHAIN avg: 30.82, (31.04, 30.70)
		SMEM compute avg: 0.00, (0.00, 0.00)
		SAL compute avg: 0.00, (0.00, 0.00)
				MEM_SA avg: 0.00, (0.00, 0.00)

		BSW time, avg: 44.01, (44.49, 43.73)

Important parameter settings: 
	BATCH_SIZE: 512
	MAX_SEQ_LEN_REF: 256
	MAX_SEQ_LEN_QER: 128
	MAX_SEQ_LEN8: 128
	SEEDS_PER_READ: 500
	SIMD_WIDTH8 X: 64
	SIMD_WIDTH16 X: 32
	AVG_SEEDS_PER_READ: 64
