Looking to launch executable "/opt/conda/bin/bwa-meme_mode3.avx512bw", simd = _mode3.avx512bw
Launching executable "/opt/conda/bin/bwa-meme_mode3.avx512bw"
-----------------------------
Executing in AVX512 mode!!
-----------------------------
* SA compression enabled with xfactor: 8
* Ref file: reference.902362185.genome.fasta
* Entering FMI_search
Reading other elements of the index from files reference.902362185.genome.fasta
* Index prefix: reference.902362185.genome.fasta
* Read 0 ALT contigs
* Reading reference genome..
* Binary seq file = reference.902362185.genome.fasta.0123
* Reference genome size: 1312223304 bp
* Done reading reference genome !!

------------------------------------------
1. Memory pre-allocation for Chaining: 5679.4903 MB
2. Memory pre-allocation for BSW: 9584.6810 MB
[M::memoryAllocLearned::MEME] Reading Learned-index models into memory
[Learned-Config] MODE:3 SEARCH_METHOD: 1 MEM_TRADEOFF:1 EXPONENTIAL_SMEMSEARCH: 1 DEBUG_MODE:0 Num 2nd Models:268435456 PWL Bits Used:28
[M::memoryAllocLearned::MEME] Loading RMI model and Pac reference file took 9.749 sec
[M::memoryAllocLearned::MEME] Reading suffix array into memory
[M::memoryAllocLearned::MEME] Loading pos_packed file took 14.253 sec
[M::memoryAllocLearned::MEME] Generating SA, 64-bit Suffix and ISA in memory
[M::memoryAllocLearned::MEME] Runtime-build-index took 13.383 sec
3. Memory pre-allocation for BWT: 7204.5072 MB
------------------------------------------
* Threads used (compute): 40
* No. of pipeline threads: 2

[0000] read_chunk: 400000000, work_chunk_size: 400000134, nseq: 2819774
	[0000][ M::kt_pipeline] read 2819774 sequences (400000134 bp)...
[0000] Reallocating initial memory allocations!!
[0000] Calling mem_process_seqs.., task: 0
[0000] 1. Calling kt_for - worker_bwt
[0000] 2. Calling kt_for - worker_aln
[0000] read_chunk: 400000000, work_chunk_size: 400000218, nseq: 2824090
	[0000][ M::kt_pipeline] read 2824090 sequences (400000218 bp)...
[0000] Inferring insert size distribution of PE reads from data, l_pac: 656111652, n: 2819774
[0000][PE] # candidate unique pairs for (FF, FR, RF, RR): (187, 1117292, 103, 178)
[0000][PE] analyzing insert size distribution for orientation FF...
[0000][PE] (25, 50, 75) percentile: (132, 195, 315)
[0000][PE] low and high boundaries for computing mean and std.dev: (1, 681)
[0000][PE] mean and std.dev: (188.29, 92.05)
[0000][PE] low and high boundaries for proper pairs: (1, 864)
[0000][PE] analyzing insert size distribution for orientation FR...
[0000][PE] (25, 50, 75) percentile: (229, 277, 319)
[0000][PE] low and high boundaries for computing mean and std.dev: (49, 499)
[0000][PE] mean and std.dev: (264.13, 76.32)
[0000][PE] low and high boundaries for proper pairs: (1, 589)
[0000][PE] analyzing insert size distribution for orientation RF...
[0000][PE] (25, 50, 75) percentile: (631, 2358, 5906)
[0000][PE] low and high boundaries for computing mean and std.dev: (1, 16456)
[0000][PE] mean and std.dev: (3314.31, 2906.33)
[0000][PE] low and high boundaries for proper pairs: (1, 21731)
[0000][PE] analyzing insert size distribution for orientation RR...
[0000][PE] (25, 50, 75) percentile: (140, 194, 416)
[0000][PE] low and high boundaries for computing mean and std.dev: (1, 968)
[0000][PE] mean and std.dev: (220.34, 149.40)
[0000][PE] low and high boundaries for proper pairs: (1, 1244)
[0000][PE] skip orientation FF
[0000][PE] skip orientation RF
[0000][PE] skip orientation RR
[0000] 3. Calling kt_for - worker_sam
	[0000][ M::mem_process_seqs] Processed 2819774 reads in 487.163 CPU sec, 13.855 real sec
[0000] Reallocating initial memory allocations!!
[0000] read_chunk: 400000000, work_chunk_size: 400000055, nseq: 2819174
	[0000][ M::kt_pipeline] read 2819174 sequences (400000055 bp)...
[0000] Calling mem_process_seqs.., task: 1
[0000] 1. Calling kt_for - worker_bwt
[0000] 2. Calling kt_for - worker_aln
[0000] Inferring insert size distribution of PE reads from data, l_pac: 656111652, n: 2824090
[0000][PE] # candidate unique pairs for (FF, FR, RF, RR): (202, 1142977, 109, 159)
[0000][PE] analyzing insert size distribution for orientation FF...
[0000][PE] (25, 50, 75) percentile: (142, 187, 276)
[0000][PE] low and high boundaries for computing mean and std.dev: (1, 544)
[0000][PE] mean and std.dev: (177.08, 69.45)
[0000][PE] low and high boundaries for proper pairs: (1, 678)
[0000][PE] analyzing insert size distribution for orientation FR...
[0000][PE] (25, 50, 75) percentile: (229, 277, 319)
[0000][PE] low and high boundaries for computing mean and std.dev: (49, 499)
[0000][PE] mean and std.dev: (264.11, 76.44)
[0000][PE] low and high boundaries for proper pairs: (1, 589)
[0000][PE] analyzing insert size distribution for orientation RF...
[0000][PE] (25, 50, 75) percentile: (531, 2703, 6290)
[0000][PE] low and high boundaries for computing mean and std.dev: (1, 17808)
[0000][PE] mean and std.dev: (3549.74, 3259.83)
[0000][PE] low and high boundaries for proper pairs: (1, 23567)
[0000][PE] analyzing insert size distribution for orientation RR...
[0000][PE] (25, 50, 75) percentile: (149, 200, 301)
[0000][PE] low and high boundaries for computing mean and std.dev: (1, 605)
[0000][PE] mean and std.dev: (198.30, 101.93)
[0000][PE] low and high boundaries for proper pairs: (1, 757)
[0000][PE] skip orientation FF
[0000][PE] skip orientation RF
[0000][PE] skip orientation RR
[0000] 3. Calling kt_for - worker_sam
	[0000][ M::mem_process_seqs] Processed 2824090 reads in 417.465 CPU sec, 11.602 real sec
[0000] Calling mem_process_seqs.., task: 2
[0000] 1. Calling kt_for - worker_bwt
[0000] 2. Calling kt_for - worker_aln
[0000] Inferring insert size distribution of PE reads from data, l_pac: 656111652, n: 2819174
[0000][PE] # candidate unique pairs for (FF, FR, RF, RR): (179, 1114743, 103, 149)
[0000][PE] analyzing insert size distribution for orientation FF...
[0000][PE] (25, 50, 75) percentile: (132, 184, 319)
[0000][PE] low and high boundaries for computing mean and std.dev: (1, 693)
[0000][PE] mean and std.dev: (193.30, 111.53)
[0000][PE] low and high boundaries for proper pairs: (1, 880)
[0000][PE] analyzing insert size distribution for orientation FR...
[0000][PE] (25, 50, 75) percentile: (229, 277, 319)
[0000][PE] low and high boundaries for computing mean and std.dev: (49, 499)
[0000][PE] mean and std.dev: (264.13, 76.39)
[0000][PE] low and high boundaries for proper pairs: (1, 589)
[0000][PE] analyzing insert size distribution for orientation RF...
[0000][PE] (25, 50, 75) percentile: (627, 2029, 4957)
[0000][PE] low and high boundaries for computing mean and std.dev: (1, 13617)
[0000][PE] mean and std.dev: (2980.83, 2717.74)
[0000][PE] low and high boundaries for proper pairs: (1, 17947)
[0000][PE] analyzing insert size distribution for orientation RR...
[0000][PE] (25, 50, 75) percentile: (168, 222, 538)
[0000][PE] low and high boundaries for computing mean and std.dev: (1, 1278)
[0000][PE] mean and std.dev: (295.16, 265.46)
[0000][PE] low and high boundaries for proper pairs: (1, 1648)
[0000][PE] skip orientation FF
[0000][PE] skip orientation RF
[0000][PE] skip orientation RR
[0000] 3. Calling kt_for - worker_sam
	[0000][ M::mem_process_seqs] Processed 2819174 reads in 494.249 CPU sec, 13.485 real sec
[0000] read_chunk: 400000000, work_chunk_size: 400000012, nseq: 2820094
	[0000][ M::kt_pipeline] read 2820094 sequences (400000012 bp)...
[0000] Calling mem_process_seqs.., task: 3
[0000] 1. Calling kt_for - worker_bwt
[0000] 2. Calling kt_for - worker_aln
[0000] Inferring insert size distribution of PE reads from data, l_pac: 656111652, n: 2820094
[0000][PE] # candidate unique pairs for (FF, FR, RF, RR): (167, 1125026, 115, 155)
[0000][PE] analyzing insert size distribution for orientation FF...
[0000][PE] (25, 50, 75) percentile: (139, 201, 329)
[0000][PE] low and high boundaries for computing mean and std.dev: (1, 709)
[0000][PE] mean and std.dev: (192.09, 100.25)
[0000][PE] low and high boundaries for proper pairs: (1, 899)
[0000][PE] analyzing insert size distribution for orientation FR...
[0000][PE] (25, 50, 75) percentile: (229, 278, 319)
[0000][PE] low and high boundaries for computing mean and std.dev: (49, 499)
[0000][PE] mean and std.dev: (264.21, 76.45)
[0000][PE] low and high boundaries for proper pairs: (1, 589)
[0000][PE] analyzing insert size distribution for orientation RF...
[0000][PE] (25, 50, 75) percentile: (547, 1832, 6354)
[0000][PE] low and high boundaries for computing mean and std.dev: (1, 17968)
[0000][PE] mean and std.dev: (3344.36, 3294.73)
[0000][PE] low and high boundaries for proper pairs: (1, 23775)
[0000][PE] analyzing insert size distribution for orientation RR...
[0000][PE] (25, 50, 75) percentile: (159, 209, 412)
[0000][PE] low and high boundaries for computing mean and std.dev: (1, 918)
[0000][PE] mean and std.dev: (233.29, 148.24)
[0000][PE] low and high boundaries for proper pairs: (1, 1171)
[0000][PE] skip orientation FF
[0000][PE] skip orientation RF
[0000][PE] skip orientation RR
[0000] 3. Calling kt_for - worker_sam
[0000] read_chunk: 400000000, work_chunk_size: 400000044, nseq: 2821952
	[0000][ M::kt_pipeline] read 2821952 sequences (400000044 bp)...
	[0000][ M::mem_process_seqs] Processed 2820094 reads in 488.520 CPU sec, 13.536 real sec
[0000] Calling mem_process_seqs.., task: 4
[0000] 1. Calling kt_for - worker_bwt
[0000] 2. Calling kt_for - worker_aln
[0000] Inferring insert size distribution of PE reads from data, l_pac: 656111652, n: 2821952
[0000][PE] # candidate unique pairs for (FF, FR, RF, RR): (187, 1137388, 99, 173)
[0000][PE] analyzing insert size distribution for orientation FF...
[0000][PE] (25, 50, 75) percentile: (135, 189, 301)
[0000][PE] low and high boundaries for computing mean and std.dev: (1, 633)
[0000][PE] mean and std.dev: (198.64, 111.43)
[0000][PE] low and high boundaries for proper pairs: (1, 799)
[0000][PE] analyzing insert size distribution for orientation FR...
[0000][PE] (25, 50, 75) percentile: (229, 277, 319)
[0000][PE] low and high boundaries for computing mean and std.dev: (49, 499)
[0000][PE] mean and std.dev: (264.20, 76.37)
[0000][PE] low and high boundaries for proper pairs: (1, 589)
[0000][PE] analyzing insert size distribution for orientation RF...
[0000][PE] (25, 50, 75) percentile: (613, 2372, 6239)
[0000][PE] low and high boundaries for computing mean and std.dev: (1, 17491)
[0000][PE] mean and std.dev: (3647.07, 3281.06)
[0000][PE] low and high boundaries for proper pairs: (1, 23117)
[0000][PE] analyzing insert size distribution for orientation RR...
[0000][PE] (25, 50, 75) percentile: (136, 210, 472)
[0000][PE] low and high boundaries for computing mean and std.dev: (1, 1144)
[0000][PE] mean and std.dev: (246.15, 207.58)
[0000][PE] low and high boundaries for proper pairs: (1, 1480)
[0000][PE] skip orientation FF
[0000][PE] skip orientation RF
[0000][PE] skip orientation RR
[0000] 3. Calling kt_for - worker_sam
	[0000][ M::mem_process_seqs] Processed 2821952 reads in 457.193 CPU sec, 12.868 real sec
[0000] read_chunk: 400000000, work_chunk_size: 400000008, nseq: 2822332
	[0000][ M::kt_pipeline] read 2822332 sequences (400000008 bp)...
[0000] Calling mem_process_seqs.., task: 5
[0000] 1. Calling kt_for - worker_bwt
[0000] 2. Calling kt_for - worker_aln
[0000] Inferring insert size distribution of PE reads from data, l_pac: 656111652, n: 2822332
[0000][PE] # candidate unique pairs for (FF, FR, RF, RR): (186, 1134048, 101, 176)
[0000][PE] analyzing insert size distribution for orientation FF...
[0000][PE] (25, 50, 75) percentile: (147, 214, 295)
[0000][PE] low and high boundaries for computing mean and std.dev: (1, 591)
[0000][PE] mean and std.dev: (200.84, 104.18)
[0000][PE] low and high boundaries for proper pairs: (1, 739)
[0000][PE] analyzing insert size distribution for orientation FR...
[0000][PE] (25, 50, 75) percentile: (229, 277, 319)
[0000][PE] low and high boundaries for computing mean and std.dev: (49, 499)
[0000][PE] mean and std.dev: (264.12, 76.41)
[0000][PE] low and high boundaries for proper pairs: (1, 589)
[0000][PE] analyzing insert size distribution for orientation RF...
[0000][PE] (25, 50, 75) percentile: (592, 3166, 6548)
[0000][PE] low and high boundaries for computing mean and std.dev: (1, 18460)
[0000][PE] mean and std.dev: (3661.91, 3124.28)
[0000][PE] low and high boundaries for proper pairs: (1, 24416)
[0000][PE] analyzing insert size distribution for orientation RR...
[0000][PE] (25, 50, 75) percentile: (149, 195, 317)
[0000][PE] low and high boundaries for computing mean and std.dev: (1, 653)
[0000][PE] mean and std.dev: (187.60, 88.21)
[0000][PE] low and high boundaries for proper pairs: (1, 821)
[0000][PE] skip orientation FF
[0000][PE] skip orientation RF
[0000][PE] skip orientation RR
[0000] 3. Calling kt_for - worker_sam
[0000] read_chunk: 400000000, work_chunk_size: 400000002, nseq: 2820406
	[0000][ M::kt_pipeline] read 2820406 sequences (400000002 bp)...
	[0000][ M::mem_process_seqs] Processed 2822332 reads in 460.358 CPU sec, 13.508 real sec
[0000] Calling mem_process_seqs.., task: 6
[0000] 1. Calling kt_for - worker_bwt
[0000] 2. Calling kt_for - worker_aln
[0000] Inferring insert size distribution of PE reads from data, l_pac: 656111652, n: 2820406
[0000][PE] # candidate unique pairs for (FF, FR, RF, RR): (183, 1123368, 120, 168)
[0000][PE] analyzing insert size distribution for orientation FF...
[0000][PE] (25, 50, 75) percentile: (151, 207, 285)
[0000][PE] low and high boundaries for computing mean and std.dev: (1, 553)
[0000][PE] mean and std.dev: (195.29, 86.41)
[0000][PE] low and high boundaries for proper pairs: (1, 687)
[0000][PE] analyzing insert size distribution for orientation FR...
[0000][PE] (25, 50, 75) percentile: (229, 277, 319)
[0000][PE] low and high boundaries for computing mean and std.dev: (49, 499)
[0000][PE] mean and std.dev: (264.19, 76.31)
[0000][PE] low and high boundaries for proper pairs: (1, 589)
[0000][PE] analyzing insert size distribution for orientation RF...
[0000][PE] (25, 50, 75) percentile: (330, 1444, 4884)
[0000][PE] low and high boundaries for computing mean and std.dev: (1, 13992)
[0000][PE] mean and std.dev: (2872.00, 3012.28)
[0000][PE] low and high boundaries for proper pairs: (1, 18546)
[0000][PE] analyzing insert size distribution for orientation RR...
[0000][PE] (25, 50, 75) percentile: (141, 201, 274)
[0000][PE] low and high boundaries for computing mean and std.dev: (1, 540)
[0000][PE] mean and std.dev: (183.31, 78.50)
[0000][PE] low and high boundaries for proper pairs: (1, 673)
[0000][PE] skip orientation FF
[0000][PE] skip orientation RF
[0000][PE] skip orientation RR
[0000] 3. Calling kt_for - worker_sam
	[0000][ M::mem_process_seqs] Processed 2820406 reads in 481.149 CPU sec, 13.379 real sec
[0000] read_chunk: 400000000, work_chunk_size: 400000115, nseq: 2823148
	[0000][ M::kt_pipeline] read 2823148 sequences (400000115 bp)...
[0000] Calling mem_process_seqs.., task: 7
[0000] 1. Calling kt_for - worker_bwt
[0000] 2. Calling kt_for - worker_aln
[0000] Inferring insert size distribution of PE reads from data, l_pac: 656111652, n: 2823148
[0000][PE] # candidate unique pairs for (FF, FR, RF, RR): (215, 1148237, 114, 176)
[0000][PE] analyzing insert size distribution for orientation FF...
[0000][PE] (25, 50, 75) percentile: (136, 193, 308)
[0000][PE] low and high boundaries for computing mean and std.dev: (1, 652)
[0000][PE] mean and std.dev: (191.02, 106.40)
[0000][PE] low and high boundaries for proper pairs: (1, 824)
[0000][PE] analyzing insert size distribution for orientation FR...
[0000][PE] (25, 50, 75) percentile: (229, 277, 319)
[0000][PE] low and high boundaries for computing mean and std.dev: (49, 499)
[0000][PE] mean and std.dev: (264.15, 76.39)
[0000][PE] low and high boundaries for proper pairs: (1, 589)
[0000][PE] analyzing insert size distribution for orientation RF...
[0000][PE] (25, 50, 75) percentile: (602, 2835, 5922)
[0000][PE] low and high boundaries for computing mean and std.dev: (1, 16562)
[0000][PE] mean and std.dev: (3462.52, 3083.26)
[0000][PE] low and high boundaries for proper pairs: (1, 21882)
[0000][PE] analyzing insert size distribution for orientation RR...
[0000][PE] (25, 50, 75) percentile: (140, 203, 499)
[0000][PE] low and high boundaries for computing mean and std.dev: (1, 1217)
[0000][PE] mean and std.dev: (261.97, 227.79)
[0000][PE] low and high boundaries for proper pairs: (1, 1576)
[0000][PE] skip orientation FF
[0000][PE] skip orientation RF
[0000][PE] skip orientation RR
[0000] 3. Calling kt_for - worker_sam
	[0000][ M::mem_process_seqs] Processed 2823148 reads in 445.204 CPU sec, 13.263 real sec
[0000] read_chunk: 400000000, work_chunk_size: 264229393, nseq: 1864164
	[0000][ M::kt_pipeline] read 1864164 sequences (264229393 bp)...
[0000] Calling mem_process_seqs.., task: 8
[0000] 1. Calling kt_for - worker_bwt
[0000] 2. Calling kt_for - worker_aln
[0000] Inferring insert size distribution of PE reads from data, l_pac: 656111652, n: 1864164
[0000][PE] # candidate unique pairs for (FF, FR, RF, RR): (130, 754279, 64, 105)
[0000][PE] analyzing insert size distribution for orientation FF...
[0000][PE] (25, 50, 75) percentile: (139, 222, 586)
[0000][PE] low and high boundaries for computing mean and std.dev: (1, 1480)
[0000][PE] mean and std.dev: (283.54, 239.36)
[0000][PE] low and high boundaries for proper pairs: (1, 1927)
[0000][PE] analyzing insert size distribution for orientation FR...
[0000][PE] (25, 50, 75) percentile: (229, 277, 319)
[0000][PE] low and high boundaries for computing mean and std.dev: (49, 499)
[0000][PE] mean and std.dev: (264.17, 76.38)
[0000][PE] low and high boundaries for proper pairs: (1, 589)
[0000][PE] analyzing insert size distribution for orientation RF...
[0000][PE] (25, 50, 75) percentile: (612, 4223, 5917)
[0000][PE] low and high boundaries for computing mean and std.dev: (1, 16527)
[0000][PE] mean and std.dev: (3658.31, 3006.43)
[0000][PE] low and high boundaries for proper pairs: (1, 21832)
[0000][PE] analyzing insert size distribution for orientation RR...
[0000][PE] (25, 50, 75) percentile: (134, 198, 567)
[0000][PE] low and high boundaries for computing mean and std.dev: (1, 1433)
[0000][PE] mean and std.dev: (235.38, 194.36)
[0000][PE] low and high boundaries for proper pairs: (1, 1866)
[0000][PE] skip orientation FF
[0000][PE] skip orientation RF
[0000][PE] skip orientation RR
[0000] 3. Calling kt_for - worker_sam
[0000] read_chunk: 400000000, work_chunk_size: 0, nseq: 0
	[0000][ M::mem_process_seqs] Processed 1864164 reads in 298.847 CPU sec, 8.956 real sec
[0000] read_chunk: 400000000, work_chunk_size: 0, nseq: 0
[0000] Computation ends..
No. of OMP threads: 40
Processor is running @2394.731832 MHz
Runtime profile:

	Time taken for main_mem function: 199.44 sec

	IO times (sec) :
	Reading IO time (reads) avg: 84.32, (84.32, 84.32)
	Writing IO time (SAM) avg: 50.72, (50.72, 50.72)
	Reading IO time (Reference Genome) avg: 0.58, (0.58, 0.58)
	Index read time avg: 0.13, (0.13, 0.13)

	Overall time (sec) (Excluding Index reading time):
	PROCESS() (Total compute time + (read + SAM) IO time) : 198.73
	MEM_PROCESS_SEQ() (Total compute time (Kernel + SAM)), avg: 114.44, (114.44, 114.44)

	 SAM Processing time (sec):
	--WORKER_SAM avg: 47.19, (47.19, 47.19)

	Kernels' compute time (sec):
	Total kernel (smem+sal+bsw) time avg: 64.51, (64.51, 64.51)
		MEM_ALN_CHAIN_FLT avg: 0.00, (0.00, 0.00)
		MEM_ALN_CHAIN_SEED avg: 0.00, (0.00, 0.00)
		ERT_SEED_CHAIN avg: 0.00, (0.00, 0.00)
	LEARNED_SEED_CHAIN avg: 25.58, (25.71, 25.49)
		SMEM compute avg: 0.00, (0.00, 0.00)
		SAL compute avg: 0.00, (0.00, 0.00)
				MEM_SA avg: 0.00, (0.00, 0.00)

		BSW time, avg: 36.27, (36.52, 36.08)

Important parameter settings: 
	BATCH_SIZE: 512
	MAX_SEQ_LEN_REF: 256
	MAX_SEQ_LEN_QER: 128
	MAX_SEQ_LEN8: 128
	SEEDS_PER_READ: 500
	SIMD_WIDTH8 X: 64
	SIMD_WIDTH16 X: 32
	AVG_SEEDS_PER_READ: 64
