Looking to launch executable "/opt/conda/bin/bwa-meme_mode3.avx512bw", simd = _mode3.avx512bw
Launching executable "/opt/conda/bin/bwa-meme_mode3.avx512bw"
-----------------------------
Executing in AVX512 mode!!
-----------------------------
* SA compression enabled with xfactor: 8
* Ref file: reference.902362185.genome.fasta
* Entering FMI_search
Reading other elements of the index from files reference.902362185.genome.fasta
* Index prefix: reference.902362185.genome.fasta
* Read 0 ALT contigs
* Reading reference genome..
* Binary seq file = reference.902362185.genome.fasta.0123
* Reference genome size: 1312223304 bp
* Done reading reference genome !!

------------------------------------------
1. Memory pre-allocation for Chaining: 5679.4903 MB
2. Memory pre-allocation for BSW: 9584.6810 MB
[M::memoryAllocLearned::MEME] Reading Learned-index models into memory
[Learned-Config] MODE:3 SEARCH_METHOD: 1 MEM_TRADEOFF:1 EXPONENTIAL_SMEMSEARCH: 1 DEBUG_MODE:0 Num 2nd Models:268435456 PWL Bits Used:28
[M::memoryAllocLearned::MEME] Loading RMI model and Pac reference file took 9.495 sec
[M::memoryAllocLearned::MEME] Reading suffix array into memory
[M::memoryAllocLearned::MEME] Loading pos_packed file took 13.839 sec
[M::memoryAllocLearned::MEME] Generating SA, 64-bit Suffix and ISA in memory
[M::memoryAllocLearned::MEME] Runtime-build-index took 13.431 sec
3. Memory pre-allocation for BWT: 7204.5072 MB
------------------------------------------
* Threads used (compute): 40
* No. of pipeline threads: 2

[0000] read_chunk: 400000000, work_chunk_size: 400000084, nseq: 2754846
	[0000][ M::kt_pipeline] read 2754846 sequences (400000084 bp)...
[0000] Reallocating initial memory allocations!!
[0000] Calling mem_process_seqs.., task: 0
[0000] 1. Calling kt_for - worker_bwt
[0000] 2. Calling kt_for - worker_aln
[0000] read_chunk: 400000000, work_chunk_size: 400000100, nseq: 2755536
	[0000][ M::kt_pipeline] read 2755536 sequences (400000100 bp)...
[0000] Inferring insert size distribution of PE reads from data, l_pac: 656111652, n: 2754846
[0000][PE] # candidate unique pairs for (FF, FR, RF, RR): (89, 1107063, 128, 85)
[0000][PE] analyzing insert size distribution for orientation FF...
[0000][PE] (25, 50, 75) percentile: (146, 210, 1200)
[0000][PE] low and high boundaries for computing mean and std.dev: (1, 3308)
[0000][PE] mean and std.dev: (439.26, 678.69)
[0000][PE] low and high boundaries for proper pairs: (1, 4362)
[0000][PE] analyzing insert size distribution for orientation FR...
[0000][PE] (25, 50, 75) percentile: (247, 289, 326)
[0000][PE] low and high boundaries for computing mean and std.dev: (89, 484)
[0000][PE] mean and std.dev: (283.80, 58.95)
[0000][PE] low and high boundaries for proper pairs: (10, 563)
[0000][PE] analyzing insert size distribution for orientation RF...
[0000][PE] (25, 50, 75) percentile: (439, 2793, 5626)
[0000][PE] low and high boundaries for computing mean and std.dev: (1, 16000)
[0000][PE] mean and std.dev: (3391.50, 3024.39)
[0000][PE] low and high boundaries for proper pairs: (1, 21187)
[0000][PE] analyzing insert size distribution for orientation RR...
[0000][PE] (25, 50, 75) percentile: (177, 221, 472)
[0000][PE] low and high boundaries for computing mean and std.dev: (1, 1062)
[0000][PE] mean and std.dev: (216.65, 114.92)
[0000][PE] low and high boundaries for proper pairs: (1, 1357)
[0000][PE] skip orientation FF
[0000][PE] skip orientation RF
[0000][PE] skip orientation RR
[0000] 3. Calling kt_for - worker_sam
	[0000][ M::mem_process_seqs] Processed 2754846 reads in 453.231 CPU sec, 12.547 real sec
[0000] Reallocating initial memory allocations!!
[0000] Calling mem_process_seqs.., task: 1
[0000] 1. Calling kt_for - worker_bwt
[0000] 2. Calling kt_for - worker_aln
[0000] Inferring insert size distribution of PE reads from data, l_pac: 656111652, n: 2755536
[0000][PE] # candidate unique pairs for (FF, FR, RF, RR): (101, 1123684, 134, 82)
[0000][PE] analyzing insert size distribution for orientation FF...
[0000][PE] (25, 50, 75) percentile: (140, 186, 247)
[0000][PE] low and high boundaries for computing mean and std.dev: (1, 461)
[0000][PE] mean and std.dev: (169.62, 63.23)
[0000][PE] low and high boundaries for proper pairs: (1, 568)
[0000][PE] analyzing insert size distribution for orientation FR...
[0000][PE] (25, 50, 75) percentile: (247, 289, 326)
[0000][PE] low and high boundaries for computing mean and std.dev: (89, 484)
[0000][PE] mean and std.dev: (283.65, 58.85)
[0000][PE] low and high boundaries for proper pairs: (10, 563)
[0000][PE] analyzing insert size distribution for orientation RF...
[0000][PE] (25, 50, 75) percentile: (589, 3537, 5879)
[0000][PE] low and high boundaries for computing mean and std.dev: (1, 16459)
[0000][PE] mean and std.dev: (3805.78, 3132.47)
[0000][PE] low and high boundaries for proper pairs: (1, 21749)
[0000][PE] analyzing insert size distribution for orientation RR...
[0000][PE] (25, 50, 75) percentile: (155, 216, 346)
[0000][PE] low and high boundaries for computing mean and std.dev: (1, 728)
[0000][PE] mean and std.dev: (213.61, 113.39)
[0000][PE] low and high boundaries for proper pairs: (1, 919)
[0000][PE] skip orientation FF
[0000][PE] skip orientation RF
[0000][PE] skip orientation RR
[0000] 3. Calling kt_for - worker_sam
[0000] read_chunk: 400000000, work_chunk_size: 400000089, nseq: 2753984
	[0000][ M::kt_pipeline] read 2753984 sequences (400000089 bp)...
	[0000][ M::mem_process_seqs] Processed 2755536 reads in 400.208 CPU sec, 10.635 real sec
[0000] Calling mem_process_seqs.., task: 2
[0000] 1. Calling kt_for - worker_bwt
[0000] 2. Calling kt_for - worker_aln
[0000] Inferring insert size distribution of PE reads from data, l_pac: 656111652, n: 2753984
[0000][PE] # candidate unique pairs for (FF, FR, RF, RR): (87, 1103798, 119, 84)
[0000][PE] analyzing insert size distribution for orientation FF...
[0000][PE] (25, 50, 75) percentile: (151, 205, 276)
[0000][PE] low and high boundaries for computing mean and std.dev: (1, 526)
[0000][PE] mean and std.dev: (196.50, 78.29)
[0000][PE] low and high boundaries for proper pairs: (1, 651)
[0000][PE] analyzing insert size distribution for orientation FR...
[0000][PE] (25, 50, 75) percentile: (247, 289, 326)
[0000][PE] low and high boundaries for computing mean and std.dev: (89, 484)
[0000][PE] mean and std.dev: (283.73, 58.89)
[0000][PE] low and high boundaries for proper pairs: (10, 563)
[0000][PE] analyzing insert size distribution for orientation RF...
[0000][PE] (25, 50, 75) percentile: (730, 2002, 5532)
[0000][PE] low and high boundaries for computing mean and std.dev: (1, 15136)
[0000][PE] mean and std.dev: (3350.48, 2983.63)
[0000][PE] low and high boundaries for proper pairs: (1, 19938)
[0000][PE] analyzing insert size distribution for orientation RR...
[0000][PE] (25, 50, 75) percentile: (158, 199, 255)
[0000][PE] low and high boundaries for computing mean and std.dev: (1, 449)
[0000][PE] mean and std.dev: (182.72, 58.42)
[0000][PE] low and high boundaries for proper pairs: (1, 546)
[0000][PE] skip orientation FF
[0000][PE] skip orientation RF
[0000][PE] skip orientation RR
[0000] 3. Calling kt_for - worker_sam
	[0000][ M::mem_process_seqs] Processed 2753984 reads in 462.207 CPU sec, 12.743 real sec
[0000] read_chunk: 400000000, work_chunk_size: 400000035, nseq: 2755264
	[0000][ M::kt_pipeline] read 2755264 sequences (400000035 bp)...
[0000] Calling mem_process_seqs.., task: 3
[0000] 1. Calling kt_for - worker_bwt
[0000] 2. Calling kt_for - worker_aln
[0000] Inferring insert size distribution of PE reads from data, l_pac: 656111652, n: 2755264
[0000][PE] # candidate unique pairs for (FF, FR, RF, RR): (104, 1119743, 134, 86)
[0000][PE] analyzing insert size distribution for orientation FF...
[0000][PE] (25, 50, 75) percentile: (141, 211, 321)
[0000][PE] low and high boundaries for computing mean and std.dev: (1, 681)
[0000][PE] mean and std.dev: (201.08, 107.29)
[0000][PE] low and high boundaries for proper pairs: (1, 861)
[0000][PE] analyzing insert size distribution for orientation FR...
[0000][PE] (25, 50, 75) percentile: (247, 289, 326)
[0000][PE] low and high boundaries for computing mean and std.dev: (89, 484)
[0000][PE] mean and std.dev: (283.61, 58.94)
[0000][PE] low and high boundaries for proper pairs: (10, 563)
[0000][PE] analyzing insert size distribution for orientation RF...
[0000][PE] (25, 50, 75) percentile: (348, 2022, 5276)
[0000][PE] low and high boundaries for computing mean and std.dev: (1, 15132)
[0000][PE] mean and std.dev: (3020.72, 2974.88)
[0000][PE] low and high boundaries for proper pairs: (1, 20060)
[0000][PE] analyzing insert size distribution for orientation RR...
[0000][PE] (25, 50, 75) percentile: (145, 203, 406)
[0000][PE] low and high boundaries for computing mean and std.dev: (1, 928)
[0000][PE] mean and std.dev: (214.70, 128.78)
[0000][PE] low and high boundaries for proper pairs: (1, 1189)
[0000][PE] skip orientation FF
[0000][PE] skip orientation RF
[0000][PE] skip orientation RR
[0000] 3. Calling kt_for - worker_sam
[0000] read_chunk: 400000000, work_chunk_size: 400000186, nseq: 2755046
	[0000][ M::kt_pipeline] read 2755046 sequences (400000186 bp)...
	[0000][ M::mem_process_seqs] Processed 2755264 reads in 439.757 CPU sec, 13.523 real sec
[0000] Calling mem_process_seqs.., task: 4
[0000] 1. Calling kt_for - worker_bwt
[0000] 2. Calling kt_for - worker_aln
[0000] Inferring insert size distribution of PE reads from data, l_pac: 656111652, n: 2755046
[0000][PE] # candidate unique pairs for (FF, FR, RF, RR): (81, 1118203, 108, 99)
[0000][PE] analyzing insert size distribution for orientation FF...
[0000][PE] (25, 50, 75) percentile: (145, 202, 251)
[0000][PE] low and high boundaries for computing mean and std.dev: (1, 463)
[0000][PE] mean and std.dev: (181.15, 56.25)
[0000][PE] low and high boundaries for proper pairs: (1, 569)
[0000][PE] analyzing insert size distribution for orientation FR...
[0000][PE] (25, 50, 75) percentile: (247, 289, 326)
[0000][PE] low and high boundaries for computing mean and std.dev: (89, 484)
[0000][PE] mean and std.dev: (283.78, 58.79)
[0000][PE] low and high boundaries for proper pairs: (10, 563)
[0000][PE] analyzing insert size distribution for orientation RF...
[0000][PE] (25, 50, 75) percentile: (890, 3524, 6639)
[0000][PE] low and high boundaries for computing mean and std.dev: (1, 18137)
[0000][PE] mean and std.dev: (3909.99, 3142.15)
[0000][PE] low and high boundaries for proper pairs: (1, 23886)
[0000][PE] analyzing insert size distribution for orientation RR...
[0000][PE] (25, 50, 75) percentile: (152, 222, 932)
[0000][PE] low and high boundaries for computing mean and std.dev: (1, 2492)
[0000][PE] mean and std.dev: (333.88, 392.21)
[0000][PE] low and high boundaries for proper pairs: (1, 3272)
[0000][PE] skip orientation FF
[0000][PE] skip orientation RF
[0000][PE] skip orientation RR
[0000] 3. Calling kt_for - worker_sam
	[0000][ M::mem_process_seqs] Processed 2755046 reads in 425.175 CPU sec, 11.691 real sec
[0000] read_chunk: 400000000, work_chunk_size: 400000219, nseq: 2755780
	[0000][ M::kt_pipeline] read 2755780 sequences (400000219 bp)...
[0000] Reallocating initial memory allocations!!
[0000] read_chunk: 400000000, work_chunk_size: 400000012, nseq: 2755136
	[0000][ M::kt_pipeline] read 2755136 sequences (400000012 bp)...
[0000] Calling mem_process_seqs.., task: 5
[0000] 1. Calling kt_for - worker_bwt
[0000] 2. Calling kt_for - worker_aln
[0000] Inferring insert size distribution of PE reads from data, l_pac: 656111652, n: 2755780
[0000][PE] # candidate unique pairs for (FF, FR, RF, RR): (102, 1121421, 163, 90)
[0000][PE] analyzing insert size distribution for orientation FF...
[0000][PE] (25, 50, 75) percentile: (147, 207, 307)
[0000][PE] low and high boundaries for computing mean and std.dev: (1, 627)
[0000][PE] mean and std.dev: (204.00, 102.47)
[0000][PE] low and high boundaries for proper pairs: (1, 787)
[0000][PE] analyzing insert size distribution for orientation FR...
[0000][PE] (25, 50, 75) percentile: (247, 289, 326)
[0000][PE] low and high boundaries for computing mean and std.dev: (89, 484)
[0000][PE] mean and std.dev: (283.73, 58.88)
[0000][PE] low and high boundaries for proper pairs: (10, 563)
[0000][PE] analyzing insert size distribution for orientation RF...
[0000][PE] (25, 50, 75) percentile: (300, 1430, 5068)
[0000][PE] low and high boundaries for computing mean and std.dev: (1, 14604)
[0000][PE] mean and std.dev: (2963.60, 3094.41)
[0000][PE] low and high boundaries for proper pairs: (1, 19372)
[0000][PE] analyzing insert size distribution for orientation RR...
[0000][PE] (25, 50, 75) percentile: (155, 193, 286)
[0000][PE] low and high boundaries for computing mean and std.dev: (1, 548)
[0000][PE] mean and std.dev: (199.99, 84.49)
[0000][PE] low and high boundaries for proper pairs: (1, 679)
[0000][PE] skip orientation FF
[0000][PE] skip orientation RF
[0000][PE] skip orientation RR
[0000] 3. Calling kt_for - worker_sam
	[0000][ M::mem_process_seqs] Processed 2755780 reads in 421.347 CPU sec, 13.561 real sec
[0000] Calling mem_process_seqs.., task: 6
[0000] 1. Calling kt_for - worker_bwt
[0000] 2. Calling kt_for - worker_aln
[0000] Inferring insert size distribution of PE reads from data, l_pac: 656111652, n: 2755136
[0000][PE] # candidate unique pairs for (FF, FR, RF, RR): (90, 1124228, 158, 81)
[0000][PE] analyzing insert size distribution for orientation FF...
[0000][PE] (25, 50, 75) percentile: (156, 212, 274)
[0000][PE] low and high boundaries for computing mean and std.dev: (1, 510)
[0000][PE] mean and std.dev: (199.25, 82.49)
[0000][PE] low and high boundaries for proper pairs: (1, 628)
[0000][PE] analyzing insert size distribution for orientation FR...
[0000][PE] (25, 50, 75) percentile: (247, 289, 326)
[0000][PE] low and high boundaries for computing mean and std.dev: (89, 484)
[0000][PE] mean and std.dev: (283.81, 58.89)
[0000][PE] low and high boundaries for proper pairs: (10, 563)
[0000][PE] analyzing insert size distribution for orientation RF...
[0000][PE] (25, 50, 75) percentile: (708, 3239, 6821)
[0000][PE] low and high boundaries for computing mean and std.dev: (1, 19047)
[0000][PE] mean and std.dev: (3962.99, 3371.32)
[0000][PE] low and high boundaries for proper pairs: (1, 25160)
[0000][PE] analyzing insert size distribution for orientation RR...
[0000][PE] (25, 50, 75) percentile: (150, 197, 376)
[0000][PE] low and high boundaries for computing mean and std.dev: (1, 828)
[0000][PE] mean and std.dev: (182.62, 73.11)
[0000][PE] low and high boundaries for proper pairs: (1, 1054)
[0000][PE] skip orientation FF
[0000][PE] skip orientation RF
[0000][PE] skip orientation RR
[0000] 3. Calling kt_for - worker_sam
	[0000][ M::mem_process_seqs] Processed 2755136 reads in 415.328 CPU sec, 11.819 real sec
[0000] read_chunk: 400000000, work_chunk_size: 400000136, nseq: 2755672
	[0000][ M::kt_pipeline] read 2755672 sequences (400000136 bp)...
[0000] Calling mem_process_seqs.., task: 7
[0000] 1. Calling kt_for - worker_bwt
[0000] 2. Calling kt_for - worker_aln
[0000] Inferring insert size distribution of PE reads from data, l_pac: 656111652, n: 2755672
[0000][PE] # candidate unique pairs for (FF, FR, RF, RR): (77, 1122085, 149, 96)
[0000][PE] analyzing insert size distribution for orientation FF...
[0000][PE] (25, 50, 75) percentile: (171, 210, 305)
[0000][PE] low and high boundaries for computing mean and std.dev: (1, 573)
[0000][PE] mean and std.dev: (212.71, 92.87)
[0000][PE] low and high boundaries for proper pairs: (1, 707)
[0000][PE] analyzing insert size distribution for orientation FR...
[0000][PE] (25, 50, 75) percentile: (247, 289, 326)
[0000][PE] low and high boundaries for computing mean and std.dev: (89, 484)
[0000][PE] mean and std.dev: (283.76, 58.91)
[0000][PE] low and high boundaries for proper pairs: (10, 563)
[0000][PE] analyzing insert size distribution for orientation RF...
[0000][PE] (25, 50, 75) percentile: (956, 4167, 7227)
[0000][PE] low and high boundaries for computing mean and std.dev: (1, 19769)
[0000][PE] mean and std.dev: (4363.02, 3327.43)
[0000][PE] low and high boundaries for proper pairs: (1, 26040)
[0000][PE] analyzing insert size distribution for orientation RR...
[0000][PE] (25, 50, 75) percentile: (158, 216, 396)
[0000][PE] low and high boundaries for computing mean and std.dev: (1, 872)
[0000][PE] mean and std.dev: (231.94, 147.53)
[0000][PE] low and high boundaries for proper pairs: (1, 1110)
[0000][PE] skip orientation FF
[0000][PE] skip orientation RF
[0000][PE] skip orientation RR
[0000] 3. Calling kt_for - worker_sam
	[0000][ M::mem_process_seqs] Processed 2755672 reads in 426.006 CPU sec, 12.063 real sec
[0000] read_chunk: 400000000, work_chunk_size: 352688038, nseq: 2429014
	[0000][ M::kt_pipeline] read 2429014 sequences (352688038 bp)...
[0000] Calling mem_process_seqs.., task: 8
[0000] 1. Calling kt_for - worker_bwt
[0000] 2. Calling kt_for - worker_aln
[0000] read_chunk: 400000000, work_chunk_size: 0, nseq: 0
[0000] Inferring insert size distribution of PE reads from data, l_pac: 656111652, n: 2429014
[0000][PE] # candidate unique pairs for (FF, FR, RF, RR): (67, 993467, 144, 85)
[0000][PE] analyzing insert size distribution for orientation FF...
[0000][PE] (25, 50, 75) percentile: (155, 207, 253)
[0000][PE] low and high boundaries for computing mean and std.dev: (1, 449)
[0000][PE] mean and std.dev: (187.91, 69.72)
[0000][PE] low and high boundaries for proper pairs: (1, 547)
[0000][PE] analyzing insert size distribution for orientation FR...
[0000][PE] (25, 50, 75) percentile: (247, 289, 326)
[0000][PE] low and high boundaries for computing mean and std.dev: (89, 484)
[0000][PE] mean and std.dev: (283.79, 58.93)
[0000][PE] low and high boundaries for proper pairs: (10, 563)
[0000][PE] analyzing insert size distribution for orientation RF...
[0000][PE] (25, 50, 75) percentile: (497, 1637, 5191)
[0000][PE] low and high boundaries for computing mean and std.dev: (1, 14579)
[0000][PE] mean and std.dev: (2927.99, 2898.77)
[0000][PE] low and high boundaries for proper pairs: (1, 19273)
[0000][PE] analyzing insert size distribution for orientation RR...
[0000][PE] (25, 50, 75) percentile: (145, 202, 790)
[0000][PE] low and high boundaries for computing mean and std.dev: (1, 2080)
[0000][PE] mean and std.dev: (298.56, 367.58)
[0000][PE] low and high boundaries for proper pairs: (1, 2725)
[0000][PE] skip orientation FF
[0000][PE] skip orientation RF
[0000][PE] skip orientation RR
[0000] 3. Calling kt_for - worker_sam
	[0000][ M::mem_process_seqs] Processed 2429014 reads in 358.221 CPU sec, 10.222 real sec
[0000] read_chunk: 400000000, work_chunk_size: 0, nseq: 0
[0000] Computation ends..
No. of OMP threads: 40
Processor is running @2394.716974 MHz
Runtime profile:

	Time taken for main_mem function: 258.31 sec

	IO times (sec) :
	Reading IO time (reads) avg: 81.98, (81.98, 81.98)
	Writing IO time (SAM) avg: 50.72, (50.72, 50.72)
	Reading IO time (Reference Genome) avg: 0.50, (0.50, 0.50)
	Index read time avg: 0.12, (0.12, 0.12)

	Overall time (sec) (Excluding Index reading time):
	PROCESS() (Total compute time + (read + SAM) IO time) : 257.68
	MEM_PROCESS_SEQ() (Total compute time (Kernel + SAM)), avg: 108.79, (108.79, 108.79)

	 SAM Processing time (sec):
	--WORKER_SAM avg: 43.50, (43.50, 43.50)

	Kernels' compute time (sec):
	Total kernel (smem+sal+bsw) time avg: 62.49, (62.49, 62.49)
		MEM_ALN_CHAIN_FLT avg: 0.00, (0.00, 0.00)
		MEM_ALN_CHAIN_SEED avg: 0.00, (0.00, 0.00)
		ERT_SEED_CHAIN avg: 0.00, (0.00, 0.00)
	LEARNED_SEED_CHAIN avg: 25.94, (26.09, 25.82)
		SMEM compute avg: 0.00, (0.00, 0.00)
		SAL compute avg: 0.00, (0.00, 0.00)
				MEM_SA avg: 0.00, (0.00, 0.00)

		BSW time, avg: 33.75, (34.11, 33.49)

Important parameter settings: 
	BATCH_SIZE: 512
	MAX_SEQ_LEN_REF: 256
	MAX_SEQ_LEN_QER: 128
	MAX_SEQ_LEN8: 128
	SEEDS_PER_READ: 500
	SIMD_WIDTH8 X: 64
	SIMD_WIDTH16 X: 32
	AVG_SEEDS_PER_READ: 64
