Looking to launch executable "/opt/conda/bin/bwa-meme_mode3.avx512bw", simd = _mode3.avx512bw
Launching executable "/opt/conda/bin/bwa-meme_mode3.avx512bw"
-----------------------------
Executing in AVX512 mode!!
-----------------------------
* SA compression enabled with xfactor: 8
* Ref file: reference.902362185.genome.fasta
* Entering FMI_search
Reading other elements of the index from files reference.902362185.genome.fasta
* Index prefix: reference.902362185.genome.fasta
* Read 0 ALT contigs
* Reading reference genome..
* Binary seq file = reference.902362185.genome.fasta.0123
* Reference genome size: 1312223304 bp
* Done reading reference genome !!

------------------------------------------
1. Memory pre-allocation for Chaining: 5679.4903 MB
2. Memory pre-allocation for BSW: 9584.6810 MB
[M::memoryAllocLearned::MEME] Reading Learned-index models into memory
[Learned-Config] MODE:3 SEARCH_METHOD: 1 MEM_TRADEOFF:1 EXPONENTIAL_SMEMSEARCH: 1 DEBUG_MODE:0 Num 2nd Models:268435456 PWL Bits Used:28
[M::memoryAllocLearned::MEME] Loading RMI model and Pac reference file took 9.538 sec
[M::memoryAllocLearned::MEME] Reading suffix array into memory
[M::memoryAllocLearned::MEME] Loading pos_packed file took 13.968 sec
[M::memoryAllocLearned::MEME] Generating SA, 64-bit Suffix and ISA in memory
[M::memoryAllocLearned::MEME] Runtime-build-index took 13.374 sec
3. Memory pre-allocation for BWT: 7204.5072 MB
------------------------------------------
* Threads used (compute): 40
* No. of pipeline threads: 2

[0000] read_chunk: 400000000, work_chunk_size: 400000114, nseq: 2871188
	[0000][ M::kt_pipeline] read 2871188 sequences (400000114 bp)...
[0000] Reallocating initial memory allocations!!
[0000] Calling mem_process_seqs.., task: 0
[0000] 1. Calling kt_for - worker_bwt
[0000] read_chunk: 400000000, work_chunk_size: 400000033, nseq: 2869948
	[0000][ M::kt_pipeline] read 2869948 sequences (400000033 bp)...
[0000] 2. Calling kt_for - worker_aln
[0000] Inferring insert size distribution of PE reads from data, l_pac: 656111652, n: 2871188
[0000][PE] # candidate unique pairs for (FF, FR, RF, RR): (54, 1078222, 91, 43)
[0000][PE] analyzing insert size distribution for orientation FF...
[0000][PE] (25, 50, 75) percentile: (128, 224, 919)
[0000][PE] low and high boundaries for computing mean and std.dev: (1, 2501)
[0000][PE] mean and std.dev: (461.25, 650.06)
[0000][PE] low and high boundaries for proper pairs: (1, 3292)
[0000][PE] analyzing insert size distribution for orientation FR...
[0000][PE] (25, 50, 75) percentile: (201, 265, 311)
[0000][PE] low and high boundaries for computing mean and std.dev: (1, 531)
[0000][PE] mean and std.dev: (246.22, 87.00)
[0000][PE] low and high boundaries for proper pairs: (1, 641)
[0000][PE] analyzing insert size distribution for orientation RF...
[0000][PE] (25, 50, 75) percentile: (235, 2444, 5684)
[0000][PE] low and high boundaries for computing mean and std.dev: (1, 16582)
[0000][PE] mean and std.dev: (3223.99, 3053.23)
[0000][PE] low and high boundaries for proper pairs: (1, 22031)
[0000][PE] analyzing insert size distribution for orientation RR...
[0000][PE] (25, 50, 75) percentile: (172, 215, 792)
[0000][PE] low and high boundaries for computing mean and std.dev: (1, 2032)
[0000][PE] mean and std.dev: (267.89, 214.26)
[0000][PE] low and high boundaries for proper pairs: (1, 2652)
[0000][PE] skip orientation FF
[0000][PE] skip orientation RF
[0000][PE] skip orientation RR
[0000] 3. Calling kt_for - worker_sam
	[0000][ M::mem_process_seqs] Processed 2871188 reads in 493.371 CPU sec, 14.615 real sec
[0000] Calling mem_process_seqs.., task: 1
[0000] 1. Calling kt_for - worker_bwt
[0000] 2. Calling kt_for - worker_aln
[0000] Inferring insert size distribution of PE reads from data, l_pac: 656111652, n: 2869948
[0000][PE] # candidate unique pairs for (FF, FR, RF, RR): (49, 1074726, 103, 38)
[0000][PE] analyzing insert size distribution for orientation FF...
[0000][PE] (25, 50, 75) percentile: (136, 224, 1203)
[0000][PE] low and high boundaries for computing mean and std.dev: (1, 3337)
[0000][PE] mean and std.dev: (455.33, 716.59)
[0000][PE] low and high boundaries for proper pairs: (1, 4404)
[0000][PE] analyzing insert size distribution for orientation FR...
[0000][PE] (25, 50, 75) percentile: (201, 265, 311)
[0000][PE] low and high boundaries for computing mean and std.dev: (1, 531)
[0000][PE] mean and std.dev: (246.30, 86.98)
[0000][PE] low and high boundaries for proper pairs: (1, 641)
[0000][PE] analyzing insert size distribution for orientation RF...
[0000][PE] (25, 50, 75) percentile: (450, 3765, 6999)
[0000][PE] low and high boundaries for computing mean and std.dev: (1, 20097)
[0000][PE] mean and std.dev: (3856.25, 3296.24)
[0000][PE] low and high boundaries for proper pairs: (1, 26646)
[0000][PE] analyzing insert size distribution for orientation RR...
[0000][PE] (25, 50, 75) percentile: (167, 274, 865)
[0000][PE] low and high boundaries for computing mean and std.dev: (1, 2261)
[0000][PE] mean and std.dev: (454.88, 521.55)
[0000][PE] low and high boundaries for proper pairs: (1, 2959)
[0000][PE] skip orientation FF
[0000][PE] skip orientation RF
[0000][PE] skip orientation RR
[0000] 3. Calling kt_for - worker_sam
	[0000][ M::mem_process_seqs] Processed 2869948 reads in 506.508 CPU sec, 14.013 real sec
[0000] read_chunk: 400000000, work_chunk_size: 400000293, nseq: 2872630
	[0000][ M::kt_pipeline] read 2872630 sequences (400000293 bp)...
[0000] Reallocating initial memory allocations!!
[0000] Calling mem_process_seqs.., task: 2
[0000] 1. Calling kt_for - worker_bwt
[0000] 2. Calling kt_for - worker_aln
[0000] read_chunk: 400000000, work_chunk_size: 400000236, nseq: 2872340
	[0000][ M::kt_pipeline] read 2872340 sequences (400000236 bp)...
[0000] Inferring insert size distribution of PE reads from data, l_pac: 656111652, n: 2872630
[0000][PE] # candidate unique pairs for (FF, FR, RF, RR): (53, 1082383, 100, 45)
[0000][PE] analyzing insert size distribution for orientation FF...
[0000][PE] (25, 50, 75) percentile: (124, 201, 453)
[0000][PE] low and high boundaries for computing mean and std.dev: (1, 1111)
[0000][PE] mean and std.dev: (198.40, 126.42)
[0000][PE] low and high boundaries for proper pairs: (1, 1440)
[0000][PE] analyzing insert size distribution for orientation FR...
[0000][PE] (25, 50, 75) percentile: (201, 265, 311)
[0000][PE] low and high boundaries for computing mean and std.dev: (1, 531)
[0000][PE] mean and std.dev: (246.16, 87.00)
[0000][PE] low and high boundaries for proper pairs: (1, 641)
[0000][PE] analyzing insert size distribution for orientation RF...
[0000][PE] (25, 50, 75) percentile: (498, 3648, 6741)
[0000][PE] low and high boundaries for computing mean and std.dev: (1, 19227)
[0000][PE] mean and std.dev: (3867.75, 3118.58)
[0000][PE] low and high boundaries for proper pairs: (1, 25470)
[0000][PE] analyzing insert size distribution for orientation RR...
[0000][PE] (25, 50, 75) percentile: (131, 241, 1286)
[0000][PE] low and high boundaries for computing mean and std.dev: (1, 3596)
[0000][PE] mean and std.dev: (427.50, 626.19)
[0000][PE] low and high boundaries for proper pairs: (1, 4751)
[0000][PE] skip orientation FF
[0000][PE] skip orientation RF
[0000][PE] skip orientation RR
[0000] 3. Calling kt_for - worker_sam
	[0000][ M::mem_process_seqs] Processed 2872630 reads in 471.618 CPU sec, 12.530 real sec
[0000] Calling mem_process_seqs.., task: 3
[0000] 1. Calling kt_for - worker_bwt
[0000] 2. Calling kt_for - worker_aln
[0000] Inferring insert size distribution of PE reads from data, l_pac: 656111652, n: 2872340
[0000][PE] # candidate unique pairs for (FF, FR, RF, RR): (49, 1085253, 112, 45)
[0000][PE] analyzing insert size distribution for orientation FF...
[0000][PE] (25, 50, 75) percentile: (164, 188, 477)
[0000][PE] low and high boundaries for computing mean and std.dev: (1, 1103)
[0000][PE] mean and std.dev: (274.89, 252.77)
[0000][PE] low and high boundaries for proper pairs: (1, 1416)
[0000][PE] analyzing insert size distribution for orientation FR...
[0000][PE] (25, 50, 75) percentile: (201, 265, 311)
[0000][PE] low and high boundaries for computing mean and std.dev: (1, 531)
[0000][PE] mean and std.dev: (246.24, 87.06)
[0000][PE] low and high boundaries for proper pairs: (1, 641)
[0000][PE] analyzing insert size distribution for orientation RF...
[0000][PE] (25, 50, 75) percentile: (394, 2042, 6343)
[0000][PE] low and high boundaries for computing mean and std.dev: (1, 18241)
[0000][PE] mean and std.dev: (3493.83, 3295.82)
[0000][PE] low and high boundaries for proper pairs: (1, 24190)
[0000][PE] analyzing insert size distribution for orientation RR...
[0000][PE] (25, 50, 75) percentile: (127, 187, 397)
[0000][PE] low and high boundaries for computing mean and std.dev: (1, 937)
[0000][PE] mean and std.dev: (230.97, 204.52)
[0000][PE] low and high boundaries for proper pairs: (1, 1207)
[0000][PE] skip orientation FF
[0000][PE] skip orientation RF
[0000][PE] skip orientation RR
[0000] 3. Calling kt_for - worker_sam
[0000] read_chunk: 400000000, work_chunk_size: 241713542, nseq: 1735758
	[0000][ M::kt_pipeline] read 1735758 sequences (241713542 bp)...
	[0000][ M::mem_process_seqs] Processed 2872340 reads in 474.833 CPU sec, 12.662 real sec
[0000] Calling mem_process_seqs.., task: 4
[0000] 1. Calling kt_for - worker_bwt
[0000] 2. Calling kt_for - worker_aln
[0000] Inferring insert size distribution of PE reads from data, l_pac: 656111652, n: 1735758
[0000][PE] # candidate unique pairs for (FF, FR, RF, RR): (50, 660904, 53, 28)
[0000][PE] analyzing insert size distribution for orientation FF...
[0000][PE] (25, 50, 75) percentile: (129, 217, 563)
[0000][PE] low and high boundaries for computing mean and std.dev: (1, 1431)
[0000][PE] mean and std.dev: (286.02, 288.65)
[0000][PE] low and high boundaries for proper pairs: (1, 1865)
[0000][PE] analyzing insert size distribution for orientation FR...
[0000] read_chunk: 400000000, work_chunk_size: 0, nseq: 0
[0000][PE] (25, 50, 75) percentile: (202, 265, 311)
[0000][PE] low and high boundaries for computing mean and std.dev: (1, 529)
[0000][PE] mean and std.dev: (246.44, 86.91)
[0000][PE] low and high boundaries for proper pairs: (1, 638)
[0000][PE] analyzing insert size distribution for orientation RF...
[0000][PE] (25, 50, 75) percentile: (801, 2786, 5988)
[0000][PE] low and high boundaries for computing mean and std.dev: (1, 16362)
[0000][PE] mean and std.dev: (3583.64, 3072.32)
[0000][PE] low and high boundaries for proper pairs: (1, 21549)
[0000][PE] analyzing insert size distribution for orientation RR...
[0000][PE] (25, 50, 75) percentile: (153, 236, 1002)
[0000][PE] low and high boundaries for computing mean and std.dev: (1, 2700)
[0000][PE] mean and std.dev: (339.04, 448.66)
[0000][PE] low and high boundaries for proper pairs: (1, 3549)
[0000][PE] skip orientation FF
[0000][PE] skip orientation RF
[0000][PE] skip orientation RR
[0000] 3. Calling kt_for - worker_sam
	[0000][ M::mem_process_seqs] Processed 1735758 reads in 278.335 CPU sec, 7.622 real sec
[0000] read_chunk: 400000000, work_chunk_size: 0, nseq: 0
[0000] Computation ends..
No. of OMP threads: 40
Processor is running @2394.740894 MHz
Runtime profile:

	Time taken for main_mem function: 120.85 sec

	IO times (sec) :
	Reading IO time (reads) avg: 41.13, (41.13, 41.13)
	Writing IO time (SAM) avg: 23.47, (23.47, 23.47)
	Reading IO time (Reference Genome) avg: 0.76, (0.76, 0.76)
	Index read time avg: 0.12, (0.12, 0.12)

	Overall time (sec) (Excluding Index reading time):
	PROCESS() (Total compute time + (read + SAM) IO time) : 119.89
	MEM_PROCESS_SEQ() (Total compute time (Kernel + SAM)), avg: 61.43, (61.43, 61.43)

	 SAM Processing time (sec):
	--WORKER_SAM avg: 26.01, (26.01, 26.01)

	Kernels' compute time (sec):
	Total kernel (smem+sal+bsw) time avg: 33.99, (33.99, 33.99)
		MEM_ALN_CHAIN_FLT avg: 0.00, (0.00, 0.00)
		MEM_ALN_CHAIN_SEED avg: 0.00, (0.00, 0.00)
		ERT_SEED_CHAIN avg: 0.00, (0.00, 0.00)
	LEARNED_SEED_CHAIN avg: 13.39, (13.47, 13.29)
		SMEM compute avg: 0.00, (0.00, 0.00)
		SAL compute avg: 0.00, (0.00, 0.00)
				MEM_SA avg: 0.00, (0.00, 0.00)

		BSW time, avg: 19.26, (19.49, 19.05)

Important parameter settings: 
	BATCH_SIZE: 512
	MAX_SEQ_LEN_REF: 256
	MAX_SEQ_LEN_QER: 128
	MAX_SEQ_LEN8: 128
	SEEDS_PER_READ: 500
	SIMD_WIDTH8 X: 64
	SIMD_WIDTH16 X: 32
	AVG_SEEDS_PER_READ: 64
