Looking to launch executable "/opt/conda/bin/bwa-meme_mode3.avx512bw", simd = _mode3.avx512bw
Launching executable "/opt/conda/bin/bwa-meme_mode3.avx512bw"
-----------------------------
Executing in AVX512 mode!!
-----------------------------
* SA compression enabled with xfactor: 8
* Ref file: reference.902362185.genome.fasta
* Entering FMI_search
Reading other elements of the index from files reference.902362185.genome.fasta
* Index prefix: reference.902362185.genome.fasta
* Read 0 ALT contigs
* Reading reference genome..
* Binary seq file = reference.902362185.genome.fasta.0123
* Reference genome size: 1312223304 bp
* Done reading reference genome !!

------------------------------------------
1. Memory pre-allocation for Chaining: 5679.4903 MB
2. Memory pre-allocation for BSW: 9584.6810 MB
[M::memoryAllocLearned::MEME] Reading Learned-index models into memory
[Learned-Config] MODE:3 SEARCH_METHOD: 1 MEM_TRADEOFF:1 EXPONENTIAL_SMEMSEARCH: 1 DEBUG_MODE:0 Num 2nd Models:268435456 PWL Bits Used:28
[M::memoryAllocLearned::MEME] Loading RMI model and Pac reference file took 9.669 sec
[M::memoryAllocLearned::MEME] Reading suffix array into memory
[M::memoryAllocLearned::MEME] Loading pos_packed file took 14.104 sec
[M::memoryAllocLearned::MEME] Generating SA, 64-bit Suffix and ISA in memory
[M::memoryAllocLearned::MEME] Runtime-build-index took 13.168 sec
3. Memory pre-allocation for BWT: 7204.5072 MB
------------------------------------------
* Threads used (compute): 40
* No. of pipeline threads: 2

[0000] read_chunk: 400000000, work_chunk_size: 400000143, nseq: 2735038
	[0000][ M::kt_pipeline] read 2735038 sequences (400000143 bp)...
[0000] Reallocating initial memory allocations!!
[0000] Calling mem_process_seqs.., task: 0
[0000] 1. Calling kt_for - worker_bwt
[0000] 2. Calling kt_for - worker_aln
[0000] Inferring insert size distribution of PE reads from data, l_pac: 656111652, n: 2735038
[0000][PE] # candidate unique pairs for (FF, FR, RF, RR): (99, 1111161, 112, 84)
[0000][PE] analyzing insert size distribution for orientation FF...
[0000][PE] (25, 50, 75) percentile: (155, 204, 706)
[0000][PE] low and high boundaries for computing mean and std.dev: (1, 1808)
[0000][PE] mean and std.dev: (337.71, 350.18)
[0000][PE] low and high boundaries for proper pairs: (1, 2359)
[0000][PE] analyzing insert size distribution for orientation FR...
[0000][PE] (25, 50, 75) percentile: (256, 295, 330)
[0000][PE] low and high boundaries for computing mean and std.dev: (108, 478)
[0000][PE] mean and std.dev: (291.92, 51.15)
[0000][PE] low and high boundaries for proper pairs: (34, 552)
[0000][PE] analyzing insert size distribution for orientation RF...
[0000][PE] (25, 50, 75) percentile: (698, 2604, 6297)
[0000][PE] low and high boundaries for computing mean and std.dev: (1, 17495)
[0000][PE] mean and std.dev: (3473.89, 3019.47)
[0000][PE] low and high boundaries for proper pairs: (1, 23094)
[0000][PE] analyzing insert size distribution for orientation RR...
[0000][PE] (25, 50, 75) percentile: (167, 216, 1485)
[0000][PE] low and high boundaries for computing mean and std.dev: (1, 4121)
[0000][PE] mean and std.dev: (358.85, 612.25)
[0000][PE] low and high boundaries for proper pairs: (1, 5439)
[0000][PE] skip orientation FF
[0000][PE] skip orientation RF
[0000][PE] skip orientation RR
[0000] 3. Calling kt_for - worker_sam
[0000] read_chunk: 400000000, work_chunk_size: 400000029, nseq: 2733502
	[0000][ M::kt_pipeline] read 2733502 sequences (400000029 bp)...
	[0000][ M::mem_process_seqs] Processed 2735038 reads in 417.418 CPU sec, 11.157 real sec
[0000] Calling mem_process_seqs.., task: 1
[0000] 1. Calling kt_for - worker_bwt
[0000] 2. Calling kt_for - worker_aln
[0000] Inferring insert size distribution of PE reads from data, l_pac: 656111652, n: 2733502
[0000][PE] # candidate unique pairs for (FF, FR, RF, RR): (79, 1068980, 113, 84)
[0000][PE] analyzing insert size distribution for orientation FF...
[0000][PE] (25, 50, 75) percentile: (146, 196, 250)
[0000][PE] low and high boundaries for computing mean and std.dev: (1, 458)
[0000][PE] mean and std.dev: (190.56, 71.81)
[0000][PE] low and high boundaries for proper pairs: (1, 562)
[0000][PE] analyzing insert size distribution for orientation FR...
[0000][PE] (25, 50, 75) percentile: (256, 295, 330)
[0000][PE] low and high boundaries for computing mean and std.dev: (108, 478)
[0000][PE] mean and std.dev: (291.89, 51.09)
[0000][PE] low and high boundaries for proper pairs: (34, 552)
[0000][PE] analyzing insert size distribution for orientation RF...
[0000][PE] (25, 50, 75) percentile: (575, 3946, 6645)
[0000][PE] low and high boundaries for computing mean and std.dev: (1, 18785)
[0000][PE] mean and std.dev: (3863.55, 3257.31)
[0000][PE] low and high boundaries for proper pairs: (1, 24855)
[0000][PE] analyzing insert size distribution for orientation RR...
[0000][PE] (25, 50, 75) percentile: (143, 200, 278)
[0000][PE] low and high boundaries for computing mean and std.dev: (1, 548)
[0000][PE] mean and std.dev: (203.45, 96.19)
[0000][PE] low and high boundaries for proper pairs: (1, 683)
[0000][PE] skip orientation FF
[0000][PE] skip orientation RF
[0000][PE] skip orientation RR
[0000] 3. Calling kt_for - worker_sam
[0000] read_chunk: 400000000, work_chunk_size: 400000282, nseq: 2737018
	[0000][ M::kt_pipeline] read 2737018 sequences (400000282 bp)...
	[0000][ M::mem_process_seqs] Processed 2733502 reads in 517.539 CPU sec, 14.023 real sec
[0000] Reallocating initial memory allocations!!
[0000] Calling mem_process_seqs.., task: 2
[0000] 1. Calling kt_for - worker_bwt
[0000] 2. Calling kt_for - worker_aln
[0000] Inferring insert size distribution of PE reads from data, l_pac: 656111652, n: 2737018
[0000][PE] # candidate unique pairs for (FF, FR, RF, RR): (108, 1135025, 124, 103)
[0000][PE] analyzing insert size distribution for orientation FF...
[0000][PE] (25, 50, 75) percentile: (150, 205, 727)
[0000][PE] low and high boundaries for computing mean and std.dev: (1, 1881)
[0000][PE] mean and std.dev: (408.95, 470.12)
[0000][PE] low and high boundaries for proper pairs: (1, 2458)
[0000][PE] analyzing insert size distribution for orientation FR...
[0000][PE] (25, 50, 75) percentile: (256, 295, 330)
[0000][PE] low and high boundaries for computing mean and std.dev: (108, 478)
[0000][PE] mean and std.dev: (291.90, 51.08)
[0000][PE] low and high boundaries for proper pairs: (34, 552)
[0000][PE] analyzing insert size distribution for orientation RF...
[0000][PE] (25, 50, 75) percentile: (505, 4160, 6922)
[0000][PE] low and high boundaries for computing mean and std.dev: (1, 19756)
[0000][PE] mean and std.dev: (3943.98, 3342.45)
[0000][PE] low and high boundaries for proper pairs: (1, 26173)
[0000][PE] analyzing insert size distribution for orientation RR...
[0000][PE] (25, 50, 75) percentile: (165, 229, 958)
[0000][PE] low and high boundaries for computing mean and std.dev: (1, 2544)
[0000][PE] mean and std.dev: (299.36, 299.79)
[0000][PE] low and high boundaries for proper pairs: (1, 3337)
[0000][PE] skip orientation FF
[0000][PE] skip orientation RF
[0000][PE] skip orientation RR
[0000] 3. Calling kt_for - worker_sam
[0000] read_chunk: 400000000, work_chunk_size: 400000132, nseq: 2736368
	[0000][ M::kt_pipeline] read 2736368 sequences (400000132 bp)...
	[0000][ M::mem_process_seqs] Processed 2737018 reads in 363.631 CPU sec, 9.777 real sec
[0000] Calling mem_process_seqs.., task: 3
[0000] 1. Calling kt_for - worker_bwt
[0000] 2. Calling kt_for - worker_aln
[0000] Inferring insert size distribution of PE reads from data, l_pac: 656111652, n: 2736368
[0000][PE] # candidate unique pairs for (FF, FR, RF, RR): (99, 1123260, 126, 91)
[0000][PE] analyzing insert size distribution for orientation FF...
[0000][PE] (25, 50, 75) percentile: (136, 187, 264)
[0000][PE] low and high boundaries for computing mean and std.dev: (1, 520)
[0000][PE] mean and std.dev: (189.97, 90.51)
[0000][PE] low and high boundaries for proper pairs: (1, 648)
[0000][PE] analyzing insert size distribution for orientation FR...
[0000][PE] (25, 50, 75) percentile: (256, 295, 330)
[0000][PE] low and high boundaries for computing mean and std.dev: (108, 478)
[0000][PE] mean and std.dev: (291.85, 51.07)
[0000][PE] low and high boundaries for proper pairs: (34, 552)
[0000][PE] analyzing insert size distribution for orientation RF...
[0000][PE] (25, 50, 75) percentile: (1149, 3358, 6812)
[0000][PE] low and high boundaries for computing mean and std.dev: (1, 18138)
[0000][PE] mean and std.dev: (3942.67, 3170.72)
[0000][PE] low and high boundaries for proper pairs: (1, 23801)
[0000][PE] analyzing insert size distribution for orientation RR...
[0000][PE] (25, 50, 75) percentile: (162, 206, 254)
[0000][PE] low and high boundaries for computing mean and std.dev: (1, 438)
[0000][PE] mean and std.dev: (189.00, 50.75)
[0000][PE] low and high boundaries for proper pairs: (1, 530)
[0000][PE] skip orientation FF
[0000][PE] skip orientation RF
[0000][PE] skip orientation RR
[0000] 3. Calling kt_for - worker_sam
	[0000][ M::mem_process_seqs] Processed 2736368 reads in 383.705 CPU sec, 10.330 real sec
[0000] read_chunk: 400000000, work_chunk_size: 400000286, nseq: 2736370
	[0000][ M::kt_pipeline] read 2736370 sequences (400000286 bp)...
[0000] Calling mem_process_seqs.., task: 4
[0000] 1. Calling kt_for - worker_bwt
[0000] 2. Calling kt_for - worker_aln
[0000] Inferring insert size distribution of PE reads from data, l_pac: 656111652, n: 2736370
[0000][PE] # candidate unique pairs for (FF, FR, RF, RR): (141, 1126822, 142, 79)
[0000][PE] analyzing insert size distribution for orientation FF...
[0000][PE] (25, 50, 75) percentile: (141, 188, 261)
[0000][PE] low and high boundaries for computing mean and std.dev: (1, 501)
[0000][PE] mean and std.dev: (191.36, 82.67)
[0000][PE] low and high boundaries for proper pairs: (1, 621)
[0000][PE] analyzing insert size distribution for orientation FR...
[0000][PE] (25, 50, 75) percentile: (256, 295, 330)
[0000][PE] low and high boundaries for computing mean and std.dev: (108, 478)
[0000][PE] mean and std.dev: (291.93, 51.02)
[0000][PE] low and high boundaries for proper pairs: (34, 552)
[0000][PE] analyzing insert size distribution for orientation RF...
[0000][PE] (25, 50, 75) percentile: (989, 3084, 6121)
[0000][PE] low and high boundaries for computing mean and std.dev: (1, 16385)
[0000][PE] mean and std.dev: (3808.06, 3171.25)
[0000][PE] low and high boundaries for proper pairs: (1, 21517)
[0000][PE] analyzing insert size distribution for orientation RR...
[0000][PE] (25, 50, 75) percentile: (145, 216, 672)
[0000][PE] low and high boundaries for computing mean and std.dev: (1, 1726)
[0000][PE] mean and std.dev: (363.19, 386.88)
[0000][PE] low and high boundaries for proper pairs: (1, 2253)
[0000][PE] skip orientation FF
[0000][PE] skip orientation RF
[0000][PE] skip orientation RR
[0000] 3. Calling kt_for - worker_sam
[0000] read_chunk: 400000000, work_chunk_size: 400000279, nseq: 2736416
	[0000][ M::kt_pipeline] read 2736416 sequences (400000279 bp)...
	[0000][ M::mem_process_seqs] Processed 2736370 reads in 385.460 CPU sec, 10.430 real sec
[0000] Calling mem_process_seqs.., task: 5
[0000] 1. Calling kt_for - worker_bwt
[0000] 2. Calling kt_for - worker_aln
[0000] Inferring insert size distribution of PE reads from data, l_pac: 656111652, n: 2736416
[0000][PE] # candidate unique pairs for (FF, FR, RF, RR): (126, 1118691, 130, 106)
[0000][PE] analyzing insert size distribution for orientation FF...
[0000][PE] (25, 50, 75) percentile: (152, 209, 342)
[0000][PE] low and high boundaries for computing mean and std.dev: (1, 722)
[0000][PE] mean and std.dev: (231.77, 144.39)
[0000][PE] low and high boundaries for proper pairs: (1, 912)
[0000][PE] analyzing insert size distribution for orientation FR...
[0000][PE] (25, 50, 75) percentile: (256, 295, 330)
[0000][PE] low and high boundaries for computing mean and std.dev: (108, 478)
[0000][PE] mean and std.dev: (291.96, 51.11)
[0000][PE] low and high boundaries for proper pairs: (34, 552)
[0000][PE] analyzing insert size distribution for orientation RF...
[0000][PE] (25, 50, 75) percentile: (941, 4599, 7809)
[0000][PE] low and high boundaries for computing mean and std.dev: (1, 21545)
[0000][PE] mean and std.dev: (4490.06, 3438.81)
[0000][PE] low and high boundaries for proper pairs: (1, 28413)
[0000][PE] analyzing insert size distribution for orientation RR...
[0000][PE] (25, 50, 75) percentile: (154, 194, 332)
[0000][PE] low and high boundaries for computing mean and std.dev: (1, 688)
[0000][PE] mean and std.dev: (204.76, 104.16)
[0000][PE] low and high boundaries for proper pairs: (1, 866)
[0000][PE] skip orientation FF
[0000][PE] skip orientation RF
[0000][PE] skip orientation RR
[0000] 3. Calling kt_for - worker_sam
	[0000][ M::mem_process_seqs] Processed 2736416 reads in 397.126 CPU sec, 10.815 real sec
[0000] read_chunk: 400000000, work_chunk_size: 400000040, nseq: 2735754
	[0000][ M::kt_pipeline] read 2735754 sequences (400000040 bp)...
[0000] Calling mem_process_seqs.., task: 6
[0000] 1. Calling kt_for - worker_bwt
[0000] 2. Calling kt_for - worker_aln
[0000] Inferring insert size distribution of PE reads from data, l_pac: 656111652, n: 2735754
[0000][PE] # candidate unique pairs for (FF, FR, RF, RR): (127, 1125269, 102, 70)
[0000][PE] analyzing insert size distribution for orientation FF...
[0000][PE] (25, 50, 75) percentile: (137, 184, 244)
[0000][PE] low and high boundaries for computing mean and std.dev: (1, 458)
[0000][PE] mean and std.dev: (172.42, 65.19)
[0000][PE] low and high boundaries for proper pairs: (1, 565)
[0000][PE] analyzing insert size distribution for orientation FR...
[0000][PE] (25, 50, 75) percentile: (256, 295, 330)
[0000][PE] low and high boundaries for computing mean and std.dev: (108, 478)
[0000][PE] mean and std.dev: (291.92, 51.09)
[0000][PE] low and high boundaries for proper pairs: (34, 552)
[0000][PE] analyzing insert size distribution for orientation RF...
[0000][PE] (25, 50, 75) percentile: (1141, 3579, 6436)
[0000][PE] low and high boundaries for computing mean and std.dev: (1, 17026)
[0000][PE] mean and std.dev: (3995.35, 2960.37)
[0000][PE] low and high boundaries for proper pairs: (1, 22321)
[0000][PE] analyzing insert size distribution for orientation RR...
[0000][PE] (25, 50, 75) percentile: (134, 217, 454)
[0000][PE] low and high boundaries for computing mean and std.dev: (1, 1094)
[0000][PE] mean and std.dev: (240.08, 171.75)
[0000][PE] low and high boundaries for proper pairs: (1, 1414)
[0000][PE] skip orientation FF
[0000][PE] skip orientation RF
[0000][PE] skip orientation RR
[0000] 3. Calling kt_for - worker_sam
[0000] read_chunk: 400000000, work_chunk_size: 400000138, nseq: 2736072
	[0000][ M::kt_pipeline] read 2736072 sequences (400000138 bp)...
	[0000][ M::mem_process_seqs] Processed 2735754 reads in 397.741 CPU sec, 10.938 real sec
[0000] Calling mem_process_seqs.., task: 7
[0000] 1. Calling kt_for - worker_bwt
[0000] 2. Calling kt_for - worker_aln
[0000] Inferring insert size distribution of PE reads from data, l_pac: 656111652, n: 2736072
[0000][PE] # candidate unique pairs for (FF, FR, RF, RR): (114, 1124084, 128, 98)
[0000][PE] analyzing insert size distribution for orientation FF...
[0000][PE] (25, 50, 75) percentile: (137, 200, 261)
[0000][PE] low and high boundaries for computing mean and std.dev: (1, 509)
[0000][PE] mean and std.dev: (175.77, 77.62)
[0000][PE] low and high boundaries for proper pairs: (1, 633)
[0000][PE] analyzing insert size distribution for orientation FR...
[0000][PE] (25, 50, 75) percentile: (256, 295, 330)
[0000][PE] low and high boundaries for computing mean and std.dev: (108, 478)
[0000][PE] mean and std.dev: (291.88, 51.21)
[0000][PE] low and high boundaries for proper pairs: (34, 552)
[0000][PE] analyzing insert size distribution for orientation RF...
[0000][PE] (25, 50, 75) percentile: (308, 1607, 6222)
[0000][PE] low and high boundaries for computing mean and std.dev: (1, 18050)
[0000][PE] mean and std.dev: (3211.81, 3248.18)
[0000][PE] low and high boundaries for proper pairs: (1, 23964)
[0000][PE] analyzing insert size distribution for orientation RR...
[0000][PE] (25, 50, 75) percentile: (164, 222, 335)
[0000][PE] low and high boundaries for computing mean and std.dev: (1, 677)
[0000][PE] mean and std.dev: (213.57, 105.65)
[0000][PE] low and high boundaries for proper pairs: (1, 848)
[0000][PE] skip orientation FF
[0000][PE] skip orientation RF
[0000][PE] skip orientation RR
[0000] 3. Calling kt_for - worker_sam
[0000] read_chunk: 400000000, work_chunk_size: 400000051, nseq: 2732932
	[0000][ M::kt_pipeline] read 2732932 sequences (400000051 bp)...
	[0000][ M::mem_process_seqs] Processed 2736072 reads in 414.054 CPU sec, 13.009 real sec
[0000] Calling mem_process_seqs.., task: 8
[0000] 1. Calling kt_for - worker_bwt
[0000] 2. Calling kt_for - worker_aln
[0000] Inferring insert size distribution of PE reads from data, l_pac: 656111652, n: 2732932
[0000][PE] # candidate unique pairs for (FF, FR, RF, RR): (101, 1062342, 126, 80)
[0000][PE] analyzing insert size distribution for orientation FF...
[0000][PE] (25, 50, 75) percentile: (143, 195, 273)
[0000][PE] low and high boundaries for computing mean and std.dev: (1, 533)
[0000][PE] mean and std.dev: (191.22, 86.36)
[0000][PE] low and high boundaries for proper pairs: (1, 663)
[0000][PE] analyzing insert size distribution for orientation FR...
[0000][PE] (25, 50, 75) percentile: (256, 295, 330)
[0000][PE] low and high boundaries for computing mean and std.dev: (108, 478)
[0000][PE] mean and std.dev: (291.94, 51.04)
[0000][PE] low and high boundaries for proper pairs: (34, 552)
[0000][PE] analyzing insert size distribution for orientation RF...
[0000][PE] (25, 50, 75) percentile: (1078, 4734, 6883)
[0000][PE] low and high boundaries for computing mean and std.dev: (1, 18493)
[0000][PE] mean and std.dev: (4157.51, 3160.56)
[0000][PE] low and high boundaries for proper pairs: (1, 24298)
[0000][PE] analyzing insert size distribution for orientation RR...
[0000][PE] (25, 50, 75) percentile: (160, 213, 258)
[0000][PE] low and high boundaries for computing mean and std.dev: (1, 454)
[0000][PE] mean and std.dev: (197.74, 75.14)
[0000][PE] low and high boundaries for proper pairs: (1, 552)
[0000][PE] skip orientation FF
[0000][PE] skip orientation RF
[0000][PE] skip orientation RR
[0000] 3. Calling kt_for - worker_sam
[0000] read_chunk: 400000000, work_chunk_size: 400000183, nseq: 2735086
	[0000][ M::kt_pipeline] read 2735086 sequences (400000183 bp)...
	[0000][ M::mem_process_seqs] Processed 2732932 reads in 517.273 CPU sec, 13.951 real sec
[0000] Calling mem_process_seqs.., task: 9
[0000] 1. Calling kt_for - worker_bwt
[0000] 2. Calling kt_for - worker_aln
[0000] Inferring insert size distribution of PE reads from data, l_pac: 656111652, n: 2735086
[0000][PE] # candidate unique pairs for (FF, FR, RF, RR): (95, 1117331, 135, 79)
[0000][PE] analyzing insert size distribution for orientation FF...
[0000][PE] (25, 50, 75) percentile: (142, 186, 278)
[0000][PE] low and high boundaries for computing mean and std.dev: (1, 550)
[0000][PE] mean and std.dev: (178.13, 73.56)
[0000][PE] low and high boundaries for proper pairs: (1, 686)
[0000][PE] analyzing insert size distribution for orientation FR...
[0000][PE] (25, 50, 75) percentile: (256, 295, 330)
[0000][PE] low and high boundaries for computing mean and std.dev: (108, 478)
[0000][PE] mean and std.dev: (291.88, 51.16)
[0000][PE] low and high boundaries for proper pairs: (34, 552)
[0000][PE] analyzing insert size distribution for orientation RF...
[0000][PE] (25, 50, 75) percentile: (721, 2133, 5979)
[0000][PE] low and high boundaries for computing mean and std.dev: (1, 16495)
[0000][PE] mean and std.dev: (3437.56, 3118.89)
[0000][PE] low and high boundaries for proper pairs: (1, 21753)
[0000][PE] analyzing insert size distribution for orientation RR...
[0000][PE] (25, 50, 75) percentile: (152, 198, 294)
[0000][PE] low and high boundaries for computing mean and std.dev: (1, 578)
[0000][PE] mean and std.dev: (202.19, 109.60)
[0000][PE] low and high boundaries for proper pairs: (1, 720)
[0000][PE] skip orientation FF
[0000][PE] skip orientation RF
[0000][PE] skip orientation RR
[0000] 3. Calling kt_for - worker_sam
	[0000][ M::mem_process_seqs] Processed 2735086 reads in 416.985 CPU sec, 11.723 real sec
[0000] read_chunk: 400000000, work_chunk_size: 400000195, nseq: 2735938
	[0000][ M::kt_pipeline] read 2735938 sequences (400000195 bp)...
[0000] Calling mem_process_seqs.., task: 10
[0000] 1. Calling kt_for - worker_bwt
[0000] 2. Calling kt_for - worker_aln
[0000] Inferring insert size distribution of PE reads from data, l_pac: 656111652, n: 2735938
[0000][PE] # candidate unique pairs for (FF, FR, RF, RR): (114, 1114851, 127, 70)
[0000][PE] analyzing insert size distribution for orientation FF...
[0000][PE] (25, 50, 75) percentile: (132, 184, 257)
[0000][PE] low and high boundaries for computing mean and std.dev: (1, 507)
[0000][PE] mean and std.dev: (170.35, 76.13)
[0000][PE] low and high boundaries for proper pairs: (1, 632)
[0000][PE] analyzing insert size distribution for orientation FR...
[0000][PE] (25, 50, 75) percentile: (256, 295, 330)
[0000][PE] low and high boundaries for computing mean and std.dev: (108, 478)
[0000][PE] mean and std.dev: (291.97, 51.12)
[0000][PE] low and high boundaries for proper pairs: (34, 552)
[0000][PE] analyzing insert size distribution for orientation RF...
[0000][PE] (25, 50, 75) percentile: (653, 2128, 5747)
[0000][PE] low and high boundaries for computing mean and std.dev: (1, 15935)
[0000][PE] mean and std.dev: (3416.57, 3063.48)
[0000][PE] low and high boundaries for proper pairs: (1, 21029)
[0000][PE] analyzing insert size distribution for orientation RR...
[0000][PE] (25, 50, 75) percentile: (159, 207, 276)
[0000][PE] low and high boundaries for computing mean and std.dev: (1, 510)
[0000][PE] mean and std.dev: (188.20, 67.57)
[0000][PE] low and high boundaries for proper pairs: (1, 627)
[0000][PE] skip orientation FF
[0000][PE] skip orientation RF
[0000][PE] skip orientation RR
[0000] 3. Calling kt_for - worker_sam
[0000] read_chunk: 400000000, work_chunk_size: 400000109, nseq: 2735230
	[0000][ M::kt_pipeline] read 2735230 sequences (400000109 bp)...
	[0000][ M::mem_process_seqs] Processed 2735938 reads in 419.745 CPU sec, 11.216 real sec
[0000] Calling mem_process_seqs.., task: 11
[0000] 1. Calling kt_for - worker_bwt
[0000] 2. Calling kt_for - worker_aln
[0000] Inferring insert size distribution of PE reads from data, l_pac: 656111652, n: 2735230
[0000][PE] # candidate unique pairs for (FF, FR, RF, RR): (88, 1114084, 112, 77)
[0000][PE] analyzing insert size distribution for orientation FF...
[0000][PE] (25, 50, 75) percentile: (123, 180, 217)
[0000][PE] low and high boundaries for computing mean and std.dev: (1, 405)
[0000][PE] mean and std.dev: (161.92, 56.09)
[0000][PE] low and high boundaries for proper pairs: (1, 499)
[0000][PE] analyzing insert size distribution for orientation FR...
[0000][PE] (25, 50, 75) percentile: (256, 295, 330)
[0000][PE] low and high boundaries for computing mean and std.dev: (108, 478)
[0000][PE] mean and std.dev: (291.94, 51.06)
[0000][PE] low and high boundaries for proper pairs: (34, 552)
[0000][PE] analyzing insert size distribution for orientation RF...
[0000][PE] (25, 50, 75) percentile: (990, 3568, 7791)
[0000][PE] low and high boundaries for computing mean and std.dev: (1, 21393)
[0000][PE] mean and std.dev: (4350.42, 3465.31)
[0000][PE] low and high boundaries for proper pairs: (1, 28194)
[0000][PE] analyzing insert size distribution for orientation RR...
[0000][PE] (25, 50, 75) percentile: (157, 222, 464)
[0000][PE] low and high boundaries for computing mean and std.dev: (1, 1078)
[0000][PE] mean and std.dev: (281.27, 247.83)
[0000][PE] low and high boundaries for proper pairs: (1, 1385)
[0000][PE] skip orientation FF
[0000][PE] skip orientation RF
[0000][PE] skip orientation RR
[0000] 3. Calling kt_for - worker_sam
	[0000][ M::mem_process_seqs] Processed 2735230 reads in 425.328 CPU sec, 11.993 real sec
[0000] read_chunk: 400000000, work_chunk_size: 400000072, nseq: 2735590
	[0000][ M::kt_pipeline] read 2735590 sequences (400000072 bp)...
[0000] Calling mem_process_seqs.., task: 12
[0000] 1. Calling kt_for - worker_bwt
[0000] 2. Calling kt_for - worker_aln
[0000] Inferring insert size distribution of PE reads from data, l_pac: 656111652, n: 2735590
[0000][PE] # candidate unique pairs for (FF, FR, RF, RR): (98, 1117300, 106, 85)
[0000][PE] analyzing insert size distribution for orientation FF...
[0000][PE] (25, 50, 75) percentile: (157, 199, 271)
[0000][PE] low and high boundaries for computing mean and std.dev: (1, 499)
[0000][PE] mean and std.dev: (179.75, 59.87)
[0000][PE] low and high boundaries for proper pairs: (1, 613)
[0000][PE] analyzing insert size distribution for orientation FR...
[0000][PE] (25, 50, 75) percentile: (256, 295, 330)
[0000][PE] low and high boundaries for computing mean and std.dev: (108, 478)
[0000][PE] mean and std.dev: (291.86, 51.14)
[0000][PE] low and high boundaries for proper pairs: (34, 552)
[0000][PE] analyzing insert size distribution for orientation RF...
[0000][PE] (25, 50, 75) percentile: (940, 2239, 7184)
[0000][PE] low and high boundaries for computing mean and std.dev: (1, 19672)
[0000][PE] mean and std.dev: (3768.57, 3393.72)
[0000][PE] low and high boundaries for proper pairs: (1, 25916)
[0000][PE] analyzing insert size distribution for orientation RR...
[0000][PE] (25, 50, 75) percentile: (144, 203, 1328)
[0000][PE] low and high boundaries for computing mean and std.dev: (1, 3696)
[0000][PE] mean and std.dev: (349.07, 413.19)
[0000][PE] low and high boundaries for proper pairs: (1, 4880)
[0000][PE] skip orientation FF
[0000][PE] skip orientation RF
[0000][PE] skip orientation RR
[0000] 3. Calling kt_for - worker_sam
	[0000][ M::mem_process_seqs] Processed 2735590 reads in 438.703 CPU sec, 13.140 real sec
[0000] read_chunk: 400000000, work_chunk_size: 400000254, nseq: 2735496
	[0000][ M::kt_pipeline] read 2735496 sequences (400000254 bp)...
[0000] Calling mem_process_seqs.., task: 13
[0000] 1. Calling kt_for - worker_bwt
[0000] 2. Calling kt_for - worker_aln
[0000] Inferring insert size distribution of PE reads from data, l_pac: 656111652, n: 2735496
[0000][PE] # candidate unique pairs for (FF, FR, RF, RR): (107, 1117552, 128, 97)
[0000][PE] analyzing insert size distribution for orientation FF...
[0000][PE] (25, 50, 75) percentile: (144, 192, 251)
[0000][PE] low and high boundaries for computing mean and std.dev: (1, 465)
[0000][PE] mean and std.dev: (183.26, 70.82)
[0000][PE] low and high boundaries for proper pairs: (1, 572)
[0000][PE] analyzing insert size distribution for orientation FR...
[0000][PE] (25, 50, 75) percentile: (256, 295, 330)
[0000][PE] low and high boundaries for computing mean and std.dev: (108, 478)
[0000][PE] mean and std.dev: (292.00, 51.05)
[0000][PE] low and high boundaries for proper pairs: (34, 552)
[0000][PE] analyzing insert size distribution for orientation RF...
[0000][PE] (25, 50, 75) percentile: (600, 3926, 6743)
[0000][PE] low and high boundaries for computing mean and std.dev: (1, 19029)
[0000][PE] mean and std.dev: (4046.86, 3082.66)
[0000][PE] low and high boundaries for proper pairs: (1, 25172)
[0000][PE] analyzing insert size distribution for orientation RR...
[0000][PE] (25, 50, 75) percentile: (158, 228, 1097)
[0000][PE] low and high boundaries for computing mean and std.dev: (1, 2975)
[0000][PE] mean and std.dev: (383.29, 528.43)
[0000][PE] low and high boundaries for proper pairs: (1, 3914)
[0000][PE] skip orientation FF
[0000][PE] skip orientation RF
[0000][PE] skip orientation RR
[0000] 3. Calling kt_for - worker_sam
	[0000][ M::mem_process_seqs] Processed 2735496 reads in 421.837 CPU sec, 13.487 real sec
[0000] read_chunk: 400000000, work_chunk_size: 400000259, nseq: 2735096
	[0000][ M::kt_pipeline] read 2735096 sequences (400000259 bp)...
[0000] Calling mem_process_seqs.., task: 14
[0000] 1. Calling kt_for - worker_bwt
[0000] 2. Calling kt_for - worker_aln
[0000] Inferring insert size distribution of PE reads from data, l_pac: 656111652, n: 2735096
[0000][PE] # candidate unique pairs for (FF, FR, RF, RR): (91, 1112286, 135, 83)
[0000][PE] analyzing insert size distribution for orientation FF...
[0000][PE] (25, 50, 75) percentile: (158, 221, 282)
[0000][PE] low and high boundaries for computing mean and std.dev: (1, 530)
[0000][PE] mean and std.dev: (193.43, 74.29)
[0000][PE] low and high boundaries for proper pairs: (1, 654)
[0000][PE] analyzing insert size distribution for orientation FR...
[0000][PE] (25, 50, 75) percentile: (256, 295, 330)
[0000][PE] low and high boundaries for computing mean and std.dev: (108, 478)
[0000][PE] mean and std.dev: (292.07, 51.05)
[0000][PE] low and high boundaries for proper pairs: (34, 552)
[0000][PE] analyzing insert size distribution for orientation RF...
[0000][PE] (25, 50, 75) percentile: (789, 3979, 6923)
[0000][PE] low and high boundaries for computing mean and std.dev: (1, 19191)
[0000][PE] mean and std.dev: (3921.75, 3122.09)
[0000][PE] low and high boundaries for proper pairs: (1, 25325)
[0000][PE] analyzing insert size distribution for orientation RR...
[0000][PE] (25, 50, 75) percentile: (164, 209, 1131)
[0000][PE] low and high boundaries for computing mean and std.dev: (1, 3065)
[0000][PE] mean and std.dev: (336.54, 486.62)
[0000][PE] low and high boundaries for proper pairs: (1, 4032)
[0000][PE] skip orientation FF
[0000][PE] skip orientation RF
[0000][PE] skip orientation RR
[0000] 3. Calling kt_for - worker_sam
	[0000][ M::mem_process_seqs] Processed 2735096 reads in 444.255 CPU sec, 14.233 real sec
[0000] read_chunk: 400000000, work_chunk_size: 400000058, nseq: 2736228
	[0000][ M::kt_pipeline] read 2736228 sequences (400000058 bp)...
[0000] Calling mem_process_seqs.., task: 15
[0000] 1. Calling kt_for - worker_bwt
[0000] 2. Calling kt_for - worker_aln
[0000] Inferring insert size distribution of PE reads from data, l_pac: 656111652, n: 2736228
[0000][PE] # candidate unique pairs for (FF, FR, RF, RR): (104, 1131670, 108, 95)
[0000][PE] analyzing insert size distribution for orientation FF...
[0000][PE] (25, 50, 75) percentile: (121, 182, 267)
[0000][PE] low and high boundaries for computing mean and std.dev: (1, 559)
[0000][PE] mean and std.dev: (168.44, 76.01)
[0000][PE] low and high boundaries for proper pairs: (1, 705)
[0000][PE] analyzing insert size distribution for orientation FR...
[0000][PE] (25, 50, 75) percentile: (256, 295, 330)
[0000][PE] low and high boundaries for computing mean and std.dev: (108, 478)
[0000][PE] mean and std.dev: (291.93, 51.11)
[0000][PE] low and high boundaries for proper pairs: (34, 552)
[0000][PE] analyzing insert size distribution for orientation RF...
[0000][PE] (25, 50, 75) percentile: (466, 2872, 5918)
[0000][PE] low and high boundaries for computing mean and std.dev: (1, 16822)
[0000][PE] mean and std.dev: (3469.75, 3097.41)
[0000][PE] low and high boundaries for proper pairs: (1, 22274)
[0000][PE] analyzing insert size distribution for orientation RR...
[0000][PE] (25, 50, 75) percentile: (147, 220, 414)
[0000][PE] low and high boundaries for computing mean and std.dev: (1, 948)
[0000][PE] mean and std.dev: (236.20, 202.69)
[0000][PE] low and high boundaries for proper pairs: (1, 1215)
[0000][PE] skip orientation FF
[0000][PE] skip orientation RF
[0000][PE] skip orientation RR
[0000] 3. Calling kt_for - worker_sam
	[0000][ M::mem_process_seqs] Processed 2736228 reads in 385.699 CPU sec, 11.488 real sec
[0000] read_chunk: 400000000, work_chunk_size: 400000298, nseq: 2735736
	[0000][ M::kt_pipeline] read 2735736 sequences (400000298 bp)...
[0000] Calling mem_process_seqs.., task: 16
[0000] 1. Calling kt_for - worker_bwt
[0000] 2. Calling kt_for - worker_aln
[0000] Inferring insert size distribution of PE reads from data, l_pac: 656111652, n: 2735736
[0000][PE] # candidate unique pairs for (FF, FR, RF, RR): (99, 1130905, 115, 98)
[0000][PE] analyzing insert size distribution for orientation FF...
[0000][PE] (25, 50, 75) percentile: (129, 195, 281)
[0000][PE] low and high boundaries for computing mean and std.dev: (1, 585)
[0000][PE] mean and std.dev: (185.79, 97.65)
[0000][PE] low and high boundaries for proper pairs: (1, 737)
[0000][PE] analyzing insert size distribution for orientation FR...
[0000][PE] (25, 50, 75) percentile: (256, 295, 330)
[0000][PE] low and high boundaries for computing mean and std.dev: (108, 478)
[0000][PE] mean and std.dev: (291.99, 51.13)
[0000][PE] low and high boundaries for proper pairs: (34, 552)
[0000][PE] analyzing insert size distribution for orientation RF...
[0000][PE] (25, 50, 75) percentile: (964, 4318, 7777)
[0000][PE] low and high boundaries for computing mean and std.dev: (1, 21403)
[0000][PE] mean and std.dev: (4315.71, 3436.01)
[0000][PE] low and high boundaries for proper pairs: (1, 28216)
[0000][PE] analyzing insert size distribution for orientation RR...
[0000][PE] (25, 50, 75) percentile: (153, 213, 298)
[0000][PE] low and high boundaries for computing mean and std.dev: (1, 588)
[0000][PE] mean and std.dev: (199.57, 84.96)
[0000][PE] low and high boundaries for proper pairs: (1, 733)
[0000][PE] skip orientation FF
[0000][PE] skip orientation RF
[0000][PE] skip orientation RR
[0000] 3. Calling kt_for - worker_sam
	[0000][ M::mem_process_seqs] Processed 2735736 reads in 385.024 CPU sec, 11.428 real sec
[0000] read_chunk: 400000000, work_chunk_size: 400000230, nseq: 2735240
	[0000][ M::kt_pipeline] read 2735240 sequences (400000230 bp)...
[0000] Calling mem_process_seqs.., task: 17
[0000] 1. Calling kt_for - worker_bwt
[0000] 2. Calling kt_for - worker_aln
[0000] Inferring insert size distribution of PE reads from data, l_pac: 656111652, n: 2735240
[0000][PE] # candidate unique pairs for (FF, FR, RF, RR): (102, 1107289, 120, 95)
[0000][PE] analyzing insert size distribution for orientation FF...
[0000][PE] (25, 50, 75) percentile: (171, 224, 534)
[0000][PE] low and high boundaries for computing mean and std.dev: (1, 1260)
[0000][PE] mean and std.dev: (238.10, 169.19)
[0000][PE] low and high boundaries for proper pairs: (1, 1623)
[0000][PE] analyzing insert size distribution for orientation FR...
[0000][PE] (25, 50, 75) percentile: (256, 295, 330)
[0000][PE] low and high boundaries for computing mean and std.dev: (108, 478)
[0000][PE] mean and std.dev: (291.86, 51.13)
[0000][PE] low and high boundaries for proper pairs: (34, 552)
[0000][PE] analyzing insert size distribution for orientation RF...
[0000][PE] (25, 50, 75) percentile: (989, 3182, 6821)
[0000][PE] low and high boundaries for computing mean and std.dev: (1, 18485)
[0000][PE] mean and std.dev: (3824.85, 3104.80)
[0000][PE] low and high boundaries for proper pairs: (1, 24317)
[0000][PE] analyzing insert size distribution for orientation RR...
[0000][PE] (25, 50, 75) percentile: (154, 206, 376)
[0000][PE] low and high boundaries for computing mean and std.dev: (1, 820)
[0000][PE] mean and std.dev: (207.79, 130.03)
[0000][PE] low and high boundaries for proper pairs: (1, 1042)
[0000][PE] skip orientation FF
[0000][PE] skip orientation RF
[0000][PE] skip orientation RR
[0000] 3. Calling kt_for - worker_sam
	[0000][ M::mem_process_seqs] Processed 2735240 reads in 440.074 CPU sec, 12.966 real sec
[0000] read_chunk: 400000000, work_chunk_size: 400000277, nseq: 2736800
	[0000][ M::kt_pipeline] read 2736800 sequences (400000277 bp)...
[0000] Calling mem_process_seqs.., task: 18
[0000] 1. Calling kt_for - worker_bwt
[0000] 2. Calling kt_for - worker_aln
[0000] Inferring insert size distribution of PE reads from data, l_pac: 656111652, n: 2736800
[0000][PE] # candidate unique pairs for (FF, FR, RF, RR): (96, 1127250, 145, 79)
[0000][PE] analyzing insert size distribution for orientation FF...
[0000][PE] (25, 50, 75) percentile: (144, 206, 275)
[0000][PE] low and high boundaries for computing mean and std.dev: (1, 537)
[0000][PE] mean and std.dev: (183.90, 67.38)
[0000][PE] low and high boundaries for proper pairs: (1, 668)
[0000][PE] analyzing insert size distribution for orientation FR...
[0000][PE] (25, 50, 75) percentile: (256, 295, 330)
[0000][PE] low and high boundaries for computing mean and std.dev: (108, 478)
[0000][PE] mean and std.dev: (291.89, 51.12)
[0000][PE] low and high boundaries for proper pairs: (34, 552)
[0000][PE] analyzing insert size distribution for orientation RF...
[0000][PE] (25, 50, 75) percentile: (528, 1710, 6146)
[0000][PE] low and high boundaries for computing mean and std.dev: (1, 17382)
[0000][PE] mean and std.dev: (3302.06, 3122.92)
[0000][PE] low and high boundaries for proper pairs: (1, 23000)
[0000][PE] analyzing insert size distribution for orientation RR...
[0000][PE] (25, 50, 75) percentile: (162, 229, 1088)
[0000][PE] low and high boundaries for computing mean and std.dev: (1, 2940)
[0000][PE] mean and std.dev: (404.01, 519.72)
[0000][PE] low and high boundaries for proper pairs: (1, 3866)
[0000][PE] skip orientation FF
[0000][PE] skip orientation RF
[0000][PE] skip orientation RR
[0000] 3. Calling kt_for - worker_sam
	[0000][ M::mem_process_seqs] Processed 2736800 reads in 383.619 CPU sec, 11.073 real sec
[0000] read_chunk: 400000000, work_chunk_size: 400000269, nseq: 2736146
	[0000][ M::kt_pipeline] read 2736146 sequences (400000269 bp)...
[0000] Calling mem_process_seqs.., task: 19
[0000] 1. Calling kt_for - worker_bwt
[0000] 2. Calling kt_for - worker_aln
[0000] Inferring insert size distribution of PE reads from data, l_pac: 656111652, n: 2736146
[0000][PE] # candidate unique pairs for (FF, FR, RF, RR): (113, 1114785, 141, 60)
[0000][PE] analyzing insert size distribution for orientation FF...
[0000][PE] (25, 50, 75) percentile: (172, 205, 372)
[0000][PE] low and high boundaries for computing mean and std.dev: (1, 772)
[0000][PE] mean and std.dev: (208.86, 109.88)
[0000][PE] low and high boundaries for proper pairs: (1, 972)
[0000][PE] analyzing insert size distribution for orientation FR...
[0000][PE] (25, 50, 75) percentile: (256, 294, 330)
[0000][PE] low and high boundaries for computing mean and std.dev: (108, 478)
[0000][PE] mean and std.dev: (291.84, 51.12)
[0000][PE] low and high boundaries for proper pairs: (34, 552)
[0000][PE] analyzing insert size distribution for orientation RF...
[0000][PE] (25, 50, 75) percentile: (1026, 4004, 6278)
[0000][PE] low and high boundaries for computing mean and std.dev: (1, 16782)
[0000][PE] mean and std.dev: (3892.55, 2973.60)
[0000][PE] low and high boundaries for proper pairs: (1, 22034)
[0000][PE] analyzing insert size distribution for orientation RR...
[0000][PE] (25, 50, 75) percentile: (183, 236, 350)
[0000][PE] low and high boundaries for computing mean and std.dev: (1, 684)
[0000][PE] mean and std.dev: (243.04, 127.55)
[0000][PE] low and high boundaries for proper pairs: (1, 851)
[0000][PE] skip orientation FF
[0000][PE] skip orientation RF
[0000][PE] skip orientation RR
[0000] 3. Calling kt_for - worker_sam
	[0000][ M::mem_process_seqs] Processed 2736146 reads in 417.231 CPU sec, 12.060 real sec
[0000] read_chunk: 400000000, work_chunk_size: 400000044, nseq: 2735926
	[0000][ M::kt_pipeline] read 2735926 sequences (400000044 bp)...
[0000] Calling mem_process_seqs.., task: 20
[0000] 1. Calling kt_for - worker_bwt
[0000] 2. Calling kt_for - worker_aln
[0000] Inferring insert size distribution of PE reads from data, l_pac: 656111652, n: 2735926
[0000][PE] # candidate unique pairs for (FF, FR, RF, RR): (106, 1121459, 131, 94)
[0000][PE] analyzing insert size distribution for orientation FF...
[0000][PE] (25, 50, 75) percentile: (143, 185, 238)
[0000][PE] low and high boundaries for computing mean and std.dev: (1, 428)
[0000][PE] mean and std.dev: (166.69, 61.57)
[0000][PE] low and high boundaries for proper pairs: (1, 523)
[0000][PE] analyzing insert size distribution for orientation FR...
[0000][PE] (25, 50, 75) percentile: (256, 295, 330)
[0000][PE] low and high boundaries for computing mean and std.dev: (108, 478)
[0000][PE] mean and std.dev: (291.90, 51.13)
[0000][PE] low and high boundaries for proper pairs: (34, 552)
[0000][PE] analyzing insert size distribution for orientation RF...
[0000][PE] (25, 50, 75) percentile: (547, 1908, 6401)
[0000][PE] low and high boundaries for computing mean and std.dev: (1, 18109)
[0000][PE] mean and std.dev: (3523.55, 3321.69)
[0000][PE] low and high boundaries for proper pairs: (1, 23963)
[0000][PE] analyzing insert size distribution for orientation RR...
[0000][PE] (25, 50, 75) percentile: (141, 188, 269)
[0000][PE] low and high boundaries for computing mean and std.dev: (1, 525)
[0000][PE] mean and std.dev: (180.09, 75.78)
[0000][PE] low and high boundaries for proper pairs: (1, 653)
[0000][PE] skip orientation FF
[0000][PE] skip orientation RF
[0000][PE] skip orientation RR
[0000] 3. Calling kt_for - worker_sam
	[0000][ M::mem_process_seqs] Processed 2735926 reads in 410.173 CPU sec, 11.973 real sec
[0000] read_chunk: 400000000, work_chunk_size: 400000017, nseq: 2734982
	[0000][ M::kt_pipeline] read 2734982 sequences (400000017 bp)...
[0000] Calling mem_process_seqs.., task: 21
[0000] 1. Calling kt_for - worker_bwt
[0000] 2. Calling kt_for - worker_aln
[0000] Inferring insert size distribution of PE reads from data, l_pac: 656111652, n: 2734982
[0000][PE] # candidate unique pairs for (FF, FR, RF, RR): (119, 1106387, 128, 92)
[0000][PE] analyzing insert size distribution for orientation FF...
[0000][PE] (25, 50, 75) percentile: (139, 199, 360)
[0000][PE] low and high boundaries for computing mean and std.dev: (1, 802)
[0000][PE] mean and std.dev: (194.33, 118.30)
[0000][PE] low and high boundaries for proper pairs: (1, 1023)
[0000][PE] analyzing insert size distribution for orientation FR...
[0000][PE] (25, 50, 75) percentile: (256, 295, 330)
[0000][PE] low and high boundaries for computing mean and std.dev: (108, 478)
[0000][PE] mean and std.dev: (291.83, 51.15)
[0000][PE] low and high boundaries for proper pairs: (34, 552)
[0000][PE] analyzing insert size distribution for orientation RF...
[0000][PE] (25, 50, 75) percentile: (756, 3383, 6381)
[0000][PE] low and high boundaries for computing mean and std.dev: (1, 17631)
[0000][PE] mean and std.dev: (3822.66, 3074.42)
[0000][PE] low and high boundaries for proper pairs: (1, 23256)
[0000][PE] analyzing insert size distribution for orientation RR...
[0000][PE] (25, 50, 75) percentile: (151, 203, 273)
[0000][PE] low and high boundaries for computing mean and std.dev: (1, 517)
[0000][PE] mean and std.dev: (207.84, 90.33)
[0000][PE] low and high boundaries for proper pairs: (1, 639)
[0000][PE] skip orientation FF
[0000][PE] skip orientation RF
[0000][PE] skip orientation RR
[0000] 3. Calling kt_for - worker_sam
[0000] read_chunk: 400000000, work_chunk_size: 400000195, nseq: 2735838
	[0000][ M::kt_pipeline] read 2735838 sequences (400000195 bp)...
	[0000][ M::mem_process_seqs] Processed 2734982 reads in 463.874 CPU sec, 15.264 real sec
[0000] Calling mem_process_seqs.., task: 22
[0000] 1. Calling kt_for - worker_bwt
[0000] 2. Calling kt_for - worker_aln
[0000] Inferring insert size distribution of PE reads from data, l_pac: 656111652, n: 2735838
[0000][PE] # candidate unique pairs for (FF, FR, RF, RR): (101, 1119478, 143, 85)
[0000][PE] analyzing insert size distribution for orientation FF...
[0000][PE] (25, 50, 75) percentile: (138, 196, 265)
[0000][PE] low and high boundaries for computing mean and std.dev: (1, 519)
[0000][PE] mean and std.dev: (189.94, 83.81)
[0000][PE] low and high boundaries for proper pairs: (1, 646)
[0000][PE] analyzing insert size distribution for orientation FR...
[0000][PE] (25, 50, 75) percentile: (256, 295, 330)
[0000][PE] low and high boundaries for computing mean and std.dev: (108, 478)
[0000][PE] mean and std.dev: (291.90, 51.07)
[0000][PE] low and high boundaries for proper pairs: (34, 552)
[0000][PE] analyzing insert size distribution for orientation RF...
[0000][PE] (25, 50, 75) percentile: (553, 2661, 6803)
[0000][PE] low and high boundaries for computing mean and std.dev: (1, 19303)
[0000][PE] mean and std.dev: (3491.83, 3140.48)
[0000][PE] low and high boundaries for proper pairs: (1, 25553)
[0000][PE] analyzing insert size distribution for orientation RR...
[0000][PE] (25, 50, 75) percentile: (153, 214, 656)
[0000][PE] low and high boundaries for computing mean and std.dev: (1, 1662)
[0000][PE] mean and std.dev: (277.38, 264.14)
[0000][PE] low and high boundaries for proper pairs: (1, 2165)
[0000][PE] skip orientation FF
[0000][PE] skip orientation RF
[0000][PE] skip orientation RR
[0000] 3. Calling kt_for - worker_sam
	[0000][ M::mem_process_seqs] Processed 2735838 reads in 426.500 CPU sec, 12.022 real sec
[0000] read_chunk: 400000000, work_chunk_size: 400000231, nseq: 2735954
	[0000][ M::kt_pipeline] read 2735954 sequences (400000231 bp)...
[0000] Calling mem_process_seqs.., task: 23
[0000] 1. Calling kt_for - worker_bwt
[0000] 2. Calling kt_for - worker_aln
[0000] Inferring insert size distribution of PE reads from data, l_pac: 656111652, n: 2735954
[0000][PE] # candidate unique pairs for (FF, FR, RF, RR): (94, 1131840, 117, 86)
[0000][PE] analyzing insert size distribution for orientation FF...
[0000][PE] (25, 50, 75) percentile: (126, 206, 281)
[0000][PE] low and high boundaries for computing mean and std.dev: (1, 591)
[0000][PE] mean and std.dev: (183.77, 96.25)
[0000][PE] low and high boundaries for proper pairs: (1, 746)
[0000][PE] analyzing insert size distribution for orientation FR...
[0000][PE] (25, 50, 75) percentile: (256, 295, 330)
[0000][PE] low and high boundaries for computing mean and std.dev: (108, 478)
[0000][PE] mean and std.dev: (291.96, 51.04)
[0000][PE] low and high boundaries for proper pairs: (34, 552)
[0000][PE] analyzing insert size distribution for orientation RF...
[0000][PE] (25, 50, 75) percentile: (1956, 5725, 8472)
[0000][PE] low and high boundaries for computing mean and std.dev: (1, 21504)
[0000][PE] mean and std.dev: (5319.09, 3378.20)
[0000][PE] low and high boundaries for proper pairs: (1, 28020)
[0000][PE] analyzing insert size distribution for orientation RR...
[0000][PE] (25, 50, 75) percentile: (151, 211, 491)
[0000][PE] low and high boundaries for computing mean and std.dev: (1, 1171)
[0000][PE] mean and std.dev: (284.83, 248.66)
[0000][PE] low and high boundaries for proper pairs: (1, 1511)
[0000][PE] skip orientation FF
[0000][PE] skip orientation RF
[0000][PE] skip orientation RR
[0000] 3. Calling kt_for - worker_sam
	[0000][ M::mem_process_seqs] Processed 2735954 reads in 375.713 CPU sec, 16.855 real sec
[0000] read_chunk: 400000000, work_chunk_size: 400000208, nseq: 2736960
	[0000][ M::kt_pipeline] read 2736960 sequences (400000208 bp)...
[0000] Calling mem_process_seqs.., task: 24
[0000] 1. Calling kt_for - worker_bwt
[0000] 2. Calling kt_for - worker_aln
[0000] Inferring insert size distribution of PE reads from data, l_pac: 656111652, n: 2736960
[0000][PE] # candidate unique pairs for (FF, FR, RF, RR): (99, 1128160, 137, 101)
[0000][PE] analyzing insert size distribution for orientation FF...
[0000][PE] (25, 50, 75) percentile: (133, 191, 272)
[0000][PE] low and high boundaries for computing mean and std.dev: (1, 550)
[0000][PE] mean and std.dev: (173.60, 77.50)
[0000][PE] low and high boundaries for proper pairs: (1, 689)
[0000][PE] analyzing insert size distribution for orientation FR...
[0000][PE] (25, 50, 75) percentile: (256, 295, 330)
[0000][PE] low and high boundaries for computing mean and std.dev: (108, 478)
[0000][PE] mean and std.dev: (291.88, 51.14)
[0000][PE] low and high boundaries for proper pairs: (34, 552)
[0000][PE] analyzing insert size distribution for orientation RF...
[0000][PE] (25, 50, 75) percentile: (993, 3204, 6232)
[0000][PE] low and high boundaries for computing mean and std.dev: (1, 16710)
[0000][PE] mean and std.dev: (3518.70, 2925.15)
[0000][PE] low and high boundaries for proper pairs: (1, 21949)
[0000][PE] analyzing insert size distribution for orientation RR...
[0000][PE] (25, 50, 75) percentile: (143, 204, 402)
[0000][PE] low and high boundaries for computing mean and std.dev: (1, 920)
[0000][PE] mean and std.dev: (208.84, 132.68)
[0000][PE] low and high boundaries for proper pairs: (1, 1179)
[0000][PE] skip orientation FF
[0000][PE] skip orientation RF
[0000][PE] skip orientation RR
[0000] 3. Calling kt_for - worker_sam
[0000] read_chunk: 400000000, work_chunk_size: 400000111, nseq: 2735202
	[0000][ M::kt_pipeline] read 2735202 sequences (400000111 bp)...
	[0000][ M::mem_process_seqs] Processed 2736960 reads in 375.062 CPU sec, 10.339 real sec
[0000] Calling mem_process_seqs.., task: 25
[0000] 1. Calling kt_for - worker_bwt
[0000] 2. Calling kt_for - worker_aln
[0000] Inferring insert size distribution of PE reads from data, l_pac: 656111652, n: 2735202
[0000][PE] # candidate unique pairs for (FF, FR, RF, RR): (85, 1106268, 122, 83)
[0000][PE] analyzing insert size distribution for orientation FF...
[0000][PE] (25, 50, 75) percentile: (149, 190, 289)
[0000][PE] low and high boundaries for computing mean and std.dev: (1, 569)
[0000][PE] mean and std.dev: (185.00, 82.77)
[0000][PE] low and high boundaries for proper pairs: (1, 709)
[0000][PE] analyzing insert size distribution for orientation FR...
[0000][PE] (25, 50, 75) percentile: (256, 294, 330)
[0000][PE] low and high boundaries for computing mean and std.dev: (108, 478)
[0000][PE] mean and std.dev: (291.79, 51.10)
[0000][PE] low and high boundaries for proper pairs: (34, 552)
[0000][PE] analyzing insert size distribution for orientation RF...
[0000][PE] (25, 50, 75) percentile: (986, 4007, 6376)
[0000][PE] low and high boundaries for computing mean and std.dev: (1, 17156)
[0000][PE] mean and std.dev: (4021.55, 3152.81)
[0000][PE] low and high boundaries for proper pairs: (1, 22546)
[0000][PE] analyzing insert size distribution for orientation RR...
[0000][PE] (25, 50, 75) percentile: (183, 230, 881)
[0000][PE] low and high boundaries for computing mean and std.dev: (1, 2277)
[0000][PE] mean and std.dev: (414.84, 478.88)
[0000][PE] low and high boundaries for proper pairs: (1, 2975)
[0000][PE] skip orientation FF
[0000][PE] skip orientation RF
[0000][PE] skip orientation RR
[0000] 3. Calling kt_for - worker_sam
	[0000][ M::mem_process_seqs] Processed 2735202 reads in 455.541 CPU sec, 13.894 real sec
[0000] read_chunk: 400000000, work_chunk_size: 400000057, nseq: 2736340
	[0000][ M::kt_pipeline] read 2736340 sequences (400000057 bp)...
[0000] Calling mem_process_seqs.., task: 26
[0000] 1. Calling kt_for - worker_bwt
[0000] 2. Calling kt_for - worker_aln
[0000] read_chunk: 400000000, work_chunk_size: 8398675, nseq: 57388
	[0000][ M::kt_pipeline] read 57388 sequences (8398675 bp)...
[0000] Inferring insert size distribution of PE reads from data, l_pac: 656111652, n: 2736340
[0000][PE] # candidate unique pairs for (FF, FR, RF, RR): (117, 1136729, 127, 91)
[0000][PE] analyzing insert size distribution for orientation FF...
[0000][PE] (25, 50, 75) percentile: (170, 225, 440)
[0000][PE] low and high boundaries for computing mean and std.dev: (1, 980)
[0000][PE] mean and std.dev: (245.46, 154.71)
[0000][PE] low and high boundaries for proper pairs: (1, 1250)
[0000][PE] analyzing insert size distribution for orientation FR...
[0000][PE] (25, 50, 75) percentile: (256, 295, 330)
[0000][PE] low and high boundaries for computing mean and std.dev: (108, 478)
[0000][PE] mean and std.dev: (291.89, 51.09)
[0000][PE] low and high boundaries for proper pairs: (34, 552)
[0000][PE] analyzing insert size distribution for orientation RF...
[0000][PE] (25, 50, 75) percentile: (603, 2205, 5589)
[0000][PE] low and high boundaries for computing mean and std.dev: (1, 15561)
[0000][PE] mean and std.dev: (3259.75, 3040.65)
[0000][PE] low and high boundaries for proper pairs: (1, 20547)
[0000][PE] analyzing insert size distribution for orientation RR...
[0000][PE] (25, 50, 75) percentile: (156, 198, 289)
[0000][PE] low and high boundaries for computing mean and std.dev: (1, 555)
[0000][PE] mean and std.dev: (190.88, 78.56)
[0000][PE] low and high boundaries for proper pairs: (1, 688)
[0000][PE] skip orientation FF
[0000][PE] skip orientation RF
[0000][PE] skip orientation RR
[0000] 3. Calling kt_for - worker_sam
	[0000][ M::mem_process_seqs] Processed 2736340 reads in 371.526 CPU sec, 11.011 real sec
[0000] Calling mem_process_seqs.., task: 27
[0000] 1. Calling kt_for - worker_bwt
[0000] 2. Calling kt_for - worker_aln
[0000] Inferring insert size distribution of PE reads from data, l_pac: 656111652, n: 57388
[0000][PE] # candidate unique pairs for (FF, FR, RF, RR): (1, 23910, 1, 3)
[0000][PE] skip orientation FF as there are not enough pairs
[0000][PE] analyzing insert size distribution for orientation FR...
[0000][PE] (25, 50, 75) percentile: (256, 295, 330)
[0000][PE] low and high boundaries for computing mean and std.dev: (108, 478)
[0000][PE] mean and std.dev: (291.83, 51.07)
[0000][PE] low and high boundaries for proper pairs: (34, 552)
[0000][PE] skip orientation RF as there are not enough pairs
[0000][PE] skip orientation RR as there are not enough pairs
[0000] 3. Calling kt_for - worker_sam
	[0000][ M::mem_process_seqs] Processed 57388 reads in 8.826 CPU sec, 0.514 real sec
[0000] read_chunk: 400000000, work_chunk_size: 0, nseq: 0
[0000] read_chunk: 400000000, work_chunk_size: 0, nseq: 0
[0000] Computation ends..
No. of OMP threads: 40
Processor is running @2394.742764 MHz
Runtime profile:

	Time taken for main_mem function: 477.49 sec

	IO times (sec) :
	Reading IO time (reads) avg: 254.23, (254.23, 254.23)
	Writing IO time (SAM) avg: 199.05, (199.05, 199.05)
	Reading IO time (Reference Genome) avg: 0.52, (0.52, 0.52)
	Index read time avg: 0.12, (0.12, 0.12)

	Overall time (sec) (Excluding Index reading time):
	PROCESS() (Total compute time + (read + SAM) IO time) : 476.84
	MEM_PROCESS_SEQ() (Total compute time (Kernel + SAM)), avg: 331.06, (331.06, 331.06)

	 SAM Processing time (sec):
	--WORKER_SAM avg: 140.17, (140.17, 140.17)

	Kernels' compute time (sec):
	Total kernel (smem+sal+bsw) time avg: 182.52, (182.52, 182.52)
		MEM_ALN_CHAIN_FLT avg: 0.00, (0.00, 0.00)
		MEM_ALN_CHAIN_SEED avg: 0.00, (0.00, 0.00)
		ERT_SEED_CHAIN avg: 0.00, (0.00, 0.00)
	LEARNED_SEED_CHAIN avg: 66.31, (66.77, 66.06)
		SMEM compute avg: 0.00, (0.00, 0.00)
		SAL compute avg: 0.00, (0.00, 0.00)
				MEM_SA avg: 0.00, (0.00, 0.00)

		BSW time, avg: 107.13, (107.99, 106.36)

Important parameter settings: 
	BATCH_SIZE: 512
	MAX_SEQ_LEN_REF: 256
	MAX_SEQ_LEN_QER: 128
	MAX_SEQ_LEN8: 128
	SEEDS_PER_READ: 500
	SIMD_WIDTH8 X: 64
	SIMD_WIDTH16 X: 32
	AVG_SEEDS_PER_READ: 64
