Looking to launch executable "/opt/conda/bin/bwa-meme_mode3.avx512bw", simd = _mode3.avx512bw
Launching executable "/opt/conda/bin/bwa-meme_mode3.avx512bw"
-----------------------------
Executing in AVX512 mode!!
-----------------------------
* SA compression enabled with xfactor: 8
* Ref file: reference.902362185.genome.fasta
* Entering FMI_search
Reading other elements of the index from files reference.902362185.genome.fasta
* Index prefix: reference.902362185.genome.fasta
* Read 0 ALT contigs
* Reading reference genome..
* Binary seq file = reference.902362185.genome.fasta.0123
* Reference genome size: 1312223304 bp
* Done reading reference genome !!

------------------------------------------
1. Memory pre-allocation for Chaining: 5679.4903 MB
2. Memory pre-allocation for BSW: 9584.6810 MB
[M::memoryAllocLearned::MEME] Reading Learned-index models into memory
[Learned-Config] MODE:3 SEARCH_METHOD: 1 MEM_TRADEOFF:1 EXPONENTIAL_SMEMSEARCH: 1 DEBUG_MODE:0 Num 2nd Models:268435456 PWL Bits Used:28
[M::memoryAllocLearned::MEME] Loading RMI model and Pac reference file took 9.507 sec
[M::memoryAllocLearned::MEME] Reading suffix array into memory
[M::memoryAllocLearned::MEME] Loading pos_packed file took 13.826 sec
[M::memoryAllocLearned::MEME] Generating SA, 64-bit Suffix and ISA in memory
[M::memoryAllocLearned::MEME] Runtime-build-index took 13.516 sec
3. Memory pre-allocation for BWT: 7204.5072 MB
------------------------------------------
* Threads used (compute): 40
* No. of pipeline threads: 2

[0000] read_chunk: 400000000, work_chunk_size: 400000132, nseq: 2814194
	[0000][ M::kt_pipeline] read 2814194 sequences (400000132 bp)...
[0000] Reallocating initial memory allocations!!
[0000] Calling mem_process_seqs.., task: 0
[0000] 1. Calling kt_for - worker_bwt
[0000] 2. Calling kt_for - worker_aln
[0000] Inferring insert size distribution of PE reads from data, l_pac: 656111652, n: 2814194
[0000][PE] # candidate unique pairs for (FF, FR, RF, RR): (89, 1126528, 105, 73)
[0000][PE] analyzing insert size distribution for orientation FF...
[0000][PE] (25, 50, 75) percentile: (127, 198, 300)
[0000][PE] low and high boundaries for computing mean and std.dev: (1, 646)
[0000][PE] mean and std.dev: (166.81, 76.29)
[0000][PE] low and high boundaries for proper pairs: (1, 819)
[0000][PE] analyzing insert size distribution for orientation FR...
[0000][PE] (25, 50, 75) percentile: (231, 280, 321)
[0000][PE] low and high boundaries for computing mean and std.dev: (51, 501)
[0000][PE] mean and std.dev: (265.62, 76.33)
[0000][PE] low and high boundaries for proper pairs: (1, 591)
[0000][PE] analyzing insert size distribution for orientation RF...
[0000][PE] (25, 50, 75) percentile: (985, 3046, 6103)
[0000][PE] low and high boundaries for computing mean and std.dev: (1, 16339)
[0000][PE] mean and std.dev: (3732.53, 3037.61)
[0000][PE] low and high boundaries for proper pairs: (1, 21457)
[0000][PE] analyzing insert size distribution for orientation RR...
[0000][PE] (25, 50, 75) percentile: (146, 226, 1613)
[0000][PE] low and high boundaries for computing mean and std.dev: (1, 4547)
[0000][PE] mean and std.dev: (674.14, 1067.71)
[0000][PE] low and high boundaries for proper pairs: (1, 6014)
[0000][PE] skip orientation FF
[0000][PE] skip orientation RF
[0000][PE] skip orientation RR
[0000] 3. Calling kt_for - worker_sam
[0000] read_chunk: 400000000, work_chunk_size: 400000256, nseq: 2813848
	[0000][ M::kt_pipeline] read 2813848 sequences (400000256 bp)...
	[0000][ M::mem_process_seqs] Processed 2814194 reads in 459.977 CPU sec, 13.300 real sec
[0000] Calling mem_process_seqs.., task: 1
[0000] 1. Calling kt_for - worker_bwt
[0000] 2. Calling kt_for - worker_aln
[0000] Inferring insert size distribution of PE reads from data, l_pac: 656111652, n: 2813848
[0000][PE] # candidate unique pairs for (FF, FR, RF, RR): (98, 1119988, 101, 61)
[0000][PE] analyzing insert size distribution for orientation FF...
[0000][PE] (25, 50, 75) percentile: (143, 191, 278)
[0000][PE] low and high boundaries for computing mean and std.dev: (1, 548)
[0000][PE] mean and std.dev: (167.57, 65.02)
[0000][PE] low and high boundaries for proper pairs: (1, 683)
[0000][PE] analyzing insert size distribution for orientation FR...
[0000][PE] (25, 50, 75) percentile: (231, 280, 321)
[0000][PE] low and high boundaries for computing mean and std.dev: (51, 501)
[0000][PE] mean and std.dev: (265.66, 76.47)
[0000][PE] low and high boundaries for proper pairs: (1, 591)
[0000][PE] analyzing insert size distribution for orientation RF...
[0000][PE] (25, 50, 75) percentile: (933, 3107, 6410)
[0000][PE] low and high boundaries for computing mean and std.dev: (1, 17364)
[0000][PE] mean and std.dev: (3624.65, 3071.25)
[0000][PE] low and high boundaries for proper pairs: (1, 22841)
[0000][PE] analyzing insert size distribution for orientation RR...
[0000][PE] (25, 50, 75) percentile: (156, 214, 1784)
[0000][PE] low and high boundaries for computing mean and std.dev: (1, 5040)
[0000][PE] mean and std.dev: (652.48, 973.33)
[0000][PE] low and high boundaries for proper pairs: (1, 6668)
[0000][PE] skip orientation FF
[0000][PE] skip orientation RF
[0000][PE] skip orientation RR
[0000] 3. Calling kt_for - worker_sam
	[0000][ M::mem_process_seqs] Processed 2813848 reads in 474.519 CPU sec, 14.088 real sec
[0000] read_chunk: 400000000, work_chunk_size: 400000119, nseq: 2815088
	[0000][ M::kt_pipeline] read 2815088 sequences (400000119 bp)...
[0000] Reallocating initial memory allocations!!
[0000] Calling mem_process_seqs.., task: 2
[0000] 1. Calling kt_for - worker_bwt
[0000] 2. Calling kt_for - worker_aln
[0000] read_chunk: 400000000, work_chunk_size: 400000135, nseq: 2815646
[0000] Inferring insert size distribution of PE reads from data, l_pac: 656111652, n: 2815088
	[0000][ M::kt_pipeline] read 2815646 sequences (400000135 bp)...
[0000][PE] # candidate unique pairs for (FF, FR, RF, RR): (77, 1129054, 91, 68)
[0000][PE] analyzing insert size distribution for orientation FF...
[0000][PE] (25, 50, 75) percentile: (162, 203, 268)
[0000][PE] low and high boundaries for computing mean and std.dev: (1, 480)
[0000][PE] mean and std.dev: (174.57, 67.21)
[0000][PE] low and high boundaries for proper pairs: (1, 586)
[0000][PE] analyzing insert size distribution for orientation FR...
[0000][PE] (25, 50, 75) percentile: (230, 280, 321)
[0000][PE] low and high boundaries for computing mean and std.dev: (48, 503)
[0000][PE] mean and std.dev: (265.06, 77.14)
[0000][PE] low and high boundaries for proper pairs: (1, 594)
[0000][PE] analyzing insert size distribution for orientation RF...
[0000][PE] (25, 50, 75) percentile: (911, 3079, 7726)
[0000][PE] low and high boundaries for computing mean and std.dev: (1, 21356)
[0000][PE] mean and std.dev: (4156.35, 3458.28)
[0000][PE] low and high boundaries for proper pairs: (1, 28171)
[0000][PE] analyzing insert size distribution for orientation RR...
[0000][PE] (25, 50, 75) percentile: (172, 235, 1356)
[0000][PE] low and high boundaries for computing mean and std.dev: (1, 3724)
[0000][PE] mean and std.dev: (491.90, 609.27)
[0000][PE] low and high boundaries for proper pairs: (1, 4908)
[0000][PE] skip orientation FF
[0000][PE] skip orientation RF
[0000][PE] skip orientation RR
[0000] 3. Calling kt_for - worker_sam
	[0000][ M::mem_process_seqs] Processed 2815088 reads in 448.334 CPU sec, 11.915 real sec
[0000] Reallocating initial memory allocations!!
[0000] Calling mem_process_seqs.., task: 3
[0000] 1. Calling kt_for - worker_bwt
[0000] 2. Calling kt_for - worker_aln
[0000] Inferring insert size distribution of PE reads from data, l_pac: 656111652, n: 2815646
[0000] read_chunk: 400000000, work_chunk_size: 400000231, nseq: 2815454
	[0000][ M::kt_pipeline] read 2815454 sequences (400000231 bp)...
[0000][PE] # candidate unique pairs for (FF, FR, RF, RR): (92, 1133016, 109, 70)
[0000][PE] analyzing insert size distribution for orientation FF...
[0000][PE] (25, 50, 75) percentile: (139, 209, 286)
[0000][PE] low and high boundaries for computing mean and std.dev: (1, 580)
[0000][PE] mean and std.dev: (187.32, 83.01)
[0000][PE] low and high boundaries for proper pairs: (1, 727)
[0000][PE] analyzing insert size distribution for orientation FR...
[0000][PE] (25, 50, 75) percentile: (230, 280, 321)
[0000][PE] low and high boundaries for computing mean and std.dev: (48, 503)
[0000][PE] mean and std.dev: (264.98, 77.09)
[0000][PE] low and high boundaries for proper pairs: (1, 594)
[0000][PE] analyzing insert size distribution for orientation RF...
[0000][PE] (25, 50, 75) percentile: (340, 2963, 6918)
[0000][PE] low and high boundaries for computing mean and std.dev: (1, 20074)
[0000][PE] mean and std.dev: (3587.44, 3345.52)
[0000][PE] low and high boundaries for proper pairs: (1, 26652)
[0000][PE] analyzing insert size distribution for orientation RR...
[0000][PE] (25, 50, 75) percentile: (135, 194, 671)
[0000][PE] low and high boundaries for computing mean and std.dev: (1, 1743)
[0000][PE] mean and std.dev: (265.84, 288.82)
[0000][PE] low and high boundaries for proper pairs: (1, 2279)
[0000][PE] skip orientation FF
[0000][PE] skip orientation RF
[0000][PE] skip orientation RR
[0000] 3. Calling kt_for - worker_sam
	[0000][ M::mem_process_seqs] Processed 2815646 reads in 436.434 CPU sec, 11.835 real sec
[0000] Calling mem_process_seqs.., task: 4
[0000] 1. Calling kt_for - worker_bwt
[0000] 2. Calling kt_for - worker_aln
[0000] read_chunk: 400000000, work_chunk_size: 51261675, nseq: 361218
	[0000][ M::kt_pipeline] read 361218 sequences (51261675 bp)...
[0000] Inferring insert size distribution of PE reads from data, l_pac: 656111652, n: 2815454
[0000][PE] # candidate unique pairs for (FF, FR, RF, RR): (80, 1129501, 96, 66)
[0000][PE] analyzing insert size distribution for orientation FF...
[0000][PE] (25, 50, 75) percentile: (153, 207, 426)
[0000][PE] low and high boundaries for computing mean and std.dev: (1, 972)
[0000][PE] mean and std.dev: (211.43, 142.31)
[0000][PE] low and high boundaries for proper pairs: (1, 1245)
[0000][PE] analyzing insert size distribution for orientation FR...
[0000][PE] (25, 50, 75) percentile: (230, 280, 321)
[0000][PE] low and high boundaries for computing mean and std.dev: (48, 503)
[0000][PE] mean and std.dev: (265.07, 77.12)
[0000][PE] low and high boundaries for proper pairs: (1, 594)
[0000][PE] analyzing insert size distribution for orientation RF...
[0000][PE] (25, 50, 75) percentile: (518, 2428, 6795)
[0000][PE] low and high boundaries for computing mean and std.dev: (1, 19349)
[0000][PE] mean and std.dev: (3667.96, 3374.39)
[0000][PE] low and high boundaries for proper pairs: (1, 25626)
[0000][PE] analyzing insert size distribution for orientation RR...
[0000][PE] (25, 50, 75) percentile: (148, 192, 369)
[0000][PE] low and high boundaries for computing mean and std.dev: (1, 811)
[0000][PE] mean and std.dev: (188.58, 90.54)
[0000][PE] low and high boundaries for proper pairs: (1, 1032)
[0000][PE] skip orientation FF
[0000][PE] skip orientation RF
[0000][PE] skip orientation RR
[0000] 3. Calling kt_for - worker_sam
	[0000][ M::mem_process_seqs] Processed 2815454 reads in 449.735 CPU sec, 12.387 real sec
[0000] Calling mem_process_seqs.., task: 5
[0000] 1. Calling kt_for - worker_bwt
[0000] 2. Calling kt_for - worker_aln
[0000] Inferring insert size distribution of PE reads from data, l_pac: 656111652, n: 361218
[0000][PE] # candidate unique pairs for (FF, FR, RF, RR): (8, 148188, 11, 8)
[0000][PE] skip orientation FF as there are not enough pairs
[0000][PE] analyzing insert size distribution for orientation FR...
[0000][PE] (25, 50, 75) percentile: (231, 280, 321)
[0000][PE] low and high boundaries for computing mean and std.dev: (51, 501)
[0000][PE] mean and std.dev: (265.51, 76.37)
[0000][PE] low and high boundaries for proper pairs: (1, 591)
[0000][PE] analyzing insert size distribution for orientation RF...
[0000][PE] (25, 50, 75) percentile: (953, 2059, 4597)
[0000][PE] low and high boundaries for computing mean and std.dev: (1, 11885)
[0000][PE] mean and std.dev: (3229.82, 3113.26)
[0000][PE] low and high boundaries for proper pairs: (1, 15683)
[0000][PE] skip orientation RR as there are not enough pairs
[0000][PE] skip orientation RF
[0000] 3. Calling kt_for - worker_sam
	[0000][ M::mem_process_seqs] Processed 361218 reads in 52.274 CPU sec, 1.649 real sec
[0000] read_chunk: 400000000, work_chunk_size: 0, nseq: 0
[0000] read_chunk: 400000000, work_chunk_size: 0, nseq: 0
[0000] Computation ends..
No. of OMP threads: 40
Processor is running @2394.721142 MHz
Runtime profile:

	Time taken for main_mem function: 121.59 sec

	IO times (sec) :
	Reading IO time (reads) avg: 49.01, (49.01, 49.01)
	Writing IO time (SAM) avg: 21.63, (21.63, 21.63)
	Reading IO time (Reference Genome) avg: 0.51, (0.51, 0.51)
	Index read time avg: 0.12, (0.12, 0.12)

	Overall time (sec) (Excluding Index reading time):
	PROCESS() (Total compute time + (read + SAM) IO time) : 120.95
	MEM_PROCESS_SEQ() (Total compute time (Kernel + SAM)), avg: 65.16, (65.16, 65.16)

	 SAM Processing time (sec):
	--WORKER_SAM avg: 26.59, (26.59, 26.59)

	Kernels' compute time (sec):
	Total kernel (smem+sal+bsw) time avg: 36.89, (36.89, 36.89)
		MEM_ALN_CHAIN_FLT avg: 0.00, (0.00, 0.00)
		MEM_ALN_CHAIN_SEED avg: 0.00, (0.00, 0.00)
		ERT_SEED_CHAIN avg: 0.00, (0.00, 0.00)
	LEARNED_SEED_CHAIN avg: 14.68, (14.81, 14.62)
		SMEM compute avg: 0.00, (0.00, 0.00)
		SAL compute avg: 0.00, (0.00, 0.00)
				MEM_SA avg: 0.00, (0.00, 0.00)

		BSW time, avg: 20.33, (20.60, 20.15)

Important parameter settings: 
	BATCH_SIZE: 512
	MAX_SEQ_LEN_REF: 256
	MAX_SEQ_LEN_QER: 128
	MAX_SEQ_LEN8: 128
	SEEDS_PER_READ: 500
	SIMD_WIDTH8 X: 64
	SIMD_WIDTH16 X: 32
	AVG_SEEDS_PER_READ: 64
