Looking to launch executable "/opt/conda/bin/bwa-meme_mode3.avx512bw", simd = _mode3.avx512bw
Launching executable "/opt/conda/bin/bwa-meme_mode3.avx512bw"
-----------------------------
Executing in AVX512 mode!!
-----------------------------
* SA compression enabled with xfactor: 8
* Ref file: reference.902362185.genome.fasta
* Entering FMI_search
Reading other elements of the index from files reference.902362185.genome.fasta
* Index prefix: reference.902362185.genome.fasta
* Read 0 ALT contigs
* Reading reference genome..
* Binary seq file = reference.902362185.genome.fasta.0123
* Reference genome size: 1312223304 bp
* Done reading reference genome !!

------------------------------------------
1. Memory pre-allocation for Chaining: 5679.4903 MB
2. Memory pre-allocation for BSW: 9584.6810 MB
[M::memoryAllocLearned::MEME] Reading Learned-index models into memory
[Learned-Config] MODE:3 SEARCH_METHOD: 1 MEM_TRADEOFF:1 EXPONENTIAL_SMEMSEARCH: 1 DEBUG_MODE:0 Num 2nd Models:268435456 PWL Bits Used:28
[M::memoryAllocLearned::MEME] Loading RMI model and Pac reference file took 9.703 sec
[M::memoryAllocLearned::MEME] Reading suffix array into memory
[M::memoryAllocLearned::MEME] Loading pos_packed file took 14.274 sec
[M::memoryAllocLearned::MEME] Generating SA, 64-bit Suffix and ISA in memory
[M::memoryAllocLearned::MEME] Runtime-build-index took 13.498 sec
3. Memory pre-allocation for BWT: 7204.5072 MB
------------------------------------------
* Threads used (compute): 40
* No. of pipeline threads: 2

[0000] read_chunk: 400000000, work_chunk_size: 400000256, nseq: 2925526
	[0000][ M::kt_pipeline] read 2925526 sequences (400000256 bp)...
[0000] Reallocating initial memory allocations!!
[0000] read_chunk: 400000000, work_chunk_size: 400000206, nseq: 2923828
	[0000][ M::kt_pipeline] read 2923828 sequences (400000206 bp)...
[0000] Calling mem_process_seqs.., task: 0
[0000] 1. Calling kt_for - worker_bwt
[0000] 2. Calling kt_for - worker_aln
[0000] Inferring insert size distribution of PE reads from data, l_pac: 656111652, n: 2925526
[0000][PE] # candidate unique pairs for (FF, FR, RF, RR): (90, 1172058, 113, 78)
[0000][PE] analyzing insert size distribution for orientation FF...
[0000][PE] (25, 50, 75) percentile: (145, 189, 393)
[0000][PE] low and high boundaries for computing mean and std.dev: (1, 889)
[0000][PE] mean and std.dev: (209.15, 158.67)
[0000][PE] low and high boundaries for proper pairs: (1, 1137)
[0000][PE] analyzing insert size distribution for orientation FR...
[0000][PE] (25, 50, 75) percentile: (174, 264, 314)
[0000][PE] low and high boundaries for computing mean and std.dev: (1, 594)
[0000][PE] mean and std.dev: (241.83, 93.27)
[0000][PE] low and high boundaries for proper pairs: (1, 734)
[0000][PE] analyzing insert size distribution for orientation RF...
[0000][PE] (25, 50, 75) percentile: (705, 3365, 6063)
[0000][PE] low and high boundaries for computing mean and std.dev: (1, 16779)
[0000][PE] mean and std.dev: (3592.82, 2955.18)
[0000][PE] low and high boundaries for proper pairs: (1, 22137)
[0000][PE] analyzing insert size distribution for orientation RR...
[0000][PE] (25, 50, 75) percentile: (154, 228, 737)
[0000][PE] low and high boundaries for computing mean and std.dev: (1, 1903)
[0000][PE] mean and std.dev: (285.34, 245.75)
[0000][PE] low and high boundaries for proper pairs: (1, 2486)
[0000][PE] skip orientation FF
[0000][PE] skip orientation RF
[0000][PE] skip orientation RR
[0000] 3. Calling kt_for - worker_sam
	[0000][ M::mem_process_seqs] Processed 2925526 reads in 441.533 CPU sec, 13.197 real sec
[0000] Calling mem_process_seqs.., task: 1
[0000] 1. Calling kt_for - worker_bwt
[0000] 2. Calling kt_for - worker_aln
[0000] Inferring insert size distribution of PE reads from data, l_pac: 656111652, n: 2923828
[0000][PE] # candidate unique pairs for (FF, FR, RF, RR): (74, 1168828, 94, 75)
[0000][PE] analyzing insert size distribution for orientation FF...
[0000][PE] (25, 50, 75) percentile: (114, 208, 699)
[0000][PE] low and high boundaries for computing mean and std.dev: (1, 1869)
[0000][PE] mean and std.dev: (238.85, 264.36)
[0000][PE] low and high boundaries for proper pairs: (1, 2454)
[0000][PE] analyzing insert size distribution for orientation FR...
[0000][PE] (25, 50, 75) percentile: (175, 264, 314)
[0000][PE] low and high boundaries for computing mean and std.dev: (1, 592)
[0000][PE] mean and std.dev: (241.90, 93.16)
[0000][PE] low and high boundaries for proper pairs: (1, 731)
[0000][PE] analyzing insert size distribution for orientation RF...
[0000][PE] (25, 50, 75) percentile: (838, 2785, 6545)
[0000][PE] low and high boundaries for computing mean and std.dev: (1, 17959)
[0000][PE] mean and std.dev: (3552.86, 2908.92)
[0000][PE] low and high boundaries for proper pairs: (1, 23666)
[0000][PE] analyzing insert size distribution for orientation RR...
[0000][PE] (25, 50, 75) percentile: (163, 213, 725)
[0000][PE] low and high boundaries for computing mean and std.dev: (1, 1849)
[0000][PE] mean and std.dev: (300.83, 309.98)
[0000][PE] low and high boundaries for proper pairs: (1, 2411)
[0000][PE] skip orientation FF
[0000][PE] skip orientation RF
[0000][PE] skip orientation RR
[0000] 3. Calling kt_for - worker_sam
	[0000][ M::mem_process_seqs] Processed 2923828 reads in 451.410 CPU sec, 12.378 real sec
[0000] read_chunk: 400000000, work_chunk_size: 400000060, nseq: 2926232
	[0000][ M::kt_pipeline] read 2926232 sequences (400000060 bp)...
[0000] Reallocating initial memory allocations!!
[0000] read_chunk: 400000000, work_chunk_size: 102981895, nseq: 753156
	[0000][ M::kt_pipeline] read 753156 sequences (102981895 bp)...
[0000] Calling mem_process_seqs.., task: 2
[0000] 1. Calling kt_for - worker_bwt
[0000] 2. Calling kt_for - worker_aln
[0000] Inferring insert size distribution of PE reads from data, l_pac: 656111652, n: 2926232
[0000][PE] # candidate unique pairs for (FF, FR, RF, RR): (81, 1175342, 86, 66)
[0000][PE] analyzing insert size distribution for orientation FF...
[0000][PE] (25, 50, 75) percentile: (135, 178, 267)
[0000][PE] low and high boundaries for computing mean and std.dev: (1, 531)
[0000][PE] mean and std.dev: (167.80, 81.55)
[0000][PE] low and high boundaries for proper pairs: (1, 663)
[0000][PE] analyzing insert size distribution for orientation FR...
[0000][PE] (25, 50, 75) percentile: (175, 264, 314)
[0000][PE] low and high boundaries for computing mean and std.dev: (1, 592)
[0000][PE] mean and std.dev: (241.89, 93.23)
[0000][PE] low and high boundaries for proper pairs: (1, 731)
[0000][PE] analyzing insert size distribution for orientation RF...
[0000][PE] (25, 50, 75) percentile: (291, 1649, 5538)
[0000][PE] low and high boundaries for computing mean and std.dev: (1, 16032)
[0000][PE] mean and std.dev: (3092.80, 3172.75)
[0000][PE] low and high boundaries for proper pairs: (1, 21279)
[0000][PE] analyzing insert size distribution for orientation RR...
[0000][PE] (25, 50, 75) percentile: (129, 197, 269)
[0000][PE] low and high boundaries for computing mean and std.dev: (1, 549)
[0000][PE] mean and std.dev: (168.00, 87.26)
[0000][PE] low and high boundaries for proper pairs: (1, 689)
[0000][PE] skip orientation FF
[0000][PE] skip orientation RF
[0000][PE] skip orientation RR
[0000] 3. Calling kt_for - worker_sam
	[0000][ M::mem_process_seqs] Processed 2926232 reads in 422.184 CPU sec, 11.155 real sec
[0000] Calling mem_process_seqs.., task: 3
[0000] 1. Calling kt_for - worker_bwt
[0000] 2. Calling kt_for - worker_aln
[0000] Inferring insert size distribution of PE reads from data, l_pac: 656111652, n: 753156
[0000][PE] # candidate unique pairs for (FF, FR, RF, RR): (17, 303936, 18, 17)
[0000][PE] analyzing insert size distribution for orientation FF...
[0000][PE] (25, 50, 75) percentile: (109, 167, 1756)
[0000][PE] low and high boundaries for computing mean and std.dev: (1, 5050)
[0000][PE] mean and std.dev: (439.40, 747.64)
[0000][PE] low and high boundaries for proper pairs: (1, 6697)
[0000][PE] analyzing insert size distribution for orientation FR...
[0000][PE] (25, 50, 75) percentile: (175, 264, 314)
[0000][PE] low and high boundaries for computing mean and std.dev: (1, 592)
[0000][PE] mean and std.dev: (241.96, 93.02)
[0000][PE] low and high boundaries for proper pairs: (1, 731)
[0000][PE] analyzing insert size distribution for orientation RF...
[0000][PE] (25, 50, 75) percentile: (928, 5385, 7811)
[0000][PE] low and high boundaries for computing mean and std.dev: (1, 21577)
[0000][PE] mean and std.dev: (4312.33, 3205.01)
[0000][PE] low and high boundaries for proper pairs: (1, 28460)
[0000][PE] analyzing insert size distribution for orientation RR...
[0000][PE] (25, 50, 75) percentile: (176, 230, 296)
[0000][PE] low and high boundaries for computing mean and std.dev: (1, 536)
[0000][PE] mean and std.dev: (209.13, 69.68)
[0000][PE] low and high boundaries for proper pairs: (1, 656)
[0000][PE] skip orientation FF
[0000][PE] skip orientation RF
[0000][PE] skip orientation RR
[0000] 3. Calling kt_for - worker_sam
	[0000][ M::mem_process_seqs] Processed 753156 reads in 112.925 CPU sec, 3.346 real sec
[0000] read_chunk: 400000000, work_chunk_size: 0, nseq: 0
[0000] read_chunk: 400000000, work_chunk_size: 0, nseq: 0
[0000] Computation ends..
No. of OMP threads: 40
Processor is running @2394.715376 MHz
Runtime profile:

	Time taken for main_mem function: 134.15 sec

	IO times (sec) :
	Reading IO time (reads) avg: 50.84, (50.84, 50.84)
	Writing IO time (SAM) avg: 10.43, (10.43, 10.43)
	Reading IO time (Reference Genome) avg: 0.59, (0.59, 0.59)
	Index read time avg: 0.13, (0.13, 0.13)

	Overall time (sec) (Excluding Index reading time):
	PROCESS() (Total compute time + (read + SAM) IO time) : 133.42
	MEM_PROCESS_SEQ() (Total compute time (Kernel + SAM)), avg: 40.07, (40.07, 40.07)

	 SAM Processing time (sec):
	--WORKER_SAM avg: 15.29, (15.29, 15.29)

	Kernels' compute time (sec):
	Total kernel (smem+sal+bsw) time avg: 23.75, (23.75, 23.75)
		MEM_ALN_CHAIN_FLT avg: 0.00, (0.00, 0.00)
		MEM_ALN_CHAIN_SEED avg: 0.00, (0.00, 0.00)
		ERT_SEED_CHAIN avg: 0.00, (0.00, 0.00)
	LEARNED_SEED_CHAIN avg: 10.11, (10.18, 10.04)
		SMEM compute avg: 0.00, (0.00, 0.00)
		SAL compute avg: 0.00, (0.00, 0.00)
				MEM_SA avg: 0.00, (0.00, 0.00)

		BSW time, avg: 12.76, (12.86, 12.67)

Important parameter settings: 
	BATCH_SIZE: 512
	MAX_SEQ_LEN_REF: 256
	MAX_SEQ_LEN_QER: 128
	MAX_SEQ_LEN8: 128
	SEEDS_PER_READ: 500
	SIMD_WIDTH8 X: 64
	SIMD_WIDTH16 X: 32
	AVG_SEEDS_PER_READ: 64
