Looking to launch executable "/opt/conda/bin/bwa-meme_mode3.avx512bw", simd = _mode3.avx512bw
Launching executable "/opt/conda/bin/bwa-meme_mode3.avx512bw"
-----------------------------
Executing in AVX512 mode!!
-----------------------------
* SA compression enabled with xfactor: 8
* Ref file: reference.902362185.genome.fasta
* Entering FMI_search
Reading other elements of the index from files reference.902362185.genome.fasta
* Index prefix: reference.902362185.genome.fasta
* Read 0 ALT contigs
* Reading reference genome..
* Binary seq file = reference.902362185.genome.fasta.0123
* Reference genome size: 1312223304 bp
* Done reading reference genome !!

------------------------------------------
1. Memory pre-allocation for Chaining: 5679.4903 MB
2. Memory pre-allocation for BSW: 9584.6810 MB
[M::memoryAllocLearned::MEME] Reading Learned-index models into memory
[Learned-Config] MODE:3 SEARCH_METHOD: 1 MEM_TRADEOFF:1 EXPONENTIAL_SMEMSEARCH: 1 DEBUG_MODE:0 Num 2nd Models:268435456 PWL Bits Used:28
[M::memoryAllocLearned::MEME] Loading RMI model and Pac reference file took 9.669 sec
[M::memoryAllocLearned::MEME] Reading suffix array into memory
[M::memoryAllocLearned::MEME] Loading pos_packed file took 14.133 sec
[M::memoryAllocLearned::MEME] Generating SA, 64-bit Suffix and ISA in memory
[M::memoryAllocLearned::MEME] Runtime-build-index took 13.152 sec
3. Memory pre-allocation for BWT: 7204.5072 MB
------------------------------------------
* Threads used (compute): 40
* No. of pipeline threads: 2

[0000] read_chunk: 400000000, work_chunk_size: 400000129, nseq: 2826986
	[0000][ M::kt_pipeline] read 2826986 sequences (400000129 bp)...
[0000] Reallocating initial memory allocations!!
[0000] Calling mem_process_seqs.., task: 0
[0000] 1. Calling kt_for - worker_bwt
[0000] 2. Calling kt_for - worker_aln
[0000] Inferring insert size distribution of PE reads from data, l_pac: 656111652, n: 2826986
[0000][PE] # candidate unique pairs for (FF, FR, RF, RR): (97, 1109759, 95, 72)
[0000][PE] analyzing insert size distribution for orientation FF...
[0000][PE] (25, 50, 75) percentile: (129, 200, 345)
[0000][PE] low and high boundaries for computing mean and std.dev: (1, 777)
[0000][PE] mean and std.dev: (178.46, 98.77)
[0000][PE] low and high boundaries for proper pairs: (1, 993)
[0000][PE] analyzing insert size distribution for orientation FR...
[0000] read_chunk: 400000000, work_chunk_size: 400000018, nseq: 2828078
[0000][PE] (25, 50, 75) percentile: (223, 273, 316)
[0000][PE] low and high boundaries for computing mean and std.dev: (37, 502)
[0000][PE] mean and std.dev: (257.62, 80.08)
[0000][PE] low and high boundaries for proper pairs: (1, 595)
[0000][PE] analyzing insert size distribution for orientation RF...
[0000][PE] (25, 50, 75) percentile: (634, 2554, 6128)
[0000][PE] low and high boundaries for computing mean and std.dev: (1, 17116)
[0000][PE] mean and std.dev: (3451.97, 3065.31)
[0000][PE] low and high boundaries for proper pairs: (1, 22610)
[0000][PE] analyzing insert size distribution for orientation RR...
[0000][PE] (25, 50, 75) percentile: (153, 198, 295)
[0000][PE] low and high boundaries for computing mean and std.dev: (1, 579)
[0000][PE] mean and std.dev: (187.90, 97.21)
[0000][PE] low and high boundaries for proper pairs: (1, 721)
[0000][PE] skip orientation FF
[0000][PE] skip orientation RF
[0000][PE] skip orientation RR
[0000] 3. Calling kt_for - worker_sam
	[0000][ M::kt_pipeline] read 2828078 sequences (400000018 bp)...
	[0000][ M::mem_process_seqs] Processed 2826986 reads in 477.365 CPU sec, 12.911 real sec
[0000] Reallocating initial memory allocations!!
[0000] read_chunk: 400000000, work_chunk_size: 93306046, nseq: 659832
	[0000][ M::kt_pipeline] read 659832 sequences (93306046 bp)...
[0000] Calling mem_process_seqs.., task: 1
[0000] 1. Calling kt_for - worker_bwt
[0000] 2. Calling kt_for - worker_aln
[0000] Inferring insert size distribution of PE reads from data, l_pac: 656111652, n: 2828078
[0000][PE] # candidate unique pairs for (FF, FR, RF, RR): (98, 1120399, 117, 79)
[0000][PE] analyzing insert size distribution for orientation FF...
[0000][PE] (25, 50, 75) percentile: (106, 175, 287)
[0000][PE] low and high boundaries for computing mean and std.dev: (1, 649)
[0000][PE] mean and std.dev: (157.69, 83.72)
[0000][PE] low and high boundaries for proper pairs: (1, 830)
[0000][PE] analyzing insert size distribution for orientation FR...
[0000][PE] (25, 50, 75) percentile: (223, 273, 316)
[0000][PE] low and high boundaries for computing mean and std.dev: (37, 502)
[0000][PE] mean and std.dev: (257.76, 80.09)
[0000][PE] low and high boundaries for proper pairs: (1, 595)
[0000][PE] analyzing insert size distribution for orientation RF...
[0000][PE] (25, 50, 75) percentile: (272, 1890, 6310)
[0000][PE] low and high boundaries for computing mean and std.dev: (1, 18386)
[0000][PE] mean and std.dev: (3133.82, 3120.80)
[0000][PE] low and high boundaries for proper pairs: (1, 24424)
[0000][PE] analyzing insert size distribution for orientation RR...
[0000][PE] (25, 50, 75) percentile: (153, 208, 751)
[0000][PE] low and high boundaries for computing mean and std.dev: (1, 1947)
[0000][PE] mean and std.dev: (339.97, 424.64)
[0000][PE] low and high boundaries for proper pairs: (1, 2545)
[0000][PE] skip orientation FF
[0000][PE] skip orientation RF
[0000][PE] skip orientation RR
[0000] 3. Calling kt_for - worker_sam
	[0000][ M::mem_process_seqs] Processed 2828078 reads in 447.454 CPU sec, 12.078 real sec
[0000] Calling mem_process_seqs.., task: 2
[0000] 1. Calling kt_for - worker_bwt
[0000] 2. Calling kt_for - worker_aln
[0000] Inferring insert size distribution of PE reads from data, l_pac: 656111652, n: 659832
[0000][PE] # candidate unique pairs for (FF, FR, RF, RR): (23, 262653, 12, 20)
[0000][PE] analyzing insert size distribution for orientation FF...
[0000][PE] (25, 50, 75) percentile: (98, 169, 235)
[0000][PE] low and high boundaries for computing mean and std.dev: (1, 509)
[0000][PE] mean and std.dev: (150.26, 95.20)
[0000][PE] low and high boundaries for proper pairs: (1, 646)
[0000][PE] analyzing insert size distribution for orientation FR...
[0000][PE] (25, 50, 75) percentile: (223, 273, 316)
[0000][PE] low and high boundaries for computing mean and std.dev: (37, 502)
[0000][PE] mean and std.dev: (257.86, 80.08)
[0000][PE] low and high boundaries for proper pairs: (1, 595)
[0000][PE] analyzing insert size distribution for orientation RF...
[0000][PE] (25, 50, 75) percentile: (196, 1030, 4908)
[0000][PE] low and high boundaries for computing mean and std.dev: (1, 14332)
[0000][PE] mean and std.dev: (2285.25, 3211.43)
[0000][PE] low and high boundaries for proper pairs: (1, 19044)
[0000][PE] analyzing insert size distribution for orientation RR...
[0000][PE] (25, 50, 75) percentile: (143, 183, 267)
[0000][PE] low and high boundaries for computing mean and std.dev: (1, 515)
[0000][PE] mean and std.dev: (155.94, 64.02)
[0000][PE] low and high boundaries for proper pairs: (1, 639)
[0000][PE] skip orientation FF
[0000][PE] skip orientation RF
[0000][PE] skip orientation RR
[0000] 3. Calling kt_for - worker_sam
	[0000][ M::mem_process_seqs] Processed 659832 reads in 103.534 CPU sec, 2.999 real sec
[0000] read_chunk: 400000000, work_chunk_size: 0, nseq: 0
[0000] read_chunk: 400000000, work_chunk_size: 0, nseq: 0
[0000] Computation ends..
No. of OMP threads: 40
Processor is running @2394.719400 MHz
Runtime profile:

	Time taken for main_mem function: 113.15 sec

	IO times (sec) :
	Reading IO time (reads) avg: 20.46, (20.46, 20.46)
	Writing IO time (SAM) avg: 6.49, (6.49, 6.49)
	Reading IO time (Reference Genome) avg: 0.52, (0.52, 0.52)
	Index read time avg: 0.12, (0.12, 0.12)

	Overall time (sec) (Excluding Index reading time):
	PROCESS() (Total compute time + (read + SAM) IO time) : 112.50
	MEM_PROCESS_SEQ() (Total compute time (Kernel + SAM)), avg: 27.98, (27.98, 27.98)

	 SAM Processing time (sec):
	--WORKER_SAM avg: 11.81, (11.81, 11.81)

	Kernels' compute time (sec):
	Total kernel (smem+sal+bsw) time avg: 15.47, (15.47, 15.47)
		MEM_ALN_CHAIN_FLT avg: 0.00, (0.00, 0.00)
		MEM_ALN_CHAIN_SEED avg: 0.00, (0.00, 0.00)
		ERT_SEED_CHAIN avg: 0.00, (0.00, 0.00)
	LEARNED_SEED_CHAIN avg: 5.82, (5.97, 5.73)
		SMEM compute avg: 0.00, (0.00, 0.00)
		SAL compute avg: 0.00, (0.00, 0.00)
				MEM_SA avg: 0.00, (0.00, 0.00)

		BSW time, avg: 8.86, (9.03, 8.75)

Important parameter settings: 
	BATCH_SIZE: 512
	MAX_SEQ_LEN_REF: 256
	MAX_SEQ_LEN_QER: 128
	MAX_SEQ_LEN8: 128
	SEEDS_PER_READ: 500
	SIMD_WIDTH8 X: 64
	SIMD_WIDTH16 X: 32
	AVG_SEEDS_PER_READ: 64
