Looking to launch executable "/opt/conda/bin/bwa-meme_mode3.avx512bw", simd = _mode3.avx512bw
Launching executable "/opt/conda/bin/bwa-meme_mode3.avx512bw"
-----------------------------
Executing in AVX512 mode!!
-----------------------------
* SA compression enabled with xfactor: 8
* Ref file: reference.902362185.genome.fasta
* Entering FMI_search
Reading other elements of the index from files reference.902362185.genome.fasta
* Index prefix: reference.902362185.genome.fasta
* Read 0 ALT contigs
* Reading reference genome..
* Binary seq file = reference.902362185.genome.fasta.0123
* Reference genome size: 1312223304 bp
* Done reading reference genome !!

------------------------------------------
1. Memory pre-allocation for Chaining: 5679.4903 MB
2. Memory pre-allocation for BSW: 9584.6810 MB
[M::memoryAllocLearned::MEME] Reading Learned-index models into memory
[Learned-Config] MODE:3 SEARCH_METHOD: 1 MEM_TRADEOFF:1 EXPONENTIAL_SMEMSEARCH: 1 DEBUG_MODE:0 Num 2nd Models:268435456 PWL Bits Used:28
[M::memoryAllocLearned::MEME] Loading RMI model and Pac reference file took 9.684 sec
[M::memoryAllocLearned::MEME] Reading suffix array into memory
[M::memoryAllocLearned::MEME] Loading pos_packed file took 14.243 sec
[M::memoryAllocLearned::MEME] Generating SA, 64-bit Suffix and ISA in memory
[M::memoryAllocLearned::MEME] Runtime-build-index took 13.416 sec
3. Memory pre-allocation for BWT: 7204.5072 MB
------------------------------------------
* Threads used (compute): 40
* No. of pipeline threads: 2

[0000] read_chunk: 400000000, work_chunk_size: 400000066, nseq: 2826906
	[0000][ M::kt_pipeline] read 2826906 sequences (400000066 bp)...
[0000] Reallocating initial memory allocations!!
[0000] read_chunk: 400000000, work_chunk_size: 400000272, nseq: 2824416
	[0000][ M::kt_pipeline] read 2824416 sequences (400000272 bp)...
[0000] Calling mem_process_seqs.., task: 0
[0000] 1. Calling kt_for - worker_bwt
[0000] 2. Calling kt_for - worker_aln
[0000] Inferring insert size distribution of PE reads from data, l_pac: 656111652, n: 2826906
[0000][PE] # candidate unique pairs for (FF, FR, RF, RR): (81, 1107006, 110, 72)
[0000][PE] analyzing insert size distribution for orientation FF...
[0000][PE] (25, 50, 75) percentile: (145, 200, 297)
[0000][PE] low and high boundaries for computing mean and std.dev: (1, 601)
[0000][PE] mean and std.dev: (196.19, 101.49)
[0000][PE] low and high boundaries for proper pairs: (1, 753)
[0000][PE] analyzing insert size distribution for orientation FR...
[0000][PE] (25, 50, 75) percentile: (227, 277, 319)
[0000][PE] low and high boundaries for computing mean and std.dev: (43, 503)
[0000][PE] mean and std.dev: (262.20, 79.06)
[0000][PE] low and high boundaries for proper pairs: (1, 595)
[0000][PE] analyzing insert size distribution for orientation RF...
[0000][PE] (25, 50, 75) percentile: (413, 2734, 6346)
[0000][PE] low and high boundaries for computing mean and std.dev: (1, 18212)
[0000][PE] mean and std.dev: (3545.86, 3138.07)
[0000][PE] low and high boundaries for proper pairs: (1, 24145)
[0000][PE] analyzing insert size distribution for orientation RR...
[0000][PE] (25, 50, 75) percentile: (130, 198, 253)
[0000][PE] low and high boundaries for computing mean and std.dev: (1, 499)
[0000][PE] mean and std.dev: (177.83, 76.60)
[0000][PE] low and high boundaries for proper pairs: (1, 622)
[0000][PE] skip orientation FF
[0000][PE] skip orientation RF
[0000][PE] skip orientation RR
[0000] 3. Calling kt_for - worker_sam
	[0000][ M::mem_process_seqs] Processed 2826906 reads in 502.406 CPU sec, 14.936 real sec
[0000] Calling mem_process_seqs.., task: 1
[0000] 1. Calling kt_for - worker_bwt
[0000] 2. Calling kt_for - worker_aln
[0000] Inferring insert size distribution of PE reads from data, l_pac: 656111652, n: 2824416
[0000][PE] # candidate unique pairs for (FF, FR, RF, RR): (69, 1090723, 122, 76)
[0000][PE] analyzing insert size distribution for orientation FF...
[0000][PE] (25, 50, 75) percentile: (124, 185, 311)
[0000][PE] low and high boundaries for computing mean and std.dev: (1, 685)
[0000][PE] mean and std.dev: (190.25, 101.42)
[0000][PE] low and high boundaries for proper pairs: (1, 872)
[0000][PE] analyzing insert size distribution for orientation FR...
[0000][PE] (25, 50, 75) percentile: (227, 277, 319)
[0000][PE] low and high boundaries for computing mean and std.dev: (43, 503)
[0000][PE] mean and std.dev: (262.22, 78.98)
[0000][PE] low and high boundaries for proper pairs: (1, 595)
[0000][PE] analyzing insert size distribution for orientation RF...
[0000][PE] (25, 50, 75) percentile: (767, 2170, 6324)
[0000][PE] low and high boundaries for computing mean and std.dev: (1, 17438)
[0000][PE] mean and std.dev: (3672.00, 3279.43)
[0000][PE] low and high boundaries for proper pairs: (1, 22995)
[0000][PE] analyzing insert size distribution for orientation RR...
[0000][PE] (25, 50, 75) percentile: (126, 196, 318)
[0000][PE] low and high boundaries for computing mean and std.dev: (1, 702)
[0000][PE] mean and std.dev: (180.78, 97.83)
[0000][PE] low and high boundaries for proper pairs: (1, 894)
[0000][PE] skip orientation FF
[0000][PE] skip orientation RF
[0000][PE] skip orientation RR
[0000] 3. Calling kt_for - worker_sam
[0000] read_chunk: 400000000, work_chunk_size: 400000058, nseq: 2828086
	[0000][ M::kt_pipeline] read 2828086 sequences (400000058 bp)...
	[0000][ M::mem_process_seqs] Processed 2824416 reads in 543.315 CPU sec, 15.193 real sec
[0000] Reallocating initial memory allocations!!
[0000] Calling mem_process_seqs.., task: 2
[0000] 1. Calling kt_for - worker_bwt
[0000] 2. Calling kt_for - worker_aln
[0000] read_chunk: 400000000, work_chunk_size: 400000186, nseq: 2827696
[0000] Inferring insert size distribution of PE reads from data, l_pac: 656111652, n: 2828086
	[0000][ M::kt_pipeline] read 2827696 sequences (400000186 bp)...
[0000][PE] # candidate unique pairs for (FF, FR, RF, RR): (71, 1110777, 113, 73)
[0000][PE] analyzing insert size distribution for orientation FF...
[0000][PE] (25, 50, 75) percentile: (147, 176, 236)
[0000][PE] low and high boundaries for computing mean and std.dev: (1, 414)
[0000][PE] mean and std.dev: (171.95, 48.72)
[0000][PE] low and high boundaries for proper pairs: (1, 503)
[0000][PE] analyzing insert size distribution for orientation FR...
[0000][PE] (25, 50, 75) percentile: (227, 277, 319)
[0000][PE] low and high boundaries for computing mean and std.dev: (43, 503)
[0000][PE] mean and std.dev: (262.16, 79.15)
[0000][PE] low and high boundaries for proper pairs: (1, 595)
[0000][PE] analyzing insert size distribution for orientation RF...
[0000][PE] (25, 50, 75) percentile: (586, 3343, 6597)
[0000][PE] low and high boundaries for computing mean and std.dev: (1, 18619)
[0000][PE] mean and std.dev: (3831.80, 3271.03)
[0000][PE] low and high boundaries for proper pairs: (1, 24630)
[0000][PE] analyzing insert size distribution for orientation RR...
[0000][PE] (25, 50, 75) percentile: (154, 216, 663)
[0000][PE] low and high boundaries for computing mean and std.dev: (1, 1681)
[0000][PE] mean and std.dev: (289.39, 313.47)
[0000][PE] low and high boundaries for proper pairs: (1, 2190)
[0000][PE] skip orientation FF
[0000][PE] skip orientation RF
[0000][PE] skip orientation RR
[0000] 3. Calling kt_for - worker_sam
	[0000][ M::mem_process_seqs] Processed 2828086 reads in 486.138 CPU sec, 13.002 real sec
[0000] Calling mem_process_seqs.., task: 3
[0000] 1. Calling kt_for - worker_bwt
[0000] 2. Calling kt_for - worker_aln
[0000] read_chunk: 400000000, work_chunk_size: 65231850, nseq: 461640
	[0000][ M::kt_pipeline] read 461640 sequences (65231850 bp)...
[0000] Inferring insert size distribution of PE reads from data, l_pac: 656111652, n: 2827696
[0000][PE] # candidate unique pairs for (FF, FR, RF, RR): (77, 1107583, 133, 84)
[0000][PE] analyzing insert size distribution for orientation FF...
[0000][PE] (25, 50, 75) percentile: (126, 187, 376)
[0000][PE] low and high boundaries for computing mean and std.dev: (1, 876)
[0000][PE] mean and std.dev: (214.86, 169.24)
[0000][PE] low and high boundaries for proper pairs: (1, 1126)
[0000][PE] analyzing insert size distribution for orientation FR...
[0000][PE] (25, 50, 75) percentile: (227, 277, 319)
[0000][PE] low and high boundaries for computing mean and std.dev: (43, 503)
[0000][PE] mean and std.dev: (262.15, 79.17)
[0000][PE] low and high boundaries for proper pairs: (1, 595)
[0000][PE] analyzing insert size distribution for orientation RF...
[0000][PE] (25, 50, 75) percentile: (266, 1558, 6153)
[0000][PE] low and high boundaries for computing mean and std.dev: (1, 17927)
[0000][PE] mean and std.dev: (3190.41, 3277.47)
[0000][PE] low and high boundaries for proper pairs: (1, 23814)
[0000][PE] analyzing insert size distribution for orientation RR...
[0000][PE] (25, 50, 75) percentile: (157, 194, 300)
[0000][PE] low and high boundaries for computing mean and std.dev: (1, 586)
[0000][PE] mean and std.dev: (198.32, 89.54)
[0000][PE] low and high boundaries for proper pairs: (1, 729)
[0000][PE] skip orientation FF
[0000][PE] skip orientation RF
[0000][PE] skip orientation RR
[0000] 3. Calling kt_for - worker_sam
	[0000][ M::mem_process_seqs] Processed 2827696 reads in 499.621 CPU sec, 13.915 real sec
[0000] Calling mem_process_seqs.., task: 4
[0000] 1. Calling kt_for - worker_bwt
[0000] 2. Calling kt_for - worker_aln
[0000] Inferring insert size distribution of PE reads from data, l_pac: 656111652, n: 461640
[0000][PE] # candidate unique pairs for (FF, FR, RF, RR): (13, 187014, 20, 12)
[0000][PE] analyzing insert size distribution for orientation FF...
[0000][PE] (25, 50, 75) percentile: (112, 160, 954)
[0000][PE] low and high boundaries for computing mean and std.dev: (1, 2638)
[0000][PE] mean and std.dev: (219.55, 237.54)
[0000][PE] low and high boundaries for proper pairs: (1, 3480)
[0000][PE] analyzing insert size distribution for orientation FR...
[0000][PE] (25, 50, 75) percentile: (228, 277, 319)
[0000][PE] low and high boundaries for computing mean and std.dev: (46, 501)
[0000][PE] mean and std.dev: (262.88, 78.39)
[0000][PE] low and high boundaries for proper pairs: (1, 592)
[0000][PE] analyzing insert size distribution for orientation RF...
[0000][PE] (25, 50, 75) percentile: (386, 4203, 7638)
[0000][PE] low and high boundaries for computing mean and std.dev: (1, 22142)
[0000][PE] mean and std.dev: (3421.85, 3376.45)
[0000][PE] low and high boundaries for proper pairs: (1, 29394)
[0000][PE] analyzing insert size distribution for orientation RR...
[0000][PE] (25, 50, 75) percentile: (137, 232, 366)
[0000][PE] low and high boundaries for computing mean and std.dev: (1, 824)
[0000][PE] mean and std.dev: (179.60, 98.82)
[0000][PE] low and high boundaries for proper pairs: (1, 1053)
[0000][PE] skip orientation FF
[0000][PE] skip orientation RF
[0000][PE] skip orientation RR
[0000] 3. Calling kt_for - worker_sam
	[0000][ M::mem_process_seqs] Processed 461640 reads in 71.088 CPU sec, 2.208 real sec
[0000] read_chunk: 400000000, work_chunk_size: 0, nseq: 0
[0000] read_chunk: 400000000, work_chunk_size: 0, nseq: 0
[0000] Computation ends..
No. of OMP threads: 40
Processor is running @2394.703980 MHz
Runtime profile:

	Time taken for main_mem function: 146.44 sec

	IO times (sec) :
	Reading IO time (reads) avg: 57.21, (57.21, 57.21)
	Writing IO time (SAM) avg: 15.14, (15.14, 15.14)
	Reading IO time (Reference Genome) avg: 0.58, (0.58, 0.58)
	Index read time avg: 0.13, (0.13, 0.13)

	Overall time (sec) (Excluding Index reading time):
	PROCESS() (Total compute time + (read + SAM) IO time) : 145.73
	MEM_PROCESS_SEQ() (Total compute time (Kernel + SAM)), avg: 59.25, (59.25, 59.25)

	 SAM Processing time (sec):
	--WORKER_SAM avg: 24.39, (24.39, 24.39)

	Kernels' compute time (sec):
	Total kernel (smem+sal+bsw) time avg: 33.58, (33.58, 33.58)
		MEM_ALN_CHAIN_FLT avg: 0.00, (0.00, 0.00)
		MEM_ALN_CHAIN_SEED avg: 0.00, (0.00, 0.00)
		ERT_SEED_CHAIN avg: 0.00, (0.00, 0.00)
	LEARNED_SEED_CHAIN avg: 12.45, (12.56, 12.38)
		SMEM compute avg: 0.00, (0.00, 0.00)
		SAL compute avg: 0.00, (0.00, 0.00)
				MEM_SA avg: 0.00, (0.00, 0.00)

		BSW time, avg: 19.54, (20.10, 19.28)

Important parameter settings: 
	BATCH_SIZE: 512
	MAX_SEQ_LEN_REF: 256
	MAX_SEQ_LEN_QER: 128
	MAX_SEQ_LEN8: 128
	SEEDS_PER_READ: 500
	SIMD_WIDTH8 X: 64
	SIMD_WIDTH16 X: 32
	AVG_SEEDS_PER_READ: 64
