Looking to launch executable "/opt/conda/bin/bwa-meme_mode3.avx512bw", simd = _mode3.avx512bw
Launching executable "/opt/conda/bin/bwa-meme_mode3.avx512bw"
-----------------------------
Executing in AVX512 mode!!
-----------------------------
* SA compression enabled with xfactor: 8
* Ref file: reference.902362185.genome.fasta
* Entering FMI_search
Reading other elements of the index from files reference.902362185.genome.fasta
* Index prefix: reference.902362185.genome.fasta
* Read 0 ALT contigs
* Reading reference genome..
* Binary seq file = reference.902362185.genome.fasta.0123
* Reference genome size: 1312223304 bp
* Done reading reference genome !!

------------------------------------------
1. Memory pre-allocation for Chaining: 5679.4903 MB
2. Memory pre-allocation for BSW: 9584.6810 MB
[M::memoryAllocLearned::MEME] Reading Learned-index models into memory
[Learned-Config] MODE:3 SEARCH_METHOD: 1 MEM_TRADEOFF:1 EXPONENTIAL_SMEMSEARCH: 1 DEBUG_MODE:0 Num 2nd Models:268435456 PWL Bits Used:28
[M::memoryAllocLearned::MEME] Loading RMI model and Pac reference file took 9.488 sec
[M::memoryAllocLearned::MEME] Reading suffix array into memory
[M::memoryAllocLearned::MEME] Loading pos_packed file took 13.850 sec
[M::memoryAllocLearned::MEME] Generating SA, 64-bit Suffix and ISA in memory
[M::memoryAllocLearned::MEME] Runtime-build-index took 13.063 sec
3. Memory pre-allocation for BWT: 7204.5072 MB
------------------------------------------
* Threads used (compute): 40
* No. of pipeline threads: 2

[0000] read_chunk: 400000000, work_chunk_size: 400000116, nseq: 2758414
	[0000][ M::kt_pipeline] read 2758414 sequences (400000116 bp)...
[0000] Reallocating initial memory allocations!!
[0000] Calling mem_process_seqs.., task: 0
[0000] 1. Calling kt_for - worker_bwt
[0000] 2. Calling kt_for - worker_aln
[0000] read_chunk: 400000000, work_chunk_size: 400000216, nseq: 2753568
	[0000][ M::kt_pipeline] read 2753568 sequences (400000216 bp)...
[0000] Inferring insert size distribution of PE reads from data, l_pac: 656111652, n: 2758414
[0000][PE] # candidate unique pairs for (FF, FR, RF, RR): (87, 1134841, 96, 74)
[0000][PE] analyzing insert size distribution for orientation FF...
[0000][PE] (25, 50, 75) percentile: (173, 226, 1541)
[0000][PE] low and high boundaries for computing mean and std.dev: (1, 4277)
[0000][PE] mean and std.dev: (704.79, 906.15)
[0000][PE] low and high boundaries for proper pairs: (1, 5645)
[0000][PE] analyzing insert size distribution for orientation FR...
[0000][PE] (25, 50, 75) percentile: (248, 289, 327)
[0000][PE] low and high boundaries for computing mean and std.dev: (90, 485)
[0000][PE] mean and std.dev: (284.92, 58.52)
[0000][PE] low and high boundaries for proper pairs: (11, 564)
[0000][PE] analyzing insert size distribution for orientation RF...
[0000][PE] (25, 50, 75) percentile: (256, 2960, 6301)
[0000][PE] low and high boundaries for computing mean and std.dev: (1, 18391)
[0000][PE] mean and std.dev: (3404.36, 3058.21)
[0000][PE] low and high boundaries for proper pairs: (1, 24436)
[0000][PE] analyzing insert size distribution for orientation RR...
[0000][PE] (25, 50, 75) percentile: (163, 233, 1601)
[0000][PE] low and high boundaries for computing mean and std.dev: (1, 4477)
[0000][PE] mean and std.dev: (646.57, 927.79)
[0000][PE] low and high boundaries for proper pairs: (1, 5915)
[0000][PE] skip orientation FF
[0000][PE] skip orientation RF
[0000][PE] skip orientation RR
[0000] 3. Calling kt_for - worker_sam
	[0000][ M::mem_process_seqs] Processed 2758414 reads in 395.195 CPU sec, 14.099 real sec
[0000] Calling mem_process_seqs.., task: 1
[0000] 1. Calling kt_for - worker_bwt
[0000] 2. Calling kt_for - worker_aln
[0000] Inferring insert size distribution of PE reads from data, l_pac: 656111652, n: 2753568
[0000][PE] # candidate unique pairs for (FF, FR, RF, RR): (52, 1045941, 109, 80)
[0000][PE] analyzing insert size distribution for orientation FF...
[0000][PE] (25, 50, 75) percentile: (143, 199, 310)
[0000][PE] low and high boundaries for computing mean and std.dev: (1, 644)
[0000][PE] mean and std.dev: (194.18, 91.40)
[0000][PE] low and high boundaries for proper pairs: (1, 811)
[0000][PE] analyzing insert size distribution for orientation FR...
[0000][PE] (25, 50, 75) percentile: (248, 289, 327)
[0000][PE] low and high boundaries for computing mean and std.dev: (90, 485)
[0000][PE] mean and std.dev: (284.91, 58.63)
[0000][PE] low and high boundaries for proper pairs: (11, 564)
[0000][PE] analyzing insert size distribution for orientation RF...
[0000][PE] (25, 50, 75) percentile: (623, 3174, 6653)
[0000][PE] low and high boundaries for computing mean and std.dev: (1, 18713)
[0000][PE] mean and std.dev: (3721.42, 2947.39)
[0000][PE] low and high boundaries for proper pairs: (1, 24743)
[0000][PE] analyzing insert size distribution for orientation RR...
[0000][PE] (25, 50, 75) percentile: (152, 220, 1210)
[0000][PE] low and high boundaries for computing mean and std.dev: (1, 3326)
[0000][PE] mean and std.dev: (424.78, 640.56)
[0000][PE] low and high boundaries for proper pairs: (1, 4384)
[0000][PE] skip orientation FF
[0000][PE] skip orientation RF
[0000][PE] skip orientation RR
[0000] 3. Calling kt_for - worker_sam
[0000] read_chunk: 400000000, work_chunk_size: 400000088, nseq: 2753582
	[0000][ M::kt_pipeline] read 2753582 sequences (400000088 bp)...
	[0000][ M::mem_process_seqs] Processed 2753568 reads in 606.872 CPU sec, 18.356 real sec
[0000] Calling mem_process_seqs.., task: 2
[0000] 1. Calling kt_for - worker_bwt
[0000] 2. Calling kt_for - worker_aln
[0000] Inferring insert size distribution of PE reads from data, l_pac: 656111652, n: 2753582
[0000][PE] # candidate unique pairs for (FF, FR, RF, RR): (62, 1045926, 99, 53)
[0000][PE] analyzing insert size distribution for orientation FF...
[0000][PE] (25, 50, 75) percentile: (161, 202, 262)
[0000][PE] low and high boundaries for computing mean and std.dev: (1, 464)
[0000][PE] mean and std.dev: (189.65, 61.37)
[0000][PE] low and high boundaries for proper pairs: (1, 565)
[0000][PE] analyzing insert size distribution for orientation FR...
[0000][PE] (25, 50, 75) percentile: (248, 289, 327)
[0000][PE] low and high boundaries for computing mean and std.dev: (90, 485)
[0000][PE] mean and std.dev: (285.01, 58.61)
[0000][PE] low and high boundaries for proper pairs: (11, 564)
[0000][PE] analyzing insert size distribution for orientation RF...
[0000][PE] (25, 50, 75) percentile: (681, 3834, 6978)
[0000][PE] low and high boundaries for computing mean and std.dev: (1, 19572)
[0000][PE] mean and std.dev: (4061.65, 3386.71)
[0000][PE] low and high boundaries for proper pairs: (1, 25869)
[0000][PE] analyzing insert size distribution for orientation RR...
[0000][PE] (25, 50, 75) percentile: (150, 240, 371)
[0000][PE] low and high boundaries for computing mean and std.dev: (1, 813)
[0000][PE] mean and std.dev: (238.43, 138.35)
[0000][PE] low and high boundaries for proper pairs: (1, 1034)
[0000][PE] skip orientation FF
[0000][PE] skip orientation RF
[0000][PE] skip orientation RR
[0000] 3. Calling kt_for - worker_sam
[0000] read_chunk: 400000000, work_chunk_size: 400000021, nseq: 2759276
	[0000][ M::kt_pipeline] read 2759276 sequences (400000021 bp)...
	[0000][ M::mem_process_seqs] Processed 2753582 reads in 591.415 CPU sec, 17.569 real sec
[0000] Reallocating initial memory allocations!!
[0000] Calling mem_process_seqs.., task: 3
[0000] 1. Calling kt_for - worker_bwt
[0000] 2. Calling kt_for - worker_aln
[0000] Inferring insert size distribution of PE reads from data, l_pac: 656111652, n: 2759276
[0000][PE] # candidate unique pairs for (FF, FR, RF, RR): (86, 1120003, 98, 78)
[0000][PE] analyzing insert size distribution for orientation FF...
[0000][PE] (25, 50, 75) percentile: (171, 215, 1007)
[0000][PE] low and high boundaries for computing mean and std.dev: (1, 2679)
[0000][PE] mean and std.dev: (365.12, 429.09)
[0000][PE] low and high boundaries for proper pairs: (1, 3515)
[0000][PE] analyzing insert size distribution for orientation FR...
[0000][PE] (25, 50, 75) percentile: (248, 289, 327)
[0000][PE] low and high boundaries for computing mean and std.dev: (90, 485)
[0000][PE] mean and std.dev: (284.82, 58.70)
[0000][PE] low and high boundaries for proper pairs: (11, 564)
[0000][PE] analyzing insert size distribution for orientation RF...
[0000][PE] (25, 50, 75) percentile: (566, 4037, 6710)
[0000][PE] low and high boundaries for computing mean and std.dev: (1, 18998)
[0000][PE] mean and std.dev: (3847.64, 3226.65)
[0000][PE] low and high boundaries for proper pairs: (1, 25142)
[0000][PE] analyzing insert size distribution for orientation RR...
[0000][PE] (25, 50, 75) percentile: (149, 221, 371)
[0000][PE] low and high boundaries for computing mean and std.dev: (1, 815)
[0000][PE] mean and std.dev: (202.66, 99.16)
[0000][PE] low and high boundaries for proper pairs: (1, 1037)
[0000][PE] skip orientation FF
[0000][PE] skip orientation RF
[0000][PE] skip orientation RR
[0000] 3. Calling kt_for - worker_sam
	[0000][ M::mem_process_seqs] Processed 2759276 reads in 408.450 CPU sec, 11.395 real sec
[0000] read_chunk: 400000000, work_chunk_size: 400000004, nseq: 2759628
	[0000][ M::kt_pipeline] read 2759628 sequences (400000004 bp)...
[0000] Reallocating initial memory allocations!!
[0000] Calling mem_process_seqs.., task: 4
[0000] 1. Calling kt_for - worker_bwt
[0000] 2. Calling kt_for - worker_aln
[0000] Inferring insert size distribution of PE reads from data, l_pac: 656111652, n: 2759628
[0000][PE] # candidate unique pairs for (FF, FR, RF, RR): (82, 1145700, 149, 69)
[0000][PE] analyzing insert size distribution for orientation FF...
[0000][PE] (25, 50, 75) percentile: (150, 200, 324)
[0000][PE] low and high boundaries for computing mean and std.dev: (1, 672)
[0000][PE] mean and std.dev: (188.21, 87.31)
[0000][PE] low and high boundaries for proper pairs: (1, 846)
[0000][PE] analyzing insert size distribution for orientation FR...
[0000][PE] (25, 50, 75) percentile: (247, 289, 327)
[0000][PE] low and high boundaries for computing mean and std.dev: (87, 487)
[0000][PE] mean and std.dev: (284.51, 59.17)
[0000][PE] low and high boundaries for proper pairs: (7, 567)
[0000][PE] analyzing insert size distribution for orientation RF...
[0000][PE] (25, 50, 75) percentile: (336, 2138, 6071)
[0000][PE] low and high boundaries for computing mean and std.dev: (1, 17541)
[0000][PE] mean and std.dev: (3186.43, 3136.24)
[0000][PE] low and high boundaries for proper pairs: (1, 23276)
[0000][PE] analyzing insert size distribution for orientation RR...
[0000][PE] (25, 50, 75) percentile: (163, 236, 1676)
[0000][PE] low and high boundaries for computing mean and std.dev: (1, 4702)
[0000][PE] mean and std.dev: (838.15, 1205.18)
[0000][PE] low and high boundaries for proper pairs: (1, 6215)
[0000][PE] skip orientation FF
[0000][PE] skip orientation RF
[0000][PE] skip orientation RR
[0000] 3. Calling kt_for - worker_sam
	[0000][ M::mem_process_seqs] Processed 2759628 reads in 367.626 CPU sec, 10.640 real sec
[0000] read_chunk: 400000000, work_chunk_size: 400000086, nseq: 2758994
	[0000][ M::kt_pipeline] read 2758994 sequences (400000086 bp)...
[0000] Calling mem_process_seqs.., task: 5
[0000] 1. Calling kt_for - worker_bwt
[0000] 2. Calling kt_for - worker_aln
[0000] Inferring insert size distribution of PE reads from data, l_pac: 656111652, n: 2758994
[0000][PE] # candidate unique pairs for (FF, FR, RF, RR): (78, 1129283, 133, 84)
[0000][PE] analyzing insert size distribution for orientation FF...
[0000][PE] (25, 50, 75) percentile: (160, 208, 340)
[0000][PE] low and high boundaries for computing mean and std.dev: (1, 700)
[0000][PE] mean and std.dev: (197.77, 79.37)
[0000][PE] low and high boundaries for proper pairs: (1, 880)
[0000][PE] analyzing insert size distribution for orientation FR...
[0000][PE] (25, 50, 75) percentile: (248, 289, 327)
[0000][PE] low and high boundaries for computing mean and std.dev: (90, 485)
[0000][PE] mean and std.dev: (284.94, 58.61)
[0000][PE] low and high boundaries for proper pairs: (11, 564)
[0000][PE] analyzing insert size distribution for orientation RF...
[0000][PE] (25, 50, 75) percentile: (385, 1939, 5485)
[0000][PE] low and high boundaries for computing mean and std.dev: (1, 15685)
[0000][PE] mean and std.dev: (3130.05, 3074.04)
[0000][PE] low and high boundaries for proper pairs: (1, 20785)
[0000][PE] analyzing insert size distribution for orientation RR...
[0000][PE] (25, 50, 75) percentile: (192, 247, 6600)
[0000][PE] low and high boundaries for computing mean and std.dev: (1, 19416)
[0000][PE] mean and std.dev: (2199.02, 3023.07)
[0000][PE] low and high boundaries for proper pairs: (1, 25824)
[0000][PE] skip orientation FF
[0000][PE] skip orientation RF
[0000][PE] skip orientation RR
[0000] 3. Calling kt_for - worker_sam
	[0000][ M::mem_process_seqs] Processed 2758994 reads in 386.489 CPU sec, 11.200 real sec
[0000] read_chunk: 400000000, work_chunk_size: 400000207, nseq: 2758618
	[0000][ M::kt_pipeline] read 2758618 sequences (400000207 bp)...
[0000] Calling mem_process_seqs.., task: 6
[0000] 1. Calling kt_for - worker_bwt
[0000] 2. Calling kt_for - worker_aln
[0000] Inferring insert size distribution of PE reads from data, l_pac: 656111652, n: 2758618
[0000][PE] # candidate unique pairs for (FF, FR, RF, RR): (89, 1130334, 100, 62)
[0000][PE] analyzing insert size distribution for orientation FF...
[0000][PE] (25, 50, 75) percentile: (143, 193, 271)
[0000][PE] low and high boundaries for computing mean and std.dev: (1, 527)
[0000][PE] mean and std.dev: (192.66, 83.17)
[0000][PE] low and high boundaries for proper pairs: (1, 655)
[0000][PE] analyzing insert size distribution for orientation FR...
[0000][PE] (25, 50, 75) percentile: (248, 289, 327)
[0000][PE] low and high boundaries for computing mean and std.dev: (90, 485)
[0000][PE] mean and std.dev: (284.94, 58.56)
[0000][PE] low and high boundaries for proper pairs: (11, 564)
[0000][PE] analyzing insert size distribution for orientation RF...
[0000][PE] (25, 50, 75) percentile: (305, 2984, 6550)
[0000][PE] low and high boundaries for computing mean and std.dev: (1, 19040)
[0000][PE] mean and std.dev: (3466.14, 3299.72)
[0000][PE] low and high boundaries for proper pairs: (1, 25285)
[0000][PE] analyzing insert size distribution for orientation RR...
[0000][PE] (25, 50, 75) percentile: (160, 224, 284)
[0000][PE] low and high boundaries for computing mean and std.dev: (1, 532)
[0000][PE] mean and std.dev: (194.27, 58.49)
[0000][PE] low and high boundaries for proper pairs: (1, 656)
[0000][PE] skip orientation FF
[0000][PE] skip orientation RF
[0000][PE] skip orientation RR
[0000] 3. Calling kt_for - worker_sam
	[0000][ M::mem_process_seqs] Processed 2758618 reads in 382.709 CPU sec, 11.521 real sec
[0000] read_chunk: 400000000, work_chunk_size: 400000023, nseq: 2759584
	[0000][ M::kt_pipeline] read 2759584 sequences (400000023 bp)...
[0000] Calling mem_process_seqs.., task: 7
[0000] 1. Calling kt_for - worker_bwt
[0000] 2. Calling kt_for - worker_aln
[0000] Inferring insert size distribution of PE reads from data, l_pac: 656111652, n: 2759584
[0000][PE] # candidate unique pairs for (FF, FR, RF, RR): (89, 1141267, 117, 68)
[0000][PE] analyzing insert size distribution for orientation FF...
[0000][PE] (25, 50, 75) percentile: (172, 227, 724)
[0000][PE] low and high boundaries for computing mean and std.dev: (1, 1828)
[0000][PE] mean and std.dev: (296.80, 272.32)
[0000][PE] low and high boundaries for proper pairs: (1, 2380)
[0000][PE] analyzing insert size distribution for orientation FR...
[0000][PE] (25, 50, 75) percentile: (248, 289, 327)
[0000][PE] low and high boundaries for computing mean and std.dev: (90, 485)
[0000][PE] mean and std.dev: (284.88, 58.63)
[0000][PE] low and high boundaries for proper pairs: (11, 564)
[0000][PE] analyzing insert size distribution for orientation RF...
[0000][PE] (25, 50, 75) percentile: (253, 2039, 5915)
[0000][PE] low and high boundaries for computing mean and std.dev: (1, 17239)
[0000][PE] mean and std.dev: (3296.71, 3229.10)
[0000][PE] low and high boundaries for proper pairs: (1, 22901)
[0000][PE] analyzing insert size distribution for orientation RR...
[0000][PE] (25, 50, 75) percentile: (171, 245, 1746)
[0000][PE] low and high boundaries for computing mean and std.dev: (1, 4896)
[0000][PE] mean and std.dev: (927.35, 1268.84)
[0000][PE] low and high boundaries for proper pairs: (1, 6471)
[0000][PE] skip orientation FF
[0000][PE] skip orientation RF
[0000][PE] skip orientation RR
[0000] 3. Calling kt_for - worker_sam
	[0000][ M::mem_process_seqs] Processed 2759584 reads in 373.192 CPU sec, 10.690 real sec
[0000] read_chunk: 400000000, work_chunk_size: 400000065, nseq: 2758492
	[0000][ M::kt_pipeline] read 2758492 sequences (400000065 bp)...
[0000] Calling mem_process_seqs.., task: 8
[0000] 1. Calling kt_for - worker_bwt
[0000] 2. Calling kt_for - worker_aln
[0000] Inferring insert size distribution of PE reads from data, l_pac: 656111652, n: 2758492
[0000][PE] # candidate unique pairs for (FF, FR, RF, RR): (83, 1124133, 123, 83)
[0000][PE] analyzing insert size distribution for orientation FF...
[0000][PE] (25, 50, 75) percentile: (155, 199, 279)
[0000][PE] low and high boundaries for computing mean and std.dev: (1, 527)
[0000][PE] mean and std.dev: (176.98, 58.61)
[0000][PE] low and high boundaries for proper pairs: (1, 651)
[0000][PE] analyzing insert size distribution for orientation FR...
[0000][PE] (25, 50, 75) percentile: (248, 289, 327)
[0000][PE] low and high boundaries for computing mean and std.dev: (90, 485)
[0000][PE] mean and std.dev: (285.01, 58.59)
[0000][PE] low and high boundaries for proper pairs: (11, 564)
[0000][PE] analyzing insert size distribution for orientation RF...
[0000][PE] (25, 50, 75) percentile: (670, 3387, 6354)
[0000][PE] low and high boundaries for computing mean and std.dev: (1, 17722)
[0000][PE] mean and std.dev: (3746.61, 3212.59)
[0000][PE] low and high boundaries for proper pairs: (1, 23406)
[0000][PE] analyzing insert size distribution for orientation RR...
[0000][PE] (25, 50, 75) percentile: (153, 225, 881)
[0000][PE] low and high boundaries for computing mean and std.dev: (1, 2337)
[0000][PE] mean and std.dev: (335.96, 410.47)
[0000][PE] low and high boundaries for proper pairs: (1, 3065)
[0000][PE] skip orientation FF
[0000][PE] skip orientation RF
[0000][PE] skip orientation RR
[0000] 3. Calling kt_for - worker_sam
[0000] read_chunk: 400000000, work_chunk_size: 400000277, nseq: 2758358
	[0000][ M::kt_pipeline] read 2758358 sequences (400000277 bp)...
	[0000][ M::mem_process_seqs] Processed 2758492 reads in 425.847 CPU sec, 14.187 real sec
[0000] Calling mem_process_seqs.., task: 9
[0000] 1. Calling kt_for - worker_bwt
[0000] 2. Calling kt_for - worker_aln
[0000] Inferring insert size distribution of PE reads from data, l_pac: 656111652, n: 2758358
[0000][PE] # candidate unique pairs for (FF, FR, RF, RR): (80, 1122453, 124, 66)
[0000][PE] analyzing insert size distribution for orientation FF...
[0000][PE] (25, 50, 75) percentile: (162, 214, 604)
[0000][PE] low and high boundaries for computing mean and std.dev: (1, 1488)
[0000][PE] mean and std.dev: (294.28, 253.05)
[0000][PE] low and high boundaries for proper pairs: (1, 1930)
[0000][PE] analyzing insert size distribution for orientation FR...
[0000][PE] (25, 50, 75) percentile: (248, 289, 327)
[0000][PE] low and high boundaries for computing mean and std.dev: (90, 485)
[0000][PE] mean and std.dev: (284.90, 58.61)
[0000][PE] low and high boundaries for proper pairs: (11, 564)
[0000][PE] analyzing insert size distribution for orientation RF...
[0000][PE] (25, 50, 75) percentile: (802, 2838, 5690)
[0000][PE] low and high boundaries for computing mean and std.dev: (1, 15466)
[0000][PE] mean and std.dev: (3308.35, 2794.68)
[0000][PE] low and high boundaries for proper pairs: (1, 20354)
[0000][PE] analyzing insert size distribution for orientation RR...
[0000][PE] (25, 50, 75) percentile: (173, 230, 1866)
[0000][PE] low and high boundaries for computing mean and std.dev: (1, 5252)
[0000][PE] mean and std.dev: (1118.28, 1707.74)
[0000][PE] low and high boundaries for proper pairs: (1, 7949)
[0000][PE] skip orientation FF
[0000][PE] skip orientation RF
[0000][PE] skip orientation RR
[0000] 3. Calling kt_for - worker_sam
	[0000][ M::mem_process_seqs] Processed 2758358 reads in 416.923 CPU sec, 13.008 real sec
[0000] read_chunk: 400000000, work_chunk_size: 400000090, nseq: 2759590
	[0000][ M::kt_pipeline] read 2759590 sequences (400000090 bp)...
[0000] Calling mem_process_seqs.., task: 10
[0000] 1. Calling kt_for - worker_bwt
[0000] 2. Calling kt_for - worker_aln
[0000] Inferring insert size distribution of PE reads from data, l_pac: 656111652, n: 2759590
[0000][PE] # candidate unique pairs for (FF, FR, RF, RR): (65, 1123288, 127, 67)
[0000][PE] analyzing insert size distribution for orientation FF...
[0000][PE] (25, 50, 75) percentile: (150, 214, 267)
[0000][PE] low and high boundaries for computing mean and std.dev: (1, 501)
[0000][PE] mean and std.dev: (196.11, 68.02)
[0000][PE] low and high boundaries for proper pairs: (1, 618)
[0000][PE] analyzing insert size distribution for orientation FR...
[0000][PE] (25, 50, 75) percentile: (248, 290, 327)
[0000][PE] low and high boundaries for computing mean and std.dev: (90, 485)
[0000][PE] mean and std.dev: (284.98, 58.61)
[0000][PE] low and high boundaries for proper pairs: (11, 564)
[0000][PE] analyzing insert size distribution for orientation RF...
[0000][PE] (25, 50, 75) percentile: (667, 1885, 6687)
[0000][PE] low and high boundaries for computing mean and std.dev: (1, 18727)
[0000][PE] mean and std.dev: (3283.80, 3246.55)
[0000][PE] low and high boundaries for proper pairs: (1, 24747)
[0000][PE] analyzing insert size distribution for orientation RR...
[0000][PE] (25, 50, 75) percentile: (119, 190, 285)
[0000][PE] low and high boundaries for computing mean and std.dev: (1, 617)
[0000][PE] mean and std.dev: (171.89, 80.25)
[0000][PE] low and high boundaries for proper pairs: (1, 783)
[0000][PE] skip orientation FF
[0000][PE] skip orientation RF
[0000][PE] skip orientation RR
[0000] 3. Calling kt_for - worker_sam
	[0000][ M::mem_process_seqs] Processed 2759590 reads in 397.373 CPU sec, 11.483 real sec
[0000] read_chunk: 400000000, work_chunk_size: 400000002, nseq: 2758220
	[0000][ M::kt_pipeline] read 2758220 sequences (400000002 bp)...
[0000] Calling mem_process_seqs.., task: 11
[0000] 1. Calling kt_for - worker_bwt
[0000] 2. Calling kt_for - worker_aln
[0000] Inferring insert size distribution of PE reads from data, l_pac: 656111652, n: 2758220
[0000][PE] # candidate unique pairs for (FF, FR, RF, RR): (92, 1124731, 115, 63)
[0000][PE] analyzing insert size distribution for orientation FF...
[0000][PE] (25, 50, 75) percentile: (141, 213, 355)
[0000][PE] low and high boundaries for computing mean and std.dev: (1, 783)
[0000][PE] mean and std.dev: (186.92, 86.29)
[0000][PE] low and high boundaries for proper pairs: (1, 997)
[0000][PE] analyzing insert size distribution for orientation FR...
[0000][PE] (25, 50, 75) percentile: (248, 289, 327)
[0000][PE] low and high boundaries for computing mean and std.dev: (90, 485)
[0000][PE] mean and std.dev: (284.91, 58.57)
[0000][PE] low and high boundaries for proper pairs: (11, 564)
[0000][PE] analyzing insert size distribution for orientation RF...
[0000][PE] (25, 50, 75) percentile: (434, 2011, 5481)
[0000][PE] low and high boundaries for computing mean and std.dev: (1, 15575)
[0000][PE] mean and std.dev: (3319.78, 3158.85)
[0000][PE] low and high boundaries for proper pairs: (1, 20622)
[0000][PE] analyzing insert size distribution for orientation RR...
[0000][PE] (25, 50, 75) percentile: (160, 233, 1028)
[0000][PE] low and high boundaries for computing mean and std.dev: (1, 2764)
[0000][PE] mean and std.dev: (338.54, 362.14)
[0000][PE] low and high boundaries for proper pairs: (1, 3632)
[0000][PE] skip orientation FF
[0000][PE] skip orientation RF
[0000][PE] skip orientation RR
[0000] 3. Calling kt_for - worker_sam
[0000] read_chunk: 400000000, work_chunk_size: 400000103, nseq: 2758552
	[0000][ M::kt_pipeline] read 2758552 sequences (400000103 bp)...
	[0000][ M::mem_process_seqs] Processed 2758220 reads in 441.600 CPU sec, 15.292 real sec
[0000] Calling mem_process_seqs.., task: 12
[0000] 1. Calling kt_for - worker_bwt
[0000] 2. Calling kt_for - worker_aln
[0000] Inferring insert size distribution of PE reads from data, l_pac: 656111652, n: 2758552
[0000][PE] # candidate unique pairs for (FF, FR, RF, RR): (63, 1132268, 146, 64)
[0000][PE] analyzing insert size distribution for orientation FF...
[0000][PE] (25, 50, 75) percentile: (137, 189, 244)
[0000][PE] low and high boundaries for computing mean and std.dev: (1, 458)
[0000][PE] mean and std.dev: (184.22, 66.11)
[0000][PE] low and high boundaries for proper pairs: (1, 565)
[0000][PE] analyzing insert size distribution for orientation FR...
[0000][PE] (25, 50, 75) percentile: (248, 289, 327)
[0000][PE] low and high boundaries for computing mean and std.dev: (90, 485)
[0000][PE] mean and std.dev: (284.91, 58.61)
[0000][PE] low and high boundaries for proper pairs: (11, 564)
[0000][PE] analyzing insert size distribution for orientation RF...
[0000][PE] (25, 50, 75) percentile: (705, 3403, 5880)
[0000][PE] low and high boundaries for computing mean and std.dev: (1, 16230)
[0000][PE] mean and std.dev: (3697.14, 2924.18)
[0000][PE] low and high boundaries for proper pairs: (1, 21405)
[0000][PE] analyzing insert size distribution for orientation RR...
[0000][PE] (25, 50, 75) percentile: (158, 226, 414)
[0000][PE] low and high boundaries for computing mean and std.dev: (1, 926)
[0000][PE] mean and std.dev: (212.48, 103.34)
[0000][PE] low and high boundaries for proper pairs: (1, 1182)
[0000][PE] skip orientation FF
[0000][PE] skip orientation RF
[0000][PE] skip orientation RR
[0000] 3. Calling kt_for - worker_sam
	[0000][ M::mem_process_seqs] Processed 2758552 reads in 407.494 CPU sec, 11.640 real sec
[0000] read_chunk: 400000000, work_chunk_size: 400000112, nseq: 2758026
	[0000][ M::kt_pipeline] read 2758026 sequences (400000112 bp)...
[0000] Calling mem_process_seqs.., task: 13
[0000] 1. Calling kt_for - worker_bwt
[0000] 2. Calling kt_for - worker_aln
[0000] Inferring insert size distribution of PE reads from data, l_pac: 656111652, n: 2758026
[0000][PE] # candidate unique pairs for (FF, FR, RF, RR): (73, 1114823, 154, 53)
[0000][PE] analyzing insert size distribution for orientation FF...
[0000][PE] (25, 50, 75) percentile: (151, 192, 250)
[0000][PE] low and high boundaries for computing mean and std.dev: (1, 448)
[0000][PE] mean and std.dev: (188.76, 70.00)
[0000][PE] low and high boundaries for proper pairs: (1, 547)
[0000][PE] analyzing insert size distribution for orientation FR...
[0000][PE] (25, 50, 75) percentile: (248, 289, 327)
[0000][PE] low and high boundaries for computing mean and std.dev: (90, 485)
[0000][PE] mean and std.dev: (284.96, 58.68)
[0000][PE] low and high boundaries for proper pairs: (11, 564)
[0000][PE] analyzing insert size distribution for orientation RF...
[0000][PE] (25, 50, 75) percentile: (655, 2335, 5565)
[0000][PE] low and high boundaries for computing mean and std.dev: (1, 15385)
[0000][PE] mean and std.dev: (3224.75, 2936.71)
[0000][PE] low and high boundaries for proper pairs: (1, 20295)
[0000][PE] analyzing insert size distribution for orientation RR...
[0000][PE] (25, 50, 75) percentile: (175, 218, 332)
[0000][PE] low and high boundaries for computing mean and std.dev: (1, 646)
[0000][PE] mean and std.dev: (228.24, 109.92)
[0000][PE] low and high boundaries for proper pairs: (1, 803)
[0000][PE] skip orientation FF
[0000][PE] skip orientation RF
[0000][PE] skip orientation RR
[0000] 3. Calling kt_for - worker_sam
[0000] read_chunk: 400000000, work_chunk_size: 400000104, nseq: 2757968
	[0000][ M::kt_pipeline] read 2757968 sequences (400000104 bp)...
	[0000][ M::mem_process_seqs] Processed 2758026 reads in 429.531 CPU sec, 13.373 real sec
[0000] Calling mem_process_seqs.., task: 14
[0000] 1. Calling kt_for - worker_bwt
[0000] 2. Calling kt_for - worker_aln
[0000] Inferring insert size distribution of PE reads from data, l_pac: 656111652, n: 2757968
[0000][PE] # candidate unique pairs for (FF, FR, RF, RR): (82, 1130284, 139, 65)
[0000][PE] analyzing insert size distribution for orientation FF...
[0000][PE] (25, 50, 75) percentile: (143, 189, 338)
[0000][PE] low and high boundaries for computing mean and std.dev: (1, 728)
[0000][PE] mean and std.dev: (191.82, 94.98)
[0000][PE] low and high boundaries for proper pairs: (1, 923)
[0000][PE] analyzing insert size distribution for orientation FR...
[0000][PE] (25, 50, 75) percentile: (248, 289, 327)
[0000][PE] low and high boundaries for computing mean and std.dev: (90, 485)
[0000][PE] mean and std.dev: (285.05, 58.57)
[0000][PE] low and high boundaries for proper pairs: (11, 564)
[0000][PE] analyzing insert size distribution for orientation RF...
[0000][PE] (25, 50, 75) percentile: (890, 2420, 5723)
[0000][PE] low and high boundaries for computing mean and std.dev: (1, 15389)
[0000][PE] mean and std.dev: (3412.06, 2752.66)
[0000][PE] low and high boundaries for proper pairs: (1, 20222)
[0000][PE] analyzing insert size distribution for orientation RR...
[0000][PE] (25, 50, 75) percentile: (161, 209, 1240)
[0000][PE] low and high boundaries for computing mean and std.dev: (1, 3398)
[0000][PE] mean and std.dev: (462.54, 537.60)
[0000][PE] low and high boundaries for proper pairs: (1, 4477)
[0000][PE] skip orientation FF
[0000][PE] skip orientation RF
[0000][PE] skip orientation RR
[0000] 3. Calling kt_for - worker_sam
	[0000][ M::mem_process_seqs] Processed 2757968 reads in 414.460 CPU sec, 12.774 real sec
[0000] read_chunk: 400000000, work_chunk_size: 400000167, nseq: 2754022
	[0000][ M::kt_pipeline] read 2754022 sequences (400000167 bp)...
[0000] Calling mem_process_seqs.., task: 15
[0000] 1. Calling kt_for - worker_bwt
[0000] 2. Calling kt_for - worker_aln
[0000] Inferring insert size distribution of PE reads from data, l_pac: 656111652, n: 2754022
[0000][PE] # candidate unique pairs for (FF, FR, RF, RR): (86, 1056002, 101, 62)
[0000][PE] analyzing insert size distribution for orientation FF...
[0000][PE] (25, 50, 75) percentile: (166, 214, 275)
[0000][PE] low and high boundaries for computing mean and std.dev: (1, 493)
[0000][PE] mean and std.dev: (201.28, 85.06)
[0000][PE] low and high boundaries for proper pairs: (1, 602)
[0000][PE] analyzing insert size distribution for orientation FR...
[0000][PE] (25, 50, 75) percentile: (248, 289, 327)
[0000][PE] low and high boundaries for computing mean and std.dev: (90, 485)
[0000][PE] mean and std.dev: (284.86, 58.71)
[0000][PE] low and high boundaries for proper pairs: (11, 564)
[0000][PE] analyzing insert size distribution for orientation RF...
[0000][PE] (25, 50, 75) percentile: (313, 1977, 5891)
[0000][PE] low and high boundaries for computing mean and std.dev: (1, 17047)
[0000][PE] mean and std.dev: (3009.35, 2994.25)
[0000][PE] low and high boundaries for proper pairs: (1, 22625)
[0000][PE] analyzing insert size distribution for orientation RR...
[0000][PE] (25, 50, 75) percentile: (197, 243, 818)
[0000][PE] low and high boundaries for computing mean and std.dev: (1, 2060)
[0000][PE] mean and std.dev: (253.60, 169.91)
[0000][PE] low and high boundaries for proper pairs: (1, 2681)
[0000][PE] skip orientation FF
[0000][PE] skip orientation RF
[0000][PE] skip orientation RR
[0000] 3. Calling kt_for - worker_sam
[0000] read_chunk: 400000000, work_chunk_size: 400000052, nseq: 2754424
	[0000][ M::kt_pipeline] read 2754424 sequences (400000052 bp)...
	[0000][ M::mem_process_seqs] Processed 2754022 reads in 544.122 CPU sec, 15.741 real sec
[0000] Calling mem_process_seqs.., task: 16
[0000] 1. Calling kt_for - worker_bwt
[0000] 2. Calling kt_for - worker_aln
[0000] Inferring insert size distribution of PE reads from data, l_pac: 656111652, n: 2754424
[0000][PE] # candidate unique pairs for (FF, FR, RF, RR): (72, 1081715, 150, 76)
[0000][PE] analyzing insert size distribution for orientation FF...
[0000][PE] (25, 50, 75) percentile: (174, 226, 459)
[0000][PE] low and high boundaries for computing mean and std.dev: (1, 1029)
[0000][PE] mean and std.dev: (225.88, 122.12)
[0000][PE] low and high boundaries for proper pairs: (1, 1314)
[0000][PE] analyzing insert size distribution for orientation FR...
[0000][PE] (25, 50, 75) percentile: (248, 289, 327)
[0000][PE] low and high boundaries for computing mean and std.dev: (90, 485)
[0000][PE] mean and std.dev: (285.01, 58.48)
[0000][PE] low and high boundaries for proper pairs: (11, 564)
[0000][PE] analyzing insert size distribution for orientation RF...
[0000][PE] (25, 50, 75) percentile: (958, 2816, 6446)
[0000][PE] low and high boundaries for computing mean and std.dev: (1, 17422)
[0000][PE] mean and std.dev: (3731.15, 3214.18)
[0000][PE] low and high boundaries for proper pairs: (1, 22910)
[0000][PE] analyzing insert size distribution for orientation RR...
[0000][PE] (25, 50, 75) percentile: (164, 226, 1637)
[0000][PE] low and high boundaries for computing mean and std.dev: (1, 4583)
[0000][PE] mean and std.dev: (807.27, 1171.09)
[0000][PE] low and high boundaries for proper pairs: (1, 6056)
[0000][PE] skip orientation FF
[0000][PE] skip orientation RF
[0000][PE] skip orientation RR
[0000] 3. Calling kt_for - worker_sam
	[0000][ M::mem_process_seqs] Processed 2754424 reads in 487.904 CPU sec, 13.684 real sec
[0000] read_chunk: 400000000, work_chunk_size: 400000087, nseq: 2757838
	[0000][ M::kt_pipeline] read 2757838 sequences (400000087 bp)...
[0000] Calling mem_process_seqs.., task: 17
[0000] 1. Calling kt_for - worker_bwt
[0000] 2. Calling kt_for - worker_aln
[0000] Inferring insert size distribution of PE reads from data, l_pac: 656111652, n: 2757838
[0000][PE] # candidate unique pairs for (FF, FR, RF, RR): (64, 1124222, 139, 83)
[0000][PE] analyzing insert size distribution for orientation FF...
[0000][PE] (25, 50, 75) percentile: (131, 185, 939)
[0000][PE] low and high boundaries for computing mean and std.dev: (1, 2555)
[0000][PE] mean and std.dev: (331.11, 449.51)
[0000][PE] low and high boundaries for proper pairs: (1, 3363)
[0000][PE] analyzing insert size distribution for orientation FR...
[0000][PE] (25, 50, 75) percentile: (248, 289, 327)
[0000][PE] low and high boundaries for computing mean and std.dev: (90, 485)
[0000][PE] mean and std.dev: (284.95, 58.65)
[0000][PE] low and high boundaries for proper pairs: (11, 564)
[0000][PE] analyzing insert size distribution for orientation RF...
[0000][PE] (25, 50, 75) percentile: (380, 2504, 5340)
[0000][PE] low and high boundaries for computing mean and std.dev: (1, 15260)
[0000][PE] mean and std.dev: (3261.21, 2934.36)
[0000][PE] low and high boundaries for proper pairs: (1, 20220)
[0000][PE] analyzing insert size distribution for orientation RR...
[0000][PE] (25, 50, 75) percentile: (152, 212, 547)
[0000][PE] low and high boundaries for computing mean and std.dev: (1, 1337)
[0000][PE] mean and std.dev: (256.53, 192.02)
[0000][PE] low and high boundaries for proper pairs: (1, 1732)
[0000][PE] skip orientation FF
[0000][PE] skip orientation RF
[0000][PE] skip orientation RR
[0000] 3. Calling kt_for - worker_sam
	[0000][ M::mem_process_seqs] Processed 2757838 reads in 425.114 CPU sec, 12.168 real sec
[0000] read_chunk: 400000000, work_chunk_size: 400000270, nseq: 2757800
	[0000][ M::kt_pipeline] read 2757800 sequences (400000270 bp)...
[0000] Calling mem_process_seqs.., task: 18
[0000] 1. Calling kt_for - worker_bwt
[0000] 2. Calling kt_for - worker_aln
[0000] Inferring insert size distribution of PE reads from data, l_pac: 656111652, n: 2757800
[0000][PE] # candidate unique pairs for (FF, FR, RF, RR): (86, 1116365, 137, 59)
[0000][PE] analyzing insert size distribution for orientation FF...
[0000][PE] (25, 50, 75) percentile: (176, 272, 889)
[0000][PE] low and high boundaries for computing mean and std.dev: (1, 2315)
[0000][PE] mean and std.dev: (304.59, 233.91)
[0000][PE] low and high boundaries for proper pairs: (1, 3028)
[0000][PE] analyzing insert size distribution for orientation FR...
[0000][PE] (25, 50, 75) percentile: (248, 289, 327)
[0000][PE] low and high boundaries for computing mean and std.dev: (90, 485)
[0000][PE] mean and std.dev: (284.95, 58.60)
[0000][PE] low and high boundaries for proper pairs: (11, 564)
[0000][PE] analyzing insert size distribution for orientation RF...
[0000][PE] (25, 50, 75) percentile: (383, 1496, 6412)
[0000][PE] low and high boundaries for computing mean and std.dev: (1, 18470)
[0000][PE] mean and std.dev: (3315.54, 3237.94)
[0000][PE] low and high boundaries for proper pairs: (1, 24499)
[0000][PE] analyzing insert size distribution for orientation RR...
[0000][PE] (25, 50, 75) percentile: (137, 209, 440)
[0000][PE] low and high boundaries for computing mean and std.dev: (1, 1046)
[0000][PE] mean and std.dev: (263.96, 238.29)
[0000][PE] low and high boundaries for proper pairs: (1, 1349)
[0000][PE] skip orientation FF
[0000][PE] skip orientation RF
[0000][PE] skip orientation RR
[0000] 3. Calling kt_for - worker_sam
	[0000][ M::mem_process_seqs] Processed 2757800 reads in 445.332 CPU sec, 13.330 real sec
[0000] read_chunk: 400000000, work_chunk_size: 400000014, nseq: 2758612
	[0000][ M::kt_pipeline] read 2758612 sequences (400000014 bp)...
[0000] Calling mem_process_seqs.., task: 19
[0000] 1. Calling kt_for - worker_bwt
[0000] 2. Calling kt_for - worker_aln
[0000] Inferring insert size distribution of PE reads from data, l_pac: 656111652, n: 2758612
[0000][PE] # candidate unique pairs for (FF, FR, RF, RR): (87, 1112994, 109, 75)
[0000][PE] analyzing insert size distribution for orientation FF...
[0000][PE] (25, 50, 75) percentile: (169, 256, 6521)
[0000][PE] low and high boundaries for computing mean and std.dev: (1, 19225)
[0000][PE] mean and std.dev: (2253.82, 2965.03)
[0000][PE] low and high boundaries for proper pairs: (1, 25577)
[0000][PE] analyzing insert size distribution for orientation FR...
[0000][PE] (25, 50, 75) percentile: (248, 290, 327)
[0000][PE] low and high boundaries for computing mean and std.dev: (90, 485)
[0000][PE] mean and std.dev: (284.98, 58.68)
[0000][PE] low and high boundaries for proper pairs: (11, 564)
[0000][PE] analyzing insert size distribution for orientation RF...
[0000][PE] (25, 50, 75) percentile: (474, 1690, 7662)
[0000][PE] low and high boundaries for computing mean and std.dev: (1, 22038)
[0000][PE] mean and std.dev: (3603.73, 3525.28)
[0000][PE] low and high boundaries for proper pairs: (1, 29226)
[0000][PE] analyzing insert size distribution for orientation RR...
[0000][PE] (25, 50, 75) percentile: (163, 240, 490)
[0000][PE] low and high boundaries for computing mean and std.dev: (1, 1144)
[0000][PE] mean and std.dev: (204.77, 87.18)
[0000][PE] low and high boundaries for proper pairs: (1, 1471)
[0000][PE] skip orientation FF
[0000][PE] skip orientation RF
[0000][PE] skip orientation RR
[0000] 3. Calling kt_for - worker_sam
	[0000][ M::mem_process_seqs] Processed 2758612 reads in 450.276 CPU sec, 12.777 real sec
[0000] read_chunk: 400000000, work_chunk_size: 400000039, nseq: 2755778
	[0000][ M::kt_pipeline] read 2755778 sequences (400000039 bp)...
[0000] Calling mem_process_seqs.., task: 20
[0000] 1. Calling kt_for - worker_bwt
[0000] 2. Calling kt_for - worker_aln
[0000] Inferring insert size distribution of PE reads from data, l_pac: 656111652, n: 2755778
[0000][PE] # candidate unique pairs for (FF, FR, RF, RR): (75, 1096541, 139, 56)
[0000][PE] analyzing insert size distribution for orientation FF...
[0000][PE] (25, 50, 75) percentile: (160, 216, 290)
[0000][PE] low and high boundaries for computing mean and std.dev: (1, 550)
[0000][PE] mean and std.dev: (197.08, 82.56)
[0000][PE] low and high boundaries for proper pairs: (1, 680)
[0000][PE] analyzing insert size distribution for orientation FR...
[0000][PE] (25, 50, 75) percentile: (248, 289, 327)
[0000][PE] low and high boundaries for computing mean and std.dev: (90, 485)
[0000][PE] mean and std.dev: (284.96, 58.60)
[0000][PE] low and high boundaries for proper pairs: (11, 564)
[0000][PE] analyzing insert size distribution for orientation RF...
[0000][PE] (25, 50, 75) percentile: (804, 2778, 6877)
[0000][PE] low and high boundaries for computing mean and std.dev: (1, 19023)
[0000][PE] mean and std.dev: (3916.44, 3252.85)
[0000][PE] low and high boundaries for proper pairs: (1, 25096)
[0000][PE] analyzing insert size distribution for orientation RR...
[0000][PE] (25, 50, 75) percentile: (146, 207, 368)
[0000][PE] low and high boundaries for computing mean and std.dev: (1, 812)
[0000][PE] mean and std.dev: (183.86, 86.95)
[0000][PE] low and high boundaries for proper pairs: (1, 1034)
[0000][PE] skip orientation FF
[0000][PE] skip orientation RF
[0000][PE] skip orientation RR
[0000] 3. Calling kt_for - worker_sam
	[0000][ M::mem_process_seqs] Processed 2755778 reads in 459.395 CPU sec, 13.039 real sec
[0000] read_chunk: 400000000, work_chunk_size: 400000108, nseq: 2758908
	[0000][ M::kt_pipeline] read 2758908 sequences (400000108 bp)...
[0000] Calling mem_process_seqs.., task: 21
[0000] 1. Calling kt_for - worker_bwt
[0000] 2. Calling kt_for - worker_aln
[0000] Inferring insert size distribution of PE reads from data, l_pac: 656111652, n: 2758908
[0000][PE] # candidate unique pairs for (FF, FR, RF, RR): (67, 1130798, 136, 74)
[0000][PE] analyzing insert size distribution for orientation FF...
[0000][PE] (25, 50, 75) percentile: (180, 246, 628)
[0000][PE] low and high boundaries for computing mean and std.dev: (1, 1524)
[0000][PE] mean and std.dev: (271.24, 200.38)
[0000][PE] low and high boundaries for proper pairs: (1, 1972)
[0000][PE] analyzing insert size distribution for orientation FR...
[0000][PE] (25, 50, 75) percentile: (248, 289, 327)
[0000][PE] low and high boundaries for computing mean and std.dev: (90, 485)
[0000][PE] mean and std.dev: (284.87, 58.63)
[0000][PE] low and high boundaries for proper pairs: (11, 564)
[0000][PE] analyzing insert size distribution for orientation RF...
[0000][PE] (25, 50, 75) percentile: (616, 2627, 6225)
[0000][PE] low and high boundaries for computing mean and std.dev: (1, 17443)
[0000][PE] mean and std.dev: (3527.43, 3143.82)
[0000][PE] low and high boundaries for proper pairs: (1, 23052)
[0000][PE] analyzing insert size distribution for orientation RR...
[0000][PE] (25, 50, 75) percentile: (154, 210, 819)
[0000][PE] low and high boundaries for computing mean and std.dev: (1, 2149)
[0000][PE] mean and std.dev: (263.25, 308.89)
[0000][PE] low and high boundaries for proper pairs: (1, 2814)
[0000][PE] skip orientation FF
[0000][PE] skip orientation RF
[0000][PE] skip orientation RR
[0000] 3. Calling kt_for - worker_sam
	[0000][ M::mem_process_seqs] Processed 2758908 reads in 417.752 CPU sec, 13.135 real sec
[0000] read_chunk: 400000000, work_chunk_size: 400000150, nseq: 2758612
	[0000][ M::kt_pipeline] read 2758612 sequences (400000150 bp)...
[0000] Calling mem_process_seqs.., task: 22
[0000] 1. Calling kt_for - worker_bwt
[0000] 2. Calling kt_for - worker_aln
[0000] Inferring insert size distribution of PE reads from data, l_pac: 656111652, n: 2758612
[0000][PE] # candidate unique pairs for (FF, FR, RF, RR): (72, 1132867, 123, 71)
[0000][PE] analyzing insert size distribution for orientation FF...
[0000][PE] (25, 50, 75) percentile: (155, 199, 1353)
[0000][PE] low and high boundaries for computing mean and std.dev: (1, 3749)
[0000][PE] mean and std.dev: (599.09, 840.16)
[0000][PE] low and high boundaries for proper pairs: (1, 4947)
[0000][PE] analyzing insert size distribution for orientation FR...
[0000][PE] (25, 50, 75) percentile: (248, 289, 327)
[0000][PE] low and high boundaries for computing mean and std.dev: (90, 485)
[0000][PE] mean and std.dev: (284.93, 58.71)
[0000][PE] low and high boundaries for proper pairs: (11, 564)
[0000][PE] analyzing insert size distribution for orientation RF...
[0000][PE] (25, 50, 75) percentile: (408, 2173, 5956)
[0000][PE] low and high boundaries for computing mean and std.dev: (1, 17052)
[0000][PE] mean and std.dev: (3406.24, 3107.17)
[0000][PE] low and high boundaries for proper pairs: (1, 22600)
[0000][PE] analyzing insert size distribution for orientation RR...
[0000][PE] (25, 50, 75) percentile: (182, 227, 753)
[0000][PE] low and high boundaries for computing mean and std.dev: (1, 1895)
[0000][PE] mean and std.dev: (407.34, 444.15)
[0000][PE] low and high boundaries for proper pairs: (1, 2466)
[0000][PE] skip orientation FF
[0000][PE] skip orientation RF
[0000][PE] skip orientation RR
[0000] 3. Calling kt_for - worker_sam
	[0000][ M::mem_process_seqs] Processed 2758612 reads in 399.106 CPU sec, 11.398 real sec
[0000] read_chunk: 400000000, work_chunk_size: 400000131, nseq: 2756680
	[0000][ M::kt_pipeline] read 2756680 sequences (400000131 bp)...
[0000] Calling mem_process_seqs.., task: 23
[0000] 1. Calling kt_for - worker_bwt
[0000] 2. Calling kt_for - worker_aln
[0000] Inferring insert size distribution of PE reads from data, l_pac: 656111652, n: 2756680
[0000][PE] # candidate unique pairs for (FF, FR, RF, RR): (67, 1111754, 142, 76)
[0000][PE] analyzing insert size distribution for orientation FF...
[0000][PE] (25, 50, 75) percentile: (171, 227, 562)
[0000][PE] low and high boundaries for computing mean and std.dev: (1, 1344)
[0000][PE] mean and std.dev: (237.19, 145.39)
[0000][PE] low and high boundaries for proper pairs: (1, 1735)
[0000][PE] analyzing insert size distribution for orientation FR...
[0000][PE] (25, 50, 75) percentile: (248, 289, 327)
[0000][PE] low and high boundaries for computing mean and std.dev: (90, 485)
[0000][PE] mean and std.dev: (285.00, 58.59)
[0000][PE] low and high boundaries for proper pairs: (11, 564)
[0000][PE] analyzing insert size distribution for orientation RF...
[0000][PE] (25, 50, 75) percentile: (384, 1905, 5790)
[0000][PE] low and high boundaries for computing mean and std.dev: (1, 16602)
[0000][PE] mean and std.dev: (3250.20, 3261.31)
[0000][PE] low and high boundaries for proper pairs: (1, 22008)
[0000][PE] analyzing insert size distribution for orientation RR...
[0000][PE] (25, 50, 75) percentile: (162, 200, 241)
[0000][PE] low and high boundaries for computing mean and std.dev: (4, 399)
[0000][PE] mean and std.dev: (197.29, 55.95)
[0000][PE] low and high boundaries for proper pairs: (1, 478)
[0000][PE] skip orientation FF
[0000][PE] skip orientation RF
[0000][PE] skip orientation RR
[0000] 3. Calling kt_for - worker_sam
	[0000][ M::mem_process_seqs] Processed 2756680 reads in 470.355 CPU sec, 19.511 real sec
[0000] read_chunk: 400000000, work_chunk_size: 400000057, nseq: 2757596
	[0000][ M::kt_pipeline] read 2757596 sequences (400000057 bp)...
[0000] Calling mem_process_seqs.., task: 24
[0000] 1. Calling kt_for - worker_bwt
[0000] 2. Calling kt_for - worker_aln
[0000] Inferring insert size distribution of PE reads from data, l_pac: 656111652, n: 2757596
[0000][PE] # candidate unique pairs for (FF, FR, RF, RR): (78, 1111637, 108, 84)
[0000][PE] analyzing insert size distribution for orientation FF...
[0000][PE] (25, 50, 75) percentile: (160, 231, 1151)
[0000][PE] low and high boundaries for computing mean and std.dev: (1, 3133)
[0000][PE] mean and std.dev: (347.98, 397.03)
[0000][PE] low and high boundaries for proper pairs: (1, 4124)
[0000][PE] analyzing insert size distribution for orientation FR...
[0000][PE] (25, 50, 75) percentile: (248, 289, 327)
[0000][PE] low and high boundaries for computing mean and std.dev: (90, 485)
[0000][PE] mean and std.dev: (284.96, 58.59)
[0000][PE] low and high boundaries for proper pairs: (11, 564)
[0000][PE] analyzing insert size distribution for orientation RF...
[0000][PE] (25, 50, 75) percentile: (713, 3285, 7375)
[0000][PE] low and high boundaries for computing mean and std.dev: (1, 20699)
[0000][PE] mean and std.dev: (3805.95, 3299.37)
[0000][PE] low and high boundaries for proper pairs: (1, 27361)
[0000][PE] analyzing insert size distribution for orientation RR...
[0000][PE] (25, 50, 75) percentile: (163, 262, 1748)
[0000][PE] low and high boundaries for computing mean and std.dev: (1, 4918)
[0000][PE] mean and std.dev: (561.69, 898.56)
[0000][PE] low and high boundaries for proper pairs: (1, 6503)
[0000][PE] skip orientation FF
[0000][PE] skip orientation RF
[0000][PE] skip orientation RR
[0000] 3. Calling kt_for - worker_sam
[0000] read_chunk: 400000000, work_chunk_size: 400000184, nseq: 2756522
	[0000][ M::kt_pipeline] read 2756522 sequences (400000184 bp)...
	[0000][ M::mem_process_seqs] Processed 2757596 reads in 419.155 CPU sec, 12.667 real sec
[0000] Calling mem_process_seqs.., task: 25
[0000] 1. Calling kt_for - worker_bwt
[0000] 2. Calling kt_for - worker_aln
[0000] Inferring insert size distribution of PE reads from data, l_pac: 656111652, n: 2756522
[0000][PE] # candidate unique pairs for (FF, FR, RF, RR): (69, 1109321, 111, 76)
[0000][PE] analyzing insert size distribution for orientation FF...
[0000][PE] (25, 50, 75) percentile: (135, 187, 253)
[0000][PE] low and high boundaries for computing mean and std.dev: (1, 489)
[0000][PE] mean and std.dev: (172.30, 65.81)
[0000][PE] low and high boundaries for proper pairs: (1, 607)
[0000][PE] analyzing insert size distribution for orientation FR...
[0000][PE] (25, 50, 75) percentile: (248, 289, 327)
[0000][PE] low and high boundaries for computing mean and std.dev: (90, 485)
[0000][PE] mean and std.dev: (284.89, 58.62)
[0000][PE] low and high boundaries for proper pairs: (11, 564)
[0000][PE] analyzing insert size distribution for orientation RF...
[0000][PE] (25, 50, 75) percentile: (978, 2694, 7817)
[0000][PE] low and high boundaries for computing mean and std.dev: (1, 21495)
[0000][PE] mean and std.dev: (3855.67, 3321.04)
[0000][PE] low and high boundaries for proper pairs: (1, 28334)
[0000][PE] analyzing insert size distribution for orientation RR...
[0000][PE] (25, 50, 75) percentile: (178, 242, 1891)
[0000][PE] low and high boundaries for computing mean and std.dev: (1, 5317)
[0000][PE] mean and std.dev: (529.23, 862.56)
[0000][PE] low and high boundaries for proper pairs: (1, 7030)
[0000][PE] skip orientation FF
[0000][PE] skip orientation RF
[0000][PE] skip orientation RR
[0000] 3. Calling kt_for - worker_sam
[0000] read_chunk: 400000000, work_chunk_size: 400000222, nseq: 2757726
	[0000][ M::kt_pipeline] read 2757726 sequences (400000222 bp)...
	[0000][ M::mem_process_seqs] Processed 2756522 reads in 451.603 CPU sec, 12.254 real sec
[0000] Calling mem_process_seqs.., task: 26
[0000] 1. Calling kt_for - worker_bwt
[0000] 2. Calling kt_for - worker_aln
[0000] Inferring insert size distribution of PE reads from data, l_pac: 656111652, n: 2757726
[0000][PE] # candidate unique pairs for (FF, FR, RF, RR): (78, 1125141, 138, 65)
[0000][PE] analyzing insert size distribution for orientation FF...
[0000][PE] (25, 50, 75) percentile: (168, 237, 746)
[0000][PE] low and high boundaries for computing mean and std.dev: (1, 1902)
[0000][PE] mean and std.dev: (289.39, 300.71)
[0000][PE] low and high boundaries for proper pairs: (1, 2480)
[0000][PE] analyzing insert size distribution for orientation FR...
[0000][PE] (25, 50, 75) percentile: (248, 289, 327)
[0000][PE] low and high boundaries for computing mean and std.dev: (90, 485)
[0000][PE] mean and std.dev: (284.88, 58.55)
[0000][PE] low and high boundaries for proper pairs: (11, 564)
[0000][PE] analyzing insert size distribution for orientation RF...
[0000][PE] (25, 50, 75) percentile: (491, 2690, 6874)
[0000][PE] low and high boundaries for computing mean and std.dev: (1, 19640)
[0000][PE] mean and std.dev: (3611.28, 3099.86)
[0000][PE] low and high boundaries for proper pairs: (1, 26023)
[0000][PE] analyzing insert size distribution for orientation RR...
[0000][PE] (25, 50, 75) percentile: (159, 233, 1474)
[0000][PE] low and high boundaries for computing mean and std.dev: (1, 4104)
[0000][PE] mean and std.dev: (536.02, 841.42)
[0000][PE] low and high boundaries for proper pairs: (1, 5419)
[0000][PE] skip orientation FF
[0000][PE] skip orientation RF
[0000][PE] skip orientation RR
[0000] 3. Calling kt_for - worker_sam
	[0000][ M::mem_process_seqs] Processed 2757726 reads in 400.919 CPU sec, 11.757 real sec
[0000] read_chunk: 400000000, work_chunk_size: 400000163, nseq: 2758594
	[0000][ M::kt_pipeline] read 2758594 sequences (400000163 bp)...
[0000] Calling mem_process_seqs.., task: 27
[0000] 1. Calling kt_for - worker_bwt
[0000] 2. Calling kt_for - worker_aln
[0000] Inferring insert size distribution of PE reads from data, l_pac: 656111652, n: 2758594
[0000][PE] # candidate unique pairs for (FF, FR, RF, RR): (87, 1134637, 121, 77)
[0000][PE] analyzing insert size distribution for orientation FF...
[0000][PE] (25, 50, 75) percentile: (165, 251, 1447)
[0000][PE] low and high boundaries for computing mean and std.dev: (1, 4011)
[0000][PE] mean and std.dev: (674.51, 957.43)
[0000][PE] low and high boundaries for proper pairs: (1, 5293)
[0000][PE] analyzing insert size distribution for orientation FR...
[0000][PE] (25, 50, 75) percentile: (248, 289, 327)
[0000][PE] low and high boundaries for computing mean and std.dev: (90, 485)
[0000][PE] mean and std.dev: (284.87, 58.65)
[0000][PE] low and high boundaries for proper pairs: (11, 564)
[0000][PE] analyzing insert size distribution for orientation RF...
[0000][PE] (25, 50, 75) percentile: (616, 3385, 6840)
[0000][PE] low and high boundaries for computing mean and std.dev: (1, 19288)
[0000][PE] mean and std.dev: (3805.50, 3216.22)
[0000][PE] low and high boundaries for proper pairs: (1, 25512)
[0000][PE] analyzing insert size distribution for orientation RR...
[0000][PE] (25, 50, 75) percentile: (148, 212, 598)
[0000][PE] low and high boundaries for computing mean and std.dev: (1, 1498)
[0000][PE] mean and std.dev: (271.15, 246.40)
[0000][PE] low and high boundaries for proper pairs: (1, 1948)
[0000][PE] skip orientation FF
[0000][PE] skip orientation RF
[0000][PE] skip orientation RR
[0000] 3. Calling kt_for - worker_sam
	[0000][ M::mem_process_seqs] Processed 2758594 reads in 401.389 CPU sec, 11.557 real sec
[0000] read_chunk: 400000000, work_chunk_size: 400000074, nseq: 2759322
	[0000][ M::kt_pipeline] read 2759322 sequences (400000074 bp)...
[0000] Calling mem_process_seqs.., task: 28
[0000] 1. Calling kt_for - worker_bwt
[0000] 2. Calling kt_for - worker_aln
[0000] Inferring insert size distribution of PE reads from data, l_pac: 656111652, n: 2759322
[0000][PE] # candidate unique pairs for (FF, FR, RF, RR): (74, 1136210, 114, 84)
[0000][PE] analyzing insert size distribution for orientation FF...
[0000][PE] (25, 50, 75) percentile: (144, 220, 285)
[0000][PE] low and high boundaries for computing mean and std.dev: (1, 567)
[0000][PE] mean and std.dev: (208.38, 84.62)
[0000][PE] low and high boundaries for proper pairs: (1, 708)
[0000][PE] analyzing insert size distribution for orientation FR...
[0000][PE] (25, 50, 75) percentile: (248, 289, 327)
[0000][PE] low and high boundaries for computing mean and std.dev: (90, 485)
[0000][PE] mean and std.dev: (284.90, 58.60)
[0000][PE] low and high boundaries for proper pairs: (11, 564)
[0000][PE] analyzing insert size distribution for orientation RF...
[0000][PE] (25, 50, 75) percentile: (377, 4879, 6356)
[0000][PE] low and high boundaries for computing mean and std.dev: (1, 18314)
[0000][PE] mean and std.dev: (4103.05, 3260.04)
[0000][PE] low and high boundaries for proper pairs: (1, 24293)
[0000][PE] analyzing insert size distribution for orientation RR...
[0000][PE] (25, 50, 75) percentile: (152, 212, 328)
[0000][PE] low and high boundaries for computing mean and std.dev: (1, 680)
[0000][PE] mean and std.dev: (188.66, 86.10)
[0000][PE] low and high boundaries for proper pairs: (1, 856)
[0000][PE] skip orientation FF
[0000][PE] skip orientation RF
[0000][PE] skip orientation RR
[0000] 3. Calling kt_for - worker_sam
	[0000][ M::mem_process_seqs] Processed 2759322 reads in 388.290 CPU sec, 11.192 real sec
[0000] read_chunk: 400000000, work_chunk_size: 400000261, nseq: 2758680
	[0000][ M::kt_pipeline] read 2758680 sequences (400000261 bp)...
[0000] Calling mem_process_seqs.., task: 29
[0000] 1. Calling kt_for - worker_bwt
[0000] 2. Calling kt_for - worker_aln
[0000] Inferring insert size distribution of PE reads from data, l_pac: 656111652, n: 2758680
[0000][PE] # candidate unique pairs for (FF, FR, RF, RR): (92, 1129201, 129, 66)
[0000][PE] analyzing insert size distribution for orientation FF...
[0000][PE] (25, 50, 75) percentile: (154, 211, 257)
[0000][PE] low and high boundaries for computing mean and std.dev: (1, 463)
[0000][PE] mean and std.dev: (189.55, 71.94)
[0000][PE] low and high boundaries for proper pairs: (1, 566)
[0000][PE] analyzing insert size distribution for orientation FR...
[0000][PE] (25, 50, 75) percentile: (248, 289, 327)
[0000][PE] low and high boundaries for computing mean and std.dev: (90, 485)
[0000][PE] mean and std.dev: (284.92, 58.59)
[0000][PE] low and high boundaries for proper pairs: (11, 564)
[0000][PE] analyzing insert size distribution for orientation RF...
[0000][PE] (25, 50, 75) percentile: (337, 1987, 6855)
[0000][PE] low and high boundaries for computing mean and std.dev: (1, 19891)
[0000][PE] mean and std.dev: (3523.12, 3533.03)
[0000][PE] low and high boundaries for proper pairs: (1, 26409)
[0000][PE] analyzing insert size distribution for orientation RR...
[0000][PE] (25, 50, 75) percentile: (152, 196, 296)
[0000][PE] low and high boundaries for computing mean and std.dev: (1, 584)
[0000][PE] mean and std.dev: (191.98, 80.70)
[0000][PE] low and high boundaries for proper pairs: (1, 728)
[0000][PE] skip orientation FF
[0000][PE] skip orientation RF
[0000][PE] skip orientation RR
[0000] 3. Calling kt_for - worker_sam
[0000] read_chunk: 400000000, work_chunk_size: 400000015, nseq: 2758370
	[0000][ M::kt_pipeline] read 2758370 sequences (400000015 bp)...
	[0000][ M::mem_process_seqs] Processed 2758680 reads in 393.319 CPU sec, 10.869 real sec
[0000] Calling mem_process_seqs.., task: 30
[0000] 1. Calling kt_for - worker_bwt
[0000] 2. Calling kt_for - worker_aln
[0000] Inferring insert size distribution of PE reads from data, l_pac: 656111652, n: 2758370
[0000][PE] # candidate unique pairs for (FF, FR, RF, RR): (62, 1128298, 118, 57)
[0000][PE] analyzing insert size distribution for orientation FF...
[0000][PE] (25, 50, 75) percentile: (159, 213, 354)
[0000][PE] low and high boundaries for computing mean and std.dev: (1, 744)
[0000][PE] mean and std.dev: (216.12, 118.23)
[0000][PE] low and high boundaries for proper pairs: (1, 939)
[0000][PE] analyzing insert size distribution for orientation FR...
[0000][PE] (25, 50, 75) percentile: (248, 289, 327)
[0000][PE] low and high boundaries for computing mean and std.dev: (90, 485)
[0000][PE] mean and std.dev: (284.93, 58.66)
[0000][PE] low and high boundaries for proper pairs: (11, 564)
[0000][PE] analyzing insert size distribution for orientation RF...
[0000][PE] (25, 50, 75) percentile: (170, 1423, 4571)
[0000][PE] low and high boundaries for computing mean and std.dev: (1, 13373)
[0000][PE] mean and std.dev: (2736.75, 2894.85)
[0000][PE] low and high boundaries for proper pairs: (1, 17774)
[0000][PE] analyzing insert size distribution for orientation RR...
[0000][PE] (25, 50, 75) percentile: (149, 195, 285)
[0000][PE] low and high boundaries for computing mean and std.dev: (1, 557)
[0000][PE] mean and std.dev: (205.10, 97.80)
[0000][PE] low and high boundaries for proper pairs: (1, 693)
[0000][PE] skip orientation FF
[0000][PE] skip orientation RF
[0000][PE] skip orientation RR
[0000] 3. Calling kt_for - worker_sam
	[0000][ M::mem_process_seqs] Processed 2758370 reads in 392.510 CPU sec, 10.825 real sec
[0000] read_chunk: 400000000, work_chunk_size: 400000006, nseq: 2755658
	[0000][ M::kt_pipeline] read 2755658 sequences (400000006 bp)...
[0000] Calling mem_process_seqs.., task: 31
[0000] 1. Calling kt_for - worker_bwt
[0000] 2. Calling kt_for - worker_aln
[0000] Inferring insert size distribution of PE reads from data, l_pac: 656111652, n: 2755658
[0000][PE] # candidate unique pairs for (FF, FR, RF, RR): (66, 1065603, 121, 70)
[0000][PE] analyzing insert size distribution for orientation FF...
[0000][PE] (25, 50, 75) percentile: (149, 202, 309)
[0000][PE] low and high boundaries for computing mean and std.dev: (1, 629)
[0000][PE] mean and std.dev: (202.56, 96.53)
[0000][PE] low and high boundaries for proper pairs: (1, 789)
[0000][PE] analyzing insert size distribution for orientation FR...
[0000][PE] (25, 50, 75) percentile: (248, 289, 327)
[0000][PE] low and high boundaries for computing mean and std.dev: (90, 485)
[0000][PE] mean and std.dev: (284.89, 58.74)
[0000][PE] low and high boundaries for proper pairs: (11, 564)
[0000][PE] analyzing insert size distribution for orientation RF...
[0000][PE] (25, 50, 75) percentile: (676, 3532, 7327)
[0000][PE] low and high boundaries for computing mean and std.dev: (1, 20629)
[0000][PE] mean and std.dev: (3927.17, 3345.49)
[0000][PE] low and high boundaries for proper pairs: (1, 27280)
[0000][PE] analyzing insert size distribution for orientation RR...
[0000][PE] (25, 50, 75) percentile: (153, 225, 647)
[0000][PE] low and high boundaries for computing mean and std.dev: (1, 1635)
[0000][PE] mean and std.dev: (284.67, 253.74)
[0000][PE] low and high boundaries for proper pairs: (1, 2129)
[0000][PE] skip orientation FF
[0000][PE] skip orientation RF
[0000][PE] skip orientation RR
[0000] 3. Calling kt_for - worker_sam
[0000] read_chunk: 400000000, work_chunk_size: 400000177, nseq: 2758622
	[0000][ M::kt_pipeline] read 2758622 sequences (400000177 bp)...
	[0000][ M::mem_process_seqs] Processed 2755658 reads in 497.041 CPU sec, 13.236 real sec
[0000] Calling mem_process_seqs.., task: 32
[0000] 1. Calling kt_for - worker_bwt
[0000] 2. Calling kt_for - worker_aln
[0000] Inferring insert size distribution of PE reads from data, l_pac: 656111652, n: 2758622
[0000][PE] # candidate unique pairs for (FF, FR, RF, RR): (73, 1144160, 138, 84)
[0000][PE] analyzing insert size distribution for orientation FF...
[0000][PE] (25, 50, 75) percentile: (164, 209, 287)
[0000][PE] low and high boundaries for computing mean and std.dev: (1, 533)
[0000][PE] mean and std.dev: (192.83, 79.05)
[0000][PE] low and high boundaries for proper pairs: (1, 656)
[0000][PE] analyzing insert size distribution for orientation FR...
[0000][PE] (25, 50, 75) percentile: (248, 289, 327)
[0000][PE] low and high boundaries for computing mean and std.dev: (90, 485)
[0000][PE] mean and std.dev: (284.95, 58.57)
[0000][PE] low and high boundaries for proper pairs: (11, 564)
[0000][PE] analyzing insert size distribution for orientation RF...
[0000][PE] (25, 50, 75) percentile: (559, 1215, 4717)
[0000][PE] low and high boundaries for computing mean and std.dev: (1, 13033)
[0000][PE] mean and std.dev: (2674.43, 2828.99)
[0000][PE] low and high boundaries for proper pairs: (1, 17191)
[0000][PE] analyzing insert size distribution for orientation RR...
[0000][PE] (25, 50, 75) percentile: (172, 222, 694)
[0000][PE] low and high boundaries for computing mean and std.dev: (1, 1738)
[0000][PE] mean and std.dev: (275.01, 264.70)
[0000][PE] low and high boundaries for proper pairs: (1, 2260)
[0000][PE] skip orientation FF
[0000][PE] skip orientation RF
[0000][PE] skip orientation RR
[0000] 3. Calling kt_for - worker_sam
	[0000][ M::mem_process_seqs] Processed 2758622 reads in 389.659 CPU sec, 11.109 real sec
[0000] read_chunk: 400000000, work_chunk_size: 400000013, nseq: 2759476
	[0000][ M::kt_pipeline] read 2759476 sequences (400000013 bp)...
[0000] Calling mem_process_seqs.., task: 33
[0000] 1. Calling kt_for - worker_bwt
[0000] 2. Calling kt_for - worker_aln
[0000] Inferring insert size distribution of PE reads from data, l_pac: 656111652, n: 2759476
[0000][PE] # candidate unique pairs for (FF, FR, RF, RR): (77, 1129494, 98, 67)
[0000][PE] analyzing insert size distribution for orientation FF...
[0000][PE] (25, 50, 75) percentile: (156, 200, 295)
[0000][PE] low and high boundaries for computing mean and std.dev: (1, 573)
[0000][PE] mean and std.dev: (191.10, 78.48)
[0000][PE] low and high boundaries for proper pairs: (1, 712)
[0000][PE] analyzing insert size distribution for orientation FR...
[0000][PE] (25, 50, 75) percentile: (248, 289, 327)
[0000][PE] low and high boundaries for computing mean and std.dev: (90, 485)
[0000][PE] mean and std.dev: (284.87, 58.63)
[0000][PE] low and high boundaries for proper pairs: (11, 564)
[0000][PE] analyzing insert size distribution for orientation RF...
[0000][PE] (25, 50, 75) percentile: (501, 1688, 6322)
[0000][PE] low and high boundaries for computing mean and std.dev: (1, 17964)
[0000][PE] mean and std.dev: (3265.12, 3179.49)
[0000][PE] low and high boundaries for proper pairs: (1, 23785)
[0000][PE] analyzing insert size distribution for orientation RR...
[0000][PE] (25, 50, 75) percentile: (160, 209, 707)
[0000][PE] low and high boundaries for computing mean and std.dev: (1, 1801)
[0000][PE] mean and std.dev: (372.02, 419.33)
[0000][PE] low and high boundaries for proper pairs: (1, 2348)
[0000][PE] skip orientation FF
[0000][PE] skip orientation RF
[0000][PE] skip orientation RR
[0000] 3. Calling kt_for - worker_sam
[0000] read_chunk: 400000000, work_chunk_size: 400000191, nseq: 2758072
	[0000][ M::kt_pipeline] read 2758072 sequences (400000191 bp)...
	[0000][ M::mem_process_seqs] Processed 2759476 reads in 387.603 CPU sec, 10.560 real sec
[0000] Calling mem_process_seqs.., task: 34
[0000] 1. Calling kt_for - worker_bwt
[0000] 2. Calling kt_for - worker_aln
[0000] Inferring insert size distribution of PE reads from data, l_pac: 656111652, n: 2758072
[0000][PE] # candidate unique pairs for (FF, FR, RF, RR): (60, 1128951, 128, 80)
[0000][PE] analyzing insert size distribution for orientation FF...
[0000][PE] (25, 50, 75) percentile: (183, 214, 263)
[0000][PE] low and high boundaries for computing mean and std.dev: (23, 423)
[0000][PE] mean and std.dev: (202.83, 68.00)
[0000][PE] low and high boundaries for proper pairs: (1, 503)
[0000][PE] analyzing insert size distribution for orientation FR...
[0000][PE] (25, 50, 75) percentile: (248, 289, 327)
[0000][PE] low and high boundaries for computing mean and std.dev: (90, 485)
[0000][PE] mean and std.dev: (284.91, 58.62)
[0000][PE] low and high boundaries for proper pairs: (11, 564)
[0000][PE] analyzing insert size distribution for orientation RF...
[0000][PE] (25, 50, 75) percentile: (701, 3487, 7025)
[0000][PE] low and high boundaries for computing mean and std.dev: (1, 19673)
[0000][PE] mean and std.dev: (4022.05, 3364.74)
[0000][PE] low and high boundaries for proper pairs: (1, 25997)
[0000][PE] analyzing insert size distribution for orientation RR...
[0000][PE] (25, 50, 75) percentile: (139, 182, 255)
[0000][PE] low and high boundaries for computing mean and std.dev: (1, 487)
[0000][PE] mean and std.dev: (182.56, 70.35)
[0000][PE] low and high boundaries for proper pairs: (1, 603)
[0000][PE] skip orientation FF
[0000][PE] skip orientation RF
[0000][PE] skip orientation RR
[0000] 3. Calling kt_for - worker_sam
	[0000][ M::mem_process_seqs] Processed 2758072 reads in 385.889 CPU sec, 10.429 real sec
[0000] read_chunk: 400000000, work_chunk_size: 400000010, nseq: 2758216
	[0000][ M::kt_pipeline] read 2758216 sequences (400000010 bp)...
[0000] Calling mem_process_seqs.., task: 35
[0000] 1. Calling kt_for - worker_bwt
[0000] 2. Calling kt_for - worker_aln
[0000] Inferring insert size distribution of PE reads from data, l_pac: 656111652, n: 2758216
[0000][PE] # candidate unique pairs for (FF, FR, RF, RR): (56, 1117510, 142, 64)
[0000][PE] analyzing insert size distribution for orientation FF...
[0000][PE] (25, 50, 75) percentile: (138, 238, 526)
[0000][PE] low and high boundaries for computing mean and std.dev: (1, 1302)
[0000][PE] mean and std.dev: (297.29, 267.08)
[0000][PE] low and high boundaries for proper pairs: (1, 1690)
[0000][PE] analyzing insert size distribution for orientation FR...
[0000][PE] (25, 50, 75) percentile: (248, 290, 327)
[0000][PE] low and high boundaries for computing mean and std.dev: (90, 485)
[0000][PE] mean and std.dev: (285.06, 58.65)
[0000][PE] low and high boundaries for proper pairs: (11, 564)
[0000][PE] analyzing insert size distribution for orientation RF...
[0000][PE] (25, 50, 75) percentile: (1421, 4103, 5607)
[0000][PE] low and high boundaries for computing mean and std.dev: (1, 13979)
[0000][PE] mean and std.dev: (3933.49, 2764.56)
[0000][PE] low and high boundaries for proper pairs: (1, 18165)
[0000][PE] analyzing insert size distribution for orientation RR...
[0000][PE] (25, 50, 75) percentile: (134, 188, 267)
[0000][PE] low and high boundaries for computing mean and std.dev: (1, 533)
[0000][PE] mean and std.dev: (179.60, 84.42)
[0000][PE] low and high boundaries for proper pairs: (1, 666)
[0000][PE] skip orientation FF
[0000][PE] skip orientation RF
[0000][PE] skip orientation RR
[0000] 3. Calling kt_for - worker_sam
[0000] read_chunk: 400000000, work_chunk_size: 400000177, nseq: 2758764
	[0000][ M::kt_pipeline] read 2758764 sequences (400000177 bp)...
	[0000][ M::mem_process_seqs] Processed 2758216 reads in 422.822 CPU sec, 11.419 real sec
[0000] Calling mem_process_seqs.., task: 36
[0000] 1. Calling kt_for - worker_bwt
[0000] 2. Calling kt_for - worker_aln
[0000] Inferring insert size distribution of PE reads from data, l_pac: 656111652, n: 2758764
[0000][PE] # candidate unique pairs for (FF, FR, RF, RR): (59, 1127932, 121, 69)
[0000][PE] analyzing insert size distribution for orientation FF...
[0000][PE] (25, 50, 75) percentile: (169, 250, 546)
[0000][PE] low and high boundaries for computing mean and std.dev: (1, 1300)
[0000][PE] mean and std.dev: (249.48, 159.28)
[0000][PE] low and high boundaries for proper pairs: (1, 1677)
[0000][PE] analyzing insert size distribution for orientation FR...
[0000][PE] (25, 50, 75) percentile: (248, 289, 327)
[0000][PE] low and high boundaries for computing mean and std.dev: (90, 485)
[0000][PE] mean and std.dev: (284.92, 58.62)
[0000][PE] low and high boundaries for proper pairs: (11, 564)
[0000][PE] analyzing insert size distribution for orientation RF...
[0000][PE] (25, 50, 75) percentile: (386, 1276, 5123)
[0000][PE] low and high boundaries for computing mean and std.dev: (1, 14597)
[0000][PE] mean and std.dev: (2795.10, 3004.58)
[0000][PE] low and high boundaries for proper pairs: (1, 19334)
[0000][PE] analyzing insert size distribution for orientation RR...
[0000][PE] (25, 50, 75) percentile: (149, 217, 1103)
[0000][PE] low and high boundaries for computing mean and std.dev: (1, 3011)
[0000][PE] mean and std.dev: (382.21, 481.50)
[0000][PE] low and high boundaries for proper pairs: (1, 3965)
[0000][PE] skip orientation FF
[0000][PE] skip orientation RF
[0000][PE] skip orientation RR
[0000] 3. Calling kt_for - worker_sam
	[0000][ M::mem_process_seqs] Processed 2758764 reads in 394.122 CPU sec, 11.499 real sec
[0000] read_chunk: 400000000, work_chunk_size: 400000066, nseq: 2757804
	[0000][ M::kt_pipeline] read 2757804 sequences (400000066 bp)...
[0000] Calling mem_process_seqs.., task: 37
[0000] 1. Calling kt_for - worker_bwt
[0000] 2. Calling kt_for - worker_aln
[0000] Inferring insert size distribution of PE reads from data, l_pac: 656111652, n: 2757804
[0000][PE] # candidate unique pairs for (FF, FR, RF, RR): (79, 1117842, 129, 76)
[0000][PE] analyzing insert size distribution for orientation FF...
[0000][PE] (25, 50, 75) percentile: (146, 207, 274)
[0000][PE] low and high boundaries for computing mean and std.dev: (1, 530)
[0000][PE] mean and std.dev: (185.02, 73.87)
[0000][PE] low and high boundaries for proper pairs: (1, 658)
[0000][PE] analyzing insert size distribution for orientation FR...
[0000][PE] (25, 50, 75) percentile: (248, 289, 327)
[0000][PE] low and high boundaries for computing mean and std.dev: (90, 485)
[0000][PE] mean and std.dev: (285.05, 58.61)
[0000][PE] low and high boundaries for proper pairs: (11, 564)
[0000][PE] analyzing insert size distribution for orientation RF...
[0000][PE] (25, 50, 75) percentile: (486, 2148, 6911)
[0000][PE] low and high boundaries for computing mean and std.dev: (1, 19761)
[0000][PE] mean and std.dev: (3670.64, 3461.43)
[0000][PE] low and high boundaries for proper pairs: (1, 26186)
[0000][PE] analyzing insert size distribution for orientation RR...
[0000][PE] (25, 50, 75) percentile: (165, 225, 688)
[0000][PE] low and high boundaries for computing mean and std.dev: (1, 1734)
[0000][PE] mean and std.dev: (287.73, 279.14)
[0000][PE] low and high boundaries for proper pairs: (1, 2257)
[0000][PE] skip orientation FF
[0000][PE] skip orientation RF
[0000][PE] skip orientation RR
[0000] 3. Calling kt_for - worker_sam
[0000] read_chunk: 400000000, work_chunk_size: 400000037, nseq: 2758150
	[0000][ M::kt_pipeline] read 2758150 sequences (400000037 bp)...
	[0000][ M::mem_process_seqs] Processed 2757804 reads in 429.487 CPU sec, 11.536 real sec
[0000] Calling mem_process_seqs.., task: 38
[0000] 1. Calling kt_for - worker_bwt
[0000] 2. Calling kt_for - worker_aln
[0000] Inferring insert size distribution of PE reads from data, l_pac: 656111652, n: 2758150
[0000][PE] # candidate unique pairs for (FF, FR, RF, RR): (91, 1124993, 153, 66)
[0000][PE] analyzing insert size distribution for orientation FF...
[0000][PE] (25, 50, 75) percentile: (157, 229, 1108)
[0000][PE] low and high boundaries for computing mean and std.dev: (1, 3010)
[0000][PE] mean and std.dev: (418.40, 531.90)
[0000][PE] low and high boundaries for proper pairs: (1, 3961)
[0000][PE] analyzing insert size distribution for orientation FR...
[0000][PE] (25, 50, 75) percentile: (248, 289, 327)
[0000][PE] low and high boundaries for computing mean and std.dev: (90, 485)
[0000][PE] mean and std.dev: (284.85, 58.72)
[0000][PE] low and high boundaries for proper pairs: (11, 564)
[0000][PE] analyzing insert size distribution for orientation RF...
[0000][PE] (25, 50, 75) percentile: (520, 2583, 5663)
[0000][PE] low and high boundaries for computing mean and std.dev: (1, 15949)
[0000][PE] mean and std.dev: (3408.71, 3038.36)
[0000][PE] low and high boundaries for proper pairs: (1, 21092)
[0000][PE] analyzing insert size distribution for orientation RR...
[0000][PE] (25, 50, 75) percentile: (153, 217, 974)
[0000][PE] low and high boundaries for computing mean and std.dev: (1, 2616)
[0000][PE] mean and std.dev: (387.46, 477.26)
[0000][PE] low and high boundaries for proper pairs: (1, 3437)
[0000][PE] skip orientation FF
[0000][PE] skip orientation RF
[0000][PE] skip orientation RR
[0000] 3. Calling kt_for - worker_sam
	[0000][ M::mem_process_seqs] Processed 2758150 reads in 433.600 CPU sec, 12.484 real sec
[0000] read_chunk: 400000000, work_chunk_size: 400000238, nseq: 2755486
	[0000][ M::kt_pipeline] read 2755486 sequences (400000238 bp)...
[0000] Calling mem_process_seqs.., task: 39
[0000] 1. Calling kt_for - worker_bwt
[0000] 2. Calling kt_for - worker_aln
[0000] Inferring insert size distribution of PE reads from data, l_pac: 656111652, n: 2755486
[0000][PE] # candidate unique pairs for (FF, FR, RF, RR): (73, 1083709, 117, 67)
[0000][PE] analyzing insert size distribution for orientation FF...
[0000][PE] (25, 50, 75) percentile: (139, 183, 257)
[0000][PE] low and high boundaries for computing mean and std.dev: (1, 493)
[0000][PE] mean and std.dev: (175.32, 71.74)
[0000][PE] low and high boundaries for proper pairs: (1, 611)
[0000][PE] analyzing insert size distribution for orientation FR...
[0000][PE] (25, 50, 75) percentile: (248, 289, 327)
[0000][PE] low and high boundaries for computing mean and std.dev: (90, 485)
[0000][PE] mean and std.dev: (285.05, 58.62)
[0000][PE] low and high boundaries for proper pairs: (11, 564)
[0000][PE] analyzing insert size distribution for orientation RF...
[0000][PE] (25, 50, 75) percentile: (646, 3025, 6085)
[0000][PE] low and high boundaries for computing mean and std.dev: (1, 16963)
[0000][PE] mean and std.dev: (3556.20, 3124.38)
[0000][PE] low and high boundaries for proper pairs: (1, 22402)
[0000][PE] analyzing insert size distribution for orientation RR...
[0000][PE] (25, 50, 75) percentile: (163, 197, 257)
[0000][PE] low and high boundaries for computing mean and std.dev: (1, 445)
[0000][PE] mean and std.dev: (200.60, 65.48)
[0000][PE] low and high boundaries for proper pairs: (1, 539)
[0000][PE] skip orientation FF
[0000][PE] skip orientation RF
[0000][PE] skip orientation RR
[0000] 3. Calling kt_for - worker_sam
[0000] read_chunk: 400000000, work_chunk_size: 400000036, nseq: 2757788
	[0000][ M::kt_pipeline] read 2757788 sequences (400000036 bp)...
	[0000][ M::mem_process_seqs] Processed 2755486 reads in 494.981 CPU sec, 14.138 real sec
[0000] Calling mem_process_seqs.., task: 40
[0000] 1. Calling kt_for - worker_bwt
[0000] 2. Calling kt_for - worker_aln
[0000] Inferring insert size distribution of PE reads from data, l_pac: 656111652, n: 2757788
[0000][PE] # candidate unique pairs for (FF, FR, RF, RR): (69, 1110423, 108, 68)
[0000][PE] analyzing insert size distribution for orientation FF...
[0000][PE] (25, 50, 75) percentile: (148, 193, 258)
[0000][PE] low and high boundaries for computing mean and std.dev: (1, 478)
[0000][PE] mean and std.dev: (183.15, 64.51)
[0000][PE] low and high boundaries for proper pairs: (1, 588)
[0000][PE] analyzing insert size distribution for orientation FR...
[0000][PE] (25, 50, 75) percentile: (248, 289, 327)
[0000][PE] low and high boundaries for computing mean and std.dev: (90, 485)
[0000][PE] mean and std.dev: (284.87, 58.61)
[0000][PE] low and high boundaries for proper pairs: (11, 564)
[0000][PE] analyzing insert size distribution for orientation RF...
[0000][PE] (25, 50, 75) percentile: (462, 2125, 6743)
[0000][PE] low and high boundaries for computing mean and std.dev: (1, 19305)
[0000][PE] mean and std.dev: (3572.55, 3278.01)
[0000][PE] low and high boundaries for proper pairs: (1, 25586)
[0000][PE] analyzing insert size distribution for orientation RR...
[0000][PE] (25, 50, 75) percentile: (131, 181, 242)
[0000][PE] low and high boundaries for computing mean and std.dev: (1, 464)
[0000][PE] mean and std.dev: (167.46, 58.59)
[0000][PE] low and high boundaries for proper pairs: (1, 575)
[0000][PE] skip orientation FF
[0000][PE] skip orientation RF
[0000][PE] skip orientation RR
[0000] 3. Calling kt_for - worker_sam
[0000] read_chunk: 400000000, work_chunk_size: 400000297, nseq: 2758666
	[0000][ M::kt_pipeline] read 2758666 sequences (400000297 bp)...
	[0000][ M::mem_process_seqs] Processed 2757788 reads in 484.470 CPU sec, 13.108 real sec
[0000] Calling mem_process_seqs.., task: 41
[0000] 1. Calling kt_for - worker_bwt
[0000] 2. Calling kt_for - worker_aln
[0000] Inferring insert size distribution of PE reads from data, l_pac: 656111652, n: 2758666
[0000][PE] # candidate unique pairs for (FF, FR, RF, RR): (84, 1135332, 139, 60)
[0000][PE] analyzing insert size distribution for orientation FF...
[0000][PE] (25, 50, 75) percentile: (184, 236, 676)
[0000][PE] low and high boundaries for computing mean and std.dev: (1, 1660)
[0000][PE] mean and std.dev: (350.97, 357.32)
[0000][PE] low and high boundaries for proper pairs: (1, 2152)
[0000][PE] analyzing insert size distribution for orientation FR...
[0000][PE] (25, 50, 75) percentile: (248, 289, 327)
[0000][PE] low and high boundaries for computing mean and std.dev: (90, 485)
[0000][PE] mean and std.dev: (284.96, 58.57)
[0000][PE] low and high boundaries for proper pairs: (11, 564)
[0000][PE] analyzing insert size distribution for orientation RF...
[0000][PE] (25, 50, 75) percentile: (368, 1754, 6412)
[0000][PE] low and high boundaries for computing mean and std.dev: (1, 18500)
[0000][PE] mean and std.dev: (3410.47, 3271.78)
[0000][PE] low and high boundaries for proper pairs: (1, 24544)
[0000][PE] analyzing insert size distribution for orientation RR...
[0000][PE] (25, 50, 75) percentile: (180, 249, 1464)
[0000][PE] low and high boundaries for computing mean and std.dev: (1, 4032)
[0000][PE] mean and std.dev: (727.23, 916.16)
[0000][PE] low and high boundaries for proper pairs: (1, 5316)
[0000][PE] skip orientation FF
[0000][PE] skip orientation RF
[0000][PE] skip orientation RR
[0000] 3. Calling kt_for - worker_sam
	[0000][ M::mem_process_seqs] Processed 2758666 reads in 388.615 CPU sec, 10.865 real sec
[0000] read_chunk: 400000000, work_chunk_size: 400000067, nseq: 2759002
	[0000][ M::kt_pipeline] read 2759002 sequences (400000067 bp)...
[0000] Calling mem_process_seqs.., task: 42
[0000] 1. Calling kt_for - worker_bwt
[0000] 2. Calling kt_for - worker_aln
[0000] Inferring insert size distribution of PE reads from data, l_pac: 656111652, n: 2759002
[0000][PE] # candidate unique pairs for (FF, FR, RF, RR): (70, 1140371, 145, 71)
[0000][PE] analyzing insert size distribution for orientation FF...
[0000][PE] (25, 50, 75) percentile: (171, 243, 1015)
[0000][PE] low and high boundaries for computing mean and std.dev: (1, 2703)
[0000][PE] mean and std.dev: (476.35, 611.09)
[0000][PE] low and high boundaries for proper pairs: (1, 3547)
[0000][PE] analyzing insert size distribution for orientation FR...
[0000][PE] (25, 50, 75) percentile: (248, 289, 327)
[0000][PE] low and high boundaries for computing mean and std.dev: (90, 485)
[0000][PE] mean and std.dev: (284.99, 58.66)
[0000][PE] low and high boundaries for proper pairs: (11, 564)
[0000][PE] analyzing insert size distribution for orientation RF...
[0000][PE] (25, 50, 75) percentile: (701, 3753, 7972)
[0000][PE] low and high boundaries for computing mean and std.dev: (1, 22514)
[0000][PE] mean and std.dev: (4170.81, 3526.17)
[0000][PE] low and high boundaries for proper pairs: (1, 29785)
[0000][PE] analyzing insert size distribution for orientation RR...
[0000][PE] (25, 50, 75) percentile: (151, 222, 885)
[0000][PE] low and high boundaries for computing mean and std.dev: (1, 2353)
[0000][PE] mean and std.dev: (357.03, 420.55)
[0000][PE] low and high boundaries for proper pairs: (1, 3087)
[0000][PE] skip orientation FF
[0000][PE] skip orientation RF
[0000][PE] skip orientation RR
[0000] 3. Calling kt_for - worker_sam
	[0000][ M::mem_process_seqs] Processed 2759002 reads in 371.309 CPU sec, 10.053 real sec
[0000] read_chunk: 400000000, work_chunk_size: 400000272, nseq: 2758622
	[0000][ M::kt_pipeline] read 2758622 sequences (400000272 bp)...
[0000] Calling mem_process_seqs.., task: 43
[0000] 1. Calling kt_for - worker_bwt
[0000] 2. Calling kt_for - worker_aln
[0000] Inferring insert size distribution of PE reads from data, l_pac: 656111652, n: 2758622
[0000][PE] # candidate unique pairs for (FF, FR, RF, RR): (69, 1136470, 129, 62)
[0000][PE] analyzing insert size distribution for orientation FF...
[0000][PE] (25, 50, 75) percentile: (149, 247, 1524)
[0000][PE] low and high boundaries for computing mean and std.dev: (1, 4274)
[0000][PE] mean and std.dev: (546.13, 612.50)
[0000][PE] low and high boundaries for proper pairs: (1, 5649)
[0000][PE] analyzing insert size distribution for orientation FR...
[0000][PE] (25, 50, 75) percentile: (248, 289, 327)
[0000][PE] low and high boundaries for computing mean and std.dev: (90, 485)
[0000][PE] mean and std.dev: (284.99, 58.49)
[0000][PE] low and high boundaries for proper pairs: (11, 564)
[0000][PE] analyzing insert size distribution for orientation RF...
[0000][PE] (25, 50, 75) percentile: (1056, 3601, 7466)
[0000][PE] low and high boundaries for computing mean and std.dev: (1, 20286)
[0000][PE] mean and std.dev: (4112.66, 3255.39)
[0000][PE] low and high boundaries for proper pairs: (1, 26696)
[0000][PE] analyzing insert size distribution for orientation RR...
[0000][PE] (25, 50, 75) percentile: (168, 204, 280)
[0000][PE] low and high boundaries for computing mean and std.dev: (1, 504)
[0000][PE] mean and std.dev: (196.43, 58.65)
[0000][PE] low and high boundaries for proper pairs: (1, 616)
[0000][PE] skip orientation FF
[0000][PE] skip orientation RF
[0000][PE] skip orientation RR
[0000] 3. Calling kt_for - worker_sam
	[0000][ M::mem_process_seqs] Processed 2758622 reads in 392.436 CPU sec, 11.304 real sec
[0000] read_chunk: 400000000, work_chunk_size: 400000244, nseq: 2759636
	[0000][ M::kt_pipeline] read 2759636 sequences (400000244 bp)...
[0000] Reallocating initial memory allocations!!
[0000] Calling mem_process_seqs.., task: 44
[0000] 1. Calling kt_for - worker_bwt
[0000] 2. Calling kt_for - worker_aln
[0000] read_chunk: 400000000, work_chunk_size: 400000059, nseq: 2756822
	[0000][ M::kt_pipeline] read 2756822 sequences (400000059 bp)...
[0000] Inferring insert size distribution of PE reads from data, l_pac: 656111652, n: 2759636
[0000][PE] # candidate unique pairs for (FF, FR, RF, RR): (75, 1139512, 110, 71)
[0000][PE] analyzing insert size distribution for orientation FF...
[0000][PE] (25, 50, 75) percentile: (141, 181, 230)
[0000][PE] low and high boundaries for computing mean and std.dev: (1, 408)
[0000][PE] mean and std.dev: (166.36, 51.70)
[0000][PE] low and high boundaries for proper pairs: (1, 497)
[0000][PE] analyzing insert size distribution for orientation FR...
[0000][PE] (25, 50, 75) percentile: (248, 289, 327)
[0000][PE] low and high boundaries for computing mean and std.dev: (90, 485)
[0000][PE] mean and std.dev: (284.86, 58.61)
[0000][PE] low and high boundaries for proper pairs: (11, 564)
[0000][PE] analyzing insert size distribution for orientation RF...
[0000][PE] (25, 50, 75) percentile: (527, 2795, 6678)
[0000][PE] low and high boundaries for computing mean and std.dev: (1, 18980)
[0000][PE] mean and std.dev: (3592.61, 3137.11)
[0000][PE] low and high boundaries for proper pairs: (1, 25131)
[0000][PE] analyzing insert size distribution for orientation RR...
[0000][PE] (25, 50, 75) percentile: (159, 229, 1745)
[0000][PE] low and high boundaries for computing mean and std.dev: (1, 4917)
[0000][PE] mean and std.dev: (555.15, 893.53)
[0000][PE] low and high boundaries for proper pairs: (1, 6503)
[0000][PE] skip orientation FF
[0000][PE] skip orientation RF
[0000][PE] skip orientation RR
[0000] 3. Calling kt_for - worker_sam
	[0000][ M::mem_process_seqs] Processed 2759636 reads in 369.217 CPU sec, 9.838 real sec
[0000] Calling mem_process_seqs.., task: 45
[0000] 1. Calling kt_for - worker_bwt
[0000] 2. Calling kt_for - worker_aln
[0000] Inferring insert size distribution of PE reads from data, l_pac: 656111652, n: 2756822
[0000][PE] # candidate unique pairs for (FF, FR, RF, RR): (70, 1093364, 115, 70)
[0000][PE] analyzing insert size distribution for orientation FF...
[0000][PE] (25, 50, 75) percentile: (140, 214, 965)
[0000][PE] low and high boundaries for computing mean and std.dev: (1, 2615)
[0000][PE] mean and std.dev: (463.24, 609.10)
[0000][PE] low and high boundaries for proper pairs: (1, 3440)
[0000][PE] analyzing insert size distribution for orientation FR...
[0000][PE] (25, 50, 75) percentile: (248, 289, 327)
[0000][PE] low and high boundaries for computing mean and std.dev: (90, 485)
[0000][PE] mean and std.dev: (284.97, 58.57)
[0000][PE] low and high boundaries for proper pairs: (11, 564)
[0000][PE] analyzing insert size distribution for orientation RF...
[0000][PE] (25, 50, 75) percentile: (563, 1470, 6727)
[0000][PE] low and high boundaries for computing mean and std.dev: (1, 19055)
[0000][PE] mean and std.dev: (3273.44, 3358.48)
[0000][PE] low and high boundaries for proper pairs: (1, 25219)
[0000][PE] analyzing insert size distribution for orientation RR...
[0000][PE] (25, 50, 75) percentile: (156, 204, 533)
[0000][PE] low and high boundaries for computing mean and std.dev: (1, 1287)
[0000][PE] mean and std.dev: (280.77, 267.46)
[0000][PE] low and high boundaries for proper pairs: (1, 1664)
[0000][PE] skip orientation FF
[0000][PE] skip orientation RF
[0000][PE] skip orientation RR
[0000] 3. Calling kt_for - worker_sam
	[0000][ M::mem_process_seqs] Processed 2756822 reads in 465.933 CPU sec, 18.751 real sec
[0000] read_chunk: 400000000, work_chunk_size: 400000049, nseq: 2757370
	[0000][ M::kt_pipeline] read 2757370 sequences (400000049 bp)...
[0000] Calling mem_process_seqs.., task: 46
[0000] 1. Calling kt_for - worker_bwt
[0000] 2. Calling kt_for - worker_aln
[0000] Inferring insert size distribution of PE reads from data, l_pac: 656111652, n: 2757370
[0000][PE] # candidate unique pairs for (FF, FR, RF, RR): (74, 1123676, 115, 61)
[0000][PE] analyzing insert size distribution for orientation FF...
[0000][PE] (25, 50, 75) percentile: (142, 218, 515)
[0000][PE] low and high boundaries for computing mean and std.dev: (1, 1261)
[0000][PE] mean and std.dev: (267.52, 233.86)
[0000][PE] low and high boundaries for proper pairs: (1, 1634)
[0000][PE] analyzing insert size distribution for orientation FR...
[0000][PE] (25, 50, 75) percentile: (248, 289, 327)
[0000][PE] low and high boundaries for computing mean and std.dev: (90, 485)
[0000][PE] mean and std.dev: (284.91, 58.61)
[0000][PE] low and high boundaries for proper pairs: (11, 564)
[0000][PE] analyzing insert size distribution for orientation RF...
[0000][PE] (25, 50, 75) percentile: (783, 3782, 7132)
[0000][PE] low and high boundaries for computing mean and std.dev: (1, 19830)
[0000][PE] mean and std.dev: (3968.21, 3218.62)
[0000][PE] low and high boundaries for proper pairs: (1, 26179)
[0000][PE] analyzing insert size distribution for orientation RR...
[0000][PE] (25, 50, 75) percentile: (192, 241, 1121)
[0000][PE] low and high boundaries for computing mean and std.dev: (1, 2979)
[0000][PE] mean and std.dev: (439.07, 461.17)
[0000][PE] low and high boundaries for proper pairs: (1, 3908)
[0000][PE] skip orientation FF
[0000][PE] skip orientation RF
[0000][PE] skip orientation RR
[0000] 3. Calling kt_for - worker_sam
[0000] read_chunk: 400000000, work_chunk_size: 400000156, nseq: 2758574
	[0000][ M::kt_pipeline] read 2758574 sequences (400000156 bp)...
	[0000][ M::mem_process_seqs] Processed 2757370 reads in 440.059 CPU sec, 14.750 real sec
[0000] Calling mem_process_seqs.., task: 47
[0000] 1. Calling kt_for - worker_bwt
[0000] 2. Calling kt_for - worker_aln
[0000] Inferring insert size distribution of PE reads from data, l_pac: 656111652, n: 2758574
[0000][PE] # candidate unique pairs for (FF, FR, RF, RR): (81, 1136142, 104, 71)
[0000][PE] analyzing insert size distribution for orientation FF...
[0000][PE] (25, 50, 75) percentile: (182, 243, 1782)
[0000][PE] low and high boundaries for computing mean and std.dev: (1, 4982)
[0000][PE] mean and std.dev: (523.27, 849.61)
[0000][PE] low and high boundaries for proper pairs: (1, 6582)
[0000][PE] analyzing insert size distribution for orientation FR...
[0000][PE] (25, 50, 75) percentile: (248, 289, 327)
[0000][PE] low and high boundaries for computing mean and std.dev: (90, 485)
[0000][PE] mean and std.dev: (284.93, 58.69)
[0000][PE] low and high boundaries for proper pairs: (11, 564)
[0000][PE] analyzing insert size distribution for orientation RF...
[0000][PE] (25, 50, 75) percentile: (642, 2473, 5847)
[0000][PE] low and high boundaries for computing mean and std.dev: (1, 16257)
[0000][PE] mean and std.dev: (3512.31, 3042.67)
[0000][PE] low and high boundaries for proper pairs: (1, 21462)
[0000][PE] analyzing insert size distribution for orientation RR...
[0000][PE] (25, 50, 75) percentile: (162, 206, 287)
[0000][PE] low and high boundaries for computing mean and std.dev: (1, 537)
[0000][PE] mean and std.dev: (193.39, 69.61)
[0000][PE] low and high boundaries for proper pairs: (1, 662)
[0000][PE] skip orientation FF
[0000][PE] skip orientation RF
[0000][PE] skip orientation RR
[0000] 3. Calling kt_for - worker_sam
	[0000][ M::mem_process_seqs] Processed 2758574 reads in 383.985 CPU sec, 10.529 real sec
[0000] read_chunk: 400000000, work_chunk_size: 400000121, nseq: 2758658
	[0000][ M::kt_pipeline] read 2758658 sequences (400000121 bp)...
[0000] Calling mem_process_seqs.., task: 48
[0000] 1. Calling kt_for - worker_bwt
[0000] 2. Calling kt_for - worker_aln
[0000] read_chunk: 400000000, work_chunk_size: 186083431, nseq: 1283792
	[0000][ M::kt_pipeline] read 1283792 sequences (186083431 bp)...
[0000] Inferring insert size distribution of PE reads from data, l_pac: 656111652, n: 2758658
[0000][PE] # candidate unique pairs for (FF, FR, RF, RR): (53, 1141630, 118, 77)
[0000][PE] analyzing insert size distribution for orientation FF...
[0000][PE] (25, 50, 75) percentile: (156, 202, 563)
[0000][PE] low and high boundaries for computing mean and std.dev: (1, 1377)
[0000][PE] mean and std.dev: (242.47, 211.27)
[0000][PE] low and high boundaries for proper pairs: (1, 1784)
[0000][PE] analyzing insert size distribution for orientation FR...
[0000][PE] (25, 50, 75) percentile: (248, 289, 327)
[0000][PE] low and high boundaries for computing mean and std.dev: (90, 485)
[0000][PE] mean and std.dev: (284.93, 58.59)
[0000][PE] low and high boundaries for proper pairs: (11, 564)
[0000][PE] analyzing insert size distribution for orientation RF...
[0000][PE] (25, 50, 75) percentile: (425, 1234, 5250)
[0000][PE] low and high boundaries for computing mean and std.dev: (1, 14900)
[0000][PE] mean and std.dev: (2843.74, 3079.49)
[0000][PE] low and high boundaries for proper pairs: (1, 19725)
[0000][PE] analyzing insert size distribution for orientation RR...
[0000][PE] (25, 50, 75) percentile: (171, 209, 644)
[0000][PE] low and high boundaries for computing mean and std.dev: (1, 1590)
[0000][PE] mean and std.dev: (355.06, 366.70)
[0000][PE] low and high boundaries for proper pairs: (1, 2063)
[0000][PE] skip orientation FF
[0000][PE] skip orientation RF
[0000][PE] skip orientation RR
[0000] 3. Calling kt_for - worker_sam
	[0000][ M::mem_process_seqs] Processed 2758658 reads in 373.585 CPU sec, 10.236 real sec
[0000] Calling mem_process_seqs.., task: 49
[0000] 1. Calling kt_for - worker_bwt
[0000] 2. Calling kt_for - worker_aln
[0000] Inferring insert size distribution of PE reads from data, l_pac: 656111652, n: 1283792
[0000][PE] # candidate unique pairs for (FF, FR, RF, RR): (27, 532474, 55, 33)
[0000][PE] analyzing insert size distribution for orientation FF...
[0000][PE] (25, 50, 75) percentile: (164, 219, 310)
[0000][PE] low and high boundaries for computing mean and std.dev: (1, 602)
[0000][PE] mean and std.dev: (209.13, 96.00)
[0000][PE] low and high boundaries for proper pairs: (1, 748)
[0000][PE] analyzing insert size distribution for orientation FR...
[0000][PE] (25, 50, 75) percentile: (248, 289, 327)
[0000][PE] low and high boundaries for computing mean and std.dev: (90, 485)
[0000][PE] mean and std.dev: (284.97, 58.62)
[0000][PE] low and high boundaries for proper pairs: (11, 564)
[0000][PE] analyzing insert size distribution for orientation RF...
[0000][PE] (25, 50, 75) percentile: (196, 2382, 7093)
[0000][PE] low and high boundaries for computing mean and std.dev: (1, 20887)
[0000][PE] mean and std.dev: (3500.24, 3410.19)
[0000][PE] low and high boundaries for proper pairs: (1, 27784)
[0000][PE] analyzing insert size distribution for orientation RR...
[0000][PE] (25, 50, 75) percentile: (163, 238, 1432)
[0000][PE] low and high boundaries for computing mean and std.dev: (1, 3970)
[0000][PE] mean and std.dev: (282.46, 282.37)
[0000][PE] low and high boundaries for proper pairs: (1, 5239)
[0000][PE] skip orientation FF
[0000][PE] skip orientation RF
[0000][PE] skip orientation RR
[0000] 3. Calling kt_for - worker_sam
[0000] read_chunk: 400000000, work_chunk_size: 0, nseq: 0
	[0000][ M::mem_process_seqs] Processed 1283792 reads in 170.064 CPU sec, 4.993 real sec
[0000] read_chunk: 400000000, work_chunk_size: 0, nseq: 0
[0000] Computation ends..
No. of OMP threads: 40
Processor is running @2394.717340 MHz
Runtime profile:

	Time taken for main_mem function: 868.93 sec

	IO times (sec) :
	Reading IO time (reads) avg: 471.74, (471.74, 471.74)
	Writing IO time (SAM) avg: 381.80, (381.80, 381.80)
	Reading IO time (Reference Genome) avg: 0.50, (0.50, 0.50)
	Index read time avg: 0.12, (0.12, 0.12)

	Overall time (sec) (Excluding Index reading time):
	PROCESS() (Total compute time + (read + SAM) IO time) : 868.31
	MEM_PROCESS_SEQ() (Total compute time (Kernel + SAM)), avg: 623.88, (623.88, 623.88)

	 SAM Processing time (sec):
	--WORKER_SAM avg: 258.18, (258.18, 258.18)

	Kernels' compute time (sec):
	Total kernel (smem+sal+bsw) time avg: 349.55, (349.55, 349.55)
		MEM_ALN_CHAIN_FLT avg: 0.00, (0.00, 0.00)
		MEM_ALN_CHAIN_SEED avg: 0.00, (0.00, 0.00)
		ERT_SEED_CHAIN avg: 0.00, (0.00, 0.00)
	LEARNED_SEED_CHAIN avg: 137.66, (138.05, 136.97)
		SMEM compute avg: 0.00, (0.00, 0.00)
		SAL compute avg: 0.00, (0.00, 0.00)
				MEM_SA avg: 0.00, (0.00, 0.00)

		BSW time, avg: 195.70, (196.22, 195.02)

Important parameter settings: 
	BATCH_SIZE: 512
	MAX_SEQ_LEN_REF: 256
	MAX_SEQ_LEN_QER: 128
	MAX_SEQ_LEN8: 128
	SEEDS_PER_READ: 500
	SIMD_WIDTH8 X: 64
	SIMD_WIDTH16 X: 32
	AVG_SEEDS_PER_READ: 64
