Looking to launch executable "/opt/conda/bin/bwa-meme_mode3.avx512bw", simd = _mode3.avx512bw
Launching executable "/opt/conda/bin/bwa-meme_mode3.avx512bw"
-----------------------------
Executing in AVX512 mode!!
-----------------------------
* SA compression enabled with xfactor: 8
* Ref file: reference.902362185.genome.fasta
* Entering FMI_search
Reading other elements of the index from files reference.902362185.genome.fasta
* Index prefix: reference.902362185.genome.fasta
* Read 0 ALT contigs
* Reading reference genome..
* Binary seq file = reference.902362185.genome.fasta.0123
* Reference genome size: 1312223304 bp
* Done reading reference genome !!

------------------------------------------
1. Memory pre-allocation for Chaining: 5679.4903 MB
2. Memory pre-allocation for BSW: 9584.6810 MB
[M::memoryAllocLearned::MEME] Reading Learned-index models into memory
[Learned-Config] MODE:3 SEARCH_METHOD: 1 MEM_TRADEOFF:1 EXPONENTIAL_SMEMSEARCH: 1 DEBUG_MODE:0 Num 2nd Models:268435456 PWL Bits Used:28
[M::memoryAllocLearned::MEME] Loading RMI model and Pac reference file took 9.957 sec
[M::memoryAllocLearned::MEME] Reading suffix array into memory
[M::memoryAllocLearned::MEME] Loading pos_packed file took 12.869 sec
[M::memoryAllocLearned::MEME] Generating SA, 64-bit Suffix and ISA in memory
[M::memoryAllocLearned::MEME] Runtime-build-index took 15.272 sec
3. Memory pre-allocation for BWT: 7204.5072 MB
------------------------------------------
* Threads used (compute): 40
* No. of pipeline threads: 2

[0000] read_chunk: 400000000, work_chunk_size: 400000292, nseq: 2847774
	[0000][ M::kt_pipeline] read 2847774 sequences (400000292 bp)...
[0000] Reallocating initial memory allocations!!
[0000] Calling mem_process_seqs.., task: 0
[0000] 1. Calling kt_for - worker_bwt
[0000] 2. Calling kt_for - worker_aln
[0000] read_chunk: 400000000, work_chunk_size: 271800530, nseq: 1936922
	[0000][ M::kt_pipeline] read 1936922 sequences (271800530 bp)...
[0000] Inferring insert size distribution of PE reads from data, l_pac: 656111652, n: 2847774
[0000][PE] # candidate unique pairs for (FF, FR, RF, RR): (68, 1115320, 94, 78)
[0000][PE] analyzing insert size distribution for orientation FF...
[0000][PE] (25, 50, 75) percentile: (149, 227, 606)
[0000][PE] low and high boundaries for computing mean and std.dev: (1, 1520)
[0000][PE] mean and std.dev: (297.56, 299.46)
[0000][PE] low and high boundaries for proper pairs: (1, 1977)
[0000][PE] analyzing insert size distribution for orientation FR...
[0000][PE] (25, 50, 75) percentile: (216, 270, 315)
[0000][PE] low and high boundaries for computing mean and std.dev: (18, 513)
[0000][PE] mean and std.dev: (253.85, 83.12)
[0000][PE] low and high boundaries for proper pairs: (1, 612)
[0000][PE] analyzing insert size distribution for orientation RF...
[0000][PE] (25, 50, 75) percentile: (609, 3331, 6341)
[0000][PE] low and high boundaries for computing mean and std.dev: (1, 17805)
[0000][PE] mean and std.dev: (3884.72, 3300.27)
[0000][PE] low and high boundaries for proper pairs: (1, 23537)
[0000][PE] analyzing insert size distribution for orientation RR...
[0000][PE] (25, 50, 75) percentile: (126, 225, 939)
[0000][PE] low and high boundaries for computing mean and std.dev: (1, 2565)
[0000][PE] mean and std.dev: (373.52, 544.96)
[0000][PE] low and high boundaries for proper pairs: (1, 3378)
[0000][PE] skip orientation FF
[0000][PE] skip orientation RF
[0000][PE] skip orientation RR
[0000] 3. Calling kt_for - worker_sam
	[0000][ M::mem_process_seqs] Processed 2847774 reads in 457.780 CPU sec, 12.200 real sec
[0000] Calling mem_process_seqs.., task: 1
[0000] 1. Calling kt_for - worker_bwt
[0000] 2. Calling kt_for - worker_aln
[0000] read_chunk: 400000000, work_chunk_size: 0, nseq: 0
[0000] Inferring insert size distribution of PE reads from data, l_pac: 656111652, n: 1936922
[0000][PE] # candidate unique pairs for (FF, FR, RF, RR): (40, 763700, 73, 51)
[0000][PE] analyzing insert size distribution for orientation FF...
[0000][PE] (25, 50, 75) percentile: (123, 182, 278)
[0000][PE] low and high boundaries for computing mean and std.dev: (1, 588)
[0000][PE] mean and std.dev: (177.61, 104.45)
[0000][PE] low and high boundaries for proper pairs: (1, 743)
[0000][PE] analyzing insert size distribution for orientation FR...
[0000][PE] (25, 50, 75) percentile: (215, 270, 315)
[0000][PE] low and high boundaries for computing mean and std.dev: (15, 515)
[0000][PE] mean and std.dev: (253.74, 83.27)
[0000][PE] low and high boundaries for proper pairs: (1, 615)
[0000][PE] analyzing insert size distribution for orientation RF...
[0000][PE] (25, 50, 75) percentile: (804, 4234, 6958)
[0000][PE] low and high boundaries for computing mean and std.dev: (1, 19266)
[0000][PE] mean and std.dev: (4111.58, 3274.60)
[0000][PE] low and high boundaries for proper pairs: (1, 25420)
[0000][PE] analyzing insert size distribution for orientation RR...
[0000][PE] (25, 50, 75) percentile: (107, 168, 397)
[0000][PE] low and high boundaries for computing mean and std.dev: (1, 977)
[0000][PE] mean and std.dev: (195.89, 178.82)
[0000][PE] low and high boundaries for proper pairs: (1, 1267)
[0000][PE] skip orientation FF
[0000][PE] skip orientation RF
[0000][PE] skip orientation RR
[0000] 3. Calling kt_for - worker_sam
	[0000][ M::mem_process_seqs] Processed 1936922 reads in 299.474 CPU sec, 8.284 real sec
[0000] read_chunk: 400000000, work_chunk_size: 0, nseq: 0
[0000] Computation ends..
No. of OMP threads: 40
Processor is running @2394.714748 MHz
Runtime profile:

	Time taken for main_mem function: 62.35 sec

	IO times (sec) :
	Reading IO time (reads) avg: 14.39, (14.39, 14.39)
	Writing IO time (SAM) avg: 6.12, (6.12, 6.12)
	Reading IO time (Reference Genome) avg: 0.59, (0.59, 0.59)
	Index read time avg: 0.13, (0.13, 0.13)

	Overall time (sec) (Excluding Index reading time):
	PROCESS() (Total compute time + (read + SAM) IO time) : 61.62
	MEM_PROCESS_SEQ() (Total compute time (Kernel + SAM)), avg: 20.48, (20.48, 20.48)

	 SAM Processing time (sec):
	--WORKER_SAM avg: 8.77, (8.77, 8.77)

	Kernels' compute time (sec):
	Total kernel (smem+sal+bsw) time avg: 11.19, (11.19, 11.19)
		MEM_ALN_CHAIN_FLT avg: 0.00, (0.00, 0.00)
		MEM_ALN_CHAIN_SEED avg: 0.00, (0.00, 0.00)
		ERT_SEED_CHAIN avg: 0.00, (0.00, 0.00)
	LEARNED_SEED_CHAIN avg: 3.84, (3.85, 3.82)
		SMEM compute avg: 0.00, (0.00, 0.00)
		SAL compute avg: 0.00, (0.00, 0.00)
				MEM_SA avg: 0.00, (0.00, 0.00)

		BSW time, avg: 6.95, (7.03, 6.84)

Important parameter settings: 
	BATCH_SIZE: 512
	MAX_SEQ_LEN_REF: 256
	MAX_SEQ_LEN_QER: 128
	MAX_SEQ_LEN8: 128
	SEEDS_PER_READ: 500
	SIMD_WIDTH8 X: 64
	SIMD_WIDTH16 X: 32
	AVG_SEEDS_PER_READ: 64
