Looking to launch executable "/opt/conda/bin/bwa-meme_mode3.avx512bw", simd = _mode3.avx512bw
Launching executable "/opt/conda/bin/bwa-meme_mode3.avx512bw"
-----------------------------
Executing in AVX512 mode!!
-----------------------------
* SA compression enabled with xfactor: 8
* Ref file: reference.902362185.genome.fasta
* Entering FMI_search
Reading other elements of the index from files reference.902362185.genome.fasta
* Index prefix: reference.902362185.genome.fasta
* Read 0 ALT contigs
* Reading reference genome..
* Binary seq file = reference.902362185.genome.fasta.0123
* Reference genome size: 1312223304 bp
* Done reading reference genome !!

------------------------------------------
1. Memory pre-allocation for Chaining: 5679.4903 MB
2. Memory pre-allocation for BSW: 9584.6810 MB
[M::memoryAllocLearned::MEME] Reading Learned-index models into memory
[Learned-Config] MODE:3 SEARCH_METHOD: 1 MEM_TRADEOFF:1 EXPONENTIAL_SMEMSEARCH: 1 DEBUG_MODE:0 Num 2nd Models:268435456 PWL Bits Used:28
[M::memoryAllocLearned::MEME] Loading RMI model and Pac reference file took 9.792 sec
[M::memoryAllocLearned::MEME] Reading suffix array into memory
[M::memoryAllocLearned::MEME] Loading pos_packed file took 73.012 sec
[M::memoryAllocLearned::MEME] Generating SA, 64-bit Suffix and ISA in memory
[M::memoryAllocLearned::MEME] Runtime-build-index took 12.285 sec
3. Memory pre-allocation for BWT: 7204.5072 MB
------------------------------------------
* Threads used (compute): 40
* No. of pipeline threads: 2

[0000] read_chunk: 400000000, work_chunk_size: 400000201, nseq: 2815908
	[0000][ M::kt_pipeline] read 2815908 sequences (400000201 bp)...
[0000] Reallocating initial memory allocations!!
[0000] Calling mem_process_seqs.., task: 0
[0000] 1. Calling kt_for - worker_bwt
[0000] read_chunk: 400000000, work_chunk_size: 400000054, nseq: 2816520
	[0000][ M::kt_pipeline] read 2816520 sequences (400000054 bp)...
[0000] 2. Calling kt_for - worker_aln
[0000] Inferring insert size distribution of PE reads from data, l_pac: 656111652, n: 2815908
[0000][PE] # candidate unique pairs for (FF, FR, RF, RR): (76, 1121075, 114, 73)
[0000][PE] analyzing insert size distribution for orientation FF...
[0000][PE] (25, 50, 75) percentile: (133, 204, 333)
[0000][PE] low and high boundaries for computing mean and std.dev: (1, 733)
[0000][PE] mean and std.dev: (194.16, 115.62)
[0000][PE] low and high boundaries for proper pairs: (1, 933)
[0000][PE] analyzing insert size distribution for orientation FR...
[0000][PE] (25, 50, 75) percentile: (233, 280, 321)
[0000][PE] low and high boundaries for computing mean and std.dev: (57, 497)
[0000][PE] mean and std.dev: (267.96, 74.39)
[0000][PE] low and high boundaries for proper pairs: (1, 585)
[0000][PE] analyzing insert size distribution for orientation RF...
[0000][PE] (25, 50, 75) percentile: (324, 2953, 6309)
[0000][PE] low and high boundaries for computing mean and std.dev: (1, 18279)
[0000][PE] mean and std.dev: (3497.50, 3143.13)
[0000][PE] low and high boundaries for proper pairs: (1, 24264)
[0000][PE] analyzing insert size distribution for orientation RR...
[0000][PE] (25, 50, 75) percentile: (168, 217, 431)
[0000][PE] low and high boundaries for computing mean and std.dev: (1, 957)
[0000][PE] mean and std.dev: (199.10, 102.80)
[0000][PE] low and high boundaries for proper pairs: (1, 1220)
[0000][PE] skip orientation FF
[0000][PE] skip orientation RF
[0000][PE] skip orientation RR
[0000] 3. Calling kt_for - worker_sam
	[0000][ M::mem_process_seqs] Processed 2815908 reads in 466.674 CPU sec, 13.760 real sec
[0000] Reallocating initial memory allocations!!
[0000] Calling mem_process_seqs.., task: 1
[0000] 1. Calling kt_for - worker_bwt
[0000] 2. Calling kt_for - worker_aln
[0000] read_chunk: 400000000, work_chunk_size: 400000121, nseq: 2813394
	[0000][ M::kt_pipeline] read 2813394 sequences (400000121 bp)...
[0000] Inferring insert size distribution of PE reads from data, l_pac: 656111652, n: 2816520
[0000][PE] # candidate unique pairs for (FF, FR, RF, RR): (96, 1134918, 118, 68)
[0000][PE] analyzing insert size distribution for orientation FF...
[0000][PE] (25, 50, 75) percentile: (134, 192, 268)
[0000][PE] low and high boundaries for computing mean and std.dev: (1, 536)
[0000][PE] mean and std.dev: (177.86, 82.63)
[0000][PE] low and high boundaries for proper pairs: (1, 670)
[0000][PE] analyzing insert size distribution for orientation FR...
[0000][PE] (25, 50, 75) percentile: (233, 281, 321)
[0000][PE] low and high boundaries for computing mean and std.dev: (57, 497)
[0000][PE] mean and std.dev: (268.07, 74.34)
[0000][PE] low and high boundaries for proper pairs: (1, 585)
[0000][PE] analyzing insert size distribution for orientation RF...
[0000][PE] (25, 50, 75) percentile: (636, 2328, 5924)
[0000][PE] low and high boundaries for computing mean and std.dev: (1, 16500)
[0000][PE] mean and std.dev: (3511.52, 3190.30)
[0000][PE] low and high boundaries for proper pairs: (1, 21788)
[0000][PE] analyzing insert size distribution for orientation RR...
[0000][PE] (25, 50, 75) percentile: (158, 203, 552)
[0000][PE] low and high boundaries for computing mean and std.dev: (1, 1340)
[0000][PE] mean and std.dev: (259.07, 223.77)
[0000][PE] low and high boundaries for proper pairs: (1, 1734)
[0000][PE] skip orientation FF
[0000][PE] skip orientation RF
[0000][PE] skip orientation RR
[0000] 3. Calling kt_for - worker_sam
	[0000][ M::mem_process_seqs] Processed 2816520 reads in 433.296 CPU sec, 11.919 real sec
[0000] Calling mem_process_seqs.., task: 2
[0000] 1. Calling kt_for - worker_bwt
[0000] 2. Calling kt_for - worker_aln
[0000] Inferring insert size distribution of PE reads from data, l_pac: 656111652, n: 2813394
[0000][PE] # candidate unique pairs for (FF, FR, RF, RR): (85, 1109730, 127, 75)
[0000][PE] analyzing insert size distribution for orientation FF...
[0000][PE] (25, 50, 75) percentile: (127, 200, 255)
[0000][PE] low and high boundaries for computing mean and std.dev: (1, 511)
[0000][PE] mean and std.dev: (177.55, 76.72)
[0000][PE] low and high boundaries for proper pairs: (1, 639)
[0000][PE] analyzing insert size distribution for orientation FR...
[0000][PE] (25, 50, 75) percentile: (233, 281, 321)
[0000][PE] low and high boundaries for computing mean and std.dev: (57, 497)
[0000][PE] mean and std.dev: (268.08, 74.27)
[0000][PE] low and high boundaries for proper pairs: (1, 585)
[0000][PE] analyzing insert size distribution for orientation RF...
[0000][PE] (25, 50, 75) percentile: (652, 2149, 5947)
[0000][PE] low and high boundaries for computing mean and std.dev: (1, 16537)
[0000][PE] mean and std.dev: (3324.35, 3033.94)
[0000][PE] low and high boundaries for proper pairs: (1, 21832)
[0000][PE] analyzing insert size distribution for orientation RR...
[0000][PE] (25, 50, 75) percentile: (136, 189, 267)
[0000][PE] low and high boundaries for computing mean and std.dev: (1, 529)
[0000][PE] mean and std.dev: (172.26, 78.61)
[0000][PE] low and high boundaries for proper pairs: (1, 660)
[0000][PE] skip orientation FF
[0000][PE] skip orientation RF
[0000][PE] skip orientation RR
[0000] 3. Calling kt_for - worker_sam
	[0000][ M::mem_process_seqs] Processed 2813394 reads in 497.571 CPU sec, 13.655 real sec
[0000] read_chunk: 400000000, work_chunk_size: 400000086, nseq: 2815336
	[0000][ M::kt_pipeline] read 2815336 sequences (400000086 bp)...
[0000] Calling mem_process_seqs.., task: 3
[0000] 1. Calling kt_for - worker_bwt
[0000] 2. Calling kt_for - worker_aln
[0000] Inferring insert size distribution of PE reads from data, l_pac: 656111652, n: 2815336
[0000][PE] # candidate unique pairs for (FF, FR, RF, RR): (87, 1131241, 118, 72)
[0000][PE] analyzing insert size distribution for orientation FF...
[0000][PE] (25, 50, 75) percentile: (141, 193, 251)
[0000][PE] low and high boundaries for computing mean and std.dev: (1, 471)
[0000][PE] mean and std.dev: (180.55, 80.86)
[0000][PE] low and high boundaries for proper pairs: (1, 581)
[0000][PE] analyzing insert size distribution for orientation FR...
[0000][PE] (25, 50, 75) percentile: (233, 281, 321)
[0000][PE] low and high boundaries for computing mean and std.dev: (57, 497)
[0000][PE] mean and std.dev: (268.15, 74.34)
[0000][PE] low and high boundaries for proper pairs: (1, 585)
[0000][PE] analyzing insert size distribution for orientation RF...
[0000][PE] (25, 50, 75) percentile: (433, 2766, 5927)
[0000][PE] low and high boundaries for computing mean and std.dev: (1, 16915)
[0000][PE] mean and std.dev: (3555.23, 3238.01)
[0000][PE] low and high boundaries for proper pairs: (1, 22409)
[0000][PE] analyzing insert size distribution for orientation RR...
[0000][PE] (25, 50, 75) percentile: (130, 177, 238)
[0000][PE] low and high boundaries for computing mean and std.dev: (1, 454)
[0000][PE] mean and std.dev: (162.35, 62.82)
[0000][PE] low and high boundaries for proper pairs: (1, 562)
[0000][PE] skip orientation FF
[0000][PE] skip orientation RF
[0000][PE] skip orientation RR
[0000] 3. Calling kt_for - worker_sam
[0000] read_chunk: 400000000, work_chunk_size: 400000066, nseq: 2817254
	[0000][ M::kt_pipeline] read 2817254 sequences (400000066 bp)...
	[0000][ M::mem_process_seqs] Processed 2815336 reads in 449.900 CPU sec, 12.305 real sec
[0000] Reallocating initial memory allocations!!
[0000] Calling mem_process_seqs.., task: 4
[0000] 1. Calling kt_for - worker_bwt
[0000] 2. Calling kt_for - worker_aln
[0000] read_chunk: 400000000, work_chunk_size: 400000170, nseq: 2815784
	[0000][ M::kt_pipeline] read 2815784 sequences (400000170 bp)...
[0000] Inferring insert size distribution of PE reads from data, l_pac: 656111652, n: 2817254
[0000][PE] # candidate unique pairs for (FF, FR, RF, RR): (83, 1133180, 127, 78)
[0000][PE] analyzing insert size distribution for orientation FF...
[0000][PE] (25, 50, 75) percentile: (135, 188, 236)
[0000][PE] low and high boundaries for computing mean and std.dev: (1, 438)
[0000][PE] mean and std.dev: (177.12, 67.58)
[0000][PE] low and high boundaries for proper pairs: (1, 539)
[0000][PE] analyzing insert size distribution for orientation FR...
[0000][PE] (25, 50, 75) percentile: (233, 281, 321)
[0000][PE] low and high boundaries for computing mean and std.dev: (57, 497)
[0000][PE] mean and std.dev: (268.05, 74.30)
[0000][PE] low and high boundaries for proper pairs: (1, 585)
[0000][PE] analyzing insert size distribution for orientation RF...
[0000][PE] (25, 50, 75) percentile: (308, 1850, 5387)
[0000][PE] low and high boundaries for computing mean and std.dev: (1, 15545)
[0000][PE] mean and std.dev: (3093.12, 3023.49)
[0000][PE] low and high boundaries for proper pairs: (1, 20624)
[0000][PE] analyzing insert size distribution for orientation RR...
[0000][PE] (25, 50, 75) percentile: (148, 195, 264)
[0000][PE] low and high boundaries for computing mean and std.dev: (1, 496)
[0000][PE] mean and std.dev: (188.31, 78.76)
[0000][PE] low and high boundaries for proper pairs: (1, 612)
[0000][PE] skip orientation FF
[0000][PE] skip orientation RF
[0000][PE] skip orientation RR
[0000] 3. Calling kt_for - worker_sam
	[0000][ M::mem_process_seqs] Processed 2817254 reads in 443.467 CPU sec, 11.945 real sec
[0000] Calling mem_process_seqs.., task: 5
[0000] 1. Calling kt_for - worker_bwt
[0000] 2. Calling kt_for - worker_aln
[0000] read_chunk: 400000000, work_chunk_size: 113275604, nseq: 797564
	[0000][ M::kt_pipeline] read 797564 sequences (113275604 bp)...
[0000] Inferring insert size distribution of PE reads from data, l_pac: 656111652, n: 2815784
[0000][PE] # candidate unique pairs for (FF, FR, RF, RR): (75, 1125250, 133, 77)
[0000][PE] analyzing insert size distribution for orientation FF...
[0000][PE] (25, 50, 75) percentile: (163, 215, 317)
[0000][PE] low and high boundaries for computing mean and std.dev: (1, 625)
[0000][PE] mean and std.dev: (205.86, 99.02)
[0000][PE] low and high boundaries for proper pairs: (1, 779)
[0000][PE] analyzing insert size distribution for orientation FR...
[0000][PE] (25, 50, 75) percentile: (233, 281, 321)
[0000][PE] low and high boundaries for computing mean and std.dev: (57, 497)
[0000][PE] mean and std.dev: (268.08, 74.30)
[0000][PE] low and high boundaries for proper pairs: (1, 585)
[0000][PE] analyzing insert size distribution for orientation RF...
[0000][PE] (25, 50, 75) percentile: (694, 2729, 6849)
[0000][PE] low and high boundaries for computing mean and std.dev: (1, 19159)
[0000][PE] mean and std.dev: (3795.84, 3248.51)
[0000][PE] low and high boundaries for proper pairs: (1, 25314)
[0000][PE] analyzing insert size distribution for orientation RR...
[0000][PE] (25, 50, 75) percentile: (156, 222, 866)
[0000][PE] low and high boundaries for computing mean and std.dev: (1, 2286)
[0000][PE] mean and std.dev: (339.26, 395.87)
[0000][PE] low and high boundaries for proper pairs: (1, 2996)
[0000][PE] skip orientation FF
[0000][PE] skip orientation RF
[0000][PE] skip orientation RR
[0000] 3. Calling kt_for - worker_sam
	[0000][ M::mem_process_seqs] Processed 2815784 reads in 455.131 CPU sec, 12.247 real sec
[0000] Calling mem_process_seqs.., task: 6
[0000] 1. Calling kt_for - worker_bwt
[0000] 2. Calling kt_for - worker_aln
[0000] Inferring insert size distribution of PE reads from data, l_pac: 656111652, n: 797564
[0000][PE] # candidate unique pairs for (FF, FR, RF, RR): (25, 326727, 33, 21)
[0000][PE] analyzing insert size distribution for orientation FF...
[0000][PE] (25, 50, 75) percentile: (139, 198, 1784)
[0000][PE] low and high boundaries for computing mean and std.dev: (1, 5074)
[0000][PE] mean and std.dev: (464.57, 589.14)
[0000][PE] low and high boundaries for proper pairs: (1, 6719)
[0000][PE] analyzing insert size distribution for orientation FR...
[0000][PE] (25, 50, 75) percentile: (233, 281, 321)
[0000][PE] low and high boundaries for computing mean and std.dev: (57, 497)
[0000][PE] mean and std.dev: (268.43, 74.01)
[0000][PE] low and high boundaries for proper pairs: (1, 585)
[0000][PE] analyzing insert size distribution for orientation RF...
[0000][PE] (25, 50, 75) percentile: (343, 1319, 5068)
[0000][PE] low and high boundaries for computing mean and std.dev: (1, 14518)
[0000][PE] mean and std.dev: (2762.00, 2894.19)
[0000][PE] low and high boundaries for proper pairs: (1, 19243)
[0000][PE] analyzing insert size distribution for orientation RR...
[0000][PE] (25, 50, 75) percentile: (126, 185, 521)
[0000][PE] low and high boundaries for computing mean and std.dev: (1, 1311)
[0000][PE] mean and std.dev: (249.21, 241.01)
[0000][PE] low and high boundaries for proper pairs: (1, 1706)
[0000][PE] skip orientation FF
[0000][PE] skip orientation RF
[0000][PE] skip orientation RR
[0000] 3. Calling kt_for - worker_sam
	[0000][ M::mem_process_seqs] Processed 797564 reads in 114.270 CPU sec, 3.515 real sec
[0000] read_chunk: 400000000, work_chunk_size: 0, nseq: 0
[0000] read_chunk: 400000000, work_chunk_size: 0, nseq: 0
[0000] Computation ends..
No. of OMP threads: 40
Processor is running @2394.717268 MHz
Runtime profile:

	Time taken for main_mem function: 229.25 sec

	IO times (sec) :
	Reading IO time (reads) avg: 75.40, (75.40, 75.40)
	Writing IO time (SAM) avg: 21.15, (21.15, 21.15)
	Reading IO time (Reference Genome) avg: 0.60, (0.60, 0.60)
	Index read time avg: 0.13, (0.13, 0.13)

	Overall time (sec) (Excluding Index reading time):
	PROCESS() (Total compute time + (read + SAM) IO time) : 228.51
	MEM_PROCESS_SEQ() (Total compute time (Kernel + SAM)), avg: 79.33, (79.33, 79.33)

	 SAM Processing time (sec):
	--WORKER_SAM avg: 32.63, (32.63, 32.63)

	Kernels' compute time (sec):
	Total kernel (smem+sal+bsw) time avg: 44.76, (44.76, 44.76)
		MEM_ALN_CHAIN_FLT avg: 0.00, (0.00, 0.00)
		MEM_ALN_CHAIN_SEED avg: 0.00, (0.00, 0.00)
		ERT_SEED_CHAIN avg: 0.00, (0.00, 0.00)
	LEARNED_SEED_CHAIN avg: 17.08, (17.23, 17.00)
		SMEM compute avg: 0.00, (0.00, 0.00)
		SAL compute avg: 0.00, (0.00, 0.00)
				MEM_SA avg: 0.00, (0.00, 0.00)

		BSW time, avg: 25.80, (26.08, 25.61)

Important parameter settings: 
	BATCH_SIZE: 512
	MAX_SEQ_LEN_REF: 256
	MAX_SEQ_LEN_QER: 128
	MAX_SEQ_LEN8: 128
	SEEDS_PER_READ: 500
	SIMD_WIDTH8 X: 64
	SIMD_WIDTH16 X: 32
	AVG_SEEDS_PER_READ: 64
