Looking to launch executable "/opt/conda/bin/bwa-meme_mode3.avx512bw", simd = _mode3.avx512bw
Launching executable "/opt/conda/bin/bwa-meme_mode3.avx512bw"
-----------------------------
Executing in AVX512 mode!!
-----------------------------
* SA compression enabled with xfactor: 8
* Ref file: reference.902362185.genome.fasta
* Entering FMI_search
Reading other elements of the index from files reference.902362185.genome.fasta
* Index prefix: reference.902362185.genome.fasta
* Read 0 ALT contigs
* Reading reference genome..
* Binary seq file = reference.902362185.genome.fasta.0123
* Reference genome size: 1312223304 bp
* Done reading reference genome !!

------------------------------------------
1. Memory pre-allocation for Chaining: 5679.4903 MB
2. Memory pre-allocation for BSW: 9584.6810 MB
[M::memoryAllocLearned::MEME] Reading Learned-index models into memory
[Learned-Config] MODE:3 SEARCH_METHOD: 1 MEM_TRADEOFF:1 EXPONENTIAL_SMEMSEARCH: 1 DEBUG_MODE:0 Num 2nd Models:268435456 PWL Bits Used:28
[M::memoryAllocLearned::MEME] Loading RMI model and Pac reference file took 9.681 sec
[M::memoryAllocLearned::MEME] Reading suffix array into memory
[M::memoryAllocLearned::MEME] Loading pos_packed file took 14.233 sec
[M::memoryAllocLearned::MEME] Generating SA, 64-bit Suffix and ISA in memory
[M::memoryAllocLearned::MEME] Runtime-build-index took 13.437 sec
3. Memory pre-allocation for BWT: 7204.5072 MB
------------------------------------------
* Threads used (compute): 40
* No. of pipeline threads: 2

[0000] read_chunk: 400000000, work_chunk_size: 400000155, nseq: 2806536
	[0000][ M::kt_pipeline] read 2806536 sequences (400000155 bp)...
[0000] Reallocating initial memory allocations!!
[0000] Calling mem_process_seqs.., task: 0
[0000] 1. Calling kt_for - worker_bwt
[0000] read_chunk: 400000000, work_chunk_size: 267747162, nseq: 1878808
	[0000][ M::kt_pipeline] read 1878808 sequences (267747162 bp)...
[0000] 2. Calling kt_for - worker_aln
[0000] Inferring insert size distribution of PE reads from data, l_pac: 656111652, n: 2806536
[0000][PE] # candidate unique pairs for (FF, FR, RF, RR): (97, 1129118, 115, 81)
[0000][PE] analyzing insert size distribution for orientation FF...
[0000][PE] (25, 50, 75) percentile: (150, 198, 618)
[0000][PE] low and high boundaries for computing mean and std.dev: (1, 1554)
[0000][PE] mean and std.dev: (248.21, 230.15)
[0000][PE] low and high boundaries for proper pairs: (1, 2022)
[0000][PE] analyzing insert size distribution for orientation FR...
[0000][PE] (25, 50, 75) percentile: (226, 273, 316)
[0000][PE] low and high boundaries for computing mean and std.dev: (46, 496)
[0000][PE] mean and std.dev: (262.12, 75.16)
[0000][PE] low and high boundaries for proper pairs: (1, 586)
[0000][PE] analyzing insert size distribution for orientation RF...
[0000][PE] (25, 50, 75) percentile: (856, 2899, 6858)
[0000][PE] low and high boundaries for computing mean and std.dev: (1, 18862)
[0000][PE] mean and std.dev: (3727.86, 3255.82)
[0000][PE] low and high boundaries for proper pairs: (1, 24864)
[0000][PE] analyzing insert size distribution for orientation RR...
[0000][PE] (25, 50, 75) percentile: (152, 216, 490)
[0000][PE] low and high boundaries for computing mean and std.dev: (1, 1166)
[0000][PE] mean and std.dev: (251.71, 193.91)
[0000][PE] low and high boundaries for proper pairs: (1, 1504)
[0000][PE] skip orientation FF
[0000][PE] skip orientation RF
[0000][PE] skip orientation RR
[0000] 3. Calling kt_for - worker_sam
	[0000][ M::mem_process_seqs] Processed 2806536 reads in 464.035 CPU sec, 12.357 real sec
[0000] Calling mem_process_seqs.., task: 1
[0000] 1. Calling kt_for - worker_bwt
[0000] 2. Calling kt_for - worker_aln
[0000] Inferring insert size distribution of PE reads from data, l_pac: 656111652, n: 1878808
[0000] read_chunk: 400000000, work_chunk_size: 0, nseq: 0
[0000][PE] # candidate unique pairs for (FF, FR, RF, RR): (48, 758909, 80, 59)
[0000][PE] analyzing insert size distribution for orientation FF...
[0000][PE] (25, 50, 75) percentile: (144, 178, 328)
[0000][PE] low and high boundaries for computing mean and std.dev: (1, 696)
[0000][PE] mean and std.dev: (179.44, 74.11)
[0000][PE] low and high boundaries for proper pairs: (1, 880)
[0000][PE] analyzing insert size distribution for orientation FR...
[0000][PE] (25, 50, 75) percentile: (226, 273, 316)
[0000][PE] low and high boundaries for computing mean and std.dev: (46, 496)
[0000][PE] mean and std.dev: (262.22, 75.12)
[0000][PE] low and high boundaries for proper pairs: (1, 586)
[0000][PE] analyzing insert size distribution for orientation RF...
[0000][PE] (25, 50, 75) percentile: (408, 1926, 5380)
[0000][PE] low and high boundaries for computing mean and std.dev: (1, 15324)
[0000][PE] mean and std.dev: (3045.61, 2979.01)
[0000][PE] low and high boundaries for proper pairs: (1, 20296)
[0000][PE] analyzing insert size distribution for orientation RR...
[0000][PE] (25, 50, 75) percentile: (147, 182, 271)
[0000][PE] low and high boundaries for computing mean and std.dev: (1, 519)
[0000][PE] mean and std.dev: (188.21, 84.39)
[0000][PE] low and high boundaries for proper pairs: (1, 643)
[0000][PE] skip orientation FF
[0000][PE] skip orientation RF
[0000][PE] skip orientation RR
[0000] 3. Calling kt_for - worker_sam
	[0000][ M::mem_process_seqs] Processed 1878808 reads in 306.858 CPU sec, 8.449 real sec
[0000] read_chunk: 400000000, work_chunk_size: 0, nseq: 0
[0000] Computation ends..
No. of OMP threads: 40
Processor is running @2394.713884 MHz
Runtime profile:

	Time taken for main_mem function: 70.23 sec

	IO times (sec) :
	Reading IO time (reads) avg: 14.76, (14.76, 14.76)
	Writing IO time (SAM) avg: 6.31, (6.31, 6.31)
	Reading IO time (Reference Genome) avg: 0.57, (0.57, 0.57)
	Index read time avg: 0.13, (0.13, 0.13)

	Overall time (sec) (Excluding Index reading time):
	PROCESS() (Total compute time + (read + SAM) IO time) : 69.53
	MEM_PROCESS_SEQ() (Total compute time (Kernel + SAM)), avg: 20.80, (20.80, 20.80)

	 SAM Processing time (sec):
	--WORKER_SAM avg: 8.15, (8.15, 8.15)

	Kernels' compute time (sec):
	Total kernel (smem+sal+bsw) time avg: 12.12, (12.12, 12.12)
		MEM_ALN_CHAIN_FLT avg: 0.00, (0.00, 0.00)
		MEM_ALN_CHAIN_SEED avg: 0.00, (0.00, 0.00)
		ERT_SEED_CHAIN avg: 0.00, (0.00, 0.00)
	LEARNED_SEED_CHAIN avg: 5.00, (5.07, 4.97)
		SMEM compute avg: 0.00, (0.00, 0.00)
		SAL compute avg: 0.00, (0.00, 0.00)
				MEM_SA avg: 0.00, (0.00, 0.00)

		BSW time, avg: 6.64, (6.75, 6.59)

Important parameter settings: 
	BATCH_SIZE: 512
	MAX_SEQ_LEN_REF: 256
	MAX_SEQ_LEN_QER: 128
	MAX_SEQ_LEN8: 128
	SEEDS_PER_READ: 500
	SIMD_WIDTH8 X: 64
	SIMD_WIDTH16 X: 32
	AVG_SEEDS_PER_READ: 64
