Looking to launch executable "/opt/conda/bin/bwa-meme_mode3.avx512bw", simd = _mode3.avx512bw
Launching executable "/opt/conda/bin/bwa-meme_mode3.avx512bw"
-----------------------------
Executing in AVX512 mode!!
-----------------------------
* SA compression enabled with xfactor: 8
* Ref file: reference.902362185.genome.fasta
* Entering FMI_search
Reading other elements of the index from files reference.902362185.genome.fasta
* Index prefix: reference.902362185.genome.fasta
* Read 0 ALT contigs
* Reading reference genome..
* Binary seq file = reference.902362185.genome.fasta.0123
* Reference genome size: 1312223304 bp
* Done reading reference genome !!

------------------------------------------
1. Memory pre-allocation for Chaining: 5679.4903 MB
2. Memory pre-allocation for BSW: 9584.6810 MB
[M::memoryAllocLearned::MEME] Reading Learned-index models into memory
[Learned-Config] MODE:3 SEARCH_METHOD: 1 MEM_TRADEOFF:1 EXPONENTIAL_SMEMSEARCH: 1 DEBUG_MODE:0 Num 2nd Models:268435456 PWL Bits Used:28
[M::memoryAllocLearned::MEME] Loading RMI model and Pac reference file took 9.766 sec
[M::memoryAllocLearned::MEME] Reading suffix array into memory
[M::memoryAllocLearned::MEME] Loading pos_packed file took 14.378 sec
[M::memoryAllocLearned::MEME] Generating SA, 64-bit Suffix and ISA in memory
[M::memoryAllocLearned::MEME] Runtime-build-index took 13.465 sec
3. Memory pre-allocation for BWT: 7204.5072 MB
------------------------------------------
* Threads used (compute): 40
* No. of pipeline threads: 2

[0000] read_chunk: 400000000, work_chunk_size: 400000010, nseq: 2818884
	[0000][ M::kt_pipeline] read 2818884 sequences (400000010 bp)...
[0000] Reallocating initial memory allocations!!
[0000] read_chunk: 400000000, work_chunk_size: 400000290, nseq: 2817018
	[0000][ M::kt_pipeline] read 2817018 sequences (400000290 bp)...
[0000] Calling mem_process_seqs.., task: 0
[0000] 1. Calling kt_for - worker_bwt
[0000] 2. Calling kt_for - worker_aln
[0000] Inferring insert size distribution of PE reads from data, l_pac: 656111652, n: 2818884
[0000][PE] # candidate unique pairs for (FF, FR, RF, RR): (136, 1124993, 119, 112)
[0000][PE] analyzing insert size distribution for orientation FF...
[0000][PE] (25, 50, 75) percentile: (130, 168, 243)
[0000][PE] low and high boundaries for computing mean and std.dev: (1, 469)
[0000][PE] mean and std.dev: (168.78, 71.21)
[0000][PE] low and high boundaries for proper pairs: (1, 582)
[0000][PE] analyzing insert size distribution for orientation FR...
[0000][PE] (25, 50, 75) percentile: (229, 279, 320)
[0000][PE] low and high boundaries for computing mean and std.dev: (47, 502)
[0000][PE] mean and std.dev: (263.71, 77.99)
[0000][PE] low and high boundaries for proper pairs: (1, 593)
[0000][PE] analyzing insert size distribution for orientation RF...
[0000][PE] (25, 50, 75) percentile: (405, 2041, 5615)
[0000][PE] low and high boundaries for computing mean and std.dev: (1, 16035)
[0000][PE] mean and std.dev: (3091.78, 2990.03)
[0000][PE] low and high boundaries for proper pairs: (1, 21245)
[0000][PE] analyzing insert size distribution for orientation RR...
[0000][PE] (25, 50, 75) percentile: (136, 194, 276)
[0000][PE] low and high boundaries for computing mean and std.dev: (1, 556)
[0000][PE] mean and std.dev: (171.94, 70.24)
[0000][PE] low and high boundaries for proper pairs: (1, 696)
[0000][PE] skip orientation FF
[0000][PE] skip orientation RF
[0000][PE] skip orientation RR
[0000] 3. Calling kt_for - worker_sam
	[0000][ M::mem_process_seqs] Processed 2818884 reads in 449.472 CPU sec, 13.646 real sec
[0000] Calling mem_process_seqs.., task: 1
[0000] 1. Calling kt_for - worker_bwt
[0000] 2. Calling kt_for - worker_aln
[0000] Inferring insert size distribution of PE reads from data, l_pac: 656111652, n: 2817018
[0000][PE] # candidate unique pairs for (FF, FR, RF, RR): (100, 1110343, 89, 90)
[0000][PE] analyzing insert size distribution for orientation FF...
[0000][PE] (25, 50, 75) percentile: (139, 188, 316)
[0000][PE] low and high boundaries for computing mean and std.dev: (1, 670)
[0000][PE] mean and std.dev: (170.18, 80.50)
[0000][PE] low and high boundaries for proper pairs: (1, 847)
[0000][PE] analyzing insert size distribution for orientation FR...
[0000][PE] (25, 50, 75) percentile: (229, 279, 320)
[0000][PE] low and high boundaries for computing mean and std.dev: (47, 502)
[0000][PE] mean and std.dev: (263.68, 78.09)
[0000][PE] low and high boundaries for proper pairs: (1, 593)
[0000][PE] analyzing insert size distribution for orientation RF...
[0000][PE] (25, 50, 75) percentile: (251, 1360, 5760)
[0000][PE] low and high boundaries for computing mean and std.dev: (1, 16778)
[0000][PE] mean and std.dev: (2844.08, 2938.24)
[0000][PE] low and high boundaries for proper pairs: (1, 22287)
[0000][PE] analyzing insert size distribution for orientation RR...
[0000][PE] (25, 50, 75) percentile: (130, 188, 251)
[0000][PE] low and high boundaries for computing mean and std.dev: (1, 493)
[0000][PE] mean and std.dev: (169.59, 72.36)
[0000][PE] low and high boundaries for proper pairs: (1, 614)
[0000][PE] skip orientation FF
[0000][PE] skip orientation RF
[0000][PE] skip orientation RR
[0000] 3. Calling kt_for - worker_sam
	[0000][ M::mem_process_seqs] Processed 2817018 reads in 482.841 CPU sec, 13.197 real sec
[0000] read_chunk: 400000000, work_chunk_size: 400000038, nseq: 2819542
	[0000][ M::kt_pipeline] read 2819542 sequences (400000038 bp)...
[0000] Reallocating initial memory allocations!!
[0000] Calling mem_process_seqs.., task: 2
[0000] 1. Calling kt_for - worker_bwt
[0000] 2. Calling kt_for - worker_aln
[0000] read_chunk: 400000000, work_chunk_size: 260416963, nseq: 1836230
	[0000][ M::kt_pipeline] read 1836230 sequences (260416963 bp)...
[0000] Inferring insert size distribution of PE reads from data, l_pac: 656111652, n: 2819542
[0000][PE] # candidate unique pairs for (FF, FR, RF, RR): (120, 1127243, 109, 88)
[0000][PE] analyzing insert size distribution for orientation FF...
[0000][PE] (25, 50, 75) percentile: (117, 165, 258)
[0000][PE] low and high boundaries for computing mean and std.dev: (1, 540)
[0000][PE] mean and std.dev: (166.42, 82.00)
[0000][PE] low and high boundaries for proper pairs: (1, 681)
[0000][PE] analyzing insert size distribution for orientation FR...
[0000][PE] (25, 50, 75) percentile: (229, 278, 320)
[0000][PE] low and high boundaries for computing mean and std.dev: (47, 502)
[0000][PE] mean and std.dev: (263.64, 78.10)
[0000][PE] low and high boundaries for proper pairs: (1, 593)
[0000][PE] analyzing insert size distribution for orientation RF...
[0000][PE] (25, 50, 75) percentile: (376, 1362, 5539)
[0000][PE] low and high boundaries for computing mean and std.dev: (1, 15865)
[0000][PE] mean and std.dev: (2995.66, 3228.25)
[0000][PE] low and high boundaries for proper pairs: (1, 21028)
[0000][PE] analyzing insert size distribution for orientation RR...
[0000][PE] (25, 50, 75) percentile: (121, 167, 246)
[0000][PE] low and high boundaries for computing mean and std.dev: (1, 496)
[0000][PE] mean and std.dev: (161.77, 64.49)
[0000][PE] low and high boundaries for proper pairs: (1, 621)
[0000][PE] skip orientation FF
[0000][PE] skip orientation RF
[0000][PE] skip orientation RR
[0000] 3. Calling kt_for - worker_sam
	[0000][ M::mem_process_seqs] Processed 2819542 reads in 435.326 CPU sec, 12.175 real sec
[0000] Calling mem_process_seqs.., task: 3
[0000] 1. Calling kt_for - worker_bwt
[0000] 2. Calling kt_for - worker_aln
[0000] read_chunk: 400000000, work_chunk_size: 0, nseq: 0
[0000] Inferring insert size distribution of PE reads from data, l_pac: 656111652, n: 1836230
[0000][PE] # candidate unique pairs for (FF, FR, RF, RR): (69, 740066, 89, 69)
[0000][PE] analyzing insert size distribution for orientation FF...
[0000][PE] (25, 50, 75) percentile: (139, 185, 250)
[0000][PE] low and high boundaries for computing mean and std.dev: (1, 472)
[0000][PE] mean and std.dev: (185.07, 73.50)
[0000][PE] low and high boundaries for proper pairs: (1, 583)
[0000][PE] analyzing insert size distribution for orientation FR...
[0000][PE] (25, 50, 75) percentile: (229, 279, 320)
[0000][PE] low and high boundaries for computing mean and std.dev: (47, 502)
[0000][PE] mean and std.dev: (263.69, 78.07)
[0000][PE] low and high boundaries for proper pairs: (1, 593)
[0000][PE] analyzing insert size distribution for orientation RF...
[0000][PE] (25, 50, 75) percentile: (447, 1982, 6711)
[0000][PE] low and high boundaries for computing mean and std.dev: (1, 19239)
[0000][PE] mean and std.dev: (3465.66, 3278.08)
[0000][PE] low and high boundaries for proper pairs: (1, 25503)
[0000][PE] analyzing insert size distribution for orientation RR...
[0000][PE] (25, 50, 75) percentile: (140, 201, 267)
[0000][PE] low and high boundaries for computing mean and std.dev: (1, 521)
[0000][PE] mean and std.dev: (179.69, 84.09)
[0000][PE] low and high boundaries for proper pairs: (1, 648)
[0000][PE] skip orientation FF
[0000][PE] skip orientation RF
[0000][PE] skip orientation RR
[0000] 3. Calling kt_for - worker_sam
	[0000][ M::mem_process_seqs] Processed 1836230 reads in 279.878 CPU sec, 7.788 real sec
[0000] read_chunk: 400000000, work_chunk_size: 0, nseq: 0
[0000] Computation ends..
No. of OMP threads: 40
Processor is running @2394.729196 MHz
Runtime profile:

	Time taken for main_mem function: 131.42 sec

	IO times (sec) :
	Reading IO time (reads) avg: 51.95, (51.95, 51.95)
	Writing IO time (SAM) avg: 12.44, (12.44, 12.44)
	Reading IO time (Reference Genome) avg: 0.59, (0.59, 0.59)
	Index read time avg: 0.13, (0.13, 0.13)

	Overall time (sec) (Excluding Index reading time):
	PROCESS() (Total compute time + (read + SAM) IO time) : 130.69
	MEM_PROCESS_SEQ() (Total compute time (Kernel + SAM)), avg: 46.80, (46.80, 46.80)

	 SAM Processing time (sec):
	--WORKER_SAM avg: 18.61, (18.61, 18.61)

	Kernels' compute time (sec):
	Total kernel (smem+sal+bsw) time avg: 26.82, (26.82, 26.82)
		MEM_ALN_CHAIN_FLT avg: 0.00, (0.00, 0.00)
		MEM_ALN_CHAIN_SEED avg: 0.00, (0.00, 0.00)
		ERT_SEED_CHAIN avg: 0.00, (0.00, 0.00)
	LEARNED_SEED_CHAIN avg: 10.70, (10.82, 10.62)
		SMEM compute avg: 0.00, (0.00, 0.00)
		SAL compute avg: 0.00, (0.00, 0.00)
				MEM_SA avg: 0.00, (0.00, 0.00)

		BSW time, avg: 14.75, (15.04, 14.64)

Important parameter settings: 
	BATCH_SIZE: 512
	MAX_SEQ_LEN_REF: 256
	MAX_SEQ_LEN_QER: 128
	MAX_SEQ_LEN8: 128
	SEEDS_PER_READ: 500
	SIMD_WIDTH8 X: 64
	SIMD_WIDTH16 X: 32
	AVG_SEEDS_PER_READ: 64
