Looking to launch executable "/opt/conda/bin/bwa-meme_mode3.avx512bw", simd = _mode3.avx512bw
Launching executable "/opt/conda/bin/bwa-meme_mode3.avx512bw"
-----------------------------
Executing in AVX512 mode!!
-----------------------------
* SA compression enabled with xfactor: 8
* Ref file: reference.902362185.genome.fasta
* Entering FMI_search
Reading other elements of the index from files reference.902362185.genome.fasta
* Index prefix: reference.902362185.genome.fasta
* Read 0 ALT contigs
* Reading reference genome..
* Binary seq file = reference.902362185.genome.fasta.0123
* Reference genome size: 1312223304 bp
* Done reading reference genome !!

------------------------------------------
1. Memory pre-allocation for Chaining: 5679.4903 MB
2. Memory pre-allocation for BSW: 9584.6810 MB
[M::memoryAllocLearned::MEME] Reading Learned-index models into memory
[Learned-Config] MODE:3 SEARCH_METHOD: 1 MEM_TRADEOFF:1 EXPONENTIAL_SMEMSEARCH: 1 DEBUG_MODE:0 Num 2nd Models:268435456 PWL Bits Used:28
[M::memoryAllocLearned::MEME] Loading RMI model and Pac reference file took 9.814 sec
[M::memoryAllocLearned::MEME] Reading suffix array into memory
[M::memoryAllocLearned::MEME] Loading pos_packed file took 14.400 sec
[M::memoryAllocLearned::MEME] Generating SA, 64-bit Suffix and ISA in memory
[M::memoryAllocLearned::MEME] Runtime-build-index took 13.449 sec
3. Memory pre-allocation for BWT: 7204.5072 MB
------------------------------------------
* Threads used (compute): 40
* No. of pipeline threads: 2

[0000] read_chunk: 400000000, work_chunk_size: 400000090, nseq: 2778412
	[0000][ M::kt_pipeline] read 2778412 sequences (400000090 bp)...
[0000] Reallocating initial memory allocations!!
[0000] Calling mem_process_seqs.., task: 0
[0000] 1. Calling kt_for - worker_bwt
[0000] 2. Calling kt_for - worker_aln
[0000] read_chunk: 400000000, work_chunk_size: 400000193, nseq: 2781970
	[0000][ M::kt_pipeline] read 2781970 sequences (400000193 bp)...
[0000] Inferring insert size distribution of PE reads from data, l_pac: 656111652, n: 2778412
[0000][PE] # candidate unique pairs for (FF, FR, RF, RR): (54, 1103015, 111, 62)
[0000][PE] analyzing insert size distribution for orientation FF...
[0000][PE] (25, 50, 75) percentile: (156, 214, 609)
[0000][PE] low and high boundaries for computing mean and std.dev: (1, 1515)
[0000][PE] mean and std.dev: (270.62, 246.71)
[0000][PE] low and high boundaries for proper pairs: (1, 1968)
[0000][PE] analyzing insert size distribution for orientation FR...
[0000][PE] (25, 50, 75) percentile: (239, 283, 322)
[0000][PE] low and high boundaries for computing mean and std.dev: (73, 488)
[0000][PE] mean and std.dev: (275.85, 64.75)
[0000][PE] low and high boundaries for proper pairs: (1, 571)
[0000][PE] analyzing insert size distribution for orientation RF...
[0000][PE] (25, 50, 75) percentile: (682, 3050, 6371)
[0000][PE] low and high boundaries for computing mean and std.dev: (1, 17749)
[0000][PE] mean and std.dev: (3590.55, 3150.63)
[0000][PE] low and high boundaries for proper pairs: (1, 23438)
[0000][PE] analyzing insert size distribution for orientation RR...
[0000][PE] (25, 50, 75) percentile: (157, 221, 1735)
[0000][PE] low and high boundaries for computing mean and std.dev: (1, 4891)
[0000][PE] mean and std.dev: (770.19, 1034.23)
[0000][PE] low and high boundaries for proper pairs: (1, 6469)
[0000][PE] skip orientation FF
[0000][PE] skip orientation RF
[0000][PE] skip orientation RR
[0000] 3. Calling kt_for - worker_sam
	[0000][ M::mem_process_seqs] Processed 2778412 reads in 474.200 CPU sec, 12.368 real sec
[0000] Reallocating initial memory allocations!!
[0000] read_chunk: 400000000, work_chunk_size: 400000080, nseq: 2780878
	[0000][ M::kt_pipeline] read 2780878 sequences (400000080 bp)...
[0000] Calling mem_process_seqs.., task: 1
[0000] 1. Calling kt_for - worker_bwt
[0000] 2. Calling kt_for - worker_aln
[0000] Inferring insert size distribution of PE reads from data, l_pac: 656111652, n: 2781970
[0000][PE] # candidate unique pairs for (FF, FR, RF, RR): (66, 1135083, 113, 54)
[0000][PE] analyzing insert size distribution for orientation FF...
[0000][PE] (25, 50, 75) percentile: (141, 237, 1060)
[0000][PE] low and high boundaries for computing mean and std.dev: (1, 2898)
[0000][PE] mean and std.dev: (372.55, 497.65)
[0000][PE] low and high boundaries for proper pairs: (1, 3817)
[0000][PE] analyzing insert size distribution for orientation FR...
[0000][PE] (25, 50, 75) percentile: (239, 283, 322)
[0000][PE] low and high boundaries for computing mean and std.dev: (73, 488)
[0000][PE] mean and std.dev: (275.81, 64.88)
[0000][PE] low and high boundaries for proper pairs: (1, 571)
[0000][PE] analyzing insert size distribution for orientation RF...
[0000][PE] (25, 50, 75) percentile: (315, 2197, 7158)
[0000][PE] low and high boundaries for computing mean and std.dev: (1, 20844)
[0000][PE] mean and std.dev: (3686.42, 3556.25)
[0000][PE] low and high boundaries for proper pairs: (1, 27687)
[0000][PE] analyzing insert size distribution for orientation RR...
[0000][PE] (25, 50, 75) percentile: (136, 224, 1928)
[0000][PE] low and high boundaries for computing mean and std.dev: (1, 5512)
[0000][PE] mean and std.dev: (629.80, 1018.39)
[0000][PE] low and high boundaries for proper pairs: (1, 7304)
[0000][PE] skip orientation FF
[0000][PE] skip orientation RF
[0000][PE] skip orientation RR
[0000] 3. Calling kt_for - worker_sam
	[0000][ M::mem_process_seqs] Processed 2781970 reads in 393.396 CPU sec, 11.507 real sec
[0000] Calling mem_process_seqs.., task: 2
[0000] 1. Calling kt_for - worker_bwt
[0000] 2. Calling kt_for - worker_aln
[0000] Inferring insert size distribution of PE reads from data, l_pac: 656111652, n: 2780878
[0000][PE] # candidate unique pairs for (FF, FR, RF, RR): (65, 1126312, 110, 70)
[0000][PE] analyzing insert size distribution for orientation FF...
[0000][PE] (25, 50, 75) percentile: (183, 239, 1092)
[0000][PE] low and high boundaries for computing mean and std.dev: (1, 2910)
[0000][PE] mean and std.dev: (382.59, 414.81)
[0000][PE] low and high boundaries for proper pairs: (1, 3819)
[0000][PE] analyzing insert size distribution for orientation FR...
[0000][PE] (25, 50, 75) percentile: (239, 283, 322)
[0000][PE] low and high boundaries for computing mean and std.dev: (73, 488)
[0000][PE] mean and std.dev: (275.89, 64.78)
[0000][PE] low and high boundaries for proper pairs: (1, 571)
[0000][PE] analyzing insert size distribution for orientation RF...
[0000][PE] (25, 50, 75) percentile: (1195, 4050, 6907)
[0000][PE] low and high boundaries for computing mean and std.dev: (1, 18331)
[0000][PE] mean and std.dev: (4093.84, 3116.23)
[0000][PE] low and high boundaries for proper pairs: (1, 24043)
[0000][PE] analyzing insert size distribution for orientation RR...
[0000][PE] (25, 50, 75) percentile: (182, 273, 1612)
[0000][PE] low and high boundaries for computing mean and std.dev: (1, 4472)
[0000][PE] mean and std.dev: (600.45, 873.49)
[0000][PE] low and high boundaries for proper pairs: (1, 5902)
[0000][PE] skip orientation FF
[0000][PE] skip orientation RF
[0000][PE] skip orientation RR
[0000] 3. Calling kt_for - worker_sam
	[0000][ M::mem_process_seqs] Processed 2780878 reads in 434.263 CPU sec, 12.716 real sec
[0000] read_chunk: 400000000, work_chunk_size: 400000057, nseq: 2778172
	[0000][ M::kt_pipeline] read 2778172 sequences (400000057 bp)...
[0000] Calling mem_process_seqs.., task: 3
[0000] 1. Calling kt_for - worker_bwt
[0000] 2. Calling kt_for - worker_aln
[0000] Inferring insert size distribution of PE reads from data, l_pac: 656111652, n: 2778172
[0000][PE] # candidate unique pairs for (FF, FR, RF, RR): (65, 1103305, 92, 53)
[0000][PE] analyzing insert size distribution for orientation FF...
[0000][PE] (25, 50, 75) percentile: (180, 259, 1442)
[0000][PE] low and high boundaries for computing mean and std.dev: (1, 3966)
[0000][PE] mean and std.dev: (488.87, 675.70)
[0000][PE] low and high boundaries for proper pairs: (1, 5228)
[0000][PE] analyzing insert size distribution for orientation FR...
[0000][PE] (25, 50, 75) percentile: (239, 283, 322)
[0000][PE] low and high boundaries for computing mean and std.dev: (73, 488)
[0000][PE] mean and std.dev: (275.81, 64.66)
[0000][PE] low and high boundaries for proper pairs: (1, 571)
[0000][PE] analyzing insert size distribution for orientation RF...
[0000][PE] (25, 50, 75) percentile: (432, 2152, 5491)
[0000][PE] low and high boundaries for computing mean and std.dev: (1, 15609)
[0000][PE] mean and std.dev: (3095.12, 2977.79)
[0000][PE] low and high boundaries for proper pairs: (1, 20668)
[0000][PE] analyzing insert size distribution for orientation RR...
[0000][PE] (25, 50, 75) percentile: (160, 205, 1521)
[0000][PE] low and high boundaries for computing mean and std.dev: (1, 4243)
[0000][PE] mean and std.dev: (695.12, 959.37)
[0000][PE] low and high boundaries for proper pairs: (1, 5604)
[0000][PE] skip orientation FF
[0000][PE] skip orientation RF
[0000][PE] skip orientation RR
[0000] 3. Calling kt_for - worker_sam
	[0000][ M::mem_process_seqs] Processed 2778172 reads in 483.563 CPU sec, 14.262 real sec
[0000] read_chunk: 400000000, work_chunk_size: 400000042, nseq: 2780228
	[0000][ M::kt_pipeline] read 2780228 sequences (400000042 bp)...
[0000] Calling mem_process_seqs.., task: 4
[0000] 1. Calling kt_for - worker_bwt
[0000] 2. Calling kt_for - worker_aln
[0000] Inferring insert size distribution of PE reads from data, l_pac: 656111652, n: 2780228
[0000][PE] # candidate unique pairs for (FF, FR, RF, RR): (73, 1122388, 101, 61)
[0000][PE] analyzing insert size distribution for orientation FF...
[0000][PE] (25, 50, 75) percentile: (175, 242, 2455)
[0000][PE] low and high boundaries for computing mean and std.dev: (1, 7015)
[0000][PE] mean and std.dev: (1254.49, 2013.88)
[0000][PE] low and high boundaries for proper pairs: (1, 9310)
[0000][PE] analyzing insert size distribution for orientation FR...
[0000][PE] (25, 50, 75) percentile: (239, 283, 322)
[0000][PE] low and high boundaries for computing mean and std.dev: (73, 488)
[0000][PE] mean and std.dev: (275.70, 64.85)
[0000][PE] low and high boundaries for proper pairs: (1, 571)
[0000][PE] analyzing insert size distribution for orientation RF...
[0000][PE] (25, 50, 75) percentile: (376, 3067, 6605)
[0000][PE] low and high boundaries for computing mean and std.dev: (1, 19063)
[0000][PE] mean and std.dev: (3502.10, 3117.15)
[0000][PE] low and high boundaries for proper pairs: (1, 25292)
[0000][PE] analyzing insert size distribution for orientation RR...
[0000][PE] (25, 50, 75) percentile: (178, 231, 1387)
[0000][PE] low and high boundaries for computing mean and std.dev: (1, 3805)
[0000][PE] mean and std.dev: (574.95, 745.59)
[0000][PE] low and high boundaries for proper pairs: (1, 5014)
[0000][PE] skip orientation FF
[0000][PE] skip orientation RF
[0000][PE] skip orientation RR
[0000] 3. Calling kt_for - worker_sam
[0000] read_chunk: 400000000, work_chunk_size: 400000000, nseq: 2779698
	[0000][ M::kt_pipeline] read 2779698 sequences (400000000 bp)...
	[0000][ M::mem_process_seqs] Processed 2780228 reads in 445.893 CPU sec, 12.789 real sec
[0000] Calling mem_process_seqs.., task: 5
[0000] 1. Calling kt_for - worker_bwt
[0000] 2. Calling kt_for - worker_aln
[0000] Inferring insert size distribution of PE reads from data, l_pac: 656111652, n: 2779698
[0000][PE] # candidate unique pairs for (FF, FR, RF, RR): (61, 1120748, 121, 77)
[0000][PE] analyzing insert size distribution for orientation FF...
[0000][PE] (25, 50, 75) percentile: (209, 347, 5442)
[0000][PE] low and high boundaries for computing mean and std.dev: (1, 15908)
[0000][PE] mean and std.dev: (2238.02, 2811.97)
[0000][PE] low and high boundaries for proper pairs: (1, 21141)
[0000][PE] analyzing insert size distribution for orientation FR...
[0000][PE] (25, 50, 75) percentile: (239, 283, 322)
[0000][PE] low and high boundaries for computing mean and std.dev: (73, 488)
[0000][PE] mean and std.dev: (275.90, 64.74)
[0000][PE] low and high boundaries for proper pairs: (1, 571)
[0000][PE] analyzing insert size distribution for orientation RF...
[0000][PE] (25, 50, 75) percentile: (637, 3667, 6888)
[0000][PE] low and high boundaries for computing mean and std.dev: (1, 19390)
[0000][PE] mean and std.dev: (4021.36, 3326.54)
[0000][PE] low and high boundaries for proper pairs: (1, 25641)
[0000][PE] analyzing insert size distribution for orientation RR...
[0000][PE] (25, 50, 75) percentile: (171, 219, 3300)
[0000][PE] low and high boundaries for computing mean and std.dev: (1, 9558)
[0000][PE] mean and std.dev: (1828.90, 2620.44)
[0000][PE] low and high boundaries for proper pairs: (1, 12687)
[0000][PE] skip orientation FF
[0000][PE] skip orientation RF
[0000][PE] skip orientation RR
[0000] 3. Calling kt_for - worker_sam
	[0000][ M::mem_process_seqs] Processed 2779698 reads in 445.336 CPU sec, 12.353 real sec
[0000] read_chunk: 400000000, work_chunk_size: 400000137, nseq: 2780836
	[0000][ M::kt_pipeline] read 2780836 sequences (400000137 bp)...
[0000] Calling mem_process_seqs.., task: 6
[0000] 1. Calling kt_for - worker_bwt
[0000] 2. Calling kt_for - worker_aln
[0000] Inferring insert size distribution of PE reads from data, l_pac: 656111652, n: 2780836
[0000][PE] # candidate unique pairs for (FF, FR, RF, RR): (60, 1127484, 90, 63)
[0000][PE] analyzing insert size distribution for orientation FF...
[0000][PE] (25, 50, 75) percentile: (156, 196, 310)
[0000][PE] low and high boundaries for computing mean and std.dev: (1, 618)
[0000][PE] mean and std.dev: (186.80, 76.71)
[0000][PE] low and high boundaries for proper pairs: (1, 772)
[0000][PE] analyzing insert size distribution for orientation FR...
[0000][PE] (25, 50, 75) percentile: (239, 283, 322)
[0000][PE] low and high boundaries for computing mean and std.dev: (73, 488)
[0000][PE] mean and std.dev: (275.70, 64.86)
[0000][PE] low and high boundaries for proper pairs: (1, 571)
[0000][PE] analyzing insert size distribution for orientation RF...
[0000][PE] (25, 50, 75) percentile: (633, 2387, 5964)
[0000][PE] low and high boundaries for computing mean and std.dev: (1, 16626)
[0000][PE] mean and std.dev: (3526.09, 3056.92)
[0000][PE] low and high boundaries for proper pairs: (1, 21957)
[0000][PE] analyzing insert size distribution for orientation RR...
[0000][PE] (25, 50, 75) percentile: (177, 254, 862)
[0000][PE] low and high boundaries for computing mean and std.dev: (1, 2232)
[0000][PE] mean and std.dev: (310.24, 343.16)
[0000][PE] low and high boundaries for proper pairs: (1, 2917)
[0000][PE] skip orientation FF
[0000][PE] skip orientation RF
[0000][PE] skip orientation RR
[0000] 3. Calling kt_for - worker_sam
	[0000][ M::mem_process_seqs] Processed 2780836 reads in 422.610 CPU sec, 11.419 real sec
[0000] read_chunk: 400000000, work_chunk_size: 400000159, nseq: 2781624
	[0000][ M::kt_pipeline] read 2781624 sequences (400000159 bp)...
[0000] Calling mem_process_seqs.., task: 7
[0000] 1. Calling kt_for - worker_bwt
[0000] 2. Calling kt_for - worker_aln
[0000] Inferring insert size distribution of PE reads from data, l_pac: 656111652, n: 2781624
[0000][PE] # candidate unique pairs for (FF, FR, RF, RR): (62, 1134075, 107, 60)
[0000][PE] analyzing insert size distribution for orientation FF...
[0000][PE] (25, 50, 75) percentile: (184, 236, 1142)
[0000][PE] low and high boundaries for computing mean and std.dev: (1, 3058)
[0000][PE] mean and std.dev: (488.67, 676.19)
[0000][PE] low and high boundaries for proper pairs: (1, 4016)
[0000][PE] analyzing insert size distribution for orientation FR...
[0000][PE] (25, 50, 75) percentile: (239, 283, 322)
[0000][PE] low and high boundaries for computing mean and std.dev: (73, 488)
[0000][PE] mean and std.dev: (275.71, 64.79)
[0000][PE] low and high boundaries for proper pairs: (1, 571)
[0000][PE] analyzing insert size distribution for orientation RF...
[0000][PE] (25, 50, 75) percentile: (668, 2551, 5896)
[0000][PE] low and high boundaries for computing mean and std.dev: (1, 16352)
[0000][PE] mean and std.dev: (3442.63, 3072.72)
[0000][PE] low and high boundaries for proper pairs: (1, 21580)
[0000][PE] analyzing insert size distribution for orientation RR...
[0000][PE] (25, 50, 75) percentile: (173, 213, 383)
[0000][PE] low and high boundaries for computing mean and std.dev: (1, 803)
[0000][PE] mean and std.dev: (235.63, 128.12)
[0000][PE] low and high boundaries for proper pairs: (1, 1013)
[0000][PE] skip orientation FF
[0000][PE] skip orientation RF
[0000][PE] skip orientation RR
[0000] 3. Calling kt_for - worker_sam
	[0000][ M::mem_process_seqs] Processed 2781624 reads in 413.733 CPU sec, 11.810 real sec
[0000] read_chunk: 400000000, work_chunk_size: 400000076, nseq: 2779968
	[0000][ M::kt_pipeline] read 2779968 sequences (400000076 bp)...
[0000] Calling mem_process_seqs.., task: 8
[0000] 1. Calling kt_for - worker_bwt
[0000] 2. Calling kt_for - worker_aln
[0000] Inferring insert size distribution of PE reads from data, l_pac: 656111652, n: 2779968
[0000][PE] # candidate unique pairs for (FF, FR, RF, RR): (62, 1120757, 132, 56)
[0000][PE] analyzing insert size distribution for orientation FF...
[0000][PE] (25, 50, 75) percentile: (150, 215, 449)
[0000][PE] low and high boundaries for computing mean and std.dev: (1, 1047)
[0000][PE] mean and std.dev: (220.80, 181.36)
[0000][PE] low and high boundaries for proper pairs: (1, 1346)
[0000][PE] analyzing insert size distribution for orientation FR...
[0000][PE] (25, 50, 75) percentile: (239, 283, 322)
[0000][PE] low and high boundaries for computing mean and std.dev: (73, 488)
[0000][PE] mean and std.dev: (275.88, 64.71)
[0000][PE] low and high boundaries for proper pairs: (1, 571)
[0000][PE] analyzing insert size distribution for orientation RF...
[0000][PE] (25, 50, 75) percentile: (680, 3148, 6386)
[0000][PE] low and high boundaries for computing mean and std.dev: (1, 17798)
[0000][PE] mean and std.dev: (3619.92, 3001.54)
[0000][PE] low and high boundaries for proper pairs: (1, 23504)
[0000][PE] analyzing insert size distribution for orientation RR...
[0000][PE] (25, 50, 75) percentile: (168, 257, 2763)
[0000][PE] low and high boundaries for computing mean and std.dev: (1, 7953)
[0000][PE] mean and std.dev: (1395.17, 2071.51)
[0000][PE] low and high boundaries for proper pairs: (1, 10548)
[0000][PE] skip orientation FF
[0000][PE] skip orientation RF
[0000][PE] skip orientation RR
[0000] 3. Calling kt_for - worker_sam
	[0000][ M::mem_process_seqs] Processed 2779968 reads in 458.549 CPU sec, 13.596 real sec
[0000] read_chunk: 400000000, work_chunk_size: 400000076, nseq: 2781026
	[0000][ M::kt_pipeline] read 2781026 sequences (400000076 bp)...
[0000] Calling mem_process_seqs.., task: 9
[0000] 1. Calling kt_for - worker_bwt
[0000] 2. Calling kt_for - worker_aln
[0000] Inferring insert size distribution of PE reads from data, l_pac: 656111652, n: 2781026
[0000][PE] # candidate unique pairs for (FF, FR, RF, RR): (69, 1129887, 113, 63)
[0000][PE] analyzing insert size distribution for orientation FF...
[0000][PE] (25, 50, 75) percentile: (157, 226, 484)
[0000][PE] low and high boundaries for computing mean and std.dev: (1, 1138)
[0000][PE] mean and std.dev: (302.13, 245.87)
[0000][PE] low and high boundaries for proper pairs: (1, 1465)
[0000][PE] analyzing insert size distribution for orientation FR...
[0000][PE] (25, 50, 75) percentile: (239, 283, 322)
[0000][PE] low and high boundaries for computing mean and std.dev: (73, 488)
[0000][PE] mean and std.dev: (275.70, 64.78)
[0000][PE] low and high boundaries for proper pairs: (1, 571)
[0000][PE] analyzing insert size distribution for orientation RF...
[0000][PE] (25, 50, 75) percentile: (984, 3791, 6921)
[0000][PE] low and high boundaries for computing mean and std.dev: (1, 18795)
[0000][PE] mean and std.dev: (4053.96, 3206.01)
[0000][PE] low and high boundaries for proper pairs: (1, 24732)
[0000][PE] analyzing insert size distribution for orientation RR...
[0000][PE] (25, 50, 75) percentile: (159, 210, 1853)
[0000][PE] low and high boundaries for computing mean and std.dev: (1, 5241)
[0000][PE] mean and std.dev: (782.79, 1326.61)
[0000][PE] low and high boundaries for proper pairs: (1, 6935)
[0000][PE] skip orientation FF
[0000][PE] skip orientation RF
[0000][PE] skip orientation RR
[0000] 3. Calling kt_for - worker_sam
	[0000][ M::mem_process_seqs] Processed 2781026 reads in 418.709 CPU sec, 12.011 real sec
[0000] read_chunk: 400000000, work_chunk_size: 296545183, nseq: 2062110
	[0000][ M::kt_pipeline] read 2062110 sequences (296545183 bp)...
[0000] Calling mem_process_seqs.., task: 10
[0000] 1. Calling kt_for - worker_bwt
[0000] read_chunk: 400000000, work_chunk_size: 0, nseq: 0
[0000] 2. Calling kt_for - worker_aln
[0000] Inferring insert size distribution of PE reads from data, l_pac: 656111652, n: 2062110
[0000][PE] # candidate unique pairs for (FF, FR, RF, RR): (51, 845771, 73, 38)
[0000][PE] analyzing insert size distribution for orientation FF...
[0000][PE] (25, 50, 75) percentile: (177, 202, 505)
[0000][PE] low and high boundaries for computing mean and std.dev: (1, 1161)
[0000][PE] mean and std.dev: (189.59, 64.39)
[0000][PE] low and high boundaries for proper pairs: (1, 1489)
[0000][PE] analyzing insert size distribution for orientation FR...
[0000][PE] (25, 50, 75) percentile: (239, 283, 322)
[0000][PE] low and high boundaries for computing mean and std.dev: (73, 488)
[0000][PE] mean and std.dev: (275.81, 64.81)
[0000][PE] low and high boundaries for proper pairs: (1, 571)
[0000][PE] analyzing insert size distribution for orientation RF...
[0000][PE] (25, 50, 75) percentile: (611, 4040, 6441)
[0000][PE] low and high boundaries for computing mean and std.dev: (1, 18101)
[0000][PE] mean and std.dev: (4021.99, 3098.14)
[0000][PE] low and high boundaries for proper pairs: (1, 23931)
[0000][PE] analyzing insert size distribution for orientation RR...
[0000][PE] (25, 50, 75) percentile: (179, 241, 1657)
[0000][PE] low and high boundaries for computing mean and std.dev: (1, 4613)
[0000][PE] mean and std.dev: (850.11, 1232.09)
[0000][PE] low and high boundaries for proper pairs: (1, 6091)
[0000][PE] skip orientation FF
[0000][PE] skip orientation RF
[0000][PE] skip orientation RR
[0000] 3. Calling kt_for - worker_sam
	[0000][ M::mem_process_seqs] Processed 2062110 reads in 292.474 CPU sec, 8.214 real sec
[0000] read_chunk: 400000000, work_chunk_size: 0, nseq: 0
[0000] Computation ends..
No. of OMP threads: 40
Processor is running @2394.717752 MHz
Runtime profile:

	Time taken for main_mem function: 257.31 sec

	IO times (sec) :
	Reading IO time (reads) avg: 100.53, (100.53, 100.53)
	Writing IO time (SAM) avg: 65.55, (65.55, 65.55)
	Reading IO time (Reference Genome) avg: 0.59, (0.59, 0.59)
	Index read time avg: 0.12, (0.12, 0.12)

	Overall time (sec) (Excluding Index reading time):
	PROCESS() (Total compute time + (read + SAM) IO time) : 256.59
	MEM_PROCESS_SEQ() (Total compute time (Kernel + SAM)), avg: 133.03, (133.03, 133.03)

	 SAM Processing time (sec):
	--WORKER_SAM avg: 55.06, (55.06, 55.06)

	Kernels' compute time (sec):
	Total kernel (smem+sal+bsw) time avg: 74.43, (74.43, 74.43)
		MEM_ALN_CHAIN_FLT avg: 0.00, (0.00, 0.00)
		MEM_ALN_CHAIN_SEED avg: 0.00, (0.00, 0.00)
		ERT_SEED_CHAIN avg: 0.00, (0.00, 0.00)
	LEARNED_SEED_CHAIN avg: 30.51, (30.65, 30.38)
		SMEM compute avg: 0.00, (0.00, 0.00)
		SAL compute avg: 0.00, (0.00, 0.00)
				MEM_SA avg: 0.00, (0.00, 0.00)

		BSW time, avg: 40.73, (41.42, 40.44)

Important parameter settings: 
	BATCH_SIZE: 512
	MAX_SEQ_LEN_REF: 256
	MAX_SEQ_LEN_QER: 128
	MAX_SEQ_LEN8: 128
	SEEDS_PER_READ: 500
	SIMD_WIDTH8 X: 64
	SIMD_WIDTH16 X: 32
	AVG_SEEDS_PER_READ: 64
