Looking to launch executable "/opt/conda/bin/bwa-meme_mode3.avx512bw", simd = _mode3.avx512bw
Launching executable "/opt/conda/bin/bwa-meme_mode3.avx512bw"
-----------------------------
Executing in AVX512 mode!!
-----------------------------
* SA compression enabled with xfactor: 8
* Ref file: reference.902362185.genome.fasta
* Entering FMI_search
Reading other elements of the index from files reference.902362185.genome.fasta
* Index prefix: reference.902362185.genome.fasta
* Read 0 ALT contigs
* Reading reference genome..
* Binary seq file = reference.902362185.genome.fasta.0123
* Reference genome size: 1312223304 bp
* Done reading reference genome !!

------------------------------------------
1. Memory pre-allocation for Chaining: 5679.4903 MB
2. Memory pre-allocation for BSW: 9584.6810 MB
[M::memoryAllocLearned::MEME] Reading Learned-index models into memory
[Learned-Config] MODE:3 SEARCH_METHOD: 1 MEM_TRADEOFF:1 EXPONENTIAL_SMEMSEARCH: 1 DEBUG_MODE:0 Num 2nd Models:268435456 PWL Bits Used:28
[M::memoryAllocLearned::MEME] Loading RMI model and Pac reference file took 9.791 sec
[M::memoryAllocLearned::MEME] Reading suffix array into memory
[M::memoryAllocLearned::MEME] Loading pos_packed file took 14.398 sec
[M::memoryAllocLearned::MEME] Generating SA, 64-bit Suffix and ISA in memory
[M::memoryAllocLearned::MEME] Runtime-build-index took 13.419 sec
3. Memory pre-allocation for BWT: 7204.5072 MB
------------------------------------------
* Threads used (compute): 40
* No. of pipeline threads: 2

[0000] read_chunk: 400000000, work_chunk_size: 400000119, nseq: 2780752
	[0000][ M::kt_pipeline] read 2780752 sequences (400000119 bp)...
[0000] Reallocating initial memory allocations!!
[0000] Calling mem_process_seqs.., task: 0
[0000] 1. Calling kt_for - worker_bwt
[0000] 2. Calling kt_for - worker_aln
[0000] read_chunk: 400000000, work_chunk_size: 400000235, nseq: 2784532
	[0000][ M::kt_pipeline] read 2784532 sequences (400000235 bp)...
[0000] Inferring insert size distribution of PE reads from data, l_pac: 656111652, n: 2780752
[0000][PE] # candidate unique pairs for (FF, FR, RF, RR): (101, 1092766, 102, 70)
[0000][PE] analyzing insert size distribution for orientation FF...
[0000][PE] (25, 50, 75) percentile: (122, 185, 499)
[0000][PE] low and high boundaries for computing mean and std.dev: (1, 1253)
[0000][PE] mean and std.dev: (205.77, 176.74)
[0000][PE] low and high boundaries for proper pairs: (1, 1630)
[0000][PE] analyzing insert size distribution for orientation FR...
[0000][PE] (25, 50, 75) percentile: (241, 285, 324)
[0000][PE] low and high boundaries for computing mean and std.dev: (75, 490)
[0000][PE] mean and std.dev: (276.67, 66.24)
[0000][PE] low and high boundaries for proper pairs: (1, 573)
[0000][PE] analyzing insert size distribution for orientation RF...
[0000][PE] (25, 50, 75) percentile: (584, 2931, 6721)
[0000][PE] low and high boundaries for computing mean and std.dev: (1, 18995)
[0000][PE] mean and std.dev: (3790.25, 3121.44)
[0000][PE] low and high boundaries for proper pairs: (1, 25132)
[0000][PE] analyzing insert size distribution for orientation RR...
[0000][PE] (25, 50, 75) percentile: (166, 239, 2856)
[0000][PE] low and high boundaries for computing mean and std.dev: (1, 8236)
[0000][PE] mean and std.dev: (1419.06, 2152.91)
[0000][PE] low and high boundaries for proper pairs: (1, 10926)
[0000][PE] skip orientation FF
[0000][PE] skip orientation RF
[0000][PE] skip orientation RR
[0000] 3. Calling kt_for - worker_sam
	[0000][ M::mem_process_seqs] Processed 2780752 reads in 484.585 CPU sec, 12.796 real sec
[0000] Reallocating initial memory allocations!!
[0000] Calling mem_process_seqs.., task: 1
[0000] 1. Calling kt_for - worker_bwt
[0000] 2. Calling kt_for - worker_aln
[0000] Inferring insert size distribution of PE reads from data, l_pac: 656111652, n: 2784532
[0000][PE] # candidate unique pairs for (FF, FR, RF, RR): (95, 1131388, 143, 82)
[0000][PE] analyzing insert size distribution for orientation FF...
[0000][PE] (25, 50, 75) percentile: (144, 202, 315)
[0000][PE] low and high boundaries for computing mean and std.dev: (1, 657)
[0000][PE] mean and std.dev: (182.08, 80.92)
[0000][PE] low and high boundaries for proper pairs: (1, 828)
[0000][PE] analyzing insert size distribution for orientation FR...
[0000] read_chunk: 400000000, work_chunk_size: 400000072, nseq: 2783164
[0000][PE] (25, 50, 75) percentile: (241, 285, 324)
[0000][PE] low and high boundaries for computing mean and std.dev: (75, 490)
[0000][PE] mean and std.dev: (276.63, 66.36)
[0000][PE] low and high boundaries for proper pairs: (1, 573)
[0000][PE] analyzing insert size distribution for orientation RF...
[0000][PE] (25, 50, 75) percentile: (444, 2434, 5651)
[0000][PE] low and high boundaries for computing mean and std.dev: (1, 16065)
[0000][PE] mean and std.dev: (3143.48, 2791.66)
[0000][PE] low and high boundaries for proper pairs: (1, 21272)
[0000][PE] analyzing insert size distribution for orientation RR...
[0000][PE] (25, 50, 75) percentile: (127, 227, 542)
[0000][PE] low and high boundaries for computing mean and std.dev: (1, 1372)
[0000][PE] mean and std.dev: (252.12, 259.26)
[0000][PE] low and high boundaries for proper pairs: (1, 1787)
[0000][PE] skip orientation FF
[0000][PE] skip orientation RF
[0000][PE] skip orientation RR
[0000] 3. Calling kt_for - worker_sam
	[0000][ M::kt_pipeline] read 2783164 sequences (400000072 bp)...
	[0000][ M::mem_process_seqs] Processed 2784532 reads in 400.537 CPU sec, 10.851 real sec
[0000] Calling mem_process_seqs.., task: 2
[0000] 1. Calling kt_for - worker_bwt
[0000] 2. Calling kt_for - worker_aln
[0000] Inferring insert size distribution of PE reads from data, l_pac: 656111652, n: 2783164
[0000][PE] # candidate unique pairs for (FF, FR, RF, RR): (86, 1118104, 105, 72)
[0000][PE] analyzing insert size distribution for orientation FF...
[0000][PE] (25, 50, 75) percentile: (168, 212, 922)
[0000][PE] low and high boundaries for computing mean and std.dev: (1, 2430)
[0000][PE] mean and std.dev: (437.78, 515.33)
[0000][PE] low and high boundaries for proper pairs: (1, 3184)
[0000][PE] analyzing insert size distribution for orientation FR...
[0000][PE] (25, 50, 75) percentile: (240, 285, 324)
[0000][PE] low and high boundaries for computing mean and std.dev: (72, 492)
[0000][PE] mean and std.dev: (276.11, 66.99)
[0000][PE] low and high boundaries for proper pairs: (1, 576)
[0000][PE] analyzing insert size distribution for orientation RF...
[0000][PE] (25, 50, 75) percentile: (754, 3219, 6441)
[0000][PE] low and high boundaries for computing mean and std.dev: (1, 17815)
[0000][PE] mean and std.dev: (3720.01, 2941.58)
[0000][PE] low and high boundaries for proper pairs: (1, 23502)
[0000][PE] analyzing insert size distribution for orientation RR...
[0000][PE] (25, 50, 75) percentile: (135, 195, 540)
[0000][PE] low and high boundaries for computing mean and std.dev: (1, 1350)
[0000][PE] mean and std.dev: (217.09, 181.14)
[0000][PE] low and high boundaries for proper pairs: (1, 1755)
[0000][PE] skip orientation FF
[0000][PE] skip orientation RF
[0000][PE] skip orientation RR
[0000] 3. Calling kt_for - worker_sam
	[0000][ M::mem_process_seqs] Processed 2783164 reads in 422.330 CPU sec, 11.353 real sec
[0000] read_chunk: 400000000, work_chunk_size: 400000053, nseq: 2779582
	[0000][ M::kt_pipeline] read 2779582 sequences (400000053 bp)...
[0000] Calling mem_process_seqs.., task: 3
[0000] 1. Calling kt_for - worker_bwt
[0000] 2. Calling kt_for - worker_aln
[0000] Inferring insert size distribution of PE reads from data, l_pac: 656111652, n: 2779582
[0000][PE] # candidate unique pairs for (FF, FR, RF, RR): (87, 1083222, 132, 75)
[0000][PE] analyzing insert size distribution for orientation FF...
[0000][PE] (25, 50, 75) percentile: (126, 184, 224)
[0000][PE] low and high boundaries for computing mean and std.dev: (1, 420)
[0000][PE] mean and std.dev: (160.76, 58.15)
[0000][PE] low and high boundaries for proper pairs: (1, 518)
[0000][PE] analyzing insert size distribution for orientation FR...
[0000][PE] (25, 50, 75) percentile: (241, 285, 324)
[0000][PE] low and high boundaries for computing mean and std.dev: (75, 490)
[0000][PE] mean and std.dev: (276.67, 66.25)
[0000][PE] low and high boundaries for proper pairs: (1, 573)
[0000][PE] analyzing insert size distribution for orientation RF...
[0000][PE] (25, 50, 75) percentile: (1245, 3221, 5877)
[0000][PE] low and high boundaries for computing mean and std.dev: (1, 15141)
[0000][PE] mean and std.dev: (3616.30, 2847.56)
[0000][PE] low and high boundaries for proper pairs: (1, 19773)
[0000][PE] analyzing insert size distribution for orientation RR...
[0000][PE] (25, 50, 75) percentile: (171, 227, 624)
[0000][PE] low and high boundaries for computing mean and std.dev: (1, 1530)
[0000][PE] mean and std.dev: (284.82, 247.18)
[0000][PE] low and high boundaries for proper pairs: (1, 1983)
[0000][PE] skip orientation FF
[0000][PE] skip orientation RF
[0000][PE] skip orientation RR
[0000] 3. Calling kt_for - worker_sam
[0000] read_chunk: 400000000, work_chunk_size: 400000098, nseq: 2782968
	[0000][ M::kt_pipeline] read 2782968 sequences (400000098 bp)...
	[0000][ M::mem_process_seqs] Processed 2779582 reads in 509.643 CPU sec, 13.301 real sec
[0000] Calling mem_process_seqs.., task: 4
[0000] 1. Calling kt_for - worker_bwt
[0000] 2. Calling kt_for - worker_aln
[0000] Inferring insert size distribution of PE reads from data, l_pac: 656111652, n: 2782968
[0000][PE] # candidate unique pairs for (FF, FR, RF, RR): (83, 1118385, 114, 82)
[0000][PE] analyzing insert size distribution for orientation FF...
[0000][PE] (25, 50, 75) percentile: (140, 179, 248)
[0000][PE] low and high boundaries for computing mean and std.dev: (1, 464)
[0000][PE] mean and std.dev: (159.58, 61.74)
[0000][PE] low and high boundaries for proper pairs: (1, 572)
[0000][PE] analyzing insert size distribution for orientation FR...
[0000][PE] (25, 50, 75) percentile: (240, 285, 324)
[0000][PE] low and high boundaries for computing mean and std.dev: (72, 492)
[0000][PE] mean and std.dev: (276.13, 66.89)
[0000][PE] low and high boundaries for proper pairs: (1, 576)
[0000][PE] analyzing insert size distribution for orientation RF...
[0000][PE] (25, 50, 75) percentile: (622, 3423, 5958)
[0000][PE] low and high boundaries for computing mean and std.dev: (1, 16630)
[0000][PE] mean and std.dev: (3639.28, 3124.14)
[0000][PE] low and high boundaries for proper pairs: (1, 21966)
[0000][PE] analyzing insert size distribution for orientation RR...
[0000][PE] (25, 50, 75) percentile: (143, 199, 290)
[0000][PE] low and high boundaries for computing mean and std.dev: (1, 584)
[0000][PE] mean and std.dev: (177.78, 71.30)
[0000][PE] low and high boundaries for proper pairs: (1, 731)
[0000][PE] skip orientation FF
[0000][PE] skip orientation RF
[0000][PE] skip orientation RR
[0000] 3. Calling kt_for - worker_sam
	[0000][ M::mem_process_seqs] Processed 2782968 reads in 446.824 CPU sec, 12.004 real sec
[0000] read_chunk: 400000000, work_chunk_size: 400000229, nseq: 2782330
	[0000][ M::kt_pipeline] read 2782330 sequences (400000229 bp)...
[0000] Calling mem_process_seqs.., task: 5
[0000] 1. Calling kt_for - worker_bwt
[0000] 2. Calling kt_for - worker_aln
[0000] Inferring insert size distribution of PE reads from data, l_pac: 656111652, n: 2782330
[0000][PE] # candidate unique pairs for (FF, FR, RF, RR): (87, 1101508, 100, 80)
[0000][PE] analyzing insert size distribution for orientation FF...
[0000][PE] (25, 50, 75) percentile: (145, 191, 445)
[0000][PE] low and high boundaries for computing mean and std.dev: (1, 1045)
[0000][PE] mean and std.dev: (201.35, 141.76)
[0000][PE] low and high boundaries for proper pairs: (1, 1345)
[0000][PE] analyzing insert size distribution for orientation FR...
[0000][PE] (25, 50, 75) percentile: (241, 285, 324)
[0000][PE] low and high boundaries for computing mean and std.dev: (75, 490)
[0000][PE] mean and std.dev: (276.68, 66.40)
[0000][PE] low and high boundaries for proper pairs: (1, 573)
[0000][PE] analyzing insert size distribution for orientation RF...
[0000][PE] (25, 50, 75) percentile: (687, 3305, 7011)
[0000][PE] low and high boundaries for computing mean and std.dev: (1, 19659)
[0000][PE] mean and std.dev: (3847.92, 3246.42)
[0000][PE] low and high boundaries for proper pairs: (1, 25983)
[0000][PE] analyzing insert size distribution for orientation RR...
[0000][PE] (25, 50, 75) percentile: (161, 216, 699)
[0000][PE] low and high boundaries for computing mean and std.dev: (1, 1775)
[0000][PE] mean and std.dev: (298.25, 341.70)
[0000][PE] low and high boundaries for proper pairs: (1, 2313)
[0000][PE] skip orientation FF
[0000][PE] skip orientation RF
[0000][PE] skip orientation RR
[0000] 3. Calling kt_for - worker_sam
[0000] read_chunk: 400000000, work_chunk_size: 400000192, nseq: 2782376
	[0000][ M::kt_pipeline] read 2782376 sequences (400000192 bp)...
	[0000][ M::mem_process_seqs] Processed 2782330 reads in 466.593 CPU sec, 12.497 real sec
[0000] Calling mem_process_seqs.., task: 6
[0000] 1. Calling kt_for - worker_bwt
[0000] 2. Calling kt_for - worker_aln
[0000] Inferring insert size distribution of PE reads from data, l_pac: 656111652, n: 2782376
[0000][PE] # candidate unique pairs for (FF, FR, RF, RR): (77, 1116821, 102, 63)
[0000][PE] analyzing insert size distribution for orientation FF...
[0000][PE] (25, 50, 75) percentile: (137, 200, 726)
[0000][PE] low and high boundaries for computing mean and std.dev: (1, 1904)
[0000][PE] mean and std.dev: (293.03, 329.17)
[0000][PE] low and high boundaries for proper pairs: (1, 2493)
[0000][PE] analyzing insert size distribution for orientation FR...
[0000][PE] (25, 50, 75) percentile: (241, 285, 324)
[0000][PE] low and high boundaries for computing mean and std.dev: (75, 490)
[0000][PE] mean and std.dev: (276.77, 66.24)
[0000][PE] low and high boundaries for proper pairs: (1, 573)
[0000][PE] analyzing insert size distribution for orientation RF...
[0000][PE] (25, 50, 75) percentile: (1117, 3637, 7002)
[0000][PE] low and high boundaries for computing mean and std.dev: (1, 18772)
[0000][PE] mean and std.dev: (4029.79, 3249.37)
[0000][PE] low and high boundaries for proper pairs: (1, 24657)
[0000][PE] analyzing insert size distribution for orientation RR...
[0000][PE] (25, 50, 75) percentile: (133, 200, 405)
[0000][PE] low and high boundaries for computing mean and std.dev: (1, 949)
[0000][PE] mean and std.dev: (217.55, 157.46)
[0000][PE] low and high boundaries for proper pairs: (1, 1221)
[0000][PE] skip orientation FF
[0000][PE] skip orientation RF
[0000][PE] skip orientation RR
[0000] 3. Calling kt_for - worker_sam
	[0000][ M::mem_process_seqs] Processed 2782376 reads in 444.925 CPU sec, 12.168 real sec
[0000] read_chunk: 400000000, work_chunk_size: 400000241, nseq: 2782382
	[0000][ M::kt_pipeline] read 2782382 sequences (400000241 bp)...
[0000] Calling mem_process_seqs.., task: 7
[0000] 1. Calling kt_for - worker_bwt
[0000] 2. Calling kt_for - worker_aln
[0000] Inferring insert size distribution of PE reads from data, l_pac: 656111652, n: 2782382
[0000][PE] # candidate unique pairs for (FF, FR, RF, RR): (88, 1110860, 99, 82)
[0000][PE] analyzing insert size distribution for orientation FF...
[0000][PE] (25, 50, 75) percentile: (163, 210, 368)
[0000][PE] low and high boundaries for computing mean and std.dev: (1, 778)
[0000][PE] mean and std.dev: (219.75, 129.65)
[0000][PE] low and high boundaries for proper pairs: (1, 983)
[0000][PE] analyzing insert size distribution for orientation FR...
[0000][PE] (25, 50, 75) percentile: (241, 285, 324)
[0000][PE] low and high boundaries for computing mean and std.dev: (75, 490)
[0000][PE] mean and std.dev: (276.74, 66.31)
[0000][PE] low and high boundaries for proper pairs: (1, 573)
[0000][PE] analyzing insert size distribution for orientation RF...
[0000][PE] (25, 50, 75) percentile: (502, 3014, 6934)
[0000][PE] low and high boundaries for computing mean and std.dev: (1, 19798)
[0000][PE] mean and std.dev: (3732.95, 3260.73)
[0000][PE] low and high boundaries for proper pairs: (1, 26230)
[0000][PE] analyzing insert size distribution for orientation RR...
[0000][PE] (25, 50, 75) percentile: (138, 182, 336)
[0000][PE] low and high boundaries for computing mean and std.dev: (1, 732)
[0000][PE] mean and std.dev: (199.14, 128.82)
[0000][PE] low and high boundaries for proper pairs: (1, 930)
[0000][PE] skip orientation FF
[0000][PE] skip orientation RF
[0000][PE] skip orientation RR
[0000] 3. Calling kt_for - worker_sam
[0000] read_chunk: 400000000, work_chunk_size: 400000000, nseq: 2783976
	[0000][ M::kt_pipeline] read 2783976 sequences (400000000 bp)...
	[0000][ M::mem_process_seqs] Processed 2782382 reads in 445.441 CPU sec, 11.926 real sec
[0000] Calling mem_process_seqs.., task: 8
[0000] 1. Calling kt_for - worker_bwt
[0000] 2. Calling kt_for - worker_aln
[0000] Inferring insert size distribution of PE reads from data, l_pac: 656111652, n: 2783976
[0000][PE] # candidate unique pairs for (FF, FR, RF, RR): (77, 1121872, 134, 66)
[0000][PE] analyzing insert size distribution for orientation FF...
[0000][PE] (25, 50, 75) percentile: (107, 176, 259)
[0000][PE] low and high boundaries for computing mean and std.dev: (1, 563)
[0000][PE] mean and std.dev: (148.97, 76.60)
[0000][PE] low and high boundaries for proper pairs: (1, 715)
[0000][PE] analyzing insert size distribution for orientation FR...
[0000][PE] (25, 50, 75) percentile: (241, 285, 324)
[0000][PE] low and high boundaries for computing mean and std.dev: (75, 490)
[0000][PE] mean and std.dev: (276.77, 66.23)
[0000][PE] low and high boundaries for proper pairs: (1, 573)
[0000][PE] analyzing insert size distribution for orientation RF...
[0000][PE] (25, 50, 75) percentile: (516, 2393, 6208)
[0000][PE] low and high boundaries for computing mean and std.dev: (1, 17592)
[0000][PE] mean and std.dev: (3556.05, 3263.48)
[0000][PE] low and high boundaries for proper pairs: (1, 23284)
[0000][PE] analyzing insert size distribution for orientation RR...
[0000][PE] (25, 50, 75) percentile: (130, 199, 258)
[0000][PE] low and high boundaries for computing mean and std.dev: (1, 514)
[0000][PE] mean and std.dev: (181.60, 81.11)
[0000][PE] low and high boundaries for proper pairs: (1, 642)
[0000][PE] skip orientation FF
[0000][PE] skip orientation RF
[0000][PE] skip orientation RR
[0000] 3. Calling kt_for - worker_sam
	[0000][ M::mem_process_seqs] Processed 2783976 reads in 416.926 CPU sec, 11.474 real sec
[0000] read_chunk: 400000000, work_chunk_size: 400000017, nseq: 2782172
	[0000][ M::kt_pipeline] read 2782172 sequences (400000017 bp)...
[0000] Calling mem_process_seqs.., task: 9
[0000] 1. Calling kt_for - worker_bwt
[0000] 2. Calling kt_for - worker_aln
[0000] Inferring insert size distribution of PE reads from data, l_pac: 656111652, n: 2782172
[0000][PE] # candidate unique pairs for (FF, FR, RF, RR): (94, 1107789, 103, 70)
[0000][PE] analyzing insert size distribution for orientation FF...
[0000][PE] (25, 50, 75) percentile: (122, 207, 520)
[0000][PE] low and high boundaries for computing mean and std.dev: (1, 1316)
[0000][PE] mean and std.dev: (237.32, 248.40)
[0000][PE] low and high boundaries for proper pairs: (1, 1714)
[0000][PE] analyzing insert size distribution for orientation FR...
[0000][PE] (25, 50, 75) percentile: (241, 285, 324)
[0000][PE] low and high boundaries for computing mean and std.dev: (75, 490)
[0000][PE] mean and std.dev: (276.69, 66.32)
[0000][PE] low and high boundaries for proper pairs: (1, 573)
[0000][PE] analyzing insert size distribution for orientation RF...
[0000][PE] (25, 50, 75) percentile: (529, 2499, 7720)
[0000][PE] low and high boundaries for computing mean and std.dev: (1, 22102)
[0000][PE] mean and std.dev: (3777.45, 3507.55)
[0000][PE] low and high boundaries for proper pairs: (1, 29293)
[0000][PE] analyzing insert size distribution for orientation RR...
[0000][PE] (25, 50, 75) percentile: (131, 175, 248)
[0000][PE] low and high boundaries for computing mean and std.dev: (1, 482)
[0000][PE] mean and std.dev: (160.00, 60.33)
[0000][PE] low and high boundaries for proper pairs: (1, 599)
[0000][PE] skip orientation FF
[0000][PE] skip orientation RF
[0000][PE] skip orientation RR
[0000] 3. Calling kt_for - worker_sam
[0000] read_chunk: 400000000, work_chunk_size: 400000028, nseq: 2784070
	[0000][ M::kt_pipeline] read 2784070 sequences (400000028 bp)...
	[0000][ M::mem_process_seqs] Processed 2782172 reads in 464.298 CPU sec, 12.893 real sec
[0000] Calling mem_process_seqs.., task: 10
[0000] 1. Calling kt_for - worker_bwt
[0000] 2. Calling kt_for - worker_aln
[0000] Inferring insert size distribution of PE reads from data, l_pac: 656111652, n: 2784070
[0000][PE] # candidate unique pairs for (FF, FR, RF, RR): (81, 1129268, 114, 81)
[0000][PE] analyzing insert size distribution for orientation FF...
[0000][PE] (25, 50, 75) percentile: (123, 177, 240)
[0000][PE] low and high boundaries for computing mean and std.dev: (1, 474)
[0000][PE] mean and std.dev: (170.07, 72.89)
[0000][PE] low and high boundaries for proper pairs: (1, 591)
[0000][PE] analyzing insert size distribution for orientation FR...
[0000][PE] (25, 50, 75) percentile: (241, 285, 324)
[0000][PE] low and high boundaries for computing mean and std.dev: (75, 490)
[0000][PE] mean and std.dev: (276.72, 66.27)
[0000][PE] low and high boundaries for proper pairs: (1, 573)
[0000][PE] analyzing insert size distribution for orientation RF...
[0000][PE] (25, 50, 75) percentile: (584, 3499, 6855)
[0000][PE] low and high boundaries for computing mean and std.dev: (1, 19397)
[0000][PE] mean and std.dev: (3874.77, 3256.11)
[0000][PE] low and high boundaries for proper pairs: (1, 25668)
[0000][PE] analyzing insert size distribution for orientation RR...
[0000][PE] (25, 50, 75) percentile: (148, 191, 311)
[0000][PE] low and high boundaries for computing mean and std.dev: (1, 637)
[0000][PE] mean and std.dev: (181.89, 65.70)
[0000][PE] low and high boundaries for proper pairs: (1, 800)
[0000][PE] skip orientation FF
[0000][PE] skip orientation RF
[0000][PE] skip orientation RR
[0000] 3. Calling kt_for - worker_sam
	[0000][ M::mem_process_seqs] Processed 2784070 reads in 410.764 CPU sec, 11.236 real sec
[0000] read_chunk: 400000000, work_chunk_size: 400000125, nseq: 2783132
	[0000][ M::kt_pipeline] read 2783132 sequences (400000125 bp)...
[0000] Calling mem_process_seqs.., task: 11
[0000] 1. Calling kt_for - worker_bwt
[0000] read_chunk: 400000000, work_chunk_size: 41547902, nseq: 289336
	[0000][ M::kt_pipeline] read 289336 sequences (41547902 bp)...
[0000] 2. Calling kt_for - worker_aln
[0000] Inferring insert size distribution of PE reads from data, l_pac: 656111652, n: 2783132
[0000][PE] # candidate unique pairs for (FF, FR, RF, RR): (97, 1121017, 102, 64)
[0000][PE] analyzing insert size distribution for orientation FF...
[0000][PE] (25, 50, 75) percentile: (131, 190, 567)
[0000][PE] low and high boundaries for computing mean and std.dev: (1, 1439)
[0000][PE] mean and std.dev: (197.16, 179.90)
[0000][PE] low and high boundaries for proper pairs: (1, 1875)
[0000][PE] analyzing insert size distribution for orientation FR...
[0000][PE] (25, 50, 75) percentile: (240, 285, 324)
[0000][PE] low and high boundaries for computing mean and std.dev: (72, 492)
[0000][PE] mean and std.dev: (276.09, 66.99)
[0000][PE] low and high boundaries for proper pairs: (1, 576)
[0000][PE] analyzing insert size distribution for orientation RF...
[0000][PE] (25, 50, 75) percentile: (356, 1617, 5120)
[0000][PE] low and high boundaries for computing mean and std.dev: (1, 14648)
[0000][PE] mean and std.dev: (3081.09, 3130.74)
[0000][PE] low and high boundaries for proper pairs: (1, 19412)
[0000][PE] analyzing insert size distribution for orientation RR...
[0000][PE] (25, 50, 75) percentile: (173, 211, 854)
[0000][PE] low and high boundaries for computing mean and std.dev: (1, 2216)
[0000][PE] mean and std.dev: (350.59, 390.95)
[0000][PE] low and high boundaries for proper pairs: (1, 2897)
[0000][PE] skip orientation FF
[0000][PE] skip orientation RF
[0000][PE] skip orientation RR
[0000] 3. Calling kt_for - worker_sam
	[0000][ M::mem_process_seqs] Processed 2783132 reads in 420.900 CPU sec, 11.169 real sec
[0000] Calling mem_process_seqs.., task: 12
[0000] 1. Calling kt_for - worker_bwt
[0000] 2. Calling kt_for - worker_aln
[0000] Inferring insert size distribution of PE reads from data, l_pac: 656111652, n: 289336
[0000][PE] # candidate unique pairs for (FF, FR, RF, RR): (5, 118056, 9, 7)
[0000][PE] skip orientation FF as there are not enough pairs
[0000][PE] analyzing insert size distribution for orientation FR...
[0000][PE] (25, 50, 75) percentile: (241, 285, 324)
[0000][PE] low and high boundaries for computing mean and std.dev: (75, 490)
[0000][PE] mean and std.dev: (276.76, 66.22)
[0000][PE] low and high boundaries for proper pairs: (1, 573)
[0000][PE] skip orientation RF as there are not enough pairs
[0000][PE] skip orientation RR as there are not enough pairs
[0000] 3. Calling kt_for - worker_sam
	[0000][ M::mem_process_seqs] Processed 289336 reads in 41.096 CPU sec, 1.354 real sec
[0000] read_chunk: 400000000, work_chunk_size: 0, nseq: 0
[0000] read_chunk: 400000000, work_chunk_size: 0, nseq: 0
[0000] Computation ends..
No. of OMP threads: 40
Processor is running @2394.717416 MHz
Runtime profile:

	Time taken for main_mem function: 208.33 sec

	IO times (sec) :
	Reading IO time (reads) avg: 104.92, (104.92, 104.92)
	Writing IO time (SAM) avg: 41.27, (41.27, 41.27)
	Reading IO time (Reference Genome) avg: 0.58, (0.58, 0.58)
	Index read time avg: 0.13, (0.13, 0.13)

	Overall time (sec) (Excluding Index reading time):
	PROCESS() (Total compute time + (read + SAM) IO time) : 207.61
	MEM_PROCESS_SEQ() (Total compute time (Kernel + SAM)), avg: 145.00, (145.00, 145.00)

	 SAM Processing time (sec):
	--WORKER_SAM avg: 60.82, (60.82, 60.82)

	Kernels' compute time (sec):
	Total kernel (smem+sal+bsw) time avg: 80.50, (80.50, 80.50)
		MEM_ALN_CHAIN_FLT avg: 0.00, (0.00, 0.00)
		MEM_ALN_CHAIN_SEED avg: 0.00, (0.00, 0.00)
		ERT_SEED_CHAIN avg: 0.00, (0.00, 0.00)
	LEARNED_SEED_CHAIN avg: 30.75, (30.85, 30.63)
		SMEM compute avg: 0.00, (0.00, 0.00)
		SAL compute avg: 0.00, (0.00, 0.00)
				MEM_SA avg: 0.00, (0.00, 0.00)

		BSW time, avg: 46.36, (46.70, 46.16)

Important parameter settings: 
	BATCH_SIZE: 512
	MAX_SEQ_LEN_REF: 256
	MAX_SEQ_LEN_QER: 128
	MAX_SEQ_LEN8: 128
	SEEDS_PER_READ: 500
	SIMD_WIDTH8 X: 64
	SIMD_WIDTH16 X: 32
	AVG_SEEDS_PER_READ: 64
