Looking to launch executable "/opt/conda/bin/bwa-meme_mode3.avx512bw", simd = _mode3.avx512bw
Launching executable "/opt/conda/bin/bwa-meme_mode3.avx512bw"
-----------------------------
Executing in AVX512 mode!!
-----------------------------
* SA compression enabled with xfactor: 8
* Ref file: reference.902362185.genome.fasta
* Entering FMI_search
Reading other elements of the index from files reference.902362185.genome.fasta
* Index prefix: reference.902362185.genome.fasta
* Read 0 ALT contigs
* Reading reference genome..
* Binary seq file = reference.902362185.genome.fasta.0123
* Reference genome size: 1312223304 bp
* Done reading reference genome !!

------------------------------------------
1. Memory pre-allocation for Chaining: 5679.4903 MB
2. Memory pre-allocation for BSW: 9584.6810 MB
[M::memoryAllocLearned::MEME] Reading Learned-index models into memory
[Learned-Config] MODE:3 SEARCH_METHOD: 1 MEM_TRADEOFF:1 EXPONENTIAL_SMEMSEARCH: 1 DEBUG_MODE:0 Num 2nd Models:268435456 PWL Bits Used:28
[M::memoryAllocLearned::MEME] Loading RMI model and Pac reference file took 9.513 sec
[M::memoryAllocLearned::MEME] Reading suffix array into memory
[M::memoryAllocLearned::MEME] Loading pos_packed file took 15.458 sec
[M::memoryAllocLearned::MEME] Generating SA, 64-bit Suffix and ISA in memory
[M::memoryAllocLearned::MEME] Runtime-build-index took 13.416 sec
3. Memory pre-allocation for BWT: 7204.5072 MB
------------------------------------------
* Threads used (compute): 40
* No. of pipeline threads: 2

[0000] read_chunk: 400000000, work_chunk_size: 400000110, nseq: 2753764
	[0000][ M::kt_pipeline] read 2753764 sequences (400000110 bp)...
[0000] Reallocating initial memory allocations!!
[0000] read_chunk: 400000000, work_chunk_size: 400000233, nseq: 2752362
	[0000][ M::kt_pipeline] read 2752362 sequences (400000233 bp)...
[0000] Calling mem_process_seqs.., task: 0
[0000] 1. Calling kt_for - worker_bwt
[0000] 2. Calling kt_for - worker_aln
[0000] Inferring insert size distribution of PE reads from data, l_pac: 656111652, n: 2753764
[0000][PE] # candidate unique pairs for (FF, FR, RF, RR): (65, 1103061, 103, 74)
[0000][PE] analyzing insert size distribution for orientation FF...
[0000][PE] (25, 50, 75) percentile: (160, 214, 1541)
[0000][PE] low and high boundaries for computing mean and std.dev: (1, 4303)
[0000][PE] mean and std.dev: (637.90, 902.58)
[0000][PE] low and high boundaries for proper pairs: (1, 5684)
[0000][PE] analyzing insert size distribution for orientation FR...
[0000][PE] (25, 50, 75) percentile: (249, 290, 328)
[0000][PE] low and high boundaries for computing mean and std.dev: (91, 486)
[0000][PE] mean and std.dev: (286.04, 58.08)
[0000][PE] low and high boundaries for proper pairs: (12, 565)
[0000][PE] analyzing insert size distribution for orientation RF...
[0000][PE] (25, 50, 75) percentile: (745, 2960, 6111)
[0000][PE] low and high boundaries for computing mean and std.dev: (1, 16843)
[0000][PE] mean and std.dev: (3414.14, 2810.92)
[0000][PE] low and high boundaries for proper pairs: (1, 22209)
[0000][PE] analyzing insert size distribution for orientation RR...
[0000][PE] (25, 50, 75) percentile: (152, 246, 1601)
[0000][PE] low and high boundaries for computing mean and std.dev: (1, 4499)
[0000][PE] mean and std.dev: (699.69, 1100.33)
[0000][PE] low and high boundaries for proper pairs: (1, 5948)
[0000][PE] skip orientation FF
[0000][PE] skip orientation RF
[0000][PE] skip orientation RR
[0000] 3. Calling kt_for - worker_sam
	[0000][ M::mem_process_seqs] Processed 2753764 reads in 470.883 CPU sec, 16.597 real sec
[0000] Calling mem_process_seqs.., task: 1
[0000] 1. Calling kt_for - worker_bwt
[0000] 2. Calling kt_for - worker_aln
[0000] Inferring insert size distribution of PE reads from data, l_pac: 656111652, n: 2752362
[0000][PE] # candidate unique pairs for (FF, FR, RF, RR): (66, 1062667, 96, 63)
[0000][PE] analyzing insert size distribution for orientation FF...
[0000][PE] (25, 50, 75) percentile: (171, 216, 474)
[0000][PE] low and high boundaries for computing mean and std.dev: (1, 1080)
[0000][PE] mean and std.dev: (194.10, 64.26)
[0000][PE] low and high boundaries for proper pairs: (1, 1383)
[0000][PE] analyzing insert size distribution for orientation FR...
[0000][PE] (25, 50, 75) percentile: (249, 290, 328)
[0000][PE] low and high boundaries for computing mean and std.dev: (91, 486)
[0000][PE] mean and std.dev: (286.11, 58.13)
[0000][PE] low and high boundaries for proper pairs: (12, 565)
[0000][PE] analyzing insert size distribution for orientation RF...
[0000][PE] (25, 50, 75) percentile: (681, 4016, 7701)
[0000][PE] low and high boundaries for computing mean and std.dev: (1, 21741)
[0000][PE] mean and std.dev: (4010.91, 3318.43)
[0000][PE] low and high boundaries for proper pairs: (1, 28761)
[0000][PE] analyzing insert size distribution for orientation RR...
[0000][PE] (25, 50, 75) percentile: (171, 233, 371)
[0000][PE] low and high boundaries for computing mean and std.dev: (1, 771)
[0000][PE] mean and std.dev: (236.98, 126.96)
[0000][PE] low and high boundaries for proper pairs: (1, 971)
[0000][PE] skip orientation FF
[0000][PE] skip orientation RF
[0000][PE] skip orientation RR
[0000] 3. Calling kt_for - worker_sam
	[0000][ M::mem_process_seqs] Processed 2752362 reads in 544.999 CPU sec, 15.284 real sec
[0000] read_chunk: 400000000, work_chunk_size: 400000123, nseq: 2756046
	[0000][ M::kt_pipeline] read 2756046 sequences (400000123 bp)...
[0000] Reallocating initial memory allocations!!
[0000] Calling mem_process_seqs.., task: 2
[0000] 1. Calling kt_for - worker_bwt
[0000] 2. Calling kt_for - worker_aln
[0000] Inferring insert size distribution of PE reads from data, l_pac: 656111652, n: 2756046
[0000][PE] # candidate unique pairs for (FF, FR, RF, RR): (81, 1137172, 145, 81)
[0000][PE] analyzing insert size distribution for orientation FF...
[0000][PE] (25, 50, 75) percentile: (160, 208, 362)
[0000][PE] low and high boundaries for computing mean and std.dev: (1, 766)
[0000][PE] mean and std.dev: (207.18, 98.86)
[0000][PE] low and high boundaries for proper pairs: (1, 968)
[0000][PE] analyzing insert size distribution for orientation FR...
[0000][PE] (25, 50, 75) percentile: (249, 290, 328)
[0000][PE] low and high boundaries for computing mean and std.dev: (91, 486)
[0000][PE] mean and std.dev: (286.01, 58.12)
[0000][PE] low and high boundaries for proper pairs: (12, 565)
[0000][PE] analyzing insert size distribution for orientation RF...
[0000][PE] (25, 50, 75) percentile: (181, 1485, 6177)
[0000][PE] low and high boundaries for computing mean and std.dev: (1, 18169)
[0000][PE] mean and std.dev: (3194.07, 3326.44)
[0000][PE] low and high boundaries for proper pairs: (1, 24165)
[0000][PE] analyzing insert size distribution for orientation RR...
[0000][PE] (25, 50, 75) percentile: (194, 247, 4011)
[0000][PE] low and high boundaries for computing mean and std.dev: (1, 11645)
[0000][PE] mean and std.dev: (2052.65, 2638.96)
[0000][PE] low and high boundaries for proper pairs: (1, 15462)
[0000][PE] skip orientation FF
[0000][PE] skip orientation RF
[0000][PE] skip orientation RR
[0000] 3. Calling kt_for - worker_sam
[0000] read_chunk: 400000000, work_chunk_size: 400000206, nseq: 2755598
	[0000][ M::kt_pipeline] read 2755598 sequences (400000206 bp)...
	[0000][ M::mem_process_seqs] Processed 2756046 reads in 371.553 CPU sec, 10.234 real sec
[0000] Calling mem_process_seqs.., task: 3
[0000] 1. Calling kt_for - worker_bwt
[0000] 2. Calling kt_for - worker_aln
[0000] Inferring insert size distribution of PE reads from data, l_pac: 656111652, n: 2755598
[0000][PE] # candidate unique pairs for (FF, FR, RF, RR): (68, 1131203, 122, 76)
[0000][PE] analyzing insert size distribution for orientation FF...
[0000][PE] (25, 50, 75) percentile: (152, 222, 329)
[0000][PE] low and high boundaries for computing mean and std.dev: (1, 683)
[0000][PE] mean and std.dev: (199.29, 81.79)
[0000][PE] low and high boundaries for proper pairs: (1, 860)
[0000][PE] analyzing insert size distribution for orientation FR...
[0000][PE] (25, 50, 75) percentile: (249, 290, 328)
[0000][PE] low and high boundaries for computing mean and std.dev: (91, 486)
[0000][PE] mean and std.dev: (286.03, 58.09)
[0000][PE] low and high boundaries for proper pairs: (12, 565)
[0000][PE] analyzing insert size distribution for orientation RF...
[0000][PE] (25, 50, 75) percentile: (549, 2448, 7065)
[0000][PE] low and high boundaries for computing mean and std.dev: (1, 20097)
[0000][PE] mean and std.dev: (3726.75, 3395.48)
[0000][PE] low and high boundaries for proper pairs: (1, 26613)
[0000][PE] analyzing insert size distribution for orientation RR...
[0000][PE] (25, 50, 75) percentile: (169, 230, 1128)
[0000][PE] low and high boundaries for computing mean and std.dev: (1, 3046)
[0000][PE] mean and std.dev: (472.28, 614.26)
[0000][PE] low and high boundaries for proper pairs: (1, 4005)
[0000][PE] skip orientation FF
[0000][PE] skip orientation RF
[0000][PE] skip orientation RR
[0000] 3. Calling kt_for - worker_sam
	[0000][ M::mem_process_seqs] Processed 2755598 reads in 387.313 CPU sec, 10.536 real sec
[0000] read_chunk: 400000000, work_chunk_size: 400000142, nseq: 2755358
	[0000][ M::kt_pipeline] read 2755358 sequences (400000142 bp)...
[0000] Calling mem_process_seqs.., task: 4
[0000] 1. Calling kt_for - worker_bwt
[0000] 2. Calling kt_for - worker_aln
[0000] Inferring insert size distribution of PE reads from data, l_pac: 656111652, n: 2755358
[0000][PE] # candidate unique pairs for (FF, FR, RF, RR): (88, 1127961, 139, 65)
[0000][PE] analyzing insert size distribution for orientation FF...
[0000][PE] (25, 50, 75) percentile: (173, 233, 824)
[0000][PE] low and high boundaries for computing mean and std.dev: (1, 2126)
[0000][PE] mean and std.dev: (425.59, 446.68)
[0000][PE] low and high boundaries for proper pairs: (1, 2777)
[0000][PE] analyzing insert size distribution for orientation FR...
[0000][PE] (25, 50, 75) percentile: (249, 290, 328)
[0000][PE] low and high boundaries for computing mean and std.dev: (91, 486)
[0000][PE] mean and std.dev: (286.13, 58.09)
[0000][PE] low and high boundaries for proper pairs: (12, 565)
[0000][PE] analyzing insert size distribution for orientation RF...
[0000][PE] (25, 50, 75) percentile: (839, 2834, 6010)
[0000][PE] low and high boundaries for computing mean and std.dev: (1, 16352)
[0000][PE] mean and std.dev: (3491.35, 3057.61)
[0000][PE] low and high boundaries for proper pairs: (1, 21523)
[0000][PE] analyzing insert size distribution for orientation RR...
[0000][PE] (25, 50, 75) percentile: (162, 239, 1537)
[0000][PE] low and high boundaries for computing mean and std.dev: (1, 4287)
[0000][PE] mean and std.dev: (470.28, 733.83)
[0000][PE] low and high boundaries for proper pairs: (1, 5662)
[0000][PE] skip orientation FF
[0000][PE] skip orientation RF
[0000][PE] skip orientation RR
[0000] 3. Calling kt_for - worker_sam
[0000] read_chunk: 400000000, work_chunk_size: 400000243, nseq: 2756226
	[0000][ M::kt_pipeline] read 2756226 sequences (400000243 bp)...
	[0000][ M::mem_process_seqs] Processed 2755358 reads in 394.631 CPU sec, 10.490 real sec
[0000] Reallocating initial memory allocations!!
[0000] Calling mem_process_seqs.., task: 5
[0000] 1. Calling kt_for - worker_bwt
[0000] 2. Calling kt_for - worker_aln
[0000] read_chunk: 400000000, work_chunk_size: 400000147, nseq: 2755138
	[0000][ M::kt_pipeline] read 2755138 sequences (400000147 bp)...
[0000] Inferring insert size distribution of PE reads from data, l_pac: 656111652, n: 2756226
[0000][PE] # candidate unique pairs for (FF, FR, RF, RR): (49, 1123283, 117, 55)
[0000][PE] analyzing insert size distribution for orientation FF...
[0000][PE] (25, 50, 75) percentile: (151, 202, 460)
[0000][PE] low and high boundaries for computing mean and std.dev: (1, 1078)
[0000][PE] mean and std.dev: (206.03, 100.92)
[0000][PE] low and high boundaries for proper pairs: (1, 1387)
[0000][PE] analyzing insert size distribution for orientation FR...
[0000][PE] (25, 50, 75) percentile: (249, 290, 328)
[0000][PE] low and high boundaries for computing mean and std.dev: (91, 486)
[0000][PE] mean and std.dev: (286.12, 58.10)
[0000][PE] low and high boundaries for proper pairs: (12, 565)
[0000][PE] analyzing insert size distribution for orientation RF...
[0000][PE] (25, 50, 75) percentile: (759, 2017, 5439)
[0000][PE] low and high boundaries for computing mean and std.dev: (1, 14799)
[0000][PE] mean and std.dev: (3167.80, 2936.29)
[0000][PE] low and high boundaries for proper pairs: (1, 19479)
[0000][PE] analyzing insert size distribution for orientation RR...
[0000][PE] (25, 50, 75) percentile: (156, 207, 525)
[0000][PE] low and high boundaries for computing mean and std.dev: (1, 1263)
[0000][PE] mean and std.dev: (274.52, 263.83)
[0000][PE] low and high boundaries for proper pairs: (1, 1632)
[0000][PE] skip orientation FF
[0000][PE] skip orientation RF
[0000][PE] skip orientation RR
[0000] 3. Calling kt_for - worker_sam
	[0000][ M::mem_process_seqs] Processed 2756226 reads in 399.027 CPU sec, 11.031 real sec
[0000] Calling mem_process_seqs.., task: 6
[0000] 1. Calling kt_for - worker_bwt
[0000] 2. Calling kt_for - worker_aln
[0000] Inferring insert size distribution of PE reads from data, l_pac: 656111652, n: 2755138
[0000][PE] # candidate unique pairs for (FF, FR, RF, RR): (76, 1130848, 157, 66)
[0000][PE] analyzing insert size distribution for orientation FF...
[0000][PE] (25, 50, 75) percentile: (157, 215, 326)
[0000][PE] low and high boundaries for computing mean and std.dev: (1, 664)
[0000][PE] mean and std.dev: (193.90, 69.96)
[0000][PE] low and high boundaries for proper pairs: (1, 833)
[0000][PE] analyzing insert size distribution for orientation FR...
[0000][PE] (25, 50, 75) percentile: (249, 290, 328)
[0000][PE] low and high boundaries for computing mean and std.dev: (91, 486)
[0000][PE] mean and std.dev: (286.06, 58.11)
[0000][PE] low and high boundaries for proper pairs: (12, 565)
[0000][PE] analyzing insert size distribution for orientation RF...
[0000][PE] (25, 50, 75) percentile: (651, 3100, 6363)
[0000][PE] low and high boundaries for computing mean and std.dev: (1, 17787)
[0000][PE] mean and std.dev: (3815.13, 3054.40)
[0000][PE] low and high boundaries for proper pairs: (1, 23499)
[0000][PE] analyzing insert size distribution for orientation RR...
[0000][PE] (25, 50, 75) percentile: (174, 293, 1580)
[0000][PE] low and high boundaries for computing mean and std.dev: (1, 4392)
[0000][PE] mean and std.dev: (647.10, 808.76)
[0000][PE] low and high boundaries for proper pairs: (1, 5798)
[0000][PE] skip orientation FF
[0000][PE] skip orientation RF
[0000][PE] skip orientation RR
[0000] 3. Calling kt_for - worker_sam
	[0000][ M::mem_process_seqs] Processed 2755138 reads in 406.549 CPU sec, 11.115 real sec
[0000] read_chunk: 400000000, work_chunk_size: 400000023, nseq: 2754426
	[0000][ M::kt_pipeline] read 2754426 sequences (400000023 bp)...
[0000] Calling mem_process_seqs.., task: 7
[0000] 1. Calling kt_for - worker_bwt
[0000] 2. Calling kt_for - worker_aln
[0000] Inferring insert size distribution of PE reads from data, l_pac: 656111652, n: 2754426
[0000][PE] # candidate unique pairs for (FF, FR, RF, RR): (76, 1119136, 145, 66)
[0000][PE] analyzing insert size distribution for orientation FF...
[0000][PE] (25, 50, 75) percentile: (151, 200, 296)
[0000][PE] low and high boundaries for computing mean and std.dev: (1, 586)
[0000][PE] mean and std.dev: (209.31, 98.50)
[0000][PE] low and high boundaries for proper pairs: (1, 731)
[0000][PE] analyzing insert size distribution for orientation FR...
[0000][PE] (25, 50, 75) percentile: (249, 290, 328)
[0000][PE] low and high boundaries for computing mean and std.dev: (91, 486)
[0000][PE] mean and std.dev: (286.11, 58.12)
[0000][PE] low and high boundaries for proper pairs: (12, 565)
[0000][PE] analyzing insert size distribution for orientation RF...
[0000][PE] (25, 50, 75) percentile: (499, 2094, 5119)
[0000][PE] low and high boundaries for computing mean and std.dev: (1, 14359)
[0000][PE] mean and std.dev: (2941.34, 2712.39)
[0000][PE] low and high boundaries for proper pairs: (1, 18979)
[0000][PE] analyzing insert size distribution for orientation RR...
[0000][PE] (25, 50, 75) percentile: (183, 244, 886)
[0000][PE] low and high boundaries for computing mean and std.dev: (1, 2292)
[0000][PE] mean and std.dev: (436.97, 455.96)
[0000][PE] low and high boundaries for proper pairs: (1, 2995)
[0000][PE] skip orientation FF
[0000][PE] skip orientation RF
[0000][PE] skip orientation RR
[0000] 3. Calling kt_for - worker_sam
[0000] read_chunk: 400000000, work_chunk_size: 400000122, nseq: 2751412
	[0000][ M::kt_pipeline] read 2751412 sequences (400000122 bp)...
	[0000][ M::mem_process_seqs] Processed 2754426 reads in 424.018 CPU sec, 11.344 real sec
[0000] Calling mem_process_seqs.., task: 8
[0000] 1. Calling kt_for - worker_bwt
[0000] 2. Calling kt_for - worker_aln
[0000] Inferring insert size distribution of PE reads from data, l_pac: 656111652, n: 2751412
[0000][PE] # candidate unique pairs for (FF, FR, RF, RR): (75, 1067486, 140, 76)
[0000][PE] analyzing insert size distribution for orientation FF...
[0000][PE] (25, 50, 75) percentile: (175, 217, 624)
[0000][PE] low and high boundaries for computing mean and std.dev: (1, 1522)
[0000][PE] mean and std.dev: (289.77, 300.90)
[0000][PE] low and high boundaries for proper pairs: (1, 1971)
[0000][PE] analyzing insert size distribution for orientation FR...
[0000][PE] (25, 50, 75) percentile: (249, 290, 328)
[0000][PE] low and high boundaries for computing mean and std.dev: (91, 486)
[0000][PE] mean and std.dev: (286.13, 58.05)
[0000][PE] low and high boundaries for proper pairs: (12, 565)
[0000][PE] analyzing insert size distribution for orientation RF...
[0000][PE] (25, 50, 75) percentile: (617, 2260, 6840)
[0000][PE] low and high boundaries for computing mean and std.dev: (1, 19286)
[0000][PE] mean and std.dev: (3746.05, 3354.13)
[0000][PE] low and high boundaries for proper pairs: (1, 25509)
[0000][PE] analyzing insert size distribution for orientation RR...
[0000][PE] (25, 50, 75) percentile: (189, 261, 1720)
[0000][PE] low and high boundaries for computing mean and std.dev: (1, 4782)
[0000][PE] mean and std.dev: (746.54, 1045.55)
[0000][PE] low and high boundaries for proper pairs: (1, 6313)
[0000][PE] skip orientation FF
[0000][PE] skip orientation RF
[0000][PE] skip orientation RR
[0000] 3. Calling kt_for - worker_sam
	[0000][ M::mem_process_seqs] Processed 2751412 reads in 513.975 CPU sec, 13.628 real sec
[0000] read_chunk: 400000000, work_chunk_size: 400000144, nseq: 2754588
	[0000][ M::kt_pipeline] read 2754588 sequences (400000144 bp)...
[0000] Calling mem_process_seqs.., task: 9
[0000] 1. Calling kt_for - worker_bwt
[0000] 2. Calling kt_for - worker_aln
[0000] Inferring insert size distribution of PE reads from data, l_pac: 656111652, n: 2754588
[0000][PE] # candidate unique pairs for (FF, FR, RF, RR): (77, 1112602, 133, 74)
[0000][PE] analyzing insert size distribution for orientation FF...
[0000][PE] (25, 50, 75) percentile: (174, 443, 6505)
[0000][PE] low and high boundaries for computing mean and std.dev: (1, 19167)
[0000][PE] mean and std.dev: (2535.53, 3010.84)
[0000][PE] low and high boundaries for proper pairs: (1, 25498)
[0000][PE] analyzing insert size distribution for orientation FR...
[0000][PE] (25, 50, 75) percentile: (249, 290, 328)
[0000][PE] low and high boundaries for computing mean and std.dev: (91, 486)
[0000][PE] mean and std.dev: (286.10, 58.11)
[0000][PE] low and high boundaries for proper pairs: (12, 565)
[0000][PE] analyzing insert size distribution for orientation RF...
[0000][PE] (25, 50, 75) percentile: (366, 2127, 6272)
[0000][PE] low and high boundaries for computing mean and std.dev: (1, 18084)
[0000][PE] mean and std.dev: (3321.99, 3124.28)
[0000][PE] low and high boundaries for proper pairs: (1, 23990)
[0000][PE] analyzing insert size distribution for orientation RR...
[0000][PE] (25, 50, 75) percentile: (158, 223, 395)
[0000][PE] low and high boundaries for computing mean and std.dev: (1, 869)
[0000][PE] mean and std.dev: (247.00, 159.69)
[0000][PE] low and high boundaries for proper pairs: (1, 1106)
[0000][PE] skip orientation FF
[0000][PE] skip orientation RF
[0000][PE] skip orientation RR
[0000] 3. Calling kt_for - worker_sam
[0000] read_chunk: 400000000, work_chunk_size: 400000049, nseq: 2753714
	[0000][ M::kt_pipeline] read 2753714 sequences (400000049 bp)...
	[0000][ M::mem_process_seqs] Processed 2754588 reads in 447.829 CPU sec, 12.672 real sec
[0000] Calling mem_process_seqs.., task: 10
[0000] 1. Calling kt_for - worker_bwt
[0000] 2. Calling kt_for - worker_aln
[0000] Inferring insert size distribution of PE reads from data, l_pac: 656111652, n: 2753714
[0000][PE] # candidate unique pairs for (FF, FR, RF, RR): (75, 1101266, 140, 62)
[0000][PE] analyzing insert size distribution for orientation FF...
[0000][PE] (25, 50, 75) percentile: (160, 208, 271)
[0000][PE] low and high boundaries for computing mean and std.dev: (1, 493)
[0000][PE] mean and std.dev: (184.23, 63.15)
[0000][PE] low and high boundaries for proper pairs: (1, 604)
[0000][PE] analyzing insert size distribution for orientation FR...
[0000][PE] (25, 50, 75) percentile: (249, 290, 328)
[0000][PE] low and high boundaries for computing mean and std.dev: (91, 486)
[0000][PE] mean and std.dev: (286.10, 58.14)
[0000][PE] low and high boundaries for proper pairs: (12, 565)
[0000][PE] analyzing insert size distribution for orientation RF...
[0000][PE] (25, 50, 75) percentile: (975, 2691, 7244)
[0000][PE] low and high boundaries for computing mean and std.dev: (1, 19782)
[0000][PE] mean and std.dev: (3878.29, 3362.96)
[0000][PE] low and high boundaries for proper pairs: (1, 26051)
[0000][PE] analyzing insert size distribution for orientation RR...
[0000][PE] (25, 50, 75) percentile: (146, 229, 368)
[0000][PE] low and high boundaries for computing mean and std.dev: (1, 812)
[0000][PE] mean and std.dev: (186.43, 76.92)
[0000][PE] low and high boundaries for proper pairs: (1, 1034)
[0000][PE] skip orientation FF
[0000][PE] skip orientation RF
[0000][PE] skip orientation RR
[0000] 3. Calling kt_for - worker_sam
	[0000][ M::mem_process_seqs] Processed 2753714 reads in 457.395 CPU sec, 12.308 real sec
[0000] read_chunk: 400000000, work_chunk_size: 400000221, nseq: 2755684
	[0000][ M::kt_pipeline] read 2755684 sequences (400000221 bp)...
[0000] Calling mem_process_seqs.., task: 11
[0000] 1. Calling kt_for - worker_bwt
[0000] 2. Calling kt_for - worker_aln
[0000] Inferring insert size distribution of PE reads from data, l_pac: 656111652, n: 2755684
[0000][PE] # candidate unique pairs for (FF, FR, RF, RR): (66, 1130682, 135, 65)
[0000][PE] analyzing insert size distribution for orientation FF...
[0000][PE] (25, 50, 75) percentile: (156, 215, 779)
[0000][PE] low and high boundaries for computing mean and std.dev: (1, 2025)
[0000][PE] mean and std.dev: (327.69, 335.76)
[0000][PE] low and high boundaries for proper pairs: (1, 2648)
[0000][PE] analyzing insert size distribution for orientation FR...
[0000][PE] (25, 50, 75) percentile: (249, 290, 328)
[0000][PE] low and high boundaries for computing mean and std.dev: (91, 486)
[0000][PE] mean and std.dev: (286.07, 58.14)
[0000][PE] low and high boundaries for proper pairs: (12, 565)
[0000][PE] analyzing insert size distribution for orientation RF...
[0000][PE] (25, 50, 75) percentile: (645, 2788, 5803)
[0000][PE] low and high boundaries for computing mean and std.dev: (1, 16119)
[0000][PE] mean and std.dev: (3624.24, 3082.29)
[0000][PE] low and high boundaries for proper pairs: (1, 21277)
[0000][PE] analyzing insert size distribution for orientation RR...
[0000][PE] (25, 50, 75) percentile: (182, 247, 1397)
[0000][PE] low and high boundaries for computing mean and std.dev: (1, 3827)
[0000][PE] mean and std.dev: (434.35, 484.15)
[0000][PE] low and high boundaries for proper pairs: (1, 5042)
[0000][PE] skip orientation FF
[0000][PE] skip orientation RF
[0000][PE] skip orientation RR
[0000] 3. Calling kt_for - worker_sam
	[0000][ M::mem_process_seqs] Processed 2755684 reads in 412.633 CPU sec, 11.797 real sec
[0000] read_chunk: 400000000, work_chunk_size: 400000038, nseq: 2754012
	[0000][ M::kt_pipeline] read 2754012 sequences (400000038 bp)...
[0000] Calling mem_process_seqs.., task: 12
[0000] 1. Calling kt_for - worker_bwt
[0000] 2. Calling kt_for - worker_aln
[0000] Inferring insert size distribution of PE reads from data, l_pac: 656111652, n: 2754012
[0000][PE] # candidate unique pairs for (FF, FR, RF, RR): (67, 1106915, 132, 70)
[0000][PE] analyzing insert size distribution for orientation FF...
[0000][PE] (25, 50, 75) percentile: (171, 234, 562)
[0000][PE] low and high boundaries for computing mean and std.dev: (1, 1344)
[0000][PE] mean and std.dev: (296.36, 273.22)
[0000][PE] low and high boundaries for proper pairs: (1, 1735)
[0000][PE] analyzing insert size distribution for orientation FR...
[0000][PE] (25, 50, 75) percentile: (249, 290, 328)
[0000][PE] low and high boundaries for computing mean and std.dev: (91, 486)
[0000][PE] mean and std.dev: (286.13, 58.06)
[0000][PE] low and high boundaries for proper pairs: (12, 565)
[0000][PE] analyzing insert size distribution for orientation RF...
[0000][PE] (25, 50, 75) percentile: (141, 1455, 5861)
[0000][PE] low and high boundaries for computing mean and std.dev: (1, 17301)
[0000][PE] mean and std.dev: (3140.54, 3390.10)
[0000][PE] low and high boundaries for proper pairs: (1, 23021)
[0000][PE] analyzing insert size distribution for orientation RR...
[0000][PE] (25, 50, 75) percentile: (162, 236, 960)
[0000][PE] low and high boundaries for computing mean and std.dev: (1, 2556)
[0000][PE] mean and std.dev: (360.67, 399.01)
[0000][PE] low and high boundaries for proper pairs: (1, 3354)
[0000][PE] skip orientation FF
[0000][PE] skip orientation RF
[0000][PE] skip orientation RR
[0000] 3. Calling kt_for - worker_sam
	[0000][ M::mem_process_seqs] Processed 2754012 reads in 441.602 CPU sec, 12.462 real sec
[0000] read_chunk: 400000000, work_chunk_size: 400000074, nseq: 2753946
	[0000][ M::kt_pipeline] read 2753946 sequences (400000074 bp)...
[0000] Calling mem_process_seqs.., task: 13
[0000] 1. Calling kt_for - worker_bwt
[0000] 2. Calling kt_for - worker_aln
[0000] Inferring insert size distribution of PE reads from data, l_pac: 656111652, n: 2753946
[0000][PE] # candidate unique pairs for (FF, FR, RF, RR): (59, 1118324, 120, 68)
[0000][PE] analyzing insert size distribution for orientation FF...
[0000][PE] (25, 50, 75) percentile: (165, 219, 641)
[0000][PE] low and high boundaries for computing mean and std.dev: (1, 1593)
[0000][PE] mean and std.dev: (289.84, 311.93)
[0000][PE] low and high boundaries for proper pairs: (1, 2069)
[0000][PE] analyzing insert size distribution for orientation FR...
[0000][PE] (25, 50, 75) percentile: (249, 290, 328)
[0000][PE] low and high boundaries for computing mean and std.dev: (91, 486)
[0000][PE] mean and std.dev: (286.03, 58.08)
[0000][PE] low and high boundaries for proper pairs: (12, 565)
[0000][PE] analyzing insert size distribution for orientation RF...
[0000][PE] (25, 50, 75) percentile: (940, 3289, 7811)
[0000][PE] low and high boundaries for computing mean and std.dev: (1, 21553)
[0000][PE] mean and std.dev: (3997.82, 3313.46)
[0000][PE] low and high boundaries for proper pairs: (1, 28424)
[0000][PE] analyzing insert size distribution for orientation RR...
[0000][PE] (25, 50, 75) percentile: (193, 318, 4087)
[0000][PE] low and high boundaries for computing mean and std.dev: (1, 11875)
[0000][PE] mean and std.dev: (1905.82, 2562.51)
[0000][PE] low and high boundaries for proper pairs: (1, 15769)
[0000][PE] skip orientation FF
[0000][PE] skip orientation RF
[0000][PE] skip orientation RR
[0000] 3. Calling kt_for - worker_sam
[0000] read_chunk: 400000000, work_chunk_size: 400000049, nseq: 2755722
	[0000][ M::kt_pipeline] read 2755722 sequences (400000049 bp)...
	[0000][ M::mem_process_seqs] Processed 2753946 reads in 432.935 CPU sec, 12.775 real sec
[0000] Calling mem_process_seqs.., task: 14
[0000] 1. Calling kt_for - worker_bwt
[0000] 2. Calling kt_for - worker_aln
[0000] Inferring insert size distribution of PE reads from data, l_pac: 656111652, n: 2755722
[0000][PE] # candidate unique pairs for (FF, FR, RF, RR): (69, 1134068, 132, 72)
[0000][PE] analyzing insert size distribution for orientation FF...
[0000][PE] (25, 50, 75) percentile: (163, 235, 1443)
[0000][PE] low and high boundaries for computing mean and std.dev: (1, 4003)
[0000][PE] mean and std.dev: (641.64, 822.41)
[0000][PE] low and high boundaries for proper pairs: (1, 5283)
[0000][PE] analyzing insert size distribution for orientation FR...
[0000][PE] (25, 50, 75) percentile: (249, 290, 328)
[0000][PE] low and high boundaries for computing mean and std.dev: (91, 486)
[0000][PE] mean and std.dev: (286.03, 58.11)
[0000][PE] low and high boundaries for proper pairs: (12, 565)
[0000][PE] analyzing insert size distribution for orientation RF...
[0000][PE] (25, 50, 75) percentile: (924, 4240, 6840)
[0000][PE] low and high boundaries for computing mean and std.dev: (1, 18672)
[0000][PE] mean and std.dev: (4172.23, 3167.64)
[0000][PE] low and high boundaries for proper pairs: (1, 24588)
[0000][PE] analyzing insert size distribution for orientation RR...
[0000][PE] (25, 50, 75) percentile: (153, 225, 1523)
[0000][PE] low and high boundaries for computing mean and std.dev: (1, 4263)
[0000][PE] mean and std.dev: (609.89, 820.99)
[0000][PE] low and high boundaries for proper pairs: (1, 5633)
[0000][PE] skip orientation FF
[0000][PE] skip orientation RF
[0000][PE] skip orientation RR
[0000] 3. Calling kt_for - worker_sam
	[0000][ M::mem_process_seqs] Processed 2755722 reads in 391.653 CPU sec, 11.001 real sec
[0000] read_chunk: 400000000, work_chunk_size: 400000197, nseq: 2755610
	[0000][ M::kt_pipeline] read 2755610 sequences (400000197 bp)...
[0000] Calling mem_process_seqs.., task: 15
[0000] 1. Calling kt_for - worker_bwt
[0000] 2. Calling kt_for - worker_aln
[0000] Inferring insert size distribution of PE reads from data, l_pac: 656111652, n: 2755610
[0000][PE] # candidate unique pairs for (FF, FR, RF, RR): (80, 1131285, 121, 65)
[0000][PE] analyzing insert size distribution for orientation FF...
[0000][PE] (25, 50, 75) percentile: (157, 209, 266)
[0000][PE] low and high boundaries for computing mean and std.dev: (1, 484)
[0000][PE] mean and std.dev: (192.66, 64.05)
[0000][PE] low and high boundaries for proper pairs: (1, 593)
[0000][PE] analyzing insert size distribution for orientation FR...
[0000][PE] (25, 50, 75) percentile: (249, 290, 328)
[0000][PE] low and high boundaries for computing mean and std.dev: (91, 486)
[0000][PE] mean and std.dev: (286.15, 58.10)
[0000][PE] low and high boundaries for proper pairs: (12, 565)
[0000][PE] analyzing insert size distribution for orientation RF...
[0000][PE] (25, 50, 75) percentile: (293, 2116, 6855)
[0000][PE] low and high boundaries for computing mean and std.dev: (1, 19979)
[0000][PE] mean and std.dev: (3499.25, 3395.85)
[0000][PE] low and high boundaries for proper pairs: (1, 26541)
[0000][PE] analyzing insert size distribution for orientation RR...
[0000][PE] (25, 50, 75) percentile: (144, 209, 669)
[0000][PE] low and high boundaries for computing mean and std.dev: (1, 1719)
[0000][PE] mean and std.dev: (343.78, 387.79)
[0000][PE] low and high boundaries for proper pairs: (1, 2244)
[0000][PE] skip orientation FF
[0000][PE] skip orientation RF
[0000][PE] skip orientation RR
[0000] 3. Calling kt_for - worker_sam
	[0000][ M::mem_process_seqs] Processed 2755610 reads in 394.408 CPU sec, 11.813 real sec
[0000] read_chunk: 400000000, work_chunk_size: 400000251, nseq: 2753972
	[0000][ M::kt_pipeline] read 2753972 sequences (400000251 bp)...
[0000] Calling mem_process_seqs.., task: 16
[0000] 1. Calling kt_for - worker_bwt
[0000] 2. Calling kt_for - worker_aln
[0000] Inferring insert size distribution of PE reads from data, l_pac: 656111652, n: 2753972
[0000][PE] # candidate unique pairs for (FF, FR, RF, RR): (54, 1100040, 116, 67)
[0000][PE] analyzing insert size distribution for orientation FF...
[0000][PE] (25, 50, 75) percentile: (153, 216, 284)
[0000][PE] low and high boundaries for computing mean and std.dev: (1, 546)
[0000][PE] mean and std.dev: (198.91, 79.81)
[0000][PE] low and high boundaries for proper pairs: (1, 677)
[0000][PE] analyzing insert size distribution for orientation FR...
[0000][PE] (25, 50, 75) percentile: (249, 290, 328)
[0000][PE] low and high boundaries for computing mean and std.dev: (91, 486)
[0000][PE] mean and std.dev: (286.16, 58.07)
[0000][PE] low and high boundaries for proper pairs: (12, 565)
[0000][PE] analyzing insert size distribution for orientation RF...
[0000][PE] (25, 50, 75) percentile: (556, 1339, 5030)
[0000][PE] low and high boundaries for computing mean and std.dev: (1, 13978)
[0000][PE] mean and std.dev: (2918.39, 2999.43)
[0000][PE] low and high boundaries for proper pairs: (1, 18452)
[0000][PE] analyzing insert size distribution for orientation RR...
[0000][PE] (25, 50, 75) percentile: (152, 202, 466)
[0000][PE] low and high boundaries for computing mean and std.dev: (1, 1094)
[0000][PE] mean and std.dev: (227.75, 151.28)
[0000][PE] low and high boundaries for proper pairs: (1, 1408)
[0000][PE] skip orientation FF
[0000][PE] skip orientation RF
[0000][PE] skip orientation RR
[0000] 3. Calling kt_for - worker_sam
	[0000][ M::mem_process_seqs] Processed 2753972 reads in 460.146 CPU sec, 13.633 real sec
[0000] read_chunk: 400000000, work_chunk_size: 400000140, nseq: 2756256
	[0000][ M::kt_pipeline] read 2756256 sequences (400000140 bp)...
[0000] Reallocating initial memory allocations!!
[0000] Calling mem_process_seqs.., task: 17
[0000] 1. Calling kt_for - worker_bwt
[0000] 2. Calling kt_for - worker_aln
[0000] Inferring insert size distribution of PE reads from data, l_pac: 656111652, n: 2756256
[0000][PE] # candidate unique pairs for (FF, FR, RF, RR): (73, 1133686, 121, 76)
[0000][PE] analyzing insert size distribution for orientation FF...
[0000][PE] (25, 50, 75) percentile: (167, 211, 429)
[0000][PE] low and high boundaries for computing mean and std.dev: (1, 953)
[0000][PE] mean and std.dev: (201.52, 81.66)
[0000][PE] low and high boundaries for proper pairs: (1, 1215)
[0000][PE] analyzing insert size distribution for orientation FR...
[0000][PE] (25, 50, 75) percentile: (249, 290, 328)
[0000][PE] low and high boundaries for computing mean and std.dev: (91, 486)
[0000][PE] mean and std.dev: (286.12, 58.09)
[0000][PE] low and high boundaries for proper pairs: (12, 565)
[0000][PE] analyzing insert size distribution for orientation RF...
[0000][PE] (25, 50, 75) percentile: (701, 2141, 5255)
[0000][PE] low and high boundaries for computing mean and std.dev: (1, 14363)
[0000][PE] mean and std.dev: (2971.26, 2846.13)
[0000][PE] low and high boundaries for proper pairs: (1, 18917)
[0000][PE] analyzing insert size distribution for orientation RR...
[0000][PE] (25, 50, 75) percentile: (172, 247, 1712)
[0000][PE] low and high boundaries for computing mean and std.dev: (1, 4792)
[0000][PE] mean and std.dev: (739.79, 1122.32)
[0000][PE] low and high boundaries for proper pairs: (1, 6332)
[0000][PE] skip orientation FF
[0000][PE] skip orientation RF
[0000][PE] skip orientation RR
[0000] 3. Calling kt_for - worker_sam
	[0000][ M::mem_process_seqs] Processed 2756256 reads in 384.523 CPU sec, 11.223 real sec
[0000] read_chunk: 400000000, work_chunk_size: 400000194, nseq: 2754798
	[0000][ M::kt_pipeline] read 2754798 sequences (400000194 bp)...
[0000] Calling mem_process_seqs.., task: 18
[0000] 1. Calling kt_for - worker_bwt
[0000] 2. Calling kt_for - worker_aln
[0000] Inferring insert size distribution of PE reads from data, l_pac: 656111652, n: 2754798
[0000][PE] # candidate unique pairs for (FF, FR, RF, RR): (58, 1118786, 134, 75)
[0000][PE] analyzing insert size distribution for orientation FF...
[0000][PE] (25, 50, 75) percentile: (171, 214, 837)
[0000][PE] low and high boundaries for computing mean and std.dev: (1, 2169)
[0000][PE] mean and std.dev: (387.10, 460.62)
[0000][PE] low and high boundaries for proper pairs: (1, 2835)
[0000][PE] analyzing insert size distribution for orientation FR...
[0000][PE] (25, 50, 75) percentile: (249, 290, 328)
[0000][PE] low and high boundaries for computing mean and std.dev: (91, 486)
[0000][PE] mean and std.dev: (286.20, 58.10)
[0000][PE] low and high boundaries for proper pairs: (12, 565)
[0000][PE] analyzing insert size distribution for orientation RF...
[0000][PE] (25, 50, 75) percentile: (1051, 3815, 6557)
[0000][PE] low and high boundaries for computing mean and std.dev: (1, 17569)
[0000][PE] mean and std.dev: (3777.73, 2976.38)
[0000][PE] low and high boundaries for proper pairs: (1, 23075)
[0000][PE] analyzing insert size distribution for orientation RR...
[0000][PE] (25, 50, 75) percentile: (154, 196, 339)
[0000][PE] low and high boundaries for computing mean and std.dev: (1, 709)
[0000][PE] mean and std.dev: (198.12, 86.38)
[0000][PE] low and high boundaries for proper pairs: (1, 894)
[0000][PE] skip orientation FF
[0000][PE] skip orientation RF
[0000][PE] skip orientation RR
[0000] 3. Calling kt_for - worker_sam
	[0000][ M::mem_process_seqs] Processed 2754798 reads in 429.309 CPU sec, 12.865 real sec
[0000] read_chunk: 400000000, work_chunk_size: 400000225, nseq: 2754720
	[0000][ M::kt_pipeline] read 2754720 sequences (400000225 bp)...
[0000] Calling mem_process_seqs.., task: 19
[0000] 1. Calling kt_for - worker_bwt
[0000] 2. Calling kt_for - worker_aln
[0000] Inferring insert size distribution of PE reads from data, l_pac: 656111652, n: 2754720
[0000][PE] # candidate unique pairs for (FF, FR, RF, RR): (67, 1116414, 136, 83)
[0000][PE] analyzing insert size distribution for orientation FF...
[0000][PE] (25, 50, 75) percentile: (145, 235, 1466)
[0000][PE] low and high boundaries for computing mean and std.dev: (1, 4108)
[0000][PE] mean and std.dev: (678.53, 1089.69)
[0000][PE] low and high boundaries for proper pairs: (1, 5429)
[0000][PE] analyzing insert size distribution for orientation FR...
[0000][PE] (25, 50, 75) percentile: (249, 290, 328)
[0000][PE] low and high boundaries for computing mean and std.dev: (91, 486)
[0000][PE] mean and std.dev: (286.17, 58.08)
[0000][PE] low and high boundaries for proper pairs: (12, 565)
[0000][PE] analyzing insert size distribution for orientation RF...
[0000][PE] (25, 50, 75) percentile: (369, 1815, 5254)
[0000][PE] low and high boundaries for computing mean and std.dev: (1, 15024)
[0000][PE] mean and std.dev: (3088.09, 3106.01)
[0000][PE] low and high boundaries for proper pairs: (1, 19909)
[0000][PE] analyzing insert size distribution for orientation RR...
[0000][PE] (25, 50, 75) percentile: (166, 216, 688)
[0000][PE] low and high boundaries for computing mean and std.dev: (1, 1732)
[0000][PE] mean and std.dev: (323.24, 346.71)
[0000][PE] low and high boundaries for proper pairs: (1, 2254)
[0000][PE] skip orientation FF
[0000][PE] skip orientation RF
[0000][PE] skip orientation RR
[0000] 3. Calling kt_for - worker_sam
	[0000][ M::mem_process_seqs] Processed 2754720 reads in 435.000 CPU sec, 12.432 real sec
[0000] read_chunk: 400000000, work_chunk_size: 400000069, nseq: 2753626
	[0000][ M::kt_pipeline] read 2753626 sequences (400000069 bp)...
[0000] Calling mem_process_seqs.., task: 20
[0000] 1. Calling kt_for - worker_bwt
[0000] 2. Calling kt_for - worker_aln
[0000] Inferring insert size distribution of PE reads from data, l_pac: 656111652, n: 2753626
[0000][PE] # candidate unique pairs for (FF, FR, RF, RR): (72, 1105934, 120, 66)
[0000][PE] analyzing insert size distribution for orientation FF...
[0000][PE] (25, 50, 75) percentile: (164, 212, 824)
[0000][PE] low and high boundaries for computing mean and std.dev: (1, 2144)
[0000][PE] mean and std.dev: (354.50, 380.85)
[0000][PE] low and high boundaries for proper pairs: (1, 2804)
[0000][PE] analyzing insert size distribution for orientation FR...
[0000][PE] (25, 50, 75) percentile: (249, 290, 328)
[0000][PE] low and high boundaries for computing mean and std.dev: (91, 486)
[0000][PE] mean and std.dev: (286.13, 58.15)
[0000][PE] low and high boundaries for proper pairs: (12, 565)
[0000][PE] analyzing insert size distribution for orientation RF...
[0000][PE] (25, 50, 75) percentile: (721, 3402, 6743)
[0000][PE] low and high boundaries for computing mean and std.dev: (1, 18787)
[0000][PE] mean and std.dev: (3809.43, 3096.94)
[0000][PE] low and high boundaries for proper pairs: (1, 24809)
[0000][PE] analyzing insert size distribution for orientation RR...
[0000][PE] (25, 50, 75) percentile: (133, 199, 288)
[0000][PE] low and high boundaries for computing mean and std.dev: (1, 598)
[0000][PE] mean and std.dev: (177.94, 70.21)
[0000][PE] low and high boundaries for proper pairs: (1, 753)
[0000][PE] skip orientation FF
[0000][PE] skip orientation RF
[0000][PE] skip orientation RR
[0000] 3. Calling kt_for - worker_sam
	[0000][ M::mem_process_seqs] Processed 2753626 reads in 476.508 CPU sec, 15.135 real sec
[0000] read_chunk: 400000000, work_chunk_size: 400000065, nseq: 2755668
	[0000][ M::kt_pipeline] read 2755668 sequences (400000065 bp)...
[0000] Calling mem_process_seqs.., task: 21
[0000] 1. Calling kt_for - worker_bwt
[0000] 2. Calling kt_for - worker_aln
[0000] Inferring insert size distribution of PE reads from data, l_pac: 656111652, n: 2755668
[0000][PE] # candidate unique pairs for (FF, FR, RF, RR): (68, 1126271, 127, 56)
[0000][PE] analyzing insert size distribution for orientation FF...
[0000][PE] (25, 50, 75) percentile: (182, 226, 676)
[0000][PE] low and high boundaries for computing mean and std.dev: (1, 1664)
[0000][PE] mean and std.dev: (358.45, 376.24)
[0000][PE] low and high boundaries for proper pairs: (1, 2158)
[0000][PE] analyzing insert size distribution for orientation FR...
[0000][PE] (25, 50, 75) percentile: (249, 290, 328)
[0000][PE] low and high boundaries for computing mean and std.dev: (91, 486)
[0000][PE] mean and std.dev: (286.09, 58.05)
[0000][PE] low and high boundaries for proper pairs: (12, 565)
[0000][PE] analyzing insert size distribution for orientation RF...
[0000][PE] (25, 50, 75) percentile: (568, 4132, 7696)
[0000][PE] low and high boundaries for computing mean and std.dev: (1, 21952)
[0000][PE] mean and std.dev: (4067.56, 3459.19)
[0000][PE] low and high boundaries for proper pairs: (1, 29080)
[0000][PE] analyzing insert size distribution for orientation RR...
[0000][PE] (25, 50, 75) percentile: (163, 202, 885)
[0000][PE] low and high boundaries for computing mean and std.dev: (1, 2329)
[0000][PE] mean and std.dev: (505.85, 629.05)
[0000][PE] low and high boundaries for proper pairs: (1, 3051)
[0000][PE] skip orientation FF
[0000][PE] skip orientation RF
[0000][PE] skip orientation RR
[0000] 3. Calling kt_for - worker_sam
	[0000][ M::mem_process_seqs] Processed 2755668 reads in 435.590 CPU sec, 12.309 real sec
[0000] read_chunk: 400000000, work_chunk_size: 400000191, nseq: 2755520
	[0000][ M::kt_pipeline] read 2755520 sequences (400000191 bp)...
[0000] Calling mem_process_seqs.., task: 22
[0000] 1. Calling kt_for - worker_bwt
[0000] 2. Calling kt_for - worker_aln
[0000] Inferring insert size distribution of PE reads from data, l_pac: 656111652, n: 2755520
[0000][PE] # candidate unique pairs for (FF, FR, RF, RR): (81, 1138577, 133, 55)
[0000][PE] analyzing insert size distribution for orientation FF...
[0000][PE] (25, 50, 75) percentile: (183, 292, 1622)
[0000][PE] low and high boundaries for computing mean and std.dev: (1, 4500)
[0000][PE] mean and std.dev: (694.79, 814.49)
[0000][PE] low and high boundaries for proper pairs: (1, 5939)
[0000][PE] analyzing insert size distribution for orientation FR...
[0000][PE] (25, 50, 75) percentile: (249, 290, 328)
[0000][PE] low and high boundaries for computing mean and std.dev: (91, 486)
[0000][PE] mean and std.dev: (286.08, 58.03)
[0000][PE] low and high boundaries for proper pairs: (12, 565)
[0000][PE] analyzing insert size distribution for orientation RF...
[0000][PE] (25, 50, 75) percentile: (1129, 3601, 7467)
[0000][PE] low and high boundaries for computing mean and std.dev: (1, 20143)
[0000][PE] mean and std.dev: (4148.14, 3217.24)
[0000][PE] low and high boundaries for proper pairs: (1, 26481)
[0000][PE] analyzing insert size distribution for orientation RR...
[0000][PE] (25, 50, 75) percentile: (182, 228, 1020)
[0000][PE] low and high boundaries for computing mean and std.dev: (1, 2696)
[0000][PE] mean and std.dev: (445.51, 540.79)
[0000][PE] low and high boundaries for proper pairs: (1, 3534)
[0000][PE] skip orientation FF
[0000][PE] skip orientation RF
[0000][PE] skip orientation RR
[0000] 3. Calling kt_for - worker_sam
	[0000][ M::mem_process_seqs] Processed 2755520 reads in 379.764 CPU sec, 11.154 real sec
[0000] read_chunk: 400000000, work_chunk_size: 400000110, nseq: 2754896
	[0000][ M::kt_pipeline] read 2754896 sequences (400000110 bp)...
[0000] Calling mem_process_seqs.., task: 23
[0000] 1. Calling kt_for - worker_bwt
[0000] 2. Calling kt_for - worker_aln
[0000] Inferring insert size distribution of PE reads from data, l_pac: 656111652, n: 2754896
[0000][PE] # candidate unique pairs for (FF, FR, RF, RR): (66, 1116261, 121, 57)
[0000][PE] analyzing insert size distribution for orientation FF...
[0000][PE] (25, 50, 75) percentile: (150, 197, 1737)
[0000][PE] low and high boundaries for computing mean and std.dev: (1, 4911)
[0000][PE] mean and std.dev: (714.39, 1079.91)
[0000][PE] low and high boundaries for proper pairs: (1, 6498)
[0000][PE] analyzing insert size distribution for orientation FR...
[0000][PE] (25, 50, 75) percentile: (249, 290, 328)
[0000][PE] low and high boundaries for computing mean and std.dev: (91, 486)
[0000][PE] mean and std.dev: (286.03, 58.17)
[0000][PE] low and high boundaries for proper pairs: (12, 565)
[0000][PE] analyzing insert size distribution for orientation RF...
[0000][PE] (25, 50, 75) percentile: (545, 1663, 6793)
[0000][PE] low and high boundaries for computing mean and std.dev: (1, 19289)
[0000][PE] mean and std.dev: (3324.26, 3368.47)
[0000][PE] low and high boundaries for proper pairs: (1, 25537)
[0000][PE] analyzing insert size distribution for orientation RR...
[0000][PE] (25, 50, 75) percentile: (158, 229, 1154)
[0000][PE] low and high boundaries for computing mean and std.dev: (1, 3146)
[0000][PE] mean and std.dev: (377.50, 564.63)
[0000][PE] low and high boundaries for proper pairs: (1, 4142)
[0000][PE] skip orientation FF
[0000][PE] skip orientation RF
[0000][PE] skip orientation RR
[0000] 3. Calling kt_for - worker_sam
	[0000][ M::mem_process_seqs] Processed 2754896 reads in 438.920 CPU sec, 19.478 real sec
[0000] read_chunk: 400000000, work_chunk_size: 400000042, nseq: 2754784
	[0000][ M::kt_pipeline] read 2754784 sequences (400000042 bp)...
[0000] Calling mem_process_seqs.., task: 24
[0000] 1. Calling kt_for - worker_bwt
[0000] 2. Calling kt_for - worker_aln
[0000] Inferring insert size distribution of PE reads from data, l_pac: 656111652, n: 2754784
[0000][PE] # candidate unique pairs for (FF, FR, RF, RR): (68, 1127980, 96, 54)
[0000][PE] analyzing insert size distribution for orientation FF...
[0000][PE] (25, 50, 75) percentile: (182, 233, 1531)
[0000][PE] low and high boundaries for computing mean and std.dev: (1, 4229)
[0000][PE] mean and std.dev: (498.16, 773.12)
[0000][PE] low and high boundaries for proper pairs: (1, 5578)
[0000][PE] analyzing insert size distribution for orientation FR...
[0000] read_chunk: 400000000, work_chunk_size: 293685606, nseq: 2023284
[0000][PE] (25, 50, 75) percentile: (249, 290, 328)
[0000][PE] low and high boundaries for computing mean and std.dev: (91, 486)
[0000][PE] mean and std.dev: (286.06, 58.09)
[0000][PE] low and high boundaries for proper pairs: (12, 565)
[0000][PE] analyzing insert size distribution for orientation RF...
[0000][PE] (25, 50, 75) percentile: (569, 1973, 5847)
[0000][PE] low and high boundaries for computing mean and std.dev: (1, 16403)
[0000][PE] mean and std.dev: (3213.52, 2972.08)
[0000][PE] low and high boundaries for proper pairs: (1, 21681)
[0000][PE] analyzing insert size distribution for orientation RR...
[0000][PE] (25, 50, 75) percentile: (177, 236, 585)
[0000][PE] low and high boundaries for computing mean and std.dev: (1, 1401)
[0000][PE] mean and std.dev: (347.04, 333.06)
[0000][PE] low and high boundaries for proper pairs: (1, 1809)
[0000][PE] skip orientation FF
[0000][PE] skip orientation RF
[0000][PE] skip orientation RR
[0000] 3. Calling kt_for - worker_sam
	[0000][ M::kt_pipeline] read 2023284 sequences (293685606 bp)...
	[0000][ M::mem_process_seqs] Processed 2754784 reads in 406.611 CPU sec, 12.149 real sec
[0000] Calling mem_process_seqs.., task: 25
[0000] 1. Calling kt_for - worker_bwt
[0000] 2. Calling kt_for - worker_aln
[0000] read_chunk: 400000000, work_chunk_size: 0, nseq: 0
[0000] Inferring insert size distribution of PE reads from data, l_pac: 656111652, n: 2023284
[0000][PE] # candidate unique pairs for (FF, FR, RF, RR): (37, 839305, 91, 56)
[0000][PE] analyzing insert size distribution for orientation FF...
[0000][PE] (25, 50, 75) percentile: (141, 195, 2643)
[0000][PE] low and high boundaries for computing mean and std.dev: (1, 7647)
[0000][PE] mean and std.dev: (909.89, 1341.39)
[0000][PE] low and high boundaries for proper pairs: (1, 10149)
[0000][PE] analyzing insert size distribution for orientation FR...
[0000][PE] (25, 50, 75) percentile: (249, 290, 328)
[0000][PE] low and high boundaries for computing mean and std.dev: (91, 486)
[0000][PE] mean and std.dev: (286.10, 58.05)
[0000][PE] low and high boundaries for proper pairs: (12, 565)
[0000][PE] analyzing insert size distribution for orientation RF...
[0000][PE] (25, 50, 75) percentile: (274, 1333, 5825)
[0000][PE] low and high boundaries for computing mean and std.dev: (1, 16927)
[0000][PE] mean and std.dev: (2956.38, 3086.96)
[0000][PE] low and high boundaries for proper pairs: (1, 22478)
[0000][PE] analyzing insert size distribution for orientation RR...
[0000][PE] (25, 50, 75) percentile: (180, 238, 1177)
[0000][PE] low and high boundaries for computing mean and std.dev: (1, 3171)
[0000][PE] mean and std.dev: (400.00, 427.15)
[0000][PE] low and high boundaries for proper pairs: (1, 4168)
[0000][PE] skip orientation FF
[0000][PE] skip orientation RF
[0000][PE] skip orientation RR
[0000] 3. Calling kt_for - worker_sam
	[0000][ M::mem_process_seqs] Processed 2023284 reads in 273.317 CPU sec, 7.962 real sec
[0000] read_chunk: 400000000, work_chunk_size: 0, nseq: 0
[0000] Computation ends..
No. of OMP threads: 40
Processor is running @2394.721196 MHz
Runtime profile:

	Time taken for main_mem function: 521.42 sec

	IO times (sec) :
	Reading IO time (reads) avg: 268.96, (268.96, 268.96)
	Writing IO time (SAM) avg: 198.67, (198.67, 198.67)
	Reading IO time (Reference Genome) avg: 0.76, (0.76, 0.76)
	Index read time avg: 0.12, (0.12, 0.12)

	Overall time (sec) (Excluding Index reading time):
	PROCESS() (Total compute time + (read + SAM) IO time) : 520.45
	MEM_PROCESS_SEQ() (Total compute time (Kernel + SAM)), avg: 323.38, (323.38, 323.38)

	 SAM Processing time (sec):
	--WORKER_SAM avg: 133.19, (133.19, 133.19)

	Kernels' compute time (sec):
	Total kernel (smem+sal+bsw) time avg: 182.00, (182.00, 182.00)
		MEM_ALN_CHAIN_FLT avg: 0.00, (0.00, 0.00)
		MEM_ALN_CHAIN_SEED avg: 0.00, (0.00, 0.00)
		ERT_SEED_CHAIN avg: 0.00, (0.00, 0.00)
	LEARNED_SEED_CHAIN avg: 71.66, (71.95, 71.36)
		SMEM compute avg: 0.00, (0.00, 0.00)
		SAL compute avg: 0.00, (0.00, 0.00)
				MEM_SA avg: 0.00, (0.00, 0.00)

		BSW time, avg: 102.84, (103.58, 102.29)

Important parameter settings: 
	BATCH_SIZE: 512
	MAX_SEQ_LEN_REF: 256
	MAX_SEQ_LEN_QER: 128
	MAX_SEQ_LEN8: 128
	SEEDS_PER_READ: 500
	SIMD_WIDTH8 X: 64
	SIMD_WIDTH16 X: 32
	AVG_SEEDS_PER_READ: 64
