Looking to launch executable "/opt/conda/bin/bwa-meme_mode3.avx512bw", simd = _mode3.avx512bw
Launching executable "/opt/conda/bin/bwa-meme_mode3.avx512bw"
-----------------------------
Executing in AVX512 mode!!
-----------------------------
* SA compression enabled with xfactor: 8
* Ref file: reference.902362185.genome.fasta
* Entering FMI_search
Reading other elements of the index from files reference.902362185.genome.fasta
* Index prefix: reference.902362185.genome.fasta
* Read 0 ALT contigs
* Reading reference genome..
* Binary seq file = reference.902362185.genome.fasta.0123
* Reference genome size: 1312223304 bp
* Done reading reference genome !!

------------------------------------------
1. Memory pre-allocation for Chaining: 5679.4903 MB
2. Memory pre-allocation for BSW: 9584.6810 MB
[M::memoryAllocLearned::MEME] Reading Learned-index models into memory
[Learned-Config] MODE:3 SEARCH_METHOD: 1 MEM_TRADEOFF:1 EXPONENTIAL_SMEMSEARCH: 1 DEBUG_MODE:0 Num 2nd Models:268435456 PWL Bits Used:28
[M::memoryAllocLearned::MEME] Loading RMI model and Pac reference file took 9.752 sec
[M::memoryAllocLearned::MEME] Reading suffix array into memory
[M::memoryAllocLearned::MEME] Loading pos_packed file took 14.342 sec
[M::memoryAllocLearned::MEME] Generating SA, 64-bit Suffix and ISA in memory
[M::memoryAllocLearned::MEME] Runtime-build-index took 13.712 sec
3. Memory pre-allocation for BWT: 7204.5072 MB
------------------------------------------
* Threads used (compute): 40
* No. of pipeline threads: 2

[0000] read_chunk: 400000000, work_chunk_size: 400000055, nseq: 2736574
	[0000][ M::kt_pipeline] read 2736574 sequences (400000055 bp)...
[0000] Reallocating initial memory allocations!!
[0000] Calling mem_process_seqs.., task: 0
[0000] 1. Calling kt_for - worker_bwt
[0000] 2. Calling kt_for - worker_aln
[0000] read_chunk: 400000000, work_chunk_size: 400000275, nseq: 2737712
	[0000][ M::kt_pipeline] read 2737712 sequences (400000275 bp)...
[0000] Inferring insert size distribution of PE reads from data, l_pac: 656111652, n: 2736574
[0000][PE] # candidate unique pairs for (FF, FR, RF, RR): (72, 1106648, 116, 84)
[0000][PE] analyzing insert size distribution for orientation FF...
[0000][PE] (25, 50, 75) percentile: (148, 196, 1257)
[0000][PE] low and high boundaries for computing mean and std.dev: (1, 3475)
[0000][PE] mean and std.dev: (418.61, 593.34)
[0000][PE] low and high boundaries for proper pairs: (1, 4584)
[0000][PE] analyzing insert size distribution for orientation FR...
[0000][PE] (25, 50, 75) percentile: (255, 294, 329)
[0000][PE] low and high boundaries for computing mean and std.dev: (107, 477)
[0000][PE] mean and std.dev: (291.05, 51.75)
[0000][PE] low and high boundaries for proper pairs: (33, 551)
[0000][PE] analyzing insert size distribution for orientation RF...
[0000][PE] (25, 50, 75) percentile: (594, 2094, 6419)
[0000][PE] low and high boundaries for computing mean and std.dev: (1, 18069)
[0000][PE] mean and std.dev: (3439.53, 3300.43)
[0000][PE] low and high boundaries for proper pairs: (1, 23894)
[0000][PE] analyzing insert size distribution for orientation RR...
[0000][PE] (25, 50, 75) percentile: (162, 252, 4867)
[0000][PE] low and high boundaries for computing mean and std.dev: (1, 14277)
[0000][PE] mean and std.dev: (2015.80, 2732.77)
[0000][PE] low and high boundaries for proper pairs: (1, 18982)
[0000][PE] skip orientation FF
[0000][PE] skip orientation RF
[0000][PE] skip orientation RR
[0000] 3. Calling kt_for - worker_sam
	[0000][ M::mem_process_seqs] Processed 2736574 reads in 461.511 CPU sec, 12.936 real sec
[0000] Reallocating initial memory allocations!!
[0000] Calling mem_process_seqs.., task: 1
[0000] 1. Calling kt_for - worker_bwt
[0000] 2. Calling kt_for - worker_aln
[0000] read_chunk: 400000000, work_chunk_size: 400000092, nseq: 2736134
	[0000][ M::kt_pipeline] read 2736134 sequences (400000092 bp)...
[0000] Inferring insert size distribution of PE reads from data, l_pac: 656111652, n: 2737712
[0000][PE] # candidate unique pairs for (FF, FR, RF, RR): (86, 1128430, 148, 78)
[0000][PE] analyzing insert size distribution for orientation FF...
[0000][PE] (25, 50, 75) percentile: (154, 215, 547)
[0000][PE] low and high boundaries for computing mean and std.dev: (1, 1333)
[0000][PE] mean and std.dev: (243.61, 214.05)
[0000][PE] low and high boundaries for proper pairs: (1, 1726)
[0000][PE] analyzing insert size distribution for orientation FR...
[0000][PE] (25, 50, 75) percentile: (255, 294, 329)
[0000][PE] low and high boundaries for computing mean and std.dev: (107, 477)
[0000][PE] mean and std.dev: (290.99, 51.79)
[0000][PE] low and high boundaries for proper pairs: (33, 551)
[0000][PE] analyzing insert size distribution for orientation RF...
[0000][PE] (25, 50, 75) percentile: (652, 2442, 6886)
[0000][PE] low and high boundaries for computing mean and std.dev: (1, 19354)
[0000][PE] mean and std.dev: (3712.37, 3255.69)
[0000][PE] low and high boundaries for proper pairs: (1, 25588)
[0000][PE] analyzing insert size distribution for orientation RR...
[0000][PE] (25, 50, 75) percentile: (159, 219, 2114)
[0000][PE] low and high boundaries for computing mean and std.dev: (1, 6024)
[0000][PE] mean and std.dev: (725.55, 1349.30)
[0000][PE] low and high boundaries for proper pairs: (1, 7979)
[0000][PE] skip orientation FF
[0000][PE] skip orientation RF
[0000][PE] skip orientation RR
[0000] 3. Calling kt_for - worker_sam
	[0000][ M::mem_process_seqs] Processed 2737712 reads in 401.879 CPU sec, 10.873 real sec
[0000] Calling mem_process_seqs.., task: 2
[0000] 1. Calling kt_for - worker_bwt
[0000] 2. Calling kt_for - worker_aln
[0000] Inferring insert size distribution of PE reads from data, l_pac: 656111652, n: 2736134
[0000][PE] # candidate unique pairs for (FF, FR, RF, RR): (92, 1104116, 130, 68)
[0000][PE] analyzing insert size distribution for orientation FF...
[0000][PE] (25, 50, 75) percentile: (155, 213, 1090)
[0000][PE] low and high boundaries for computing mean and std.dev: (1, 2960)
[0000][PE] mean and std.dev: (333.29, 511.70)
[0000][PE] low and high boundaries for proper pairs: (1, 3895)
[0000][PE] analyzing insert size distribution for orientation FR...
[0000][PE] (25, 50, 75) percentile: (255, 294, 329)
[0000][PE] low and high boundaries for computing mean and std.dev: (107, 477)
[0000][PE] mean and std.dev: (291.10, 51.68)
[0000][PE] low and high boundaries for proper pairs: (33, 551)
[0000][PE] analyzing insert size distribution for orientation RF...
[0000][PE] (25, 50, 75) percentile: (429, 1985, 5368)
[0000][PE] low and high boundaries for computing mean and std.dev: (1, 15246)
[0000][PE] mean and std.dev: (3205.62, 3142.29)
[0000][PE] low and high boundaries for proper pairs: (1, 20185)
[0000][PE] analyzing insert size distribution for orientation RR...
[0000][PE] (25, 50, 75) percentile: (158, 241, 1658)
[0000][PE] low and high boundaries for computing mean and std.dev: (1, 4658)
[0000][PE] mean and std.dev: (656.55, 1047.82)
[0000][PE] low and high boundaries for proper pairs: (1, 6158)
[0000][PE] skip orientation FF
[0000][PE] skip orientation RF
[0000][PE] skip orientation RR
[0000] 3. Calling kt_for - worker_sam
	[0000][ M::mem_process_seqs] Processed 2736134 reads in 459.152 CPU sec, 12.390 real sec
[0000] read_chunk: 400000000, work_chunk_size: 400000240, nseq: 2736444
	[0000][ M::kt_pipeline] read 2736444 sequences (400000240 bp)...
[0000] Calling mem_process_seqs.., task: 3
[0000] 1. Calling kt_for - worker_bwt
[0000] 2. Calling kt_for - worker_aln
[0000] Inferring insert size distribution of PE reads from data, l_pac: 656111652, n: 2736444
[0000][PE] # candidate unique pairs for (FF, FR, RF, RR): (108, 1117313, 148, 75)
[0000][PE] analyzing insert size distribution for orientation FF...
[0000][PE] (25, 50, 75) percentile: (160, 222, 3703)
[0000][PE] low and high boundaries for computing mean and std.dev: (1, 10789)
[0000][PE] mean and std.dev: (1917.58, 2955.59)
[0000][PE] low and high boundaries for proper pairs: (1, 14332)
[0000][PE] analyzing insert size distribution for orientation FR...
[0000][PE] (25, 50, 75) percentile: (255, 294, 329)
[0000][PE] low and high boundaries for computing mean and std.dev: (107, 477)
[0000][PE] mean and std.dev: (291.03, 51.71)
[0000][PE] low and high boundaries for proper pairs: (33, 551)
[0000][PE] analyzing insert size distribution for orientation RF...
[0000][PE] (25, 50, 75) percentile: (714, 3055, 6455)
[0000][PE] low and high boundaries for computing mean and std.dev: (1, 17937)
[0000][PE] mean and std.dev: (3805.84, 3154.37)
[0000][PE] low and high boundaries for proper pairs: (1, 23678)
[0000][PE] analyzing insert size distribution for orientation RR...
[0000][PE] (25, 50, 75) percentile: (183, 237, 948)
[0000][PE] low and high boundaries for computing mean and std.dev: (1, 2478)
[0000][PE] mean and std.dev: (386.62, 520.74)
[0000][PE] low and high boundaries for proper pairs: (1, 3243)
[0000][PE] skip orientation FF
[0000][PE] skip orientation RF
[0000][PE] skip orientation RR
[0000] 3. Calling kt_for - worker_sam
[0000] read_chunk: 400000000, work_chunk_size: 400000190, nseq: 2736776
	[0000][ M::kt_pipeline] read 2736776 sequences (400000190 bp)...
	[0000][ M::mem_process_seqs] Processed 2736444 reads in 440.769 CPU sec, 11.965 real sec
[0000] Calling mem_process_seqs.., task: 4
[0000] 1. Calling kt_for - worker_bwt
[0000] 2. Calling kt_for - worker_aln
[0000] Inferring insert size distribution of PE reads from data, l_pac: 656111652, n: 2736776
[0000][PE] # candidate unique pairs for (FF, FR, RF, RR): (65, 1122521, 103, 81)
[0000][PE] analyzing insert size distribution for orientation FF...
[0000][PE] (25, 50, 75) percentile: (157, 222, 1242)
[0000][PE] low and high boundaries for computing mean and std.dev: (1, 3412)
[0000][PE] mean and std.dev: (491.31, 679.09)
[0000][PE] low and high boundaries for proper pairs: (1, 4497)
[0000][PE] analyzing insert size distribution for orientation FR...
[0000][PE] (25, 50, 75) percentile: (255, 294, 329)
[0000][PE] low and high boundaries for computing mean and std.dev: (107, 477)
[0000][PE] mean and std.dev: (291.09, 51.70)
[0000][PE] low and high boundaries for proper pairs: (33, 551)
[0000][PE] analyzing insert size distribution for orientation RF...
[0000][PE] (25, 50, 75) percentile: (299, 3227, 6558)
[0000][PE] low and high boundaries for computing mean and std.dev: (1, 19076)
[0000][PE] mean and std.dev: (3627.70, 3214.34)
[0000][PE] low and high boundaries for proper pairs: (1, 25335)
[0000][PE] analyzing insert size distribution for orientation RR...
[0000][PE] (25, 50, 75) percentile: (152, 265, 4333)
[0000][PE] low and high boundaries for computing mean and std.dev: (1, 12695)
[0000][PE] mean and std.dev: (2035.91, 2523.77)
[0000][PE] low and high boundaries for proper pairs: (1, 16876)
[0000][PE] skip orientation FF
[0000][PE] skip orientation RF
[0000][PE] skip orientation RR
[0000] 3. Calling kt_for - worker_sam
	[0000][ M::mem_process_seqs] Processed 2736776 reads in 431.228 CPU sec, 11.764 real sec
[0000] read_chunk: 400000000, work_chunk_size: 400000256, nseq: 2736966
	[0000][ M::kt_pipeline] read 2736966 sequences (400000256 bp)...
[0000] Calling mem_process_seqs.., task: 5
[0000] 1. Calling kt_for - worker_bwt
[0000] 2. Calling kt_for - worker_aln
[0000] Inferring insert size distribution of PE reads from data, l_pac: 656111652, n: 2736966
[0000][PE] # candidate unique pairs for (FF, FR, RF, RR): (94, 1119777, 136, 78)
[0000][PE] analyzing insert size distribution for orientation FF...
[0000][PE] (25, 50, 75) percentile: (137, 209, 485)
[0000][PE] low and high boundaries for computing mean and std.dev: (1, 1181)
[0000][PE] mean and std.dev: (218.74, 168.75)
[0000][PE] low and high boundaries for proper pairs: (1, 1529)
[0000][PE] analyzing insert size distribution for orientation FR...
[0000][PE] (25, 50, 75) percentile: (255, 294, 329)
[0000][PE] low and high boundaries for computing mean and std.dev: (107, 477)
[0000][PE] mean and std.dev: (290.95, 51.74)
[0000][PE] low and high boundaries for proper pairs: (33, 551)
[0000][PE] analyzing insert size distribution for orientation RF...
[0000][PE] (25, 50, 75) percentile: (322, 3356, 6748)
[0000][PE] low and high boundaries for computing mean and std.dev: (1, 19600)
[0000][PE] mean and std.dev: (3715.99, 3387.80)
[0000][PE] low and high boundaries for proper pairs: (1, 26026)
[0000][PE] analyzing insert size distribution for orientation RR...
[0000][PE] (25, 50, 75) percentile: (160, 239, 720)
[0000][PE] low and high boundaries for computing mean and std.dev: (1, 1840)
[0000][PE] mean and std.dev: (368.04, 427.94)
[0000][PE] low and high boundaries for proper pairs: (1, 2400)
[0000][PE] skip orientation FF
[0000][PE] skip orientation RF
[0000][PE] skip orientation RR
[0000] 3. Calling kt_for - worker_sam
	[0000][ M::mem_process_seqs] Processed 2736966 reads in 431.891 CPU sec, 12.332 real sec
[0000] read_chunk: 400000000, work_chunk_size: 400000180, nseq: 2737868
	[0000][ M::kt_pipeline] read 2737868 sequences (400000180 bp)...
[0000] Reallocating initial memory allocations!!
[0000] Calling mem_process_seqs.., task: 6
[0000] 1. Calling kt_for - worker_bwt
[0000] 2. Calling kt_for - worker_aln
[0000] Inferring insert size distribution of PE reads from data, l_pac: 656111652, n: 2737868
[0000][PE] # candidate unique pairs for (FF, FR, RF, RR): (99, 1129289, 122, 73)
[0000][PE] analyzing insert size distribution for orientation FF...
[0000][PE] (25, 50, 75) percentile: (147, 211, 1499)
[0000][PE] low and high boundaries for computing mean and std.dev: (1, 4203)
[0000][PE] mean and std.dev: (451.54, 799.70)
[0000][PE] low and high boundaries for proper pairs: (1, 5555)
[0000][PE] analyzing insert size distribution for orientation FR...
[0000][PE] (25, 50, 75) percentile: (255, 294, 329)
[0000][PE] low and high boundaries for computing mean and std.dev: (107, 477)
[0000][PE] mean and std.dev: (291.07, 51.69)
[0000][PE] low and high boundaries for proper pairs: (33, 551)
[0000][PE] analyzing insert size distribution for orientation RF...
[0000][PE] (25, 50, 75) percentile: (750, 2836, 6243)
[0000][PE] low and high boundaries for computing mean and std.dev: (1, 17229)
[0000][PE] mean and std.dev: (3724.50, 3186.15)
[0000][PE] low and high boundaries for proper pairs: (1, 22722)
[0000][PE] analyzing insert size distribution for orientation RR...
[0000][PE] (25, 50, 75) percentile: (160, 228, 647)
[0000][PE] low and high boundaries for computing mean and std.dev: (1, 1621)
[0000][PE] mean and std.dev: (306.65, 300.24)
[0000][PE] low and high boundaries for proper pairs: (1, 2108)
[0000][PE] skip orientation FF
[0000][PE] skip orientation RF
[0000][PE] skip orientation RR
[0000] 3. Calling kt_for - worker_sam
[0000] read_chunk: 400000000, work_chunk_size: 400000288, nseq: 2736832
	[0000][ M::kt_pipeline] read 2736832 sequences (400000288 bp)...
	[0000][ M::mem_process_seqs] Processed 2737868 reads in 409.988 CPU sec, 10.998 real sec
[0000] Calling mem_process_seqs.., task: 7
[0000] 1. Calling kt_for - worker_bwt
[0000] 2. Calling kt_for - worker_aln
[0000] Inferring insert size distribution of PE reads from data, l_pac: 656111652, n: 2736832
[0000][PE] # candidate unique pairs for (FF, FR, RF, RR): (78, 1120067, 138, 74)
[0000][PE] analyzing insert size distribution for orientation FF...
[0000][PE] (25, 50, 75) percentile: (137, 212, 375)
[0000][PE] low and high boundaries for computing mean and std.dev: (1, 851)
[0000][PE] mean and std.dev: (202.79, 125.41)
[0000][PE] low and high boundaries for proper pairs: (1, 1089)
[0000][PE] analyzing insert size distribution for orientation FR...
[0000][PE] (25, 50, 75) percentile: (255, 294, 329)
[0000][PE] low and high boundaries for computing mean and std.dev: (107, 477)
[0000][PE] mean and std.dev: (291.03, 51.73)
[0000][PE] low and high boundaries for proper pairs: (33, 551)
[0000][PE] analyzing insert size distribution for orientation RF...
[0000][PE] (25, 50, 75) percentile: (726, 4045, 6796)
[0000][PE] low and high boundaries for computing mean and std.dev: (1, 18936)
[0000][PE] mean and std.dev: (4030.51, 3242.31)
[0000][PE] low and high boundaries for proper pairs: (1, 25006)
[0000][PE] analyzing insert size distribution for orientation RR...
[0000][PE] (25, 50, 75) percentile: (168, 226, 986)
[0000][PE] low and high boundaries for computing mean and std.dev: (1, 2622)
[0000][PE] mean and std.dev: (327.28, 363.42)
[0000][PE] low and high boundaries for proper pairs: (1, 3440)
[0000][PE] skip orientation FF
[0000][PE] skip orientation RF
[0000][PE] skip orientation RR
[0000] 3. Calling kt_for - worker_sam
	[0000][ M::mem_process_seqs] Processed 2736832 reads in 436.758 CPU sec, 12.173 real sec
[0000] read_chunk: 400000000, work_chunk_size: 400000027, nseq: 2737208
	[0000][ M::kt_pipeline] read 2737208 sequences (400000027 bp)...
[0000] Calling mem_process_seqs.., task: 8
[0000] 1. Calling kt_for - worker_bwt
[0000] 2. Calling kt_for - worker_aln
[0000] read_chunk: 400000000, work_chunk_size: 62277165, nseq: 426292
	[0000][ M::kt_pipeline] read 426292 sequences (62277165 bp)...
[0000] Inferring insert size distribution of PE reads from data, l_pac: 656111652, n: 2737208
[0000][PE] # candidate unique pairs for (FF, FR, RF, RR): (82, 1125545, 104, 63)
[0000][PE] analyzing insert size distribution for orientation FF...
[0000][PE] (25, 50, 75) percentile: (158, 219, 763)
[0000][PE] low and high boundaries for computing mean and std.dev: (1, 1973)
[0000][PE] mean and std.dev: (312.38, 343.91)
[0000][PE] low and high boundaries for proper pairs: (1, 2578)
[0000][PE] analyzing insert size distribution for orientation FR...
[0000][PE] (25, 50, 75) percentile: (255, 294, 329)
[0000][PE] low and high boundaries for computing mean and std.dev: (107, 477)
[0000][PE] mean and std.dev: (290.97, 51.80)
[0000][PE] low and high boundaries for proper pairs: (33, 551)
[0000][PE] analyzing insert size distribution for orientation RF...
[0000][PE] (25, 50, 75) percentile: (1040, 3066, 6718)
[0000][PE] low and high boundaries for computing mean and std.dev: (1, 18074)
[0000][PE] mean and std.dev: (3673.96, 3115.61)
[0000][PE] low and high boundaries for proper pairs: (1, 23752)
[0000][PE] analyzing insert size distribution for orientation RR...
[0000][PE] (25, 50, 75) percentile: (144, 194, 386)
[0000][PE] low and high boundaries for computing mean and std.dev: (1, 870)
[0000][PE] mean and std.dev: (185.61, 78.24)
[0000][PE] low and high boundaries for proper pairs: (1, 1112)
[0000][PE] skip orientation FF
[0000][PE] skip orientation RF
[0000][PE] skip orientation RR
[0000] 3. Calling kt_for - worker_sam
	[0000][ M::mem_process_seqs] Processed 2737208 reads in 413.658 CPU sec, 11.067 real sec
[0000] Calling mem_process_seqs.., task: 9
[0000] 1. Calling kt_for - worker_bwt
[0000] 2. Calling kt_for - worker_aln
[0000] Inferring insert size distribution of PE reads from data, l_pac: 656111652, n: 426292
[0000][PE] # candidate unique pairs for (FF, FR, RF, RR): (15, 178687, 25, 7)
[0000][PE] analyzing insert size distribution for orientation FF...
[0000][PE] (25, 50, 75) percentile: (155, 197, 281)
[0000][PE] low and high boundaries for computing mean and std.dev: (1, 533)
[0000][PE] mean and std.dev: (185.62, 62.66)
[0000][PE] low and high boundaries for proper pairs: (1, 659)
[0000][PE] analyzing insert size distribution for orientation FR...
[0000][PE] (25, 50, 75) percentile: (254, 294, 329)
[0000][PE] low and high boundaries for computing mean and std.dev: (104, 479)
[0000][PE] mean and std.dev: (290.82, 52.13)
[0000][PE] low and high boundaries for proper pairs: (29, 554)
[0000][PE] analyzing insert size distribution for orientation RF...
[0000][PE] (25, 50, 75) percentile: (279, 594, 7589)
[0000][PE] low and high boundaries for computing mean and std.dev: (1, 22209)
[0000][PE] mean and std.dev: (3163.60, 3503.16)
[0000][PE] low and high boundaries for proper pairs: (1, 29519)
[0000][PE] skip orientation RR as there are not enough pairs
[0000][PE] skip orientation FF
[0000][PE] skip orientation RF
[0000] 3. Calling kt_for - worker_sam
	[0000][ M::mem_process_seqs] Processed 426292 reads in 59.879 CPU sec, 2.003 real sec
[0000] read_chunk: 400000000, work_chunk_size: 0, nseq: 0
[0000] read_chunk: 400000000, work_chunk_size: 0, nseq: 0
[0000] Computation ends..
No. of OMP threads: 40
Processor is running @2394.717040 MHz
Runtime profile:

	Time taken for main_mem function: 172.96 sec

	IO times (sec) :
	Reading IO time (reads) avg: 80.53, (80.53, 80.53)
	Writing IO time (SAM) avg: 34.10, (34.10, 34.10)
	Reading IO time (Reference Genome) avg: 0.60, (0.60, 0.60)
	Index read time avg: 0.13, (0.13, 0.13)

	Overall time (sec) (Excluding Index reading time):
	PROCESS() (Total compute time + (read + SAM) IO time) : 172.23
	MEM_PROCESS_SEQ() (Total compute time (Kernel + SAM)), avg: 108.49, (108.49, 108.49)

	 SAM Processing time (sec):
	--WORKER_SAM avg: 43.92, (43.92, 43.92)

	Kernels' compute time (sec):
	Total kernel (smem+sal+bsw) time avg: 61.78, (61.78, 61.78)
		MEM_ALN_CHAIN_FLT avg: 0.00, (0.00, 0.00)
		MEM_ALN_CHAIN_SEED avg: 0.00, (0.00, 0.00)
		ERT_SEED_CHAIN avg: 0.00, (0.00, 0.00)
	LEARNED_SEED_CHAIN avg: 24.17, (24.35, 24.04)
		SMEM compute avg: 0.00, (0.00, 0.00)
		SAL compute avg: 0.00, (0.00, 0.00)
				MEM_SA avg: 0.00, (0.00, 0.00)

		BSW time, avg: 34.76, (35.09, 34.48)

Important parameter settings: 
	BATCH_SIZE: 512
	MAX_SEQ_LEN_REF: 256
	MAX_SEQ_LEN_QER: 128
	MAX_SEQ_LEN8: 128
	SEEDS_PER_READ: 500
	SIMD_WIDTH8 X: 64
	SIMD_WIDTH16 X: 32
	AVG_SEEDS_PER_READ: 64
