Looking to launch executable "/opt/conda/bin/bwa-meme_mode3.avx512bw", simd = _mode3.avx512bw
Launching executable "/opt/conda/bin/bwa-meme_mode3.avx512bw"
-----------------------------
Executing in AVX512 mode!!
-----------------------------
* SA compression enabled with xfactor: 8
* Ref file: reference.902362185.genome.fasta
* Entering FMI_search
Reading other elements of the index from files reference.902362185.genome.fasta
* Index prefix: reference.902362185.genome.fasta
* Read 0 ALT contigs
* Reading reference genome..
* Binary seq file = reference.902362185.genome.fasta.0123
* Reference genome size: 1312223304 bp
* Done reading reference genome !!

------------------------------------------
1. Memory pre-allocation for Chaining: 5679.4903 MB
2. Memory pre-allocation for BSW: 9584.6810 MB
[M::memoryAllocLearned::MEME] Reading Learned-index models into memory
[Learned-Config] MODE:3 SEARCH_METHOD: 1 MEM_TRADEOFF:1 EXPONENTIAL_SMEMSEARCH: 1 DEBUG_MODE:0 Num 2nd Models:268435456 PWL Bits Used:28
[M::memoryAllocLearned::MEME] Loading RMI model and Pac reference file took 9.611 sec
[M::memoryAllocLearned::MEME] Reading suffix array into memory
[M::memoryAllocLearned::MEME] Loading pos_packed file took 14.090 sec
[M::memoryAllocLearned::MEME] Generating SA, 64-bit Suffix and ISA in memory
[M::memoryAllocLearned::MEME] Runtime-build-index took 13.685 sec
3. Memory pre-allocation for BWT: 7204.5072 MB
------------------------------------------
* Threads used (compute): 40
* No. of pipeline threads: 2

[0000] read_chunk: 400000000, work_chunk_size: 400000069, nseq: 2891448
	[0000][ M::kt_pipeline] read 2891448 sequences (400000069 bp)...
[0000] Reallocating initial memory allocations!!
[0000] read_chunk: 400000000, work_chunk_size: 400000192, nseq: 2891034
	[0000][ M::kt_pipeline] read 2891034 sequences (400000192 bp)...
[0000] Calling mem_process_seqs.., task: 0
[0000] 1. Calling kt_for - worker_bwt
[0000] 2. Calling kt_for - worker_aln
[0000] Inferring insert size distribution of PE reads from data, l_pac: 656111652, n: 2891448
[0000][PE] # candidate unique pairs for (FF, FR, RF, RR): (125, 1182689, 100, 100)
[0000][PE] analyzing insert size distribution for orientation FF...
[0000][PE] (25, 50, 75) percentile: (131, 170, 235)
[0000][PE] low and high boundaries for computing mean and std.dev: (1, 443)
[0000][PE] mean and std.dev: (164.56, 65.31)
[0000][PE] low and high boundaries for proper pairs: (1, 547)
[0000][PE] analyzing insert size distribution for orientation FR...
[0000][PE] (25, 50, 75) percentile: (186, 259, 308)
[0000][PE] low and high boundaries for computing mean and std.dev: (1, 552)
[0000][PE] mean and std.dev: (240.97, 87.60)
[0000][PE] low and high boundaries for proper pairs: (1, 674)
[0000][PE] analyzing insert size distribution for orientation RF...
[0000][PE] (25, 50, 75) percentile: (299, 2548, 7158)
[0000][PE] low and high boundaries for computing mean and std.dev: (1, 20876)
[0000][PE] mean and std.dev: (3644.71, 3439.37)
[0000][PE] low and high boundaries for proper pairs: (1, 27735)
[0000][PE] analyzing insert size distribution for orientation RR...
[0000][PE] (25, 50, 75) percentile: (120, 179, 259)
[0000][PE] low and high boundaries for computing mean and std.dev: (1, 537)
[0000][PE] mean and std.dev: (161.57, 82.67)
[0000][PE] low and high boundaries for proper pairs: (1, 676)
[0000][PE] skip orientation FF
[0000][PE] skip orientation RF
[0000][PE] skip orientation RR
[0000] 3. Calling kt_for - worker_sam
	[0000][ M::mem_process_seqs] Processed 2891448 reads in 432.829 CPU sec, 14.371 real sec
[0000] Calling mem_process_seqs.., task: 1
[0000] 1. Calling kt_for - worker_bwt
[0000] 2. Calling kt_for - worker_aln
[0000] Inferring insert size distribution of PE reads from data, l_pac: 656111652, n: 2891034
[0000][PE] # candidate unique pairs for (FF, FR, RF, RR): (104, 1187138, 113, 99)
[0000][PE] analyzing insert size distribution for orientation FF...
[0000][PE] (25, 50, 75) percentile: (118, 189, 325)
[0000][PE] low and high boundaries for computing mean and std.dev: (1, 739)
[0000][PE] mean and std.dev: (163.60, 77.85)
[0000][PE] low and high boundaries for proper pairs: (1, 946)
[0000][PE] analyzing insert size distribution for orientation FR...
[0000][PE] (25, 50, 75) percentile: (186, 259, 308)
[0000][PE] low and high boundaries for computing mean and std.dev: (1, 552)
[0000][PE] mean and std.dev: (241.13, 87.37)
[0000][PE] low and high boundaries for proper pairs: (1, 674)
[0000][PE] analyzing insert size distribution for orientation RF...
[0000][PE] (25, 50, 75) percentile: (234, 2060, 6612)
[0000][PE] low and high boundaries for computing mean and std.dev: (1, 19368)
[0000][PE] mean and std.dev: (3397.81, 3252.38)
[0000][PE] low and high boundaries for proper pairs: (1, 25746)
[0000][PE] analyzing insert size distribution for orientation RR...
[0000][PE] (25, 50, 75) percentile: (126, 183, 501)
[0000][PE] low and high boundaries for computing mean and std.dev: (1, 1251)
[0000][PE] mean and std.dev: (237.96, 239.24)
[0000][PE] low and high boundaries for proper pairs: (1, 1626)
[0000][PE] skip orientation FF
[0000][PE] skip orientation RF
[0000][PE] skip orientation RR
[0000] 3. Calling kt_for - worker_sam
[0000] read_chunk: 400000000, work_chunk_size: 188752476, nseq: 1365232
	[0000][ M::kt_pipeline] read 1365232 sequences (188752476 bp)...
	[0000][ M::mem_process_seqs] Processed 2891034 reads in 416.904 CPU sec, 11.780 real sec
[0000] Calling mem_process_seqs.., task: 2
[0000] 1. Calling kt_for - worker_bwt
[0000] 2. Calling kt_for - worker_aln
[0000] Inferring insert size distribution of PE reads from data, l_pac: 656111652, n: 1365232
[0000][PE] # candidate unique pairs for (FF, FR, RF, RR): (48, 564150, 34, 45)
[0000][PE] analyzing insert size distribution for orientation FF...
[0000][PE] (25, 50, 75) percentile: (124, 179, 246)
[0000][PE] low and high boundaries for computing mean and std.dev: (1, 490)
[0000][PE] mean and std.dev: (158.22, 66.97)
[0000][PE] low and high boundaries for proper pairs: (1, 612)
[0000][PE] analyzing insert size distribution for orientation FR...
[0000][PE] (25, 50, 75) percentile: (186, 259, 308)
[0000][PE] low and high boundaries for computing mean and std.dev: (1, 552)
[0000][PE] mean and std.dev: (240.97, 87.52)
[0000][PE] low and high boundaries for proper pairs: (1, 674)
[0000][PE] analyzing insert size distribution for orientation RF...
[0000][PE] (25, 50, 75) percentile: (204, 1848, 5087)
[0000][PE] low and high boundaries for computing mean and std.dev: (1, 14853)
[0000][PE] mean and std.dev: (2810.56, 3071.91)
[0000][PE] low and high boundaries for proper pairs: (1, 19736)
[0000][PE] analyzing insert size distribution for orientation RR...
[0000][PE] (25, 50, 75) percentile: (160, 199, 259)
[0000][PE] low and high boundaries for computing mean and std.dev: (1, 457)
[0000][PE] mean and std.dev: (200.93, 77.27)
[0000][PE] low and high boundaries for proper pairs: (1, 556)
[0000][PE] skip orientation FF
[0000][PE] skip orientation RF
[0000][PE] skip orientation RR
[0000] 3. Calling kt_for - worker_sam
[0000] read_chunk: 400000000, work_chunk_size: 0, nseq: 0
	[0000][ M::mem_process_seqs] Processed 1365232 reads in 193.043 CPU sec, 5.587 real sec
[0000] read_chunk: 400000000, work_chunk_size: 0, nseq: 0
[0000] Computation ends..
No. of OMP threads: 40
Processor is running @2394.712420 MHz
Runtime profile:

	Time taken for main_mem function: 122.42 sec

	IO times (sec) :
	Reading IO time (reads) avg: 43.00, (43.00, 43.00)
	Writing IO time (SAM) avg: 10.00, (10.00, 10.00)
	Reading IO time (Reference Genome) avg: 0.92, (0.92, 0.92)
	Index read time avg: 0.14, (0.14, 0.14)

	Overall time (sec) (Excluding Index reading time):
	PROCESS() (Total compute time + (read + SAM) IO time) : 121.23
	MEM_PROCESS_SEQ() (Total compute time (Kernel + SAM)), avg: 31.73, (31.73, 31.73)

	 SAM Processing time (sec):
	--WORKER_SAM avg: 11.31, (11.31, 11.31)

	Kernels' compute time (sec):
	Total kernel (smem+sal+bsw) time avg: 19.39, (19.39, 19.39)
		MEM_ALN_CHAIN_FLT avg: 0.00, (0.00, 0.00)
		MEM_ALN_CHAIN_SEED avg: 0.00, (0.00, 0.00)
		ERT_SEED_CHAIN avg: 0.00, (0.00, 0.00)
	LEARNED_SEED_CHAIN avg: 8.43, (8.64, 8.20)
		SMEM compute avg: 0.00, (0.00, 0.00)
		SAL compute avg: 0.00, (0.00, 0.00)
				MEM_SA avg: 0.00, (0.00, 0.00)

		BSW time, avg: 9.67, (10.10, 9.30)

Important parameter settings: 
	BATCH_SIZE: 512
	MAX_SEQ_LEN_REF: 256
	MAX_SEQ_LEN_QER: 128
	MAX_SEQ_LEN8: 128
	SEEDS_PER_READ: 500
	SIMD_WIDTH8 X: 64
	SIMD_WIDTH16 X: 32
	AVG_SEEDS_PER_READ: 64
