Looking to launch executable "/opt/conda/bin/bwa-meme_mode3.avx512bw", simd = _mode3.avx512bw
Launching executable "/opt/conda/bin/bwa-meme_mode3.avx512bw"
-----------------------------
Executing in AVX512 mode!!
-----------------------------
* SA compression enabled with xfactor: 8
* Ref file: reference.902362185.genome.fasta
* Entering FMI_search
Reading other elements of the index from files reference.902362185.genome.fasta
* Index prefix: reference.902362185.genome.fasta
* Read 0 ALT contigs
* Reading reference genome..
* Binary seq file = reference.902362185.genome.fasta.0123
* Reference genome size: 1312223304 bp
* Done reading reference genome !!

------------------------------------------
1. Memory pre-allocation for Chaining: 5679.4903 MB
2. Memory pre-allocation for BSW: 9584.6810 MB
[M::memoryAllocLearned::MEME] Reading Learned-index models into memory
[Learned-Config] MODE:3 SEARCH_METHOD: 1 MEM_TRADEOFF:1 EXPONENTIAL_SMEMSEARCH: 1 DEBUG_MODE:0 Num 2nd Models:268435456 PWL Bits Used:28
[M::memoryAllocLearned::MEME] Loading RMI model and Pac reference file took 9.597 sec
[M::memoryAllocLearned::MEME] Reading suffix array into memory
[M::memoryAllocLearned::MEME] Loading pos_packed file took 14.060 sec
[M::memoryAllocLearned::MEME] Generating SA, 64-bit Suffix and ISA in memory
[M::memoryAllocLearned::MEME] Runtime-build-index took 13.802 sec
3. Memory pre-allocation for BWT: 7204.5072 MB
------------------------------------------
* Threads used (compute): 40
* No. of pipeline threads: 2

[0000] read_chunk: 400000000, work_chunk_size: 400000233, nseq: 2779262
	[0000][ M::kt_pipeline] read 2779262 sequences (400000233 bp)...
[0000] Reallocating initial memory allocations!!
[0000] read_chunk: 400000000, work_chunk_size: 400000231, nseq: 2780846
	[0000][ M::kt_pipeline] read 2780846 sequences (400000231 bp)...
[0000] Calling mem_process_seqs.., task: 0
[0000] 1. Calling kt_for - worker_bwt
[0000] 2. Calling kt_for - worker_aln
[0000] Inferring insert size distribution of PE reads from data, l_pac: 656111652, n: 2779262
[0000][PE] # candidate unique pairs for (FF, FR, RF, RR): (124, 1095392, 108, 107)
[0000][PE] analyzing insert size distribution for orientation FF...
[0000][PE] (25, 50, 75) percentile: (151, 213, 327)
[0000][PE] low and high boundaries for computing mean and std.dev: (1, 679)
[0000][PE] mean and std.dev: (200.18, 104.24)
[0000][PE] low and high boundaries for proper pairs: (1, 855)
[0000][PE] analyzing insert size distribution for orientation FR...
[0000][PE] (25, 50, 75) percentile: (242, 286, 325)
[0000][PE] low and high boundaries for computing mean and std.dev: (76, 491)
[0000][PE] mean and std.dev: (278.90, 64.27)
[0000][PE] low and high boundaries for proper pairs: (1, 574)
[0000][PE] analyzing insert size distribution for orientation RF...
[0000][PE] (25, 50, 75) percentile: (572, 2222, 6767)
[0000][PE] low and high boundaries for computing mean and std.dev: (1, 19157)
[0000][PE] mean and std.dev: (3616.31, 3198.02)
[0000][PE] low and high boundaries for proper pairs: (1, 25352)
[0000][PE] analyzing insert size distribution for orientation RR...
[0000][PE] (25, 50, 75) percentile: (137, 216, 680)
[0000][PE] low and high boundaries for computing mean and std.dev: (1, 1766)
[0000][PE] mean and std.dev: (271.92, 300.92)
[0000][PE] low and high boundaries for proper pairs: (1, 2309)
[0000][PE] skip orientation FF
[0000][PE] skip orientation RF
[0000][PE] skip orientation RR
[0000] 3. Calling kt_for - worker_sam
	[0000][ M::mem_process_seqs] Processed 2779262 reads in 504.284 CPU sec, 17.746 real sec
[0000] Reallocating initial memory allocations!!
[0000] Calling mem_process_seqs.., task: 1
[0000] 1. Calling kt_for - worker_bwt
[0000] 2. Calling kt_for - worker_aln
[0000] read_chunk: 400000000, work_chunk_size: 400000269, nseq: 2779366
[0000] Inferring insert size distribution of PE reads from data, l_pac: 656111652, n: 2780846
	[0000][ M::kt_pipeline] read 2779366 sequences (400000269 bp)...
[0000][PE] # candidate unique pairs for (FF, FR, RF, RR): (114, 1117054, 115, 90)
[0000][PE] analyzing insert size distribution for orientation FF...
[0000][PE] (25, 50, 75) percentile: (162, 222, 364)
[0000][PE] low and high boundaries for computing mean and std.dev: (1, 768)
[0000][PE] mean and std.dev: (241.99, 148.82)
[0000][PE] low and high boundaries for proper pairs: (1, 970)
[0000][PE] analyzing insert size distribution for orientation FR...
[0000][PE] (25, 50, 75) percentile: (242, 286, 324)
[0000][PE] low and high boundaries for computing mean and std.dev: (78, 488)
[0000][PE] mean and std.dev: (279.15, 63.82)
[0000][PE] low and high boundaries for proper pairs: (1, 570)
[0000][PE] analyzing insert size distribution for orientation RF...
[0000][PE] (25, 50, 75) percentile: (401, 2092, 5913)
[0000][PE] low and high boundaries for computing mean and std.dev: (1, 16937)
[0000][PE] mean and std.dev: (3264.23, 3017.01)
[0000][PE] low and high boundaries for proper pairs: (1, 22449)
[0000][PE] analyzing insert size distribution for orientation RR...
[0000][PE] (25, 50, 75) percentile: (151, 215, 440)
[0000][PE] low and high boundaries for computing mean and std.dev: (1, 1018)
[0000][PE] mean and std.dev: (220.73, 153.61)
[0000][PE] low and high boundaries for proper pairs: (1, 1307)
[0000][PE] skip orientation FF
[0000][PE] skip orientation RF
[0000][PE] skip orientation RR
[0000] 3. Calling kt_for - worker_sam
	[0000][ M::mem_process_seqs] Processed 2780846 reads in 413.459 CPU sec, 11.007 real sec
[0000] Calling mem_process_seqs.., task: 2
[0000] 1. Calling kt_for - worker_bwt
[0000] 2. Calling kt_for - worker_aln
[0000] Inferring insert size distribution of PE reads from data, l_pac: 656111652, n: 2779366
[0000][PE] # candidate unique pairs for (FF, FR, RF, RR): (92, 1111197, 117, 115)
[0000][PE] analyzing insert size distribution for orientation FF...
[0000][PE] (25, 50, 75) percentile: (144, 194, 493)
[0000][PE] low and high boundaries for computing mean and std.dev: (1, 1191)
[0000][PE] mean and std.dev: (243.73, 234.92)
[0000][PE] low and high boundaries for proper pairs: (1, 1540)
[0000][PE] analyzing insert size distribution for orientation FR...
[0000][PE] (25, 50, 75) percentile: (242, 286, 324)
[0000][PE] low and high boundaries for computing mean and std.dev: (78, 488)
[0000][PE] mean and std.dev: (279.09, 63.77)
[0000][PE] low and high boundaries for proper pairs: (1, 570)
[0000][PE] analyzing insert size distribution for orientation RF...
[0000][PE] (25, 50, 75) percentile: (455, 2206, 7028)
[0000][PE] low and high boundaries for computing mean and std.dev: (1, 20174)
[0000][PE] mean and std.dev: (3489.39, 3383.96)
[0000][PE] low and high boundaries for proper pairs: (1, 26747)
[0000][PE] analyzing insert size distribution for orientation RR...
[0000][PE] (25, 50, 75) percentile: (147, 191, 332)
[0000][PE] low and high boundaries for computing mean and std.dev: (1, 702)
[0000][PE] mean and std.dev: (194.90, 112.60)
[0000][PE] low and high boundaries for proper pairs: (1, 887)
[0000][PE] skip orientation FF
[0000][PE] skip orientation RF
[0000][PE] skip orientation RR
[0000] 3. Calling kt_for - worker_sam
	[0000][ M::mem_process_seqs] Processed 2779366 reads in 437.584 CPU sec, 11.980 real sec
[0000] read_chunk: 400000000, work_chunk_size: 400000260, nseq: 2777366
	[0000][ M::kt_pipeline] read 2777366 sequences (400000260 bp)...
[0000] Calling mem_process_seqs.., task: 3
[0000] 1. Calling kt_for - worker_bwt
[0000] 2. Calling kt_for - worker_aln
[0000] Inferring insert size distribution of PE reads from data, l_pac: 656111652, n: 2777366
[0000][PE] # candidate unique pairs for (FF, FR, RF, RR): (107, 1080345, 113, 107)
[0000][PE] analyzing insert size distribution for orientation FF...
[0000][PE] (25, 50, 75) percentile: (148, 208, 709)
[0000][PE] low and high boundaries for computing mean and std.dev: (1, 1831)
[0000][PE] mean and std.dev: (285.43, 304.34)
[0000][PE] low and high boundaries for proper pairs: (1, 2392)
[0000][PE] analyzing insert size distribution for orientation FR...
[0000][PE] (25, 50, 75) percentile: (242, 286, 325)
[0000][PE] low and high boundaries for computing mean and std.dev: (76, 491)
[0000][PE] mean and std.dev: (278.86, 64.30)
[0000][PE] low and high boundaries for proper pairs: (1, 574)
[0000][PE] analyzing insert size distribution for orientation RF...
[0000][PE] (25, 50, 75) percentile: (557, 2666, 7004)
[0000][PE] low and high boundaries for computing mean and std.dev: (1, 19898)
[0000][PE] mean and std.dev: (3761.35, 3302.09)
[0000][PE] low and high boundaries for proper pairs: (1, 26345)
[0000][PE] analyzing insert size distribution for orientation RR...
[0000][PE] (25, 50, 75) percentile: (159, 245, 480)
[0000][PE] low and high boundaries for computing mean and std.dev: (1, 1122)
[0000][PE] mean and std.dev: (246.69, 178.55)
[0000][PE] low and high boundaries for proper pairs: (1, 1443)
[0000][PE] skip orientation FF
[0000][PE] skip orientation RF
[0000][PE] skip orientation RR
[0000] 3. Calling kt_for - worker_sam
[0000] read_chunk: 400000000, work_chunk_size: 400000119, nseq: 2779126
	[0000][ M::kt_pipeline] read 2779126 sequences (400000119 bp)...
	[0000][ M::mem_process_seqs] Processed 2777366 reads in 510.063 CPU sec, 13.690 real sec
[0000] Calling mem_process_seqs.., task: 4
[0000] 1. Calling kt_for - worker_bwt
[0000] 2. Calling kt_for - worker_aln
[0000] Inferring insert size distribution of PE reads from data, l_pac: 656111652, n: 2779126
[0000][PE] # candidate unique pairs for (FF, FR, RF, RR): (111, 1098353, 116, 120)
[0000][PE] analyzing insert size distribution for orientation FF...
[0000][PE] (25, 50, 75) percentile: (156, 216, 484)
[0000][PE] low and high boundaries for computing mean and std.dev: (1, 1140)
[0000][PE] mean and std.dev: (214.83, 137.92)
[0000][PE] low and high boundaries for proper pairs: (1, 1468)
[0000][PE] analyzing insert size distribution for orientation FR...
[0000][PE] (25, 50, 75) percentile: (242, 286, 325)
[0000][PE] low and high boundaries for computing mean and std.dev: (76, 491)
[0000][PE] mean and std.dev: (279.03, 64.15)
[0000][PE] low and high boundaries for proper pairs: (1, 574)
[0000][PE] analyzing insert size distribution for orientation RF...
[0000][PE] (25, 50, 75) percentile: (858, 3019, 5988)
[0000][PE] low and high boundaries for computing mean and std.dev: (1, 16248)
[0000][PE] mean and std.dev: (3710.69, 3182.67)
[0000][PE] low and high boundaries for proper pairs: (1, 21378)
[0000][PE] analyzing insert size distribution for orientation RR...
[0000][PE] (25, 50, 75) percentile: (183, 236, 738)
[0000][PE] low and high boundaries for computing mean and std.dev: (1, 1848)
[0000][PE] mean and std.dev: (339.19, 338.12)
[0000][PE] low and high boundaries for proper pairs: (1, 2403)
[0000][PE] skip orientation FF
[0000][PE] skip orientation RF
[0000][PE] skip orientation RR
[0000] 3. Calling kt_for - worker_sam
	[0000][ M::mem_process_seqs] Processed 2779126 reads in 464.461 CPU sec, 12.804 real sec
[0000] read_chunk: 400000000, work_chunk_size: 400000109, nseq: 2780004
	[0000][ M::kt_pipeline] read 2780004 sequences (400000109 bp)...
[0000] Calling mem_process_seqs.., task: 5
[0000] 1. Calling kt_for - worker_bwt
[0000] 2. Calling kt_for - worker_aln
[0000] Inferring insert size distribution of PE reads from data, l_pac: 656111652, n: 2780004
[0000][PE] # candidate unique pairs for (FF, FR, RF, RR): (119, 1117325, 104, 94)
[0000][PE] analyzing insert size distribution for orientation FF...
[0000][PE] (25, 50, 75) percentile: (141, 201, 316)
[0000][PE] low and high boundaries for computing mean and std.dev: (1, 666)
[0000][PE] mean and std.dev: (193.51, 110.33)
[0000][PE] low and high boundaries for proper pairs: (1, 841)
[0000][PE] analyzing insert size distribution for orientation FR...
[0000][PE] (25, 50, 75) percentile: (242, 286, 325)
[0000][PE] low and high boundaries for computing mean and std.dev: (76, 491)
[0000][PE] mean and std.dev: (278.91, 64.23)
[0000][PE] low and high boundaries for proper pairs: (1, 574)
[0000][PE] analyzing insert size distribution for orientation RF...
[0000][PE] (25, 50, 75) percentile: (525, 3458, 5776)
[0000][PE] low and high boundaries for computing mean and std.dev: (1, 16278)
[0000][PE] mean and std.dev: (3559.38, 3131.70)
[0000][PE] low and high boundaries for proper pairs: (1, 21529)
[0000][PE] analyzing insert size distribution for orientation RR...
[0000][PE] (25, 50, 75) percentile: (152, 243, 674)
[0000][PE] low and high boundaries for computing mean and std.dev: (1, 1718)
[0000][PE] mean and std.dev: (352.82, 346.67)
[0000][PE] low and high boundaries for proper pairs: (1, 2240)
[0000][PE] skip orientation FF
[0000][PE] skip orientation RF
[0000][PE] skip orientation RR
[0000] 3. Calling kt_for - worker_sam
[0000] read_chunk: 400000000, work_chunk_size: 400000036, nseq: 2780130
	[0000][ M::kt_pipeline] read 2780130 sequences (400000036 bp)...
	[0000][ M::mem_process_seqs] Processed 2780004 reads in 428.909 CPU sec, 11.898 real sec
[0000] Calling mem_process_seqs.., task: 6
[0000] 1. Calling kt_for - worker_bwt
[0000] 2. Calling kt_for - worker_aln
[0000] Inferring insert size distribution of PE reads from data, l_pac: 656111652, n: 2780130
[0000][PE] # candidate unique pairs for (FF, FR, RF, RR): (127, 1107077, 137, 99)
[0000][PE] analyzing insert size distribution for orientation FF...
[0000][PE] (25, 50, 75) percentile: (150, 213, 327)
[0000][PE] low and high boundaries for computing mean and std.dev: (1, 681)
[0000][PE] mean and std.dev: (191.49, 91.04)
[0000][PE] low and high boundaries for proper pairs: (1, 858)
[0000][PE] analyzing insert size distribution for orientation FR...
[0000][PE] (25, 50, 75) percentile: (242, 286, 325)
[0000][PE] low and high boundaries for computing mean and std.dev: (76, 491)
[0000][PE] mean and std.dev: (278.87, 64.28)
[0000][PE] low and high boundaries for proper pairs: (1, 574)
[0000][PE] analyzing insert size distribution for orientation RF...
[0000][PE] (25, 50, 75) percentile: (551, 3495, 6172)
[0000][PE] low and high boundaries for computing mean and std.dev: (1, 17414)
[0000][PE] mean and std.dev: (3712.89, 3088.50)
[0000][PE] low and high boundaries for proper pairs: (1, 23035)
[0000][PE] analyzing insert size distribution for orientation RR...
[0000][PE] (25, 50, 75) percentile: (146, 194, 256)
[0000][PE] low and high boundaries for computing mean and std.dev: (1, 476)
[0000][PE] mean and std.dev: (190.53, 75.14)
[0000][PE] low and high boundaries for proper pairs: (1, 586)
[0000][PE] skip orientation FF
[0000][PE] skip orientation RF
[0000][PE] skip orientation RR
[0000] 3. Calling kt_for - worker_sam
	[0000][ M::mem_process_seqs] Processed 2780130 reads in 440.427 CPU sec, 11.857 real sec
[0000] read_chunk: 400000000, work_chunk_size: 400000153, nseq: 2779692
	[0000][ M::kt_pipeline] read 2779692 sequences (400000153 bp)...
[0000] Calling mem_process_seqs.., task: 7
[0000] 1. Calling kt_for - worker_bwt
[0000] 2. Calling kt_for - worker_aln
[0000] Inferring insert size distribution of PE reads from data, l_pac: 656111652, n: 2779692
[0000][PE] # candidate unique pairs for (FF, FR, RF, RR): (100, 1104084, 117, 101)
[0000][PE] analyzing insert size distribution for orientation FF...
[0000][PE] (25, 50, 75) percentile: (132, 203, 289)
[0000][PE] low and high boundaries for computing mean and std.dev: (1, 603)
[0000][PE] mean and std.dev: (176.58, 80.23)
[0000][PE] low and high boundaries for proper pairs: (1, 760)
[0000][PE] analyzing insert size distribution for orientation FR...
[0000][PE] (25, 50, 75) percentile: (242, 286, 325)
[0000][PE] low and high boundaries for computing mean and std.dev: (76, 491)
[0000][PE] mean and std.dev: (278.91, 64.24)
[0000][PE] low and high boundaries for proper pairs: (1, 574)
[0000][PE] analyzing insert size distribution for orientation RF...
[0000][PE] (25, 50, 75) percentile: (288, 1016, 5574)
[0000][PE] low and high boundaries for computing mean and std.dev: (1, 16146)
[0000][PE] mean and std.dev: (3027.79, 3313.94)
[0000][PE] low and high boundaries for proper pairs: (1, 21432)
[0000][PE] analyzing insert size distribution for orientation RR...
[0000][PE] (25, 50, 75) percentile: (152, 193, 270)
[0000][PE] low and high boundaries for computing mean and std.dev: (1, 506)
[0000][PE] mean and std.dev: (186.60, 74.38)
[0000][PE] low and high boundaries for proper pairs: (1, 624)
[0000][PE] skip orientation FF
[0000][PE] skip orientation RF
[0000][PE] skip orientation RR
[0000] 3. Calling kt_for - worker_sam
[0000] read_chunk: 400000000, work_chunk_size: 400000180, nseq: 2780360
	[0000][ M::kt_pipeline] read 2780360 sequences (400000180 bp)...
	[0000][ M::mem_process_seqs] Processed 2779692 reads in 463.025 CPU sec, 12.627 real sec
[0000] Calling mem_process_seqs.., task: 8
[0000] 1. Calling kt_for - worker_bwt
[0000] 2. Calling kt_for - worker_aln
[0000] Inferring insert size distribution of PE reads from data, l_pac: 656111652, n: 2780360
[0000][PE] # candidate unique pairs for (FF, FR, RF, RR): (103, 1114358, 104, 83)
[0000][PE] analyzing insert size distribution for orientation FF...
[0000][PE] (25, 50, 75) percentile: (136, 190, 273)
[0000][PE] low and high boundaries for computing mean and std.dev: (1, 547)
[0000][PE] mean and std.dev: (187.44, 85.41)
[0000][PE] low and high boundaries for proper pairs: (1, 684)
[0000][PE] analyzing insert size distribution for orientation FR...
[0000][PE] (25, 50, 75) percentile: (242, 286, 324)
[0000][PE] low and high boundaries for computing mean and std.dev: (78, 488)
[0000][PE] mean and std.dev: (279.08, 63.86)
[0000][PE] low and high boundaries for proper pairs: (1, 570)
[0000][PE] analyzing insert size distribution for orientation RF...
[0000][PE] (25, 50, 75) percentile: (544, 2903, 6777)
[0000][PE] low and high boundaries for computing mean and std.dev: (1, 19243)
[0000][PE] mean and std.dev: (3659.00, 3297.53)
[0000][PE] low and high boundaries for proper pairs: (1, 25476)
[0000][PE] analyzing insert size distribution for orientation RR...
[0000][PE] (25, 50, 75) percentile: (152, 194, 424)
[0000][PE] low and high boundaries for computing mean and std.dev: (1, 968)
[0000][PE] mean and std.dev: (211.41, 140.36)
[0000][PE] low and high boundaries for proper pairs: (1, 1240)
[0000][PE] skip orientation FF
[0000][PE] skip orientation RF
[0000][PE] skip orientation RR
[0000] 3. Calling kt_for - worker_sam
[0000] read_chunk: 400000000, work_chunk_size: 241498426, nseq: 1679200
	[0000][ M::kt_pipeline] read 1679200 sequences (241498426 bp)...
	[0000][ M::mem_process_seqs] Processed 2780360 reads in 427.329 CPU sec, 11.700 real sec
[0000] Calling mem_process_seqs.., task: 9
[0000] 1. Calling kt_for - worker_bwt
[0000] 2. Calling kt_for - worker_aln
[0000] Inferring insert size distribution of PE reads from data, l_pac: 656111652, n: 1679200
[0000][PE] # candidate unique pairs for (FF, FR, RF, RR): (90, 681957, 61, 58)
[0000][PE] analyzing insert size distribution for orientation FF...
[0000][PE] (25, 50, 75) percentile: (151, 207, 312)
[0000][PE] low and high boundaries for computing mean and std.dev: (1, 634)
[0000][PE] mean and std.dev: (205.17, 97.95)
[0000][PE] low and high boundaries for proper pairs: (1, 795)
[0000][PE] analyzing insert size distribution for orientation FR...
[0000][PE] (25, 50, 75) percentile: (242, 286, 325)
[0000][PE] low and high boundaries for computing mean and std.dev: (76, 491)
[0000][PE] mean and std.dev: (278.90, 64.31)
[0000][PE] low and high boundaries for proper pairs: (1, 574)
[0000][PE] analyzing insert size distribution for orientation RF...
[0000][PE] (25, 50, 75) percentile: (377, 1664, 5002)
[0000][PE] low and high boundaries for computing mean and std.dev: (1, 14252)
[0000][PE] mean and std.dev: (3056.95, 2955.86)
[0000][PE] low and high boundaries for proper pairs: (1, 18877)
[0000][PE] analyzing insert size distribution for orientation RR...
[0000][PE] (25, 50, 75) percentile: (172, 224, 401)
[0000][PE] low and high boundaries for computing mean and std.dev: (1, 859)
[0000][PE] mean and std.dev: (206.76, 78.82)
[0000][PE] low and high boundaries for proper pairs: (1, 1088)
[0000][PE] skip orientation FF
[0000][PE] skip orientation RF
[0000][PE] skip orientation RR
[0000] 3. Calling kt_for - worker_sam
[0000] read_chunk: 400000000, work_chunk_size: 0, nseq: 0
	[0000][ M::mem_process_seqs] Processed 1679200 reads in 239.779 CPU sec, 6.662 real sec
[0000] read_chunk: 400000000, work_chunk_size: 0, nseq: 0
[0000] Computation ends..
No. of OMP threads: 40
Processor is running @2394.763836 MHz
Runtime profile:

	Time taken for main_mem function: 217.77 sec

	IO times (sec) :
	Reading IO time (reads) avg: 104.50, (104.50, 104.50)
	Writing IO time (SAM) avg: 35.17, (35.17, 35.17)
	Reading IO time (Reference Genome) avg: 0.78, (0.78, 0.78)
	Index read time avg: 0.11, (0.11, 0.11)

	Overall time (sec) (Excluding Index reading time):
	PROCESS() (Total compute time + (read + SAM) IO time) : 216.79
	MEM_PROCESS_SEQ() (Total compute time (Kernel + SAM)), avg: 121.95, (121.95, 121.95)

	 SAM Processing time (sec):
	--WORKER_SAM avg: 49.66, (49.66, 49.66)

	Kernels' compute time (sec):
	Total kernel (smem+sal+bsw) time avg: 69.40, (69.40, 69.40)
		MEM_ALN_CHAIN_FLT avg: 0.00, (0.00, 0.00)
		MEM_ALN_CHAIN_SEED avg: 0.00, (0.00, 0.00)
		ERT_SEED_CHAIN avg: 0.00, (0.00, 0.00)
	LEARNED_SEED_CHAIN avg: 26.46, (26.71, 26.22)
		SMEM compute avg: 0.00, (0.00, 0.00)
		SAL compute avg: 0.00, (0.00, 0.00)
				MEM_SA avg: 0.00, (0.00, 0.00)

		BSW time, avg: 39.75, (40.19, 39.43)

Important parameter settings: 
	BATCH_SIZE: 512
	MAX_SEQ_LEN_REF: 256
	MAX_SEQ_LEN_QER: 128
	MAX_SEQ_LEN8: 128
	SEEDS_PER_READ: 500
	SIMD_WIDTH8 X: 64
	SIMD_WIDTH16 X: 32
	AVG_SEEDS_PER_READ: 64
