Looking to launch executable "/opt/conda/bin/bwa-meme_mode3.avx512bw", simd = _mode3.avx512bw
Launching executable "/opt/conda/bin/bwa-meme_mode3.avx512bw"
-----------------------------
Executing in AVX512 mode!!
-----------------------------
* SA compression enabled with xfactor: 8
* Ref file: reference.902362185.genome.fasta
* Entering FMI_search
Reading other elements of the index from files reference.902362185.genome.fasta
* Index prefix: reference.902362185.genome.fasta
* Read 0 ALT contigs
* Reading reference genome..
* Binary seq file = reference.902362185.genome.fasta.0123
* Reference genome size: 1312223304 bp
* Done reading reference genome !!

------------------------------------------
1. Memory pre-allocation for Chaining: 5679.4903 MB
2. Memory pre-allocation for BSW: 9584.6810 MB
[M::memoryAllocLearned::MEME] Reading Learned-index models into memory
[Learned-Config] MODE:3 SEARCH_METHOD: 1 MEM_TRADEOFF:1 EXPONENTIAL_SMEMSEARCH: 1 DEBUG_MODE:0 Num 2nd Models:268435456 PWL Bits Used:28
[M::memoryAllocLearned::MEME] Loading RMI model and Pac reference file took 24.598 sec
[M::memoryAllocLearned::MEME] Reading suffix array into memory
[M::memoryAllocLearned::MEME] Loading pos_packed file took 51.070 sec
[M::memoryAllocLearned::MEME] Generating SA, 64-bit Suffix and ISA in memory
[M::memoryAllocLearned::MEME] Runtime-build-index took 13.355 sec
3. Memory pre-allocation for BWT: 7204.5072 MB
------------------------------------------
* Threads used (compute): 40
* No. of pipeline threads: 2

[0000] read_chunk: 400000000, work_chunk_size: 400000239, nseq: 2772630
	[0000][ M::kt_pipeline] read 2772630 sequences (400000239 bp)...
[0000] Reallocating initial memory allocations!!
[0000] Calling mem_process_seqs.., task: 0
[0000] 1. Calling kt_for - worker_bwt
[0000] 2. Calling kt_for - worker_aln
[0000] read_chunk: 400000000, work_chunk_size: 400000004, nseq: 2775404
	[0000][ M::kt_pipeline] read 2775404 sequences (400000004 bp)...
[0000] Inferring insert size distribution of PE reads from data, l_pac: 656111652, n: 2772630
[0000][PE] # candidate unique pairs for (FF, FR, RF, RR): (87, 1106088, 92, 84)
[0000][PE] analyzing insert size distribution for orientation FF...
[0000][PE] (25, 50, 75) percentile: (148, 214, 454)
[0000][PE] low and high boundaries for computing mean and std.dev: (1, 1066)
[0000][PE] mean and std.dev: (238.32, 196.64)
[0000][PE] low and high boundaries for proper pairs: (1, 1372)
[0000][PE] analyzing insert size distribution for orientation FR...
[0000][PE] (25, 50, 75) percentile: (244, 287, 325)
[0000][PE] low and high boundaries for computing mean and std.dev: (82, 487)
[0000][PE] mean and std.dev: (281.07, 61.83)
[0000][PE] low and high boundaries for proper pairs: (1, 568)
[0000][PE] analyzing insert size distribution for orientation RF...
[0000][PE] (25, 50, 75) percentile: (485, 2075, 6651)
[0000][PE] low and high boundaries for computing mean and std.dev: (1, 18983)
[0000][PE] mean and std.dev: (3370.85, 3195.21)
[0000][PE] low and high boundaries for proper pairs: (1, 25149)
[0000][PE] analyzing insert size distribution for orientation RR...
[0000][PE] (25, 50, 75) percentile: (150, 211, 394)
[0000][PE] low and high boundaries for computing mean and std.dev: (1, 882)
[0000][PE] mean and std.dev: (213.51, 123.44)
[0000][PE] low and high boundaries for proper pairs: (1, 1126)
[0000][PE] skip orientation FF
[0000][PE] skip orientation RF
[0000][PE] skip orientation RR
[0000] 3. Calling kt_for - worker_sam
	[0000][ M::mem_process_seqs] Processed 2772630 reads in 497.167 CPU sec, 15.744 real sec
[0000] Reallocating initial memory allocations!!
[0000] Calling mem_process_seqs.., task: 1
[0000] 1. Calling kt_for - worker_bwt
[0000] 2. Calling kt_for - worker_aln
[0000] Inferring insert size distribution of PE reads from data, l_pac: 656111652, n: 2775404
[0000][PE] # candidate unique pairs for (FF, FR, RF, RR): (68, 1141145, 116, 73)
[0000][PE] analyzing insert size distribution for orientation FF...
[0000][PE] (25, 50, 75) percentile: (173, 257, 591)
[0000][PE] low and high boundaries for computing mean and std.dev: (1, 1427)
[0000][PE] mean and std.dev: (267.38, 207.74)
[0000][PE] low and high boundaries for proper pairs: (1, 1845)
[0000][PE] analyzing insert size distribution for orientation FR...
[0000][PE] (25, 50, 75) percentile: (244, 287, 325)
[0000][PE] low and high boundaries for computing mean and std.dev: (82, 487)
[0000][PE] mean and std.dev: (281.07, 61.91)
[0000][PE] low and high boundaries for proper pairs: (1, 568)
[0000][PE] analyzing insert size distribution for orientation RF...
[0000][PE] (25, 50, 75) percentile: (612, 2995, 6849)
[0000][PE] low and high boundaries for computing mean and std.dev: (1, 19323)
[0000][PE] mean and std.dev: (3663.34, 3266.44)
[0000][PE] low and high boundaries for proper pairs: (1, 25560)
[0000][PE] analyzing insert size distribution for orientation RR...
[0000][PE] (25, 50, 75) percentile: (153, 221, 1133)
[0000][PE] low and high boundaries for computing mean and std.dev: (1, 3093)
[0000][PE] mean and std.dev: (285.03, 298.78)
[0000][PE] low and high boundaries for proper pairs: (1, 4073)
[0000][PE] skip orientation FF
[0000][PE] skip orientation RF
[0000][PE] skip orientation RR
[0000] 3. Calling kt_for - worker_sam
[0000] read_chunk: 400000000, work_chunk_size: 400000237, nseq: 2775146
	[0000][ M::kt_pipeline] read 2775146 sequences (400000237 bp)...
	[0000][ M::mem_process_seqs] Processed 2775404 reads in 393.378 CPU sec, 10.608 real sec
[0000] Calling mem_process_seqs.., task: 2
[0000] 1. Calling kt_for - worker_bwt
[0000] 2. Calling kt_for - worker_aln
[0000] Inferring insert size distribution of PE reads from data, l_pac: 656111652, n: 2775146
[0000][PE] # candidate unique pairs for (FF, FR, RF, RR): (81, 1132459, 117, 67)
[0000][PE] analyzing insert size distribution for orientation FF...
[0000][PE] (25, 50, 75) percentile: (139, 210, 371)
[0000][PE] low and high boundaries for computing mean and std.dev: (1, 835)
[0000][PE] mean and std.dev: (221.25, 142.86)
[0000][PE] low and high boundaries for proper pairs: (1, 1067)
[0000][PE] analyzing insert size distribution for orientation FR...
[0000][PE] (25, 50, 75) percentile: (244, 287, 325)
[0000][PE] low and high boundaries for computing mean and std.dev: (82, 487)
[0000][PE] mean and std.dev: (281.14, 62.00)
[0000][PE] low and high boundaries for proper pairs: (1, 568)
[0000][PE] analyzing insert size distribution for orientation RF...
[0000][PE] (25, 50, 75) percentile: (604, 2417, 6633)
[0000][PE] low and high boundaries for computing mean and std.dev: (1, 18691)
[0000][PE] mean and std.dev: (3557.78, 3323.19)
[0000][PE] low and high boundaries for proper pairs: (1, 24720)
[0000][PE] analyzing insert size distribution for orientation RR...
[0000][PE] (25, 50, 75) percentile: (133, 221, 553)
[0000][PE] low and high boundaries for computing mean and std.dev: (1, 1393)
[0000][PE] mean and std.dev: (236.60, 200.74)
[0000][PE] low and high boundaries for proper pairs: (1, 1813)
[0000][PE] skip orientation FF
[0000][PE] skip orientation RF
[0000][PE] skip orientation RR
[0000] 3. Calling kt_for - worker_sam
	[0000][ M::mem_process_seqs] Processed 2775146 reads in 420.211 CPU sec, 12.221 real sec
[0000] read_chunk: 400000000, work_chunk_size: 400000231, nseq: 2772288
	[0000][ M::kt_pipeline] read 2772288 sequences (400000231 bp)...
[0000] Calling mem_process_seqs.., task: 3
[0000] 1. Calling kt_for - worker_bwt
[0000] 2. Calling kt_for - worker_aln
[0000] Inferring insert size distribution of PE reads from data, l_pac: 656111652, n: 2772288
[0000][PE] # candidate unique pairs for (FF, FR, RF, RR): (76, 1105412, 134, 74)
[0000][PE] analyzing insert size distribution for orientation FF...
[0000][PE] (25, 50, 75) percentile: (128, 201, 342)
[0000][PE] low and high boundaries for computing mean and std.dev: (1, 770)
[0000][PE] mean and std.dev: (196.29, 121.47)
[0000][PE] low and high boundaries for proper pairs: (1, 984)
[0000][PE] analyzing insert size distribution for orientation FR...
[0000][PE] (25, 50, 75) percentile: (244, 287, 325)
[0000][PE] low and high boundaries for computing mean and std.dev: (82, 487)
[0000][PE] mean and std.dev: (281.16, 61.89)
[0000][PE] low and high boundaries for proper pairs: (1, 568)
[0000][PE] analyzing insert size distribution for orientation RF...
[0000][PE] (25, 50, 75) percentile: (691, 4199, 6767)
[0000][PE] low and high boundaries for computing mean and std.dev: (1, 18919)
[0000][PE] mean and std.dev: (3920.60, 3223.09)
[0000][PE] low and high boundaries for proper pairs: (1, 24995)
[0000][PE] analyzing insert size distribution for orientation RR...
[0000][PE] (25, 50, 75) percentile: (153, 224, 361)
[0000][PE] low and high boundaries for computing mean and std.dev: (1, 777)
[0000][PE] mean and std.dev: (207.31, 114.80)
[0000][PE] low and high boundaries for proper pairs: (1, 985)
[0000][PE] skip orientation FF
[0000][PE] skip orientation RF
[0000][PE] skip orientation RR
[0000] 3. Calling kt_for - worker_sam
	[0000][ M::mem_process_seqs] Processed 2772288 reads in 486.874 CPU sec, 13.872 real sec
[0000] read_chunk: 400000000, work_chunk_size: 400000176, nseq: 2773700
	[0000][ M::kt_pipeline] read 2773700 sequences (400000176 bp)...
[0000] Calling mem_process_seqs.., task: 4
[0000] 1. Calling kt_for - worker_bwt
[0000] 2. Calling kt_for - worker_aln
[0000] Inferring insert size distribution of PE reads from data, l_pac: 656111652, n: 2773700
[0000][PE] # candidate unique pairs for (FF, FR, RF, RR): (86, 1120085, 122, 69)
[0000][PE] analyzing insert size distribution for orientation FF...
[0000][PE] (25, 50, 75) percentile: (152, 207, 299)
[0000][PE] low and high boundaries for computing mean and std.dev: (1, 593)
[0000][PE] mean and std.dev: (186.87, 70.82)
[0000][PE] low and high boundaries for proper pairs: (1, 740)
[0000][PE] analyzing insert size distribution for orientation FR...
[0000][PE] (25, 50, 75) percentile: (244, 287, 325)
[0000][PE] low and high boundaries for computing mean and std.dev: (82, 487)
[0000][PE] mean and std.dev: (281.16, 61.96)
[0000][PE] low and high boundaries for proper pairs: (1, 568)
[0000][PE] analyzing insert size distribution for orientation RF...
[0000][PE] (25, 50, 75) percentile: (424, 2143, 6435)
[0000][PE] low and high boundaries for computing mean and std.dev: (1, 18457)
[0000][PE] mean and std.dev: (3589.34, 3386.34)
[0000][PE] low and high boundaries for proper pairs: (1, 24468)
[0000][PE] analyzing insert size distribution for orientation RR...
[0000][PE] (25, 50, 75) percentile: (168, 212, 407)
[0000][PE] low and high boundaries for computing mean and std.dev: (1, 885)
[0000][PE] mean and std.dev: (238.12, 136.65)
[0000][PE] low and high boundaries for proper pairs: (1, 1124)
[0000][PE] skip orientation FF
[0000][PE] skip orientation RF
[0000][PE] skip orientation RR
[0000] 3. Calling kt_for - worker_sam
	[0000][ M::mem_process_seqs] Processed 2773700 reads in 449.353 CPU sec, 12.811 real sec
[0000] read_chunk: 400000000, work_chunk_size: 400000117, nseq: 2773732
	[0000][ M::kt_pipeline] read 2773732 sequences (400000117 bp)...
[0000] Calling mem_process_seqs.., task: 5
[0000] 1. Calling kt_for - worker_bwt
[0000] 2. Calling kt_for - worker_aln
[0000] Inferring insert size distribution of PE reads from data, l_pac: 656111652, n: 2773732
[0000][PE] # candidate unique pairs for (FF, FR, RF, RR): (81, 1125116, 126, 71)
[0000][PE] analyzing insert size distribution for orientation FF...
[0000][PE] (25, 50, 75) percentile: (131, 196, 331)
[0000][PE] low and high boundaries for computing mean and std.dev: (1, 731)
[0000][PE] mean and std.dev: (185.74, 84.14)
[0000][PE] low and high boundaries for proper pairs: (1, 931)
[0000][PE] analyzing insert size distribution for orientation FR...
[0000][PE] (25, 50, 75) percentile: (244, 287, 325)
[0000][PE] low and high boundaries for computing mean and std.dev: (82, 487)
[0000][PE] mean and std.dev: (281.28, 61.85)
[0000][PE] low and high boundaries for proper pairs: (1, 568)
[0000][PE] analyzing insert size distribution for orientation RF...
[0000][PE] (25, 50, 75) percentile: (785, 2436, 5522)
[0000][PE] low and high boundaries for computing mean and std.dev: (1, 14996)
[0000][PE] mean and std.dev: (3449.90, 3056.62)
[0000][PE] low and high boundaries for proper pairs: (1, 19733)
[0000][PE] analyzing insert size distribution for orientation RR...
[0000][PE] (25, 50, 75) percentile: (157, 200, 2131)
[0000][PE] low and high boundaries for computing mean and std.dev: (1, 6079)
[0000][PE] mean and std.dev: (806.70, 1282.77)
[0000][PE] low and high boundaries for proper pairs: (1, 8053)
[0000][PE] skip orientation FF
[0000][PE] skip orientation RF
[0000][PE] skip orientation RR
[0000] 3. Calling kt_for - worker_sam
	[0000][ M::mem_process_seqs] Processed 2773732 reads in 448.154 CPU sec, 13.453 real sec
[0000] read_chunk: 400000000, work_chunk_size: 400000229, nseq: 2774638
	[0000][ M::kt_pipeline] read 2774638 sequences (400000229 bp)...
[0000] Calling mem_process_seqs.., task: 6
[0000] 1. Calling kt_for - worker_bwt
[0000] 2. Calling kt_for - worker_aln
[0000] Inferring insert size distribution of PE reads from data, l_pac: 656111652, n: 2774638
[0000][PE] # candidate unique pairs for (FF, FR, RF, RR): (82, 1135724, 133, 69)
[0000][PE] analyzing insert size distribution for orientation FF...
[0000][PE] (25, 50, 75) percentile: (145, 208, 276)
[0000][PE] low and high boundaries for computing mean and std.dev: (1, 538)
[0000][PE] mean and std.dev: (178.28, 72.20)
[0000][PE] low and high boundaries for proper pairs: (1, 669)
[0000][PE] analyzing insert size distribution for orientation FR...
[0000][PE] (25, 50, 75) percentile: (244, 287, 325)
[0000][PE] low and high boundaries for computing mean and std.dev: (82, 487)
[0000][PE] mean and std.dev: (281.20, 61.96)
[0000][PE] low and high boundaries for proper pairs: (1, 568)
[0000][PE] analyzing insert size distribution for orientation RF...
[0000][PE] (25, 50, 75) percentile: (627, 3200, 7370)
[0000][PE] low and high boundaries for computing mean and std.dev: (1, 20856)
[0000][PE] mean and std.dev: (3992.23, 3401.83)
[0000][PE] low and high boundaries for proper pairs: (1, 27599)
[0000][PE] analyzing insert size distribution for orientation RR...
[0000][PE] (25, 50, 75) percentile: (147, 198, 273)
[0000][PE] low and high boundaries for computing mean and std.dev: (1, 525)
[0000][PE] mean and std.dev: (177.89, 65.21)
[0000][PE] low and high boundaries for proper pairs: (1, 651)
[0000][PE] skip orientation FF
[0000][PE] skip orientation RF
[0000][PE] skip orientation RR
[0000] 3. Calling kt_for - worker_sam
	[0000][ M::mem_process_seqs] Processed 2774638 reads in 425.932 CPU sec, 13.143 real sec
[0000] read_chunk: 400000000, work_chunk_size: 400000135, nseq: 2774048
	[0000][ M::kt_pipeline] read 2774048 sequences (400000135 bp)...
[0000] Calling mem_process_seqs.., task: 7
[0000] 1. Calling kt_for - worker_bwt
[0000] 2. Calling kt_for - worker_aln
[0000] Inferring insert size distribution of PE reads from data, l_pac: 656111652, n: 2774048
[0000][PE] # candidate unique pairs for (FF, FR, RF, RR): (71, 1126296, 111, 74)
[0000][PE] analyzing insert size distribution for orientation FF...
[0000][PE] (25, 50, 75) percentile: (166, 233, 670)
[0000][PE] low and high boundaries for computing mean and std.dev: (1, 1678)
[0000][PE] mean and std.dev: (303.85, 280.90)
[0000][PE] low and high boundaries for proper pairs: (1, 2182)
[0000][PE] analyzing insert size distribution for orientation FR...
[0000][PE] (25, 50, 75) percentile: (244, 287, 325)
[0000][PE] low and high boundaries for computing mean and std.dev: (82, 487)
[0000][PE] mean and std.dev: (281.14, 61.95)
[0000][PE] low and high boundaries for proper pairs: (1, 568)
[0000][PE] analyzing insert size distribution for orientation RF...
[0000][PE] (25, 50, 75) percentile: (562, 4056, 7011)
[0000][PE] low and high boundaries for computing mean and std.dev: (1, 19909)
[0000][PE] mean and std.dev: (3932.06, 3358.24)
[0000][PE] low and high boundaries for proper pairs: (1, 26358)
[0000][PE] analyzing insert size distribution for orientation RR...
[0000][PE] (25, 50, 75) percentile: (150, 190, 283)
[0000][PE] low and high boundaries for computing mean and std.dev: (1, 549)
[0000][PE] mean and std.dev: (172.77, 56.47)
[0000][PE] low and high boundaries for proper pairs: (1, 682)
[0000][PE] skip orientation FF
[0000][PE] skip orientation RF
[0000][PE] skip orientation RR
[0000] 3. Calling kt_for - worker_sam
	[0000][ M::mem_process_seqs] Processed 2774048 reads in 433.754 CPU sec, 12.991 real sec
[0000] read_chunk: 400000000, work_chunk_size: 400000019, nseq: 2774810
	[0000][ M::kt_pipeline] read 2774810 sequences (400000019 bp)...
[0000] Calling mem_process_seqs.., task: 8
[0000] 1. Calling kt_for - worker_bwt
[0000] 2. Calling kt_for - worker_aln
[0000] Inferring insert size distribution of PE reads from data, l_pac: 656111652, n: 2774810
[0000][PE] # candidate unique pairs for (FF, FR, RF, RR): (82, 1128940, 133, 76)
[0000][PE] analyzing insert size distribution for orientation FF...
[0000][PE] (25, 50, 75) percentile: (129, 195, 259)
[0000][PE] low and high boundaries for computing mean and std.dev: (1, 519)
[0000][PE] mean and std.dev: (169.53, 72.44)
[0000][PE] low and high boundaries for proper pairs: (1, 649)
[0000][PE] analyzing insert size distribution for orientation FR...
[0000][PE] (25, 50, 75) percentile: (244, 287, 325)
[0000][PE] low and high boundaries for computing mean and std.dev: (82, 487)
[0000][PE] mean and std.dev: (281.01, 62.04)
[0000][PE] low and high boundaries for proper pairs: (1, 568)
[0000][PE] analyzing insert size distribution for orientation RF...
[0000][PE] (25, 50, 75) percentile: (575, 1853, 5931)
[0000][PE] low and high boundaries for computing mean and std.dev: (1, 16643)
[0000][PE] mean and std.dev: (3227.56, 3084.81)
[0000][PE] low and high boundaries for proper pairs: (1, 21999)
[0000][PE] analyzing insert size distribution for orientation RR...
[0000][PE] (25, 50, 75) percentile: (167, 210, 815)
[0000][PE] low and high boundaries for computing mean and std.dev: (1, 2111)
[0000][PE] mean and std.dev: (292.69, 307.75)
[0000][PE] low and high boundaries for proper pairs: (1, 2759)
[0000][PE] skip orientation FF
[0000][PE] skip orientation RF
[0000][PE] skip orientation RR
[0000] 3. Calling kt_for - worker_sam
	[0000][ M::mem_process_seqs] Processed 2774810 reads in 436.782 CPU sec, 13.119 real sec
[0000] read_chunk: 400000000, work_chunk_size: 400000281, nseq: 2773960
	[0000][ M::kt_pipeline] read 2773960 sequences (400000281 bp)...
[0000] Calling mem_process_seqs.., task: 9
[0000] 1. Calling kt_for - worker_bwt
[0000] 2. Calling kt_for - worker_aln
[0000] Inferring insert size distribution of PE reads from data, l_pac: 656111652, n: 2773960
[0000][PE] # candidate unique pairs for (FF, FR, RF, RR): (70, 1128527, 114, 73)
[0000][PE] analyzing insert size distribution for orientation FF...
[0000][PE] (25, 50, 75) percentile: (149, 199, 262)
[0000][PE] low and high boundaries for computing mean and std.dev: (1, 488)
[0000][PE] mean and std.dev: (176.90, 67.42)
[0000][PE] low and high boundaries for proper pairs: (1, 601)
[0000][PE] analyzing insert size distribution for orientation FR...
[0000][PE] (25, 50, 75) percentile: (244, 287, 325)
[0000][PE] low and high boundaries for computing mean and std.dev: (82, 487)
[0000][PE] mean and std.dev: (281.15, 61.90)
[0000][PE] low and high boundaries for proper pairs: (1, 568)
[0000][PE] analyzing insert size distribution for orientation RF...
[0000][PE] (25, 50, 75) percentile: (578, 2869, 6889)
[0000][PE] low and high boundaries for computing mean and std.dev: (1, 19511)
[0000][PE] mean and std.dev: (3560.49, 3241.25)
[0000][PE] low and high boundaries for proper pairs: (1, 25822)
[0000][PE] analyzing insert size distribution for orientation RR...
[0000][PE] (25, 50, 75) percentile: (154, 218, 891)
[0000][PE] low and high boundaries for computing mean and std.dev: (1, 2365)
[0000][PE] mean and std.dev: (405.40, 462.21)
[0000][PE] low and high boundaries for proper pairs: (1, 3102)
[0000][PE] skip orientation FF
[0000][PE] skip orientation RF
[0000][PE] skip orientation RR
[0000] 3. Calling kt_for - worker_sam
	[0000][ M::mem_process_seqs] Processed 2773960 reads in 440.475 CPU sec, 12.836 real sec
[0000] read_chunk: 400000000, work_chunk_size: 400000252, nseq: 2774236
	[0000][ M::kt_pipeline] read 2774236 sequences (400000252 bp)...
[0000] Calling mem_process_seqs.., task: 10
[0000] 1. Calling kt_for - worker_bwt
[0000] 2. Calling kt_for - worker_aln
[0000] Inferring insert size distribution of PE reads from data, l_pac: 656111652, n: 2774236
[0000][PE] # candidate unique pairs for (FF, FR, RF, RR): (85, 1130259, 122, 72)
[0000][PE] analyzing insert size distribution for orientation FF...
[0000][PE] (25, 50, 75) percentile: (152, 202, 994)
[0000][PE] low and high boundaries for computing mean and std.dev: (1, 2678)
[0000][PE] mean and std.dev: (408.78, 503.92)
[0000][PE] low and high boundaries for proper pairs: (1, 3520)
[0000][PE] analyzing insert size distribution for orientation FR...
[0000][PE] (25, 50, 75) percentile: (244, 287, 325)
[0000][PE] low and high boundaries for computing mean and std.dev: (82, 487)
[0000][PE] mean and std.dev: (281.16, 61.95)
[0000][PE] low and high boundaries for proper pairs: (1, 568)
[0000][PE] analyzing insert size distribution for orientation RF...
[0000][PE] (25, 50, 75) percentile: (597, 2998, 6988)
[0000][PE] low and high boundaries for computing mean and std.dev: (1, 19770)
[0000][PE] mean and std.dev: (3767.67, 3333.51)
[0000][PE] low and high boundaries for proper pairs: (1, 26161)
[0000][PE] analyzing insert size distribution for orientation RR...
[0000][PE] (25, 50, 75) percentile: (156, 199, 240)
[0000][PE] low and high boundaries for computing mean and std.dev: (1, 408)
[0000][PE] mean and std.dev: (188.00, 54.59)
[0000][PE] low and high boundaries for proper pairs: (1, 492)
[0000][PE] skip orientation FF
[0000][PE] skip orientation RF
[0000][PE] skip orientation RR
[0000] 3. Calling kt_for - worker_sam
[0000] read_chunk: 400000000, work_chunk_size: 225760906, nseq: 1566762
	[0000][ M::kt_pipeline] read 1566762 sequences (225760906 bp)...
	[0000][ M::mem_process_seqs] Processed 2774236 reads in 429.168 CPU sec, 13.200 real sec
[0000] Calling mem_process_seqs.., task: 11
[0000] 1. Calling kt_for - worker_bwt
[0000] 2. Calling kt_for - worker_aln
[0000] Inferring insert size distribution of PE reads from data, l_pac: 656111652, n: 1566762
[0000][PE] # candidate unique pairs for (FF, FR, RF, RR): (45, 647697, 81, 45)
[0000][PE] analyzing insert size distribution for orientation FF...
[0000][PE] (25, 50, 75) percentile: (141, 184, 257)
[0000][PE] low and high boundaries for computing mean and std.dev: (1, 489)
[0000][PE] mean and std.dev: (181.08, 68.25)
[0000][PE] low and high boundaries for proper pairs: (1, 605)
[0000][PE] analyzing insert size distribution for orientation FR...
[0000][PE] (25, 50, 75) percentile: (244, 287, 325)
[0000][PE] low and high boundaries for computing mean and std.dev: (82, 487)
[0000][PE] mean and std.dev: (281.21, 62.03)
[0000][PE] low and high boundaries for proper pairs: (1, 568)
[0000][PE] analyzing insert size distribution for orientation RF...
[0000][PE] (25, 50, 75) percentile: (703, 1000, 5023)
[0000][PE] low and high boundaries for computing mean and std.dev: (1, 13663)
[0000][PE] mean and std.dev: (2811.60, 2928.72)
[0000][PE] low and high boundaries for proper pairs: (1, 17983)
[0000][PE] analyzing insert size distribution for orientation RR...
[0000][PE] (25, 50, 75) percentile: (157, 222, 537)
[0000][PE] low and high boundaries for computing mean and std.dev: (1, 1297)
[0000][PE] mean and std.dev: (281.18, 242.82)
[0000][PE] low and high boundaries for proper pairs: (1, 1677)
[0000][PE] skip orientation FF
[0000][PE] skip orientation RF
[0000][PE] skip orientation RR
[0000] 3. Calling kt_for - worker_sam
	[0000][ M::mem_process_seqs] Processed 1566762 reads in 221.990 CPU sec, 6.803 real sec
[0000] read_chunk: 400000000, work_chunk_size: 0, nseq: 0
[0000] read_chunk: 400000000, work_chunk_size: 0, nseq: 0
[0000] Computation ends..
No. of OMP threads: 40
Processor is running @2394.716806 MHz
Runtime profile:

	Time taken for main_mem function: 305.69 sec

	IO times (sec) :
	Reading IO time (reads) avg: 118.03, (118.03, 118.03)
	Writing IO time (SAM) avg: 126.69, (126.69, 126.69)
	Reading IO time (Reference Genome) avg: 0.58, (0.58, 0.58)
	Index read time avg: 0.12, (0.12, 0.12)

	Overall time (sec) (Excluding Index reading time):
	PROCESS() (Total compute time + (read + SAM) IO time) : 304.98
	MEM_PROCESS_SEQ() (Total compute time (Kernel + SAM)), avg: 150.78, (150.78, 150.78)

	 SAM Processing time (sec):
	--WORKER_SAM avg: 62.34, (62.34, 62.34)

	Kernels' compute time (sec):
	Total kernel (smem+sal+bsw) time avg: 84.48, (84.48, 84.48)
		MEM_ALN_CHAIN_FLT avg: 0.00, (0.00, 0.00)
		MEM_ALN_CHAIN_SEED avg: 0.00, (0.00, 0.00)
		ERT_SEED_CHAIN avg: 0.00, (0.00, 0.00)
	LEARNED_SEED_CHAIN avg: 34.20, (34.33, 34.07)
		SMEM compute avg: 0.00, (0.00, 0.00)
		SAL compute avg: 0.00, (0.00, 0.00)
				MEM_SA avg: 0.00, (0.00, 0.00)

		BSW time, avg: 47.05, (47.51, 46.64)

Important parameter settings: 
	BATCH_SIZE: 512
	MAX_SEQ_LEN_REF: 256
	MAX_SEQ_LEN_QER: 128
	MAX_SEQ_LEN8: 128
	SEEDS_PER_READ: 500
	SIMD_WIDTH8 X: 64
	SIMD_WIDTH16 X: 32
	AVG_SEEDS_PER_READ: 64
