Looking to launch executable "/opt/conda/bin/bwa-meme_mode3.avx512bw", simd = _mode3.avx512bw
Launching executable "/opt/conda/bin/bwa-meme_mode3.avx512bw"
-----------------------------
Executing in AVX512 mode!!
-----------------------------
* SA compression enabled with xfactor: 8
* Ref file: reference.902362185.genome.fasta
* Entering FMI_search
Reading other elements of the index from files reference.902362185.genome.fasta
* Index prefix: reference.902362185.genome.fasta
* Read 0 ALT contigs
* Reading reference genome..
* Binary seq file = reference.902362185.genome.fasta.0123
* Reference genome size: 1312223304 bp
* Done reading reference genome !!

------------------------------------------
1. Memory pre-allocation for Chaining: 5679.4903 MB
2. Memory pre-allocation for BSW: 9584.6810 MB
[M::memoryAllocLearned::MEME] Reading Learned-index models into memory
[Learned-Config] MODE:3 SEARCH_METHOD: 1 MEM_TRADEOFF:1 EXPONENTIAL_SMEMSEARCH: 1 DEBUG_MODE:0 Num 2nd Models:268435456 PWL Bits Used:28
[M::memoryAllocLearned::MEME] Loading RMI model and Pac reference file took 9.505 sec
[M::memoryAllocLearned::MEME] Reading suffix array into memory
[M::memoryAllocLearned::MEME] Loading pos_packed file took 13.864 sec
[M::memoryAllocLearned::MEME] Generating SA, 64-bit Suffix and ISA in memory
[M::memoryAllocLearned::MEME] Runtime-build-index took 13.142 sec
3. Memory pre-allocation for BWT: 7204.5072 MB
------------------------------------------
* Threads used (compute): 40
* No. of pipeline threads: 2

[0000] read_chunk: 400000000, work_chunk_size: 400000215, nseq: 2750538
	[0000][ M::kt_pipeline] read 2750538 sequences (400000215 bp)...
[0000] Reallocating initial memory allocations!!
[0000] Calling mem_process_seqs.., task: 0
[0000] 1. Calling kt_for - worker_bwt
[0000] 2. Calling kt_for - worker_aln
[0000] read_chunk: 400000000, work_chunk_size: 400000132, nseq: 2752958
[0000] Inferring insert size distribution of PE reads from data, l_pac: 656111652, n: 2750538
	[0000][ M::kt_pipeline] read 2752958 sequences (400000132 bp)...
[0000][PE] # candidate unique pairs for (FF, FR, RF, RR): (64, 1096554, 122, 59)
[0000][PE] analyzing insert size distribution for orientation FF...
[0000][PE] (25, 50, 75) percentile: (167, 255, 969)
[0000][PE] low and high boundaries for computing mean and std.dev: (1, 2573)
[0000][PE] mean and std.dev: (403.26, 404.42)
[0000][PE] low and high boundaries for proper pairs: (1, 3375)
[0000][PE] analyzing insert size distribution for orientation FR...
[0000][PE] (25, 50, 75) percentile: (251, 292, 329)
[0000][PE] low and high boundaries for computing mean and std.dev: (95, 485)
[0000][PE] mean and std.dev: (287.89, 56.37)
[0000][PE] low and high boundaries for proper pairs: (17, 563)
[0000][PE] analyzing insert size distribution for orientation RF...
[0000][PE] (25, 50, 75) percentile: (903, 3906, 6723)
[0000][PE] low and high boundaries for computing mean and std.dev: (1, 18363)
[0000][PE] mean and std.dev: (3986.52, 3084.00)
[0000][PE] low and high boundaries for proper pairs: (1, 24183)
[0000][PE] analyzing insert size distribution for orientation RR...
[0000][PE] (25, 50, 75) percentile: (156, 234, 1842)
[0000][PE] low and high boundaries for computing mean and std.dev: (1, 5214)
[0000][PE] mean and std.dev: (883.83, 1317.17)
[0000][PE] low and high boundaries for proper pairs: (1, 6900)
[0000][PE] skip orientation FF
[0000][PE] skip orientation RF
[0000][PE] skip orientation RR
[0000] 3. Calling kt_for - worker_sam
	[0000][ M::mem_process_seqs] Processed 2750538 reads in 467.959 CPU sec, 12.594 real sec
[0000] Reallocating initial memory allocations!!
[0000] read_chunk: 400000000, work_chunk_size: 400000283, nseq: 2752068
	[0000][ M::kt_pipeline] read 2752068 sequences (400000283 bp)...
[0000] Calling mem_process_seqs.., task: 1
[0000] 1. Calling kt_for - worker_bwt
[0000] 2. Calling kt_for - worker_aln
[0000] Inferring insert size distribution of PE reads from data, l_pac: 656111652, n: 2752958
[0000][PE] # candidate unique pairs for (FF, FR, RF, RR): (74, 1134756, 119, 77)
[0000][PE] analyzing insert size distribution for orientation FF...
[0000][PE] (25, 50, 75) percentile: (163, 210, 1170)
[0000][PE] low and high boundaries for computing mean and std.dev: (1, 3184)
[0000][PE] mean and std.dev: (473.89, 602.42)
[0000][PE] low and high boundaries for proper pairs: (1, 4191)
[0000][PE] analyzing insert size distribution for orientation FR...
[0000][PE] (25, 50, 75) percentile: (250, 292, 329)
[0000][PE] low and high boundaries for computing mean and std.dev: (92, 487)
[0000][PE] mean and std.dev: (287.52, 56.91)
[0000][PE] low and high boundaries for proper pairs: (13, 566)
[0000][PE] analyzing insert size distribution for orientation RF...
[0000][PE] (25, 50, 75) percentile: (1242, 4206, 6726)
[0000][PE] low and high boundaries for computing mean and std.dev: (1, 17694)
[0000][PE] mean and std.dev: (4140.03, 3119.82)
[0000][PE] low and high boundaries for proper pairs: (1, 23178)
[0000][PE] analyzing insert size distribution for orientation RR...
[0000][PE] (25, 50, 75) percentile: (162, 212, 2241)
[0000][PE] low and high boundaries for computing mean and std.dev: (1, 6399)
[0000][PE] mean and std.dev: (516.05, 860.30)
[0000][PE] low and high boundaries for proper pairs: (1, 8478)
[0000][PE] skip orientation FF
[0000][PE] skip orientation RF
[0000][PE] skip orientation RR
[0000] 3. Calling kt_for - worker_sam
	[0000][ M::mem_process_seqs] Processed 2752958 reads in 378.327 CPU sec, 10.825 real sec
[0000] Calling mem_process_seqs.., task: 2
[0000] 1. Calling kt_for - worker_bwt
[0000] 2. Calling kt_for - worker_aln
[0000] Inferring insert size distribution of PE reads from data, l_pac: 656111652, n: 2752068
[0000][PE] # candidate unique pairs for (FF, FR, RF, RR): (78, 1129671, 133, 69)
[0000][PE] analyzing insert size distribution for orientation FF...
[0000][PE] (25, 50, 75) percentile: (166, 263, 863)
[0000][PE] low and high boundaries for computing mean and std.dev: (1, 2257)
[0000][PE] mean and std.dev: (316.11, 322.55)
[0000][PE] low and high boundaries for proper pairs: (1, 2954)
[0000][PE] analyzing insert size distribution for orientation FR...
[0000][PE] (25, 50, 75) percentile: (251, 292, 329)
[0000][PE] low and high boundaries for computing mean and std.dev: (95, 485)
[0000][PE] mean and std.dev: (287.95, 56.41)
[0000][PE] low and high boundaries for proper pairs: (17, 563)
[0000][PE] analyzing insert size distribution for orientation RF...
[0000][PE] (25, 50, 75) percentile: (959, 4695, 7851)
[0000][PE] low and high boundaries for computing mean and std.dev: (1, 21635)
[0000][PE] mean and std.dev: (4434.10, 3335.66)
[0000][PE] low and high boundaries for proper pairs: (1, 28527)
[0000][PE] analyzing insert size distribution for orientation RR...
[0000][PE] (25, 50, 75) percentile: (174, 268, 1142)
[0000][PE] low and high boundaries for computing mean and std.dev: (1, 3078)
[0000][PE] mean and std.dev: (479.52, 474.28)
[0000][PE] low and high boundaries for proper pairs: (1, 4046)
[0000][PE] skip orientation FF
[0000][PE] skip orientation RF
[0000][PE] skip orientation RR
[0000] 3. Calling kt_for - worker_sam
	[0000][ M::mem_process_seqs] Processed 2752068 reads in 395.740 CPU sec, 10.736 real sec
[0000] read_chunk: 400000000, work_chunk_size: 400000087, nseq: 2752920
	[0000][ M::kt_pipeline] read 2752920 sequences (400000087 bp)...
[0000] Calling mem_process_seqs.., task: 3
[0000] 1. Calling kt_for - worker_bwt
[0000] 2. Calling kt_for - worker_aln
[0000] Inferring insert size distribution of PE reads from data, l_pac: 656111652, n: 2752920
[0000][PE] # candidate unique pairs for (FF, FR, RF, RR): (78, 1132679, 112, 69)
[0000][PE] analyzing insert size distribution for orientation FF...
[0000][PE] (25, 50, 75) percentile: (175, 253, 1021)
[0000][PE] low and high boundaries for computing mean and std.dev: (1, 2713)
[0000][PE] mean and std.dev: (439.59, 532.59)
[0000][PE] low and high boundaries for proper pairs: (1, 3559)
[0000][PE] analyzing insert size distribution for orientation FR...
[0000][PE] (25, 50, 75) percentile: (250, 292, 329)
[0000][PE] low and high boundaries for computing mean and std.dev: (92, 487)
[0000][PE] mean and std.dev: (287.53, 56.81)
[0000][PE] low and high boundaries for proper pairs: (13, 566)
[0000][PE] analyzing insert size distribution for orientation RF...
[0000][PE] (25, 50, 75) percentile: (653, 3498, 7672)
[0000][PE] low and high boundaries for computing mean and std.dev: (1, 21710)
[0000][PE] mean and std.dev: (4066.13, 3400.90)
[0000][PE] low and high boundaries for proper pairs: (1, 28729)
[0000][PE] analyzing insert size distribution for orientation RR...
[0000][PE] (25, 50, 75) percentile: (159, 240, 681)
[0000][PE] low and high boundaries for computing mean and std.dev: (1, 1725)
[0000][PE] mean and std.dev: (273.31, 220.02)
[0000][PE] low and high boundaries for proper pairs: (1, 2247)
[0000][PE] skip orientation FF
[0000][PE] skip orientation RF
[0000][PE] skip orientation RR
[0000] 3. Calling kt_for - worker_sam
[0000] read_chunk: 400000000, work_chunk_size: 400000284, nseq: 2752638
	[0000][ M::kt_pipeline] read 2752638 sequences (400000284 bp)...
	[0000][ M::mem_process_seqs] Processed 2752920 reads in 397.289 CPU sec, 10.969 real sec
[0000] Calling mem_process_seqs.., task: 4
[0000] 1. Calling kt_for - worker_bwt
[0000] 2. Calling kt_for - worker_aln
[0000] Inferring insert size distribution of PE reads from data, l_pac: 656111652, n: 2752638
[0000][PE] # candidate unique pairs for (FF, FR, RF, RR): (84, 1131895, 135, 69)
[0000][PE] analyzing insert size distribution for orientation FF...
[0000][PE] (25, 50, 75) percentile: (144, 237, 1080)
[0000][PE] low and high boundaries for computing mean and std.dev: (1, 2952)
[0000][PE] mean and std.dev: (325.97, 409.17)
[0000][PE] low and high boundaries for proper pairs: (1, 3888)
[0000][PE] analyzing insert size distribution for orientation FR...
[0000][PE] (25, 50, 75) percentile: (251, 292, 329)
[0000][PE] low and high boundaries for computing mean and std.dev: (95, 485)
[0000][PE] mean and std.dev: (287.90, 56.40)
[0000][PE] low and high boundaries for proper pairs: (17, 563)
[0000][PE] analyzing insert size distribution for orientation RF...
[0000][PE] (25, 50, 75) percentile: (563, 2534, 5387)
[0000][PE] low and high boundaries for computing mean and std.dev: (1, 15035)
[0000][PE] mean and std.dev: (3396.72, 3023.65)
[0000][PE] low and high boundaries for proper pairs: (1, 19859)
[0000][PE] analyzing insert size distribution for orientation RR...
[0000][PE] (25, 50, 75) percentile: (175, 218, 640)
[0000][PE] low and high boundaries for computing mean and std.dev: (1, 1570)
[0000][PE] mean and std.dev: (284.09, 228.85)
[0000][PE] low and high boundaries for proper pairs: (1, 2035)
[0000][PE] skip orientation FF
[0000][PE] skip orientation RF
[0000][PE] skip orientation RR
[0000] 3. Calling kt_for - worker_sam
	[0000][ M::mem_process_seqs] Processed 2752638 reads in 409.468 CPU sec, 11.751 real sec
[0000] read_chunk: 400000000, work_chunk_size: 400000065, nseq: 2750226
	[0000][ M::kt_pipeline] read 2750226 sequences (400000065 bp)...
[0000] Calling mem_process_seqs.., task: 5
[0000] 1. Calling kt_for - worker_bwt
[0000] 2. Calling kt_for - worker_aln
[0000] Inferring insert size distribution of PE reads from data, l_pac: 656111652, n: 2750226
[0000][PE] # candidate unique pairs for (FF, FR, RF, RR): (83, 1099709, 121, 67)
[0000][PE] analyzing insert size distribution for orientation FF...
[0000][PE] (25, 50, 75) percentile: (158, 212, 311)
[0000][PE] low and high boundaries for computing mean and std.dev: (1, 617)
[0000][PE] mean and std.dev: (203.43, 92.52)
[0000][PE] low and high boundaries for proper pairs: (1, 770)
[0000][PE] analyzing insert size distribution for orientation FR...
[0000][PE] (25, 50, 75) percentile: (251, 292, 329)
[0000][PE] low and high boundaries for computing mean and std.dev: (95, 485)
[0000][PE] mean and std.dev: (287.94, 56.36)
[0000][PE] low and high boundaries for proper pairs: (17, 563)
[0000][PE] analyzing insert size distribution for orientation RF...
[0000][PE] (25, 50, 75) percentile: (837, 4126, 7783)
[0000][PE] low and high boundaries for computing mean and std.dev: (1, 21675)
[0000][PE] mean and std.dev: (4451.38, 3441.37)
[0000][PE] low and high boundaries for proper pairs: (1, 28621)
[0000][PE] analyzing insert size distribution for orientation RR...
[0000][PE] (25, 50, 75) percentile: (170, 236, 710)
[0000][PE] low and high boundaries for computing mean and std.dev: (1, 1790)
[0000][PE] mean and std.dev: (331.64, 353.16)
[0000][PE] low and high boundaries for proper pairs: (1, 2330)
[0000][PE] skip orientation FF
[0000][PE] skip orientation RF
[0000][PE] skip orientation RR
[0000] 3. Calling kt_for - worker_sam
	[0000][ M::mem_process_seqs] Processed 2750226 reads in 471.507 CPU sec, 13.336 real sec
[0000] read_chunk: 400000000, work_chunk_size: 400000145, nseq: 2752148
	[0000][ M::kt_pipeline] read 2752148 sequences (400000145 bp)...
[0000] Calling mem_process_seqs.., task: 6
[0000] 1. Calling kt_for - worker_bwt
[0000] 2. Calling kt_for - worker_aln
[0000] Inferring insert size distribution of PE reads from data, l_pac: 656111652, n: 2752148
[0000][PE] # candidate unique pairs for (FF, FR, RF, RR): (95, 1120708, 149, 71)
[0000][PE] analyzing insert size distribution for orientation FF...
[0000][PE] (25, 50, 75) percentile: (176, 230, 619)
[0000][PE] low and high boundaries for computing mean and std.dev: (1, 1505)
[0000][PE] mean and std.dev: (263.07, 209.57)
[0000][PE] low and high boundaries for proper pairs: (1, 1948)
[0000][PE] analyzing insert size distribution for orientation FR...
[0000][PE] (25, 50, 75) percentile: (251, 292, 329)
[0000][PE] low and high boundaries for computing mean and std.dev: (95, 485)
[0000][PE] mean and std.dev: (287.82, 56.44)
[0000][PE] low and high boundaries for proper pairs: (17, 563)
[0000][PE] analyzing insert size distribution for orientation RF...
[0000][PE] (25, 50, 75) percentile: (610, 2410, 7596)
[0000][PE] low and high boundaries for computing mean and std.dev: (1, 21568)
[0000][PE] mean and std.dev: (3752.09, 3392.31)
[0000][PE] low and high boundaries for proper pairs: (1, 28554)
[0000][PE] analyzing insert size distribution for orientation RR...
[0000][PE] (25, 50, 75) percentile: (165, 229, 1282)
[0000][PE] low and high boundaries for computing mean and std.dev: (1, 3516)
[0000][PE] mean and std.dev: (732.80, 987.76)
[0000][PE] low and high boundaries for proper pairs: (1, 4684)
[0000][PE] skip orientation FF
[0000][PE] skip orientation RF
[0000][PE] skip orientation RR
[0000] 3. Calling kt_for - worker_sam
[0000] read_chunk: 400000000, work_chunk_size: 400000167, nseq: 2752400
	[0000][ M::kt_pipeline] read 2752400 sequences (400000167 bp)...
	[0000][ M::mem_process_seqs] Processed 2752148 reads in 428.733 CPU sec, 12.998 real sec
[0000] Calling mem_process_seqs.., task: 7
[0000] 1. Calling kt_for - worker_bwt
[0000] 2. Calling kt_for - worker_aln
[0000] Inferring insert size distribution of PE reads from data, l_pac: 656111652, n: 2752400
[0000][PE] # candidate unique pairs for (FF, FR, RF, RR): (68, 1126716, 139, 42)
[0000][PE] analyzing insert size distribution for orientation FF...
[0000][PE] (25, 50, 75) percentile: (176, 239, 1944)
[0000][PE] low and high boundaries for computing mean and std.dev: (1, 5480)
[0000][PE] mean and std.dev: (753.32, 1235.71)
[0000][PE] low and high boundaries for proper pairs: (1, 7248)
[0000][PE] analyzing insert size distribution for orientation FR...
[0000][PE] (25, 50, 75) percentile: (251, 292, 329)
[0000][PE] low and high boundaries for computing mean and std.dev: (95, 485)
[0000][PE] mean and std.dev: (287.84, 56.39)
[0000][PE] low and high boundaries for proper pairs: (17, 563)
[0000][PE] analyzing insert size distribution for orientation RF...
[0000][PE] (25, 50, 75) percentile: (293, 3024, 5957)
[0000][PE] low and high boundaries for computing mean and std.dev: (1, 17285)
[0000][PE] mean and std.dev: (3426.62, 3043.41)
[0000][PE] low and high boundaries for proper pairs: (1, 22949)
[0000][PE] analyzing insert size distribution for orientation RR...
[0000][PE] (25, 50, 75) percentile: (170, 225, 952)
[0000][PE] low and high boundaries for computing mean and std.dev: (1, 2516)
[0000][PE] mean and std.dev: (387.76, 367.65)
[0000][PE] low and high boundaries for proper pairs: (1, 3298)
[0000][PE] skip orientation FF
[0000][PE] skip orientation RF
[0000][PE] skip orientation RR
[0000] 3. Calling kt_for - worker_sam
	[0000][ M::mem_process_seqs] Processed 2752400 reads in 408.184 CPU sec, 12.022 real sec
[0000] read_chunk: 400000000, work_chunk_size: 400000124, nseq: 2751990
	[0000][ M::kt_pipeline] read 2751990 sequences (400000124 bp)...
[0000] Calling mem_process_seqs.., task: 8
[0000] 1. Calling kt_for - worker_bwt
[0000] 2. Calling kt_for - worker_aln
[0000] Inferring insert size distribution of PE reads from data, l_pac: 656111652, n: 2751990
[0000][PE] # candidate unique pairs for (FF, FR, RF, RR): (80, 1129388, 131, 81)
[0000][PE] analyzing insert size distribution for orientation FF...
[0000][PE] (25, 50, 75) percentile: (164, 220, 395)
[0000][PE] low and high boundaries for computing mean and std.dev: (1, 857)
[0000][PE] mean and std.dev: (223.31, 123.20)
[0000][PE] low and high boundaries for proper pairs: (1, 1088)
[0000][PE] analyzing insert size distribution for orientation FR...
[0000][PE] (25, 50, 75) percentile: (251, 292, 329)
[0000][PE] low and high boundaries for computing mean and std.dev: (95, 485)
[0000][PE] mean and std.dev: (287.93, 56.33)
[0000][PE] low and high boundaries for proper pairs: (17, 563)
[0000][PE] analyzing insert size distribution for orientation RF...
[0000][PE] (25, 50, 75) percentile: (779, 3854, 7012)
[0000][PE] low and high boundaries for computing mean and std.dev: (1, 19478)
[0000][PE] mean and std.dev: (4101.58, 3142.90)
[0000][PE] low and high boundaries for proper pairs: (1, 25711)
[0000][PE] analyzing insert size distribution for orientation RR...
[0000][PE] (25, 50, 75) percentile: (161, 234, 1177)
[0000][PE] low and high boundaries for computing mean and std.dev: (1, 3209)
[0000][PE] mean and std.dev: (471.01, 518.75)
[0000][PE] low and high boundaries for proper pairs: (1, 4225)
[0000][PE] skip orientation FF
[0000][PE] skip orientation RF
[0000][PE] skip orientation RR
[0000] 3. Calling kt_for - worker_sam
[0000] read_chunk: 400000000, work_chunk_size: 400000223, nseq: 2752120
	[0000][ M::kt_pipeline] read 2752120 sequences (400000223 bp)...
	[0000][ M::mem_process_seqs] Processed 2751990 reads in 421.689 CPU sec, 13.015 real sec
[0000] Calling mem_process_seqs.., task: 9
[0000] 1. Calling kt_for - worker_bwt
[0000] 2. Calling kt_for - worker_aln
[0000] Inferring insert size distribution of PE reads from data, l_pac: 656111652, n: 2752120
[0000][PE] # candidate unique pairs for (FF, FR, RF, RR): (81, 1129714, 143, 78)
[0000][PE] analyzing insert size distribution for orientation FF...
[0000][PE] (25, 50, 75) percentile: (154, 214, 478)
[0000][PE] low and high boundaries for computing mean and std.dev: (1, 1126)
[0000][PE] mean and std.dev: (238.70, 182.49)
[0000][PE] low and high boundaries for proper pairs: (1, 1450)
[0000][PE] analyzing insert size distribution for orientation FR...
[0000][PE] (25, 50, 75) percentile: (251, 292, 329)
[0000][PE] low and high boundaries for computing mean and std.dev: (95, 485)
[0000][PE] mean and std.dev: (287.87, 56.44)
[0000][PE] low and high boundaries for proper pairs: (17, 563)
[0000][PE] analyzing insert size distribution for orientation RF...
[0000][PE] (25, 50, 75) percentile: (524, 3081, 7658)
[0000][PE] low and high boundaries for computing mean and std.dev: (1, 21926)
[0000][PE] mean and std.dev: (3887.00, 3451.81)
[0000][PE] low and high boundaries for proper pairs: (1, 29060)
[0000][PE] analyzing insert size distribution for orientation RR...
[0000][PE] (25, 50, 75) percentile: (144, 233, 878)
[0000][PE] low and high boundaries for computing mean and std.dev: (1, 2346)
[0000][PE] mean and std.dev: (401.93, 526.76)
[0000][PE] low and high boundaries for proper pairs: (1, 3080)
[0000][PE] skip orientation FF
[0000][PE] skip orientation RF
[0000][PE] skip orientation RR
[0000] 3. Calling kt_for - worker_sam
	[0000][ M::mem_process_seqs] Processed 2752120 reads in 394.860 CPU sec, 11.149 real sec
[0000] read_chunk: 400000000, work_chunk_size: 400000065, nseq: 2752534
	[0000][ M::kt_pipeline] read 2752534 sequences (400000065 bp)...
[0000] Calling mem_process_seqs.., task: 10
[0000] 1. Calling kt_for - worker_bwt
[0000] 2. Calling kt_for - worker_aln
[0000] Inferring insert size distribution of PE reads from data, l_pac: 656111652, n: 2752534
[0000][PE] # candidate unique pairs for (FF, FR, RF, RR): (68, 1129225, 152, 67)
[0000][PE] analyzing insert size distribution for orientation FF...
[0000][PE] (25, 50, 75) percentile: (159, 208, 294)
[0000][PE] low and high boundaries for computing mean and std.dev: (1, 564)
[0000][PE] mean and std.dev: (193.75, 76.58)
[0000][PE] low and high boundaries for proper pairs: (1, 699)
[0000][PE] analyzing insert size distribution for orientation FR...
[0000][PE] (25, 50, 75) percentile: (251, 292, 329)
[0000][PE] low and high boundaries for computing mean and std.dev: (95, 485)
[0000][PE] mean and std.dev: (287.82, 56.39)
[0000][PE] low and high boundaries for proper pairs: (17, 563)
[0000][PE] analyzing insert size distribution for orientation RF...
[0000][PE] (25, 50, 75) percentile: (544, 3243, 6718)
[0000][PE] low and high boundaries for computing mean and std.dev: (1, 19066)
[0000][PE] mean and std.dev: (3797.20, 3293.14)
[0000][PE] low and high boundaries for proper pairs: (1, 25240)
[0000][PE] analyzing insert size distribution for orientation RR...
[0000][PE] (25, 50, 75) percentile: (156, 201, 380)
[0000][PE] low and high boundaries for computing mean and std.dev: (1, 828)
[0000][PE] mean and std.dev: (200.42, 106.15)
[0000][PE] low and high boundaries for proper pairs: (1, 1052)
[0000][PE] skip orientation FF
[0000][PE] skip orientation RF
[0000][PE] skip orientation RR
[0000] 3. Calling kt_for - worker_sam
	[0000][ M::mem_process_seqs] Processed 2752534 reads in 408.430 CPU sec, 12.099 real sec
[0000] read_chunk: 400000000, work_chunk_size: 400000117, nseq: 2752480
	[0000][ M::kt_pipeline] read 2752480 sequences (400000117 bp)...
[0000] Calling mem_process_seqs.., task: 11
[0000] 1. Calling kt_for - worker_bwt
[0000] 2. Calling kt_for - worker_aln
[0000] Inferring insert size distribution of PE reads from data, l_pac: 656111652, n: 2752480
[0000][PE] # candidate unique pairs for (FF, FR, RF, RR): (61, 1124903, 136, 58)
[0000][PE] analyzing insert size distribution for orientation FF...
[0000][PE] (25, 50, 75) percentile: (164, 215, 440)
[0000][PE] low and high boundaries for computing mean and std.dev: (1, 992)
[0000][PE] mean and std.dev: (237.20, 164.34)
[0000][PE] low and high boundaries for proper pairs: (1, 1268)
[0000][PE] analyzing insert size distribution for orientation FR...
[0000][PE] (25, 50, 75) percentile: (251, 292, 329)
[0000][PE] low and high boundaries for computing mean and std.dev: (95, 485)
[0000][PE] mean and std.dev: (287.85, 56.44)
[0000][PE] low and high boundaries for proper pairs: (17, 563)
[0000][PE] analyzing insert size distribution for orientation RF...
[0000][PE] (25, 50, 75) percentile: (596, 2029, 6534)
[0000][PE] low and high boundaries for computing mean and std.dev: (1, 18410)
[0000][PE] mean and std.dev: (3343.04, 3081.54)
[0000][PE] low and high boundaries for proper pairs: (1, 24348)
[0000][PE] analyzing insert size distribution for orientation RR...
[0000][PE] (25, 50, 75) percentile: (169, 219, 892)
[0000][PE] low and high boundaries for computing mean and std.dev: (1, 2338)
[0000][PE] mean and std.dev: (345.08, 353.08)
[0000][PE] low and high boundaries for proper pairs: (1, 3061)
[0000][PE] skip orientation FF
[0000][PE] skip orientation RF
[0000][PE] skip orientation RR
[0000] 3. Calling kt_for - worker_sam
	[0000][ M::mem_process_seqs] Processed 2752480 reads in 415.251 CPU sec, 12.116 real sec
[0000] read_chunk: 400000000, work_chunk_size: 400000241, nseq: 2752048
	[0000][ M::kt_pipeline] read 2752048 sequences (400000241 bp)...
[0000] Calling mem_process_seqs.., task: 12
[0000] 1. Calling kt_for - worker_bwt
[0000] 2. Calling kt_for - worker_aln
[0000] Inferring insert size distribution of PE reads from data, l_pac: 656111652, n: 2752048
[0000][PE] # candidate unique pairs for (FF, FR, RF, RR): (76, 1117826, 119, 58)
[0000][PE] analyzing insert size distribution for orientation FF...
[0000][PE] (25, 50, 75) percentile: (186, 246, 922)
[0000][PE] low and high boundaries for computing mean and std.dev: (1, 2394)
[0000][PE] mean and std.dev: (263.14, 175.57)
[0000][PE] low and high boundaries for proper pairs: (1, 3130)
[0000][PE] analyzing insert size distribution for orientation FR...
[0000][PE] (25, 50, 75) percentile: (251, 292, 329)
[0000][PE] low and high boundaries for computing mean and std.dev: (95, 485)
[0000][PE] mean and std.dev: (287.87, 56.40)
[0000][PE] low and high boundaries for proper pairs: (17, 563)
[0000][PE] analyzing insert size distribution for orientation RF...
[0000][PE] (25, 50, 75) percentile: (450, 2119, 6848)
[0000][PE] low and high boundaries for computing mean and std.dev: (1, 19644)
[0000][PE] mean and std.dev: (3437.77, 3306.01)
[0000][PE] low and high boundaries for proper pairs: (1, 26042)
[0000][PE] analyzing insert size distribution for orientation RR...
[0000][PE] (25, 50, 75) percentile: (150, 218, 862)
[0000][PE] low and high boundaries for computing mean and std.dev: (1, 2286)
[0000][PE] mean and std.dev: (333.78, 332.35)
[0000][PE] low and high boundaries for proper pairs: (1, 2998)
[0000][PE] skip orientation FF
[0000][PE] skip orientation RF
[0000][PE] skip orientation RR
[0000] 3. Calling kt_for - worker_sam
	[0000][ M::mem_process_seqs] Processed 2752048 reads in 452.114 CPU sec, 13.164 real sec
[0000] read_chunk: 400000000, work_chunk_size: 400000135, nseq: 2753112
	[0000][ M::kt_pipeline] read 2753112 sequences (400000135 bp)...
[0000] Reallocating initial memory allocations!!
[0000] Calling mem_process_seqs.., task: 13
[0000] 1. Calling kt_for - worker_bwt
[0000] 2. Calling kt_for - worker_aln
[0000] Inferring insert size distribution of PE reads from data, l_pac: 656111652, n: 2753112
[0000][PE] # candidate unique pairs for (FF, FR, RF, RR): (68, 1140914, 120, 67)
[0000][PE] analyzing insert size distribution for orientation FF...
[0000][PE] (25, 50, 75) percentile: (170, 219, 379)
[0000][PE] low and high boundaries for computing mean and std.dev: (1, 797)
[0000][PE] mean and std.dev: (215.60, 93.91)
[0000][PE] low and high boundaries for proper pairs: (1, 1006)
[0000][PE] analyzing insert size distribution for orientation FR...
[0000][PE] (25, 50, 75) percentile: (250, 292, 329)
[0000][PE] low and high boundaries for computing mean and std.dev: (92, 487)
[0000][PE] mean and std.dev: (287.48, 56.87)
[0000][PE] low and high boundaries for proper pairs: (13, 566)
[0000][PE] analyzing insert size distribution for orientation RF...
[0000][PE] (25, 50, 75) percentile: (571, 2703, 7192)
[0000][PE] low and high boundaries for computing mean and std.dev: (1, 20434)
[0000][PE] mean and std.dev: (3770.67, 3520.00)
[0000][PE] low and high boundaries for proper pairs: (1, 27055)
[0000][PE] analyzing insert size distribution for orientation RR...
[0000][PE] (25, 50, 75) percentile: (170, 243, 1084)
[0000][PE] low and high boundaries for computing mean and std.dev: (1, 2912)
[0000][PE] mean and std.dev: (442.84, 521.28)
[0000][PE] low and high boundaries for proper pairs: (1, 3826)
[0000][PE] skip orientation FF
[0000][PE] skip orientation RF
[0000][PE] skip orientation RR
[0000] 3. Calling kt_for - worker_sam
[0000] read_chunk: 400000000, work_chunk_size: 400000258, nseq: 2752206
	[0000][ M::kt_pipeline] read 2752206 sequences (400000258 bp)...
	[0000][ M::mem_process_seqs] Processed 2753112 reads in 376.796 CPU sec, 10.163 real sec
[0000] Calling mem_process_seqs.., task: 14
[0000] 1. Calling kt_for - worker_bwt
[0000] 2. Calling kt_for - worker_aln
[0000] Inferring insert size distribution of PE reads from data, l_pac: 656111652, n: 2752206
[0000][PE] # candidate unique pairs for (FF, FR, RF, RR): (78, 1123072, 114, 75)
[0000][PE] analyzing insert size distribution for orientation FF...
[0000][PE] (25, 50, 75) percentile: (152, 225, 496)
[0000][PE] low and high boundaries for computing mean and std.dev: (1, 1184)
[0000][PE] mean and std.dev: (280.76, 235.67)
[0000][PE] low and high boundaries for proper pairs: (1, 1528)
[0000][PE] analyzing insert size distribution for orientation FR...
[0000][PE] (25, 50, 75) percentile: (250, 292, 329)
[0000][PE] low and high boundaries for computing mean and std.dev: (92, 487)
[0000][PE] mean and std.dev: (287.52, 56.86)
[0000][PE] low and high boundaries for proper pairs: (13, 566)
[0000][PE] analyzing insert size distribution for orientation RF...
[0000][PE] (25, 50, 75) percentile: (674, 2815, 7146)
[0000][PE] low and high boundaries for computing mean and std.dev: (1, 20090)
[0000][PE] mean and std.dev: (3858.67, 3284.56)
[0000][PE] low and high boundaries for proper pairs: (1, 26562)
[0000][PE] analyzing insert size distribution for orientation RR...
[0000][PE] (25, 50, 75) percentile: (169, 223, 1292)
[0000][PE] low and high boundaries for computing mean and std.dev: (1, 3538)
[0000][PE] mean and std.dev: (455.88, 682.02)
[0000][PE] low and high boundaries for proper pairs: (1, 4661)
[0000][PE] skip orientation FF
[0000][PE] skip orientation RF
[0000][PE] skip orientation RR
[0000] 3. Calling kt_for - worker_sam
[0000] read_chunk: 400000000, work_chunk_size: 276161891, nseq: 1900702
	[0000][ M::kt_pipeline] read 1900702 sequences (276161891 bp)...
	[0000][ M::mem_process_seqs] Processed 2752206 reads in 412.481 CPU sec, 11.956 real sec
[0000] Calling mem_process_seqs.., task: 15
[0000] 1. Calling kt_for - worker_bwt
[0000] 2. Calling kt_for - worker_aln
[0000] Inferring insert size distribution of PE reads from data, l_pac: 656111652, n: 1900702
[0000][PE] # candidate unique pairs for (FF, FR, RF, RR): (52, 790825, 78, 42)
[0000][PE] analyzing insert size distribution for orientation FF...
[0000][PE] (25, 50, 75) percentile: (186, 232, 956)
[0000][PE] low and high boundaries for computing mean and std.dev: (1, 2496)
[0000][PE] mean and std.dev: (447.47, 478.11)
[0000][PE] low and high boundaries for proper pairs: (1, 3266)
[0000][PE] analyzing insert size distribution for orientation FR...
[0000][PE] (25, 50, 75) percentile: (251, 292, 329)
[0000][PE] low and high boundaries for computing mean and std.dev: (95, 485)
[0000][PE] mean and std.dev: (288.00, 56.34)
[0000][PE] low and high boundaries for proper pairs: (17, 563)
[0000][PE] analyzing insert size distribution for orientation RF...
[0000][PE] (25, 50, 75) percentile: (425, 2290, 6361)
[0000][PE] low and high boundaries for computing mean and std.dev: (1, 18233)
[0000][PE] mean and std.dev: (3317.53, 3076.28)
[0000][PE] low and high boundaries for proper pairs: (1, 24169)
[0000][PE] analyzing insert size distribution for orientation RR...
[0000][PE] (25, 50, 75) percentile: (162, 279, 1352)
[0000][PE] low and high boundaries for computing mean and std.dev: (1, 3732)
[0000][PE] mean and std.dev: (676.86, 936.42)
[0000][PE] low and high boundaries for proper pairs: (1, 4922)
[0000][PE] skip orientation FF
[0000][PE] skip orientation RF
[0000][PE] skip orientation RR
[0000] 3. Calling kt_for - worker_sam
[0000] read_chunk: 400000000, work_chunk_size: 0, nseq: 0
	[0000][ M::mem_process_seqs] Processed 1900702 reads in 257.926 CPU sec, 7.102 real sec
[0000] read_chunk: 400000000, work_chunk_size: 0, nseq: 0
[0000] Computation ends..
No. of OMP threads: 40
Processor is running @2394.723250 MHz
Runtime profile:

	Time taken for main_mem function: 295.42 sec

	IO times (sec) :
	Reading IO time (reads) avg: 155.13, (155.13, 155.13)
	Writing IO time (SAM) avg: 85.81, (85.81, 85.81)
	Reading IO time (Reference Genome) avg: 0.51, (0.51, 0.51)
	Index read time avg: 0.12, (0.12, 0.12)

	Overall time (sec) (Excluding Index reading time):
	PROCESS() (Total compute time + (read + SAM) IO time) : 294.78
	MEM_PROCESS_SEQ() (Total compute time (Kernel + SAM)), avg: 185.97, (185.97, 185.97)

	 SAM Processing time (sec):
	--WORKER_SAM avg: 76.65, (76.65, 76.65)

	Kernels' compute time (sec):
	Total kernel (smem+sal+bsw) time avg: 104.08, (104.08, 104.08)
		MEM_ALN_CHAIN_FLT avg: 0.00, (0.00, 0.00)
		MEM_ALN_CHAIN_SEED avg: 0.00, (0.00, 0.00)
		ERT_SEED_CHAIN avg: 0.00, (0.00, 0.00)
	LEARNED_SEED_CHAIN avg: 41.69, (41.84, 41.51)
		SMEM compute avg: 0.00, (0.00, 0.00)
		SAL compute avg: 0.00, (0.00, 0.00)
				MEM_SA avg: 0.00, (0.00, 0.00)

		BSW time, avg: 57.90, (58.20, 57.50)

Important parameter settings: 
	BATCH_SIZE: 512
	MAX_SEQ_LEN_REF: 256
	MAX_SEQ_LEN_QER: 128
	MAX_SEQ_LEN8: 128
	SEEDS_PER_READ: 500
	SIMD_WIDTH8 X: 64
	SIMD_WIDTH16 X: 32
	AVG_SEEDS_PER_READ: 64
