Looking to launch executable "/opt/conda/bin/bwa-meme_mode3.avx512bw", simd = _mode3.avx512bw
Launching executable "/opt/conda/bin/bwa-meme_mode3.avx512bw"
-----------------------------
Executing in AVX512 mode!!
-----------------------------
* SA compression enabled with xfactor: 8
* Ref file: reference.902362185.genome.fasta
* Entering FMI_search
Reading other elements of the index from files reference.902362185.genome.fasta
* Index prefix: reference.902362185.genome.fasta
* Read 0 ALT contigs
* Reading reference genome..
* Binary seq file = reference.902362185.genome.fasta.0123
* Reference genome size: 1312223304 bp
* Done reading reference genome !!

------------------------------------------
1. Memory pre-allocation for Chaining: 5679.4903 MB
2. Memory pre-allocation for BSW: 9584.6810 MB
[M::memoryAllocLearned::MEME] Reading Learned-index models into memory
[Learned-Config] MODE:3 SEARCH_METHOD: 1 MEM_TRADEOFF:1 EXPONENTIAL_SMEMSEARCH: 1 DEBUG_MODE:0 Num 2nd Models:268435456 PWL Bits Used:28
[M::memoryAllocLearned::MEME] Loading RMI model and Pac reference file took 9.532 sec
[M::memoryAllocLearned::MEME] Reading suffix array into memory
[M::memoryAllocLearned::MEME] Loading pos_packed file took 13.961 sec
[M::memoryAllocLearned::MEME] Generating SA, 64-bit Suffix and ISA in memory
[M::memoryAllocLearned::MEME] Runtime-build-index took 13.410 sec
3. Memory pre-allocation for BWT: 7204.5072 MB
------------------------------------------
* Threads used (compute): 40
* No. of pipeline threads: 2

[0000] read_chunk: 400000000, work_chunk_size: 400000147, nseq: 2789160
	[0000][ M::kt_pipeline] read 2789160 sequences (400000147 bp)...
[0000] Reallocating initial memory allocations!!
[0000] read_chunk: 400000000, work_chunk_size: 400000165, nseq: 2791608
	[0000][ M::kt_pipeline] read 2791608 sequences (400000165 bp)...
[0000] Calling mem_process_seqs.., task: 0
[0000] 1. Calling kt_for - worker_bwt
[0000] 2. Calling kt_for - worker_aln
[0000] Inferring insert size distribution of PE reads from data, l_pac: 656111652, n: 2789160
[0000][PE] # candidate unique pairs for (FF, FR, RF, RR): (71, 1108089, 86, 76)
[0000][PE] analyzing insert size distribution for orientation FF...
[0000][PE] (25, 50, 75) percentile: (163, 242, 1072)
[0000][PE] low and high boundaries for computing mean and std.dev: (1, 2890)
[0000][PE] mean and std.dev: (484.55, 573.85)
[0000][PE] low and high boundaries for proper pairs: (1, 3799)
[0000][PE] analyzing insert size distribution for orientation FR...
[0000][PE] (25, 50, 75) percentile: (239, 284, 324)
[0000][PE] low and high boundaries for computing mean and std.dev: (69, 494)
[0000][PE] mean and std.dev: (275.60, 67.60)
[0000][PE] low and high boundaries for proper pairs: (1, 579)
[0000][PE] analyzing insert size distribution for orientation RF...
[0000][PE] (25, 50, 75) percentile: (1551, 4300, 7833)
[0000][PE] low and high boundaries for computing mean and std.dev: (1, 20397)
[0000][PE] mean and std.dev: (4502.08, 3271.68)
[0000][PE] low and high boundaries for proper pairs: (1, 26679)
[0000][PE] analyzing insert size distribution for orientation RR...
[0000][PE] (25, 50, 75) percentile: (176, 240, 908)
[0000][PE] low and high boundaries for computing mean and std.dev: (1, 2372)
[0000][PE] mean and std.dev: (317.33, 398.03)
[0000][PE] low and high boundaries for proper pairs: (1, 3104)
[0000][PE] skip orientation FF
[0000][PE] skip orientation RF
[0000][PE] skip orientation RR
[0000] 3. Calling kt_for - worker_sam
	[0000][ M::mem_process_seqs] Processed 2789160 reads in 479.259 CPU sec, 16.160 real sec
[0000] Reallocating initial memory allocations!!
[0000] Calling mem_process_seqs.., task: 1
[0000] 1. Calling kt_for - worker_bwt
[0000] 2. Calling kt_for - worker_aln
[0000] Inferring insert size distribution of PE reads from data, l_pac: 656111652, n: 2791608
[0000][PE] # candidate unique pairs for (FF, FR, RF, RR): (61, 1132920, 111, 83)
[0000][PE] analyzing insert size distribution for orientation FF...
[0000][PE] (25, 50, 75) percentile: (146, 230, 798)
[0000][PE] low and high boundaries for computing mean and std.dev: (1, 2102)
[0000][PE] mean and std.dev: (328.40, 326.43)
[0000][PE] low and high boundaries for proper pairs: (1, 2754)
[0000][PE] analyzing insert size distribution for orientation FR...
[0000][PE] (25, 50, 75) percentile: (239, 284, 324)
[0000][PE] low and high boundaries for computing mean and std.dev: (69, 494)
[0000][PE] mean and std.dev: (275.52, 67.73)
[0000][PE] low and high boundaries for proper pairs: (1, 579)
[0000][PE] analyzing insert size distribution for orientation RF...
[0000][PE] (25, 50, 75) percentile: (399, 2128, 5988)
[0000][PE] low and high boundaries for computing mean and std.dev: (1, 17166)
[0000][PE] mean and std.dev: (3475.86, 3112.76)
[0000][PE] low and high boundaries for proper pairs: (1, 22755)
[0000][PE] analyzing insert size distribution for orientation RR...
[0000][PE] (25, 50, 75) percentile: (179, 219, 495)
[0000][PE] low and high boundaries for computing mean and std.dev: (1, 1127)
[0000][PE] mean and std.dev: (295.89, 230.14)
[0000][PE] low and high boundaries for proper pairs: (1, 1443)
[0000][PE] skip orientation FF
[0000][PE] skip orientation RF
[0000][PE] skip orientation RR
[0000] 3. Calling kt_for - worker_sam
[0000] read_chunk: 400000000, work_chunk_size: 400000257, nseq: 2789246
	[0000][ M::kt_pipeline] read 2789246 sequences (400000257 bp)...
	[0000][ M::mem_process_seqs] Processed 2791608 reads in 405.703 CPU sec, 10.879 real sec
[0000] Calling mem_process_seqs.., task: 2
[0000] 1. Calling kt_for - worker_bwt
[0000] 2. Calling kt_for - worker_aln
[0000] Inferring insert size distribution of PE reads from data, l_pac: 656111652, n: 2789246
[0000][PE] # candidate unique pairs for (FF, FR, RF, RR): (77, 1103949, 120, 70)
[0000][PE] analyzing insert size distribution for orientation FF...
[0000][PE] (25, 50, 75) percentile: (156, 211, 544)
[0000][PE] low and high boundaries for computing mean and std.dev: (1, 1320)
[0000][PE] mean and std.dev: (284.30, 264.30)
[0000][PE] low and high boundaries for proper pairs: (1, 1708)
[0000][PE] analyzing insert size distribution for orientation FR...
[0000][PE] (25, 50, 75) percentile: (239, 284, 324)
[0000][PE] low and high boundaries for computing mean and std.dev: (69, 494)
[0000][PE] mean and std.dev: (275.44, 67.86)
[0000][PE] low and high boundaries for proper pairs: (1, 579)
[0000][PE] analyzing insert size distribution for orientation RF...
[0000][PE] (25, 50, 75) percentile: (355, 2103, 5566)
[0000][PE] low and high boundaries for computing mean and std.dev: (1, 15988)
[0000][PE] mean and std.dev: (3179.50, 3088.77)
[0000][PE] low and high boundaries for proper pairs: (1, 21199)
[0000][PE] analyzing insert size distribution for orientation RR...
[0000][PE] (25, 50, 75) percentile: (164, 218, 543)
[0000][PE] low and high boundaries for computing mean and std.dev: (1, 1301)
[0000][PE] mean and std.dev: (253.98, 195.42)
[0000][PE] low and high boundaries for proper pairs: (1, 1680)
[0000][PE] skip orientation FF
[0000][PE] skip orientation RF
[0000][PE] skip orientation RR
[0000] 3. Calling kt_for - worker_sam
	[0000][ M::mem_process_seqs] Processed 2789246 reads in 478.487 CPU sec, 12.813 real sec
[0000] read_chunk: 400000000, work_chunk_size: 400000254, nseq: 2790244
	[0000][ M::kt_pipeline] read 2790244 sequences (400000254 bp)...
[0000] Calling mem_process_seqs.., task: 3
[0000] 1. Calling kt_for - worker_bwt
[0000] 2. Calling kt_for - worker_aln
[0000] Inferring insert size distribution of PE reads from data, l_pac: 656111652, n: 2790244
[0000][PE] # candidate unique pairs for (FF, FR, RF, RR): (80, 1121859, 111, 66)
[0000][PE] analyzing insert size distribution for orientation FF...
[0000][PE] (25, 50, 75) percentile: (165, 232, 1886)
[0000][PE] low and high boundaries for computing mean and std.dev: (1, 5328)
[0000][PE] mean and std.dev: (692.03, 1031.36)
[0000][PE] low and high boundaries for proper pairs: (1, 7049)
[0000][PE] analyzing insert size distribution for orientation FR...
[0000][PE] (25, 50, 75) percentile: (239, 284, 324)
[0000][PE] low and high boundaries for computing mean and std.dev: (69, 494)
[0000][PE] mean and std.dev: (275.62, 67.70)
[0000][PE] low and high boundaries for proper pairs: (1, 579)
[0000][PE] analyzing insert size distribution for orientation RF...
[0000][PE] (25, 50, 75) percentile: (756, 1711, 5166)
[0000][PE] low and high boundaries for computing mean and std.dev: (1, 13986)
[0000][PE] mean and std.dev: (2965.63, 2764.27)
[0000][PE] low and high boundaries for proper pairs: (1, 18396)
[0000][PE] analyzing insert size distribution for orientation RR...
[0000][PE] (25, 50, 75) percentile: (159, 200, 816)
[0000][PE] low and high boundaries for computing mean and std.dev: (1, 2130)
[0000][PE] mean and std.dev: (305.43, 405.97)
[0000][PE] low and high boundaries for proper pairs: (1, 2787)
[0000][PE] skip orientation FF
[0000][PE] skip orientation RF
[0000][PE] skip orientation RR
[0000] 3. Calling kt_for - worker_sam
[0000] read_chunk: 400000000, work_chunk_size: 400000198, nseq: 2790332
	[0000][ M::kt_pipeline] read 2790332 sequences (400000198 bp)...
	[0000][ M::mem_process_seqs] Processed 2790244 reads in 448.504 CPU sec, 12.171 real sec
[0000] Calling mem_process_seqs.., task: 4
[0000] 1. Calling kt_for - worker_bwt
[0000] 2. Calling kt_for - worker_aln
[0000] Inferring insert size distribution of PE reads from data, l_pac: 656111652, n: 2790332
[0000][PE] # candidate unique pairs for (FF, FR, RF, RR): (64, 1120909, 122, 61)
[0000][PE] analyzing insert size distribution for orientation FF...
[0000][PE] (25, 50, 75) percentile: (155, 208, 526)
[0000][PE] low and high boundaries for computing mean and std.dev: (1, 1268)
[0000][PE] mean and std.dev: (232.82, 207.65)
[0000][PE] low and high boundaries for proper pairs: (1, 1639)
[0000][PE] analyzing insert size distribution for orientation FR...
[0000][PE] (25, 50, 75) percentile: (239, 284, 324)
[0000][PE] low and high boundaries for computing mean and std.dev: (69, 494)
[0000][PE] mean and std.dev: (275.59, 67.56)
[0000][PE] low and high boundaries for proper pairs: (1, 579)
[0000][PE] analyzing insert size distribution for orientation RF...
[0000][PE] (25, 50, 75) percentile: (190, 1843, 5951)
[0000][PE] low and high boundaries for computing mean and std.dev: (1, 17473)
[0000][PE] mean and std.dev: (3246.55, 3174.76)
[0000][PE] low and high boundaries for proper pairs: (1, 23234)
[0000][PE] analyzing insert size distribution for orientation RR...
[0000][PE] (25, 50, 75) percentile: (192, 215, 1304)
[0000][PE] low and high boundaries for computing mean and std.dev: (1, 3528)
[0000][PE] mean and std.dev: (254.85, 238.91)
[0000][PE] low and high boundaries for proper pairs: (1, 4640)
[0000][PE] skip orientation FF
[0000][PE] skip orientation RF
[0000][PE] skip orientation RR
[0000] 3. Calling kt_for - worker_sam
	[0000][ M::mem_process_seqs] Processed 2790332 reads in 438.733 CPU sec, 11.905 real sec
[0000] read_chunk: 400000000, work_chunk_size: 400000056, nseq: 2790470
	[0000][ M::kt_pipeline] read 2790470 sequences (400000056 bp)...
[0000] Calling mem_process_seqs.., task: 5
[0000] 1. Calling kt_for - worker_bwt
[0000] 2. Calling kt_for - worker_aln
[0000] Inferring insert size distribution of PE reads from data, l_pac: 656111652, n: 2790470
[0000][PE] # candidate unique pairs for (FF, FR, RF, RR): (76, 1125460, 130, 69)
[0000][PE] analyzing insert size distribution for orientation FF...
[0000][PE] (25, 50, 75) percentile: (188, 243, 579)
[0000][PE] low and high boundaries for computing mean and std.dev: (1, 1361)
[0000][PE] mean and std.dev: (308.21, 224.99)
[0000][PE] low and high boundaries for proper pairs: (1, 1752)
[0000][PE] analyzing insert size distribution for orientation FR...
[0000][PE] (25, 50, 75) percentile: (239, 284, 324)
[0000][PE] low and high boundaries for computing mean and std.dev: (69, 494)
[0000][PE] mean and std.dev: (275.42, 67.78)
[0000][PE] low and high boundaries for proper pairs: (1, 579)
[0000][PE] analyzing insert size distribution for orientation RF...
[0000][PE] (25, 50, 75) percentile: (615, 3241, 6665)
[0000][PE] low and high boundaries for computing mean and std.dev: (1, 18765)
[0000][PE] mean and std.dev: (3827.39, 3238.39)
[0000][PE] low and high boundaries for proper pairs: (1, 24815)
[0000][PE] analyzing insert size distribution for orientation RR...
[0000][PE] (25, 50, 75) percentile: (145, 236, 758)
[0000][PE] low and high boundaries for computing mean and std.dev: (1, 1984)
[0000][PE] mean and std.dev: (352.02, 396.20)
[0000][PE] low and high boundaries for proper pairs: (1, 2597)
[0000][PE] skip orientation FF
[0000][PE] skip orientation RF
[0000][PE] skip orientation RR
[0000] 3. Calling kt_for - worker_sam
[0000] read_chunk: 400000000, work_chunk_size: 400000288, nseq: 2791926
	[0000][ M::kt_pipeline] read 2791926 sequences (400000288 bp)...
	[0000][ M::mem_process_seqs] Processed 2790470 reads in 430.983 CPU sec, 11.829 real sec
[0000] Reallocating initial memory allocations!!
[0000] Calling mem_process_seqs.., task: 6
[0000] 1. Calling kt_for - worker_bwt
[0000] 2. Calling kt_for - worker_aln
[0000] Inferring insert size distribution of PE reads from data, l_pac: 656111652, n: 2791926
[0000][PE] # candidate unique pairs for (FF, FR, RF, RR): (82, 1131492, 102, 65)
[0000][PE] analyzing insert size distribution for orientation FF...
[0000][PE] (25, 50, 75) percentile: (159, 228, 2008)
[0000][PE] low and high boundaries for computing mean and std.dev: (1, 5706)
[0000][PE] mean and std.dev: (1022.80, 1591.87)
[0000][PE] low and high boundaries for proper pairs: (1, 7555)
[0000][PE] analyzing insert size distribution for orientation FR...
[0000][PE] (25, 50, 75) percentile: (239, 284, 324)
[0000][PE] low and high boundaries for computing mean and std.dev: (69, 494)
[0000][PE] mean and std.dev: (275.53, 67.63)
[0000][PE] low and high boundaries for proper pairs: (1, 579)
[0000][PE] analyzing insert size distribution for orientation RF...
[0000][PE] (25, 50, 75) percentile: (591, 3154, 7385)
[0000][PE] low and high boundaries for computing mean and std.dev: (1, 20973)
[0000][PE] mean and std.dev: (3954.77, 3378.29)
[0000][PE] low and high boundaries for proper pairs: (1, 27767)
[0000][PE] analyzing insert size distribution for orientation RR...
[0000][PE] (25, 50, 75) percentile: (209, 251, 2132)
[0000][PE] low and high boundaries for computing mean and std.dev: (1, 5978)
[0000][PE] mean and std.dev: (976.03, 1619.18)
[0000][PE] low and high boundaries for proper pairs: (1, 7901)
[0000][PE] skip orientation FF
[0000][PE] skip orientation RF
[0000][PE] skip orientation RR
[0000] 3. Calling kt_for - worker_sam
[0000] read_chunk: 400000000, work_chunk_size: 400000104, nseq: 2790776
	[0000][ M::kt_pipeline] read 2790776 sequences (400000104 bp)...
	[0000][ M::mem_process_seqs] Processed 2791926 reads in 415.183 CPU sec, 11.314 real sec
[0000] Calling mem_process_seqs.., task: 7
[0000] 1. Calling kt_for - worker_bwt
[0000] 2. Calling kt_for - worker_aln
[0000] Inferring insert size distribution of PE reads from data, l_pac: 656111652, n: 2790776
[0000][PE] # candidate unique pairs for (FF, FR, RF, RR): (58, 1125342, 101, 57)
[0000][PE] analyzing insert size distribution for orientation FF...
[0000][PE] (25, 50, 75) percentile: (142, 240, 434)
[0000][PE] low and high boundaries for computing mean and std.dev: (1, 1018)
[0000][PE] mean and std.dev: (207.20, 103.96)
[0000][PE] low and high boundaries for proper pairs: (1, 1310)
[0000][PE] analyzing insert size distribution for orientation FR...
[0000][PE] (25, 50, 75) percentile: (239, 284, 324)
[0000][PE] low and high boundaries for computing mean and std.dev: (69, 494)
[0000][PE] mean and std.dev: (275.47, 67.74)
[0000][PE] low and high boundaries for proper pairs: (1, 579)
[0000][PE] analyzing insert size distribution for orientation RF...
[0000][PE] (25, 50, 75) percentile: (438, 1705, 5722)
[0000][PE] low and high boundaries for computing mean and std.dev: (1, 16290)
[0000][PE] mean and std.dev: (2962.03, 2843.57)
[0000][PE] low and high boundaries for proper pairs: (1, 21574)
[0000][PE] analyzing insert size distribution for orientation RR...
[0000][PE] (25, 50, 75) percentile: (161, 240, 1373)
[0000][PE] low and high boundaries for computing mean and std.dev: (1, 3797)
[0000][PE] mean and std.dev: (664.29, 879.79)
[0000][PE] low and high boundaries for proper pairs: (1, 5009)
[0000][PE] skip orientation FF
[0000][PE] skip orientation RF
[0000][PE] skip orientation RR
[0000] 3. Calling kt_for - worker_sam
	[0000][ M::mem_process_seqs] Processed 2790776 reads in 445.588 CPU sec, 12.207 real sec
[0000] read_chunk: 400000000, work_chunk_size: 400000067, nseq: 2791614
	[0000][ M::kt_pipeline] read 2791614 sequences (400000067 bp)...
[0000] Calling mem_process_seqs.., task: 8
[0000] 1. Calling kt_for - worker_bwt
[0000] read_chunk: 400000000, work_chunk_size: 60372801, nseq: 421642
	[0000][ M::kt_pipeline] read 421642 sequences (60372801 bp)...
[0000] 2. Calling kt_for - worker_aln
[0000] Inferring insert size distribution of PE reads from data, l_pac: 656111652, n: 2791614
[0000][PE] # candidate unique pairs for (FF, FR, RF, RR): (86, 1135055, 112, 61)
[0000][PE] analyzing insert size distribution for orientation FF...
[0000][PE] (25, 50, 75) percentile: (133, 199, 374)
[0000][PE] low and high boundaries for computing mean and std.dev: (1, 856)
[0000][PE] mean and std.dev: (231.23, 171.91)
[0000][PE] low and high boundaries for proper pairs: (1, 1097)
[0000][PE] analyzing insert size distribution for orientation FR...
[0000][PE] (25, 50, 75) percentile: (239, 284, 324)
[0000][PE] low and high boundaries for computing mean and std.dev: (69, 494)
[0000][PE] mean and std.dev: (275.45, 67.76)
[0000][PE] low and high boundaries for proper pairs: (1, 579)
[0000][PE] analyzing insert size distribution for orientation RF...
[0000][PE] (25, 50, 75) percentile: (626, 2385, 6928)
[0000][PE] low and high boundaries for computing mean and std.dev: (1, 19532)
[0000][PE] mean and std.dev: (3688.61, 3274.56)
[0000][PE] low and high boundaries for proper pairs: (1, 25834)
[0000][PE] analyzing insert size distribution for orientation RR...
[0000][PE] (25, 50, 75) percentile: (195, 244, 1276)
[0000][PE] low and high boundaries for computing mean and std.dev: (1, 3438)
[0000][PE] mean and std.dev: (509.62, 673.75)
[0000][PE] low and high boundaries for proper pairs: (1, 4519)
[0000][PE] skip orientation FF
[0000][PE] skip orientation RF
[0000][PE] skip orientation RR
[0000] 3. Calling kt_for - worker_sam
	[0000][ M::mem_process_seqs] Processed 2791614 reads in 413.635 CPU sec, 11.054 real sec
[0000] Calling mem_process_seqs.., task: 9
[0000] 1. Calling kt_for - worker_bwt
[0000] 2. Calling kt_for - worker_aln
[0000] Inferring insert size distribution of PE reads from data, l_pac: 656111652, n: 421642
[0000][PE] # candidate unique pairs for (FF, FR, RF, RR): (10, 173609, 22, 8)
[0000][PE] analyzing insert size distribution for orientation FF...
[0000][PE] (25, 50, 75) percentile: (112, 211, 361)
[0000][PE] low and high boundaries for computing mean and std.dev: (1, 859)
[0000][PE] mean and std.dev: (213.67, 111.36)
[0000][PE] low and high boundaries for proper pairs: (1, 1108)
[0000][PE] analyzing insert size distribution for orientation FR...
[0000][PE] (25, 50, 75) percentile: (239, 284, 323)
[0000][PE] low and high boundaries for computing mean and std.dev: (71, 491)
[0000][PE] mean and std.dev: (275.67, 67.29)
[0000][PE] low and high boundaries for proper pairs: (1, 575)
[0000][PE] analyzing insert size distribution for orientation RF...
[0000][PE] (25, 50, 75) percentile: (78, 543, 6495)
[0000][PE] low and high boundaries for computing mean and std.dev: (1, 19329)
[0000][PE] mean and std.dev: (2744.77, 3504.24)
[0000][PE] low and high boundaries for proper pairs: (1, 25746)
[0000][PE] skip orientation RR as there are not enough pairs
[0000][PE] skip orientation FF
[0000][PE] skip orientation RF
[0000] 3. Calling kt_for - worker_sam
	[0000][ M::mem_process_seqs] Processed 421642 reads in 58.369 CPU sec, 1.820 real sec
[0000] read_chunk: 400000000, work_chunk_size: 0, nseq: 0
[0000] read_chunk: 400000000, work_chunk_size: 0, nseq: 0
[0000] Computation ends..
No. of OMP threads: 40
Processor is running @2394.715140 MHz
Runtime profile:

	Time taken for main_mem function: 183.47 sec

	IO times (sec) :
	Reading IO time (reads) avg: 90.45, (90.45, 90.45)
	Writing IO time (SAM) avg: 28.69, (28.69, 28.69)
	Reading IO time (Reference Genome) avg: 0.57, (0.57, 0.57)
	Index read time avg: 0.12, (0.12, 0.12)

	Overall time (sec) (Excluding Index reading time):
	PROCESS() (Total compute time + (read + SAM) IO time) : 182.77
	MEM_PROCESS_SEQ() (Total compute time (Kernel + SAM)), avg: 112.14, (112.14, 112.14)

	 SAM Processing time (sec):
	--WORKER_SAM avg: 45.22, (45.22, 45.22)

	Kernels' compute time (sec):
	Total kernel (smem+sal+bsw) time avg: 64.16, (64.16, 64.16)
		MEM_ALN_CHAIN_FLT avg: 0.00, (0.00, 0.00)
		MEM_ALN_CHAIN_SEED avg: 0.00, (0.00, 0.00)
		ERT_SEED_CHAIN avg: 0.00, (0.00, 0.00)
	LEARNED_SEED_CHAIN avg: 25.04, (25.23, 24.67)
		SMEM compute avg: 0.00, (0.00, 0.00)
		SAL compute avg: 0.00, (0.00, 0.00)
				MEM_SA avg: 0.00, (0.00, 0.00)

		BSW time, avg: 36.08, (36.38, 35.68)

Important parameter settings: 
	BATCH_SIZE: 512
	MAX_SEQ_LEN_REF: 256
	MAX_SEQ_LEN_QER: 128
	MAX_SEQ_LEN8: 128
	SEEDS_PER_READ: 500
	SIMD_WIDTH8 X: 64
	SIMD_WIDTH16 X: 32
	AVG_SEEDS_PER_READ: 64
