Looking to launch executable "/opt/conda/bin/bwa-meme_mode3.avx512bw", simd = _mode3.avx512bw
Launching executable "/opt/conda/bin/bwa-meme_mode3.avx512bw"
-----------------------------
Executing in AVX512 mode!!
-----------------------------
* SA compression enabled with xfactor: 8
* Ref file: reference.902362185.genome.fasta
* Entering FMI_search
Reading other elements of the index from files reference.902362185.genome.fasta
* Index prefix: reference.902362185.genome.fasta
* Read 0 ALT contigs
* Reading reference genome..
* Binary seq file = reference.902362185.genome.fasta.0123
* Reference genome size: 1312223304 bp
* Done reading reference genome !!

------------------------------------------
1. Memory pre-allocation for Chaining: 5679.4903 MB
2. Memory pre-allocation for BSW: 9584.6810 MB
[M::memoryAllocLearned::MEME] Reading Learned-index models into memory
[Learned-Config] MODE:3 SEARCH_METHOD: 1 MEM_TRADEOFF:1 EXPONENTIAL_SMEMSEARCH: 1 DEBUG_MODE:0 Num 2nd Models:268435456 PWL Bits Used:28
[M::memoryAllocLearned::MEME] Loading RMI model and Pac reference file took 9.537 sec
[M::memoryAllocLearned::MEME] Reading suffix array into memory
[M::memoryAllocLearned::MEME] Loading pos_packed file took 13.981 sec
[M::memoryAllocLearned::MEME] Generating SA, 64-bit Suffix and ISA in memory
[M::memoryAllocLearned::MEME] Runtime-build-index took 13.453 sec
3. Memory pre-allocation for BWT: 7204.5072 MB
------------------------------------------
* Threads used (compute): 40
* No. of pipeline threads: 2

[0000] read_chunk: 400000000, work_chunk_size: 400000058, nseq: 2757474
	[0000][ M::kt_pipeline] read 2757474 sequences (400000058 bp)...
[0000] Reallocating initial memory allocations!!
[0000] Calling mem_process_seqs.., task: 0
[0000] 1. Calling kt_for - worker_bwt
[0000] read_chunk: 400000000, work_chunk_size: 400000298, nseq: 2758962
	[0000][ M::kt_pipeline] read 2758962 sequences (400000298 bp)...
[0000] 2. Calling kt_for - worker_aln
[0000] Inferring insert size distribution of PE reads from data, l_pac: 656111652, n: 2757474
[0000][PE] # candidate unique pairs for (FF, FR, RF, RR): (85, 1103931, 131, 79)
[0000][PE] analyzing insert size distribution for orientation FF...
[0000][PE] (25, 50, 75) percentile: (161, 196, 250)
[0000][PE] low and high boundaries for computing mean and std.dev: (1, 428)
[0000][PE] mean and std.dev: (186.86, 58.42)
[0000][PE] low and high boundaries for proper pairs: (1, 517)
[0000][PE] analyzing insert size distribution for orientation FR...
[0000][PE] (25, 50, 75) percentile: (247, 289, 327)
[0000][PE] low and high boundaries for computing mean and std.dev: (87, 487)
[0000][PE] mean and std.dev: (283.59, 59.70)
[0000][PE] low and high boundaries for proper pairs: (7, 567)
[0000][PE] analyzing insert size distribution for orientation RF...
[0000][PE] (25, 50, 75) percentile: (386, 2903, 5632)
[0000][PE] low and high boundaries for computing mean and std.dev: (1, 16124)
[0000][PE] mean and std.dev: (3267.44, 2914.65)
[0000][PE] low and high boundaries for proper pairs: (1, 21370)
[0000][PE] analyzing insert size distribution for orientation RR...
[0000][PE] (25, 50, 75) percentile: (157, 212, 300)
[0000][PE] low and high boundaries for computing mean and std.dev: (1, 586)
[0000][PE] mean and std.dev: (207.06, 89.92)
[0000][PE] low and high boundaries for proper pairs: (1, 729)
[0000][PE] skip orientation FF
[0000][PE] skip orientation RF
[0000][PE] skip orientation RR
[0000] 3. Calling kt_for - worker_sam
	[0000][ M::mem_process_seqs] Processed 2757474 reads in 475.046 CPU sec, 16.253 real sec
[0000] Reallocating initial memory allocations!!
[0000] Calling mem_process_seqs.., task: 1
[0000] 1. Calling kt_for - worker_bwt
[0000] 2. Calling kt_for - worker_aln
[0000] Inferring insert size distribution of PE reads from data, l_pac: 656111652, n: 2758962
[0000][PE] # candidate unique pairs for (FF, FR, RF, RR): (107, 1123669, 115, 90)
[0000][PE] analyzing insert size distribution for orientation FF...
[0000][PE] (25, 50, 75) percentile: (164, 204, 294)
[0000][PE] low and high boundaries for computing mean and std.dev: (1, 554)
[0000][PE] mean and std.dev: (196.75, 83.58)
[0000][PE] low and high boundaries for proper pairs: (1, 684)
[0000][PE] analyzing insert size distribution for orientation FR...
[0000][PE] (25, 50, 75) percentile: (247, 289, 327)
[0000][PE] low and high boundaries for computing mean and std.dev: (87, 487)
[0000][PE] mean and std.dev: (283.70, 59.68)
[0000][PE] low and high boundaries for proper pairs: (7, 567)
[0000][PE] analyzing insert size distribution for orientation RF...
[0000][PE] (25, 50, 75) percentile: (503, 2497, 6036)
[0000][PE] low and high boundaries for computing mean and std.dev: (1, 17102)
[0000][PE] mean and std.dev: (3388.12, 3174.91)
[0000][PE] low and high boundaries for proper pairs: (1, 22635)
[0000][PE] analyzing insert size distribution for orientation RR...
[0000][PE] (25, 50, 75) percentile: (165, 205, 252)
[0000][PE] low and high boundaries for computing mean and std.dev: (1, 426)
[0000][PE] mean and std.dev: (182.56, 64.69)
[0000][PE] low and high boundaries for proper pairs: (1, 513)
[0000][PE] skip orientation FF
[0000][PE] skip orientation RF
[0000][PE] skip orientation RR
[0000] 3. Calling kt_for - worker_sam
[0000] read_chunk: 400000000, work_chunk_size: 400000135, nseq: 2757006
	[0000][ M::kt_pipeline] read 2757006 sequences (400000135 bp)...
	[0000][ M::mem_process_seqs] Processed 2758962 reads in 406.524 CPU sec, 10.885 real sec
[0000] Calling mem_process_seqs.., task: 2
[0000] 1. Calling kt_for - worker_bwt
[0000] 2. Calling kt_for - worker_aln
[0000] Inferring insert size distribution of PE reads from data, l_pac: 656111652, n: 2757006
[0000][PE] # candidate unique pairs for (FF, FR, RF, RR): (95, 1097594, 146, 79)
[0000][PE] analyzing insert size distribution for orientation FF...
[0000][PE] (25, 50, 75) percentile: (148, 206, 280)
[0000][PE] low and high boundaries for computing mean and std.dev: (1, 544)
[0000][PE] mean and std.dev: (191.96, 80.70)
[0000][PE] low and high boundaries for proper pairs: (1, 676)
[0000][PE] analyzing insert size distribution for orientation FR...
[0000][PE] (25, 50, 75) percentile: (247, 289, 327)
[0000][PE] low and high boundaries for computing mean and std.dev: (87, 487)
[0000][PE] mean and std.dev: (283.69, 59.64)
[0000][PE] low and high boundaries for proper pairs: (7, 567)
[0000][PE] analyzing insert size distribution for orientation RF...
[0000][PE] (25, 50, 75) percentile: (617, 2548, 6103)
[0000][PE] low and high boundaries for computing mean and std.dev: (1, 17075)
[0000][PE] mean and std.dev: (3462.92, 3009.21)
[0000][PE] low and high boundaries for proper pairs: (1, 22561)
[0000][PE] analyzing insert size distribution for orientation RR...
[0000][PE] (25, 50, 75) percentile: (159, 201, 315)
[0000][PE] low and high boundaries for computing mean and std.dev: (1, 627)
[0000][PE] mean and std.dev: (196.42, 72.52)
[0000][PE] low and high boundaries for proper pairs: (1, 783)
[0000][PE] skip orientation FF
[0000][PE] skip orientation RF
[0000][PE] skip orientation RR
[0000] 3. Calling kt_for - worker_sam
	[0000][ M::mem_process_seqs] Processed 2757006 reads in 473.485 CPU sec, 13.052 real sec
[0000] read_chunk: 400000000, work_chunk_size: 400000007, nseq: 2757394
	[0000][ M::kt_pipeline] read 2757394 sequences (400000007 bp)...
[0000] Calling mem_process_seqs.., task: 3
[0000] 1. Calling kt_for - worker_bwt
[0000] 2. Calling kt_for - worker_aln
[0000] Inferring insert size distribution of PE reads from data, l_pac: 656111652, n: 2757394
[0000][PE] # candidate unique pairs for (FF, FR, RF, RR): (98, 1110425, 114, 88)
[0000][PE] analyzing insert size distribution for orientation FF...
[0000][PE] (25, 50, 75) percentile: (144, 194, 282)
[0000][PE] low and high boundaries for computing mean and std.dev: (1, 558)
[0000][PE] mean and std.dev: (184.49, 78.43)
[0000][PE] low and high boundaries for proper pairs: (1, 696)
[0000][PE] analyzing insert size distribution for orientation FR...
[0000][PE] (25, 50, 75) percentile: (247, 289, 327)
[0000][PE] low and high boundaries for computing mean and std.dev: (87, 487)
[0000][PE] mean and std.dev: (283.75, 59.55)
[0000][PE] low and high boundaries for proper pairs: (7, 567)
[0000][PE] analyzing insert size distribution for orientation RF...
[0000][PE] (25, 50, 75) percentile: (329, 1213, 4629)
[0000][PE] low and high boundaries for computing mean and std.dev: (1, 13229)
[0000][PE] mean and std.dev: (2722.73, 3038.41)
[0000][PE] low and high boundaries for proper pairs: (1, 17529)
[0000][PE] analyzing insert size distribution for orientation RR...
[0000][PE] (25, 50, 75) percentile: (163, 218, 459)
[0000][PE] low and high boundaries for computing mean and std.dev: (1, 1051)
[0000][PE] mean and std.dev: (261.92, 195.66)
[0000][PE] low and high boundaries for proper pairs: (1, 1347)
[0000][PE] skip orientation FF
[0000][PE] skip orientation RF
[0000][PE] skip orientation RR
[0000] 3. Calling kt_for - worker_sam
[0000] read_chunk: 400000000, work_chunk_size: 400000243, nseq: 2757380
	[0000][ M::kt_pipeline] read 2757380 sequences (400000243 bp)...
	[0000][ M::mem_process_seqs] Processed 2757394 reads in 455.253 CPU sec, 12.294 real sec
[0000] Calling mem_process_seqs.., task: 4
[0000] 1. Calling kt_for - worker_bwt
[0000] 2. Calling kt_for - worker_aln
[0000] Inferring insert size distribution of PE reads from data, l_pac: 656111652, n: 2757380
[0000][PE] # candidate unique pairs for (FF, FR, RF, RR): (96, 1120529, 115, 73)
[0000][PE] analyzing insert size distribution for orientation FF...
[0000][PE] (25, 50, 75) percentile: (155, 203, 291)
[0000][PE] low and high boundaries for computing mean and std.dev: (1, 563)
[0000][PE] mean and std.dev: (191.54, 81.04)
[0000][PE] low and high boundaries for proper pairs: (1, 699)
[0000][PE] analyzing insert size distribution for orientation FR...
[0000][PE] (25, 50, 75) percentile: (247, 289, 327)
[0000][PE] low and high boundaries for computing mean and std.dev: (87, 487)
[0000][PE] mean and std.dev: (283.70, 59.54)
[0000][PE] low and high boundaries for proper pairs: (7, 567)
[0000][PE] analyzing insert size distribution for orientation RF...
[0000][PE] (25, 50, 75) percentile: (553, 3347, 7090)
[0000][PE] low and high boundaries for computing mean and std.dev: (1, 20164)
[0000][PE] mean and std.dev: (4039.93, 3452.81)
[0000][PE] low and high boundaries for proper pairs: (1, 26701)
[0000][PE] analyzing insert size distribution for orientation RR...
[0000][PE] (25, 50, 75) percentile: (151, 196, 376)
[0000][PE] low and high boundaries for computing mean and std.dev: (1, 826)
[0000][PE] mean and std.dev: (214.98, 129.98)
[0000][PE] low and high boundaries for proper pairs: (1, 1051)
[0000][PE] skip orientation FF
[0000][PE] skip orientation RF
[0000][PE] skip orientation RR
[0000] 3. Calling kt_for - worker_sam
	[0000][ M::mem_process_seqs] Processed 2757380 reads in 422.956 CPU sec, 11.400 real sec
[0000] read_chunk: 400000000, work_chunk_size: 400000168, nseq: 2758012
	[0000][ M::kt_pipeline] read 2758012 sequences (400000168 bp)...
[0000] Calling mem_process_seqs.., task: 5
[0000] 1. Calling kt_for - worker_bwt
[0000] 2. Calling kt_for - worker_aln
[0000] Inferring insert size distribution of PE reads from data, l_pac: 656111652, n: 2758012
[0000][PE] # candidate unique pairs for (FF, FR, RF, RR): (85, 1113580, 141, 101)
[0000][PE] analyzing insert size distribution for orientation FF...
[0000][PE] (25, 50, 75) percentile: (144, 207, 281)
[0000][PE] low and high boundaries for computing mean and std.dev: (1, 555)
[0000][PE] mean and std.dev: (175.48, 70.78)
[0000][PE] low and high boundaries for proper pairs: (1, 692)
[0000][PE] analyzing insert size distribution for orientation FR...
[0000][PE] (25, 50, 75) percentile: (247, 289, 327)
[0000][PE] low and high boundaries for computing mean and std.dev: (87, 487)
[0000][PE] mean and std.dev: (283.74, 59.62)
[0000][PE] low and high boundaries for proper pairs: (7, 567)
[0000][PE] analyzing insert size distribution for orientation RF...
[0000][PE] (25, 50, 75) percentile: (357, 1531, 5338)
[0000][PE] low and high boundaries for computing mean and std.dev: (1, 15300)
[0000][PE] mean and std.dev: (3002.30, 3098.30)
[0000][PE] low and high boundaries for proper pairs: (1, 20281)
[0000][PE] analyzing insert size distribution for orientation RR...
[0000][PE] (25, 50, 75) percentile: (145, 195, 273)
[0000][PE] low and high boundaries for computing mean and std.dev: (1, 529)
[0000][PE] mean and std.dev: (182.14, 69.20)
[0000][PE] low and high boundaries for proper pairs: (1, 657)
[0000][PE] skip orientation FF
[0000][PE] skip orientation RF
[0000][PE] skip orientation RR
[0000] 3. Calling kt_for - worker_sam
[0000] read_chunk: 400000000, work_chunk_size: 400000111, nseq: 2758238
	[0000][ M::kt_pipeline] read 2758238 sequences (400000111 bp)...
	[0000][ M::mem_process_seqs] Processed 2758012 reads in 427.612 CPU sec, 11.481 real sec
[0000] Calling mem_process_seqs.., task: 6
[0000] 1. Calling kt_for - worker_bwt
[0000] 2. Calling kt_for - worker_aln
[0000] Inferring insert size distribution of PE reads from data, l_pac: 656111652, n: 2758238
[0000][PE] # candidate unique pairs for (FF, FR, RF, RR): (102, 1109659, 133, 85)
[0000][PE] analyzing insert size distribution for orientation FF...
[0000][PE] (25, 50, 75) percentile: (164, 215, 262)
[0000][PE] low and high boundaries for computing mean and std.dev: (1, 458)
[0000][PE] mean and std.dev: (191.94, 64.72)
[0000][PE] low and high boundaries for proper pairs: (1, 556)
[0000][PE] analyzing insert size distribution for orientation FR...
[0000][PE] (25, 50, 75) percentile: (247, 289, 327)
[0000][PE] low and high boundaries for computing mean and std.dev: (87, 487)
[0000][PE] mean and std.dev: (283.70, 59.62)
[0000][PE] low and high boundaries for proper pairs: (7, 567)
[0000][PE] analyzing insert size distribution for orientation RF...
[0000][PE] (25, 50, 75) percentile: (559, 3031, 5638)
[0000][PE] low and high boundaries for computing mean and std.dev: (1, 15796)
[0000][PE] mean and std.dev: (3433.20, 3007.00)
[0000][PE] low and high boundaries for proper pairs: (1, 20875)
[0000][PE] analyzing insert size distribution for orientation RR...
[0000][PE] (25, 50, 75) percentile: (147, 210, 289)
[0000][PE] low and high boundaries for computing mean and std.dev: (1, 573)
[0000][PE] mean and std.dev: (187.00, 86.98)
[0000][PE] low and high boundaries for proper pairs: (1, 715)
[0000][PE] skip orientation FF
[0000][PE] skip orientation RF
[0000][PE] skip orientation RR
[0000] 3. Calling kt_for - worker_sam
	[0000][ M::mem_process_seqs] Processed 2758238 reads in 459.559 CPU sec, 12.349 real sec
[0000] read_chunk: 400000000, work_chunk_size: 400000020, nseq: 2758182
	[0000][ M::kt_pipeline] read 2758182 sequences (400000020 bp)...
[0000] Calling mem_process_seqs.., task: 7
[0000] 1. Calling kt_for - worker_bwt
[0000] 2. Calling kt_for - worker_aln
[0000] read_chunk: 400000000, work_chunk_size: 109872308, nseq: 757974
	[0000][ M::kt_pipeline] read 757974 sequences (109872308 bp)...
[0000] Inferring insert size distribution of PE reads from data, l_pac: 656111652, n: 2758182
[0000][PE] # candidate unique pairs for (FF, FR, RF, RR): (95, 1125900, 100, 78)
[0000][PE] analyzing insert size distribution for orientation FF...
[0000][PE] (25, 50, 75) percentile: (167, 232, 377)
[0000][PE] low and high boundaries for computing mean and std.dev: (1, 797)
[0000][PE] mean and std.dev: (214.45, 98.21)
[0000][PE] low and high boundaries for proper pairs: (1, 1007)
[0000][PE] analyzing insert size distribution for orientation FR...
[0000][PE] (25, 50, 75) percentile: (247, 289, 327)
[0000][PE] low and high boundaries for computing mean and std.dev: (87, 487)
[0000][PE] mean and std.dev: (283.64, 59.59)
[0000][PE] low and high boundaries for proper pairs: (7, 567)
[0000][PE] analyzing insert size distribution for orientation RF...
[0000][PE] (25, 50, 75) percentile: (719, 3388, 6813)
[0000][PE] low and high boundaries for computing mean and std.dev: (1, 19001)
[0000][PE] mean and std.dev: (3780.09, 3213.34)
[0000][PE] low and high boundaries for proper pairs: (1, 25095)
[0000][PE] analyzing insert size distribution for orientation RR...
[0000][PE] (25, 50, 75) percentile: (144, 196, 299)
[0000][PE] low and high boundaries for computing mean and std.dev: (1, 609)
[0000][PE] mean and std.dev: (181.23, 73.94)
[0000][PE] low and high boundaries for proper pairs: (1, 764)
[0000][PE] skip orientation FF
[0000][PE] skip orientation RF
[0000][PE] skip orientation RR
[0000] 3. Calling kt_for - worker_sam
	[0000][ M::mem_process_seqs] Processed 2758182 reads in 410.662 CPU sec, 11.044 real sec
[0000] Calling mem_process_seqs.., task: 8
[0000] 1. Calling kt_for - worker_bwt
[0000] 2. Calling kt_for - worker_aln
[0000] Inferring insert size distribution of PE reads from data, l_pac: 656111652, n: 757974
[0000][PE] # candidate unique pairs for (FF, FR, RF, RR): (23, 312462, 32, 22)
[0000][PE] analyzing insert size distribution for orientation FF...
[0000][PE] (25, 50, 75) percentile: (149, 186, 847)
[0000][PE] low and high boundaries for computing mean and std.dev: (1, 2243)
[0000][PE] mean and std.dev: (352.90, 452.72)
[0000][PE] low and high boundaries for proper pairs: (1, 2941)
[0000][PE] analyzing insert size distribution for orientation FR...
[0000][PE] (25, 50, 75) percentile: (247, 289, 327)
[0000][PE] low and high boundaries for computing mean and std.dev: (87, 487)
[0000][PE] mean and std.dev: (283.72, 59.66)
[0000][PE] low and high boundaries for proper pairs: (7, 567)
[0000][PE] analyzing insert size distribution for orientation RF...
[0000][PE] (25, 50, 75) percentile: (544, 2136, 6738)
[0000][PE] low and high boundaries for computing mean and std.dev: (1, 19126)
[0000][PE] mean and std.dev: (3390.06, 3322.66)
[0000][PE] low and high boundaries for proper pairs: (1, 25320)
[0000][PE] analyzing insert size distribution for orientation RR...
[0000][PE] (25, 50, 75) percentile: (149, 227, 589)
[0000][PE] low and high boundaries for computing mean and std.dev: (1, 1469)
[0000][PE] mean and std.dev: (256.95, 190.86)
[0000][PE] low and high boundaries for proper pairs: (1, 1909)
[0000][PE] skip orientation FF
[0000][PE] skip orientation RF
[0000][PE] skip orientation RR
[0000] 3. Calling kt_for - worker_sam
	[0000][ M::mem_process_seqs] Processed 757974 reads in 107.398 CPU sec, 3.133 real sec
[0000] read_chunk: 400000000, work_chunk_size: 0, nseq: 0
[0000] read_chunk: 400000000, work_chunk_size: 0, nseq: 0
[0000] Computation ends..
No. of OMP threads: 40
Processor is running @2394.743410 MHz
Runtime profile:

	Time taken for main_mem function: 187.94 sec

	IO times (sec) :
	Reading IO time (reads) avg: 91.77, (91.77, 91.77)
	Writing IO time (SAM) avg: 27.40, (27.40, 27.40)
	Reading IO time (Reference Genome) avg: 0.57, (0.57, 0.57)
	Index read time avg: 0.12, (0.12, 0.12)

	Overall time (sec) (Excluding Index reading time):
	PROCESS() (Total compute time + (read + SAM) IO time) : 187.24
	MEM_PROCESS_SEQ() (Total compute time (Kernel + SAM)), avg: 101.88, (101.88, 101.88)

	 SAM Processing time (sec):
	--WORKER_SAM avg: 40.02, (40.02, 40.02)

	Kernels' compute time (sec):
	Total kernel (smem+sal+bsw) time avg: 59.40, (59.40, 59.40)
		MEM_ALN_CHAIN_FLT avg: 0.00, (0.00, 0.00)
		MEM_ALN_CHAIN_SEED avg: 0.00, (0.00, 0.00)
		ERT_SEED_CHAIN avg: 0.00, (0.00, 0.00)
	LEARNED_SEED_CHAIN avg: 23.10, (23.28, 22.89)
		SMEM compute avg: 0.00, (0.00, 0.00)
		SAL compute avg: 0.00, (0.00, 0.00)
				MEM_SA avg: 0.00, (0.00, 0.00)

		BSW time, avg: 33.86, (34.12, 33.65)

Important parameter settings: 
	BATCH_SIZE: 512
	MAX_SEQ_LEN_REF: 256
	MAX_SEQ_LEN_QER: 128
	MAX_SEQ_LEN8: 128
	SEEDS_PER_READ: 500
	SIMD_WIDTH8 X: 64
	SIMD_WIDTH16 X: 32
	AVG_SEEDS_PER_READ: 64
