Looking to launch executable "/opt/conda/bin/bwa-meme_mode3.avx512bw", simd = _mode3.avx512bw
Launching executable "/opt/conda/bin/bwa-meme_mode3.avx512bw"
-----------------------------
Executing in AVX512 mode!!
-----------------------------
* SA compression enabled with xfactor: 8
* Ref file: reference.902362185.genome.fasta
* Entering FMI_search
Reading other elements of the index from files reference.902362185.genome.fasta
* Index prefix: reference.902362185.genome.fasta
* Read 0 ALT contigs
* Reading reference genome..
* Binary seq file = reference.902362185.genome.fasta.0123
* Reference genome size: 1312223304 bp
* Done reading reference genome !!

------------------------------------------
1. Memory pre-allocation for Chaining: 5679.4903 MB
2. Memory pre-allocation for BSW: 9584.6810 MB
[M::memoryAllocLearned::MEME] Reading Learned-index models into memory
[Learned-Config] MODE:3 SEARCH_METHOD: 1 MEM_TRADEOFF:1 EXPONENTIAL_SMEMSEARCH: 1 DEBUG_MODE:0 Num 2nd Models:268435456 PWL Bits Used:28
[M::memoryAllocLearned::MEME] Loading RMI model and Pac reference file took 9.621 sec
[M::memoryAllocLearned::MEME] Reading suffix array into memory
[M::memoryAllocLearned::MEME] Loading pos_packed file took 14.101 sec
[M::memoryAllocLearned::MEME] Generating SA, 64-bit Suffix and ISA in memory
[M::memoryAllocLearned::MEME] Runtime-build-index took 13.779 sec
3. Memory pre-allocation for BWT: 7204.5072 MB
------------------------------------------
* Threads used (compute): 40
* No. of pipeline threads: 2

[0000] read_chunk: 400000000, work_chunk_size: 400000107, nseq: 2829450
	[0000][ M::kt_pipeline] read 2829450 sequences (400000107 bp)...
[0000] Reallocating initial memory allocations!!
[0000] read_chunk: 400000000, work_chunk_size: 400000279, nseq: 2830684
	[0000][ M::kt_pipeline] read 2830684 sequences (400000279 bp)...
[0000] Calling mem_process_seqs.., task: 0
[0000] 1. Calling kt_for - worker_bwt
[0000] 2. Calling kt_for - worker_aln
[0000] Inferring insert size distribution of PE reads from data, l_pac: 656111652, n: 2829450
[0000][PE] # candidate unique pairs for (FF, FR, RF, RR): (88, 1095415, 104, 120)
[0000][PE] analyzing insert size distribution for orientation FF...
[0000][PE] (25, 50, 75) percentile: (134, 193, 277)
[0000][PE] low and high boundaries for computing mean and std.dev: (1, 563)
[0000][PE] mean and std.dev: (183.61, 88.63)
[0000][PE] low and high boundaries for proper pairs: (1, 706)
[0000][PE] analyzing insert size distribution for orientation FR...
[0000][PE] (25, 50, 75) percentile: (224, 276, 318)
[0000][PE] low and high boundaries for computing mean and std.dev: (36, 506)
[0000][PE] mean and std.dev: (259.23, 80.87)
[0000][PE] low and high boundaries for proper pairs: (1, 600)
[0000][PE] analyzing insert size distribution for orientation RF...
[0000][PE] (25, 50, 75) percentile: (831, 2804, 6095)
[0000][PE] low and high boundaries for computing mean and std.dev: (1, 16623)
[0000][PE] mean and std.dev: (3647.57, 3098.44)
[0000][PE] low and high boundaries for proper pairs: (1, 21887)
[0000][PE] analyzing insert size distribution for orientation RR...
[0000][PE] (25, 50, 75) percentile: (137, 186, 296)
[0000][PE] low and high boundaries for computing mean and std.dev: (1, 614)
[0000][PE] mean and std.dev: (171.20, 66.12)
[0000][PE] low and high boundaries for proper pairs: (1, 773)
[0000][PE] skip orientation FF
[0000][PE] skip orientation RF
[0000][PE] skip orientation RR
[0000] 3. Calling kt_for - worker_sam
	[0000][ M::mem_process_seqs] Processed 2829450 reads in 559.469 CPU sec, 19.137 real sec
[0000] Reallocating initial memory allocations!!
[0000] Calling mem_process_seqs.., task: 1
[0000] 1. Calling kt_for - worker_bwt
[0000] 2. Calling kt_for - worker_aln
[0000] read_chunk: 400000000, work_chunk_size: 320084155, nseq: 2265556
	[0000][ M::kt_pipeline] read 2265556 sequences (320084155 bp)...
[0000] Inferring insert size distribution of PE reads from data, l_pac: 656111652, n: 2830684
[0000][PE] # candidate unique pairs for (FF, FR, RF, RR): (114, 1107564, 89, 103)
[0000][PE] analyzing insert size distribution for orientation FF...
[0000][PE] (25, 50, 75) percentile: (143, 201, 274)
[0000][PE] low and high boundaries for computing mean and std.dev: (1, 536)
[0000][PE] mean and std.dev: (188.82, 93.13)
[0000][PE] low and high boundaries for proper pairs: (1, 667)
[0000][PE] analyzing insert size distribution for orientation FR...
[0000][PE] (25, 50, 75) percentile: (224, 276, 318)
[0000][PE] low and high boundaries for computing mean and std.dev: (36, 506)
[0000][PE] mean and std.dev: (259.26, 80.83)
[0000][PE] low and high boundaries for proper pairs: (1, 600)
[0000][PE] analyzing insert size distribution for orientation RF...
[0000][PE] (25, 50, 75) percentile: (350, 1558, 7020)
[0000][PE] low and high boundaries for computing mean and std.dev: (1, 20360)
[0000][PE] mean and std.dev: (3314.78, 3401.87)
[0000][PE] low and high boundaries for proper pairs: (1, 27030)
[0000][PE] analyzing insert size distribution for orientation RR...
[0000][PE] (25, 50, 75) percentile: (145, 192, 256)
[0000][PE] low and high boundaries for computing mean and std.dev: (1, 478)
[0000][PE] mean and std.dev: (171.55, 68.90)
[0000][PE] low and high boundaries for proper pairs: (1, 589)
[0000][PE] skip orientation FF
[0000][PE] skip orientation RF
[0000][PE] skip orientation RR
[0000] 3. Calling kt_for - worker_sam
	[0000][ M::mem_process_seqs] Processed 2830684 reads in 517.604 CPU sec, 13.852 real sec
[0000] Calling mem_process_seqs.., task: 2
[0000] 1. Calling kt_for - worker_bwt
[0000] 2. Calling kt_for - worker_aln
[0000] read_chunk: 400000000, work_chunk_size: 0, nseq: 0
[0000] Inferring insert size distribution of PE reads from data, l_pac: 656111652, n: 2265556
[0000][PE] # candidate unique pairs for (FF, FR, RF, RR): (105, 889940, 68, 91)
[0000][PE] analyzing insert size distribution for orientation FF...
[0000][PE] (25, 50, 75) percentile: (112, 178, 239)
[0000][PE] low and high boundaries for computing mean and std.dev: (1, 493)
[0000][PE] mean and std.dev: (167.33, 75.79)
[0000][PE] low and high boundaries for proper pairs: (1, 620)
[0000][PE] analyzing insert size distribution for orientation FR...
[0000][PE] (25, 50, 75) percentile: (224, 276, 318)
[0000][PE] low and high boundaries for computing mean and std.dev: (36, 506)
[0000][PE] mean and std.dev: (259.34, 80.74)
[0000][PE] low and high boundaries for proper pairs: (1, 600)
[0000][PE] analyzing insert size distribution for orientation RF...
[0000][PE] (25, 50, 75) percentile: (597, 2804, 6436)
[0000][PE] low and high boundaries for computing mean and std.dev: (1, 18114)
[0000][PE] mean and std.dev: (3522.71, 3079.41)
[0000][PE] low and high boundaries for proper pairs: (1, 23953)
[0000][PE] analyzing insert size distribution for orientation RR...
[0000][PE] (25, 50, 75) percentile: (116, 167, 257)
[0000][PE] low and high boundaries for computing mean and std.dev: (1, 539)
[0000][PE] mean and std.dev: (166.82, 86.68)
[0000][PE] low and high boundaries for proper pairs: (1, 680)
[0000][PE] skip orientation FF
[0000][PE] skip orientation RF
[0000][PE] skip orientation RR
[0000] 3. Calling kt_for - worker_sam
	[0000][ M::mem_process_seqs] Processed 2265556 reads in 406.901 CPU sec, 11.075 real sec
[0000] read_chunk: 400000000, work_chunk_size: 0, nseq: 0
[0000] Computation ends..
No. of OMP threads: 40
Processor is running @2394.714826 MHz
Runtime profile:

	Time taken for main_mem function: 137.31 sec

	IO times (sec) :
	Reading IO time (reads) avg: 45.52, (45.52, 45.52)
	Writing IO time (SAM) avg: 7.93, (7.93, 7.93)
	Reading IO time (Reference Genome) avg: 0.78, (0.78, 0.78)
	Index read time avg: 0.12, (0.12, 0.12)

	Overall time (sec) (Excluding Index reading time):
	PROCESS() (Total compute time + (read + SAM) IO time) : 136.33
	MEM_PROCESS_SEQ() (Total compute time (Kernel + SAM)), avg: 44.06, (44.06, 44.06)

	 SAM Processing time (sec):
	--WORKER_SAM avg: 17.72, (17.72, 17.72)

	Kernels' compute time (sec):
	Total kernel (smem+sal+bsw) time avg: 25.49, (25.49, 25.49)
		MEM_ALN_CHAIN_FLT avg: 0.00, (0.00, 0.00)
		MEM_ALN_CHAIN_SEED avg: 0.00, (0.00, 0.00)
		ERT_SEED_CHAIN avg: 0.00, (0.00, 0.00)
	LEARNED_SEED_CHAIN avg: 9.93, (10.07, 9.82)
		SMEM compute avg: 0.00, (0.00, 0.00)
		SAL compute avg: 0.00, (0.00, 0.00)
				MEM_SA avg: 0.00, (0.00, 0.00)

		BSW time, avg: 14.46, (14.78, 14.11)

Important parameter settings: 
	BATCH_SIZE: 512
	MAX_SEQ_LEN_REF: 256
	MAX_SEQ_LEN_QER: 128
	MAX_SEQ_LEN8: 128
	SEEDS_PER_READ: 500
	SIMD_WIDTH8 X: 64
	SIMD_WIDTH16 X: 32
	AVG_SEEDS_PER_READ: 64
