Looking to launch executable "/opt/conda/bin/bwa-meme_mode3.avx512bw", simd = _mode3.avx512bw
Launching executable "/opt/conda/bin/bwa-meme_mode3.avx512bw"
-----------------------------
Executing in AVX512 mode!!
-----------------------------
* SA compression enabled with xfactor: 8
* Ref file: reference.902362185.genome.fasta
* Entering FMI_search
Reading other elements of the index from files reference.902362185.genome.fasta
* Index prefix: reference.902362185.genome.fasta
* Read 0 ALT contigs
* Reading reference genome..
* Binary seq file = reference.902362185.genome.fasta.0123
* Reference genome size: 1312223304 bp
* Done reading reference genome !!

------------------------------------------
1. Memory pre-allocation for Chaining: 5679.4903 MB
2. Memory pre-allocation for BSW: 9584.6810 MB
[M::memoryAllocLearned::MEME] Reading Learned-index models into memory
[Learned-Config] MODE:3 SEARCH_METHOD: 1 MEM_TRADEOFF:1 EXPONENTIAL_SMEMSEARCH: 1 DEBUG_MODE:0 Num 2nd Models:268435456 PWL Bits Used:28
[M::memoryAllocLearned::MEME] Loading RMI model and Pac reference file took 11.274 sec
[M::memoryAllocLearned::MEME] Reading suffix array into memory
[M::memoryAllocLearned::MEME] Loading pos_packed file took 15.933 sec
[M::memoryAllocLearned::MEME] Generating SA, 64-bit Suffix and ISA in memory
[M::memoryAllocLearned::MEME] Runtime-build-index took 13.159 sec
3. Memory pre-allocation for BWT: 7204.5072 MB
------------------------------------------
* Threads used (compute): 40
* No. of pipeline threads: 2

[0000] read_chunk: 400000000, work_chunk_size: 297870215, nseq: 2131776
	[0000][ M::kt_pipeline] read 2131776 sequences (297870215 bp)...
[0000] Calling mem_process_seqs.., task: 0
[0000] 1. Calling kt_for - worker_bwt
[0000] read_chunk: 400000000, work_chunk_size: 0, nseq: 0
[0000] 2. Calling kt_for - worker_aln
[0000] Inferring insert size distribution of PE reads from data, l_pac: 656111652, n: 2131776
[0000][PE] # candidate unique pairs for (FF, FR, RF, RR): (64, 846038, 88, 59)
[0000][PE] analyzing insert size distribution for orientation FF...
[0000][PE] (25, 50, 75) percentile: (114, 178, 229)
[0000][PE] low and high boundaries for computing mean and std.dev: (1, 459)
[0000][PE] mean and std.dev: (158.87, 71.44)
[0000][PE] low and high boundaries for proper pairs: (1, 574)
[0000][PE] analyzing insert size distribution for orientation FR...
[0000][PE] (25, 50, 75) percentile: (204, 268, 316)
[0000][PE] low and high boundaries for computing mean and std.dev: (1, 540)
[0000][PE] mean and std.dev: (251.46, 86.38)
[0000][PE] low and high boundaries for proper pairs: (1, 652)
[0000][PE] analyzing insert size distribution for orientation RF...
[0000][PE] (25, 50, 75) percentile: (1222, 5110, 7527)
[0000][PE] low and high boundaries for computing mean and std.dev: (1, 20137)
[0000][PE] mean and std.dev: (4636.80, 3301.18)
[0000][PE] low and high boundaries for proper pairs: (1, 26442)
[0000][PE] analyzing insert size distribution for orientation RR...
[0000][PE] (25, 50, 75) percentile: (132, 169, 431)
[0000][PE] low and high boundaries for computing mean and std.dev: (1, 1029)
[0000][PE] mean and std.dev: (177.43, 139.01)
[0000][PE] low and high boundaries for proper pairs: (1, 1328)
[0000][PE] skip orientation FF
[0000][PE] skip orientation RF
[0000][PE] skip orientation RR
[0000] 3. Calling kt_for - worker_sam
	[0000][ M::mem_process_seqs] Processed 2131776 reads in 336.447 CPU sec, 8.946 real sec
[0000] read_chunk: 400000000, work_chunk_size: 0, nseq: 0
[0000] Computation ends..
No. of OMP threads: 40
Processor is running @2394.548018 MHz
Runtime profile:

	Time taken for main_mem function: 51.57 sec

	IO times (sec) :
	Reading IO time (reads) avg: 6.84, (6.84, 6.84)
	Writing IO time (SAM) avg: 1.72, (1.72, 1.72)
	Reading IO time (Reference Genome) avg: 0.59, (0.59, 0.59)
	Index read time avg: 0.13, (0.13, 0.13)

	Overall time (sec) (Excluding Index reading time):
	PROCESS() (Total compute time + (read + SAM) IO time) : 50.84
	MEM_PROCESS_SEQ() (Total compute time (Kernel + SAM)), avg: 8.95, (8.95, 8.95)

	 SAM Processing time (sec):
	--WORKER_SAM avg: 3.66, (3.66, 3.66)

	Kernels' compute time (sec):
	Total kernel (smem+sal+bsw) time avg: 5.05, (5.05, 5.05)
		MEM_ALN_CHAIN_FLT avg: 0.00, (0.00, 0.00)
		MEM_ALN_CHAIN_SEED avg: 0.00, (0.00, 0.00)
		ERT_SEED_CHAIN avg: 0.00, (0.00, 0.00)
	LEARNED_SEED_CHAIN avg: 1.95, (1.96, 1.94)
		SMEM compute avg: 0.00, (0.00, 0.00)
		SAL compute avg: 0.00, (0.00, 0.00)
				MEM_SA avg: 0.00, (0.00, 0.00)

		BSW time, avg: 2.97, (3.02, 2.94)

Important parameter settings: 
	BATCH_SIZE: 512
	MAX_SEQ_LEN_REF: 256
	MAX_SEQ_LEN_QER: 128
	MAX_SEQ_LEN8: 128
	SEEDS_PER_READ: 500
	SIMD_WIDTH8 X: 64
	SIMD_WIDTH16 X: 32
	AVG_SEEDS_PER_READ: 64
