Looking to launch executable "/opt/conda/bin/bwa-meme_mode3.avx512bw", simd = _mode3.avx512bw
Launching executable "/opt/conda/bin/bwa-meme_mode3.avx512bw"
-----------------------------
Executing in AVX512 mode!!
-----------------------------
* SA compression enabled with xfactor: 8
* Ref file: reference.902362185.genome.fasta
* Entering FMI_search
Reading other elements of the index from files reference.902362185.genome.fasta
* Index prefix: reference.902362185.genome.fasta
* Read 0 ALT contigs
* Reading reference genome..
* Binary seq file = reference.902362185.genome.fasta.0123
* Reference genome size: 1312223304 bp
* Done reading reference genome !!

------------------------------------------
1. Memory pre-allocation for Chaining: 5679.4903 MB
2. Memory pre-allocation for BSW: 9584.6810 MB
[M::memoryAllocLearned::MEME] Reading Learned-index models into memory
[Learned-Config] MODE:3 SEARCH_METHOD: 1 MEM_TRADEOFF:1 EXPONENTIAL_SMEMSEARCH: 1 DEBUG_MODE:0 Num 2nd Models:268435456 PWL Bits Used:28
[M::memoryAllocLearned::MEME] Loading RMI model and Pac reference file took 9.930 sec
[M::memoryAllocLearned::MEME] Reading suffix array into memory
[M::memoryAllocLearned::MEME] Loading pos_packed file took 12.806 sec
[M::memoryAllocLearned::MEME] Generating SA, 64-bit Suffix and ISA in memory
[M::memoryAllocLearned::MEME] Runtime-build-index took 15.283 sec
3. Memory pre-allocation for BWT: 7204.5072 MB
------------------------------------------
* Threads used (compute): 40
* No. of pipeline threads: 2

[0000] read_chunk: 400000000, work_chunk_size: 400000043, nseq: 2756358
	[0000][ M::kt_pipeline] read 2756358 sequences (400000043 bp)...
[0000] Reallocating initial memory allocations!!
[0000] Calling mem_process_seqs.., task: 0
[0000] 1. Calling kt_for - worker_bwt
[0000] 2. Calling kt_for - worker_aln
[0000] Inferring insert size distribution of PE reads from data, l_pac: 656111652, n: 2756358
[0000][PE] # candidate unique pairs for (FF, FR, RF, RR): (89, 1058393, 105, 78)
[0000][PE] analyzing insert size distribution for orientation FF...
[0000][PE] (25, 50, 75) percentile: (159, 208, 669)
[0000][PE] low and high boundaries for computing mean and std.dev: (1, 1689)
[0000][PE] mean and std.dev: (302.51, 305.84)
[0000][PE] low and high boundaries for proper pairs: (1, 2199)
[0000][PE] analyzing insert size distribution for orientation FR...
[0000] read_chunk: 400000000, work_chunk_size: 400000085, nseq: 2758518
[0000][PE] (25, 50, 75) percentile: (249, 290, 327)
[0000][PE] low and high boundaries for computing mean and std.dev: (93, 483)
[0000][PE] mean and std.dev: (285.88, 56.93)
[0000][PE] low and high boundaries for proper pairs: (15, 561)
[0000][PE] analyzing insert size distribution for orientation RF...
[0000][PE] (25, 50, 75) percentile: (341, 2275, 6848)
[0000][PE] low and high boundaries for computing mean and std.dev: (1, 19862)
[0000][PE] mean and std.dev: (3546.32, 3349.57)
[0000][PE] low and high boundaries for proper pairs: (1, 26369)
[0000][PE] analyzing insert size distribution for orientation RR...
[0000][PE] (25, 50, 75) percentile: (138, 223, 507)
[0000][PE] low and high boundaries for computing mean and std.dev: (1, 1245)
[0000][PE] mean and std.dev: (236.33, 175.37)
[0000][PE] low and high boundaries for proper pairs: (1, 1614)
[0000][PE] skip orientation FF
[0000][PE] skip orientation RF
[0000][PE] skip orientation RR
[0000] 3. Calling kt_for - worker_sam
	[0000][ M::kt_pipeline] read 2758518 sequences (400000085 bp)...
	[0000][ M::mem_process_seqs] Processed 2756358 reads in 492.947 CPU sec, 13.001 real sec
[0000] Reallocating initial memory allocations!!
[0000] Calling mem_process_seqs.., task: 1
[0000] 1. Calling kt_for - worker_bwt
[0000] 2. Calling kt_for - worker_aln
[0000] Inferring insert size distribution of PE reads from data, l_pac: 656111652, n: 2758518
[0000][PE] # candidate unique pairs for (FF, FR, RF, RR): (69, 1089684, 115, 77)
[0000][PE] analyzing insert size distribution for orientation FF...
[0000][PE] (25, 50, 75) percentile: (151, 198, 679)
[0000][PE] low and high boundaries for computing mean and std.dev: (1, 1735)
[0000][PE] mean and std.dev: (287.73, 296.49)
[0000][PE] low and high boundaries for proper pairs: (1, 2263)
[0000][PE] analyzing insert size distribution for orientation FR...
[0000][PE] (25, 50, 75) percentile: (249, 290, 327)
[0000][PE] low and high boundaries for computing mean and std.dev: (93, 483)
[0000][PE] mean and std.dev: (285.78, 57.03)
[0000][PE] low and high boundaries for proper pairs: (15, 561)
[0000][PE] analyzing insert size distribution for orientation RF...
[0000][PE] (25, 50, 75) percentile: (956, 3727, 6782)
[0000][PE] low and high boundaries for computing mean and std.dev: (1, 18434)
[0000][PE] mean and std.dev: (3930.91, 3104.03)
[0000][PE] low and high boundaries for proper pairs: (1, 24260)
[0000][PE] analyzing insert size distribution for orientation RR...
[0000][PE] (25, 50, 75) percentile: (150, 198, 567)
[0000][PE] low and high boundaries for computing mean and std.dev: (1, 1401)
[0000][PE] mean and std.dev: (226.44, 166.91)
[0000][PE] low and high boundaries for proper pairs: (1, 1818)
[0000][PE] skip orientation FF
[0000][PE] skip orientation RF
[0000][PE] skip orientation RR
[0000] 3. Calling kt_for - worker_sam
[0000] read_chunk: 400000000, work_chunk_size: 400000153, nseq: 2757006
	[0000][ M::kt_pipeline] read 2757006 sequences (400000153 bp)...
	[0000][ M::mem_process_seqs] Processed 2758518 reads in 415.514 CPU sec, 11.055 real sec
[0000] Calling mem_process_seqs.., task: 2
[0000] 1. Calling kt_for - worker_bwt
[0000] 2. Calling kt_for - worker_aln
[0000] Inferring insert size distribution of PE reads from data, l_pac: 656111652, n: 2757006
[0000][PE] # candidate unique pairs for (FF, FR, RF, RR): (80, 1076690, 114, 67)
[0000][PE] analyzing insert size distribution for orientation FF...
[0000][PE] (25, 50, 75) percentile: (193, 257, 1095)
[0000][PE] low and high boundaries for computing mean and std.dev: (1, 2899)
[0000][PE] mean and std.dev: (399.31, 382.82)
[0000][PE] low and high boundaries for proper pairs: (1, 3801)
[0000][PE] analyzing insert size distribution for orientation FR...
[0000][PE] (25, 50, 75) percentile: (249, 290, 327)
[0000][PE] low and high boundaries for computing mean and std.dev: (93, 483)
[0000][PE] mean and std.dev: (285.81, 57.00)
[0000][PE] low and high boundaries for proper pairs: (15, 561)
[0000][PE] analyzing insert size distribution for orientation RF...
[0000][PE] (25, 50, 75) percentile: (597, 3491, 6023)
[0000][PE] low and high boundaries for computing mean and std.dev: (1, 16875)
[0000][PE] mean and std.dev: (3691.82, 2951.48)
[0000][PE] low and high boundaries for proper pairs: (1, 22301)
[0000][PE] analyzing insert size distribution for orientation RR...
[0000][PE] (25, 50, 75) percentile: (150, 205, 457)
[0000][PE] low and high boundaries for computing mean and std.dev: (1, 1071)
[0000][PE] mean and std.dev: (228.42, 148.69)
[0000][PE] low and high boundaries for proper pairs: (1, 1378)
[0000][PE] skip orientation FF
[0000][PE] skip orientation RF
[0000][PE] skip orientation RR
[0000] 3. Calling kt_for - worker_sam
	[0000][ M::mem_process_seqs] Processed 2757006 reads in 451.305 CPU sec, 12.640 real sec
[0000] read_chunk: 400000000, work_chunk_size: 400000154, nseq: 2755146
	[0000][ M::kt_pipeline] read 2755146 sequences (400000154 bp)...
[0000] Calling mem_process_seqs.., task: 3
[0000] 1. Calling kt_for - worker_bwt
[0000] 2. Calling kt_for - worker_aln
[0000] Inferring insert size distribution of PE reads from data, l_pac: 656111652, n: 2755146
[0000][PE] # candidate unique pairs for (FF, FR, RF, RR): (101, 1037914, 119, 83)
[0000][PE] analyzing insert size distribution for orientation FF...
[0000][PE] (25, 50, 75) percentile: (151, 213, 576)
[0000][PE] low and high boundaries for computing mean and std.dev: (1, 1426)
[0000][PE] mean and std.dev: (241.42, 200.29)
[0000][PE] low and high boundaries for proper pairs: (1, 1851)
[0000][PE] analyzing insert size distribution for orientation FR...
[0000][PE] (25, 50, 75) percentile: (249, 290, 327)
[0000][PE] low and high boundaries for computing mean and std.dev: (93, 483)
[0000][PE] mean and std.dev: (285.96, 56.87)
[0000][PE] low and high boundaries for proper pairs: (15, 561)
[0000][PE] analyzing insert size distribution for orientation RF...
[0000][PE] (25, 50, 75) percentile: (699, 2812, 6773)
[0000][PE] low and high boundaries for computing mean and std.dev: (1, 18921)
[0000][PE] mean and std.dev: (3756.82, 3235.19)
[0000][PE] low and high boundaries for proper pairs: (1, 24995)
[0000][PE] analyzing insert size distribution for orientation RR...
[0000][PE] (25, 50, 75) percentile: (165, 229, 305)
[0000][PE] low and high boundaries for computing mean and std.dev: (1, 585)
[0000][PE] mean and std.dev: (209.15, 88.37)
[0000][PE] low and high boundaries for proper pairs: (1, 725)
[0000][PE] skip orientation FF
[0000][PE] skip orientation RF
[0000][PE] skip orientation RR
[0000] 3. Calling kt_for - worker_sam
[0000] read_chunk: 400000000, work_chunk_size: 400000216, nseq: 2756768
	[0000][ M::kt_pipeline] read 2756768 sequences (400000216 bp)...
	[0000][ M::mem_process_seqs] Processed 2755146 reads in 547.362 CPU sec, 15.073 real sec
[0000] Calling mem_process_seqs.., task: 4
[0000] 1. Calling kt_for - worker_bwt
[0000] 2. Calling kt_for - worker_aln
[0000] Inferring insert size distribution of PE reads from data, l_pac: 656111652, n: 2756768
[0000][PE] # candidate unique pairs for (FF, FR, RF, RR): (78, 1069920, 121, 68)
[0000][PE] analyzing insert size distribution for orientation FF...
[0000][PE] (25, 50, 75) percentile: (157, 239, 1038)
[0000][PE] low and high boundaries for computing mean and std.dev: (1, 2800)
[0000][PE] mean and std.dev: (339.26, 345.75)
[0000][PE] low and high boundaries for proper pairs: (1, 3681)
[0000][PE] analyzing insert size distribution for orientation FR...
[0000][PE] (25, 50, 75) percentile: (249, 290, 327)
[0000][PE] low and high boundaries for computing mean and std.dev: (93, 483)
[0000][PE] mean and std.dev: (285.99, 56.93)
[0000][PE] low and high boundaries for proper pairs: (15, 561)
[0000][PE] analyzing insert size distribution for orientation RF...
[0000][PE] (25, 50, 75) percentile: (513, 2704, 7189)
[0000][PE] low and high boundaries for computing mean and std.dev: (1, 20541)
[0000][PE] mean and std.dev: (3720.02, 3370.30)
[0000][PE] low and high boundaries for proper pairs: (1, 27217)
[0000][PE] analyzing insert size distribution for orientation RR...
[0000][PE] (25, 50, 75) percentile: (174, 230, 1364)
[0000][PE] low and high boundaries for computing mean and std.dev: (1, 3744)
[0000][PE] mean and std.dev: (541.72, 680.51)
[0000][PE] low and high boundaries for proper pairs: (1, 4934)
[0000][PE] skip orientation FF
[0000][PE] skip orientation RF
[0000][PE] skip orientation RR
[0000] 3. Calling kt_for - worker_sam
[0000] read_chunk: 400000000, work_chunk_size: 400000097, nseq: 2757366
	[0000][ M::kt_pipeline] read 2757366 sequences (400000097 bp)...
	[0000][ M::mem_process_seqs] Processed 2756768 reads in 463.930 CPU sec, 12.842 real sec
[0000] Calling mem_process_seqs.., task: 5
[0000] 1. Calling kt_for - worker_bwt
[0000] 2. Calling kt_for - worker_aln
[0000] Inferring insert size distribution of PE reads from data, l_pac: 656111652, n: 2757366
[0000][PE] # candidate unique pairs for (FF, FR, RF, RR): (94, 1082176, 91, 93)
[0000][PE] analyzing insert size distribution for orientation FF...
[0000][PE] (25, 50, 75) percentile: (153, 214, 286)
[0000][PE] low and high boundaries for computing mean and std.dev: (1, 552)
[0000][PE] mean and std.dev: (188.29, 69.54)
[0000][PE] low and high boundaries for proper pairs: (1, 685)
[0000][PE] analyzing insert size distribution for orientation FR...
[0000][PE] (25, 50, 75) percentile: (249, 290, 327)
[0000][PE] low and high boundaries for computing mean and std.dev: (93, 483)
[0000][PE] mean and std.dev: (285.99, 56.86)
[0000][PE] low and high boundaries for proper pairs: (15, 561)
[0000][PE] analyzing insert size distribution for orientation RF...
[0000][PE] (25, 50, 75) percentile: (944, 3882, 5047)
[0000][PE] low and high boundaries for computing mean and std.dev: (1, 13253)
[0000][PE] mean and std.dev: (3574.44, 2892.88)
[0000][PE] low and high boundaries for proper pairs: (1, 17356)
[0000][PE] analyzing insert size distribution for orientation RR...
[0000][PE] (25, 50, 75) percentile: (152, 249, 951)
[0000][PE] low and high boundaries for computing mean and std.dev: (1, 2549)
[0000][PE] mean and std.dev: (342.77, 379.55)
[0000][PE] low and high boundaries for proper pairs: (1, 3348)
[0000][PE] skip orientation FF
[0000][PE] skip orientation RF
[0000][PE] skip orientation RR
[0000] 3. Calling kt_for - worker_sam
	[0000][ M::mem_process_seqs] Processed 2757366 reads in 437.528 CPU sec, 12.535 real sec
[0000] read_chunk: 400000000, work_chunk_size: 400000009, nseq: 2757178
	[0000][ M::kt_pipeline] read 2757178 sequences (400000009 bp)...
[0000] Calling mem_process_seqs.., task: 6
[0000] 1. Calling kt_for - worker_bwt
[0000] 2. Calling kt_for - worker_aln
[0000] Inferring insert size distribution of PE reads from data, l_pac: 656111652, n: 2757178
[0000][PE] # candidate unique pairs for (FF, FR, RF, RR): (76, 1075488, 98, 88)
[0000][PE] analyzing insert size distribution for orientation FF...
[0000][PE] (25, 50, 75) percentile: (150, 196, 265)
[0000][PE] low and high boundaries for computing mean and std.dev: (1, 495)
[0000][PE] mean and std.dev: (175.05, 61.93)
[0000][PE] low and high boundaries for proper pairs: (1, 610)
[0000][PE] analyzing insert size distribution for orientation FR...
[0000][PE] (25, 50, 75) percentile: (249, 290, 327)
[0000][PE] low and high boundaries for computing mean and std.dev: (93, 483)
[0000][PE] mean and std.dev: (285.93, 56.90)
[0000][PE] low and high boundaries for proper pairs: (15, 561)
[0000][PE] analyzing insert size distribution for orientation RF...
[0000][PE] (25, 50, 75) percentile: (417, 2861, 5907)
[0000][PE] low and high boundaries for computing mean and std.dev: (1, 16887)
[0000][PE] mean and std.dev: (3614.53, 3141.09)
[0000][PE] low and high boundaries for proper pairs: (1, 22377)
[0000][PE] analyzing insert size distribution for orientation RR...
[0000][PE] (25, 50, 75) percentile: (147, 228, 711)
[0000][PE] low and high boundaries for computing mean and std.dev: (1, 1839)
[0000][PE] mean and std.dev: (351.11, 360.21)
[0000][PE] low and high boundaries for proper pairs: (1, 2403)
[0000][PE] skip orientation FF
[0000][PE] skip orientation RF
[0000][PE] skip orientation RR
[0000] 3. Calling kt_for - worker_sam
	[0000][ M::mem_process_seqs] Processed 2757178 reads in 452.005 CPU sec, 13.550 real sec
[0000] read_chunk: 400000000, work_chunk_size: 400000066, nseq: 2757478
	[0000][ M::kt_pipeline] read 2757478 sequences (400000066 bp)...
[0000] Calling mem_process_seqs.., task: 7
[0000] 1. Calling kt_for - worker_bwt
[0000] 2. Calling kt_for - worker_aln
[0000] Inferring insert size distribution of PE reads from data, l_pac: 656111652, n: 2757478
[0000][PE] # candidate unique pairs for (FF, FR, RF, RR): (100, 1065280, 129, 73)
[0000][PE] analyzing insert size distribution for orientation FF...
[0000][PE] (25, 50, 75) percentile: (160, 205, 1154)
[0000][PE] low and high boundaries for computing mean and std.dev: (1, 3142)
[0000][PE] mean and std.dev: (419.80, 503.63)
[0000][PE] low and high boundaries for proper pairs: (1, 4136)
[0000][PE] analyzing insert size distribution for orientation FR...
[0000][PE] (25, 50, 75) percentile: (249, 290, 327)
[0000][PE] low and high boundaries for computing mean and std.dev: (93, 483)
[0000][PE] mean and std.dev: (285.92, 57.01)
[0000][PE] low and high boundaries for proper pairs: (15, 561)
[0000][PE] analyzing insert size distribution for orientation RF...
[0000][PE] (25, 50, 75) percentile: (777, 3121, 7442)
[0000][PE] low and high boundaries for computing mean and std.dev: (1, 20772)
[0000][PE] mean and std.dev: (4022.27, 3359.32)
[0000][PE] low and high boundaries for proper pairs: (1, 27437)
[0000][PE] analyzing insert size distribution for orientation RR...
[0000][PE] (25, 50, 75) percentile: (151, 202, 376)
[0000][PE] low and high boundaries for computing mean and std.dev: (1, 826)
[0000][PE] mean and std.dev: (213.70, 122.03)
[0000][PE] low and high boundaries for proper pairs: (1, 1051)
[0000][PE] skip orientation FF
[0000][PE] skip orientation RF
[0000][PE] skip orientation RR
[0000] 3. Calling kt_for - worker_sam
	[0000][ M::mem_process_seqs] Processed 2757478 reads in 470.923 CPU sec, 13.241 real sec
[0000] read_chunk: 400000000, work_chunk_size: 400000065, nseq: 2758778
	[0000][ M::kt_pipeline] read 2758778 sequences (400000065 bp)...
[0000] Reallocating initial memory allocations!!
[0000] Calling mem_process_seqs.., task: 8
[0000] 1. Calling kt_for - worker_bwt
[0000] 2. Calling kt_for - worker_aln
[0000] Inferring insert size distribution of PE reads from data, l_pac: 656111652, n: 2758778
[0000][PE] # candidate unique pairs for (FF, FR, RF, RR): (85, 1087932, 104, 87)
[0000][PE] analyzing insert size distribution for orientation FF...
[0000][PE] (25, 50, 75) percentile: (156, 221, 861)
[0000][PE] low and high boundaries for computing mean and std.dev: (1, 2271)
[0000][PE] mean and std.dev: (389.99, 411.68)
[0000][PE] low and high boundaries for proper pairs: (1, 2976)
[0000][PE] analyzing insert size distribution for orientation FR...
[0000][PE] (25, 50, 75) percentile: (249, 290, 327)
[0000][PE] low and high boundaries for computing mean and std.dev: (93, 483)
[0000][PE] mean and std.dev: (285.95, 56.99)
[0000][PE] low and high boundaries for proper pairs: (15, 561)
[0000][PE] analyzing insert size distribution for orientation RF...
[0000][PE] (25, 50, 75) percentile: (698, 3490, 7757)
[0000][PE] low and high boundaries for computing mean and std.dev: (1, 21875)
[0000][PE] mean and std.dev: (4079.18, 3414.44)
[0000][PE] low and high boundaries for proper pairs: (1, 28934)
[0000][PE] analyzing insert size distribution for orientation RR...
[0000][PE] (25, 50, 75) percentile: (171, 229, 339)
[0000][PE] low and high boundaries for computing mean and std.dev: (1, 675)
[0000][PE] mean and std.dev: (230.95, 111.28)
[0000][PE] low and high boundaries for proper pairs: (1, 843)
[0000][PE] skip orientation FF
[0000][PE] skip orientation RF
[0000][PE] skip orientation RR
[0000] 3. Calling kt_for - worker_sam
	[0000][ M::mem_process_seqs] Processed 2758778 reads in 445.654 CPU sec, 13.259 real sec
[0000] read_chunk: 400000000, work_chunk_size: 337749988, nseq: 2328070
	[0000][ M::kt_pipeline] read 2328070 sequences (337749988 bp)...
[0000] Calling mem_process_seqs.., task: 9
[0000] 1. Calling kt_for - worker_bwt
[0000] 2. Calling kt_for - worker_aln
[0000] Inferring insert size distribution of PE reads from data, l_pac: 656111652, n: 2328070
[0000][PE] # candidate unique pairs for (FF, FR, RF, RR): (73, 912988, 100, 78)
[0000][PE] analyzing insert size distribution for orientation FF...
[0000][PE] (25, 50, 75) percentile: (141, 186, 563)
[0000][PE] low and high boundaries for computing mean and std.dev: (1, 1407)
[0000][PE] mean and std.dev: (212.03, 159.24)
[0000][PE] low and high boundaries for proper pairs: (1, 1829)
[0000][PE] analyzing insert size distribution for orientation FR...
[0000][PE] (25, 50, 75) percentile: (249, 290, 327)
[0000][PE] low and high boundaries for computing mean and std.dev: (93, 483)
[0000][PE] mean and std.dev: (285.98, 56.92)
[0000][PE] low and high boundaries for proper pairs: (15, 561)
[0000][PE] analyzing insert size distribution for orientation RF...
[0000][PE] (25, 50, 75) percentile: (565, 1453, 4864)
[0000][PE] low and high boundaries for computing mean and std.dev: (1, 13462)
[0000][PE] mean and std.dev: (2774.75, 2876.54)
[0000][PE] low and high boundaries for proper pairs: (1, 17761)
[0000][PE] analyzing insert size distribution for orientation RR...
[0000][PE] (25, 50, 75) percentile: (163, 228, 456)
[0000][PE] low and high boundaries for computing mean and std.dev: (1, 1042)
[0000][PE] mean and std.dev: (269.33, 212.28)
[0000][PE] low and high boundaries for proper pairs: (1, 1335)
[0000][PE] skip orientation FF
[0000][PE] skip orientation RF
[0000][PE] skip orientation RR
[0000] 3. Calling kt_for - worker_sam
[0000] read_chunk: 400000000, work_chunk_size: 0, nseq: 0
	[0000][ M::mem_process_seqs] Processed 2328070 reads in 394.307 CPU sec, 14.408 real sec
[0000] read_chunk: 400000000, work_chunk_size: 0, nseq: 0
[0000] Computation ends..
No. of OMP threads: 40
Processor is running @2394.717158 MHz
Runtime profile:

	Time taken for main_mem function: 280.87 sec

	IO times (sec) :
	Reading IO time (reads) avg: 85.80, (85.80, 85.80)
	Writing IO time (SAM) avg: 170.82, (170.82, 170.82)
	Reading IO time (Reference Genome) avg: 0.59, (0.59, 0.59)
	Index read time avg: 0.13, (0.13, 0.13)

	Overall time (sec) (Excluding Index reading time):
	PROCESS() (Total compute time + (read + SAM) IO time) : 280.14
	MEM_PROCESS_SEQ() (Total compute time (Kernel + SAM)), avg: 131.59, (131.59, 131.59)

	 SAM Processing time (sec):
	--WORKER_SAM avg: 60.65, (60.65, 60.65)

	Kernels' compute time (sec):
	Total kernel (smem+sal+bsw) time avg: 67.74, (67.74, 67.74)
		MEM_ALN_CHAIN_FLT avg: 0.00, (0.00, 0.00)
		MEM_ALN_CHAIN_SEED avg: 0.00, (0.00, 0.00)
		ERT_SEED_CHAIN avg: 0.00, (0.00, 0.00)
	LEARNED_SEED_CHAIN avg: 23.17, (23.26, 23.05)
		SMEM compute avg: 0.00, (0.00, 0.00)
		SAL compute avg: 0.00, (0.00, 0.00)
				MEM_SA avg: 0.00, (0.00, 0.00)

		BSW time, avg: 41.75, (42.17, 41.40)

Important parameter settings: 
	BATCH_SIZE: 512
	MAX_SEQ_LEN_REF: 256
	MAX_SEQ_LEN_QER: 128
	MAX_SEQ_LEN8: 128
	SEEDS_PER_READ: 500
	SIMD_WIDTH8 X: 64
	SIMD_WIDTH16 X: 32
	AVG_SEEDS_PER_READ: 64
