Looking to launch executable "/opt/conda/bin/bwa-meme_mode3.avx512bw", simd = _mode3.avx512bw
Launching executable "/opt/conda/bin/bwa-meme_mode3.avx512bw"
-----------------------------
Executing in AVX512 mode!!
-----------------------------
* SA compression enabled with xfactor: 8
* Ref file: reference.902362185.genome.fasta
* Entering FMI_search
Reading other elements of the index from files reference.902362185.genome.fasta
* Index prefix: reference.902362185.genome.fasta
* Read 0 ALT contigs
* Reading reference genome..
* Binary seq file = reference.902362185.genome.fasta.0123
* Reference genome size: 1312223304 bp
* Done reading reference genome !!

------------------------------------------
1. Memory pre-allocation for Chaining: 5679.4903 MB
2. Memory pre-allocation for BSW: 9584.6810 MB
[M::memoryAllocLearned::MEME] Reading Learned-index models into memory
[Learned-Config] MODE:3 SEARCH_METHOD: 1 MEM_TRADEOFF:1 EXPONENTIAL_SMEMSEARCH: 1 DEBUG_MODE:0 Num 2nd Models:268435456 PWL Bits Used:28
[M::memoryAllocLearned::MEME] Loading RMI model and Pac reference file took 9.622 sec
[M::memoryAllocLearned::MEME] Reading suffix array into memory
[M::memoryAllocLearned::MEME] Loading pos_packed file took 14.128 sec
[M::memoryAllocLearned::MEME] Generating SA, 64-bit Suffix and ISA in memory
[M::memoryAllocLearned::MEME] Runtime-build-index took 14.084 sec
3. Memory pre-allocation for BWT: 7204.5072 MB
------------------------------------------
* Threads used (compute): 40
* No. of pipeline threads: 2

[0000] read_chunk: 400000000, work_chunk_size: 400000017, nseq: 2785092
	[0000][ M::kt_pipeline] read 2785092 sequences (400000017 bp)...
[0000] Reallocating initial memory allocations!!
[0000] Calling mem_process_seqs.., task: 0
[0000] 1. Calling kt_for - worker_bwt
[0000] 2. Calling kt_for - worker_aln
[0000] read_chunk: 400000000, work_chunk_size: 400000259, nseq: 2783698
	[0000][ M::kt_pipeline] read 2783698 sequences (400000259 bp)...
[0000] Inferring insert size distribution of PE reads from data, l_pac: 656111652, n: 2785092
[0000][PE] # candidate unique pairs for (FF, FR, RF, RR): (90, 1119768, 105, 78)
[0000][PE] analyzing insert size distribution for orientation FF...
[0000][PE] (25, 50, 75) percentile: (138, 207, 293)
[0000][PE] low and high boundaries for computing mean and std.dev: (1, 603)
[0000][PE] mean and std.dev: (200.39, 104.47)
[0000][PE] low and high boundaries for proper pairs: (1, 758)
[0000][PE] analyzing insert size distribution for orientation FR...
[0000][PE] (25, 50, 75) percentile: (239, 285, 324)
[0000][PE] low and high boundaries for computing mean and std.dev: (69, 494)
[0000][PE] mean and std.dev: (276.03, 67.42)
[0000][PE] low and high boundaries for proper pairs: (1, 579)
[0000][PE] analyzing insert size distribution for orientation RF...
[0000][PE] (25, 50, 75) percentile: (462, 2256, 5961)
[0000][PE] low and high boundaries for computing mean and std.dev: (1, 16959)
[0000][PE] mean and std.dev: (3326.86, 3080.68)
[0000][PE] low and high boundaries for proper pairs: (1, 22458)
[0000][PE] analyzing insert size distribution for orientation RR...
[0000][PE] (25, 50, 75) percentile: (170, 228, 750)
[0000][PE] low and high boundaries for computing mean and std.dev: (1, 1910)
[0000][PE] mean and std.dev: (326.68, 344.76)
[0000][PE] low and high boundaries for proper pairs: (1, 2490)
[0000][PE] skip orientation FF
[0000][PE] skip orientation RF
[0000][PE] skip orientation RR
[0000] 3. Calling kt_for - worker_sam
	[0000][ M::mem_process_seqs] Processed 2785092 reads in 434.761 CPU sec, 11.666 real sec
[0000] Calling mem_process_seqs.., task: 1
[0000] 1. Calling kt_for - worker_bwt
[0000] 2. Calling kt_for - worker_aln
[0000] Inferring insert size distribution of PE reads from data, l_pac: 656111652, n: 2783698
[0000][PE] # candidate unique pairs for (FF, FR, RF, RR): (86, 1109287, 125, 88)
[0000][PE] analyzing insert size distribution for orientation FF...
[0000][PE] (25, 50, 75) percentile: (159, 192, 247)
[0000][PE] low and high boundaries for computing mean and std.dev: (1, 423)
[0000][PE] mean and std.dev: (177.77, 59.71)
[0000][PE] low and high boundaries for proper pairs: (1, 511)
[0000][PE] analyzing insert size distribution for orientation FR...
[0000][PE] (25, 50, 75) percentile: (239, 285, 324)
[0000][PE] low and high boundaries for computing mean and std.dev: (69, 494)
[0000][PE] mean and std.dev: (276.05, 67.29)
[0000][PE] low and high boundaries for proper pairs: (1, 579)
[0000][PE] analyzing insert size distribution for orientation RF...
[0000][PE] (25, 50, 75) percentile: (551, 2325, 5064)
[0000][PE] low and high boundaries for computing mean and std.dev: (1, 14090)
[0000][PE] mean and std.dev: (3294.37, 2937.40)
[0000][PE] low and high boundaries for proper pairs: (1, 18603)
[0000][PE] analyzing insert size distribution for orientation RR...
[0000][PE] (25, 50, 75) percentile: (176, 223, 585)
[0000][PE] low and high boundaries for computing mean and std.dev: (1, 1403)
[0000][PE] mean and std.dev: (325.62, 310.12)
[0000][PE] low and high boundaries for proper pairs: (1, 1812)
[0000][PE] skip orientation FF
[0000][PE] skip orientation RF
[0000][PE] skip orientation RR
[0000] 3. Calling kt_for - worker_sam
	[0000][ M::mem_process_seqs] Processed 2783698 reads in 470.449 CPU sec, 12.858 real sec
[0000] read_chunk: 400000000, work_chunk_size: 400000214, nseq: 2785084
	[0000][ M::kt_pipeline] read 2785084 sequences (400000214 bp)...
[0000] Calling mem_process_seqs.., task: 2
[0000] 1. Calling kt_for - worker_bwt
[0000] 2. Calling kt_for - worker_aln
[0000] Inferring insert size distribution of PE reads from data, l_pac: 656111652, n: 2785084
[0000][PE] # candidate unique pairs for (FF, FR, RF, RR): (84, 1124689, 104, 69)
[0000][PE] analyzing insert size distribution for orientation FF...
[0000][PE] (25, 50, 75) percentile: (151, 205, 777)
[0000][PE] low and high boundaries for computing mean and std.dev: (1, 2029)
[0000][PE] mean and std.dev: (264.54, 282.40)
[0000][PE] low and high boundaries for proper pairs: (1, 2655)
[0000][PE] analyzing insert size distribution for orientation FR...
[0000][PE] (25, 50, 75) percentile: (239, 285, 324)
[0000][PE] low and high boundaries for computing mean and std.dev: (69, 494)
[0000][PE] mean and std.dev: (275.98, 67.37)
[0000][PE] low and high boundaries for proper pairs: (1, 579)
[0000][PE] analyzing insert size distribution for orientation RF...
[0000][PE] (25, 50, 75) percentile: (523, 3174, 6462)
[0000][PE] low and high boundaries for computing mean and std.dev: (1, 18340)
[0000][PE] mean and std.dev: (3722.53, 3113.59)
[0000][PE] low and high boundaries for proper pairs: (1, 24279)
[0000][PE] analyzing insert size distribution for orientation RR...
[0000][PE] (25, 50, 75) percentile: (154, 198, 288)
[0000][PE] low and high boundaries for computing mean and std.dev: (1, 556)
[0000][PE] mean and std.dev: (190.64, 77.43)
[0000][PE] low and high boundaries for proper pairs: (1, 690)
[0000][PE] skip orientation FF
[0000][PE] skip orientation RF
[0000][PE] skip orientation RR
[0000] 3. Calling kt_for - worker_sam
	[0000][ M::mem_process_seqs] Processed 2785084 reads in 428.393 CPU sec, 11.357 real sec
[0000] read_chunk: 400000000, work_chunk_size: 400000189, nseq: 2785176
	[0000][ M::kt_pipeline] read 2785176 sequences (400000189 bp)...
[0000] Reallocating initial memory allocations!!
[0000] read_chunk: 400000000, work_chunk_size: 41948593, nseq: 292232
	[0000][ M::kt_pipeline] read 292232 sequences (41948593 bp)...
[0000] Calling mem_process_seqs.., task: 3
[0000] 1. Calling kt_for - worker_bwt
[0000] 2. Calling kt_for - worker_aln
[0000] Inferring insert size distribution of PE reads from data, l_pac: 656111652, n: 2785176
[0000][PE] # candidate unique pairs for (FF, FR, RF, RR): (94, 1122587, 118, 100)
[0000][PE] analyzing insert size distribution for orientation FF...
[0000][PE] (25, 50, 75) percentile: (152, 226, 329)
[0000][PE] low and high boundaries for computing mean and std.dev: (1, 683)
[0000][PE] mean and std.dev: (205.57, 102.58)
[0000][PE] low and high boundaries for proper pairs: (1, 860)
[0000][PE] analyzing insert size distribution for orientation FR...
[0000][PE] (25, 50, 75) percentile: (239, 285, 324)
[0000][PE] low and high boundaries for computing mean and std.dev: (69, 494)
[0000][PE] mean and std.dev: (276.02, 67.32)
[0000][PE] low and high boundaries for proper pairs: (1, 579)
[0000][PE] analyzing insert size distribution for orientation RF...
[0000][PE] (25, 50, 75) percentile: (541, 3450, 6842)
[0000][PE] low and high boundaries for computing mean and std.dev: (1, 19444)
[0000][PE] mean and std.dev: (3794.49, 3249.30)
[0000][PE] low and high boundaries for proper pairs: (1, 25745)
[0000][PE] analyzing insert size distribution for orientation RR...
[0000][PE] (25, 50, 75) percentile: (157, 199, 271)
[0000][PE] low and high boundaries for computing mean and std.dev: (1, 499)
[0000][PE] mean and std.dev: (188.96, 62.84)
[0000][PE] low and high boundaries for proper pairs: (1, 613)
[0000][PE] skip orientation FF
[0000][PE] skip orientation RF
[0000][PE] skip orientation RR
[0000] 3. Calling kt_for - worker_sam
	[0000][ M::mem_process_seqs] Processed 2785176 reads in 433.778 CPU sec, 11.898 real sec
[0000] Calling mem_process_seqs.., task: 4
[0000] 1. Calling kt_for - worker_bwt
[0000] 2. Calling kt_for - worker_aln
[0000] Inferring insert size distribution of PE reads from data, l_pac: 656111652, n: 292232
[0000][PE] # candidate unique pairs for (FF, FR, RF, RR): (10, 119818, 12, 12)
[0000][PE] analyzing insert size distribution for orientation FF...
[0000][PE] (25, 50, 75) percentile: (122, 190, 296)
[0000][PE] low and high boundaries for computing mean and std.dev: (1, 644)
[0000][PE] mean and std.dev: (197.78, 87.92)
[0000][PE] low and high boundaries for proper pairs: (1, 818)
[0000][PE] analyzing insert size distribution for orientation FR...
[0000][PE] (25, 50, 75) percentile: (239, 285, 324)
[0000][PE] low and high boundaries for computing mean and std.dev: (69, 494)
[0000][PE] mean and std.dev: (276.07, 67.38)
[0000][PE] low and high boundaries for proper pairs: (1, 579)
[0000][PE] analyzing insert size distribution for orientation RF...
[0000][PE] (25, 50, 75) percentile: (972, 5244, 8003)
[0000][PE] low and high boundaries for computing mean and std.dev: (1, 22065)
[0000][PE] mean and std.dev: (4603.33, 3199.58)
[0000][PE] low and high boundaries for proper pairs: (1, 29096)
[0000][PE] analyzing insert size distribution for orientation RR...
[0000][PE] (25, 50, 75) percentile: (162, 194, 231)
[0000][PE] low and high boundaries for computing mean and std.dev: (24, 369)
[0000][PE] mean and std.dev: (176.10, 40.14)
[0000][PE] low and high boundaries for proper pairs: (1, 438)
[0000][PE] skip orientation FF
[0000][PE] skip orientation RF
[0000][PE] skip orientation RR
[0000] 3. Calling kt_for - worker_sam
	[0000][ M::mem_process_seqs] Processed 292232 reads in 43.175 CPU sec, 1.503 real sec
[0000] read_chunk: 400000000, work_chunk_size: 0, nseq: 0
[0000] read_chunk: 400000000, work_chunk_size: 0, nseq: 0
[0000] Computation ends..
No. of OMP threads: 40
Processor is running @2394.739288 MHz
Runtime profile:

	Time taken for main_mem function: 106.82 sec

	IO times (sec) :
	Reading IO time (reads) avg: 36.08, (36.08, 36.08)
	Writing IO time (SAM) avg: 13.51, (13.51, 13.51)
	Reading IO time (Reference Genome) avg: 0.93, (0.93, 0.93)
	Index read time avg: 0.13, (0.13, 0.13)

	Overall time (sec) (Excluding Index reading time):
	PROCESS() (Total compute time + (read + SAM) IO time) : 105.63
	MEM_PROCESS_SEQ() (Total compute time (Kernel + SAM)), avg: 49.28, (49.28, 49.28)

	 SAM Processing time (sec):
	--WORKER_SAM avg: 19.86, (19.86, 19.86)

	Kernels' compute time (sec):
	Total kernel (smem+sal+bsw) time avg: 28.17, (28.17, 28.17)
		MEM_ALN_CHAIN_FLT avg: 0.00, (0.00, 0.00)
		MEM_ALN_CHAIN_SEED avg: 0.00, (0.00, 0.00)
		ERT_SEED_CHAIN avg: 0.00, (0.00, 0.00)
	LEARNED_SEED_CHAIN avg: 11.05, (11.16, 11.00)
		SMEM compute avg: 0.00, (0.00, 0.00)
		SAL compute avg: 0.00, (0.00, 0.00)
				MEM_SA avg: 0.00, (0.00, 0.00)

		BSW time, avg: 15.73, (15.97, 15.59)

Important parameter settings: 
	BATCH_SIZE: 512
	MAX_SEQ_LEN_REF: 256
	MAX_SEQ_LEN_QER: 128
	MAX_SEQ_LEN8: 128
	SEEDS_PER_READ: 500
	SIMD_WIDTH8 X: 64
	SIMD_WIDTH16 X: 32
	AVG_SEEDS_PER_READ: 64
