Looking to launch executable "/opt/conda/bin/bwa-meme_mode3.avx512bw", simd = _mode3.avx512bw
Launching executable "/opt/conda/bin/bwa-meme_mode3.avx512bw"
-----------------------------
Executing in AVX512 mode!!
-----------------------------
* SA compression enabled with xfactor: 8
* Ref file: reference.902362185.genome.fasta
* Entering FMI_search
Reading other elements of the index from files reference.902362185.genome.fasta
* Index prefix: reference.902362185.genome.fasta
* Read 0 ALT contigs
* Reading reference genome..
* Binary seq file = reference.902362185.genome.fasta.0123
* Reference genome size: 1312223304 bp
* Done reading reference genome !!

------------------------------------------
1. Memory pre-allocation for Chaining: 5679.4903 MB
2. Memory pre-allocation for BSW: 9584.6810 MB
[M::memoryAllocLearned::MEME] Reading Learned-index models into memory
[Learned-Config] MODE:3 SEARCH_METHOD: 1 MEM_TRADEOFF:1 EXPONENTIAL_SMEMSEARCH: 1 DEBUG_MODE:0 Num 2nd Models:268435456 PWL Bits Used:28
[M::memoryAllocLearned::MEME] Loading RMI model and Pac reference file took 9.837 sec
[M::memoryAllocLearned::MEME] Reading suffix array into memory
[M::memoryAllocLearned::MEME] Loading pos_packed file took 14.435 sec
[M::memoryAllocLearned::MEME] Generating SA, 64-bit Suffix and ISA in memory
[M::memoryAllocLearned::MEME] Runtime-build-index took 13.379 sec
3. Memory pre-allocation for BWT: 7204.5072 MB
------------------------------------------
* Threads used (compute): 40
* No. of pipeline threads: 2

[0000] read_chunk: 400000000, work_chunk_size: 400000166, nseq: 2798820
	[0000][ M::kt_pipeline] read 2798820 sequences (400000166 bp)...
[0000] Reallocating initial memory allocations!!
[0000] Calling mem_process_seqs.., task: 0
[0000] 1. Calling kt_for - worker_bwt
[0000] 2. Calling kt_for - worker_aln
[0000] read_chunk: 400000000, work_chunk_size: 400000057, nseq: 2800376
	[0000][ M::kt_pipeline] read 2800376 sequences (400000057 bp)...
[0000] Inferring insert size distribution of PE reads from data, l_pac: 656111652, n: 2798820
[0000][PE] # candidate unique pairs for (FF, FR, RF, RR): (74, 1109306, 117, 60)
[0000][PE] analyzing insert size distribution for orientation FF...
[0000][PE] (25, 50, 75) percentile: (121, 181, 270)
[0000][PE] low and high boundaries for computing mean and std.dev: (1, 568)
[0000][PE] mean and std.dev: (161.42, 68.61)
[0000][PE] low and high boundaries for proper pairs: (1, 717)
[0000][PE] analyzing insert size distribution for orientation FR...
[0000][PE] (25, 50, 75) percentile: (236, 282, 322)
[0000][PE] low and high boundaries for computing mean and std.dev: (64, 494)
[0000][PE] mean and std.dev: (272.00, 70.40)
[0000][PE] low and high boundaries for proper pairs: (1, 580)
[0000][PE] analyzing insert size distribution for orientation RF...
[0000][PE] (25, 50, 75) percentile: (962, 3532, 6891)
[0000][PE] low and high boundaries for computing mean and std.dev: (1, 18749)
[0000][PE] mean and std.dev: (4104.20, 3274.85)
[0000][PE] low and high boundaries for proper pairs: (1, 24678)
[0000][PE] analyzing insert size distribution for orientation RR...
[0000][PE] (25, 50, 75) percentile: (160, 200, 259)
[0000][PE] low and high boundaries for computing mean and std.dev: (1, 457)
[0000][PE] mean and std.dev: (177.30, 54.04)
[0000][PE] low and high boundaries for proper pairs: (1, 556)
[0000][PE] skip orientation FF
[0000][PE] skip orientation RF
[0000][PE] skip orientation RR
[0000] 3. Calling kt_for - worker_sam
	[0000][ M::mem_process_seqs] Processed 2798820 reads in 468.434 CPU sec, 14.148 real sec
[0000] Reallocating initial memory allocations!!
[0000] Calling mem_process_seqs.., task: 1
[0000] 1. Calling kt_for - worker_bwt
[0000] 2. Calling kt_for - worker_aln
[0000] Inferring insert size distribution of PE reads from data, l_pac: 656111652, n: 2800376
[0000][PE] # candidate unique pairs for (FF, FR, RF, RR): (69, 1123129, 105, 62)
[0000][PE] analyzing insert size distribution for orientation FF...
[0000][PE] (25, 50, 75) percentile: (134, 203, 967)
[0000][PE] low and high boundaries for computing mean and std.dev: (1, 2633)
[0000][PE] mean and std.dev: (275.21, 307.46)
[0000][PE] low and high boundaries for proper pairs: (1, 3466)
[0000][PE] analyzing insert size distribution for orientation FR...
[0000][PE] (25, 50, 75) percentile: (236, 282, 322)
[0000][PE] low and high boundaries for computing mean and std.dev: (64, 494)
[0000][PE] mean and std.dev: (271.86, 70.48)
[0000][PE] low and high boundaries for proper pairs: (1, 580)
[0000][PE] analyzing insert size distribution for orientation RF...
[0000][PE] (25, 50, 75) percentile: (948, 4312, 7163)
[0000][PE] low and high boundaries for computing mean and std.dev: (1, 19593)
[0000][PE] mean and std.dev: (4327.59, 3232.80)
[0000][PE] low and high boundaries for proper pairs: (1, 25808)
[0000][PE] analyzing insert size distribution for orientation RR...
[0000][PE] (25, 50, 75) percentile: (153, 219, 624)
[0000][PE] low and high boundaries for computing mean and std.dev: (1, 1566)
[0000][PE] mean and std.dev: (270.45, 295.99)
[0000][PE] low and high boundaries for proper pairs: (1, 2037)
[0000][PE] skip orientation FF
[0000][PE] skip orientation RF
[0000][PE] skip orientation RR
[0000] 3. Calling kt_for - worker_sam
[0000] read_chunk: 400000000, work_chunk_size: 400000244, nseq: 2798300
	[0000][ M::kt_pipeline] read 2798300 sequences (400000244 bp)...
	[0000][ M::mem_process_seqs] Processed 2800376 reads in 434.474 CPU sec, 11.560 real sec
[0000] Calling mem_process_seqs.., task: 2
[0000] 1. Calling kt_for - worker_bwt
[0000] 2. Calling kt_for - worker_aln
[0000] Inferring insert size distribution of PE reads from data, l_pac: 656111652, n: 2798300
[0000][PE] # candidate unique pairs for (FF, FR, RF, RR): (96, 1102450, 134, 67)
[0000][PE] analyzing insert size distribution for orientation FF...
[0000][PE] (25, 50, 75) percentile: (151, 202, 293)
[0000][PE] low and high boundaries for computing mean and std.dev: (1, 577)
[0000][PE] mean and std.dev: (191.81, 93.54)
[0000][PE] low and high boundaries for proper pairs: (1, 719)
[0000][PE] analyzing insert size distribution for orientation FR...
[0000][PE] (25, 50, 75) percentile: (236, 282, 322)
[0000][PE] low and high boundaries for computing mean and std.dev: (64, 494)
[0000][PE] mean and std.dev: (272.00, 70.42)
[0000][PE] low and high boundaries for proper pairs: (1, 580)
[0000][PE] analyzing insert size distribution for orientation RF...
[0000][PE] (25, 50, 75) percentile: (750, 3173, 6521)
[0000][PE] low and high boundaries for computing mean and std.dev: (1, 18063)
[0000][PE] mean and std.dev: (3760.08, 3013.59)
[0000][PE] low and high boundaries for proper pairs: (1, 23834)
[0000][PE] analyzing insert size distribution for orientation RR...
[0000][PE] (25, 50, 75) percentile: (155, 222, 388)
[0000][PE] low and high boundaries for computing mean and std.dev: (1, 854)
[0000][PE] mean and std.dev: (212.64, 116.82)
[0000][PE] low and high boundaries for proper pairs: (1, 1087)
[0000][PE] skip orientation FF
[0000][PE] skip orientation RF
[0000][PE] skip orientation RR
[0000] 3. Calling kt_for - worker_sam
	[0000][ M::mem_process_seqs] Processed 2798300 reads in 481.013 CPU sec, 12.974 real sec
[0000] read_chunk: 400000000, work_chunk_size: 400000168, nseq: 2799052
	[0000][ M::kt_pipeline] read 2799052 sequences (400000168 bp)...
[0000] Calling mem_process_seqs.., task: 3
[0000] 1. Calling kt_for - worker_bwt
[0000] 2. Calling kt_for - worker_aln
[0000] Inferring insert size distribution of PE reads from data, l_pac: 656111652, n: 2799052
[0000][PE] # candidate unique pairs for (FF, FR, RF, RR): (80, 1117403, 128, 62)
[0000][PE] analyzing insert size distribution for orientation FF...
[0000][PE] (25, 50, 75) percentile: (138, 186, 455)
[0000][PE] low and high boundaries for computing mean and std.dev: (1, 1089)
[0000][PE] mean and std.dev: (211.73, 167.56)
[0000][PE] low and high boundaries for proper pairs: (1, 1406)
[0000][PE] analyzing insert size distribution for orientation FR...
[0000][PE] (25, 50, 75) percentile: (236, 282, 322)
[0000][PE] low and high boundaries for computing mean and std.dev: (64, 494)
[0000][PE] mean and std.dev: (272.00, 70.33)
[0000][PE] low and high boundaries for proper pairs: (1, 580)
[0000][PE] analyzing insert size distribution for orientation RF...
[0000][PE] (25, 50, 75) percentile: (778, 3595, 6672)
[0000][PE] low and high boundaries for computing mean and std.dev: (1, 18460)
[0000][PE] mean and std.dev: (4060.02, 3296.51)
[0000][PE] low and high boundaries for proper pairs: (1, 24354)
[0000][PE] analyzing insert size distribution for orientation RR...
[0000][PE] (25, 50, 75) percentile: (124, 183, 268)
[0000][PE] low and high boundaries for computing mean and std.dev: (1, 556)
[0000][PE] mean and std.dev: (165.37, 72.31)
[0000][PE] low and high boundaries for proper pairs: (1, 700)
[0000][PE] skip orientation FF
[0000][PE] skip orientation RF
[0000][PE] skip orientation RR
[0000] 3. Calling kt_for - worker_sam
[0000] read_chunk: 400000000, work_chunk_size: 400000061, nseq: 2799900
	[0000][ M::kt_pipeline] read 2799900 sequences (400000061 bp)...
	[0000][ M::mem_process_seqs] Processed 2799052 reads in 441.543 CPU sec, 11.925 real sec
[0000] Calling mem_process_seqs.., task: 4
[0000] 1. Calling kt_for - worker_bwt
[0000] 2. Calling kt_for - worker_aln
[0000] Inferring insert size distribution of PE reads from data, l_pac: 656111652, n: 2799900
[0000][PE] # candidate unique pairs for (FF, FR, RF, RR): (76, 1116221, 118, 77)
[0000][PE] analyzing insert size distribution for orientation FF...
[0000][PE] (25, 50, 75) percentile: (140, 210, 411)
[0000][PE] low and high boundaries for computing mean and std.dev: (1, 953)
[0000][PE] mean and std.dev: (206.64, 136.38)
[0000][PE] low and high boundaries for proper pairs: (1, 1224)
[0000][PE] analyzing insert size distribution for orientation FR...
[0000][PE] (25, 50, 75) percentile: (236, 282, 322)
[0000][PE] low and high boundaries for computing mean and std.dev: (64, 494)
[0000][PE] mean and std.dev: (272.01, 70.35)
[0000][PE] low and high boundaries for proper pairs: (1, 580)
[0000][PE] analyzing insert size distribution for orientation RF...
[0000][PE] (25, 50, 75) percentile: (516, 4052, 6783)
[0000][PE] low and high boundaries for computing mean and std.dev: (1, 19317)
[0000][PE] mean and std.dev: (3757.75, 3114.81)
[0000][PE] low and high boundaries for proper pairs: (1, 25584)
[0000][PE] analyzing insert size distribution for orientation RR...
[0000][PE] (25, 50, 75) percentile: (153, 227, 727)
[0000][PE] low and high boundaries for computing mean and std.dev: (1, 1875)
[0000][PE] mean and std.dev: (309.34, 309.95)
[0000][PE] low and high boundaries for proper pairs: (1, 2449)
[0000][PE] skip orientation FF
[0000][PE] skip orientation RF
[0000][PE] skip orientation RR
[0000] 3. Calling kt_for - worker_sam
	[0000][ M::mem_process_seqs] Processed 2799900 reads in 444.479 CPU sec, 12.204 real sec
[0000] read_chunk: 400000000, work_chunk_size: 400000125, nseq: 2799186
	[0000][ M::kt_pipeline] read 2799186 sequences (400000125 bp)...
[0000] Calling mem_process_seqs.., task: 5
[0000] 1. Calling kt_for - worker_bwt
[0000] 2. Calling kt_for - worker_aln
[0000] read_chunk: 400000000, work_chunk_size: 167768279, nseq: 1174806
	[0000][ M::kt_pipeline] read 1174806 sequences (167768279 bp)...
[0000] Inferring insert size distribution of PE reads from data, l_pac: 656111652, n: 2799186
[0000][PE] # candidate unique pairs for (FF, FR, RF, RR): (81, 1115260, 132, 59)
[0000][PE] analyzing insert size distribution for orientation FF...
[0000][PE] (25, 50, 75) percentile: (131, 218, 452)
[0000][PE] low and high boundaries for computing mean and std.dev: (1, 1094)
[0000][PE] mean and std.dev: (215.29, 159.78)
[0000][PE] low and high boundaries for proper pairs: (1, 1415)
[0000][PE] analyzing insert size distribution for orientation FR...
[0000][PE] (25, 50, 75) percentile: (236, 282, 322)
[0000][PE] low and high boundaries for computing mean and std.dev: (64, 494)
[0000][PE] mean and std.dev: (272.00, 70.36)
[0000][PE] low and high boundaries for proper pairs: (1, 580)
[0000][PE] analyzing insert size distribution for orientation RF...
[0000][PE] (25, 50, 75) percentile: (948, 3293, 6776)
[0000][PE] low and high boundaries for computing mean and std.dev: (1, 18432)
[0000][PE] mean and std.dev: (3878.64, 3160.41)
[0000][PE] low and high boundaries for proper pairs: (1, 24260)
[0000][PE] analyzing insert size distribution for orientation RR...
[0000][PE] (25, 50, 75) percentile: (153, 221, 731)
[0000][PE] low and high boundaries for computing mean and std.dev: (1, 1887)
[0000][PE] mean and std.dev: (308.12, 322.40)
[0000][PE] low and high boundaries for proper pairs: (1, 2465)
[0000][PE] skip orientation FF
[0000][PE] skip orientation RF
[0000][PE] skip orientation RR
[0000] 3. Calling kt_for - worker_sam
	[0000][ M::mem_process_seqs] Processed 2799186 reads in 452.569 CPU sec, 12.357 real sec
[0000] Calling mem_process_seqs.., task: 6
[0000] 1. Calling kt_for - worker_bwt
[0000] 2. Calling kt_for - worker_aln
[0000] Inferring insert size distribution of PE reads from data, l_pac: 656111652, n: 1174806
[0000][PE] # candidate unique pairs for (FF, FR, RF, RR): (38, 475277, 52, 26)
[0000][PE] analyzing insert size distribution for orientation FF...
[0000][PE] (25, 50, 75) percentile: (166, 227, 922)
[0000][PE] low and high boundaries for computing mean and std.dev: (1, 2434)
[0000][PE] mean and std.dev: (310.56, 292.02)
[0000][PE] low and high boundaries for proper pairs: (1, 3190)
[0000][PE] analyzing insert size distribution for orientation FR...
[0000][PE] (25, 50, 75) percentile: (236, 282, 322)
[0000][PE] low and high boundaries for computing mean and std.dev: (64, 494)
[0000][PE] mean and std.dev: (272.10, 70.39)
[0000][PE] low and high boundaries for proper pairs: (1, 580)
[0000][PE] analyzing insert size distribution for orientation RF...
[0000][PE] (25, 50, 75) percentile: (755, 3901, 7074)
[0000][PE] low and high boundaries for computing mean and std.dev: (1, 19712)
[0000][PE] mean and std.dev: (3982.25, 3256.96)
[0000][PE] low and high boundaries for proper pairs: (1, 26031)
[0000][PE] analyzing insert size distribution for orientation RR...
[0000][PE] (25, 50, 75) percentile: (168, 208, 1629)
[0000][PE] low and high boundaries for computing mean and std.dev: (1, 4551)
[0000][PE] mean and std.dev: (530.82, 872.78)
[0000][PE] low and high boundaries for proper pairs: (1, 6012)
[0000][PE] skip orientation FF
[0000][PE] skip orientation RF
[0000][PE] skip orientation RR
[0000] 3. Calling kt_for - worker_sam
[0000] read_chunk: 400000000, work_chunk_size: 0, nseq: 0
	[0000][ M::mem_process_seqs] Processed 1174806 reads in 174.016 CPU sec, 4.900 real sec
[0000] read_chunk: 400000000, work_chunk_size: 0, nseq: 0
[0000] Computation ends..
No. of OMP threads: 40
Processor is running @2394.717642 MHz
Runtime profile:

	Time taken for main_mem function: 133.27 sec

	IO times (sec) :
	Reading IO time (reads) avg: 59.54, (59.54, 59.54)
	Writing IO time (SAM) avg: 22.86, (22.86, 22.86)
	Reading IO time (Reference Genome) avg: 0.59, (0.59, 0.59)
	Index read time avg: 0.13, (0.13, 0.13)

	Overall time (sec) (Excluding Index reading time):
	PROCESS() (Total compute time + (read + SAM) IO time) : 132.54
	MEM_PROCESS_SEQ() (Total compute time (Kernel + SAM)), avg: 80.06, (80.06, 80.06)

	 SAM Processing time (sec):
	--WORKER_SAM avg: 32.28, (32.28, 32.28)

	Kernels' compute time (sec):
	Total kernel (smem+sal+bsw) time avg: 45.62, (45.62, 45.62)
		MEM_ALN_CHAIN_FLT avg: 0.00, (0.00, 0.00)
		MEM_ALN_CHAIN_SEED avg: 0.00, (0.00, 0.00)
		ERT_SEED_CHAIN avg: 0.00, (0.00, 0.00)
	LEARNED_SEED_CHAIN avg: 18.48, (18.62, 18.40)
		SMEM compute avg: 0.00, (0.00, 0.00)
		SAL compute avg: 0.00, (0.00, 0.00)
				MEM_SA avg: 0.00, (0.00, 0.00)

		BSW time, avg: 25.39, (25.63, 25.22)

Important parameter settings: 
	BATCH_SIZE: 512
	MAX_SEQ_LEN_REF: 256
	MAX_SEQ_LEN_QER: 128
	MAX_SEQ_LEN8: 128
	SEEDS_PER_READ: 500
	SIMD_WIDTH8 X: 64
	SIMD_WIDTH16 X: 32
	AVG_SEEDS_PER_READ: 64
