Looking to launch executable "/opt/conda/bin/bwa-meme_mode3.avx512bw", simd = _mode3.avx512bw
Launching executable "/opt/conda/bin/bwa-meme_mode3.avx512bw"
-----------------------------
Executing in AVX512 mode!!
-----------------------------
* SA compression enabled with xfactor: 8
* Ref file: reference.902362185.genome.fasta
* Entering FMI_search
Reading other elements of the index from files reference.902362185.genome.fasta
* Index prefix: reference.902362185.genome.fasta
* Read 0 ALT contigs
* Reading reference genome..
* Binary seq file = reference.902362185.genome.fasta.0123
* Reference genome size: 1312223304 bp
* Done reading reference genome !!

------------------------------------------
1. Memory pre-allocation for Chaining: 5679.4903 MB
2. Memory pre-allocation for BSW: 9584.6810 MB
[M::memoryAllocLearned::MEME] Reading Learned-index models into memory
[Learned-Config] MODE:3 SEARCH_METHOD: 1 MEM_TRADEOFF:1 EXPONENTIAL_SMEMSEARCH: 1 DEBUG_MODE:0 Num 2nd Models:268435456 PWL Bits Used:28
[M::memoryAllocLearned::MEME] Loading RMI model and Pac reference file took 9.769 sec
[M::memoryAllocLearned::MEME] Reading suffix array into memory
[M::memoryAllocLearned::MEME] Loading pos_packed file took 14.338 sec
[M::memoryAllocLearned::MEME] Generating SA, 64-bit Suffix and ISA in memory
[M::memoryAllocLearned::MEME] Runtime-build-index took 13.349 sec
3. Memory pre-allocation for BWT: 7204.5072 MB
------------------------------------------
* Threads used (compute): 40
* No. of pipeline threads: 2

[0000] read_chunk: 400000000, work_chunk_size: 400000085, nseq: 2828892
	[0000][ M::kt_pipeline] read 2828892 sequences (400000085 bp)...
[0000] Reallocating initial memory allocations!!
[0000] Calling mem_process_seqs.., task: 0
[0000] 1. Calling kt_for - worker_bwt
[0000] 2. Calling kt_for - worker_aln
[0000] read_chunk: 400000000, work_chunk_size: 400000208, nseq: 2827798
	[0000][ M::kt_pipeline] read 2827798 sequences (400000208 bp)...
[0000] Inferring insert size distribution of PE reads from data, l_pac: 656111652, n: 2828892
[0000][PE] # candidate unique pairs for (FF, FR, RF, RR): (72, 1129998, 111, 64)
[0000][PE] analyzing insert size distribution for orientation FF...
[0000][PE] (25, 50, 75) percentile: (144, 189, 1280)
[0000][PE] low and high boundaries for computing mean and std.dev: (1, 3552)
[0000][PE] mean and std.dev: (524.60, 847.34)
[0000][PE] low and high boundaries for proper pairs: (1, 4688)
[0000][PE] analyzing insert size distribution for orientation FR...
[0000][PE] (25, 50, 75) percentile: (224, 276, 319)
[0000][PE] low and high boundaries for computing mean and std.dev: (34, 509)
[0000][PE] mean and std.dev: (259.37, 81.25)
[0000][PE] low and high boundaries for proper pairs: (1, 604)
[0000][PE] analyzing insert size distribution for orientation RF...
[0000][PE] (25, 50, 75) percentile: (525, 3529, 5747)
[0000][PE] low and high boundaries for computing mean and std.dev: (1, 16191)
[0000][PE] mean and std.dev: (3468.32, 2961.92)
[0000][PE] low and high boundaries for proper pairs: (1, 21413)
[0000][PE] analyzing insert size distribution for orientation RR...
[0000][PE] (25, 50, 75) percentile: (139, 189, 338)
[0000][PE] low and high boundaries for computing mean and std.dev: (1, 736)
[0000][PE] mean and std.dev: (184.46, 96.49)
[0000][PE] low and high boundaries for proper pairs: (1, 935)
[0000][PE] skip orientation FF
[0000][PE] skip orientation RF
[0000][PE] skip orientation RR
[0000] 3. Calling kt_for - worker_sam
	[0000][ M::mem_process_seqs] Processed 2828892 reads in 443.208 CPU sec, 13.182 real sec
[0000] Calling mem_process_seqs.., task: 1
[0000] 1. Calling kt_for - worker_bwt
[0000] 2. Calling kt_for - worker_aln
[0000] Inferring insert size distribution of PE reads from data, l_pac: 656111652, n: 2827798
[0000][PE] # candidate unique pairs for (FF, FR, RF, RR): (77, 1122758, 123, 53)
[0000][PE] analyzing insert size distribution for orientation FF...
[0000][PE] (25, 50, 75) percentile: (129, 177, 293)
[0000][PE] low and high boundaries for computing mean and std.dev: (1, 621)
[0000][PE] mean and std.dev: (168.12, 84.73)
[0000][PE] low and high boundaries for proper pairs: (1, 785)
[0000][PE] analyzing insert size distribution for orientation FR...
[0000][PE] (25, 50, 75) percentile: (225, 276, 319)
[0000][PE] low and high boundaries for computing mean and std.dev: (37, 507)
[0000][PE] mean and std.dev: (259.57, 80.93)
[0000][PE] low and high boundaries for proper pairs: (1, 601)
[0000][PE] analyzing insert size distribution for orientation RF...
[0000][PE] (25, 50, 75) percentile: (669, 2332, 5696)
[0000][PE] low and high boundaries for computing mean and std.dev: (1, 15750)
[0000][PE] mean and std.dev: (3430.10, 3067.50)
[0000][PE] low and high boundaries for proper pairs: (1, 20777)
[0000][PE] analyzing insert size distribution for orientation RR...
[0000][PE] (25, 50, 75) percentile: (155, 200, 293)
[0000][PE] low and high boundaries for computing mean and std.dev: (1, 569)
[0000][PE] mean and std.dev: (191.14, 79.66)
[0000][PE] low and high boundaries for proper pairs: (1, 707)
[0000][PE] skip orientation FF
[0000][PE] skip orientation RF
[0000][PE] skip orientation RR
[0000] 3. Calling kt_for - worker_sam
	[0000][ M::mem_process_seqs] Processed 2827798 reads in 463.115 CPU sec, 12.857 real sec
[0000] read_chunk: 400000000, work_chunk_size: 400000010, nseq: 2828696
	[0000][ M::kt_pipeline] read 2828696 sequences (400000010 bp)...
[0000] Calling mem_process_seqs.., task: 2
[0000] 1. Calling kt_for - worker_bwt
[0000] 2. Calling kt_for - worker_aln
[0000] Inferring insert size distribution of PE reads from data, l_pac: 656111652, n: 2828696
[0000][PE] # candidate unique pairs for (FF, FR, RF, RR): (83, 1134270, 124, 67)
[0000][PE] analyzing insert size distribution for orientation FF...
[0000][PE] (25, 50, 75) percentile: (134, 198, 522)
[0000][PE] low and high boundaries for computing mean and std.dev: (1, 1298)
[0000][PE] mean and std.dev: (206.00, 193.69)
[0000][PE] low and high boundaries for proper pairs: (1, 1686)
[0000][PE] analyzing insert size distribution for orientation FR...
[0000][PE] (25, 50, 75) percentile: (224, 276, 319)
[0000][PE] low and high boundaries for computing mean and std.dev: (34, 509)
[0000][PE] mean and std.dev: (259.39, 81.16)
[0000][PE] low and high boundaries for proper pairs: (1, 604)
[0000][PE] analyzing insert size distribution for orientation RF...
[0000][PE] (25, 50, 75) percentile: (884, 3369, 6618)
[0000][PE] low and high boundaries for computing mean and std.dev: (1, 18086)
[0000][PE] mean and std.dev: (3903.26, 3192.57)
[0000][PE] low and high boundaries for proper pairs: (1, 23820)
[0000][PE] analyzing insert size distribution for orientation RR...
[0000][PE] (25, 50, 75) percentile: (147, 203, 516)
[0000][PE] low and high boundaries for computing mean and std.dev: (1, 1254)
[0000][PE] mean and std.dev: (217.80, 166.35)
[0000][PE] low and high boundaries for proper pairs: (1, 1623)
[0000][PE] skip orientation FF
[0000][PE] skip orientation RF
[0000][PE] skip orientation RR
[0000] 3. Calling kt_for - worker_sam
	[0000][ M::mem_process_seqs] Processed 2828696 reads in 434.014 CPU sec, 11.824 real sec
[0000] read_chunk: 400000000, work_chunk_size: 400000238, nseq: 2828502
	[0000][ M::kt_pipeline] read 2828502 sequences (400000238 bp)...
[0000] Calling mem_process_seqs.., task: 3
[0000] 1. Calling kt_for - worker_bwt
[0000] 2. Calling kt_for - worker_aln
[0000] Inferring insert size distribution of PE reads from data, l_pac: 656111652, n: 2828502
[0000][PE] # candidate unique pairs for (FF, FR, RF, RR): (58, 1130263, 117, 56)
[0000][PE] analyzing insert size distribution for orientation FF...
[0000][PE] (25, 50, 75) percentile: (154, 223, 676)
[0000][PE] low and high boundaries for computing mean and std.dev: (1, 1720)
[0000][PE] mean and std.dev: (299.71, 322.41)
[0000][PE] low and high boundaries for proper pairs: (1, 2242)
[0000][PE] analyzing insert size distribution for orientation FR...
[0000][PE] (25, 50, 75) percentile: (224, 276, 319)
[0000][PE] low and high boundaries for computing mean and std.dev: (34, 509)
[0000][PE] mean and std.dev: (259.33, 81.22)
[0000][PE] low and high boundaries for proper pairs: (1, 604)
[0000][PE] analyzing insert size distribution for orientation RF...
[0000][PE] (25, 50, 75) percentile: (484, 2621, 6241)
[0000][PE] low and high boundaries for computing mean and std.dev: (1, 17755)
[0000][PE] mean and std.dev: (3404.67, 3130.28)
[0000][PE] low and high boundaries for proper pairs: (1, 23512)
[0000][PE] analyzing insert size distribution for orientation RR...
[0000][PE] (25, 50, 75) percentile: (142, 198, 269)
[0000][PE] low and high boundaries for computing mean and std.dev: (1, 523)
[0000][PE] mean and std.dev: (174.57, 68.55)
[0000][PE] low and high boundaries for proper pairs: (1, 650)
[0000][PE] skip orientation FF
[0000][PE] skip orientation RF
[0000][PE] skip orientation RR
[0000] 3. Calling kt_for - worker_sam
[0000] read_chunk: 400000000, work_chunk_size: 381456084, nseq: 2698624
	[0000][ M::kt_pipeline] read 2698624 sequences (381456084 bp)...
	[0000][ M::mem_process_seqs] Processed 2828502 reads in 440.377 CPU sec, 12.152 real sec
[0000] Calling mem_process_seqs.., task: 4
[0000] 1. Calling kt_for - worker_bwt
[0000] 2. Calling kt_for - worker_aln
[0000] read_chunk: 400000000, work_chunk_size: 0, nseq: 0
[0000] Inferring insert size distribution of PE reads from data, l_pac: 656111652, n: 2698624
[0000][PE] # candidate unique pairs for (FF, FR, RF, RR): (64, 1089564, 102, 60)
[0000][PE] analyzing insert size distribution for orientation FF...
[0000][PE] (25, 50, 75) percentile: (132, 204, 584)
[0000][PE] low and high boundaries for computing mean and std.dev: (1, 1488)
[0000][PE] mean and std.dev: (239.31, 251.97)
[0000][PE] low and high boundaries for proper pairs: (1, 1940)
[0000][PE] analyzing insert size distribution for orientation FR...
[0000][PE] (25, 50, 75) percentile: (224, 276, 319)
[0000][PE] low and high boundaries for computing mean and std.dev: (34, 509)
[0000][PE] mean and std.dev: (259.37, 81.16)
[0000][PE] low and high boundaries for proper pairs: (1, 604)
[0000][PE] analyzing insert size distribution for orientation RF...
[0000][PE] (25, 50, 75) percentile: (431, 2482, 5866)
[0000][PE] low and high boundaries for computing mean and std.dev: (1, 16736)
[0000][PE] mean and std.dev: (3391.22, 3151.41)
[0000][PE] low and high boundaries for proper pairs: (1, 22171)
[0000][PE] analyzing insert size distribution for orientation RR...
[0000][PE] (25, 50, 75) percentile: (142, 194, 289)
[0000][PE] low and high boundaries for computing mean and std.dev: (1, 583)
[0000][PE] mean and std.dev: (174.94, 68.14)
[0000][PE] low and high boundaries for proper pairs: (1, 730)
[0000][PE] skip orientation FF
[0000][PE] skip orientation RF
[0000][PE] skip orientation RR
[0000] 3. Calling kt_for - worker_sam
	[0000][ M::mem_process_seqs] Processed 2698624 reads in 398.468 CPU sec, 10.960 real sec
[0000] read_chunk: 400000000, work_chunk_size: 0, nseq: 0
[0000] Computation ends..
No. of OMP threads: 40
Processor is running @2394.726658 MHz
Runtime profile:

	Time taken for main_mem function: 114.29 sec

	IO times (sec) :
	Reading IO time (reads) avg: 46.52, (46.52, 46.52)
	Writing IO time (SAM) avg: 16.59, (16.59, 16.59)
	Reading IO time (Reference Genome) avg: 0.59, (0.59, 0.59)
	Index read time avg: 0.13, (0.13, 0.13)

	Overall time (sec) (Excluding Index reading time):
	PROCESS() (Total compute time + (read + SAM) IO time) : 113.56
	MEM_PROCESS_SEQ() (Total compute time (Kernel + SAM)), avg: 60.97, (60.97, 60.97)

	 SAM Processing time (sec):
	--WORKER_SAM avg: 23.99, (23.99, 23.99)

	Kernels' compute time (sec):
	Total kernel (smem+sal+bsw) time avg: 35.45, (35.45, 35.45)
		MEM_ALN_CHAIN_FLT avg: 0.00, (0.00, 0.00)
		MEM_ALN_CHAIN_SEED avg: 0.00, (0.00, 0.00)
		ERT_SEED_CHAIN avg: 0.00, (0.00, 0.00)
	LEARNED_SEED_CHAIN avg: 14.83, (14.97, 14.69)
		SMEM compute avg: 0.00, (0.00, 0.00)
		SAL compute avg: 0.00, (0.00, 0.00)
				MEM_SA avg: 0.00, (0.00, 0.00)

		BSW time, avg: 19.15, (19.51, 19.00)

Important parameter settings: 
	BATCH_SIZE: 512
	MAX_SEQ_LEN_REF: 256
	MAX_SEQ_LEN_QER: 128
	MAX_SEQ_LEN8: 128
	SEEDS_PER_READ: 500
	SIMD_WIDTH8 X: 64
	SIMD_WIDTH16 X: 32
	AVG_SEEDS_PER_READ: 64
