Looking to launch executable "/opt/conda/bin/bwa-meme_mode3.avx512bw", simd = _mode3.avx512bw
Launching executable "/opt/conda/bin/bwa-meme_mode3.avx512bw"
-----------------------------
Executing in AVX512 mode!!
-----------------------------
* SA compression enabled with xfactor: 8
* Ref file: reference.902362185.genome.fasta
* Entering FMI_search
Reading other elements of the index from files reference.902362185.genome.fasta
* Index prefix: reference.902362185.genome.fasta
* Read 0 ALT contigs
* Reading reference genome..
* Binary seq file = reference.902362185.genome.fasta.0123
* Reference genome size: 1312223304 bp
* Done reading reference genome !!

------------------------------------------
1. Memory pre-allocation for Chaining: 5679.4903 MB
2. Memory pre-allocation for BSW: 9584.6810 MB
[M::memoryAllocLearned::MEME] Reading Learned-index models into memory
[Learned-Config] MODE:3 SEARCH_METHOD: 1 MEM_TRADEOFF:1 EXPONENTIAL_SMEMSEARCH: 1 DEBUG_MODE:0 Num 2nd Models:268435456 PWL Bits Used:28
[M::memoryAllocLearned::MEME] Loading RMI model and Pac reference file took 10.929 sec
[M::memoryAllocLearned::MEME] Reading suffix array into memory
[M::memoryAllocLearned::MEME] Loading pos_packed file took 15.275 sec
[M::memoryAllocLearned::MEME] Generating SA, 64-bit Suffix and ISA in memory
[M::memoryAllocLearned::MEME] Runtime-build-index took 13.117 sec
3. Memory pre-allocation for BWT: 7204.5072 MB
------------------------------------------
* Threads used (compute): 40
* No. of pipeline threads: 2

[0000] read_chunk: 400000000, work_chunk_size: 400000047, nseq: 2802916
	[0000][ M::kt_pipeline] read 2802916 sequences (400000047 bp)...
[0000] Reallocating initial memory allocations!!
[0000] Calling mem_process_seqs.., task: 0
[0000] 1. Calling kt_for - worker_bwt
[0000] 2. Calling kt_for - worker_aln
[0000] Inferring insert size distribution of PE reads from data, l_pac: 656111652, n: 2802916
[0000][PE] # candidate unique pairs for (FF, FR, RF, RR): (103, 1112396, 108, 57)
[0000][PE] analyzing insert size distribution for orientation FF...
[0000][PE] (25, 50, 75) percentile: (125, 180, 368)
[0000][PE] low and high boundaries for computing mean and std.dev: (1, 854)
[0000][PE] mean and std.dev: (179.57, 124.40)
[0000][PE] low and high boundaries for proper pairs: (1, 1097)
[0000][PE] analyzing insert size distribution for orientation FR...
[0000][PE] (25, 50, 75) percentile: (231, 278, 320)
[0000][PE] low and high boundaries for computing mean and std.dev: (53, 498)
[0000][PE] mean and std.dev: (266.92, 74.20)
[0000][PE] low and high boundaries for proper pairs: (1, 587)
[0000][PE] analyzing insert size distribution for orientation RF...
[0000][PE] (25, 50, 75) percentile: (677, 2552, 5676)
[0000][PE] low and high boundaries for computing mean and std.dev: (1, 15674)
[0000][PE] mean and std.dev: (3363.43, 3009.54)
[0000][PE] low and high boundaries for proper pairs: (1, 20673)
[0000][PE] analyzing insert size distribution for orientation RR...
[0000][PE] (25, 50, 75) percentile: (149, 224, 564)
[0000][PE] low and high boundaries for computing mean and std.dev: (1, 1394)
[0000][PE] mean and std.dev: (235.70, 174.30)
[0000][PE] low and high boundaries for proper pairs: (1, 1809)
[0000][PE] skip orientation FF
[0000][PE] skip orientation RF
[0000][PE] skip orientation RR
[0000] 3. Calling kt_for - worker_sam
[0000] read_chunk: 400000000, work_chunk_size: 400000277, nseq: 2801744
	[0000][ M::kt_pipeline] read 2801744 sequences (400000277 bp)...
	[0000][ M::mem_process_seqs] Processed 2802916 reads in 438.765 CPU sec, 11.649 real sec
[0000] Calling mem_process_seqs.., task: 1
[0000] 1. Calling kt_for - worker_bwt
[0000] 2. Calling kt_for - worker_aln
[0000] Inferring insert size distribution of PE reads from data, l_pac: 656111652, n: 2801744
[0000][PE] # candidate unique pairs for (FF, FR, RF, RR): (95, 1105346, 100, 62)
[0000][PE] analyzing insert size distribution for orientation FF...
[0000][PE] (25, 50, 75) percentile: (96, 169, 277)
[0000][PE] low and high boundaries for computing mean and std.dev: (1, 639)
[0000][PE] mean and std.dev: (167.66, 104.32)
[0000][PE] low and high boundaries for proper pairs: (1, 820)
[0000][PE] analyzing insert size distribution for orientation FR...
[0000][PE] (25, 50, 75) percentile: (231, 279, 320)
[0000][PE] low and high boundaries for computing mean and std.dev: (53, 498)
[0000][PE] mean and std.dev: (266.92, 74.25)
[0000][PE] low and high boundaries for proper pairs: (1, 587)
[0000][PE] analyzing insert size distribution for orientation RF...
[0000][PE] (25, 50, 75) percentile: (1152, 2522, 5688)
[0000][PE] low and high boundaries for computing mean and std.dev: (1, 14760)
[0000][PE] mean and std.dev: (3383.90, 2728.36)
[0000][PE] low and high boundaries for proper pairs: (1, 19296)
[0000][PE] analyzing insert size distribution for orientation RR...
[0000][PE] (25, 50, 75) percentile: (136, 209, 747)
[0000][PE] low and high boundaries for computing mean and std.dev: (1, 1969)
[0000][PE] mean and std.dev: (354.55, 349.70)
[0000][PE] low and high boundaries for proper pairs: (1, 2580)
[0000][PE] skip orientation FF
[0000][PE] skip orientation RF
[0000][PE] skip orientation RR
[0000] 3. Calling kt_for - worker_sam
	[0000][ M::mem_process_seqs] Processed 2801744 reads in 467.841 CPU sec, 12.925 real sec
[0000] read_chunk: 400000000, work_chunk_size: 400000166, nseq: 2802766
	[0000][ M::kt_pipeline] read 2802766 sequences (400000166 bp)...
[0000] Calling mem_process_seqs.., task: 2
[0000] 1. Calling kt_for - worker_bwt
[0000] 2. Calling kt_for - worker_aln
[0000] Inferring insert size distribution of PE reads from data, l_pac: 656111652, n: 2802766
[0000][PE] # candidate unique pairs for (FF, FR, RF, RR): (81, 1113700, 93, 67)
[0000][PE] analyzing insert size distribution for orientation FF...
[0000][PE] (25, 50, 75) percentile: (119, 186, 272)
[0000][PE] low and high boundaries for computing mean and std.dev: (1, 578)
[0000][PE] mean and std.dev: (159.06, 70.98)
[0000][PE] low and high boundaries for proper pairs: (1, 731)
[0000][PE] analyzing insert size distribution for orientation FR...
[0000][PE] (25, 50, 75) percentile: (231, 278, 320)
[0000][PE] low and high boundaries for computing mean and std.dev: (53, 498)
[0000][PE] mean and std.dev: (266.82, 74.31)
[0000][PE] low and high boundaries for proper pairs: (1, 587)
[0000][PE] analyzing insert size distribution for orientation RF...
[0000][PE] (25, 50, 75) percentile: (1099, 2678, 6624)
[0000][PE] low and high boundaries for computing mean and std.dev: (1, 17674)
[0000][PE] mean and std.dev: (3707.95, 3127.78)
[0000][PE] low and high boundaries for proper pairs: (1, 23199)
[0000][PE] analyzing insert size distribution for orientation RR...
[0000][PE] (25, 50, 75) percentile: (174, 235, 1126)
[0000][PE] low and high boundaries for computing mean and std.dev: (1, 3030)
[0000][PE] mean and std.dev: (440.14, 501.99)
[0000][PE] low and high boundaries for proper pairs: (1, 3982)
[0000][PE] skip orientation FF
[0000][PE] skip orientation RF
[0000][PE] skip orientation RR
[0000] 3. Calling kt_for - worker_sam
[0000] read_chunk: 400000000, work_chunk_size: 400000254, nseq: 2803462
	[0000][ M::kt_pipeline] read 2803462 sequences (400000254 bp)...
	[0000][ M::mem_process_seqs] Processed 2802766 reads in 435.698 CPU sec, 11.711 real sec
[0000] Reallocating initial memory allocations!!
[0000] Calling mem_process_seqs.., task: 3
[0000] 1. Calling kt_for - worker_bwt
[0000] 2. Calling kt_for - worker_aln
[0000] read_chunk: 400000000, work_chunk_size: 182382167, nseq: 1278322
	[0000][ M::kt_pipeline] read 1278322 sequences (182382167 bp)...
[0000] Inferring insert size distribution of PE reads from data, l_pac: 656111652, n: 2803462
[0000][PE] # candidate unique pairs for (FF, FR, RF, RR): (88, 1117526, 112, 62)
[0000][PE] analyzing insert size distribution for orientation FF...
[0000][PE] (25, 50, 75) percentile: (131, 192, 262)
[0000][PE] low and high boundaries for computing mean and std.dev: (1, 524)
[0000][PE] mean and std.dev: (173.78, 76.57)
[0000][PE] low and high boundaries for proper pairs: (1, 655)
[0000][PE] analyzing insert size distribution for orientation FR...
[0000][PE] (25, 50, 75) percentile: (231, 279, 321)
[0000][PE] low and high boundaries for computing mean and std.dev: (51, 501)
[0000][PE] mean and std.dev: (266.55, 74.74)
[0000][PE] low and high boundaries for proper pairs: (1, 591)
[0000][PE] analyzing insert size distribution for orientation RF...
[0000][PE] (25, 50, 75) percentile: (854, 4632, 7413)
[0000][PE] low and high boundaries for computing mean and std.dev: (1, 20531)
[0000][PE] mean and std.dev: (4333.45, 3282.13)
[0000][PE] low and high boundaries for proper pairs: (1, 27090)
[0000][PE] analyzing insert size distribution for orientation RR...
[0000][PE] (25, 50, 75) percentile: (142, 190, 273)
[0000][PE] low and high boundaries for computing mean and std.dev: (1, 535)
[0000][PE] mean and std.dev: (178.20, 78.80)
[0000][PE] low and high boundaries for proper pairs: (1, 666)
[0000][PE] skip orientation FF
[0000][PE] skip orientation RF
[0000][PE] skip orientation RR
[0000] 3. Calling kt_for - worker_sam
	[0000][ M::mem_process_seqs] Processed 2803462 reads in 425.782 CPU sec, 11.452 real sec
[0000] Calling mem_process_seqs.., task: 4
[0000] 1. Calling kt_for - worker_bwt
[0000] 2. Calling kt_for - worker_aln
[0000] Inferring insert size distribution of PE reads from data, l_pac: 656111652, n: 1278322
[0000][PE] # candidate unique pairs for (FF, FR, RF, RR): (28, 511839, 62, 25)
[0000][PE] analyzing insert size distribution for orientation FF...
[0000][PE] (25, 50, 75) percentile: (110, 205, 256)
[0000][PE] low and high boundaries for computing mean and std.dev: (1, 548)
[0000][PE] mean and std.dev: (178.72, 93.98)
[0000][PE] low and high boundaries for proper pairs: (1, 694)
[0000][PE] analyzing insert size distribution for orientation FR...
[0000][PE] (25, 50, 75) percentile: (231, 279, 321)
[0000][PE] low and high boundaries for computing mean and std.dev: (51, 501)
[0000][PE] mean and std.dev: (266.61, 74.67)
[0000][PE] low and high boundaries for proper pairs: (1, 591)
[0000][PE] analyzing insert size distribution for orientation RF...
[0000][PE] (25, 50, 75) percentile: (601, 2610, 5921)
[0000][PE] low and high boundaries for computing mean and std.dev: (1, 16561)
[0000][PE] mean and std.dev: (3382.74, 2956.91)
[0000][PE] low and high boundaries for proper pairs: (1, 21881)
[0000][PE] analyzing insert size distribution for orientation RR...
[0000][PE] (25, 50, 75) percentile: (106, 177, 282)
[0000][PE] low and high boundaries for computing mean and std.dev: (1, 634)
[0000][PE] mean and std.dev: (180.52, 92.07)
[0000][PE] low and high boundaries for proper pairs: (1, 810)
[0000][PE] skip orientation FF
[0000][PE] skip orientation RF
[0000][PE] skip orientation RR
[0000] 3. Calling kt_for - worker_sam
[0000] read_chunk: 400000000, work_chunk_size: 0, nseq: 0
	[0000][ M::mem_process_seqs] Processed 1278322 reads in 192.315 CPU sec, 5.379 real sec
[0000] read_chunk: 400000000, work_chunk_size: 0, nseq: 0
[0000] Computation ends..
No. of OMP threads: 40
Processor is running @2394.731222 MHz
Runtime profile:

	Time taken for main_mem function: 101.55 sec

	IO times (sec) :
	Reading IO time (reads) avg: 38.20, (38.20, 38.20)
	Writing IO time (SAM) avg: 14.78, (14.78, 14.78)
	Reading IO time (Reference Genome) avg: 0.52, (0.52, 0.52)
	Index read time avg: 0.12, (0.12, 0.12)

	Overall time (sec) (Excluding Index reading time):
	PROCESS() (Total compute time + (read + SAM) IO time) : 100.91
	MEM_PROCESS_SEQ() (Total compute time (Kernel + SAM)), avg: 53.11, (53.11, 53.11)

	 SAM Processing time (sec):
	--WORKER_SAM avg: 21.94, (21.94, 21.94)

	Kernels' compute time (sec):
	Total kernel (smem+sal+bsw) time avg: 29.83, (29.83, 29.83)
		MEM_ALN_CHAIN_FLT avg: 0.00, (0.00, 0.00)
		MEM_ALN_CHAIN_SEED avg: 0.00, (0.00, 0.00)
		ERT_SEED_CHAIN avg: 0.00, (0.00, 0.00)
	LEARNED_SEED_CHAIN avg: 11.62, (11.67, 11.57)
		SMEM compute avg: 0.00, (0.00, 0.00)
		SAL compute avg: 0.00, (0.00, 0.00)
				MEM_SA avg: 0.00, (0.00, 0.00)

		BSW time, avg: 16.92, (17.13, 16.77)

Important parameter settings: 
	BATCH_SIZE: 512
	MAX_SEQ_LEN_REF: 256
	MAX_SEQ_LEN_QER: 128
	MAX_SEQ_LEN8: 128
	SEEDS_PER_READ: 500
	SIMD_WIDTH8 X: 64
	SIMD_WIDTH16 X: 32
	AVG_SEEDS_PER_READ: 64
