Looking to launch executable "/opt/conda/bin/bwa-meme_mode3.avx512bw", simd = _mode3.avx512bw
Launching executable "/opt/conda/bin/bwa-meme_mode3.avx512bw"
-----------------------------
Executing in AVX512 mode!!
-----------------------------
* SA compression enabled with xfactor: 8
* Ref file: reference.902362185.genome.fasta
* Entering FMI_search
Reading other elements of the index from files reference.902362185.genome.fasta
* Index prefix: reference.902362185.genome.fasta
* Read 0 ALT contigs
* Reading reference genome..
* Binary seq file = reference.902362185.genome.fasta.0123
* Reference genome size: 1312223304 bp
* Done reading reference genome !!

------------------------------------------
1. Memory pre-allocation for Chaining: 5679.4903 MB
2. Memory pre-allocation for BSW: 9584.6810 MB
[M::memoryAllocLearned::MEME] Reading Learned-index models into memory
[Learned-Config] MODE:3 SEARCH_METHOD: 1 MEM_TRADEOFF:1 EXPONENTIAL_SMEMSEARCH: 1 DEBUG_MODE:0 Num 2nd Models:268435456 PWL Bits Used:28
[M::memoryAllocLearned::MEME] Loading RMI model and Pac reference file took 9.504 sec
[M::memoryAllocLearned::MEME] Reading suffix array into memory
[M::memoryAllocLearned::MEME] Loading pos_packed file took 11.979 sec
[M::memoryAllocLearned::MEME] Generating SA, 64-bit Suffix and ISA in memory
[M::memoryAllocLearned::MEME] Runtime-build-index took 12.824 sec
3. Memory pre-allocation for BWT: 7204.5072 MB
------------------------------------------
* Threads used (compute): 40
* No. of pipeline threads: 2

[0000] read_chunk: 400000000, work_chunk_size: 400000011, nseq: 2813598
	[0000][ M::kt_pipeline] read 2813598 sequences (400000011 bp)...
[0000] Reallocating initial memory allocations!!
[0000] Calling mem_process_seqs.., task: 0
[0000] 1. Calling kt_for - worker_bwt
[0000] 2. Calling kt_for - worker_aln
[0000] Inferring insert size distribution of PE reads from data, l_pac: 656111652, n: 2813598
[0000][PE] # candidate unique pairs for (FF, FR, RF, RR): (88, 1126163, 124, 67)
[0000][PE] analyzing insert size distribution for orientation FF...
[0000][PE] (25, 50, 75) percentile: (146, 209, 332)
[0000][PE] low and high boundaries for computing mean and std.dev: (1, 704)
[0000][PE] mean and std.dev: (194.01, 118.40)
[0000][PE] low and high boundaries for proper pairs: (1, 890)
[0000][PE] analyzing insert size distribution for orientation FR...
[0000] read_chunk: 400000000, work_chunk_size: 400000249, nseq: 2813362
[0000][PE] (25, 50, 75) percentile: (229, 278, 320)
[0000][PE] low and high boundaries for computing mean and std.dev: (47, 502)
[0000][PE] mean and std.dev: (264.15, 77.00)
[0000][PE] low and high boundaries for proper pairs: (1, 593)
[0000][PE] analyzing insert size distribution for orientation RF...
[0000][PE] (25, 50, 75) percentile: (1193, 3758, 5934)
[0000][PE] low and high boundaries for computing mean and std.dev: (1, 15416)
[0000][PE] mean and std.dev: (3695.98, 2881.87)
[0000][PE] low and high boundaries for proper pairs: (1, 20157)
[0000][PE] analyzing insert size distribution for orientation RR...
[0000][PE] (25, 50, 75) percentile: (158, 223, 1061)
[0000][PE] low and high boundaries for computing mean and std.dev: (1, 2867)
[0000][PE] mean and std.dev: (350.27, 475.85)
[0000][PE] low and high boundaries for proper pairs: (1, 3770)
[0000][PE] skip orientation FF
[0000][PE] skip orientation RF
[0000][PE] skip orientation RR
[0000] 3. Calling kt_for - worker_sam
	[0000][ M::kt_pipeline] read 2813362 sequences (400000249 bp)...
	[0000][ M::mem_process_seqs] Processed 2813598 reads in 429.751 CPU sec, 11.481 real sec
[0000] Calling mem_process_seqs.., task: 1
[0000] 1. Calling kt_for - worker_bwt
[0000] 2. Calling kt_for - worker_aln
[0000] Inferring insert size distribution of PE reads from data, l_pac: 656111652, n: 2813362
[0000][PE] # candidate unique pairs for (FF, FR, RF, RR): (73, 1123966, 114, 64)
[0000][PE] analyzing insert size distribution for orientation FF...
[0000][PE] (25, 50, 75) percentile: (139, 208, 300)
[0000][PE] low and high boundaries for computing mean and std.dev: (1, 622)
[0000][PE] mean and std.dev: (182.07, 82.18)
[0000][PE] low and high boundaries for proper pairs: (1, 783)
[0000][PE] analyzing insert size distribution for orientation FR...
[0000][PE] (25, 50, 75) percentile: (229, 278, 320)
[0000][PE] low and high boundaries for computing mean and std.dev: (47, 502)
[0000][PE] mean and std.dev: (264.02, 77.18)
[0000][PE] low and high boundaries for proper pairs: (1, 593)
[0000][PE] analyzing insert size distribution for orientation RF...
[0000][PE] (25, 50, 75) percentile: (1265, 4756, 7005)
[0000][PE] low and high boundaries for computing mean and std.dev: (1, 18485)
[0000][PE] mean and std.dev: (4283.09, 3067.01)
[0000][PE] low and high boundaries for proper pairs: (1, 24225)
[0000][PE] analyzing insert size distribution for orientation RR...
[0000][PE] (25, 50, 75) percentile: (143, 197, 342)
[0000][PE] low and high boundaries for computing mean and std.dev: (1, 740)
[0000][PE] mean and std.dev: (189.85, 91.62)
[0000][PE] low and high boundaries for proper pairs: (1, 939)
[0000][PE] skip orientation FF
[0000][PE] skip orientation RF
[0000][PE] skip orientation RR
[0000] 3. Calling kt_for - worker_sam
	[0000][ M::mem_process_seqs] Processed 2813362 reads in 433.375 CPU sec, 11.811 real sec
[0000] read_chunk: 400000000, work_chunk_size: 400000027, nseq: 2813124
	[0000][ M::kt_pipeline] read 2813124 sequences (400000027 bp)...
[0000] Calling mem_process_seqs.., task: 2
[0000] 1. Calling kt_for - worker_bwt
[0000] 2. Calling kt_for - worker_aln
[0000] Inferring insert size distribution of PE reads from data, l_pac: 656111652, n: 2813124
[0000][PE] # candidate unique pairs for (FF, FR, RF, RR): (89, 1123782, 100, 79)
[0000][PE] analyzing insert size distribution for orientation FF...
[0000][PE] (25, 50, 75) percentile: (160, 207, 338)
[0000][PE] low and high boundaries for computing mean and std.dev: (1, 694)
[0000][PE] mean and std.dev: (190.66, 77.10)
[0000][PE] low and high boundaries for proper pairs: (1, 872)
[0000][PE] analyzing insert size distribution for orientation FR...
[0000][PE] (25, 50, 75) percentile: (230, 278, 320)
[0000][PE] low and high boundaries for computing mean and std.dev: (50, 500)
[0000][PE] mean and std.dev: (264.59, 76.38)
[0000][PE] low and high boundaries for proper pairs: (1, 590)
[0000][PE] analyzing insert size distribution for orientation RF...
[0000][PE] (25, 50, 75) percentile: (459, 3445, 6024)
[0000][PE] low and high boundaries for computing mean and std.dev: (1, 17154)
[0000][PE] mean and std.dev: (3620.79, 2991.81)
[0000][PE] low and high boundaries for proper pairs: (1, 22719)
[0000][PE] analyzing insert size distribution for orientation RR...
[0000][PE] (25, 50, 75) percentile: (168, 232, 2466)
[0000][PE] low and high boundaries for computing mean and std.dev: (1, 7062)
[0000][PE] mean and std.dev: (1628.51, 2254.14)
[0000][PE] low and high boundaries for proper pairs: (1, 10645)
[0000][PE] skip orientation FF
[0000][PE] skip orientation RF
[0000][PE] skip orientation RR
[0000] 3. Calling kt_for - worker_sam
[0000] read_chunk: 400000000, work_chunk_size: 400000039, nseq: 2814594
	[0000][ M::kt_pipeline] read 2814594 sequences (400000039 bp)...
	[0000][ M::mem_process_seqs] Processed 2813124 reads in 435.096 CPU sec, 11.569 real sec
[0000] Reallocating initial memory allocations!!
[0000] Calling mem_process_seqs.., task: 3
[0000] 1. Calling kt_for - worker_bwt
[0000] 2. Calling kt_for - worker_aln
[0000] Inferring insert size distribution of PE reads from data, l_pac: 656111652, n: 2814594
[0000][PE] # candidate unique pairs for (FF, FR, RF, RR): (71, 1134816, 104, 67)
[0000][PE] analyzing insert size distribution for orientation FF...
[0000][PE] (25, 50, 75) percentile: (166, 216, 438)
[0000][PE] low and high boundaries for computing mean and std.dev: (1, 982)
[0000][PE] mean and std.dev: (204.40, 114.09)
[0000][PE] low and high boundaries for proper pairs: (1, 1254)
[0000][PE] analyzing insert size distribution for orientation FR...
[0000][PE] (25, 50, 75) percentile: (229, 278, 320)
[0000][PE] low and high boundaries for computing mean and std.dev: (47, 502)
[0000][PE] mean and std.dev: (264.14, 77.04)
[0000][PE] low and high boundaries for proper pairs: (1, 593)
[0000][PE] analyzing insert size distribution for orientation RF...
[0000][PE] (25, 50, 75) percentile: (680, 3676, 6234)
[0000][PE] low and high boundaries for computing mean and std.dev: (1, 17342)
[0000][PE] mean and std.dev: (3961.05, 3169.48)
[0000][PE] low and high boundaries for proper pairs: (1, 22896)
[0000][PE] analyzing insert size distribution for orientation RR...
[0000][PE] (25, 50, 75) percentile: (161, 228, 1715)
[0000][PE] low and high boundaries for computing mean and std.dev: (1, 4823)
[0000][PE] mean and std.dev: (745.27, 1087.71)
[0000][PE] low and high boundaries for proper pairs: (1, 6377)
[0000][PE] skip orientation FF
[0000][PE] skip orientation RF
[0000][PE] skip orientation RR
[0000] 3. Calling kt_for - worker_sam
	[0000][ M::mem_process_seqs] Processed 2814594 reads in 406.824 CPU sec, 10.868 real sec
[0000] read_chunk: 400000000, work_chunk_size: 400000084, nseq: 2815012
	[0000][ M::kt_pipeline] read 2815012 sequences (400000084 bp)...
[0000] Reallocating initial memory allocations!!
[0000] Calling mem_process_seqs.., task: 4
[0000] 1. Calling kt_for - worker_bwt
[0000] 2. Calling kt_for - worker_aln
[0000] read_chunk: 400000000, work_chunk_size: 79527375, nseq: 560158
	[0000][ M::kt_pipeline] read 560158 sequences (79527375 bp)...
[0000] Inferring insert size distribution of PE reads from data, l_pac: 656111652, n: 2815012
[0000][PE] # candidate unique pairs for (FF, FR, RF, RR): (74, 1132007, 107, 76)
[0000][PE] analyzing insert size distribution for orientation FF...
[0000][PE] (25, 50, 75) percentile: (143, 207, 303)
[0000][PE] low and high boundaries for computing mean and std.dev: (1, 623)
[0000][PE] mean and std.dev: (169.45, 64.09)
[0000][PE] low and high boundaries for proper pairs: (1, 783)
[0000][PE] analyzing insert size distribution for orientation FR...
[0000][PE] (25, 50, 75) percentile: (229, 278, 320)
[0000][PE] low and high boundaries for computing mean and std.dev: (47, 502)
[0000][PE] mean and std.dev: (264.03, 77.10)
[0000][PE] low and high boundaries for proper pairs: (1, 593)
[0000][PE] analyzing insert size distribution for orientation RF...
[0000][PE] (25, 50, 75) percentile: (625, 2019, 5607)
[0000][PE] low and high boundaries for computing mean and std.dev: (1, 15571)
[0000][PE] mean and std.dev: (3488.03, 3299.24)
[0000][PE] low and high boundaries for proper pairs: (1, 20553)
[0000][PE] analyzing insert size distribution for orientation RR...
[0000][PE] (25, 50, 75) percentile: (181, 229, 414)
[0000][PE] low and high boundaries for computing mean and std.dev: (1, 880)
[0000][PE] mean and std.dev: (225.79, 128.87)
[0000][PE] low and high boundaries for proper pairs: (1, 1113)
[0000][PE] skip orientation FF
[0000][PE] skip orientation RF
[0000][PE] skip orientation RR
[0000] 3. Calling kt_for - worker_sam
	[0000][ M::mem_process_seqs] Processed 2815012 reads in 440.775 CPU sec, 15.719 real sec
[0000] Calling mem_process_seqs.., task: 5
[0000] 1. Calling kt_for - worker_bwt
[0000] 2. Calling kt_for - worker_aln
[0000] Inferring insert size distribution of PE reads from data, l_pac: 656111652, n: 560158
[0000][PE] # candidate unique pairs for (FF, FR, RF, RR): (10, 228947, 15, 14)
[0000][PE] analyzing insert size distribution for orientation FF...
[0000][PE] (25, 50, 75) percentile: (118, 217, 306)
[0000][PE] low and high boundaries for computing mean and std.dev: (1, 682)
[0000][PE] mean and std.dev: (184.44, 87.77)
[0000][PE] low and high boundaries for proper pairs: (1, 870)
[0000][PE] analyzing insert size distribution for orientation FR...
[0000][PE] (25, 50, 75) percentile: (229, 278, 320)
[0000][PE] low and high boundaries for computing mean and std.dev: (47, 502)
[0000][PE] mean and std.dev: (263.95, 77.30)
[0000][PE] low and high boundaries for proper pairs: (1, 593)
[0000][PE] analyzing insert size distribution for orientation RF...
[0000][PE] (25, 50, 75) percentile: (3988, 5244, 8020)
[0000][PE] low and high boundaries for computing mean and std.dev: (1, 16084)
[0000][PE] mean and std.dev: (5225.00, 3101.99)
[0000][PE] low and high boundaries for proper pairs: (1, 20116)
[0000][PE] analyzing insert size distribution for orientation RR...
[0000][PE] (25, 50, 75) percentile: (238, 632, 5926)
[0000][PE] low and high boundaries for computing mean and std.dev: (1, 17302)
[0000][PE] mean and std.dev: (2482.79, 2788.24)
[0000][PE] low and high boundaries for proper pairs: (1, 22990)
[0000][PE] skip orientation FF
[0000][PE] skip orientation RF
[0000][PE] skip orientation RR
[0000] 3. Calling kt_for - worker_sam
	[0000][ M::mem_process_seqs] Processed 560158 reads in 77.812 CPU sec, 2.538 real sec
[0000] read_chunk: 400000000, work_chunk_size: 0, nseq: 0
[0000] read_chunk: 400000000, work_chunk_size: 0, nseq: 0
[0000] Computation ends..
No. of OMP threads: 40
Processor is running @2394.732304 MHz
Runtime profile:

	Time taken for main_mem function: 110.64 sec

	IO times (sec) :
	Reading IO time (reads) avg: 47.98, (47.98, 47.98)
	Writing IO time (SAM) avg: 22.47, (22.47, 22.47)
	Reading IO time (Reference Genome) avg: 0.51, (0.51, 0.51)
	Index read time avg: 0.12, (0.12, 0.12)

	Overall time (sec) (Excluding Index reading time):
	PROCESS() (Total compute time + (read + SAM) IO time) : 110.01
	MEM_PROCESS_SEQ() (Total compute time (Kernel + SAM)), avg: 63.98, (63.98, 63.98)

	 SAM Processing time (sec):
	--WORKER_SAM avg: 25.59, (25.59, 25.59)

	Kernels' compute time (sec):
	Total kernel (smem+sal+bsw) time avg: 36.80, (36.80, 36.80)
		MEM_ALN_CHAIN_FLT avg: 0.00, (0.00, 0.00)
		MEM_ALN_CHAIN_SEED avg: 0.00, (0.00, 0.00)
		ERT_SEED_CHAIN avg: 0.00, (0.00, 0.00)
	LEARNED_SEED_CHAIN avg: 12.37, (12.46, 12.30)
		SMEM compute avg: 0.00, (0.00, 0.00)
		SAL compute avg: 0.00, (0.00, 0.00)
				MEM_SA avg: 0.00, (0.00, 0.00)

		BSW time, avg: 22.92, (23.11, 22.56)

Important parameter settings: 
	BATCH_SIZE: 512
	MAX_SEQ_LEN_REF: 256
	MAX_SEQ_LEN_QER: 128
	MAX_SEQ_LEN8: 128
	SEEDS_PER_READ: 500
	SIMD_WIDTH8 X: 64
	SIMD_WIDTH16 X: 32
	AVG_SEEDS_PER_READ: 64
