Looking to launch executable "/opt/conda/bin/bwa-meme_mode3.avx512bw", simd = _mode3.avx512bw
Launching executable "/opt/conda/bin/bwa-meme_mode3.avx512bw"
-----------------------------
Executing in AVX512 mode!!
-----------------------------
* SA compression enabled with xfactor: 8
* Ref file: reference.902362185.genome.fasta
* Entering FMI_search
Reading other elements of the index from files reference.902362185.genome.fasta
* Index prefix: reference.902362185.genome.fasta
* Read 0 ALT contigs
* Reading reference genome..
* Binary seq file = reference.902362185.genome.fasta.0123
* Reference genome size: 1312223304 bp
* Done reading reference genome !!

------------------------------------------
1. Memory pre-allocation for Chaining: 5679.4903 MB
2. Memory pre-allocation for BSW: 9584.6810 MB
[M::memoryAllocLearned::MEME] Reading Learned-index models into memory
[Learned-Config] MODE:3 SEARCH_METHOD: 1 MEM_TRADEOFF:1 EXPONENTIAL_SMEMSEARCH: 1 DEBUG_MODE:0 Num 2nd Models:268435456 PWL Bits Used:28
[M::memoryAllocLearned::MEME] Loading RMI model and Pac reference file took 9.957 sec
[M::memoryAllocLearned::MEME] Reading suffix array into memory
[M::memoryAllocLearned::MEME] Loading pos_packed file took 12.855 sec
[M::memoryAllocLearned::MEME] Generating SA, 64-bit Suffix and ISA in memory
[M::memoryAllocLearned::MEME] Runtime-build-index took 15.240 sec
3. Memory pre-allocation for BWT: 7204.5072 MB
------------------------------------------
* Threads used (compute): 40
* No. of pipeline threads: 2

[0000] read_chunk: 400000000, work_chunk_size: 400000145, nseq: 2833062
	[0000][ M::kt_pipeline] read 2833062 sequences (400000145 bp)...
[0000] Reallocating initial memory allocations!!
[0000] Calling mem_process_seqs.., task: 0
[0000] 1. Calling kt_for - worker_bwt
[0000] 2. Calling kt_for - worker_aln
[0000] Inferring insert size distribution of PE reads from data, l_pac: 656111652, n: 2833062
[0000][PE] # candidate unique pairs for (FF, FR, RF, RR): (89, 1143407, 139, 64)
[0000][PE] analyzing insert size distribution for orientation FF...
[0000][PE] (25, 50, 75) percentile: (150, 196, 265)
[0000][PE] low and high boundaries for computing mean and std.dev: (1, 495)
[0000][PE] mean and std.dev: (187.00, 74.26)
[0000][PE] low and high boundaries for proper pairs: (1, 610)
[0000][PE] analyzing insert size distribution for orientation FR...
[0000][PE] (25, 50, 75) percentile: (228, 279, 321)
[0000][PE] low and high boundaries for computing mean and std.dev: (42, 507)
[0000][PE] mean and std.dev: (262.58, 80.53)
[0000][PE] low and high boundaries for proper pairs: (1, 600)
[0000][PE] analyzing insert size distribution for orientation RF...
[0000][PE] (25, 50, 75) percentile: (466, 2129, 5335)
[0000][PE] low and high boundaries for computing mean and std.dev: (1, 15073)
[0000][PE] mean and std.dev: (3203.94, 3028.53)
[0000][PE] low and high boundaries for proper pairs: (1, 19942)
[0000][PE] analyzing insert size distribution for orientation RR...
[0000][PE] (25, 50, 75) percentile: (114, 182, 873)
[0000][PE] low and high boundaries for computing mean and std.dev: (1, 2391)
[0000][PE] mean and std.dev: (346.66, 502.85)
[0000][PE] low and high boundaries for proper pairs: (1, 3150)
[0000][PE] skip orientation FF
[0000][PE] skip orientation RF
[0000][PE] skip orientation RR
[0000] 3. Calling kt_for - worker_sam
[0000] read_chunk: 400000000, work_chunk_size: 400000092, nseq: 2833176
	[0000][ M::kt_pipeline] read 2833176 sequences (400000092 bp)...
	[0000][ M::mem_process_seqs] Processed 2833062 reads in 427.160 CPU sec, 11.363 real sec
[0000] Reallocating initial memory allocations!!
[0000] Calling mem_process_seqs.., task: 1
[0000] 1. Calling kt_for - worker_bwt
[0000] 2. Calling kt_for - worker_aln
[0000] Inferring insert size distribution of PE reads from data, l_pac: 656111652, n: 2833176
[0000][PE] # candidate unique pairs for (FF, FR, RF, RR): (97, 1144564, 105, 67)
[0000][PE] analyzing insert size distribution for orientation FF...
[0000][PE] (25, 50, 75) percentile: (147, 208, 325)
[0000][PE] low and high boundaries for computing mean and std.dev: (1, 681)
[0000][PE] mean and std.dev: (223.80, 135.93)
[0000][PE] low and high boundaries for proper pairs: (1, 859)
[0000][PE] analyzing insert size distribution for orientation FR...
[0000][PE] (25, 50, 75) percentile: (228, 279, 321)
[0000][PE] low and high boundaries for computing mean and std.dev: (42, 507)
[0000][PE] mean and std.dev: (262.47, 80.55)
[0000][PE] low and high boundaries for proper pairs: (1, 600)
[0000][PE] analyzing insert size distribution for orientation RF...
[0000][PE] (25, 50, 75) percentile: (364, 1830, 5933)
[0000][PE] low and high boundaries for computing mean and std.dev: (1, 17071)
[0000][PE] mean and std.dev: (3070.32, 3205.37)
[0000][PE] low and high boundaries for proper pairs: (1, 22640)
[0000][PE] analyzing insert size distribution for orientation RR...
[0000][PE] (25, 50, 75) percentile: (166, 235, 944)
[0000][PE] low and high boundaries for computing mean and std.dev: (1, 2500)
[0000][PE] mean and std.dev: (328.32, 324.94)
[0000][PE] low and high boundaries for proper pairs: (1, 3278)
[0000][PE] skip orientation FF
[0000][PE] skip orientation RF
[0000][PE] skip orientation RR
[0000] 3. Calling kt_for - worker_sam
[0000] read_chunk: 400000000, work_chunk_size: 400000113, nseq: 2832904
	[0000][ M::kt_pipeline] read 2832904 sequences (400000113 bp)...
	[0000][ M::mem_process_seqs] Processed 2833176 reads in 426.165 CPU sec, 11.468 real sec
[0000] Calling mem_process_seqs.., task: 2
[0000] 1. Calling kt_for - worker_bwt
[0000] 2. Calling kt_for - worker_aln
[0000] Inferring insert size distribution of PE reads from data, l_pac: 656111652, n: 2832904
[0000][PE] # candidate unique pairs for (FF, FR, RF, RR): (96, 1144920, 124, 76)
[0000][PE] analyzing insert size distribution for orientation FF...
[0000][PE] (25, 50, 75) percentile: (138, 203, 277)
[0000][PE] low and high boundaries for computing mean and std.dev: (1, 555)
[0000][PE] mean and std.dev: (183.22, 86.11)
[0000][PE] low and high boundaries for proper pairs: (1, 694)
[0000][PE] analyzing insert size distribution for orientation FR...
[0000][PE] (25, 50, 75) percentile: (228, 279, 321)
[0000][PE] low and high boundaries for computing mean and std.dev: (42, 507)
[0000][PE] mean and std.dev: (262.62, 80.54)
[0000][PE] low and high boundaries for proper pairs: (1, 600)
[0000][PE] analyzing insert size distribution for orientation RF...
[0000][PE] (25, 50, 75) percentile: (505, 2235, 6353)
[0000][PE] low and high boundaries for computing mean and std.dev: (1, 18049)
[0000][PE] mean and std.dev: (3457.08, 3231.20)
[0000][PE] low and high boundaries for proper pairs: (1, 23897)
[0000][PE] analyzing insert size distribution for orientation RR...
[0000][PE] (25, 50, 75) percentile: (149, 219, 1062)
[0000][PE] low and high boundaries for computing mean and std.dev: (1, 2888)
[0000][PE] mean and std.dev: (372.74, 467.40)
[0000][PE] low and high boundaries for proper pairs: (1, 3801)
[0000][PE] skip orientation FF
[0000][PE] skip orientation RF
[0000][PE] skip orientation RR
[0000] 3. Calling kt_for - worker_sam
	[0000][ M::mem_process_seqs] Processed 2832904 reads in 436.883 CPU sec, 12.335 real sec
[0000] read_chunk: 400000000, work_chunk_size: 400000049, nseq: 2834048
	[0000][ M::kt_pipeline] read 2834048 sequences (400000049 bp)...
[0000] Reallocating initial memory allocations!!
[0000] Calling mem_process_seqs.., task: 3
[0000] 1. Calling kt_for - worker_bwt
[0000] 2. Calling kt_for - worker_aln
[0000] Inferring insert size distribution of PE reads from data, l_pac: 656111652, n: 2834048
[0000][PE] # candidate unique pairs for (FF, FR, RF, RR): (97, 1150283, 136, 69)
[0000][PE] analyzing insert size distribution for orientation FF...
[0000][PE] (25, 50, 75) percentile: (150, 206, 259)
[0000][PE] low and high boundaries for computing mean and std.dev: (1, 477)
[0000][PE] mean and std.dev: (186.90, 66.83)
[0000][PE] low and high boundaries for proper pairs: (1, 586)
[0000][PE] analyzing insert size distribution for orientation FR...
[0000][PE] (25, 50, 75) percentile: (228, 279, 321)
[0000][PE] low and high boundaries for computing mean and std.dev: (42, 507)
[0000][PE] mean and std.dev: (262.49, 80.59)
[0000][PE] low and high boundaries for proper pairs: (1, 600)
[0000][PE] analyzing insert size distribution for orientation RF...
[0000][PE] (25, 50, 75) percentile: (482, 2593, 5929)
[0000][PE] low and high boundaries for computing mean and std.dev: (1, 16823)
[0000][PE] mean and std.dev: (3422.92, 3013.14)
[0000][PE] low and high boundaries for proper pairs: (1, 22270)
[0000][PE] analyzing insert size distribution for orientation RR...
[0000][PE] (25, 50, 75) percentile: (141, 200, 360)
[0000][PE] low and high boundaries for computing mean and std.dev: (1, 798)
[0000][PE] mean and std.dev: (208.16, 127.72)
[0000][PE] low and high boundaries for proper pairs: (1, 1017)
[0000][PE] skip orientation FF
[0000][PE] skip orientation RF
[0000][PE] skip orientation RR
[0000] 3. Calling kt_for - worker_sam
[0000] read_chunk: 400000000, work_chunk_size: 400000211, nseq: 2835716
	[0000][ M::kt_pipeline] read 2835716 sequences (400000211 bp)...
	[0000][ M::mem_process_seqs] Processed 2834048 reads in 409.912 CPU sec, 11.239 real sec
[0000] Reallocating initial memory allocations!!
[0000] Calling mem_process_seqs.., task: 4
[0000] 1. Calling kt_for - worker_bwt
[0000] 2. Calling kt_for - worker_aln
[0000] Inferring insert size distribution of PE reads from data, l_pac: 656111652, n: 2835716
[0000][PE] # candidate unique pairs for (FF, FR, RF, RR): (96, 1151958, 136, 76)
[0000][PE] analyzing insert size distribution for orientation FF...
[0000][PE] (25, 50, 75) percentile: (132, 192, 295)
[0000][PE] low and high boundaries for computing mean and std.dev: (1, 621)
[0000][PE] mean and std.dev: (187.80, 96.20)
[0000][PE] low and high boundaries for proper pairs: (1, 784)
[0000][PE] analyzing insert size distribution for orientation FR...
[0000][PE] (25, 50, 75) percentile: (228, 279, 321)
[0000][PE] low and high boundaries for computing mean and std.dev: (42, 507)
[0000][PE] mean and std.dev: (262.37, 80.76)
[0000][PE] low and high boundaries for proper pairs: (1, 600)
[0000][PE] analyzing insert size distribution for orientation RF...
[0000][PE] (25, 50, 75) percentile: (503, 4107, 7221)
[0000][PE] low and high boundaries for computing mean and std.dev: (1, 20657)
[0000][PE] mean and std.dev: (3955.41, 3349.68)
[0000][PE] low and high boundaries for proper pairs: (1, 27375)
[0000][PE] analyzing insert size distribution for orientation RR...
[0000][PE] (25, 50, 75) percentile: (136, 212, 324)
[0000][PE] low and high boundaries for computing mean and std.dev: (1, 700)
[0000][PE] mean and std.dev: (193.93, 118.83)
[0000][PE] low and high boundaries for proper pairs: (1, 888)
[0000][PE] skip orientation FF
[0000][PE] skip orientation RF
[0000][PE] skip orientation RR
[0000] 3. Calling kt_for - worker_sam
[0000] read_chunk: 400000000, work_chunk_size: 400000251, nseq: 2835214
	[0000][ M::kt_pipeline] read 2835214 sequences (400000251 bp)...
	[0000][ M::mem_process_seqs] Processed 2835716 reads in 412.575 CPU sec, 11.205 real sec
[0000] Calling mem_process_seqs.., task: 5
[0000] 1. Calling kt_for - worker_bwt
[0000] 2. Calling kt_for - worker_aln
[0000] Inferring insert size distribution of PE reads from data, l_pac: 656111652, n: 2835214
[0000][PE] # candidate unique pairs for (FF, FR, RF, RR): (80, 1158699, 137, 78)
[0000][PE] analyzing insert size distribution for orientation FF...
[0000][PE] (25, 50, 75) percentile: (163, 203, 311)
[0000][PE] low and high boundaries for computing mean and std.dev: (1, 607)
[0000][PE] mean and std.dev: (194.88, 72.32)
[0000][PE] low and high boundaries for proper pairs: (1, 755)
[0000][PE] analyzing insert size distribution for orientation FR...
[0000][PE] (25, 50, 75) percentile: (228, 279, 321)
[0000][PE] low and high boundaries for computing mean and std.dev: (42, 507)
[0000][PE] mean and std.dev: (262.51, 80.55)
[0000][PE] low and high boundaries for proper pairs: (1, 600)
[0000][PE] analyzing insert size distribution for orientation RF...
[0000][PE] (25, 50, 75) percentile: (527, 2511, 5949)
[0000][PE] low and high boundaries for computing mean and std.dev: (1, 16793)
[0000][PE] mean and std.dev: (3457.31, 3239.10)
[0000][PE] low and high boundaries for proper pairs: (1, 22215)
[0000][PE] analyzing insert size distribution for orientation RR...
[0000][PE] (25, 50, 75) percentile: (135, 176, 267)
[0000][PE] low and high boundaries for computing mean and std.dev: (1, 531)
[0000][PE] mean and std.dev: (174.14, 64.97)
[0000][PE] low and high boundaries for proper pairs: (1, 663)
[0000][PE] skip orientation FF
[0000][PE] skip orientation RF
[0000][PE] skip orientation RR
[0000] 3. Calling kt_for - worker_sam
[0000] read_chunk: 400000000, work_chunk_size: 78934201, nseq: 559598
	[0000][ M::kt_pipeline] read 559598 sequences (78934201 bp)...
	[0000][ M::mem_process_seqs] Processed 2835214 reads in 400.307 CPU sec, 11.111 real sec
[0000] Calling mem_process_seqs.., task: 6
[0000] 1. Calling kt_for - worker_bwt
[0000] 2. Calling kt_for - worker_aln
[0000] Inferring insert size distribution of PE reads from data, l_pac: 656111652, n: 559598
[0000][PE] # candidate unique pairs for (FF, FR, RF, RR): (14, 232108, 22, 11)
[0000][PE] analyzing insert size distribution for orientation FF...
[0000][PE] (25, 50, 75) percentile: (143, 205, 321)
[0000][PE] low and high boundaries for computing mean and std.dev: (1, 677)
[0000][PE] mean and std.dev: (194.58, 71.24)
[0000][PE] low and high boundaries for proper pairs: (1, 855)
[0000][PE] analyzing insert size distribution for orientation FR...
[0000][PE] (25, 50, 75) percentile: (228, 279, 321)
[0000][PE] low and high boundaries for computing mean and std.dev: (42, 507)
[0000][PE] mean and std.dev: (262.78, 80.54)
[0000][PE] low and high boundaries for proper pairs: (1, 600)
[0000][PE] analyzing insert size distribution for orientation RF...
[0000][PE] (25, 50, 75) percentile: (848, 1719, 7428)
[0000][PE] low and high boundaries for computing mean and std.dev: (1, 20588)
[0000][PE] mean and std.dev: (3729.05, 3361.37)
[0000][PE] low and high boundaries for proper pairs: (1, 27168)
[0000][PE] analyzing insert size distribution for orientation RR...
[0000][PE] (25, 50, 75) percentile: (142, 211, 263)
[0000][PE] low and high boundaries for computing mean and std.dev: (1, 505)
[0000][PE] mean and std.dev: (182.67, 60.55)
[0000][PE] low and high boundaries for proper pairs: (1, 626)
[0000][PE] skip orientation FF
[0000][PE] skip orientation RF
[0000][PE] skip orientation RR
[0000] 3. Calling kt_for - worker_sam
	[0000][ M::mem_process_seqs] Processed 559598 reads in 73.379 CPU sec, 2.177 real sec
[0000] read_chunk: 400000000, work_chunk_size: 0, nseq: 0
[0000] read_chunk: 400000000, work_chunk_size: 0, nseq: 0
[0000] Computation ends..
No. of OMP threads: 40
Processor is running @2394.714790 MHz
Runtime profile:

	Time taken for main_mem function: 140.22 sec

	IO times (sec) :
	Reading IO time (reads) avg: 55.07, (55.07, 55.07)
	Writing IO time (SAM) avg: 39.23, (39.23, 39.23)
	Reading IO time (Reference Genome) avg: 0.60, (0.60, 0.60)
	Index read time avg: 0.13, (0.13, 0.13)

	Overall time (sec) (Excluding Index reading time):
	PROCESS() (Total compute time + (read + SAM) IO time) : 139.48
	MEM_PROCESS_SEQ() (Total compute time (Kernel + SAM)), avg: 70.89, (70.89, 70.89)

	 SAM Processing time (sec):
	--WORKER_SAM avg: 29.60, (29.60, 29.60)

	Kernels' compute time (sec):
	Total kernel (smem+sal+bsw) time avg: 39.45, (39.45, 39.45)
		MEM_ALN_CHAIN_FLT avg: 0.00, (0.00, 0.00)
		MEM_ALN_CHAIN_SEED avg: 0.00, (0.00, 0.00)
		ERT_SEED_CHAIN avg: 0.00, (0.00, 0.00)
	LEARNED_SEED_CHAIN avg: 13.69, (13.81, 13.59)
		SMEM compute avg: 0.00, (0.00, 0.00)
		SAL compute avg: 0.00, (0.00, 0.00)
				MEM_SA avg: 0.00, (0.00, 0.00)

		BSW time, avg: 23.86, (24.15, 23.56)

Important parameter settings: 
	BATCH_SIZE: 512
	MAX_SEQ_LEN_REF: 256
	MAX_SEQ_LEN_QER: 128
	MAX_SEQ_LEN8: 128
	SEEDS_PER_READ: 500
	SIMD_WIDTH8 X: 64
	SIMD_WIDTH16 X: 32
	AVG_SEEDS_PER_READ: 64
