Looking to launch executable "/opt/conda/bin/bwa-meme_mode3.avx512bw", simd = _mode3.avx512bw
Launching executable "/opt/conda/bin/bwa-meme_mode3.avx512bw"
-----------------------------
Executing in AVX512 mode!!
-----------------------------
* SA compression enabled with xfactor: 8
* Ref file: reference.902362185.genome.fasta
* Entering FMI_search
Reading other elements of the index from files reference.902362185.genome.fasta
* Index prefix: reference.902362185.genome.fasta
* Read 0 ALT contigs
* Reading reference genome..
* Binary seq file = reference.902362185.genome.fasta.0123
* Reference genome size: 1312223304 bp
* Done reading reference genome !!

------------------------------------------
1. Memory pre-allocation for Chaining: 5679.4903 MB
2. Memory pre-allocation for BSW: 9584.6810 MB
[M::memoryAllocLearned::MEME] Reading Learned-index models into memory
[Learned-Config] MODE:3 SEARCH_METHOD: 1 MEM_TRADEOFF:1 EXPONENTIAL_SMEMSEARCH: 1 DEBUG_MODE:0 Num 2nd Models:268435456 PWL Bits Used:28
[M::memoryAllocLearned::MEME] Loading RMI model and Pac reference file took 9.575 sec
[M::memoryAllocLearned::MEME] Reading suffix array into memory
[M::memoryAllocLearned::MEME] Loading pos_packed file took 12.057 sec
[M::memoryAllocLearned::MEME] Generating SA, 64-bit Suffix and ISA in memory
[M::memoryAllocLearned::MEME] Runtime-build-index took 12.805 sec
3. Memory pre-allocation for BWT: 7204.5072 MB
------------------------------------------
* Threads used (compute): 40
* No. of pipeline threads: 2

[0000] read_chunk: 400000000, work_chunk_size: 400000229, nseq: 2823400
	[0000][ M::kt_pipeline] read 2823400 sequences (400000229 bp)...
[0000] Reallocating initial memory allocations!!
[0000] Calling mem_process_seqs.., task: 0
[0000] 1. Calling kt_for - worker_bwt
[0000] 2. Calling kt_for - worker_aln
[0000] Inferring insert size distribution of PE reads from data, l_pac: 656111652, n: 2823400
[0000] read_chunk: 400000000, work_chunk_size: 400000129, nseq: 2822982
[0000][PE] # candidate unique pairs for (FF, FR, RF, RR): (92, 1130235, 102, 66)
[0000][PE] analyzing insert size distribution for orientation FF...
[0000][PE] (25, 50, 75) percentile: (111, 183, 276)
[0000][PE] low and high boundaries for computing mean and std.dev: (1, 606)
[0000][PE] mean and std.dev: (178.47, 119.86)
[0000][PE] low and high boundaries for proper pairs: (1, 771)
[0000][PE] analyzing insert size distribution for orientation FR...
	[0000][ M::kt_pipeline] read 2822982 sequences (400000129 bp)...
[0000][PE] (25, 50, 75) percentile: (216, 270, 315)
[0000][PE] low and high boundaries for computing mean and std.dev: (18, 513)
[0000][PE] mean and std.dev: (255.41, 80.17)
[0000][PE] low and high boundaries for proper pairs: (1, 612)
[0000][PE] analyzing insert size distribution for orientation RF...
[0000][PE] (25, 50, 75) percentile: (639, 3181, 6923)
[0000][PE] low and high boundaries for computing mean and std.dev: (1, 19491)
[0000][PE] mean and std.dev: (3831.97, 3317.62)
[0000][PE] low and high boundaries for proper pairs: (1, 25775)
[0000][PE] analyzing insert size distribution for orientation RR...
[0000][PE] (25, 50, 75) percentile: (138, 237, 2914)
[0000][PE] low and high boundaries for computing mean and std.dev: (1, 8466)
[0000][PE] mean and std.dev: (1553.53, 2516.89)
[0000][PE] low and high boundaries for proper pairs: (1, 11621)
[0000][PE] skip orientation FF
[0000][PE] skip orientation RF
[0000][PE] skip orientation RR
[0000] 3. Calling kt_for - worker_sam
	[0000][ M::mem_process_seqs] Processed 2823400 reads in 444.994 CPU sec, 12.176 real sec
[0000] Calling mem_process_seqs.., task: 1
[0000] 1. Calling kt_for - worker_bwt
[0000] 2. Calling kt_for - worker_aln
[0000] Inferring insert size distribution of PE reads from data, l_pac: 656111652, n: 2822982
[0000][PE] # candidate unique pairs for (FF, FR, RF, RR): (78, 1125339, 122, 68)
[0000][PE] analyzing insert size distribution for orientation FF...
[0000][PE] (25, 50, 75) percentile: (114, 188, 254)
[0000][PE] low and high boundaries for computing mean and std.dev: (1, 534)
[0000][PE] mean and std.dev: (167.03, 73.59)
[0000][PE] low and high boundaries for proper pairs: (1, 674)
[0000][PE] analyzing insert size distribution for orientation FR...
[0000][PE] (25, 50, 75) percentile: (216, 270, 314)
[0000][PE] low and high boundaries for computing mean and std.dev: (20, 510)
[0000][PE] mean and std.dev: (255.32, 80.09)
[0000][PE] low and high boundaries for proper pairs: (1, 608)
[0000][PE] analyzing insert size distribution for orientation RF...
[0000][PE] (25, 50, 75) percentile: (1298, 4166, 6827)
[0000][PE] low and high boundaries for computing mean and std.dev: (1, 17885)
[0000][PE] mean and std.dev: (4171.18, 3058.40)
[0000][PE] low and high boundaries for proper pairs: (1, 23414)
[0000][PE] analyzing insert size distribution for orientation RR...
[0000][PE] (25, 50, 75) percentile: (141, 191, 258)
[0000][PE] low and high boundaries for computing mean and std.dev: (1, 492)
[0000][PE] mean and std.dev: (175.00, 73.76)
[0000][PE] low and high boundaries for proper pairs: (1, 609)
[0000][PE] skip orientation FF
[0000][PE] skip orientation RF
[0000][PE] skip orientation RR
[0000] 3. Calling kt_for - worker_sam
	[0000][ M::mem_process_seqs] Processed 2822982 reads in 453.846 CPU sec, 12.243 real sec
[0000] read_chunk: 400000000, work_chunk_size: 400000092, nseq: 2822946
	[0000][ M::kt_pipeline] read 2822946 sequences (400000092 bp)...
[0000] Calling mem_process_seqs.., task: 2
[0000] 1. Calling kt_for - worker_bwt
[0000] 2. Calling kt_for - worker_aln
[0000] Inferring insert size distribution of PE reads from data, l_pac: 656111652, n: 2822946
[0000][PE] # candidate unique pairs for (FF, FR, RF, RR): (86, 1127605, 97, 61)
[0000][PE] analyzing insert size distribution for orientation FF...
[0000][PE] (25, 50, 75) percentile: (134, 176, 251)
[0000][PE] low and high boundaries for computing mean and std.dev: (1, 485)
[0000][PE] mean and std.dev: (148.12, 58.97)
[0000][PE] low and high boundaries for proper pairs: (1, 602)
[0000][PE] analyzing insert size distribution for orientation FR...
[0000][PE] (25, 50, 75) percentile: (217, 270, 314)
[0000][PE] low and high boundaries for computing mean and std.dev: (23, 508)
[0000][PE] mean and std.dev: (255.35, 80.08)
[0000][PE] low and high boundaries for proper pairs: (1, 605)
[0000][PE] analyzing insert size distribution for orientation RF...
[0000][PE] (25, 50, 75) percentile: (501, 3345, 7049)
[0000][PE] low and high boundaries for computing mean and std.dev: (1, 20145)
[0000][PE] mean and std.dev: (3851.51, 3269.66)
[0000][PE] low and high boundaries for proper pairs: (1, 26693)
[0000][PE] analyzing insert size distribution for orientation RR...
[0000][PE] (25, 50, 75) percentile: (150, 217, 632)
[0000][PE] low and high boundaries for computing mean and std.dev: (1, 1596)
[0000][PE] mean and std.dev: (314.47, 319.89)
[0000][PE] low and high boundaries for proper pairs: (1, 2078)
[0000][PE] skip orientation FF
[0000][PE] skip orientation RF
[0000][PE] skip orientation RR
[0000] 3. Calling kt_for - worker_sam
[0000] read_chunk: 400000000, work_chunk_size: 400000127, nseq: 2823766
	[0000][ M::kt_pipeline] read 2823766 sequences (400000127 bp)...
	[0000][ M::mem_process_seqs] Processed 2822946 reads in 454.611 CPU sec, 12.066 real sec
[0000] Reallocating initial memory allocations!!
[0000] Calling mem_process_seqs.., task: 3
[0000] 1. Calling kt_for - worker_bwt
[0000] 2. Calling kt_for - worker_aln
[0000] Inferring insert size distribution of PE reads from data, l_pac: 656111652, n: 2823766
[0000][PE] # candidate unique pairs for (FF, FR, RF, RR): (77, 1137058, 115, 65)
[0000][PE] analyzing insert size distribution for orientation FF...
[0000][PE] (25, 50, 75) percentile: (134, 189, 283)
[0000][PE] low and high boundaries for computing mean and std.dev: (1, 581)
[0000][PE] mean and std.dev: (180.56, 88.55)
[0000][PE] low and high boundaries for proper pairs: (1, 730)
[0000][PE] analyzing insert size distribution for orientation FR...
[0000][PE] (25, 50, 75) percentile: (216, 270, 315)
[0000][PE] low and high boundaries for computing mean and std.dev: (18, 513)
[0000][PE] mean and std.dev: (255.37, 80.06)
[0000][PE] low and high boundaries for proper pairs: (1, 612)
[0000][PE] analyzing insert size distribution for orientation RF...
[0000][PE] (25, 50, 75) percentile: (337, 3638, 6361)
[0000][PE] low and high boundaries for computing mean and std.dev: (1, 18409)
[0000][PE] mean and std.dev: (3552.61, 3160.35)
[0000][PE] low and high boundaries for proper pairs: (1, 24433)
[0000][PE] analyzing insert size distribution for orientation RR...
[0000][PE] (25, 50, 75) percentile: (137, 197, 1033)
[0000][PE] low and high boundaries for computing mean and std.dev: (1, 2825)
[0000][PE] mean and std.dev: (351.09, 508.58)
[0000][PE] low and high boundaries for proper pairs: (1, 3721)
[0000][PE] skip orientation FF
[0000][PE] skip orientation RF
[0000][PE] skip orientation RR
[0000] 3. Calling kt_for - worker_sam
[0000] read_chunk: 400000000, work_chunk_size: 400000192, nseq: 2825106
	[0000][ M::kt_pipeline] read 2825106 sequences (400000192 bp)...
	[0000][ M::mem_process_seqs] Processed 2823766 reads in 425.817 CPU sec, 11.461 real sec
[0000] Reallocating initial memory allocations!!
[0000] read_chunk: 400000000, work_chunk_size: 400000262, nseq: 2825030
	[0000][ M::kt_pipeline] read 2825030 sequences (400000262 bp)...
[0000] Calling mem_process_seqs.., task: 4
[0000] 1. Calling kt_for - worker_bwt
[0000] 2. Calling kt_for - worker_aln
[0000] Inferring insert size distribution of PE reads from data, l_pac: 656111652, n: 2825106
[0000][PE] # candidate unique pairs for (FF, FR, RF, RR): (78, 1135719, 129, 61)
[0000][PE] analyzing insert size distribution for orientation FF...
[0000][PE] (25, 50, 75) percentile: (143, 207, 354)
[0000][PE] low and high boundaries for computing mean and std.dev: (1, 776)
[0000][PE] mean and std.dev: (216.82, 143.76)
[0000][PE] low and high boundaries for proper pairs: (1, 987)
[0000][PE] analyzing insert size distribution for orientation FR...
[0000][PE] (25, 50, 75) percentile: (216, 270, 314)
[0000][PE] low and high boundaries for computing mean and std.dev: (20, 510)
[0000][PE] mean and std.dev: (255.19, 80.21)
[0000][PE] low and high boundaries for proper pairs: (1, 608)
[0000][PE] analyzing insert size distribution for orientation RF...
[0000][PE] (25, 50, 75) percentile: (711, 3092, 7164)
[0000][PE] low and high boundaries for computing mean and std.dev: (1, 20070)
[0000][PE] mean and std.dev: (3930.47, 3320.83)
[0000][PE] low and high boundaries for proper pairs: (1, 26523)
[0000][PE] analyzing insert size distribution for orientation RR...
[0000][PE] (25, 50, 75) percentile: (126, 179, 391)
[0000][PE] low and high boundaries for computing mean and std.dev: (1, 921)
[0000][PE] mean and std.dev: (193.12, 135.27)
[0000][PE] low and high boundaries for proper pairs: (1, 1186)
[0000][PE] skip orientation FF
[0000][PE] skip orientation RF
[0000][PE] skip orientation RR
[0000] 3. Calling kt_for - worker_sam
	[0000][ M::mem_process_seqs] Processed 2825106 reads in 438.481 CPU sec, 13.613 real sec
[0000] Calling mem_process_seqs.., task: 5
[0000] 1. Calling kt_for - worker_bwt
[0000] 2. Calling kt_for - worker_aln
[0000] read_chunk: 400000000, work_chunk_size: 16714212, nseq: 118038
	[0000][ M::kt_pipeline] read 118038 sequences (16714212 bp)...
[0000] Inferring insert size distribution of PE reads from data, l_pac: 656111652, n: 2825030
[0000][PE] # candidate unique pairs for (FF, FR, RF, RR): (82, 1145339, 107, 79)
[0000][PE] analyzing insert size distribution for orientation FF...
[0000][PE] (25, 50, 75) percentile: (147, 210, 302)
[0000][PE] low and high boundaries for computing mean and std.dev: (1, 612)
[0000][PE] mean and std.dev: (185.85, 97.27)
[0000][PE] low and high boundaries for proper pairs: (1, 767)
[0000][PE] analyzing insert size distribution for orientation FR...
[0000][PE] (25, 50, 75) percentile: (216, 270, 314)
[0000][PE] low and high boundaries for computing mean and std.dev: (20, 510)
[0000][PE] mean and std.dev: (255.29, 80.15)
[0000][PE] low and high boundaries for proper pairs: (1, 608)
[0000][PE] analyzing insert size distribution for orientation RF...
[0000][PE] (25, 50, 75) percentile: (447, 2142, 7247)
[0000][PE] low and high boundaries for computing mean and std.dev: (1, 20847)
[0000][PE] mean and std.dev: (3724.18, 3491.03)
[0000][PE] low and high boundaries for proper pairs: (1, 27647)
[0000][PE] analyzing insert size distribution for orientation RR...
[0000][PE] (25, 50, 75) percentile: (117, 199, 286)
[0000][PE] low and high boundaries for computing mean and std.dev: (1, 624)
[0000][PE] mean and std.dev: (190.75, 129.57)
[0000][PE] low and high boundaries for proper pairs: (1, 793)
[0000][PE] skip orientation FF
[0000][PE] skip orientation RF
[0000][PE] skip orientation RR
[0000] 3. Calling kt_for - worker_sam
	[0000][ M::mem_process_seqs] Processed 2825030 reads in 411.035 CPU sec, 11.555 real sec
[0000] Calling mem_process_seqs.., task: 6
[0000] 1. Calling kt_for - worker_bwt
[0000] 2. Calling kt_for - worker_aln
[0000] Inferring insert size distribution of PE reads from data, l_pac: 656111652, n: 118038
[0000][PE] # candidate unique pairs for (FF, FR, RF, RR): (2, 48709, 7, 1)
[0000][PE] skip orientation FF as there are not enough pairs
[0000][PE] analyzing insert size distribution for orientation FR...
[0000][PE] (25, 50, 75) percentile: (216, 270, 314)
[0000][PE] low and high boundaries for computing mean and std.dev: (20, 510)
[0000][PE] mean and std.dev: (255.46, 79.72)
[0000][PE] low and high boundaries for proper pairs: (1, 608)
[0000][PE] skip orientation RF as there are not enough pairs
[0000][PE] skip orientation RR as there are not enough pairs
[0000] 3. Calling kt_for - worker_sam
	[0000][ M::mem_process_seqs] Processed 118038 reads in 17.618 CPU sec, 0.747 real sec
[0000] read_chunk: 400000000, work_chunk_size: 0, nseq: 0
[0000] read_chunk: 400000000, work_chunk_size: 0, nseq: 0
[0000] Computation ends..
No. of OMP threads: 40
Processor is running @2394.729134 MHz
Runtime profile:

	Time taken for main_mem function: 327.74 sec

	IO times (sec) :
	Reading IO time (reads) avg: 57.21, (57.21, 57.21)
	Writing IO time (SAM) avg: 19.03, (19.03, 19.03)
	Reading IO time (Reference Genome) avg: 0.52, (0.52, 0.52)
	Index read time avg: 0.12, (0.12, 0.12)

	Overall time (sec) (Excluding Index reading time):
	PROCESS() (Total compute time + (read + SAM) IO time) : 327.09
	MEM_PROCESS_SEQ() (Total compute time (Kernel + SAM)), avg: 73.85, (73.85, 73.85)

	 SAM Processing time (sec):
	--WORKER_SAM avg: 30.29, (30.29, 30.29)

	Kernels' compute time (sec):
	Total kernel (smem+sal+bsw) time avg: 41.72, (41.72, 41.72)
		MEM_ALN_CHAIN_FLT avg: 0.00, (0.00, 0.00)
		MEM_ALN_CHAIN_SEED avg: 0.00, (0.00, 0.00)
		ERT_SEED_CHAIN avg: 0.00, (0.00, 0.00)
	LEARNED_SEED_CHAIN avg: 15.83, (16.20, 15.49)
		SMEM compute avg: 0.00, (0.00, 0.00)
		SAL compute avg: 0.00, (0.00, 0.00)
				MEM_SA avg: 0.00, (0.00, 0.00)

		BSW time, avg: 23.61, (23.94, 23.41)

Important parameter settings: 
	BATCH_SIZE: 512
	MAX_SEQ_LEN_REF: 256
	MAX_SEQ_LEN_QER: 128
	MAX_SEQ_LEN8: 128
	SEEDS_PER_READ: 500
	SIMD_WIDTH8 X: 64
	SIMD_WIDTH16 X: 32
	AVG_SEEDS_PER_READ: 64
