Looking to launch executable "/opt/conda/bin/bwa-meme_mode3.avx512bw", simd = _mode3.avx512bw
Launching executable "/opt/conda/bin/bwa-meme_mode3.avx512bw"
-----------------------------
Executing in AVX512 mode!!
-----------------------------
* SA compression enabled with xfactor: 8
* Ref file: reference.902362185.genome.fasta
* Entering FMI_search
Reading other elements of the index from files reference.902362185.genome.fasta
* Index prefix: reference.902362185.genome.fasta
* Read 0 ALT contigs
* Reading reference genome..
* Binary seq file = reference.902362185.genome.fasta.0123
* Reference genome size: 1312223304 bp
* Done reading reference genome !!

------------------------------------------
1. Memory pre-allocation for Chaining: 5679.4903 MB
2. Memory pre-allocation for BSW: 9584.6810 MB
[M::memoryAllocLearned::MEME] Reading Learned-index models into memory
[Learned-Config] MODE:3 SEARCH_METHOD: 1 MEM_TRADEOFF:1 EXPONENTIAL_SMEMSEARCH: 1 DEBUG_MODE:0 Num 2nd Models:268435456 PWL Bits Used:28
[M::memoryAllocLearned::MEME] Loading RMI model and Pac reference file took 9.709 sec
[M::memoryAllocLearned::MEME] Reading suffix array into memory
[M::memoryAllocLearned::MEME] Loading pos_packed file took 14.281 sec
[M::memoryAllocLearned::MEME] Generating SA, 64-bit Suffix and ISA in memory
[M::memoryAllocLearned::MEME] Runtime-build-index took 13.397 sec
3. Memory pre-allocation for BWT: 7204.5072 MB
------------------------------------------
* Threads used (compute): 40
* No. of pipeline threads: 2

[0000] read_chunk: 400000000, work_chunk_size: 400000101, nseq: 2792458
	[0000][ M::kt_pipeline] read 2792458 sequences (400000101 bp)...
[0000] Reallocating initial memory allocations!!
[0000] Calling mem_process_seqs.., task: 0
[0000] 1. Calling kt_for - worker_bwt
[0000] read_chunk: 400000000, work_chunk_size: 400000254, nseq: 2793948
	[0000][ M::kt_pipeline] read 2793948 sequences (400000254 bp)...
[0000] 2. Calling kt_for - worker_aln
[0000] Inferring insert size distribution of PE reads from data, l_pac: 656111652, n: 2792458
[0000][PE] # candidate unique pairs for (FF, FR, RF, RR): (67, 1130182, 102, 54)
[0000][PE] analyzing insert size distribution for orientation FF...
[0000][PE] (25, 50, 75) percentile: (163, 197, 531)
[0000][PE] low and high boundaries for computing mean and std.dev: (1, 1267)
[0000][PE] mean and std.dev: (299.62, 316.69)
[0000][PE] low and high boundaries for proper pairs: (1, 1635)
[0000][PE] analyzing insert size distribution for orientation FR...
[0000][PE] (25, 50, 75) percentile: (238, 282, 322)
[0000][PE] low and high boundaries for computing mean and std.dev: (70, 490)
[0000][PE] mean and std.dev: (273.74, 67.78)
[0000][PE] low and high boundaries for proper pairs: (1, 574)
[0000][PE] analyzing insert size distribution for orientation RF...
[0000][PE] (25, 50, 75) percentile: (498, 2777, 6418)
[0000][PE] low and high boundaries for computing mean and std.dev: (1, 18258)
[0000][PE] mean and std.dev: (3434.95, 3106.93)
[0000][PE] low and high boundaries for proper pairs: (1, 24178)
[0000][PE] analyzing insert size distribution for orientation RR...
[0000][PE] (25, 50, 75) percentile: (113, 176, 246)
[0000][PE] low and high boundaries for computing mean and std.dev: (1, 512)
[0000][PE] mean and std.dev: (155.82, 72.75)
[0000][PE] low and high boundaries for proper pairs: (1, 645)
[0000][PE] skip orientation FF
[0000][PE] skip orientation RF
[0000][PE] skip orientation RR
[0000] 3. Calling kt_for - worker_sam
	[0000][ M::mem_process_seqs] Processed 2792458 reads in 442.068 CPU sec, 13.550 real sec
[0000] Reallocating initial memory allocations!!
[0000] Calling mem_process_seqs.., task: 1
[0000] 1. Calling kt_for - worker_bwt
[0000] 2. Calling kt_for - worker_aln
[0000] read_chunk: 400000000, work_chunk_size: 400000108, nseq: 2793474
	[0000][ M::kt_pipeline] read 2793474 sequences (400000108 bp)...
[0000] Inferring insert size distribution of PE reads from data, l_pac: 656111652, n: 2793948
[0000][PE] # candidate unique pairs for (FF, FR, RF, RR): (82, 1153273, 161, 48)
[0000][PE] analyzing insert size distribution for orientation FF...
[0000][PE] (25, 50, 75) percentile: (130, 176, 356)
[0000][PE] low and high boundaries for computing mean and std.dev: (1, 808)
[0000][PE] mean and std.dev: (225.95, 176.17)
[0000][PE] low and high boundaries for proper pairs: (1, 1034)
[0000][PE] analyzing insert size distribution for orientation FR...
[0000][PE] (25, 50, 75) percentile: (238, 282, 322)
[0000][PE] low and high boundaries for computing mean and std.dev: (70, 490)
[0000][PE] mean and std.dev: (273.85, 67.72)
[0000][PE] low and high boundaries for proper pairs: (1, 574)
[0000][PE] analyzing insert size distribution for orientation RF...
[0000][PE] (25, 50, 75) percentile: (531, 2466, 5983)
[0000][PE] low and high boundaries for computing mean and std.dev: (1, 16887)
[0000][PE] mean and std.dev: (3448.78, 3067.43)
[0000][PE] low and high boundaries for proper pairs: (1, 22339)
[0000][PE] analyzing insert size distribution for orientation RR...
[0000][PE] (25, 50, 75) percentile: (131, 207, 369)
[0000][PE] low and high boundaries for computing mean and std.dev: (1, 845)
[0000][PE] mean and std.dev: (201.23, 144.38)
[0000][PE] low and high boundaries for proper pairs: (1, 1083)
[0000][PE] skip orientation FF
[0000][PE] skip orientation RF
[0000][PE] skip orientation RR
[0000] 3. Calling kt_for - worker_sam
	[0000][ M::mem_process_seqs] Processed 2793948 reads in 382.994 CPU sec, 10.395 real sec
[0000] Calling mem_process_seqs.., task: 2
[0000] 1. Calling kt_for - worker_bwt
[0000] 2. Calling kt_for - worker_aln
[0000] Inferring insert size distribution of PE reads from data, l_pac: 656111652, n: 2793474
[0000][PE] # candidate unique pairs for (FF, FR, RF, RR): (76, 1146861, 137, 59)
[0000][PE] analyzing insert size distribution for orientation FF...
[0000][PE] (25, 50, 75) percentile: (126, 203, 288)
[0000][PE] low and high boundaries for computing mean and std.dev: (1, 612)
[0000][PE] mean and std.dev: (182.81, 89.05)
[0000][PE] low and high boundaries for proper pairs: (1, 774)
[0000][PE] analyzing insert size distribution for orientation FR...
[0000][PE] (25, 50, 75) percentile: (238, 282, 322)
[0000][PE] low and high boundaries for computing mean and std.dev: (70, 490)
[0000][PE] mean and std.dev: (273.73, 67.80)
[0000][PE] low and high boundaries for proper pairs: (1, 574)
[0000][PE] analyzing insert size distribution for orientation RF...
[0000][PE] (25, 50, 75) percentile: (518, 2777, 6142)
[0000][PE] low and high boundaries for computing mean and std.dev: (1, 17390)
[0000][PE] mean and std.dev: (3448.07, 3097.60)
[0000][PE] low and high boundaries for proper pairs: (1, 23014)
[0000][PE] analyzing insert size distribution for orientation RR...
[0000][PE] (25, 50, 75) percentile: (174, 213, 283)
[0000][PE] low and high boundaries for computing mean and std.dev: (1, 501)
[0000][PE] mean and std.dev: (187.54, 52.87)
[0000][PE] low and high boundaries for proper pairs: (1, 610)
[0000][PE] skip orientation FF
[0000][PE] skip orientation RF
[0000][PE] skip orientation RR
[0000] 3. Calling kt_for - worker_sam
	[0000][ M::mem_process_seqs] Processed 2793474 reads in 412.499 CPU sec, 11.381 real sec
[0000] read_chunk: 400000000, work_chunk_size: 400000075, nseq: 2791288
	[0000][ M::kt_pipeline] read 2791288 sequences (400000075 bp)...
[0000] Calling mem_process_seqs.., task: 3
[0000] 1. Calling kt_for - worker_bwt
[0000] 2. Calling kt_for - worker_aln
[0000] Inferring insert size distribution of PE reads from data, l_pac: 656111652, n: 2791288
[0000][PE] # candidate unique pairs for (FF, FR, RF, RR): (77, 1128416, 122, 57)
[0000][PE] analyzing insert size distribution for orientation FF...
[0000][PE] (25, 50, 75) percentile: (129, 207, 315)
[0000][PE] low and high boundaries for computing mean and std.dev: (1, 687)
[0000][PE] mean and std.dev: (186.44, 107.30)
[0000][PE] low and high boundaries for proper pairs: (1, 873)
[0000][PE] analyzing insert size distribution for orientation FR...
[0000][PE] (25, 50, 75) percentile: (238, 282, 322)
[0000][PE] low and high boundaries for computing mean and std.dev: (70, 490)
[0000][PE] mean and std.dev: (273.73, 67.67)
[0000][PE] low and high boundaries for proper pairs: (1, 574)
[0000][PE] analyzing insert size distribution for orientation RF...
[0000][PE] (25, 50, 75) percentile: (508, 2507, 5846)
[0000][PE] low and high boundaries for computing mean and std.dev: (1, 16522)
[0000][PE] mean and std.dev: (3521.31, 3243.38)
[0000][PE] low and high boundaries for proper pairs: (1, 21860)
[0000][PE] analyzing insert size distribution for orientation RR...
[0000][PE] (25, 50, 75) percentile: (190, 234, 2451)
[0000][PE] low and high boundaries for computing mean and std.dev: (1, 6973)
[0000][PE] mean and std.dev: (1096.35, 1636.94)
[0000][PE] low and high boundaries for proper pairs: (1, 9234)
[0000][PE] skip orientation FF
[0000][PE] skip orientation RF
[0000][PE] skip orientation RR
[0000] 3. Calling kt_for - worker_sam
[0000] read_chunk: 400000000, work_chunk_size: 400000247, nseq: 2792840
	[0000][ M::kt_pipeline] read 2792840 sequences (400000247 bp)...
	[0000][ M::mem_process_seqs] Processed 2791288 reads in 450.722 CPU sec, 12.328 real sec
[0000] Calling mem_process_seqs.., task: 4
[0000] 1. Calling kt_for - worker_bwt
[0000] 2. Calling kt_for - worker_aln
[0000] Inferring insert size distribution of PE reads from data, l_pac: 656111652, n: 2792840
[0000][PE] # candidate unique pairs for (FF, FR, RF, RR): (72, 1144598, 119, 66)
[0000][PE] analyzing insert size distribution for orientation FF...
[0000][PE] (25, 50, 75) percentile: (141, 199, 285)
[0000][PE] low and high boundaries for computing mean and std.dev: (1, 573)
[0000][PE] mean and std.dev: (178.84, 71.58)
[0000][PE] low and high boundaries for proper pairs: (1, 717)
[0000][PE] analyzing insert size distribution for orientation FR...
[0000][PE] (25, 50, 75) percentile: (238, 282, 322)
[0000][PE] low and high boundaries for computing mean and std.dev: (70, 490)
[0000][PE] mean and std.dev: (273.78, 67.77)
[0000][PE] low and high boundaries for proper pairs: (1, 574)
[0000][PE] analyzing insert size distribution for orientation RF...
[0000][PE] (25, 50, 75) percentile: (580, 3758, 8282)
[0000][PE] low and high boundaries for computing mean and std.dev: (1, 23686)
[0000][PE] mean and std.dev: (4294.08, 3649.00)
[0000][PE] low and high boundaries for proper pairs: (1, 31388)
[0000][PE] analyzing insert size distribution for orientation RR...
[0000][PE] (25, 50, 75) percentile: (134, 206, 273)
[0000][PE] low and high boundaries for computing mean and std.dev: (1, 551)
[0000][PE] mean and std.dev: (175.79, 86.50)
[0000][PE] low and high boundaries for proper pairs: (1, 690)
[0000][PE] skip orientation FF
[0000][PE] skip orientation RF
[0000][PE] skip orientation RR
[0000] 3. Calling kt_for - worker_sam
	[0000][ M::mem_process_seqs] Processed 2792840 reads in 413.895 CPU sec, 11.146 real sec
[0000] read_chunk: 400000000, work_chunk_size: 400000123, nseq: 2792730
	[0000][ M::kt_pipeline] read 2792730 sequences (400000123 bp)...
[0000] Calling mem_process_seqs.., task: 5
[0000] 1. Calling kt_for - worker_bwt
[0000] 2. Calling kt_for - worker_aln
[0000] Inferring insert size distribution of PE reads from data, l_pac: 656111652, n: 2792730
[0000][PE] # candidate unique pairs for (FF, FR, RF, RR): (84, 1148827, 114, 72)
[0000][PE] analyzing insert size distribution for orientation FF...
[0000][PE] (25, 50, 75) percentile: (124, 189, 274)
[0000][PE] low and high boundaries for computing mean and std.dev: (1, 574)
[0000][PE] mean and std.dev: (174.50, 90.12)
[0000][PE] low and high boundaries for proper pairs: (1, 724)
[0000][PE] analyzing insert size distribution for orientation FR...
[0000][PE] (25, 50, 75) percentile: (238, 282, 322)
[0000][PE] low and high boundaries for computing mean and std.dev: (70, 490)
[0000][PE] mean and std.dev: (273.79, 67.62)
[0000][PE] low and high boundaries for proper pairs: (1, 574)
[0000][PE] analyzing insert size distribution for orientation RF...
[0000][PE] (25, 50, 75) percentile: (892, 4488, 7373)
[0000][PE] low and high boundaries for computing mean and std.dev: (1, 20335)
[0000][PE] mean and std.dev: (4429.16, 3295.90)
[0000][PE] low and high boundaries for proper pairs: (1, 26816)
[0000][PE] analyzing insert size distribution for orientation RR...
[0000][PE] (25, 50, 75) percentile: (155, 227, 930)
[0000][PE] low and high boundaries for computing mean and std.dev: (1, 2480)
[0000][PE] mean and std.dev: (374.94, 414.68)
[0000][PE] low and high boundaries for proper pairs: (1, 3255)
[0000][PE] skip orientation FF
[0000][PE] skip orientation RF
[0000][PE] skip orientation RR
[0000] 3. Calling kt_for - worker_sam
[0000] read_chunk: 400000000, work_chunk_size: 400000054, nseq: 2792806
	[0000][ M::kt_pipeline] read 2792806 sequences (400000054 bp)...
	[0000][ M::mem_process_seqs] Processed 2792730 reads in 404.251 CPU sec, 10.674 real sec
[0000] Calling mem_process_seqs.., task: 6
[0000] 1. Calling kt_for - worker_bwt
[0000] 2. Calling kt_for - worker_aln
[0000] Inferring insert size distribution of PE reads from data, l_pac: 656111652, n: 2792806
[0000][PE] # candidate unique pairs for (FF, FR, RF, RR): (72, 1144110, 113, 66)
[0000][PE] analyzing insert size distribution for orientation FF...
[0000][PE] (25, 50, 75) percentile: (135, 211, 391)
[0000][PE] low and high boundaries for computing mean and std.dev: (1, 903)
[0000][PE] mean and std.dev: (184.20, 85.76)
[0000][PE] low and high boundaries for proper pairs: (1, 1159)
[0000][PE] analyzing insert size distribution for orientation FR...
[0000][PE] (25, 50, 75) percentile: (238, 282, 322)
[0000][PE] low and high boundaries for computing mean and std.dev: (70, 490)
[0000][PE] mean and std.dev: (273.75, 67.79)
[0000][PE] low and high boundaries for proper pairs: (1, 574)
[0000][PE] analyzing insert size distribution for orientation RF...
[0000][PE] (25, 50, 75) percentile: (620, 2615, 7585)
[0000][PE] low and high boundaries for computing mean and std.dev: (1, 21515)
[0000][PE] mean and std.dev: (3786.32, 3397.87)
[0000][PE] low and high boundaries for proper pairs: (1, 28480)
[0000][PE] analyzing insert size distribution for orientation RR...
[0000][PE] (25, 50, 75) percentile: (135, 194, 255)
[0000][PE] low and high boundaries for computing mean and std.dev: (1, 495)
[0000][PE] mean and std.dev: (168.96, 61.46)
[0000][PE] low and high boundaries for proper pairs: (1, 615)
[0000][PE] skip orientation FF
[0000][PE] skip orientation RF
[0000][PE] skip orientation RR
[0000] 3. Calling kt_for - worker_sam
	[0000][ M::mem_process_seqs] Processed 2792806 reads in 410.423 CPU sec, 11.166 real sec
[0000] read_chunk: 400000000, work_chunk_size: 400000250, nseq: 2793634
	[0000][ M::kt_pipeline] read 2793634 sequences (400000250 bp)...
[0000] Calling mem_process_seqs.., task: 7
[0000] 1. Calling kt_for - worker_bwt
[0000] 2. Calling kt_for - worker_aln
[0000] Inferring insert size distribution of PE reads from data, l_pac: 656111652, n: 2793634
[0000][PE] # candidate unique pairs for (FF, FR, RF, RR): (49, 1150105, 135, 56)
[0000][PE] analyzing insert size distribution for orientation FF...
[0000][PE] (25, 50, 75) percentile: (146, 198, 969)
[0000][PE] low and high boundaries for computing mean and std.dev: (1, 2615)
[0000][PE] mean and std.dev: (291.37, 326.61)
[0000][PE] low and high boundaries for proper pairs: (1, 3438)
[0000][PE] analyzing insert size distribution for orientation FR...
[0000][PE] (25, 50, 75) percentile: (238, 282, 322)
[0000][PE] low and high boundaries for computing mean and std.dev: (70, 490)
[0000][PE] mean and std.dev: (273.88, 67.66)
[0000][PE] low and high boundaries for proper pairs: (1, 574)
[0000][PE] analyzing insert size distribution for orientation RF...
[0000][PE] (25, 50, 75) percentile: (1151, 3411, 6557)
[0000][PE] low and high boundaries for computing mean and std.dev: (1, 17369)
[0000][PE] mean and std.dev: (3793.41, 3027.19)
[0000][PE] low and high boundaries for proper pairs: (1, 22775)
[0000][PE] analyzing insert size distribution for orientation RR...
[0000][PE] (25, 50, 75) percentile: (146, 185, 436)
[0000][PE] low and high boundaries for computing mean and std.dev: (1, 1016)
[0000][PE] mean and std.dev: (223.29, 176.77)
[0000][PE] low and high boundaries for proper pairs: (1, 1306)
[0000][PE] skip orientation FF
[0000][PE] skip orientation RF
[0000][PE] skip orientation RR
[0000] 3. Calling kt_for - worker_sam
[0000] read_chunk: 400000000, work_chunk_size: 400000193, nseq: 2793000
	[0000][ M::kt_pipeline] read 2793000 sequences (400000193 bp)...
	[0000][ M::mem_process_seqs] Processed 2793634 reads in 402.445 CPU sec, 10.917 real sec
[0000] Calling mem_process_seqs.., task: 8
[0000] 1. Calling kt_for - worker_bwt
[0000] 2. Calling kt_for - worker_aln
[0000] Inferring insert size distribution of PE reads from data, l_pac: 656111652, n: 2793000
[0000][PE] # candidate unique pairs for (FF, FR, RF, RR): (65, 1148207, 130, 57)
[0000][PE] analyzing insert size distribution for orientation FF...
[0000][PE] (25, 50, 75) percentile: (134, 188, 347)
[0000][PE] low and high boundaries for computing mean and std.dev: (1, 773)
[0000][PE] mean and std.dev: (207.23, 127.70)
[0000][PE] low and high boundaries for proper pairs: (1, 986)
[0000][PE] analyzing insert size distribution for orientation FR...
[0000][PE] (25, 50, 75) percentile: (238, 282, 322)
[0000][PE] low and high boundaries for computing mean and std.dev: (70, 490)
[0000][PE] mean and std.dev: (273.80, 67.78)
[0000][PE] low and high boundaries for proper pairs: (1, 574)
[0000][PE] analyzing insert size distribution for orientation RF...
[0000][PE] (25, 50, 75) percentile: (542, 1907, 5948)
[0000][PE] low and high boundaries for computing mean and std.dev: (1, 16760)
[0000][PE] mean and std.dev: (3205.94, 3118.05)
[0000][PE] low and high boundaries for proper pairs: (1, 22166)
[0000][PE] analyzing insert size distribution for orientation RR...
[0000][PE] (25, 50, 75) percentile: (168, 228, 558)
[0000][PE] low and high boundaries for computing mean and std.dev: (1, 1338)
[0000][PE] mean and std.dev: (235.43, 133.75)
[0000][PE] low and high boundaries for proper pairs: (1, 1728)
[0000][PE] skip orientation FF
[0000][PE] skip orientation RF
[0000][PE] skip orientation RR
[0000] 3. Calling kt_for - worker_sam
	[0000][ M::mem_process_seqs] Processed 2793000 reads in 413.732 CPU sec, 11.132 real sec
[0000] read_chunk: 400000000, work_chunk_size: 400000091, nseq: 2793200
	[0000][ M::kt_pipeline] read 2793200 sequences (400000091 bp)...
[0000] Calling mem_process_seqs.., task: 9
[0000] 1. Calling kt_for - worker_bwt
[0000] read_chunk: 400000000, work_chunk_size: 17532951, nseq: 122446
	[0000][ M::kt_pipeline] read 122446 sequences (17532951 bp)...
[0000] 2. Calling kt_for - worker_aln
[0000] Inferring insert size distribution of PE reads from data, l_pac: 656111652, n: 2793200
[0000][PE] # candidate unique pairs for (FF, FR, RF, RR): (64, 1148381, 110, 63)
[0000][PE] analyzing insert size distribution for orientation FF...
[0000][PE] (25, 50, 75) percentile: (161, 210, 699)
[0000][PE] low and high boundaries for computing mean and std.dev: (1, 1775)
[0000][PE] mean and std.dev: (284.87, 322.52)
[0000][PE] low and high boundaries for proper pairs: (1, 2313)
[0000][PE] analyzing insert size distribution for orientation FR...
[0000][PE] (25, 50, 75) percentile: (238, 282, 322)
[0000][PE] low and high boundaries for computing mean and std.dev: (70, 490)
[0000][PE] mean and std.dev: (273.84, 67.64)
[0000][PE] low and high boundaries for proper pairs: (1, 574)
[0000][PE] analyzing insert size distribution for orientation RF...
[0000][PE] (25, 50, 75) percentile: (587, 2265, 5060)
[0000][PE] low and high boundaries for computing mean and std.dev: (1, 14006)
[0000][PE] mean and std.dev: (3119.26, 2869.47)
[0000][PE] low and high boundaries for proper pairs: (1, 18479)
[0000][PE] analyzing insert size distribution for orientation RR...
[0000][PE] (25, 50, 75) percentile: (152, 232, 2295)
[0000][PE] low and high boundaries for computing mean and std.dev: (1, 6581)
[0000][PE] mean and std.dev: (876.67, 1536.26)
[0000][PE] low and high boundaries for proper pairs: (1, 8724)
[0000][PE] skip orientation FF
[0000][PE] skip orientation RF
[0000][PE] skip orientation RR
[0000] 3. Calling kt_for - worker_sam
	[0000][ M::mem_process_seqs] Processed 2793200 reads in 396.672 CPU sec, 10.650 real sec
[0000] Calling mem_process_seqs.., task: 10
[0000] 1. Calling kt_for - worker_bwt
[0000] 2. Calling kt_for - worker_aln
[0000] Inferring insert size distribution of PE reads from data, l_pac: 656111652, n: 122446
[0000][PE] # candidate unique pairs for (FF, FR, RF, RR): (2, 50932, 10, 6)
[0000][PE] skip orientation FF as there are not enough pairs
[0000][PE] analyzing insert size distribution for orientation FR...
[0000][PE] (25, 50, 75) percentile: (239, 283, 322)
[0000][PE] low and high boundaries for computing mean and std.dev: (73, 488)
[0000][PE] mean and std.dev: (274.97, 66.52)
[0000][PE] low and high boundaries for proper pairs: (1, 571)
[0000][PE] analyzing insert size distribution for orientation RF...
[0000][PE] (25, 50, 75) percentile: (1571, 1657, 3048)
[0000][PE] low and high boundaries for computing mean and std.dev: (1, 6002)
[0000][PE] mean and std.dev: (1487.62, 816.86)
[0000][PE] low and high boundaries for proper pairs: (1, 7479)
[0000][PE] skip orientation RR as there are not enough pairs
[0000][PE] skip orientation RF
[0000] 3. Calling kt_for - worker_sam
	[0000][ M::mem_process_seqs] Processed 122446 reads in 17.898 CPU sec, 0.733 real sec
[0000] read_chunk: 400000000, work_chunk_size: 0, nseq: 0
[0000] read_chunk: 400000000, work_chunk_size: 0, nseq: 0
[0000] Computation ends..
No. of OMP threads: 40
Processor is running @2394.721360 MHz
Runtime profile:

	Time taken for main_mem function: 179.62 sec

	IO times (sec) :
	Reading IO time (reads) avg: 87.30, (87.30, 87.30)
	Writing IO time (SAM) avg: 31.76, (31.76, 31.76)
	Reading IO time (Reference Genome) avg: 0.57, (0.57, 0.57)
	Index read time avg: 0.13, (0.13, 0.13)

	Overall time (sec) (Excluding Index reading time):
	PROCESS() (Total compute time + (read + SAM) IO time) : 178.92
	MEM_PROCESS_SEQ() (Total compute time (Kernel + SAM)), avg: 114.06, (114.06, 114.06)

	 SAM Processing time (sec):
	--WORKER_SAM avg: 45.73, (45.73, 45.73)

	Kernels' compute time (sec):
	Total kernel (smem+sal+bsw) time avg: 65.01, (65.01, 65.01)
		MEM_ALN_CHAIN_FLT avg: 0.00, (0.00, 0.00)
		MEM_ALN_CHAIN_SEED avg: 0.00, (0.00, 0.00)
		ERT_SEED_CHAIN avg: 0.00, (0.00, 0.00)
	LEARNED_SEED_CHAIN avg: 26.09, (26.27, 26.00)
		SMEM compute avg: 0.00, (0.00, 0.00)
		SAL compute avg: 0.00, (0.00, 0.00)
				MEM_SA avg: 0.00, (0.00, 0.00)

		BSW time, avg: 36.10, (36.34, 35.79)

Important parameter settings: 
	BATCH_SIZE: 512
	MAX_SEQ_LEN_REF: 256
	MAX_SEQ_LEN_QER: 128
	MAX_SEQ_LEN8: 128
	SEEDS_PER_READ: 500
	SIMD_WIDTH8 X: 64
	SIMD_WIDTH16 X: 32
	AVG_SEEDS_PER_READ: 64
