Looking to launch executable "/opt/conda/bin/bwa-meme_mode3.avx512bw", simd = _mode3.avx512bw
Launching executable "/opt/conda/bin/bwa-meme_mode3.avx512bw"
-----------------------------
Executing in AVX512 mode!!
-----------------------------
* SA compression enabled with xfactor: 8
* Ref file: reference.902362185.genome.fasta
* Entering FMI_search
Reading other elements of the index from files reference.902362185.genome.fasta
* Index prefix: reference.902362185.genome.fasta
* Read 0 ALT contigs
* Reading reference genome..
* Binary seq file = reference.902362185.genome.fasta.0123
* Reference genome size: 1312223304 bp
* Done reading reference genome !!

------------------------------------------
1. Memory pre-allocation for Chaining: 5679.4903 MB
2. Memory pre-allocation for BSW: 9584.6810 MB
[M::memoryAllocLearned::MEME] Reading Learned-index models into memory
[Learned-Config] MODE:3 SEARCH_METHOD: 1 MEM_TRADEOFF:1 EXPONENTIAL_SMEMSEARCH: 1 DEBUG_MODE:0 Num 2nd Models:268435456 PWL Bits Used:28
[M::memoryAllocLearned::MEME] Loading RMI model and Pac reference file took 9.811 sec
[M::memoryAllocLearned::MEME] Reading suffix array into memory
[M::memoryAllocLearned::MEME] Loading pos_packed file took 12.560 sec
[M::memoryAllocLearned::MEME] Generating SA, 64-bit Suffix and ISA in memory
[M::memoryAllocLearned::MEME] Runtime-build-index took 11.572 sec
3. Memory pre-allocation for BWT: 7204.5072 MB
------------------------------------------
* Threads used (compute): 40
* No. of pipeline threads: 2

[0000] read_chunk: 400000000, work_chunk_size: 400000017, nseq: 2771116
	[0000][ M::kt_pipeline] read 2771116 sequences (400000017 bp)...
[0000] Reallocating initial memory allocations!!
[0000] Calling mem_process_seqs.., task: 0
[0000] 1. Calling kt_for - worker_bwt
[0000] 2. Calling kt_for - worker_aln
[0000] Inferring insert size distribution of PE reads from data, l_pac: 656111652, n: 2771116
[0000][PE] # candidate unique pairs for (FF, FR, RF, RR): (115, 1098883, 123, 111)
[0000][PE] analyzing insert size distribution for orientation FF...
[0000][PE] (25, 50, 75) percentile: (157, 194, 252)
[0000][PE] low and high boundaries for computing mean and std.dev: (1, 442)
[0000][PE] mean and std.dev: (177.98, 56.51)
[0000][PE] low and high boundaries for proper pairs: (1, 537)
[0000][PE] analyzing insert size distribution for orientation FR...
[0000][PE] (25, 50, 75) percentile: (242, 283, 322)
[0000][PE] low and high boundaries for computing mean and std.dev: (82, 482)
[0000][PE] mean and std.dev: (278.32, 61.01)
[0000][PE] low and high boundaries for proper pairs: (2, 562)
[0000][PE] analyzing insert size distribution for orientation RF...
[0000][PE] (25, 50, 75) percentile: (524, 3159, 6209)
[0000][PE] low and high boundaries for computing mean and std.dev: (1, 17579)
[0000][PE] mean and std.dev: (3666.18, 3166.89)
[0000][PE] low and high boundaries for proper pairs: (1, 23264)
[0000][PE] analyzing insert size distribution for orientation RR...
[0000][PE] (25, 50, 75) percentile: (151, 202, 325)
[0000][PE] low and high boundaries for computing mean and std.dev: (1, 673)
[0000][PE] mean and std.dev: (205.74, 116.09)
[0000][PE] low and high boundaries for proper pairs: (1, 847)
[0000][PE] skip orientation FF
[0000][PE] skip orientation RF
[0000][PE] skip orientation RR
[0000] 3. Calling kt_for - worker_sam
[0000] read_chunk: 400000000, work_chunk_size: 400000076, nseq: 2772292
	[0000][ M::kt_pipeline] read 2772292 sequences (400000076 bp)...
	[0000][ M::mem_process_seqs] Processed 2771116 reads in 443.709 CPU sec, 11.901 real sec
[0000] Reallocating initial memory allocations!!
[0000] Calling mem_process_seqs.., task: 1
[0000] 1. Calling kt_for - worker_bwt
[0000] 2. Calling kt_for - worker_aln
[0000] Inferring insert size distribution of PE reads from data, l_pac: 656111652, n: 2772292
[0000][PE] # candidate unique pairs for (FF, FR, RF, RR): (98, 1114390, 132, 138)
[0000][PE] analyzing insert size distribution for orientation FF...
[0000][PE] (25, 50, 75) percentile: (130, 183, 261)
[0000][PE] low and high boundaries for computing mean and std.dev: (1, 523)
[0000][PE] mean and std.dev: (171.96, 75.18)
[0000][PE] low and high boundaries for proper pairs: (1, 654)
[0000][PE] analyzing insert size distribution for orientation FR...
[0000][PE] (25, 50, 75) percentile: (242, 283, 322)
[0000][PE] low and high boundaries for computing mean and std.dev: (82, 482)
[0000][PE] mean and std.dev: (278.26, 61.00)
[0000][PE] low and high boundaries for proper pairs: (2, 562)
[0000][PE] analyzing insert size distribution for orientation RF...
[0000][PE] (25, 50, 75) percentile: (740, 3732, 6212)
[0000][PE] low and high boundaries for computing mean and std.dev: (1, 17156)
[0000][PE] mean and std.dev: (3777.24, 3038.82)
[0000][PE] low and high boundaries for proper pairs: (1, 22628)
[0000][PE] analyzing insert size distribution for orientation RR...
[0000][PE] (25, 50, 75) percentile: (142, 195, 265)
[0000][PE] low and high boundaries for computing mean and std.dev: (1, 511)
[0000][PE] mean and std.dev: (181.89, 70.11)
[0000][PE] low and high boundaries for proper pairs: (1, 634)
[0000][PE] skip orientation FF
[0000][PE] skip orientation RF
[0000][PE] skip orientation RR
[0000] 3. Calling kt_for - worker_sam
[0000] read_chunk: 400000000, work_chunk_size: 400000298, nseq: 2770874
	[0000][ M::kt_pipeline] read 2770874 sequences (400000298 bp)...
	[0000][ M::mem_process_seqs] Processed 2772292 reads in 406.991 CPU sec, 10.985 real sec
[0000] Calling mem_process_seqs.., task: 2
[0000] 1. Calling kt_for - worker_bwt
[0000] 2. Calling kt_for - worker_aln
[0000] Inferring insert size distribution of PE reads from data, l_pac: 656111652, n: 2770874
[0000][PE] # candidate unique pairs for (FF, FR, RF, RR): (121, 1100912, 148, 106)
[0000][PE] analyzing insert size distribution for orientation FF...
[0000][PE] (25, 50, 75) percentile: (138, 184, 242)
[0000][PE] low and high boundaries for computing mean and std.dev: (1, 450)
[0000][PE] mean and std.dev: (174.61, 65.40)
[0000][PE] low and high boundaries for proper pairs: (1, 554)
[0000][PE] analyzing insert size distribution for orientation FR...
[0000][PE] (25, 50, 75) percentile: (242, 283, 322)
[0000][PE] low and high boundaries for computing mean and std.dev: (82, 482)
[0000][PE] mean and std.dev: (278.29, 60.95)
[0000][PE] low and high boundaries for proper pairs: (2, 562)
[0000][PE] analyzing insert size distribution for orientation RF...
[0000][PE] (25, 50, 75) percentile: (990, 3363, 5180)
[0000][PE] low and high boundaries for computing mean and std.dev: (1, 13560)
[0000][PE] mean and std.dev: (3408.61, 2642.61)
[0000][PE] low and high boundaries for proper pairs: (1, 17750)
[0000][PE] analyzing insert size distribution for orientation RR...
[0000][PE] (25, 50, 75) percentile: (151, 195, 258)
[0000][PE] low and high boundaries for computing mean and std.dev: (1, 472)
[0000][PE] mean and std.dev: (190.64, 79.04)
[0000][PE] low and high boundaries for proper pairs: (1, 579)
[0000][PE] skip orientation FF
[0000][PE] skip orientation RF
[0000][PE] skip orientation RR
[0000] 3. Calling kt_for - worker_sam
	[0000][ M::mem_process_seqs] Processed 2770874 reads in 444.515 CPU sec, 12.145 real sec
[0000] read_chunk: 400000000, work_chunk_size: 400000210, nseq: 2772176
	[0000][ M::kt_pipeline] read 2772176 sequences (400000210 bp)...
[0000] Calling mem_process_seqs.., task: 3
[0000] 1. Calling kt_for - worker_bwt
[0000] 2. Calling kt_for - worker_aln
[0000] Inferring insert size distribution of PE reads from data, l_pac: 656111652, n: 2772176
[0000][PE] # candidate unique pairs for (FF, FR, RF, RR): (103, 1106864, 113, 112)
[0000][PE] analyzing insert size distribution for orientation FF...
[0000][PE] (25, 50, 75) percentile: (130, 200, 260)
[0000][PE] low and high boundaries for computing mean and std.dev: (1, 520)
[0000][PE] mean and std.dev: (180.02, 78.36)
[0000][PE] low and high boundaries for proper pairs: (1, 650)
[0000][PE] analyzing insert size distribution for orientation FR...
[0000][PE] (25, 50, 75) percentile: (242, 283, 322)
[0000][PE] low and high boundaries for computing mean and std.dev: (82, 482)
[0000][PE] mean and std.dev: (278.25, 61.04)
[0000][PE] low and high boundaries for proper pairs: (2, 562)
[0000][PE] analyzing insert size distribution for orientation RF...
[0000][PE] (25, 50, 75) percentile: (789, 2842, 6482)
[0000][PE] low and high boundaries for computing mean and std.dev: (1, 17868)
[0000][PE] mean and std.dev: (3745.36, 3229.26)
[0000][PE] low and high boundaries for proper pairs: (1, 23561)
[0000][PE] analyzing insert size distribution for orientation RR...
[0000][PE] (25, 50, 75) percentile: (163, 210, 256)
[0000][PE] low and high boundaries for computing mean and std.dev: (1, 442)
[0000][PE] mean and std.dev: (191.54, 56.43)
[0000][PE] low and high boundaries for proper pairs: (1, 535)
[0000][PE] skip orientation FF
[0000][PE] skip orientation RF
[0000][PE] skip orientation RR
[0000] 3. Calling kt_for - worker_sam
[0000] read_chunk: 400000000, work_chunk_size: 400000025, nseq: 2771976
	[0000][ M::kt_pipeline] read 2771976 sequences (400000025 bp)...
	[0000][ M::mem_process_seqs] Processed 2772176 reads in 438.302 CPU sec, 12.245 real sec
[0000] Calling mem_process_seqs.., task: 4
[0000] 1. Calling kt_for - worker_bwt
[0000] 2. Calling kt_for - worker_aln
[0000] Inferring insert size distribution of PE reads from data, l_pac: 656111652, n: 2771976
[0000][PE] # candidate unique pairs for (FF, FR, RF, RR): (133, 1114994, 117, 106)
[0000][PE] analyzing insert size distribution for orientation FF...
[0000][PE] (25, 50, 75) percentile: (143, 193, 255)
[0000][PE] low and high boundaries for computing mean and std.dev: (1, 479)
[0000][PE] mean and std.dev: (177.19, 64.69)
[0000][PE] low and high boundaries for proper pairs: (1, 591)
[0000][PE] analyzing insert size distribution for orientation FR...
[0000][PE] (25, 50, 75) percentile: (242, 283, 322)
[0000][PE] low and high boundaries for computing mean and std.dev: (82, 482)
[0000][PE] mean and std.dev: (278.34, 60.94)
[0000][PE] low and high boundaries for proper pairs: (2, 562)
[0000][PE] analyzing insert size distribution for orientation RF...
[0000][PE] (25, 50, 75) percentile: (992, 4147, 6487)
[0000][PE] low and high boundaries for computing mean and std.dev: (1, 17477)
[0000][PE] mean and std.dev: (4073.62, 3035.65)
[0000][PE] low and high boundaries for proper pairs: (1, 22972)
[0000][PE] analyzing insert size distribution for orientation RR...
[0000][PE] (25, 50, 75) percentile: (139, 202, 278)
[0000][PE] low and high boundaries for computing mean and std.dev: (1, 556)
[0000][PE] mean and std.dev: (181.71, 72.36)
[0000][PE] low and high boundaries for proper pairs: (1, 695)
[0000][PE] skip orientation FF
[0000][PE] skip orientation RF
[0000][PE] skip orientation RR
[0000] 3. Calling kt_for - worker_sam
	[0000][ M::mem_process_seqs] Processed 2771976 reads in 410.496 CPU sec, 11.542 real sec
[0000] read_chunk: 400000000, work_chunk_size: 400000155, nseq: 2772266
	[0000][ M::kt_pipeline] read 2772266 sequences (400000155 bp)...
[0000] Calling mem_process_seqs.., task: 5
[0000] 1. Calling kt_for - worker_bwt
[0000] 2. Calling kt_for - worker_aln
[0000] Inferring insert size distribution of PE reads from data, l_pac: 656111652, n: 2772266
[0000][PE] # candidate unique pairs for (FF, FR, RF, RR): (125, 1106262, 139, 106)
[0000][PE] analyzing insert size distribution for orientation FF...
[0000][PE] (25, 50, 75) percentile: (135, 178, 226)
[0000][PE] low and high boundaries for computing mean and std.dev: (1, 408)
[0000][PE] mean and std.dev: (158.93, 59.35)
[0000][PE] low and high boundaries for proper pairs: (1, 499)
[0000][PE] analyzing insert size distribution for orientation FR...
[0000][PE] (25, 50, 75) percentile: (241, 283, 321)
[0000][PE] low and high boundaries for computing mean and std.dev: (81, 481)
[0000][PE] mean and std.dev: (278.09, 61.18)
[0000][PE] low and high boundaries for proper pairs: (1, 561)
[0000][PE] analyzing insert size distribution for orientation RF...
[0000][PE] (25, 50, 75) percentile: (573, 3258, 6087)
[0000][PE] low and high boundaries for computing mean and std.dev: (1, 17115)
[0000][PE] mean and std.dev: (3692.01, 3188.13)
[0000][PE] low and high boundaries for proper pairs: (1, 22629)
[0000][PE] analyzing insert size distribution for orientation RR...
[0000][PE] (25, 50, 75) percentile: (146, 195, 267)
[0000][PE] low and high boundaries for computing mean and std.dev: (1, 509)
[0000][PE] mean and std.dev: (186.03, 68.55)
[0000][PE] low and high boundaries for proper pairs: (1, 630)
[0000][PE] skip orientation FF
[0000][PE] skip orientation RF
[0000][PE] skip orientation RR
[0000] 3. Calling kt_for - worker_sam
[0000] read_chunk: 400000000, work_chunk_size: 400000204, nseq: 2771596
	[0000][ M::kt_pipeline] read 2771596 sequences (400000204 bp)...
	[0000][ M::mem_process_seqs] Processed 2772266 reads in 419.416 CPU sec, 11.527 real sec
[0000] Calling mem_process_seqs.., task: 6
[0000] 1. Calling kt_for - worker_bwt
[0000] 2. Calling kt_for - worker_aln
[0000] Inferring insert size distribution of PE reads from data, l_pac: 656111652, n: 2771596
[0000][PE] # candidate unique pairs for (FF, FR, RF, RR): (104, 1108199, 127, 107)
[0000][PE] analyzing insert size distribution for orientation FF...
[0000][PE] (25, 50, 75) percentile: (134, 187, 255)
[0000][PE] low and high boundaries for computing mean and std.dev: (1, 497)
[0000][PE] mean and std.dev: (183.44, 83.62)
[0000][PE] low and high boundaries for proper pairs: (1, 618)
[0000][PE] analyzing insert size distribution for orientation FR...
[0000][PE] (25, 50, 75) percentile: (242, 283, 322)
[0000][PE] low and high boundaries for computing mean and std.dev: (82, 482)
[0000][PE] mean and std.dev: (278.37, 60.95)
[0000][PE] low and high boundaries for proper pairs: (2, 562)
[0000][PE] analyzing insert size distribution for orientation RF...
[0000][PE] (25, 50, 75) percentile: (680, 3873, 6611)
[0000][PE] low and high boundaries for computing mean and std.dev: (1, 18473)
[0000][PE] mean and std.dev: (4003.91, 3186.67)
[0000][PE] low and high boundaries for proper pairs: (1, 24404)
[0000][PE] analyzing insert size distribution for orientation RR...
[0000][PE] (25, 50, 75) percentile: (150, 190, 251)
[0000][PE] low and high boundaries for computing mean and std.dev: (1, 453)
[0000][PE] mean and std.dev: (177.86, 62.52)
[0000][PE] low and high boundaries for proper pairs: (1, 554)
[0000][PE] skip orientation FF
[0000][PE] skip orientation RF
[0000][PE] skip orientation RR
[0000] 3. Calling kt_for - worker_sam
	[0000][ M::mem_process_seqs] Processed 2771596 reads in 438.794 CPU sec, 11.823 real sec
[0000] read_chunk: 400000000, work_chunk_size: 400000216, nseq: 2772556
	[0000][ M::kt_pipeline] read 2772556 sequences (400000216 bp)...
[0000] Reallocating initial memory allocations!!
[0000] Calling mem_process_seqs.., task: 7
[0000] 1. Calling kt_for - worker_bwt
[0000] read_chunk: 400000000, work_chunk_size: 77012925, nseq: 533764
	[0000][ M::kt_pipeline] read 533764 sequences (77012925 bp)...
[0000] 2. Calling kt_for - worker_aln
[0000] Inferring insert size distribution of PE reads from data, l_pac: 656111652, n: 2772556
[0000][PE] # candidate unique pairs for (FF, FR, RF, RR): (131, 1116504, 121, 92)
[0000][PE] analyzing insert size distribution for orientation FF...
[0000][PE] (25, 50, 75) percentile: (133, 188, 238)
[0000][PE] low and high boundaries for computing mean and std.dev: (1, 448)
[0000][PE] mean and std.dev: (177.04, 72.65)
[0000][PE] low and high boundaries for proper pairs: (1, 553)
[0000][PE] analyzing insert size distribution for orientation FR...
[0000][PE] (25, 50, 75) percentile: (242, 283, 322)
[0000][PE] low and high boundaries for computing mean and std.dev: (82, 482)
[0000][PE] mean and std.dev: (278.35, 60.96)
[0000][PE] low and high boundaries for proper pairs: (2, 562)
[0000][PE] analyzing insert size distribution for orientation RF...
[0000][PE] (25, 50, 75) percentile: (649, 3586, 7185)
[0000][PE] low and high boundaries for computing mean and std.dev: (1, 20257)
[0000][PE] mean and std.dev: (4113.08, 3320.61)
[0000][PE] low and high boundaries for proper pairs: (1, 26793)
[0000][PE] analyzing insert size distribution for orientation RR...
[0000][PE] (25, 50, 75) percentile: (136, 185, 266)
[0000][PE] low and high boundaries for computing mean and std.dev: (1, 526)
[0000][PE] mean and std.dev: (176.62, 75.77)
[0000][PE] low and high boundaries for proper pairs: (1, 656)
[0000][PE] skip orientation FF
[0000][PE] skip orientation RF
[0000][PE] skip orientation RR
[0000] 3. Calling kt_for - worker_sam
	[0000][ M::mem_process_seqs] Processed 2772556 reads in 404.072 CPU sec, 11.167 real sec
[0000] Calling mem_process_seqs.., task: 8
[0000] 1. Calling kt_for - worker_bwt
[0000] 2. Calling kt_for - worker_aln
[0000] Inferring insert size distribution of PE reads from data, l_pac: 656111652, n: 533764
[0000][PE] # candidate unique pairs for (FF, FR, RF, RR): (18, 217036, 33, 22)
[0000][PE] analyzing insert size distribution for orientation FF...
[0000][PE] (25, 50, 75) percentile: (152, 199, 432)
[0000][PE] low and high boundaries for computing mean and std.dev: (1, 992)
[0000][PE] mean and std.dev: (206.80, 108.35)
[0000][PE] low and high boundaries for proper pairs: (1, 1272)
[0000][PE] analyzing insert size distribution for orientation FR...
[0000][PE] (25, 50, 75) percentile: (242, 283, 322)
[0000][PE] low and high boundaries for computing mean and std.dev: (82, 482)
[0000][PE] mean and std.dev: (278.58, 60.83)
[0000][PE] low and high boundaries for proper pairs: (2, 562)
[0000][PE] analyzing insert size distribution for orientation RF...
[0000][PE] (25, 50, 75) percentile: (733, 1500, 6770)
[0000][PE] low and high boundaries for computing mean and std.dev: (1, 18844)
[0000][PE] mean and std.dev: (3445.52, 3231.42)
[0000][PE] low and high boundaries for proper pairs: (1, 24881)
[0000][PE] analyzing insert size distribution for orientation RR...
[0000][PE] (25, 50, 75) percentile: (132, 180, 242)
[0000][PE] low and high boundaries for computing mean and std.dev: (1, 462)
[0000][PE] mean and std.dev: (185.10, 69.10)
[0000][PE] low and high boundaries for proper pairs: (1, 572)
[0000][PE] skip orientation FF
[0000][PE] skip orientation RF
[0000][PE] skip orientation RR
[0000] 3. Calling kt_for - worker_sam
	[0000][ M::mem_process_seqs] Processed 533764 reads in 74.244 CPU sec, 2.321 real sec
[0000] read_chunk: 400000000, work_chunk_size: 0, nseq: 0
[0000] read_chunk: 400000000, work_chunk_size: 0, nseq: 0
[0000] Computation ends..
No. of OMP threads: 40
Processor is running @2394.720750 MHz
Runtime profile:

	Time taken for main_mem function: 141.47 sec

	IO times (sec) :
	Reading IO time (reads) avg: 69.60, (69.60, 69.60)
	Writing IO time (SAM) avg: 28.70, (28.70, 28.70)
	Reading IO time (Reference Genome) avg: 0.57, (0.57, 0.57)
	Index read time avg: 0.13, (0.13, 0.13)

	Overall time (sec) (Excluding Index reading time):
	PROCESS() (Total compute time + (read + SAM) IO time) : 140.77
	MEM_PROCESS_SEQ() (Total compute time (Kernel + SAM)), avg: 95.64, (95.64, 95.64)

	 SAM Processing time (sec):
	--WORKER_SAM avg: 40.48, (40.48, 40.48)

	Kernels' compute time (sec):
	Total kernel (smem+sal+bsw) time avg: 52.72, (52.72, 52.72)
		MEM_ALN_CHAIN_FLT avg: 0.00, (0.00, 0.00)
		MEM_ALN_CHAIN_SEED avg: 0.00, (0.00, 0.00)
		ERT_SEED_CHAIN avg: 0.00, (0.00, 0.00)
	LEARNED_SEED_CHAIN avg: 19.67, (19.78, 19.61)
		SMEM compute avg: 0.00, (0.00, 0.00)
		SAL compute avg: 0.00, (0.00, 0.00)
				MEM_SA avg: 0.00, (0.00, 0.00)

		BSW time, avg: 30.89, (31.13, 30.72)

Important parameter settings: 
	BATCH_SIZE: 512
	MAX_SEQ_LEN_REF: 256
	MAX_SEQ_LEN_QER: 128
	MAX_SEQ_LEN8: 128
	SEEDS_PER_READ: 500
	SIMD_WIDTH8 X: 64
	SIMD_WIDTH16 X: 32
	AVG_SEEDS_PER_READ: 64
