Looking to launch executable "/opt/conda/bin/bwa-meme_mode3.avx512bw", simd = _mode3.avx512bw
Launching executable "/opt/conda/bin/bwa-meme_mode3.avx512bw"
-----------------------------
Executing in AVX512 mode!!
-----------------------------
* SA compression enabled with xfactor: 8
* Ref file: reference.902362185.genome.fasta
* Entering FMI_search
Reading other elements of the index from files reference.902362185.genome.fasta
* Index prefix: reference.902362185.genome.fasta
* Read 0 ALT contigs
* Reading reference genome..
* Binary seq file = reference.902362185.genome.fasta.0123
* Reference genome size: 1312223304 bp
* Done reading reference genome !!

------------------------------------------
1. Memory pre-allocation for Chaining: 5679.4903 MB
2. Memory pre-allocation for BSW: 9584.6810 MB
[M::memoryAllocLearned::MEME] Reading Learned-index models into memory
[Learned-Config] MODE:3 SEARCH_METHOD: 1 MEM_TRADEOFF:1 EXPONENTIAL_SMEMSEARCH: 1 DEBUG_MODE:0 Num 2nd Models:268435456 PWL Bits Used:28
[M::memoryAllocLearned::MEME] Loading RMI model and Pac reference file took 9.492 sec
[M::memoryAllocLearned::MEME] Reading suffix array into memory
[M::memoryAllocLearned::MEME] Loading pos_packed file took 13.833 sec
[M::memoryAllocLearned::MEME] Generating SA, 64-bit Suffix and ISA in memory
[M::memoryAllocLearned::MEME] Runtime-build-index took 13.482 sec
3. Memory pre-allocation for BWT: 7204.5072 MB
------------------------------------------
* Threads used (compute): 40
* No. of pipeline threads: 2

[0000] read_chunk: 400000000, work_chunk_size: 400000154, nseq: 2777338
	[0000][ M::kt_pipeline] read 2777338 sequences (400000154 bp)...
[0000] Reallocating initial memory allocations!!
[0000] Calling mem_process_seqs.., task: 0
[0000] 1. Calling kt_for - worker_bwt
[0000] 2. Calling kt_for - worker_aln
[0000] read_chunk: 400000000, work_chunk_size: 400000151, nseq: 2778778
	[0000][ M::kt_pipeline] read 2778778 sequences (400000151 bp)...
[0000] Inferring insert size distribution of PE reads from data, l_pac: 656111652, n: 2777338
[0000][PE] # candidate unique pairs for (FF, FR, RF, RR): (76, 1121242, 111, 65)
[0000][PE] analyzing insert size distribution for orientation FF...
[0000][PE] (25, 50, 75) percentile: (171, 237, 1344)
[0000][PE] low and high boundaries for computing mean and std.dev: (1, 3690)
[0000][PE] mean and std.dev: (445.48, 588.73)
[0000][PE] low and high boundaries for proper pairs: (1, 4863)
[0000][PE] analyzing insert size distribution for orientation FR...
[0000][PE] (25, 50, 75) percentile: (239, 284, 323)
[0000][PE] low and high boundaries for computing mean and std.dev: (71, 491)
[0000][PE] mean and std.dev: (275.67, 66.28)
[0000][PE] low and high boundaries for proper pairs: (1, 575)
[0000][PE] analyzing insert size distribution for orientation RF...
[0000][PE] (25, 50, 75) percentile: (590, 2171, 7245)
[0000][PE] low and high boundaries for computing mean and std.dev: (1, 20555)
[0000][PE] mean and std.dev: (3652.37, 3443.05)
[0000][PE] low and high boundaries for proper pairs: (1, 27210)
[0000][PE] analyzing insert size distribution for orientation RR...
[0000][PE] (25, 50, 75) percentile: (140, 196, 1206)
[0000][PE] low and high boundaries for computing mean and std.dev: (1, 3338)
[0000][PE] mean and std.dev: (470.49, 669.17)
[0000][PE] low and high boundaries for proper pairs: (1, 4404)
[0000][PE] skip orientation FF
[0000][PE] skip orientation RF
[0000][PE] skip orientation RR
[0000] 3. Calling kt_for - worker_sam
	[0000][ M::mem_process_seqs] Processed 2777338 reads in 454.043 CPU sec, 12.850 real sec
[0000] Reallocating initial memory allocations!!
[0000] Calling mem_process_seqs.., task: 1
[0000] 1. Calling kt_for - worker_bwt
[0000] read_chunk: 400000000, work_chunk_size: 400000080, nseq: 2776540
	[0000][ M::kt_pipeline] read 2776540 sequences (400000080 bp)...
[0000] 2. Calling kt_for - worker_aln
[0000] Inferring insert size distribution of PE reads from data, l_pac: 656111652, n: 2778778
[0000][PE] # candidate unique pairs for (FF, FR, RF, RR): (93, 1140622, 141, 59)
[0000][PE] analyzing insert size distribution for orientation FF...
[0000][PE] (25, 50, 75) percentile: (157, 216, 547)
[0000][PE] low and high boundaries for computing mean and std.dev: (1, 1327)
[0000][PE] mean and std.dev: (248.31, 190.58)
[0000][PE] low and high boundaries for proper pairs: (1, 1717)
[0000][PE] analyzing insert size distribution for orientation FR...
[0000][PE] (25, 50, 75) percentile: (239, 284, 323)
[0000][PE] low and high boundaries for computing mean and std.dev: (71, 491)
[0000][PE] mean and std.dev: (275.74, 66.22)
[0000][PE] low and high boundaries for proper pairs: (1, 575)
[0000][PE] analyzing insert size distribution for orientation RF...
[0000][PE] (25, 50, 75) percentile: (644, 2232, 6256)
[0000][PE] low and high boundaries for computing mean and std.dev: (1, 17480)
[0000][PE] mean and std.dev: (3480.21, 3063.86)
[0000][PE] low and high boundaries for proper pairs: (1, 23092)
[0000][PE] analyzing insert size distribution for orientation RR...
[0000][PE] (25, 50, 75) percentile: (155, 225, 1227)
[0000][PE] low and high boundaries for computing mean and std.dev: (1, 3371)
[0000][PE] mean and std.dev: (467.69, 659.41)
[0000][PE] low and high boundaries for proper pairs: (1, 4443)
[0000][PE] skip orientation FF
[0000][PE] skip orientation RF
[0000][PE] skip orientation RR
[0000] 3. Calling kt_for - worker_sam
	[0000][ M::mem_process_seqs] Processed 2778778 reads in 414.011 CPU sec, 12.494 real sec
[0000] Calling mem_process_seqs.., task: 2
[0000] 1. Calling kt_for - worker_bwt
[0000] 2. Calling kt_for - worker_aln
[0000] Inferring insert size distribution of PE reads from data, l_pac: 656111652, n: 2776540
[0000][PE] # candidate unique pairs for (FF, FR, RF, RR): (88, 1108421, 126, 68)
[0000][PE] analyzing insert size distribution for orientation FF...
[0000][PE] (25, 50, 75) percentile: (175, 235, 1499)
[0000][PE] low and high boundaries for computing mean and std.dev: (1, 4147)
[0000][PE] mean and std.dev: (512.52, 753.90)
[0000][PE] low and high boundaries for proper pairs: (1, 5471)
[0000][PE] analyzing insert size distribution for orientation FR...
[0000][PE] (25, 50, 75) percentile: (239, 284, 323)
[0000][PE] low and high boundaries for computing mean and std.dev: (71, 491)
[0000][PE] mean and std.dev: (275.76, 66.31)
[0000][PE] low and high boundaries for proper pairs: (1, 575)
[0000][PE] analyzing insert size distribution for orientation RF...
[0000][PE] (25, 50, 75) percentile: (751, 2666, 5792)
[0000][PE] low and high boundaries for computing mean and std.dev: (1, 15874)
[0000][PE] mean and std.dev: (3518.30, 3098.16)
[0000][PE] low and high boundaries for proper pairs: (1, 20915)
[0000][PE] analyzing insert size distribution for orientation RR...
[0000][PE] (25, 50, 75) percentile: (145, 196, 606)
[0000][PE] low and high boundaries for computing mean and std.dev: (1, 1528)
[0000][PE] mean and std.dev: (310.19, 361.25)
[0000][PE] low and high boundaries for proper pairs: (1, 1989)
[0000][PE] skip orientation FF
[0000][PE] skip orientation RF
[0000][PE] skip orientation RR
[0000] 3. Calling kt_for - worker_sam
[0000] read_chunk: 400000000, work_chunk_size: 400000244, nseq: 2777390
	[0000][ M::kt_pipeline] read 2777390 sequences (400000244 bp)...
	[0000][ M::mem_process_seqs] Processed 2776540 reads in 504.273 CPU sec, 14.672 real sec
[0000] Calling mem_process_seqs.., task: 3
[0000] 1. Calling kt_for - worker_bwt
[0000] 2. Calling kt_for - worker_aln
[0000] Inferring insert size distribution of PE reads from data, l_pac: 656111652, n: 2777390
[0000][PE] # candidate unique pairs for (FF, FR, RF, RR): (89, 1127534, 127, 83)
[0000][PE] analyzing insert size distribution for orientation FF...
[0000][PE] (25, 50, 75) percentile: (165, 198, 540)
[0000][PE] low and high boundaries for computing mean and std.dev: (1, 1290)
[0000][PE] mean and std.dev: (223.74, 166.39)
[0000][PE] low and high boundaries for proper pairs: (1, 1665)
[0000][PE] analyzing insert size distribution for orientation FR...
[0000][PE] (25, 50, 75) percentile: (239, 284, 323)
[0000][PE] low and high boundaries for computing mean and std.dev: (71, 491)
[0000][PE] mean and std.dev: (275.71, 66.36)
[0000][PE] low and high boundaries for proper pairs: (1, 575)
[0000][PE] analyzing insert size distribution for orientation RF...
[0000][PE] (25, 50, 75) percentile: (561, 3191, 6004)
[0000][PE] low and high boundaries for computing mean and std.dev: (1, 16890)
[0000][PE] mean and std.dev: (3581.17, 3054.27)
[0000][PE] low and high boundaries for proper pairs: (1, 22333)
[0000][PE] analyzing insert size distribution for orientation RR...
[0000][PE] (25, 50, 75) percentile: (146, 208, 296)
[0000][PE] low and high boundaries for computing mean and std.dev: (1, 596)
[0000][PE] mean and std.dev: (187.76, 81.38)
[0000][PE] low and high boundaries for proper pairs: (1, 746)
[0000][PE] skip orientation FF
[0000][PE] skip orientation RF
[0000][PE] skip orientation RR
[0000] 3. Calling kt_for - worker_sam
	[0000][ M::mem_process_seqs] Processed 2777390 reads in 449.408 CPU sec, 12.834 real sec
[0000] read_chunk: 400000000, work_chunk_size: 400000117, nseq: 2779238
	[0000][ M::kt_pipeline] read 2779238 sequences (400000117 bp)...
[0000] Reallocating initial memory allocations!!
[0000] read_chunk: 400000000, work_chunk_size: 400000158, nseq: 2778730
	[0000][ M::kt_pipeline] read 2778730 sequences (400000158 bp)...
[0000] Calling mem_process_seqs.., task: 4
[0000] 1. Calling kt_for - worker_bwt
[0000] 2. Calling kt_for - worker_aln
[0000] Inferring insert size distribution of PE reads from data, l_pac: 656111652, n: 2779238
[0000][PE] # candidate unique pairs for (FF, FR, RF, RR): (81, 1138079, 117, 78)
[0000][PE] analyzing insert size distribution for orientation FF...
[0000][PE] (25, 50, 75) percentile: (124, 197, 280)
[0000][PE] low and high boundaries for computing mean and std.dev: (1, 592)
[0000][PE] mean and std.dev: (190.54, 87.34)
[0000][PE] low and high boundaries for proper pairs: (1, 748)
[0000][PE] analyzing insert size distribution for orientation FR...
[0000][PE] (25, 50, 75) percentile: (239, 284, 323)
[0000][PE] low and high boundaries for computing mean and std.dev: (71, 491)
[0000][PE] mean and std.dev: (275.60, 66.45)
[0000][PE] low and high boundaries for proper pairs: (1, 575)
[0000][PE] analyzing insert size distribution for orientation RF...
[0000][PE] (25, 50, 75) percentile: (477, 1675, 5607)
[0000][PE] low and high boundaries for computing mean and std.dev: (1, 15867)
[0000][PE] mean and std.dev: (3194.68, 3198.97)
[0000][PE] low and high boundaries for proper pairs: (1, 20997)
[0000][PE] analyzing insert size distribution for orientation RR...
[0000][PE] (25, 50, 75) percentile: (166, 242, 536)
[0000][PE] low and high boundaries for computing mean and std.dev: (1, 1276)
[0000][PE] mean and std.dev: (294.73, 227.95)
[0000][PE] low and high boundaries for proper pairs: (1, 1646)
[0000][PE] skip orientation FF
[0000][PE] skip orientation RF
[0000][PE] skip orientation RR
[0000] 3. Calling kt_for - worker_sam
	[0000][ M::mem_process_seqs] Processed 2779238 reads in 414.697 CPU sec, 12.004 real sec
[0000] Calling mem_process_seqs.., task: 5
[0000] 1. Calling kt_for - worker_bwt
[0000] 2. Calling kt_for - worker_aln
[0000] Inferring insert size distribution of PE reads from data, l_pac: 656111652, n: 2778730
[0000][PE] # candidate unique pairs for (FF, FR, RF, RR): (67, 1130163, 125, 67)
[0000][PE] analyzing insert size distribution for orientation FF...
[0000][PE] (25, 50, 75) percentile: (166, 205, 359)
[0000][PE] low and high boundaries for computing mean and std.dev: (1, 745)
[0000][PE] mean and std.dev: (211.46, 92.44)
[0000][PE] low and high boundaries for proper pairs: (1, 938)
[0000][PE] analyzing insert size distribution for orientation FR...
[0000][PE] (25, 50, 75) percentile: (239, 284, 323)
[0000][PE] low and high boundaries for computing mean and std.dev: (71, 491)
[0000][PE] mean and std.dev: (275.71, 66.29)
[0000][PE] low and high boundaries for proper pairs: (1, 575)
[0000][PE] analyzing insert size distribution for orientation RF...
[0000][PE] (25, 50, 75) percentile: (397, 1706, 5474)
[0000][PE] low and high boundaries for computing mean and std.dev: (1, 15628)
[0000][PE] mean and std.dev: (3202.38, 3156.71)
[0000][PE] low and high boundaries for proper pairs: (1, 20705)
[0000][PE] analyzing insert size distribution for orientation RR...
[0000][PE] (25, 50, 75) percentile: (142, 213, 538)
[0000][PE] low and high boundaries for computing mean and std.dev: (1, 1330)
[0000][PE] mean and std.dev: (252.07, 201.05)
[0000][PE] low and high boundaries for proper pairs: (1, 1726)
[0000][PE] skip orientation FF
[0000][PE] skip orientation RF
[0000][PE] skip orientation RR
[0000] 3. Calling kt_for - worker_sam
	[0000][ M::mem_process_seqs] Processed 2778730 reads in 438.132 CPU sec, 11.975 real sec
[0000] read_chunk: 400000000, work_chunk_size: 400000107, nseq: 2778980
	[0000][ M::kt_pipeline] read 2778980 sequences (400000107 bp)...
[0000] Calling mem_process_seqs.., task: 6
[0000] 1. Calling kt_for - worker_bwt
[0000] 2. Calling kt_for - worker_aln
[0000] read_chunk: 400000000, work_chunk_size: 180358335, nseq: 1253410
	[0000][ M::kt_pipeline] read 1253410 sequences (180358335 bp)...
[0000] Inferring insert size distribution of PE reads from data, l_pac: 656111652, n: 2778980
[0000][PE] # candidate unique pairs for (FF, FR, RF, RR): (92, 1134027, 108, 66)
[0000][PE] analyzing insert size distribution for orientation FF...
[0000][PE] (25, 50, 75) percentile: (189, 248, 1231)
[0000][PE] low and high boundaries for computing mean and std.dev: (1, 3315)
[0000][PE] mean and std.dev: (519.77, 629.82)
[0000][PE] low and high boundaries for proper pairs: (1, 4357)
[0000][PE] analyzing insert size distribution for orientation FR...
[0000][PE] (25, 50, 75) percentile: (239, 284, 323)
[0000][PE] low and high boundaries for computing mean and std.dev: (71, 491)
[0000][PE] mean and std.dev: (275.65, 66.33)
[0000][PE] low and high boundaries for proper pairs: (1, 575)
[0000][PE] analyzing insert size distribution for orientation RF...
[0000][PE] (25, 50, 75) percentile: (702, 2697, 6729)
[0000][PE] low and high boundaries for computing mean and std.dev: (1, 18783)
[0000][PE] mean and std.dev: (3720.37, 3171.57)
[0000][PE] low and high boundaries for proper pairs: (1, 24810)
[0000][PE] analyzing insert size distribution for orientation RR...
[0000][PE] (25, 50, 75) percentile: (169, 235, 1429)
[0000][PE] low and high boundaries for computing mean and std.dev: (1, 3949)
[0000][PE] mean and std.dev: (556.76, 845.31)
[0000][PE] low and high boundaries for proper pairs: (1, 5209)
[0000][PE] skip orientation FF
[0000][PE] skip orientation RF
[0000][PE] skip orientation RR
[0000] 3. Calling kt_for - worker_sam
	[0000][ M::mem_process_seqs] Processed 2778980 reads in 430.278 CPU sec, 11.522 real sec
[0000] Calling mem_process_seqs.., task: 7
[0000] 1. Calling kt_for - worker_bwt
[0000] 2. Calling kt_for - worker_aln
[0000] Inferring insert size distribution of PE reads from data, l_pac: 656111652, n: 1253410
[0000][PE] # candidate unique pairs for (FF, FR, RF, RR): (42, 521715, 57, 23)
[0000][PE] analyzing insert size distribution for orientation FF...
[0000][PE] (25, 50, 75) percentile: (140, 206, 1222)
[0000][PE] low and high boundaries for computing mean and std.dev: (1, 3386)
[0000][PE] mean and std.dev: (426.14, 571.75)
[0000][PE] low and high boundaries for proper pairs: (1, 4468)
[0000][PE] analyzing insert size distribution for orientation FR...
[0000][PE] (25, 50, 75) percentile: (239, 284, 323)
[0000][PE] low and high boundaries for computing mean and std.dev: (71, 491)
[0000][PE] mean and std.dev: (275.69, 66.32)
[0000][PE] low and high boundaries for proper pairs: (1, 575)
[0000][PE] analyzing insert size distribution for orientation RF...
[0000][PE] (25, 50, 75) percentile: (565, 1657, 5476)
[0000][PE] low and high boundaries for computing mean and std.dev: (1, 15298)
[0000][PE] mean and std.dev: (3389.79, 3152.78)
[0000][PE] low and high boundaries for proper pairs: (1, 20209)
[0000][PE] analyzing insert size distribution for orientation RR...
[0000][PE] (25, 50, 75) percentile: (159, 196, 245)
[0000][PE] low and high boundaries for computing mean and std.dev: (1, 417)
[0000][PE] mean and std.dev: (186.65, 61.33)
[0000][PE] low and high boundaries for proper pairs: (1, 503)
[0000][PE] skip orientation FF
[0000][PE] skip orientation RF
[0000][PE] skip orientation RR
[0000] 3. Calling kt_for - worker_sam
	[0000][ M::mem_process_seqs] Processed 1253410 reads in 174.715 CPU sec, 5.044 real sec
[0000] read_chunk: 400000000, work_chunk_size: 0, nseq: 0
[0000] read_chunk: 400000000, work_chunk_size: 0, nseq: 0
[0000] Computation ends..
No. of OMP threads: 40
Processor is running @2394.720196 MHz
Runtime profile:

	Time taken for main_mem function: 180.67 sec

	IO times (sec) :
	Reading IO time (reads) avg: 72.52, (72.52, 72.52)
	Writing IO time (SAM) avg: 36.60, (36.60, 36.60)
	Reading IO time (Reference Genome) avg: 0.50, (0.50, 0.50)
	Index read time avg: 0.12, (0.12, 0.12)

	Overall time (sec) (Excluding Index reading time):
	PROCESS() (Total compute time + (read + SAM) IO time) : 180.05
	MEM_PROCESS_SEQ() (Total compute time (Kernel + SAM)), avg: 93.38, (93.38, 93.38)

	 SAM Processing time (sec):
	--WORKER_SAM avg: 36.70, (36.70, 36.70)

	Kernels' compute time (sec):
	Total kernel (smem+sal+bsw) time avg: 54.44, (54.44, 54.44)
		MEM_ALN_CHAIN_FLT avg: 0.00, (0.00, 0.00)
		MEM_ALN_CHAIN_SEED avg: 0.00, (0.00, 0.00)
		ERT_SEED_CHAIN avg: 0.00, (0.00, 0.00)
	LEARNED_SEED_CHAIN avg: 21.70, (21.85, 21.39)
		SMEM compute avg: 0.00, (0.00, 0.00)
		SAL compute avg: 0.00, (0.00, 0.00)
				MEM_SA avg: 0.00, (0.00, 0.00)

		BSW time, avg: 29.75, (30.41, 29.44)

Important parameter settings: 
	BATCH_SIZE: 512
	MAX_SEQ_LEN_REF: 256
	MAX_SEQ_LEN_QER: 128
	MAX_SEQ_LEN8: 128
	SEEDS_PER_READ: 500
	SIMD_WIDTH8 X: 64
	SIMD_WIDTH16 X: 32
	AVG_SEEDS_PER_READ: 64
