Looking to launch executable "/opt/conda/bin/bwa-meme_mode3.avx512bw", simd = _mode3.avx512bw
Launching executable "/opt/conda/bin/bwa-meme_mode3.avx512bw"
-----------------------------
Executing in AVX512 mode!!
-----------------------------
* SA compression enabled with xfactor: 8
* Ref file: reference.902362185.genome.fasta
* Entering FMI_search
Reading other elements of the index from files reference.902362185.genome.fasta
* Index prefix: reference.902362185.genome.fasta
* Read 0 ALT contigs
* Reading reference genome..
* Binary seq file = reference.902362185.genome.fasta.0123
* Reference genome size: 1312223304 bp
* Done reading reference genome !!

------------------------------------------
1. Memory pre-allocation for Chaining: 5679.4903 MB
2. Memory pre-allocation for BSW: 9584.6810 MB
[M::memoryAllocLearned::MEME] Reading Learned-index models into memory
[Learned-Config] MODE:3 SEARCH_METHOD: 1 MEM_TRADEOFF:1 EXPONENTIAL_SMEMSEARCH: 1 DEBUG_MODE:0 Num 2nd Models:268435456 PWL Bits Used:28
[M::memoryAllocLearned::MEME] Loading RMI model and Pac reference file took 9.942 sec
[M::memoryAllocLearned::MEME] Reading suffix array into memory
[M::memoryAllocLearned::MEME] Loading pos_packed file took 12.798 sec
[M::memoryAllocLearned::MEME] Generating SA, 64-bit Suffix and ISA in memory
[M::memoryAllocLearned::MEME] Runtime-build-index took 15.256 sec
3. Memory pre-allocation for BWT: 7204.5072 MB
------------------------------------------
* Threads used (compute): 40
* No. of pipeline threads: 2

[0000] read_chunk: 400000000, work_chunk_size: 400000241, nseq: 2767476
	[0000][ M::kt_pipeline] read 2767476 sequences (400000241 bp)...
[0000] Reallocating initial memory allocations!!
[0000] Calling mem_process_seqs.., task: 0
[0000] 1. Calling kt_for - worker_bwt
[0000] 2. Calling kt_for - worker_aln
[0000] Inferring insert size distribution of PE reads from data, l_pac: 656111652, n: 2767476
[0000][PE] # candidate unique pairs for (FF, FR, RF, RR): (92, 1103676, 120, 70)
[0000][PE] analyzing insert size distribution for orientation FF...
[0000][PE] (25, 50, 75) percentile: (136, 199, 292)
[0000][PE] low and high boundaries for computing mean and std.dev: (1, 604)
[0000][PE] mean and std.dev: (180.54, 84.70)
[0000][PE] low and high boundaries for proper pairs: (1, 760)
[0000][PE] analyzing insert size distribution for orientation FR...
[0000][PE] (25, 50, 75) percentile: (244, 287, 325)
[0000][PE] low and high boundaries for computing mean and std.dev: (82, 487)
[0000][PE] mean and std.dev: (280.88, 60.99)
[0000][PE] low and high boundaries for proper pairs: (1, 568)
[0000][PE] analyzing insert size distribution for orientation RF...
[0000][PE] (25, 50, 75) percentile: (307, 1641, 6317)
[0000][PE] low and high boundaries for computing mean and std.dev: (1, 18337)
[0000][PE] mean and std.dev: (3091.97, 3251.72)
[0000][PE] low and high boundaries for proper pairs: (1, 24347)
[0000][PE] analyzing insert size distribution for orientation RR...
[0000][PE] (25, 50, 75) percentile: (137, 204, 358)
[0000][PE] low and high boundaries for computing mean and std.dev: (1, 800)
[0000][PE] mean and std.dev: (188.96, 112.28)
[0000][PE] low and high boundaries for proper pairs: (1, 1021)
[0000][PE] skip orientation FF
[0000][PE] skip orientation RF
[0000][PE] skip orientation RR
[0000] 3. Calling kt_for - worker_sam
[0000] read_chunk: 400000000, work_chunk_size: 400000204, nseq: 2768796
	[0000][ M::kt_pipeline] read 2768796 sequences (400000204 bp)...
	[0000][ M::mem_process_seqs] Processed 2767476 reads in 428.547 CPU sec, 11.311 real sec
[0000] Reallocating initial memory allocations!!
[0000] Calling mem_process_seqs.., task: 1
[0000] 1. Calling kt_for - worker_bwt
[0000] 2. Calling kt_for - worker_aln
[0000] Inferring insert size distribution of PE reads from data, l_pac: 656111652, n: 2768796
[0000][PE] # candidate unique pairs for (FF, FR, RF, RR): (111, 1121893, 112, 96)
[0000][PE] analyzing insert size distribution for orientation FF...
[0000][PE] (25, 50, 75) percentile: (135, 225, 567)
[0000][PE] low and high boundaries for computing mean and std.dev: (1, 1431)
[0000][PE] mean and std.dev: (250.29, 233.25)
[0000][PE] low and high boundaries for proper pairs: (1, 1863)
[0000][PE] analyzing insert size distribution for orientation FR...
[0000][PE] (25, 50, 75) percentile: (244, 287, 325)
[0000][PE] low and high boundaries for computing mean and std.dev: (82, 487)
[0000][PE] mean and std.dev: (280.84, 61.09)
[0000][PE] low and high boundaries for proper pairs: (1, 568)
[0000][PE] analyzing insert size distribution for orientation RF...
[0000][PE] (25, 50, 75) percentile: (658, 2443, 7238)
[0000][PE] low and high boundaries for computing mean and std.dev: (1, 20398)
[0000][PE] mean and std.dev: (3668.88, 3366.58)
[0000][PE] low and high boundaries for proper pairs: (1, 26978)
[0000][PE] analyzing insert size distribution for orientation RR...
[0000][PE] (25, 50, 75) percentile: (121, 191, 720)
[0000][PE] low and high boundaries for computing mean and std.dev: (1, 1918)
[0000][PE] mean and std.dev: (306.22, 386.75)
[0000][PE] low and high boundaries for proper pairs: (1, 2517)
[0000][PE] skip orientation FF
[0000][PE] skip orientation RF
[0000][PE] skip orientation RR
[0000] 3. Calling kt_for - worker_sam
[0000] read_chunk: 400000000, work_chunk_size: 400000005, nseq: 2766400
	[0000][ M::kt_pipeline] read 2766400 sequences (400000005 bp)...
	[0000][ M::mem_process_seqs] Processed 2768796 reads in 387.592 CPU sec, 10.900 real sec
[0000] Calling mem_process_seqs.., task: 2
[0000] 1. Calling kt_for - worker_bwt
[0000] 2. Calling kt_for - worker_aln
[0000] Inferring insert size distribution of PE reads from data, l_pac: 656111652, n: 2766400
[0000][PE] # candidate unique pairs for (FF, FR, RF, RR): (85, 1101761, 122, 89)
[0000][PE] analyzing insert size distribution for orientation FF...
[0000][PE] (25, 50, 75) percentile: (156, 208, 378)
[0000][PE] low and high boundaries for computing mean and std.dev: (1, 822)
[0000][PE] mean and std.dev: (185.58, 64.58)
[0000][PE] low and high boundaries for proper pairs: (1, 1044)
[0000][PE] analyzing insert size distribution for orientation FR...
[0000][PE] (25, 50, 75) percentile: (244, 287, 325)
[0000][PE] low and high boundaries for computing mean and std.dev: (82, 487)
[0000][PE] mean and std.dev: (280.77, 60.98)
[0000][PE] low and high boundaries for proper pairs: (1, 568)
[0000][PE] analyzing insert size distribution for orientation RF...
[0000][PE] (25, 50, 75) percentile: (1068, 3183, 6413)
[0000][PE] low and high boundaries for computing mean and std.dev: (1, 17103)
[0000][PE] mean and std.dev: (3871.46, 3112.22)
[0000][PE] low and high boundaries for proper pairs: (1, 22448)
[0000][PE] analyzing insert size distribution for orientation RR...
[0000][PE] (25, 50, 75) percentile: (142, 191, 256)
[0000][PE] low and high boundaries for computing mean and std.dev: (1, 484)
[0000][PE] mean and std.dev: (188.49, 65.18)
[0000][PE] low and high boundaries for proper pairs: (1, 598)
[0000][PE] skip orientation FF
[0000][PE] skip orientation RF
[0000][PE] skip orientation RR
[0000] 3. Calling kt_for - worker_sam
	[0000][ M::mem_process_seqs] Processed 2766400 reads in 440.755 CPU sec, 11.817 real sec
[0000] read_chunk: 400000000, work_chunk_size: 400000182, nseq: 2767700
	[0000][ M::kt_pipeline] read 2767700 sequences (400000182 bp)...
[0000] Calling mem_process_seqs.., task: 3
[0000] 1. Calling kt_for - worker_bwt
[0000] 2. Calling kt_for - worker_aln
[0000] Inferring insert size distribution of PE reads from data, l_pac: 656111652, n: 2767700
[0000][PE] # candidate unique pairs for (FF, FR, RF, RR): (91, 1114026, 107, 73)
[0000][PE] analyzing insert size distribution for orientation FF...
[0000][PE] (25, 50, 75) percentile: (142, 197, 287)
[0000][PE] low and high boundaries for computing mean and std.dev: (1, 577)
[0000][PE] mean and std.dev: (182.92, 95.76)
[0000][PE] low and high boundaries for proper pairs: (1, 722)
[0000][PE] analyzing insert size distribution for orientation FR...
[0000][PE] (25, 50, 75) percentile: (244, 287, 325)
[0000][PE] low and high boundaries for computing mean and std.dev: (82, 487)
[0000][PE] mean and std.dev: (280.96, 60.93)
[0000][PE] low and high boundaries for proper pairs: (1, 568)
[0000][PE] analyzing insert size distribution for orientation RF...
[0000][PE] (25, 50, 75) percentile: (621, 2292, 6731)
[0000][PE] low and high boundaries for computing mean and std.dev: (1, 18951)
[0000][PE] mean and std.dev: (3665.64, 3427.90)
[0000][PE] low and high boundaries for proper pairs: (1, 25061)
[0000][PE] analyzing insert size distribution for orientation RR...
[0000][PE] (25, 50, 75) percentile: (151, 225, 350)
[0000][PE] low and high boundaries for computing mean and std.dev: (1, 748)
[0000][PE] mean and std.dev: (190.68, 93.73)
[0000][PE] low and high boundaries for proper pairs: (1, 947)
[0000][PE] skip orientation FF
[0000][PE] skip orientation RF
[0000][PE] skip orientation RR
[0000] 3. Calling kt_for - worker_sam
[0000] read_chunk: 400000000, work_chunk_size: 400000108, nseq: 2767044
	[0000][ M::kt_pipeline] read 2767044 sequences (400000108 bp)...
	[0000][ M::mem_process_seqs] Processed 2767700 reads in 418.525 CPU sec, 11.470 real sec
[0000] Calling mem_process_seqs.., task: 4
[0000] 1. Calling kt_for - worker_bwt
[0000] 2. Calling kt_for - worker_aln
[0000] Inferring insert size distribution of PE reads from data, l_pac: 656111652, n: 2767044
[0000][PE] # candidate unique pairs for (FF, FR, RF, RR): (105, 1115480, 140, 74)
[0000][PE] analyzing insert size distribution for orientation FF...
[0000][PE] (25, 50, 75) percentile: (149, 225, 934)
[0000][PE] low and high boundaries for computing mean and std.dev: (1, 2504)
[0000][PE] mean and std.dev: (405.28, 551.43)
[0000][PE] low and high boundaries for proper pairs: (1, 3289)
[0000][PE] analyzing insert size distribution for orientation FR...
[0000][PE] (25, 50, 75) percentile: (244, 287, 325)
[0000][PE] low and high boundaries for computing mean and std.dev: (82, 487)
[0000][PE] mean and std.dev: (280.93, 60.96)
[0000][PE] low and high boundaries for proper pairs: (1, 568)
[0000][PE] analyzing insert size distribution for orientation RF...
[0000][PE] (25, 50, 75) percentile: (745, 3215, 7316)
[0000][PE] low and high boundaries for computing mean and std.dev: (1, 20458)
[0000][PE] mean and std.dev: (3831.49, 3290.40)
[0000][PE] low and high boundaries for proper pairs: (1, 27029)
[0000][PE] analyzing insert size distribution for orientation RR...
[0000][PE] (25, 50, 75) percentile: (143, 211, 658)
[0000][PE] low and high boundaries for computing mean and std.dev: (1, 1688)
[0000][PE] mean and std.dev: (257.35, 270.26)
[0000][PE] low and high boundaries for proper pairs: (1, 2203)
[0000][PE] skip orientation FF
[0000][PE] skip orientation RF
[0000][PE] skip orientation RR
[0000] 3. Calling kt_for - worker_sam
	[0000][ M::mem_process_seqs] Processed 2767044 reads in 406.095 CPU sec, 11.022 real sec
[0000] read_chunk: 400000000, work_chunk_size: 400000049, nseq: 2767896
	[0000][ M::kt_pipeline] read 2767896 sequences (400000049 bp)...
[0000] Calling mem_process_seqs.., task: 5
[0000] 1. Calling kt_for - worker_bwt
[0000] 2. Calling kt_for - worker_aln
[0000] Inferring insert size distribution of PE reads from data, l_pac: 656111652, n: 2767896
[0000][PE] # candidate unique pairs for (FF, FR, RF, RR): (72, 1118490, 148, 87)
[0000][PE] analyzing insert size distribution for orientation FF...
[0000][PE] (25, 50, 75) percentile: (150, 189, 415)
[0000][PE] low and high boundaries for computing mean and std.dev: (1, 945)
[0000][PE] mean and std.dev: (202.36, 121.75)
[0000][PE] low and high boundaries for proper pairs: (1, 1210)
[0000][PE] analyzing insert size distribution for orientation FR...
[0000][PE] (25, 50, 75) percentile: (244, 287, 325)
[0000][PE] low and high boundaries for computing mean and std.dev: (82, 487)
[0000][PE] mean and std.dev: (280.79, 61.09)
[0000][PE] low and high boundaries for proper pairs: (1, 568)
[0000][PE] analyzing insert size distribution for orientation RF...
[0000][PE] (25, 50, 75) percentile: (638, 2946, 6215)
[0000][PE] low and high boundaries for computing mean and std.dev: (1, 17369)
[0000][PE] mean and std.dev: (3522.88, 3094.24)
[0000][PE] low and high boundaries for proper pairs: (1, 22946)
[0000][PE] analyzing insert size distribution for orientation RR...
[0000][PE] (25, 50, 75) percentile: (158, 205, 279)
[0000][PE] low and high boundaries for computing mean and std.dev: (1, 521)
[0000][PE] mean and std.dev: (182.01, 55.31)
[0000][PE] low and high boundaries for proper pairs: (1, 642)
[0000][PE] skip orientation FF
[0000][PE] skip orientation RF
[0000][PE] skip orientation RR
[0000] 3. Calling kt_for - worker_sam
	[0000][ M::mem_process_seqs] Processed 2767896 reads in 396.267 CPU sec, 10.648 real sec
[0000] read_chunk: 400000000, work_chunk_size: 400000164, nseq: 2767858
	[0000][ M::kt_pipeline] read 2767858 sequences (400000164 bp)...
[0000] Calling mem_process_seqs.., task: 6
[0000] 1. Calling kt_for - worker_bwt
[0000] 2. Calling kt_for - worker_aln
[0000] Inferring insert size distribution of PE reads from data, l_pac: 656111652, n: 2767858
[0000][PE] # candidate unique pairs for (FF, FR, RF, RR): (75, 1113834, 120, 65)
[0000][PE] analyzing insert size distribution for orientation FF...
[0000][PE] (25, 50, 75) percentile: (157, 214, 311)
[0000][PE] low and high boundaries for computing mean and std.dev: (1, 619)
[0000][PE] mean and std.dev: (196.85, 97.46)
[0000][PE] low and high boundaries for proper pairs: (1, 773)
[0000][PE] analyzing insert size distribution for orientation FR...
[0000][PE] (25, 50, 75) percentile: (244, 287, 325)
[0000][PE] low and high boundaries for computing mean and std.dev: (82, 487)
[0000][PE] mean and std.dev: (280.85, 60.97)
[0000][PE] low and high boundaries for proper pairs: (1, 568)
[0000][PE] analyzing insert size distribution for orientation RF...
[0000][PE] (25, 50, 75) percentile: (890, 3256, 5730)
[0000][PE] low and high boundaries for computing mean and std.dev: (1, 15410)
[0000][PE] mean and std.dev: (3703.98, 3025.46)
[0000][PE] low and high boundaries for proper pairs: (1, 20250)
[0000][PE] analyzing insert size distribution for orientation RR...
[0000][PE] (25, 50, 75) percentile: (163, 213, 579)
[0000][PE] low and high boundaries for computing mean and std.dev: (1, 1411)
[0000][PE] mean and std.dev: (260.20, 192.66)
[0000][PE] low and high boundaries for proper pairs: (1, 1827)
[0000][PE] skip orientation FF
[0000][PE] skip orientation RF
[0000][PE] skip orientation RR
[0000] 3. Calling kt_for - worker_sam
	[0000][ M::mem_process_seqs] Processed 2767858 reads in 414.202 CPU sec, 11.282 real sec
[0000] read_chunk: 400000000, work_chunk_size: 400000025, nseq: 2768186
	[0000][ M::kt_pipeline] read 2768186 sequences (400000025 bp)...
[0000] Calling mem_process_seqs.., task: 7
[0000] 1. Calling kt_for - worker_bwt
[0000] 2. Calling kt_for - worker_aln
[0000] Inferring insert size distribution of PE reads from data, l_pac: 656111652, n: 2768186
[0000][PE] # candidate unique pairs for (FF, FR, RF, RR): (102, 1126624, 115, 76)
[0000][PE] analyzing insert size distribution for orientation FF...
[0000][PE] (25, 50, 75) percentile: (136, 196, 248)
[0000][PE] low and high boundaries for computing mean and std.dev: (1, 472)
[0000][PE] mean and std.dev: (173.00, 66.20)
[0000][PE] low and high boundaries for proper pairs: (1, 584)
[0000][PE] analyzing insert size distribution for orientation FR...
[0000][PE] (25, 50, 75) percentile: (244, 287, 325)
[0000][PE] low and high boundaries for computing mean and std.dev: (82, 487)
[0000][PE] mean and std.dev: (280.89, 61.01)
[0000][PE] low and high boundaries for proper pairs: (1, 568)
[0000][PE] analyzing insert size distribution for orientation RF...
[0000][PE] (25, 50, 75) percentile: (923, 4445, 7074)
[0000][PE] low and high boundaries for computing mean and std.dev: (1, 19376)
[0000][PE] mean and std.dev: (4359.16, 3281.95)
[0000][PE] low and high boundaries for proper pairs: (1, 25527)
[0000][PE] analyzing insert size distribution for orientation RR...
[0000][PE] (25, 50, 75) percentile: (149, 183, 249)
[0000][PE] low and high boundaries for computing mean and std.dev: (1, 449)
[0000][PE] mean and std.dev: (169.75, 56.92)
[0000][PE] low and high boundaries for proper pairs: (1, 549)
[0000][PE] skip orientation FF
[0000][PE] skip orientation RF
[0000][PE] skip orientation RR
[0000] 3. Calling kt_for - worker_sam
[0000] read_chunk: 400000000, work_chunk_size: 292093824, nseq: 2021890
	[0000][ M::kt_pipeline] read 2021890 sequences (292093824 bp)...
	[0000][ M::mem_process_seqs] Processed 2768186 reads in 389.918 CPU sec, 10.910 real sec
[0000] Calling mem_process_seqs.., task: 8
[0000] 1. Calling kt_for - worker_bwt
[0000] 2. Calling kt_for - worker_aln
[0000] read_chunk: 400000000, work_chunk_size: 0, nseq: 0
[0000] Inferring insert size distribution of PE reads from data, l_pac: 656111652, n: 2021890
[0000][PE] # candidate unique pairs for (FF, FR, RF, RR): (70, 821232, 85, 40)
[0000][PE] analyzing insert size distribution for orientation FF...
[0000][PE] (25, 50, 75) percentile: (142, 201, 708)
[0000][PE] low and high boundaries for computing mean and std.dev: (1, 1840)
[0000][PE] mean and std.dev: (318.48, 343.46)
[0000][PE] low and high boundaries for proper pairs: (1, 2406)
[0000][PE] analyzing insert size distribution for orientation FR...
[0000][PE] (25, 50, 75) percentile: (244, 286, 325)
[0000][PE] low and high boundaries for computing mean and std.dev: (82, 487)
[0000][PE] mean and std.dev: (280.70, 61.01)
[0000][PE] low and high boundaries for proper pairs: (1, 568)
[0000][PE] analyzing insert size distribution for orientation RF...
[0000][PE] (25, 50, 75) percentile: (194, 837, 4265)
[0000][PE] low and high boundaries for computing mean and std.dev: (1, 12407)
[0000][PE] mean and std.dev: (2320.80, 2755.53)
[0000][PE] low and high boundaries for proper pairs: (1, 16478)
[0000][PE] analyzing insert size distribution for orientation RR...
[0000][PE] (25, 50, 75) percentile: (166, 224, 505)
[0000][PE] low and high boundaries for computing mean and std.dev: (1, 1183)
[0000][PE] mean and std.dev: (223.06, 140.24)
[0000][PE] low and high boundaries for proper pairs: (1, 1522)
[0000][PE] skip orientation FF
[0000][PE] skip orientation RF
[0000][PE] skip orientation RR
[0000] 3. Calling kt_for - worker_sam
	[0000][ M::mem_process_seqs] Processed 2021890 reads in 287.434 CPU sec, 8.113 real sec
[0000] read_chunk: 400000000, work_chunk_size: 0, nseq: 0
[0000] Computation ends..
No. of OMP threads: 40
Processor is running @2394.718614 MHz
Runtime profile:

	Time taken for main_mem function: 143.32 sec

	IO times (sec) :
	Reading IO time (reads) avg: 74.59, (74.59, 74.59)
	Writing IO time (SAM) avg: 28.16, (28.16, 28.16)
	Reading IO time (Reference Genome) avg: 0.58, (0.58, 0.58)
	Index read time avg: 0.13, (0.13, 0.13)

	Overall time (sec) (Excluding Index reading time):
	PROCESS() (Total compute time + (read + SAM) IO time) : 142.60
	MEM_PROCESS_SEQ() (Total compute time (Kernel + SAM)), avg: 97.46, (97.46, 97.46)

	 SAM Processing time (sec):
	--WORKER_SAM avg: 42.11, (42.11, 42.11)

	Kernels' compute time (sec):
	Total kernel (smem+sal+bsw) time avg: 52.77, (52.77, 52.77)
		MEM_ALN_CHAIN_FLT avg: 0.00, (0.00, 0.00)
		MEM_ALN_CHAIN_SEED avg: 0.00, (0.00, 0.00)
		ERT_SEED_CHAIN avg: 0.00, (0.00, 0.00)
	LEARNED_SEED_CHAIN avg: 18.06, (18.15, 17.96)
		SMEM compute avg: 0.00, (0.00, 0.00)
		SAL compute avg: 0.00, (0.00, 0.00)
				MEM_SA avg: 0.00, (0.00, 0.00)

		BSW time, avg: 32.13, (32.70, 31.78)

Important parameter settings: 
	BATCH_SIZE: 512
	MAX_SEQ_LEN_REF: 256
	MAX_SEQ_LEN_QER: 128
	MAX_SEQ_LEN8: 128
	SEEDS_PER_READ: 500
	SIMD_WIDTH8 X: 64
	SIMD_WIDTH16 X: 32
	AVG_SEEDS_PER_READ: 64
