Looking to launch executable "/opt/conda/bin/bwa-meme_mode3.avx512bw", simd = _mode3.avx512bw
Launching executable "/opt/conda/bin/bwa-meme_mode3.avx512bw"
-----------------------------
Executing in AVX512 mode!!
-----------------------------
* SA compression enabled with xfactor: 8
* Ref file: reference.902362185.genome.fasta
* Entering FMI_search
Reading other elements of the index from files reference.902362185.genome.fasta
* Index prefix: reference.902362185.genome.fasta
* Read 0 ALT contigs
* Reading reference genome..
* Binary seq file = reference.902362185.genome.fasta.0123
* Reference genome size: 1312223304 bp
* Done reading reference genome !!

------------------------------------------
1. Memory pre-allocation for Chaining: 5679.4903 MB
2. Memory pre-allocation for BSW: 9584.6810 MB
[M::memoryAllocLearned::MEME] Reading Learned-index models into memory
[Learned-Config] MODE:3 SEARCH_METHOD: 1 MEM_TRADEOFF:1 EXPONENTIAL_SMEMSEARCH: 1 DEBUG_MODE:0 Num 2nd Models:268435456 PWL Bits Used:28
[M::memoryAllocLearned::MEME] Loading RMI model and Pac reference file took 9.583 sec
[M::memoryAllocLearned::MEME] Reading suffix array into memory
[M::memoryAllocLearned::MEME] Loading pos_packed file took 12.266 sec
[M::memoryAllocLearned::MEME] Generating SA, 64-bit Suffix and ISA in memory
[M::memoryAllocLearned::MEME] Runtime-build-index took 12.847 sec
3. Memory pre-allocation for BWT: 7204.5072 MB
------------------------------------------
* Threads used (compute): 40
* No. of pipeline threads: 2

[0000] read_chunk: 400000000, work_chunk_size: 400000064, nseq: 2811988
	[0000][ M::kt_pipeline] read 2811988 sequences (400000064 bp)...
[0000] Reallocating initial memory allocations!!
[0000] Calling mem_process_seqs.., task: 0
[0000] 1. Calling kt_for - worker_bwt
[0000] 2. Calling kt_for - worker_aln
[0000] Inferring insert size distribution of PE reads from data, l_pac: 656111652, n: 2811988
[0000][PE] # candidate unique pairs for (FF, FR, RF, RR): (143, 1118371, 113, 106)
[0000][PE] analyzing insert size distribution for orientation FF...
[0000][PE] (25, 50, 75) percentile: (130, 189, 265)
[0000][PE] low and high boundaries for computing mean and std.dev: (1, 535)
[0000][PE] mean and std.dev: (168.87, 83.10)
[0000][PE] low and high boundaries for proper pairs: (1, 670)
[0000][PE] analyzing insert size distribution for orientation FR...
[0000][PE] (25, 50, 75) percentile: (230, 277, 319)
[0000][PE] low and high boundaries for computing mean and std.dev: (52, 497)
[0000][PE] mean and std.dev: (264.40, 75.22)
[0000][PE] low and high boundaries for proper pairs: (1, 586)
[0000][PE] analyzing insert size distribution for orientation RF...
[0000][PE] (25, 50, 75) percentile: (1146, 4079, 7006)
[0000][PE] low and high boundaries for computing mean and std.dev: (1, 18726)
[0000][PE] mean and std.dev: (4150.43, 3128.82)
[0000][PE] low and high boundaries for proper pairs: (1, 24586)
[0000][PE] analyzing insert size distribution for orientation RR...
[0000][PE] (25, 50, 75) percentile: (148, 223, 773)
[0000][PE] low and high boundaries for computing mean and std.dev: (1, 2023)
[0000][PE] mean and std.dev: (325.63, 347.21)
[0000][PE] low and high boundaries for proper pairs: (1, 2648)
[0000][PE] skip orientation FF
[0000][PE] skip orientation RF
[0000][PE] skip orientation RR
[0000] 3. Calling kt_for - worker_sam
[0000] read_chunk: 400000000, work_chunk_size: 400000179, nseq: 2810148
	[0000][ M::kt_pipeline] read 2810148 sequences (400000179 bp)...
	[0000][ M::mem_process_seqs] Processed 2811988 reads in 440.095 CPU sec, 11.770 real sec
[0000] Calling mem_process_seqs.., task: 1
[0000] 1. Calling kt_for - worker_bwt
[0000] 2. Calling kt_for - worker_aln
[0000] Inferring insert size distribution of PE reads from data, l_pac: 656111652, n: 2810148
[0000][PE] # candidate unique pairs for (FF, FR, RF, RR): (116, 1107578, 131, 84)
[0000][PE] analyzing insert size distribution for orientation FF...
[0000][PE] (25, 50, 75) percentile: (136, 188, 397)
[0000][PE] low and high boundaries for computing mean and std.dev: (1, 919)
[0000][PE] mean and std.dev: (183.25, 133.40)
[0000][PE] low and high boundaries for proper pairs: (1, 1180)
[0000][PE] analyzing insert size distribution for orientation FR...
[0000][PE] (25, 50, 75) percentile: (230, 277, 319)
[0000][PE] low and high boundaries for computing mean and std.dev: (52, 497)
[0000][PE] mean and std.dev: (264.42, 75.24)
[0000][PE] low and high boundaries for proper pairs: (1, 586)
[0000][PE] analyzing insert size distribution for orientation RF...
[0000][PE] (25, 50, 75) percentile: (574, 2562, 6778)
[0000][PE] low and high boundaries for computing mean and std.dev: (1, 19186)
[0000][PE] mean and std.dev: (3712.08, 3360.85)
[0000][PE] low and high boundaries for proper pairs: (1, 25390)
[0000][PE] analyzing insert size distribution for orientation RR...
[0000][PE] (25, 50, 75) percentile: (163, 205, 284)
[0000][PE] low and high boundaries for computing mean and std.dev: (1, 526)
[0000][PE] mean and std.dev: (179.82, 63.55)
[0000][PE] low and high boundaries for proper pairs: (1, 647)
[0000][PE] skip orientation FF
[0000][PE] skip orientation RF
[0000][PE] skip orientation RR
[0000] 3. Calling kt_for - worker_sam
	[0000][ M::mem_process_seqs] Processed 2810148 reads in 480.630 CPU sec, 13.318 real sec
[0000] read_chunk: 400000000, work_chunk_size: 400000188, nseq: 2811434
	[0000][ M::kt_pipeline] read 2811434 sequences (400000188 bp)...
[0000] Calling mem_process_seqs.., task: 2
[0000] 1. Calling kt_for - worker_bwt
[0000] 2. Calling kt_for - worker_aln
[0000] Inferring insert size distribution of PE reads from data, l_pac: 656111652, n: 2811434
[0000][PE] # candidate unique pairs for (FF, FR, RF, RR): (128, 1120031, 102, 108)
[0000][PE] analyzing insert size distribution for orientation FF...
[0000][PE] (25, 50, 75) percentile: (137, 190, 277)
[0000][PE] low and high boundaries for computing mean and std.dev: (1, 557)
[0000][PE] mean and std.dev: (166.77, 72.34)
[0000][PE] low and high boundaries for proper pairs: (1, 697)
[0000][PE] analyzing insert size distribution for orientation FR...
[0000][PE] (25, 50, 75) percentile: (230, 277, 319)
[0000][PE] low and high boundaries for computing mean and std.dev: (52, 497)
[0000][PE] mean and std.dev: (264.40, 75.23)
[0000][PE] low and high boundaries for proper pairs: (1, 586)
[0000][PE] analyzing insert size distribution for orientation RF...
[0000][PE] (25, 50, 75) percentile: (314, 2024, 6537)
[0000][PE] low and high boundaries for computing mean and std.dev: (1, 18983)
[0000][PE] mean and std.dev: (3386.24, 3319.15)
[0000][PE] low and high boundaries for proper pairs: (1, 25206)
[0000][PE] analyzing insert size distribution for orientation RR...
[0000][PE] (25, 50, 75) percentile: (144, 203, 309)
[0000][PE] low and high boundaries for computing mean and std.dev: (1, 639)
[0000][PE] mean and std.dev: (187.35, 85.03)
[0000][PE] low and high boundaries for proper pairs: (1, 804)
[0000][PE] skip orientation FF
[0000][PE] skip orientation RF
[0000][PE] skip orientation RR
[0000] 3. Calling kt_for - worker_sam
	[0000][ M::mem_process_seqs] Processed 2811434 reads in 451.915 CPU sec, 13.582 real sec
[0000] read_chunk: 400000000, work_chunk_size: 400000044, nseq: 2812076
	[0000][ M::kt_pipeline] read 2812076 sequences (400000044 bp)...
[0000] Reallocating initial memory allocations!!
[0000] read_chunk: 400000000, work_chunk_size: 197580433, nseq: 1389176
	[0000][ M::kt_pipeline] read 1389176 sequences (197580433 bp)...
[0000] Calling mem_process_seqs.., task: 3
[0000] 1. Calling kt_for - worker_bwt
[0000] 2. Calling kt_for - worker_aln
[0000] Inferring insert size distribution of PE reads from data, l_pac: 656111652, n: 2812076
[0000][PE] # candidate unique pairs for (FF, FR, RF, RR): (126, 1122693, 101, 89)
[0000][PE] analyzing insert size distribution for orientation FF...
[0000][PE] (25, 50, 75) percentile: (150, 213, 344)
[0000][PE] low and high boundaries for computing mean and std.dev: (1, 732)
[0000][PE] mean and std.dev: (206.34, 121.14)
[0000][PE] low and high boundaries for proper pairs: (1, 926)
[0000][PE] analyzing insert size distribution for orientation FR...
[0000][PE] (25, 50, 75) percentile: (230, 277, 319)
[0000][PE] low and high boundaries for computing mean and std.dev: (52, 497)
[0000][PE] mean and std.dev: (264.37, 75.22)
[0000][PE] low and high boundaries for proper pairs: (1, 586)
[0000][PE] analyzing insert size distribution for orientation RF...
[0000][PE] (25, 50, 75) percentile: (949, 3968, 7382)
[0000][PE] low and high boundaries for computing mean and std.dev: (1, 20248)
[0000][PE] mean and std.dev: (4087.14, 3192.79)
[0000][PE] low and high boundaries for proper pairs: (1, 26681)
[0000][PE] analyzing insert size distribution for orientation RR...
[0000][PE] (25, 50, 75) percentile: (145, 219, 696)
[0000][PE] low and high boundaries for computing mean and std.dev: (1, 1798)
[0000][PE] mean and std.dev: (292.97, 341.19)
[0000][PE] low and high boundaries for proper pairs: (1, 2349)
[0000][PE] skip orientation FF
[0000][PE] skip orientation RF
[0000][PE] skip orientation RR
[0000] 3. Calling kt_for - worker_sam
	[0000][ M::mem_process_seqs] Processed 2812076 reads in 458.806 CPU sec, 15.772 real sec
[0000] Calling mem_process_seqs.., task: 4
[0000] 1. Calling kt_for - worker_bwt
[0000] 2. Calling kt_for - worker_aln
[0000] Inferring insert size distribution of PE reads from data, l_pac: 656111652, n: 1389176
[0000][PE] # candidate unique pairs for (FF, FR, RF, RR): (50, 556155, 50, 62)
[0000][PE] analyzing insert size distribution for orientation FF...
[0000][PE] (25, 50, 75) percentile: (144, 212, 262)
[0000][PE] low and high boundaries for computing mean and std.dev: (1, 498)
[0000][PE] mean and std.dev: (176.22, 60.77)
[0000][PE] low and high boundaries for proper pairs: (1, 616)
[0000][PE] analyzing insert size distribution for orientation FR...
[0000][PE] (25, 50, 75) percentile: (230, 277, 318)
[0000][PE] low and high boundaries for computing mean and std.dev: (54, 494)
[0000][PE] mean and std.dev: (264.50, 74.91)
[0000][PE] low and high boundaries for proper pairs: (1, 582)
[0000][PE] analyzing insert size distribution for orientation RF...
[0000][PE] (25, 50, 75) percentile: (588, 1707, 7540)
[0000][PE] low and high boundaries for computing mean and std.dev: (1, 21444)
[0000][PE] mean and std.dev: (3586.72, 3689.20)
[0000][PE] low and high boundaries for proper pairs: (1, 28396)
[0000][PE] analyzing insert size distribution for orientation RR...
[0000][PE] (25, 50, 75) percentile: (133, 194, 256)
[0000][PE] low and high boundaries for computing mean and std.dev: (1, 502)
[0000][PE] mean and std.dev: (167.98, 64.85)
[0000][PE] low and high boundaries for proper pairs: (1, 625)
[0000][PE] skip orientation FF
[0000][PE] skip orientation RF
[0000][PE] skip orientation RR
[0000] 3. Calling kt_for - worker_sam
	[0000][ M::mem_process_seqs] Processed 1389176 reads in 209.902 CPU sec, 5.891 real sec
[0000] read_chunk: 400000000, work_chunk_size: 0, nseq: 0
[0000] read_chunk: 400000000, work_chunk_size: 0, nseq: 0
[0000] Computation ends..
No. of OMP threads: 40
Processor is running @2394.723252 MHz
Runtime profile:

	Time taken for main_mem function: 215.28 sec

	IO times (sec) :
	Reading IO time (reads) avg: 43.57, (43.57, 43.57)
	Writing IO time (SAM) avg: 53.05, (53.05, 53.05)
	Reading IO time (Reference Genome) avg: 0.52, (0.52, 0.52)
	Index read time avg: 0.12, (0.12, 0.12)

	Overall time (sec) (Excluding Index reading time):
	PROCESS() (Total compute time + (read + SAM) IO time) : 214.64
	MEM_PROCESS_SEQ() (Total compute time (Kernel + SAM)), avg: 60.32, (60.32, 60.32)

	 SAM Processing time (sec):
	--WORKER_SAM avg: 24.50, (24.50, 24.50)

	Kernels' compute time (sec):
	Total kernel (smem+sal+bsw) time avg: 34.43, (34.43, 34.43)
		MEM_ALN_CHAIN_FLT avg: 0.00, (0.00, 0.00)
		MEM_ALN_CHAIN_SEED avg: 0.00, (0.00, 0.00)
		ERT_SEED_CHAIN avg: 0.00, (0.00, 0.00)
	LEARNED_SEED_CHAIN avg: 14.40, (14.66, 14.00)
		SMEM compute avg: 0.00, (0.00, 0.00)
		SAL compute avg: 0.00, (0.00, 0.00)
				MEM_SA avg: 0.00, (0.00, 0.00)

		BSW time, avg: 18.49, (18.68, 18.33)

Important parameter settings: 
	BATCH_SIZE: 512
	MAX_SEQ_LEN_REF: 256
	MAX_SEQ_LEN_QER: 128
	MAX_SEQ_LEN8: 128
	SEEDS_PER_READ: 500
	SIMD_WIDTH8 X: 64
	SIMD_WIDTH16 X: 32
	AVG_SEEDS_PER_READ: 64
