Looking to launch executable "/opt/conda/bin/bwa-meme_mode3.avx512bw", simd = _mode3.avx512bw
Launching executable "/opt/conda/bin/bwa-meme_mode3.avx512bw"
-----------------------------
Executing in AVX512 mode!!
-----------------------------
* SA compression enabled with xfactor: 8
* Ref file: reference.902362185.genome.fasta
* Entering FMI_search
Reading other elements of the index from files reference.902362185.genome.fasta
* Index prefix: reference.902362185.genome.fasta
* Read 0 ALT contigs
* Reading reference genome..
* Binary seq file = reference.902362185.genome.fasta.0123
* Reference genome size: 1312223304 bp
* Done reading reference genome !!

------------------------------------------
1. Memory pre-allocation for Chaining: 5679.4903 MB
2. Memory pre-allocation for BSW: 9584.6810 MB
[M::memoryAllocLearned::MEME] Reading Learned-index models into memory
[Learned-Config] MODE:3 SEARCH_METHOD: 1 MEM_TRADEOFF:1 EXPONENTIAL_SMEMSEARCH: 1 DEBUG_MODE:0 Num 2nd Models:268435456 PWL Bits Used:28
[M::memoryAllocLearned::MEME] Loading RMI model and Pac reference file took 9.514 sec
[M::memoryAllocLearned::MEME] Reading suffix array into memory
[M::memoryAllocLearned::MEME] Loading pos_packed file took 13.968 sec
[M::memoryAllocLearned::MEME] Generating SA, 64-bit Suffix and ISA in memory
[M::memoryAllocLearned::MEME] Runtime-build-index took 13.634 sec
3. Memory pre-allocation for BWT: 7204.5072 MB
------------------------------------------
* Threads used (compute): 40
* No. of pipeline threads: 2

[0000] read_chunk: 400000000, work_chunk_size: 400000085, nseq: 2760026
	[0000][ M::kt_pipeline] read 2760026 sequences (400000085 bp)...
[0000] Reallocating initial memory allocations!!
[0000] read_chunk: 400000000, work_chunk_size: 400000105, nseq: 2763614
	[0000][ M::kt_pipeline] read 2763614 sequences (400000105 bp)...
[0000] Calling mem_process_seqs.., task: 0
[0000] 1. Calling kt_for - worker_bwt
[0000] 2. Calling kt_for - worker_aln
[0000] Inferring insert size distribution of PE reads from data, l_pac: 656111652, n: 2760026
[0000][PE] # candidate unique pairs for (FF, FR, RF, RR): (77, 1065226, 128, 86)
[0000][PE] analyzing insert size distribution for orientation FF...
[0000][PE] (25, 50, 75) percentile: (164, 209, 1278)
[0000][PE] low and high boundaries for computing mean and std.dev: (1, 3506)
[0000][PE] mean and std.dev: (515.75, 714.67)
[0000][PE] low and high boundaries for proper pairs: (1, 4620)
[0000][PE] analyzing insert size distribution for orientation FR...
[0000][PE] (25, 50, 75) percentile: (249, 291, 328)
[0000][PE] low and high boundaries for computing mean and std.dev: (91, 486)
[0000][PE] mean and std.dev: (285.98, 58.76)
[0000][PE] low and high boundaries for proper pairs: (12, 565)
[0000][PE] analyzing insert size distribution for orientation RF...
[0000][PE] (25, 50, 75) percentile: (566, 3557, 6617)
[0000][PE] low and high boundaries for computing mean and std.dev: (1, 18719)
[0000][PE] mean and std.dev: (3886.17, 3145.97)
[0000][PE] low and high boundaries for proper pairs: (1, 24770)
[0000][PE] analyzing insert size distribution for orientation RR...
[0000][PE] (25, 50, 75) percentile: (156, 234, 1589)
[0000][PE] low and high boundaries for computing mean and std.dev: (1, 4455)
[0000][PE] mean and std.dev: (529.07, 833.64)
[0000][PE] low and high boundaries for proper pairs: (1, 5888)
[0000][PE] skip orientation FF
[0000][PE] skip orientation RF
[0000][PE] skip orientation RR
[0000] 3. Calling kt_for - worker_sam
	[0000][ M::mem_process_seqs] Processed 2760026 reads in 543.491 CPU sec, 18.012 real sec
[0000] Reallocating initial memory allocations!!
[0000] Calling mem_process_seqs.., task: 1
[0000] 1. Calling kt_for - worker_bwt
[0000] 2. Calling kt_for - worker_aln
[0000] Inferring insert size distribution of PE reads from data, l_pac: 656111652, n: 2763614
[0000] read_chunk: 400000000, work_chunk_size: 400000215, nseq: 2764028
	[0000][ M::kt_pipeline] read 2764028 sequences (400000215 bp)...
[0000][PE] # candidate unique pairs for (FF, FR, RF, RR): (86, 1119325, 106, 84)
[0000][PE] analyzing insert size distribution for orientation FF...
[0000][PE] (25, 50, 75) percentile: (158, 225, 727)
[0000][PE] low and high boundaries for computing mean and std.dev: (1, 1865)
[0000][PE] mean and std.dev: (340.38, 303.66)
[0000][PE] low and high boundaries for proper pairs: (1, 2434)
[0000][PE] analyzing insert size distribution for orientation FR...
[0000][PE] (25, 50, 75) percentile: (249, 290, 328)
[0000][PE] low and high boundaries for computing mean and std.dev: (91, 486)
[0000][PE] mean and std.dev: (285.92, 58.77)
[0000][PE] low and high boundaries for proper pairs: (12, 565)
[0000][PE] analyzing insert size distribution for orientation RF...
[0000][PE] (25, 50, 75) percentile: (705, 2620, 6655)
[0000][PE] low and high boundaries for computing mean and std.dev: (1, 18555)
[0000][PE] mean and std.dev: (3757.27, 3125.48)
[0000][PE] low and high boundaries for proper pairs: (1, 24505)
[0000][PE] analyzing insert size distribution for orientation RR...
[0000][PE] (25, 50, 75) percentile: (161, 233, 668)
[0000][PE] low and high boundaries for computing mean and std.dev: (1, 1682)
[0000][PE] mean and std.dev: (357.08, 333.97)
[0000][PE] low and high boundaries for proper pairs: (1, 2189)
[0000][PE] skip orientation FF
[0000][PE] skip orientation RF
[0000][PE] skip orientation RR
[0000] 3. Calling kt_for - worker_sam
	[0000][ M::mem_process_seqs] Processed 2763614 reads in 392.293 CPU sec, 10.473 real sec
[0000] Reallocating initial memory allocations!!
[0000] Calling mem_process_seqs.., task: 2
[0000] 1. Calling kt_for - worker_bwt
[0000] 2. Calling kt_for - worker_aln
[0000] Inferring insert size distribution of PE reads from data, l_pac: 656111652, n: 2764028
[0000][PE] # candidate unique pairs for (FF, FR, RF, RR): (76, 1122253, 109, 95)
[0000][PE] analyzing insert size distribution for orientation FF...
[0000][PE] (25, 50, 75) percentile: (130, 212, 1689)
[0000][PE] low and high boundaries for computing mean and std.dev: (1, 4807)
[0000][PE] mean and std.dev: (426.32, 756.18)
[0000][PE] low and high boundaries for proper pairs: (1, 6366)
[0000][PE] analyzing insert size distribution for orientation FR...
[0000][PE] (25, 50, 75) percentile: (249, 291, 328)
[0000][PE] low and high boundaries for computing mean and std.dev: (91, 486)
[0000][PE] mean and std.dev: (285.95, 58.86)
[0000][PE] low and high boundaries for proper pairs: (12, 565)
[0000][PE] analyzing insert size distribution for orientation RF...
[0000][PE] (25, 50, 75) percentile: (612, 4302, 7216)
[0000][PE] low and high boundaries for computing mean and std.dev: (1, 20424)
[0000][PE] mean and std.dev: (4171.00, 3336.27)
[0000][PE] low and high boundaries for proper pairs: (1, 27028)
[0000][PE] analyzing insert size distribution for orientation RR...
[0000][PE] (25, 50, 75) percentile: (183, 278, 3407)
[0000][PE] low and high boundaries for computing mean and std.dev: (1, 9855)
[0000][PE] mean and std.dev: (1964.58, 2707.87)
[0000][PE] low and high boundaries for proper pairs: (1, 13079)
[0000][PE] skip orientation FF
[0000][PE] skip orientation RF
[0000][PE] skip orientation RR
[0000] 3. Calling kt_for - worker_sam
[0000] read_chunk: 400000000, work_chunk_size: 400000083, nseq: 2763196
	[0000][ M::kt_pipeline] read 2763196 sequences (400000083 bp)...
	[0000][ M::mem_process_seqs] Processed 2764028 reads in 383.017 CPU sec, 10.108 real sec
[0000] Calling mem_process_seqs.., task: 3
[0000] 1. Calling kt_for - worker_bwt
[0000] 2. Calling kt_for - worker_aln
[0000] Inferring insert size distribution of PE reads from data, l_pac: 656111652, n: 2763196
[0000][PE] # candidate unique pairs for (FF, FR, RF, RR): (75, 1117313, 127, 71)
[0000][PE] analyzing insert size distribution for orientation FF...
[0000][PE] (25, 50, 75) percentile: (148, 231, 371)
[0000][PE] low and high boundaries for computing mean and std.dev: (1, 817)
[0000][PE] mean and std.dev: (205.28, 115.00)
[0000][PE] low and high boundaries for proper pairs: (1, 1040)
[0000][PE] analyzing insert size distribution for orientation FR...
[0000][PE] (25, 50, 75) percentile: (249, 290, 328)
[0000][PE] low and high boundaries for computing mean and std.dev: (91, 486)
[0000][PE] mean and std.dev: (285.96, 58.72)
[0000][PE] low and high boundaries for proper pairs: (12, 565)
[0000][PE] analyzing insert size distribution for orientation RF...
[0000][PE] (25, 50, 75) percentile: (597, 3432, 6986)
[0000][PE] low and high boundaries for computing mean and std.dev: (1, 19764)
[0000][PE] mean and std.dev: (3797.39, 3209.80)
[0000][PE] low and high boundaries for proper pairs: (1, 26153)
[0000][PE] analyzing insert size distribution for orientation RR...
[0000][PE] (25, 50, 75) percentile: (187, 222, 1163)
[0000][PE] low and high boundaries for computing mean and std.dev: (1, 3115)
[0000][PE] mean and std.dev: (423.77, 529.05)
[0000][PE] low and high boundaries for proper pairs: (1, 4091)
[0000][PE] skip orientation FF
[0000][PE] skip orientation RF
[0000][PE] skip orientation RR
[0000] 3. Calling kt_for - worker_sam
	[0000][ M::mem_process_seqs] Processed 2763196 reads in 393.919 CPU sec, 10.691 real sec
[0000] read_chunk: 400000000, work_chunk_size: 400000167, nseq: 2762508
	[0000][ M::kt_pipeline] read 2762508 sequences (400000167 bp)...
[0000] Calling mem_process_seqs.., task: 4
[0000] 1. Calling kt_for - worker_bwt
[0000] 2. Calling kt_for - worker_aln
[0000] Inferring insert size distribution of PE reads from data, l_pac: 656111652, n: 2762508
[0000][PE] # candidate unique pairs for (FF, FR, RF, RR): (88, 1111108, 135, 66)
[0000][PE] analyzing insert size distribution for orientation FF...
[0000][PE] (25, 50, 75) percentile: (158, 206, 326)
[0000][PE] low and high boundaries for computing mean and std.dev: (1, 662)
[0000][PE] mean and std.dev: (217.31, 121.68)
[0000][PE] low and high boundaries for proper pairs: (1, 830)
[0000][PE] analyzing insert size distribution for orientation FR...
[0000][PE] (25, 50, 75) percentile: (249, 290, 328)
[0000][PE] low and high boundaries for computing mean and std.dev: (91, 486)
[0000][PE] mean and std.dev: (285.91, 58.72)
[0000][PE] low and high boundaries for proper pairs: (12, 565)
[0000][PE] analyzing insert size distribution for orientation RF...
[0000][PE] (25, 50, 75) percentile: (610, 2207, 5275)
[0000][PE] low and high boundaries for computing mean and std.dev: (1, 14605)
[0000][PE] mean and std.dev: (3087.44, 2783.75)
[0000][PE] low and high boundaries for proper pairs: (1, 19270)
[0000][PE] analyzing insert size distribution for orientation RR...
[0000][PE] (25, 50, 75) percentile: (165, 210, 871)
[0000][PE] low and high boundaries for computing mean and std.dev: (1, 2283)
[0000][PE] mean and std.dev: (433.54, 529.70)
[0000][PE] low and high boundaries for proper pairs: (1, 2989)
[0000][PE] skip orientation FF
[0000][PE] skip orientation RF
[0000][PE] skip orientation RR
[0000] 3. Calling kt_for - worker_sam
[0000] read_chunk: 400000000, work_chunk_size: 400000009, nseq: 2762944
	[0000][ M::kt_pipeline] read 2762944 sequences (400000009 bp)...
	[0000][ M::mem_process_seqs] Processed 2762508 reads in 402.253 CPU sec, 10.665 real sec
[0000] Calling mem_process_seqs.., task: 5
[0000] 1. Calling kt_for - worker_bwt
[0000] 2. Calling kt_for - worker_aln
[0000] Inferring insert size distribution of PE reads from data, l_pac: 656111652, n: 2762944
[0000][PE] # candidate unique pairs for (FF, FR, RF, RR): (87, 1106883, 122, 94)
[0000][PE] analyzing insert size distribution for orientation FF...
[0000][PE] (25, 50, 75) percentile: (143, 188, 313)
[0000][PE] low and high boundaries for computing mean and std.dev: (1, 653)
[0000][PE] mean and std.dev: (191.64, 93.70)
[0000][PE] low and high boundaries for proper pairs: (1, 823)
[0000][PE] analyzing insert size distribution for orientation FR...
[0000][PE] (25, 50, 75) percentile: (249, 290, 328)
[0000][PE] low and high boundaries for computing mean and std.dev: (91, 486)
[0000][PE] mean and std.dev: (285.99, 58.66)
[0000][PE] low and high boundaries for proper pairs: (12, 565)
[0000][PE] analyzing insert size distribution for orientation RF...
[0000][PE] (25, 50, 75) percentile: (830, 2823, 5872)
[0000][PE] low and high boundaries for computing mean and std.dev: (1, 15956)
[0000][PE] mean and std.dev: (3604.90, 3089.97)
[0000][PE] low and high boundaries for proper pairs: (1, 20998)
[0000][PE] analyzing insert size distribution for orientation RR...
[0000][PE] (25, 50, 75) percentile: (149, 209, 273)
[0000][PE] low and high boundaries for computing mean and std.dev: (1, 521)
[0000][PE] mean and std.dev: (192.17, 76.87)
[0000][PE] low and high boundaries for proper pairs: (1, 645)
[0000][PE] skip orientation FF
[0000][PE] skip orientation RF
[0000][PE] skip orientation RR
[0000] 3. Calling kt_for - worker_sam
	[0000][ M::mem_process_seqs] Processed 2762944 reads in 412.068 CPU sec, 11.289 real sec
[0000] read_chunk: 400000000, work_chunk_size: 400000190, nseq: 2762266
	[0000][ M::kt_pipeline] read 2762266 sequences (400000190 bp)...
[0000] Calling mem_process_seqs.., task: 6
[0000] 1. Calling kt_for - worker_bwt
[0000] 2. Calling kt_for - worker_aln
[0000] Inferring insert size distribution of PE reads from data, l_pac: 656111652, n: 2762266
[0000][PE] # candidate unique pairs for (FF, FR, RF, RR): (62, 1101982, 121, 72)
[0000][PE] analyzing insert size distribution for orientation FF...
[0000][PE] (25, 50, 75) percentile: (157, 219, 294)
[0000][PE] low and high boundaries for computing mean and std.dev: (1, 568)
[0000][PE] mean and std.dev: (204.42, 91.78)
[0000][PE] low and high boundaries for proper pairs: (1, 705)
[0000][PE] analyzing insert size distribution for orientation FR...
[0000][PE] (25, 50, 75) percentile: (249, 291, 328)
[0000][PE] low and high boundaries for computing mean and std.dev: (91, 486)
[0000][PE] mean and std.dev: (286.07, 58.73)
[0000][PE] low and high boundaries for proper pairs: (12, 565)
[0000][PE] analyzing insert size distribution for orientation RF...
[0000][PE] (25, 50, 75) percentile: (769, 3811, 6339)
[0000][PE] low and high boundaries for computing mean and std.dev: (1, 17479)
[0000][PE] mean and std.dev: (3778.62, 3058.98)
[0000][PE] low and high boundaries for proper pairs: (1, 23049)
[0000][PE] analyzing insert size distribution for orientation RR...
[0000][PE] (25, 50, 75) percentile: (166, 242, 719)
[0000][PE] low and high boundaries for computing mean and std.dev: (1, 1825)
[0000][PE] mean and std.dev: (364.73, 317.84)
[0000][PE] low and high boundaries for proper pairs: (1, 2378)
[0000][PE] skip orientation FF
[0000][PE] skip orientation RF
[0000][PE] skip orientation RR
[0000] 3. Calling kt_for - worker_sam
[0000] read_chunk: 400000000, work_chunk_size: 400000202, nseq: 2758770
	[0000][ M::kt_pipeline] read 2758770 sequences (400000202 bp)...
	[0000][ M::mem_process_seqs] Processed 2762266 reads in 441.247 CPU sec, 12.608 real sec
[0000] Calling mem_process_seqs.., task: 7
[0000] 1. Calling kt_for - worker_bwt
[0000] 2. Calling kt_for - worker_aln
[0000] Inferring insert size distribution of PE reads from data, l_pac: 656111652, n: 2758770
[0000][PE] # candidate unique pairs for (FF, FR, RF, RR): (87, 1060714, 134, 84)
[0000][PE] analyzing insert size distribution for orientation FF...
[0000][PE] (25, 50, 75) percentile: (150, 200, 1085)
[0000][PE] low and high boundaries for computing mean and std.dev: (1, 2955)
[0000][PE] mean and std.dev: (356.07, 580.35)
[0000][PE] low and high boundaries for proper pairs: (1, 3890)
[0000][PE] analyzing insert size distribution for orientation FR...
[0000][PE] (25, 50, 75) percentile: (249, 291, 328)
[0000][PE] low and high boundaries for computing mean and std.dev: (91, 486)
[0000][PE] mean and std.dev: (286.08, 58.66)
[0000][PE] low and high boundaries for proper pairs: (12, 565)
[0000][PE] analyzing insert size distribution for orientation RF...
[0000][PE] (25, 50, 75) percentile: (741, 3031, 6030)
[0000][PE] low and high boundaries for computing mean and std.dev: (1, 16608)
[0000][PE] mean and std.dev: (3754.19, 3224.27)
[0000][PE] low and high boundaries for proper pairs: (1, 21897)
[0000][PE] analyzing insert size distribution for orientation RR...
[0000][PE] (25, 50, 75) percentile: (139, 205, 907)
[0000][PE] low and high boundaries for computing mean and std.dev: (1, 2443)
[0000][PE] mean and std.dev: (265.72, 323.73)
[0000][PE] low and high boundaries for proper pairs: (1, 3211)
[0000][PE] skip orientation FF
[0000][PE] skip orientation RF
[0000][PE] skip orientation RR
[0000] 3. Calling kt_for - worker_sam
	[0000][ M::mem_process_seqs] Processed 2758770 reads in 518.171 CPU sec, 14.146 real sec
[0000] read_chunk: 400000000, work_chunk_size: 400000195, nseq: 2762280
	[0000][ M::kt_pipeline] read 2762280 sequences (400000195 bp)...
[0000] Calling mem_process_seqs.., task: 8
[0000] 1. Calling kt_for - worker_bwt
[0000] 2. Calling kt_for - worker_aln
[0000] Inferring insert size distribution of PE reads from data, l_pac: 656111652, n: 2762280
[0000][PE] # candidate unique pairs for (FF, FR, RF, RR): (78, 1108869, 102, 80)
[0000][PE] analyzing insert size distribution for orientation FF...
[0000][PE] (25, 50, 75) percentile: (159, 246, 1373)
[0000][PE] low and high boundaries for computing mean and std.dev: (1, 3801)
[0000][PE] mean and std.dev: (622.43, 938.91)
[0000][PE] low and high boundaries for proper pairs: (1, 5015)
[0000][PE] analyzing insert size distribution for orientation FR...
[0000][PE] (25, 50, 75) percentile: (249, 291, 328)
[0000][PE] low and high boundaries for computing mean and std.dev: (91, 486)
[0000][PE] mean and std.dev: (285.95, 58.70)
[0000][PE] low and high boundaries for proper pairs: (12, 565)
[0000][PE] analyzing insert size distribution for orientation RF...
[0000][PE] (25, 50, 75) percentile: (698, 2794, 5205)
[0000][PE] low and high boundaries for computing mean and std.dev: (1, 14219)
[0000][PE] mean and std.dev: (3471.50, 3072.15)
[0000][PE] low and high boundaries for proper pairs: (1, 18726)
[0000][PE] analyzing insert size distribution for orientation RR...
[0000][PE] (25, 50, 75) percentile: (172, 209, 383)
[0000][PE] low and high boundaries for computing mean and std.dev: (1, 805)
[0000][PE] mean and std.dev: (205.03, 99.17)
[0000][PE] low and high boundaries for proper pairs: (1, 1016)
[0000][PE] skip orientation FF
[0000][PE] skip orientation RF
[0000][PE] skip orientation RR
[0000] 3. Calling kt_for - worker_sam
	[0000][ M::mem_process_seqs] Processed 2762280 reads in 433.322 CPU sec, 11.934 real sec
[0000] read_chunk: 400000000, work_chunk_size: 400000163, nseq: 2761680
	[0000][ M::kt_pipeline] read 2761680 sequences (400000163 bp)...
[0000] Calling mem_process_seqs.., task: 9
[0000] 1. Calling kt_for - worker_bwt
[0000] 2. Calling kt_for - worker_aln
[0000] Inferring insert size distribution of PE reads from data, l_pac: 656111652, n: 2761680
[0000][PE] # candidate unique pairs for (FF, FR, RF, RR): (71, 1086374, 129, 89)
[0000][PE] analyzing insert size distribution for orientation FF...
[0000][PE] (25, 50, 75) percentile: (161, 228, 944)
[0000][PE] low and high boundaries for computing mean and std.dev: (1, 2510)
[0000][PE] mean and std.dev: (239.84, 179.79)
[0000][PE] low and high boundaries for proper pairs: (1, 3293)
[0000][PE] analyzing insert size distribution for orientation FR...
[0000][PE] (25, 50, 75) percentile: (249, 290, 328)
[0000][PE] low and high boundaries for computing mean and std.dev: (91, 486)
[0000][PE] mean and std.dev: (285.89, 58.81)
[0000][PE] low and high boundaries for proper pairs: (12, 565)
[0000][PE] analyzing insert size distribution for orientation RF...
[0000][PE] (25, 50, 75) percentile: (622, 2109, 5887)
[0000][PE] low and high boundaries for computing mean and std.dev: (1, 16417)
[0000][PE] mean and std.dev: (3174.28, 2982.23)
[0000][PE] low and high boundaries for proper pairs: (1, 21682)
[0000][PE] analyzing insert size distribution for orientation RR...
[0000][PE] (25, 50, 75) percentile: (165, 224, 2077)
[0000][PE] low and high boundaries for computing mean and std.dev: (1, 5901)
[0000][PE] mean and std.dev: (847.94, 1361.53)
[0000][PE] low and high boundaries for proper pairs: (1, 7813)
[0000][PE] skip orientation FF
[0000][PE] skip orientation RF
[0000][PE] skip orientation RR
[0000] 3. Calling kt_for - worker_sam
[0000] read_chunk: 400000000, work_chunk_size: 400000296, nseq: 2763284
	[0000][ M::kt_pipeline] read 2763284 sequences (400000296 bp)...
	[0000][ M::mem_process_seqs] Processed 2761680 reads in 468.549 CPU sec, 12.643 real sec
[0000] Calling mem_process_seqs.., task: 10
[0000] 1. Calling kt_for - worker_bwt
[0000] 2. Calling kt_for - worker_aln
[0000] Inferring insert size distribution of PE reads from data, l_pac: 656111652, n: 2763284
[0000][PE] # candidate unique pairs for (FF, FR, RF, RR): (98, 1120071, 133, 85)
[0000][PE] analyzing insert size distribution for orientation FF...
[0000][PE] (25, 50, 75) percentile: (147, 229, 1085)
[0000][PE] low and high boundaries for computing mean and std.dev: (1, 2961)
[0000][PE] mean and std.dev: (354.64, 477.04)
[0000][PE] low and high boundaries for proper pairs: (1, 3899)
[0000][PE] analyzing insert size distribution for orientation FR...
[0000][PE] (25, 50, 75) percentile: (249, 291, 328)
[0000][PE] low and high boundaries for computing mean and std.dev: (91, 486)
[0000][PE] mean and std.dev: (286.05, 58.72)
[0000][PE] low and high boundaries for proper pairs: (12, 565)
[0000][PE] analyzing insert size distribution for orientation RF...
[0000][PE] (25, 50, 75) percentile: (509, 2771, 5989)
[0000][PE] low and high boundaries for computing mean and std.dev: (1, 16949)
[0000][PE] mean and std.dev: (3560.32, 3205.55)
[0000][PE] low and high boundaries for proper pairs: (1, 22429)
[0000][PE] analyzing insert size distribution for orientation RR...
[0000][PE] (25, 50, 75) percentile: (174, 234, 994)
[0000][PE] low and high boundaries for computing mean and std.dev: (1, 2634)
[0000][PE] mean and std.dev: (425.08, 490.09)
[0000][PE] low and high boundaries for proper pairs: (1, 3454)
[0000][PE] skip orientation FF
[0000][PE] skip orientation RF
[0000][PE] skip orientation RR
[0000] 3. Calling kt_for - worker_sam
	[0000][ M::mem_process_seqs] Processed 2763284 reads in 418.239 CPU sec, 12.850 real sec
[0000] read_chunk: 400000000, work_chunk_size: 400000245, nseq: 2761434
	[0000][ M::kt_pipeline] read 2761434 sequences (400000245 bp)...
[0000] Calling mem_process_seqs.., task: 11
[0000] 1. Calling kt_for - worker_bwt
[0000] 2. Calling kt_for - worker_aln
[0000] Inferring insert size distribution of PE reads from data, l_pac: 656111652, n: 2761434
[0000][PE] # candidate unique pairs for (FF, FR, RF, RR): (74, 1096951, 153, 87)
[0000][PE] analyzing insert size distribution for orientation FF...
[0000][PE] (25, 50, 75) percentile: (152, 229, 295)
[0000][PE] low and high boundaries for computing mean and std.dev: (1, 581)
[0000][PE] mean and std.dev: (204.05, 91.16)
[0000][PE] low and high boundaries for proper pairs: (1, 724)
[0000][PE] analyzing insert size distribution for orientation FR...
[0000][PE] (25, 50, 75) percentile: (249, 291, 328)
[0000][PE] low and high boundaries for computing mean and std.dev: (91, 486)
[0000][PE] mean and std.dev: (286.17, 58.66)
[0000][PE] low and high boundaries for proper pairs: (12, 565)
[0000][PE] analyzing insert size distribution for orientation RF...
[0000][PE] (25, 50, 75) percentile: (397, 2706, 6124)
[0000][PE] low and high boundaries for computing mean and std.dev: (1, 17578)
[0000][PE] mean and std.dev: (3356.67, 3075.91)
[0000][PE] low and high boundaries for proper pairs: (1, 23305)
[0000][PE] analyzing insert size distribution for orientation RR...
[0000][PE] (25, 50, 75) percentile: (167, 217, 550)
[0000][PE] low and high boundaries for computing mean and std.dev: (1, 1316)
[0000][PE] mean and std.dev: (231.42, 207.04)
[0000][PE] low and high boundaries for proper pairs: (1, 1699)
[0000][PE] skip orientation FF
[0000][PE] skip orientation RF
[0000][PE] skip orientation RR
[0000] 3. Calling kt_for - worker_sam
	[0000][ M::mem_process_seqs] Processed 2761434 reads in 441.223 CPU sec, 12.732 real sec
[0000] read_chunk: 400000000, work_chunk_size: 400000276, nseq: 2760904
	[0000][ M::kt_pipeline] read 2760904 sequences (400000276 bp)...
[0000] Calling mem_process_seqs.., task: 12
[0000] 1. Calling kt_for - worker_bwt
[0000] 2. Calling kt_for - worker_aln
[0000] Inferring insert size distribution of PE reads from data, l_pac: 656111652, n: 2760904
[0000][PE] # candidate unique pairs for (FF, FR, RF, RR): (90, 1098519, 130, 80)
[0000][PE] analyzing insert size distribution for orientation FF...
[0000][PE] (25, 50, 75) percentile: (152, 203, 326)
[0000][PE] low and high boundaries for computing mean and std.dev: (1, 674)
[0000][PE] mean and std.dev: (186.14, 97.27)
[0000][PE] low and high boundaries for proper pairs: (1, 848)
[0000][PE] analyzing insert size distribution for orientation FR...
[0000][PE] (25, 50, 75) percentile: (249, 291, 328)
[0000][PE] low and high boundaries for computing mean and std.dev: (91, 486)
[0000][PE] mean and std.dev: (286.08, 58.63)
[0000][PE] low and high boundaries for proper pairs: (12, 565)
[0000][PE] analyzing insert size distribution for orientation RF...
[0000][PE] (25, 50, 75) percentile: (566, 2221, 6769)
[0000][PE] low and high boundaries for computing mean and std.dev: (1, 19175)
[0000][PE] mean and std.dev: (3594.03, 3290.30)
[0000][PE] low and high boundaries for proper pairs: (1, 25378)
[0000][PE] analyzing insert size distribution for orientation RR...
[0000][PE] (25, 50, 75) percentile: (158, 224, 3457)
[0000][PE] low and high boundaries for computing mean and std.dev: (1, 10055)
[0000][PE] mean and std.dev: (1776.00, 2802.94)
[0000][PE] low and high boundaries for proper pairs: (1, 13354)
[0000][PE] skip orientation FF
[0000][PE] skip orientation RF
[0000][PE] skip orientation RR
[0000] 3. Calling kt_for - worker_sam
[0000] read_chunk: 400000000, work_chunk_size: 400000009, nseq: 2764226
	[0000][ M::kt_pipeline] read 2764226 sequences (400000009 bp)...
	[0000][ M::mem_process_seqs] Processed 2760904 reads in 451.939 CPU sec, 13.241 real sec
[0000] Reallocating initial memory allocations!!
[0000] Calling mem_process_seqs.., task: 13
[0000] 1. Calling kt_for - worker_bwt
[0000] 2. Calling kt_for - worker_aln
[0000] Inferring insert size distribution of PE reads from data, l_pac: 656111652, n: 2764226
[0000][PE] # candidate unique pairs for (FF, FR, RF, RR): (87, 1123658, 103, 80)
[0000][PE] analyzing insert size distribution for orientation FF...
[0000][PE] (25, 50, 75) percentile: (147, 194, 436)
[0000][PE] low and high boundaries for computing mean and std.dev: (1, 1014)
[0000][PE] mean and std.dev: (197.42, 160.06)
[0000][PE] low and high boundaries for proper pairs: (1, 1303)
[0000][PE] analyzing insert size distribution for orientation FR...
[0000][PE] (25, 50, 75) percentile: (249, 290, 328)
[0000][PE] low and high boundaries for computing mean and std.dev: (91, 486)
[0000][PE] mean and std.dev: (285.97, 58.68)
[0000][PE] low and high boundaries for proper pairs: (12, 565)
[0000][PE] analyzing insert size distribution for orientation RF...
[0000][PE] (25, 50, 75) percentile: (539, 3876, 7005)
[0000][PE] low and high boundaries for computing mean and std.dev: (1, 19937)
[0000][PE] mean and std.dev: (4007.72, 3162.92)
[0000][PE] low and high boundaries for proper pairs: (1, 26403)
[0000][PE] analyzing insert size distribution for orientation RR...
[0000][PE] (25, 50, 75) percentile: (169, 213, 499)
[0000][PE] low and high boundaries for computing mean and std.dev: (1, 1159)
[0000][PE] mean and std.dev: (282.50, 238.42)
[0000][PE] low and high boundaries for proper pairs: (1, 1489)
[0000][PE] skip orientation FF
[0000][PE] skip orientation RF
[0000][PE] skip orientation RR
[0000] 3. Calling kt_for - worker_sam
[0000] read_chunk: 400000000, work_chunk_size: 400000169, nseq: 2762728
	[0000][ M::kt_pipeline] read 2762728 sequences (400000169 bp)...
	[0000][ M::mem_process_seqs] Processed 2764226 reads in 390.869 CPU sec, 10.808 real sec
[0000] Calling mem_process_seqs.., task: 14
[0000] 1. Calling kt_for - worker_bwt
[0000] 2. Calling kt_for - worker_aln
[0000] Inferring insert size distribution of PE reads from data, l_pac: 656111652, n: 2762728
[0000][PE] # candidate unique pairs for (FF, FR, RF, RR): (74, 1113173, 109, 71)
[0000][PE] analyzing insert size distribution for orientation FF...
[0000][PE] (25, 50, 75) percentile: (135, 204, 355)
[0000][PE] low and high boundaries for computing mean and std.dev: (1, 795)
[0000][PE] mean and std.dev: (213.62, 143.52)
[0000][PE] low and high boundaries for proper pairs: (1, 1015)
[0000][PE] analyzing insert size distribution for orientation FR...
[0000][PE] (25, 50, 75) percentile: (249, 291, 328)
[0000][PE] low and high boundaries for computing mean and std.dev: (91, 486)
[0000][PE] mean and std.dev: (285.99, 58.73)
[0000][PE] low and high boundaries for proper pairs: (12, 565)
[0000][PE] analyzing insert size distribution for orientation RF...
[0000][PE] (25, 50, 75) percentile: (877, 3059, 6181)
[0000][PE] low and high boundaries for computing mean and std.dev: (1, 16789)
[0000][PE] mean and std.dev: (3640.73, 3083.59)
[0000][PE] low and high boundaries for proper pairs: (1, 22093)
[0000][PE] analyzing insert size distribution for orientation RR...
[0000][PE] (25, 50, 75) percentile: (159, 213, 285)
[0000][PE] low and high boundaries for computing mean and std.dev: (1, 537)
[0000][PE] mean and std.dev: (194.85, 76.11)
[0000][PE] low and high boundaries for proper pairs: (1, 663)
[0000][PE] skip orientation FF
[0000][PE] skip orientation RF
[0000][PE] skip orientation RR
[0000] 3. Calling kt_for - worker_sam
	[0000][ M::mem_process_seqs] Processed 2762728 reads in 409.611 CPU sec, 11.874 real sec
[0000] read_chunk: 400000000, work_chunk_size: 400000106, nseq: 2762444
	[0000][ M::kt_pipeline] read 2762444 sequences (400000106 bp)...
[0000] Calling mem_process_seqs.., task: 15
[0000] 1. Calling kt_for - worker_bwt
[0000] 2. Calling kt_for - worker_aln
[0000] Inferring insert size distribution of PE reads from data, l_pac: 656111652, n: 2762444
[0000][PE] # candidate unique pairs for (FF, FR, RF, RR): (94, 1102373, 142, 77)
[0000][PE] analyzing insert size distribution for orientation FF...
[0000][PE] (25, 50, 75) percentile: (176, 225, 1019)
[0000][PE] low and high boundaries for computing mean and std.dev: (1, 2705)
[0000][PE] mean and std.dev: (248.60, 197.11)
[0000][PE] low and high boundaries for proper pairs: (1, 3548)
[0000][PE] analyzing insert size distribution for orientation FR...
[0000][PE] (25, 50, 75) percentile: (249, 291, 328)
[0000][PE] low and high boundaries for computing mean and std.dev: (91, 486)
[0000][PE] mean and std.dev: (286.09, 58.69)
[0000][PE] low and high boundaries for proper pairs: (12, 565)
[0000][PE] analyzing insert size distribution for orientation RF...
[0000][PE] (25, 50, 75) percentile: (550, 4107, 8108)
[0000][PE] low and high boundaries for computing mean and std.dev: (1, 23224)
[0000][PE] mean and std.dev: (4324.95, 3615.81)
[0000][PE] low and high boundaries for proper pairs: (1, 30782)
[0000][PE] analyzing insert size distribution for orientation RR...
[0000][PE] (25, 50, 75) percentile: (134, 194, 504)
[0000][PE] low and high boundaries for computing mean and std.dev: (1, 1244)
[0000][PE] mean and std.dev: (252.44, 221.72)
[0000][PE] low and high boundaries for proper pairs: (1, 1614)
[0000][PE] skip orientation FF
[0000][PE] skip orientation RF
[0000][PE] skip orientation RR
[0000] 3. Calling kt_for - worker_sam
	[0000][ M::mem_process_seqs] Processed 2762444 reads in 429.639 CPU sec, 12.602 real sec
[0000] read_chunk: 400000000, work_chunk_size: 400000125, nseq: 2762778
	[0000][ M::kt_pipeline] read 2762778 sequences (400000125 bp)...
[0000] Calling mem_process_seqs.., task: 16
[0000] 1. Calling kt_for - worker_bwt
[0000] 2. Calling kt_for - worker_aln
[0000] Inferring insert size distribution of PE reads from data, l_pac: 656111652, n: 2762778
[0000][PE] # candidate unique pairs for (FF, FR, RF, RR): (77, 1109210, 141, 96)
[0000][PE] analyzing insert size distribution for orientation FF...
[0000][PE] (25, 50, 75) percentile: (154, 216, 478)
[0000][PE] low and high boundaries for computing mean and std.dev: (1, 1126)
[0000][PE] mean and std.dev: (184.02, 75.10)
[0000][PE] low and high boundaries for proper pairs: (1, 1450)
[0000][PE] analyzing insert size distribution for orientation FR...
[0000][PE] (25, 50, 75) percentile: (249, 290, 328)
[0000][PE] low and high boundaries for computing mean and std.dev: (91, 486)
[0000][PE] mean and std.dev: (286.02, 58.70)
[0000][PE] low and high boundaries for proper pairs: (12, 565)
[0000][PE] analyzing insert size distribution for orientation RF...
[0000][PE] (25, 50, 75) percentile: (580, 1789, 6821)
[0000][PE] low and high boundaries for computing mean and std.dev: (1, 19303)
[0000][PE] mean and std.dev: (3488.41, 3273.63)
[0000][PE] low and high boundaries for proper pairs: (1, 25544)
[0000][PE] analyzing insert size distribution for orientation RR...
[0000][PE] (25, 50, 75) percentile: (140, 191, 283)
[0000][PE] low and high boundaries for computing mean and std.dev: (1, 569)
[0000][PE] mean and std.dev: (188.90, 96.31)
[0000][PE] low and high boundaries for proper pairs: (1, 712)
[0000][PE] skip orientation FF
[0000][PE] skip orientation RF
[0000][PE] skip orientation RR
[0000] 3. Calling kt_for - worker_sam
	[0000][ M::mem_process_seqs] Processed 2762778 reads in 417.755 CPU sec, 12.243 real sec
[0000] read_chunk: 400000000, work_chunk_size: 400000122, nseq: 2763182
	[0000][ M::kt_pipeline] read 2763182 sequences (400000122 bp)...
[0000] Calling mem_process_seqs.., task: 17
[0000] 1. Calling kt_for - worker_bwt
[0000] 2. Calling kt_for - worker_aln
[0000] Inferring insert size distribution of PE reads from data, l_pac: 656111652, n: 2763182
[0000][PE] # candidate unique pairs for (FF, FR, RF, RR): (76, 1111295, 117, 82)
[0000][PE] analyzing insert size distribution for orientation FF...
[0000][PE] (25, 50, 75) percentile: (148, 213, 477)
[0000][PE] low and high boundaries for computing mean and std.dev: (1, 1135)
[0000][PE] mean and std.dev: (247.06, 195.42)
[0000][PE] low and high boundaries for proper pairs: (1, 1464)
[0000][PE] analyzing insert size distribution for orientation FR...
[0000][PE] (25, 50, 75) percentile: (249, 291, 328)
[0000][PE] low and high boundaries for computing mean and std.dev: (91, 486)
[0000][PE] mean and std.dev: (286.01, 58.75)
[0000][PE] low and high boundaries for proper pairs: (12, 565)
[0000][PE] analyzing insert size distribution for orientation RF...
[0000][PE] (25, 50, 75) percentile: (640, 3581, 6872)
[0000][PE] low and high boundaries for computing mean and std.dev: (1, 19336)
[0000][PE] mean and std.dev: (3938.79, 3268.79)
[0000][PE] low and high boundaries for proper pairs: (1, 25568)
[0000][PE] analyzing insert size distribution for orientation RR...
[0000][PE] (25, 50, 75) percentile: (153, 218, 372)
[0000][PE] low and high boundaries for computing mean and std.dev: (1, 810)
[0000][PE] mean and std.dev: (231.33, 139.37)
[0000][PE] low and high boundaries for proper pairs: (1, 1029)
[0000][PE] skip orientation FF
[0000][PE] skip orientation RF
[0000][PE] skip orientation RR
[0000] 3. Calling kt_for - worker_sam
[0000] read_chunk: 400000000, work_chunk_size: 400000093, nseq: 2761402
	[0000][ M::kt_pipeline] read 2761402 sequences (400000093 bp)...
	[0000][ M::mem_process_seqs] Processed 2763182 reads in 418.157 CPU sec, 12.183 real sec
[0000] Calling mem_process_seqs.., task: 18
[0000] 1. Calling kt_for - worker_bwt
[0000] 2. Calling kt_for - worker_aln
[0000] Inferring insert size distribution of PE reads from data, l_pac: 656111652, n: 2761402
[0000][PE] # candidate unique pairs for (FF, FR, RF, RR): (80, 1096522, 130, 80)
[0000][PE] analyzing insert size distribution for orientation FF...
[0000][PE] (25, 50, 75) percentile: (153, 198, 311)
[0000][PE] low and high boundaries for computing mean and std.dev: (1, 627)
[0000][PE] mean and std.dev: (185.32, 82.08)
[0000][PE] low and high boundaries for proper pairs: (1, 785)
[0000][PE] analyzing insert size distribution for orientation FR...
[0000][PE] (25, 50, 75) percentile: (249, 290, 328)
[0000][PE] low and high boundaries for computing mean and std.dev: (91, 486)
[0000][PE] mean and std.dev: (285.97, 58.66)
[0000][PE] low and high boundaries for proper pairs: (12, 565)
[0000][PE] analyzing insert size distribution for orientation RF...
[0000][PE] (25, 50, 75) percentile: (528, 1407, 6144)
[0000][PE] low and high boundaries for computing mean and std.dev: (1, 17376)
[0000][PE] mean and std.dev: (3173.38, 3385.02)
[0000][PE] low and high boundaries for proper pairs: (1, 22992)
[0000][PE] analyzing insert size distribution for orientation RR...
[0000][PE] (25, 50, 75) percentile: (178, 237, 791)
[0000][PE] low and high boundaries for computing mean and std.dev: (1, 2017)
[0000][PE] mean and std.dev: (352.42, 412.58)
[0000][PE] low and high boundaries for proper pairs: (1, 2630)
[0000][PE] skip orientation FF
[0000][PE] skip orientation RF
[0000][PE] skip orientation RR
[0000] 3. Calling kt_for - worker_sam
	[0000][ M::mem_process_seqs] Processed 2761402 reads in 449.727 CPU sec, 12.552 real sec
[0000] read_chunk: 400000000, work_chunk_size: 400000208, nseq: 2763068
	[0000][ M::kt_pipeline] read 2763068 sequences (400000208 bp)...
[0000] Calling mem_process_seqs.., task: 19
[0000] 1. Calling kt_for - worker_bwt
[0000] 2. Calling kt_for - worker_aln
[0000] Inferring insert size distribution of PE reads from data, l_pac: 656111652, n: 2763068
[0000][PE] # candidate unique pairs for (FF, FR, RF, RR): (86, 1112670, 126, 73)
[0000][PE] analyzing insert size distribution for orientation FF...
[0000][PE] (25, 50, 75) percentile: (137, 190, 253)
[0000][PE] low and high boundaries for computing mean and std.dev: (1, 485)
[0000][PE] mean and std.dev: (174.97, 63.34)
[0000][PE] low and high boundaries for proper pairs: (1, 601)
[0000][PE] analyzing insert size distribution for orientation FR...
[0000][PE] (25, 50, 75) percentile: (249, 290, 328)
[0000][PE] low and high boundaries for computing mean and std.dev: (91, 486)
[0000][PE] mean and std.dev: (285.96, 58.74)
[0000][PE] low and high boundaries for proper pairs: (12, 565)
[0000][PE] analyzing insert size distribution for orientation RF...
[0000][PE] (25, 50, 75) percentile: (390, 2696, 6377)
[0000][PE] low and high boundaries for computing mean and std.dev: (1, 18351)
[0000][PE] mean and std.dev: (3603.98, 3317.41)
[0000][PE] low and high boundaries for proper pairs: (1, 24338)
[0000][PE] analyzing insert size distribution for orientation RR...
[0000][PE] (25, 50, 75) percentile: (149, 219, 301)
[0000][PE] low and high boundaries for computing mean and std.dev: (1, 605)
[0000][PE] mean and std.dev: (196.15, 90.63)
[0000][PE] low and high boundaries for proper pairs: (1, 757)
[0000][PE] skip orientation FF
[0000][PE] skip orientation RF
[0000][PE] skip orientation RR
[0000] 3. Calling kt_for - worker_sam
	[0000][ M::mem_process_seqs] Processed 2763068 reads in 432.889 CPU sec, 12.781 real sec
[0000] read_chunk: 400000000, work_chunk_size: 400000067, nseq: 2763576
	[0000][ M::kt_pipeline] read 2763576 sequences (400000067 bp)...
[0000] Calling mem_process_seqs.., task: 20
[0000] 1. Calling kt_for - worker_bwt
[0000] 2. Calling kt_for - worker_aln
[0000] Inferring insert size distribution of PE reads from data, l_pac: 656111652, n: 2763576
[0000][PE] # candidate unique pairs for (FF, FR, RF, RR): (90, 1123829, 152, 97)
[0000][PE] analyzing insert size distribution for orientation FF...
[0000][PE] (25, 50, 75) percentile: (156, 243, 590)
[0000][PE] low and high boundaries for computing mean and std.dev: (1, 1458)
[0000][PE] mean and std.dev: (307.57, 277.42)
[0000][PE] low and high boundaries for proper pairs: (1, 1892)
[0000][PE] analyzing insert size distribution for orientation FR...
[0000][PE] (25, 50, 75) percentile: (249, 291, 328)
[0000][PE] low and high boundaries for computing mean and std.dev: (91, 486)
[0000][PE] mean and std.dev: (286.06, 58.61)
[0000][PE] low and high boundaries for proper pairs: (12, 565)
[0000][PE] analyzing insert size distribution for orientation RF...
[0000][PE] (25, 50, 75) percentile: (723, 4111, 7639)
[0000][PE] low and high boundaries for computing mean and std.dev: (1, 21471)
[0000][PE] mean and std.dev: (4296.24, 3444.66)
[0000][PE] low and high boundaries for proper pairs: (1, 28387)
[0000][PE] analyzing insert size distribution for orientation RR...
[0000][PE] (25, 50, 75) percentile: (159, 199, 281)
[0000][PE] low and high boundaries for computing mean and std.dev: (1, 525)
[0000][PE] mean and std.dev: (189.64, 71.63)
[0000][PE] low and high boundaries for proper pairs: (1, 647)
[0000][PE] skip orientation FF
[0000][PE] skip orientation RF
[0000][PE] skip orientation RR
[0000] 3. Calling kt_for - worker_sam
	[0000][ M::mem_process_seqs] Processed 2763576 reads in 393.969 CPU sec, 11.662 real sec
[0000] read_chunk: 400000000, work_chunk_size: 400000225, nseq: 2762038
	[0000][ M::kt_pipeline] read 2762038 sequences (400000225 bp)...
[0000] Calling mem_process_seqs.., task: 21
[0000] 1. Calling kt_for - worker_bwt
[0000] 2. Calling kt_for - worker_aln
[0000] Inferring insert size distribution of PE reads from data, l_pac: 656111652, n: 2762038
[0000][PE] # candidate unique pairs for (FF, FR, RF, RR): (92, 1095975, 128, 97)
[0000][PE] analyzing insert size distribution for orientation FF...
[0000][PE] (25, 50, 75) percentile: (149, 197, 532)
[0000][PE] low and high boundaries for computing mean and std.dev: (1, 1298)
[0000][PE] mean and std.dev: (247.74, 228.60)
[0000][PE] low and high boundaries for proper pairs: (1, 1681)
[0000][PE] analyzing insert size distribution for orientation FR...
[0000][PE] (25, 50, 75) percentile: (249, 291, 328)
[0000][PE] low and high boundaries for computing mean and std.dev: (91, 486)
[0000][PE] mean and std.dev: (286.01, 58.75)
[0000][PE] low and high boundaries for proper pairs: (12, 565)
[0000][PE] analyzing insert size distribution for orientation RF...
[0000][PE] (25, 50, 75) percentile: (892, 3012, 5916)
[0000][PE] low and high boundaries for computing mean and std.dev: (1, 15964)
[0000][PE] mean and std.dev: (3480.36, 2809.35)
[0000][PE] low and high boundaries for proper pairs: (1, 20988)
[0000][PE] analyzing insert size distribution for orientation RR...
[0000][PE] (25, 50, 75) percentile: (165, 229, 998)
[0000][PE] low and high boundaries for computing mean and std.dev: (1, 2664)
[0000][PE] mean and std.dev: (310.76, 335.48)
[0000][PE] low and high boundaries for proper pairs: (1, 3497)
[0000][PE] skip orientation FF
[0000][PE] skip orientation RF
[0000][PE] skip orientation RR
[0000] 3. Calling kt_for - worker_sam
	[0000][ M::mem_process_seqs] Processed 2762038 reads in 451.794 CPU sec, 13.265 real sec
[0000] read_chunk: 400000000, work_chunk_size: 400000123, nseq: 2763090
	[0000][ M::kt_pipeline] read 2763090 sequences (400000123 bp)...
[0000] Calling mem_process_seqs.., task: 22
[0000] 1. Calling kt_for - worker_bwt
[0000] 2. Calling kt_for - worker_aln
[0000] read_chunk: 400000000, work_chunk_size: 214225016, nseq: 1480066
	[0000][ M::kt_pipeline] read 1480066 sequences (214225016 bp)...
[0000] Inferring insert size distribution of PE reads from data, l_pac: 656111652, n: 2763090
[0000][PE] # candidate unique pairs for (FF, FR, RF, RR): (83, 1123882, 161, 61)
[0000][PE] analyzing insert size distribution for orientation FF...
[0000][PE] (25, 50, 75) percentile: (176, 231, 1004)
[0000][PE] low and high boundaries for computing mean and std.dev: (1, 2660)
[0000][PE] mean and std.dev: (457.32, 547.58)
[0000][PE] low and high boundaries for proper pairs: (1, 3488)
[0000][PE] analyzing insert size distribution for orientation FR...
[0000][PE] (25, 50, 75) percentile: (249, 291, 328)
[0000][PE] low and high boundaries for computing mean and std.dev: (91, 486)
[0000][PE] mean and std.dev: (286.07, 58.64)
[0000][PE] low and high boundaries for proper pairs: (12, 565)
[0000][PE] analyzing insert size distribution for orientation RF...
[0000][PE] (25, 50, 75) percentile: (678, 3061, 6274)
[0000][PE] low and high boundaries for computing mean and std.dev: (1, 17466)
[0000][PE] mean and std.dev: (3642.74, 3171.70)
[0000][PE] low and high boundaries for proper pairs: (1, 23062)
[0000][PE] analyzing insert size distribution for orientation RR...
[0000][PE] (25, 50, 75) percentile: (139, 216, 999)
[0000][PE] low and high boundaries for computing mean and std.dev: (1, 2719)
[0000][PE] mean and std.dev: (474.55, 687.37)
[0000][PE] low and high boundaries for proper pairs: (1, 3579)
[0000][PE] skip orientation FF
[0000][PE] skip orientation RF
[0000][PE] skip orientation RR
[0000] 3. Calling kt_for - worker_sam
	[0000][ M::mem_process_seqs] Processed 2763090 reads in 392.049 CPU sec, 11.217 real sec
[0000] Calling mem_process_seqs.., task: 23
[0000] 1. Calling kt_for - worker_bwt
[0000] 2. Calling kt_for - worker_aln
[0000] Inferring insert size distribution of PE reads from data, l_pac: 656111652, n: 1480066
[0000][PE] # candidate unique pairs for (FF, FR, RF, RR): (34, 601231, 62, 52)
[0000][PE] analyzing insert size distribution for orientation FF...
[0000][PE] (25, 50, 75) percentile: (133, 185, 397)
[0000][PE] low and high boundaries for computing mean and std.dev: (1, 925)
[0000][PE] mean and std.dev: (192.89, 111.29)
[0000][PE] low and high boundaries for proper pairs: (1, 1189)
[0000][PE] analyzing insert size distribution for orientation FR...
[0000][PE] (25, 50, 75) percentile: (249, 291, 328)
[0000][PE] low and high boundaries for computing mean and std.dev: (91, 486)
[0000][PE] mean and std.dev: (286.02, 58.79)
[0000][PE] low and high boundaries for proper pairs: (12, 565)
[0000][PE] analyzing insert size distribution for orientation RF...
[0000][PE] (25, 50, 75) percentile: (390, 1682, 7253)
[0000][PE] low and high boundaries for computing mean and std.dev: (1, 20979)
[0000][PE] mean and std.dev: (3827.60, 3579.39)
[0000][PE] low and high boundaries for proper pairs: (1, 27842)
[0000][PE] analyzing insert size distribution for orientation RR...
[0000][PE] (25, 50, 75) percentile: (179, 231, 512)
[0000][PE] low and high boundaries for computing mean and std.dev: (1, 1178)
[0000][PE] mean and std.dev: (331.71, 282.18)
[0000][PE] low and high boundaries for proper pairs: (1, 1511)
[0000][PE] skip orientation FF
[0000][PE] skip orientation RF
[0000][PE] skip orientation RR
[0000] 3. Calling kt_for - worker_sam
	[0000][ M::mem_process_seqs] Processed 1480066 reads in 216.213 CPU sec, 12.653 real sec
[0000] read_chunk: 400000000, work_chunk_size: 0, nseq: 0
[0000] read_chunk: 400000000, work_chunk_size: 0, nseq: 0
[0000] Computation ends..
No. of OMP threads: 40
Processor is running @2394.707398 MHz
Runtime profile:

	Time taken for main_mem function: 485.62 sec

	IO times (sec) :
	Reading IO time (reads) avg: 235.80, (235.80, 235.80)
	Writing IO time (SAM) avg: 196.75, (196.75, 196.75)
	Reading IO time (Reference Genome) avg: 0.75, (0.75, 0.75)
	Index read time avg: 0.12, (0.12, 0.12)

	Overall time (sec) (Excluding Index reading time):
	PROCESS() (Total compute time + (read + SAM) IO time) : 484.67
	MEM_PROCESS_SEQ() (Total compute time (Kernel + SAM)), avg: 295.19, (295.19, 295.19)

	 SAM Processing time (sec):
	--WORKER_SAM avg: 122.51, (122.51, 122.51)

	Kernels' compute time (sec):
	Total kernel (smem+sal+bsw) time avg: 164.91, (164.91, 164.91)
		MEM_ALN_CHAIN_FLT avg: 0.00, (0.00, 0.00)
		MEM_ALN_CHAIN_SEED avg: 0.00, (0.00, 0.00)
		ERT_SEED_CHAIN avg: 0.00, (0.00, 0.00)
	LEARNED_SEED_CHAIN avg: 64.51, (65.00, 64.05)
		SMEM compute avg: 0.00, (0.00, 0.00)
		SAL compute avg: 0.00, (0.00, 0.00)
				MEM_SA avg: 0.00, (0.00, 0.00)

		BSW time, avg: 92.77, (93.56, 92.07)

Important parameter settings: 
	BATCH_SIZE: 512
	MAX_SEQ_LEN_REF: 256
	MAX_SEQ_LEN_QER: 128
	MAX_SEQ_LEN8: 128
	SEEDS_PER_READ: 500
	SIMD_WIDTH8 X: 64
	SIMD_WIDTH16 X: 32
	AVG_SEEDS_PER_READ: 64
