Looking to launch executable "/opt/conda/bin/bwa-meme_mode3.avx512bw", simd = _mode3.avx512bw
Launching executable "/opt/conda/bin/bwa-meme_mode3.avx512bw"
-----------------------------
Executing in AVX512 mode!!
-----------------------------
* SA compression enabled with xfactor: 8
* Ref file: reference.902362185.genome.fasta
* Entering FMI_search
Reading other elements of the index from files reference.902362185.genome.fasta
* Index prefix: reference.902362185.genome.fasta
* Read 0 ALT contigs
* Reading reference genome..
* Binary seq file = reference.902362185.genome.fasta.0123
* Reference genome size: 1312223304 bp
* Done reading reference genome !!

------------------------------------------
1. Memory pre-allocation for Chaining: 5679.4903 MB
2. Memory pre-allocation for BSW: 9584.6810 MB
[M::memoryAllocLearned::MEME] Reading Learned-index models into memory
[Learned-Config] MODE:3 SEARCH_METHOD: 1 MEM_TRADEOFF:1 EXPONENTIAL_SMEMSEARCH: 1 DEBUG_MODE:0 Num 2nd Models:268435456 PWL Bits Used:28
[M::memoryAllocLearned::MEME] Loading RMI model and Pac reference file took 9.702 sec
[M::memoryAllocLearned::MEME] Reading suffix array into memory
[M::memoryAllocLearned::MEME] Loading pos_packed file took 14.172 sec
[M::memoryAllocLearned::MEME] Generating SA, 64-bit Suffix and ISA in memory
[M::memoryAllocLearned::MEME] Runtime-build-index took 13.098 sec
3. Memory pre-allocation for BWT: 7204.5072 MB
------------------------------------------
* Threads used (compute): 40
* No. of pipeline threads: 2

[0000] read_chunk: 400000000, work_chunk_size: 400000037, nseq: 2818640
	[0000][ M::kt_pipeline] read 2818640 sequences (400000037 bp)...
[0000] Reallocating initial memory allocations!!
[0000] Calling mem_process_seqs.., task: 0
[0000] 1. Calling kt_for - worker_bwt
[0000] 2. Calling kt_for - worker_aln
[0000] Inferring insert size distribution of PE reads from data, l_pac: 656111652, n: 2818640
[0000][PE] # candidate unique pairs for (FF, FR, RF, RR): (91, 1138846, 133, 71)
[0000][PE] analyzing insert size distribution for orientation FF...
[0000][PE] (25, 50, 75) percentile: (122, 196, 359)
[0000][PE] low and high boundaries for computing mean and std.dev: (1, 833)
[0000][PE] mean and std.dev: (212.24, 167.41)
[0000][PE] low and high boundaries for proper pairs: (1, 1070)
[0000][PE] analyzing insert size distribution for orientation FR...
[0000][PE] (25, 50, 75) percentile: (226, 277, 320)
[0000][PE] low and high boundaries for computing mean and std.dev: (38, 508)
[0000][PE] mean and std.dev: (261.66, 79.57)
[0000][PE] low and high boundaries for proper pairs: (1, 602)
[0000][PE] analyzing insert size distribution for orientation RF...
[0000][PE] (25, 50, 75) percentile: (662, 2129, 6633)
[0000][PE] low and high boundaries for computing mean and std.dev: (1, 18575)
[0000][PE] mean and std.dev: (3550.21, 3119.32)
[0000][PE] low and high boundaries for proper pairs: (1, 24546)
[0000][PE] analyzing insert size distribution for orientation RR...
[0000][PE] (25, 50, 75) percentile: (109, 165, 330)
[0000][PE] low and high boundaries for computing mean and std.dev: (1, 772)
[0000][PE] mean and std.dev: (154.20, 91.62)
[0000][PE] low and high boundaries for proper pairs: (1, 993)
[0000][PE] skip orientation FF
[0000][PE] skip orientation RF
[0000][PE] skip orientation RR
[0000] 3. Calling kt_for - worker_sam
[0000] read_chunk: 400000000, work_chunk_size: 400000213, nseq: 2817454
	[0000][ M::kt_pipeline] read 2817454 sequences (400000213 bp)...
	[0000][ M::mem_process_seqs] Processed 2818640 reads in 439.968 CPU sec, 11.844 real sec
[0000] Calling mem_process_seqs.., task: 1
[0000] 1. Calling kt_for - worker_bwt
[0000] 2. Calling kt_for - worker_aln
[0000] Inferring insert size distribution of PE reads from data, l_pac: 656111652, n: 2817454
[0000][PE] # candidate unique pairs for (FF, FR, RF, RR): (102, 1131839, 95, 73)
[0000][PE] analyzing insert size distribution for orientation FF...
[0000][PE] (25, 50, 75) percentile: (114, 179, 251)
[0000][PE] low and high boundaries for computing mean and std.dev: (1, 525)
[0000][PE] mean and std.dev: (161.61, 75.29)
[0000][PE] low and high boundaries for proper pairs: (1, 662)
[0000][PE] analyzing insert size distribution for orientation FR...
[0000][PE] (25, 50, 75) percentile: (226, 277, 320)
[0000][PE] low and high boundaries for computing mean and std.dev: (38, 508)
[0000][PE] mean and std.dev: (261.70, 79.52)
[0000][PE] low and high boundaries for proper pairs: (1, 602)
[0000][PE] analyzing insert size distribution for orientation RF...
[0000][PE] (25, 50, 75) percentile: (399, 1801, 5946)
[0000][PE] low and high boundaries for computing mean and std.dev: (1, 17040)
[0000][PE] mean and std.dev: (3196.33, 3264.76)
[0000][PE] low and high boundaries for proper pairs: (1, 22587)
[0000][PE] analyzing insert size distribution for orientation RR...
[0000][PE] (25, 50, 75) percentile: (149, 220, 713)
[0000][PE] low and high boundaries for computing mean and std.dev: (1, 1841)
[0000][PE] mean and std.dev: (375.91, 417.73)
[0000][PE] low and high boundaries for proper pairs: (1, 2405)
[0000][PE] skip orientation FF
[0000][PE] skip orientation RF
[0000][PE] skip orientation RR
[0000] 3. Calling kt_for - worker_sam
	[0000][ M::mem_process_seqs] Processed 2817454 reads in 462.105 CPU sec, 12.678 real sec
[0000] read_chunk: 400000000, work_chunk_size: 400000276, nseq: 2819102
	[0000][ M::kt_pipeline] read 2819102 sequences (400000276 bp)...
[0000] Reallocating initial memory allocations!!
[0000] Calling mem_process_seqs.., task: 2
[0000] 1. Calling kt_for - worker_bwt
[0000] 2. Calling kt_for - worker_aln
[0000] read_chunk: 400000000, work_chunk_size: 207082177, nseq: 1459990
	[0000][ M::kt_pipeline] read 1459990 sequences (207082177 bp)...
[0000] Inferring insert size distribution of PE reads from data, l_pac: 656111652, n: 2819102
[0000][PE] # candidate unique pairs for (FF, FR, RF, RR): (90, 1142843, 133, 91)
[0000][PE] analyzing insert size distribution for orientation FF...
[0000][PE] (25, 50, 75) percentile: (112, 175, 238)
[0000][PE] low and high boundaries for computing mean and std.dev: (1, 490)
[0000][PE] mean and std.dev: (162.32, 79.46)
[0000][PE] low and high boundaries for proper pairs: (1, 616)
[0000][PE] analyzing insert size distribution for orientation FR...
[0000][PE] (25, 50, 75) percentile: (226, 277, 320)
[0000][PE] low and high boundaries for computing mean and std.dev: (38, 508)
[0000][PE] mean and std.dev: (261.65, 79.52)
[0000][PE] low and high boundaries for proper pairs: (1, 602)
[0000][PE] analyzing insert size distribution for orientation RF...
[0000][PE] (25, 50, 75) percentile: (625, 3142, 6216)
[0000][PE] low and high boundaries for computing mean and std.dev: (1, 17398)
[0000][PE] mean and std.dev: (3552.22, 3038.14)
[0000][PE] low and high boundaries for proper pairs: (1, 22989)
[0000][PE] analyzing insert size distribution for orientation RR...
[0000][PE] (25, 50, 75) percentile: (124, 179, 274)
[0000][PE] low and high boundaries for computing mean and std.dev: (1, 574)
[0000][PE] mean and std.dev: (164.12, 75.19)
[0000][PE] low and high boundaries for proper pairs: (1, 724)
[0000][PE] skip orientation FF
[0000][PE] skip orientation RF
[0000][PE] skip orientation RR
[0000] 3. Calling kt_for - worker_sam
	[0000][ M::mem_process_seqs] Processed 2819102 reads in 432.433 CPU sec, 11.700 real sec
[0000] Calling mem_process_seqs.., task: 3
[0000] 1. Calling kt_for - worker_bwt
[0000] 2. Calling kt_for - worker_aln
[0000] Inferring insert size distribution of PE reads from data, l_pac: 656111652, n: 1459990
[0000][PE] # candidate unique pairs for (FF, FR, RF, RR): (44, 598802, 56, 49)
[0000][PE] analyzing insert size distribution for orientation FF...
[0000][PE] (25, 50, 75) percentile: (159, 174, 410)
[0000][PE] low and high boundaries for computing mean and std.dev: (1, 912)
[0000][PE] mean and std.dev: (217.28, 125.64)
[0000][PE] low and high boundaries for proper pairs: (1, 1163)
[0000][PE] analyzing insert size distribution for orientation FR...
[0000][PE] (25, 50, 75) percentile: (226, 277, 320)
[0000][PE] low and high boundaries for computing mean and std.dev: (38, 508)
[0000][PE] mean and std.dev: (261.69, 79.60)
[0000][PE] low and high boundaries for proper pairs: (1, 602)
[0000][PE] analyzing insert size distribution for orientation RF...
[0000][PE] (25, 50, 75) percentile: (986, 2775, 5857)
[0000][PE] low and high boundaries for computing mean and std.dev: (1, 15599)
[0000][PE] mean and std.dev: (3482.32, 2915.39)
[0000][PE] low and high boundaries for proper pairs: (1, 20470)
[0000][PE] analyzing insert size distribution for orientation RR...
[0000][PE] (25, 50, 75) percentile: (149, 213, 1882)
[0000][PE] low and high boundaries for computing mean and std.dev: (1, 5348)
[0000][PE] mean and std.dev: (655.10, 1120.45)
[0000][PE] low and high boundaries for proper pairs: (1, 7081)
[0000][PE] skip orientation FF
[0000][PE] skip orientation RF
[0000][PE] skip orientation RR
[0000] 3. Calling kt_for - worker_sam
[0000] read_chunk: 400000000, work_chunk_size: 0, nseq: 0
	[0000][ M::mem_process_seqs] Processed 1459990 reads in 213.670 CPU sec, 6.019 real sec
[0000] read_chunk: 400000000, work_chunk_size: 0, nseq: 0
[0000] Computation ends..
No. of OMP threads: 40
Processor is running @2394.721830 MHz
Runtime profile:

	Time taken for main_mem function: 88.58 sec

	IO times (sec) :
	Reading IO time (reads) avg: 31.04, (31.04, 31.04)
	Writing IO time (SAM) avg: 11.97, (11.97, 11.97)
	Reading IO time (Reference Genome) avg: 0.51, (0.51, 0.51)
	Index read time avg: 0.12, (0.12, 0.12)

	Overall time (sec) (Excluding Index reading time):
	PROCESS() (Total compute time + (read + SAM) IO time) : 87.94
	MEM_PROCESS_SEQ() (Total compute time (Kernel + SAM)), avg: 42.24, (42.24, 42.24)

	 SAM Processing time (sec):
	--WORKER_SAM avg: 17.46, (17.46, 17.46)

	Kernels' compute time (sec):
	Total kernel (smem+sal+bsw) time avg: 23.72, (23.72, 23.72)
		MEM_ALN_CHAIN_FLT avg: 0.00, (0.00, 0.00)
		MEM_ALN_CHAIN_SEED avg: 0.00, (0.00, 0.00)
		ERT_SEED_CHAIN avg: 0.00, (0.00, 0.00)
	LEARNED_SEED_CHAIN avg: 9.12, (9.17, 9.05)
		SMEM compute avg: 0.00, (0.00, 0.00)
		SAL compute avg: 0.00, (0.00, 0.00)
				MEM_SA avg: 0.00, (0.00, 0.00)

		BSW time, avg: 13.58, (13.79, 13.49)

Important parameter settings: 
	BATCH_SIZE: 512
	MAX_SEQ_LEN_REF: 256
	MAX_SEQ_LEN_QER: 128
	MAX_SEQ_LEN8: 128
	SEEDS_PER_READ: 500
	SIMD_WIDTH8 X: 64
	SIMD_WIDTH16 X: 32
	AVG_SEEDS_PER_READ: 64
