Looking to launch executable "/opt/conda/bin/bwa-meme_mode3.avx512bw", simd = _mode3.avx512bw
Launching executable "/opt/conda/bin/bwa-meme_mode3.avx512bw"
-----------------------------
Executing in AVX512 mode!!
-----------------------------
* SA compression enabled with xfactor: 8
* Ref file: reference.902362185.genome.fasta
* Entering FMI_search
Reading other elements of the index from files reference.902362185.genome.fasta
* Index prefix: reference.902362185.genome.fasta
* Read 0 ALT contigs
* Reading reference genome..
* Binary seq file = reference.902362185.genome.fasta.0123
* Reference genome size: 1312223304 bp
* Done reading reference genome !!

------------------------------------------
1. Memory pre-allocation for Chaining: 5679.4903 MB
2. Memory pre-allocation for BSW: 9584.6810 MB
[M::memoryAllocLearned::MEME] Reading Learned-index models into memory
[Learned-Config] MODE:3 SEARCH_METHOD: 1 MEM_TRADEOFF:1 EXPONENTIAL_SMEMSEARCH: 1 DEBUG_MODE:0 Num 2nd Models:268435456 PWL Bits Used:28
[M::memoryAllocLearned::MEME] Loading RMI model and Pac reference file took 9.510 sec
[M::memoryAllocLearned::MEME] Reading suffix array into memory
[M::memoryAllocLearned::MEME] Loading pos_packed file took 13.861 sec
[M::memoryAllocLearned::MEME] Generating SA, 64-bit Suffix and ISA in memory
[M::memoryAllocLearned::MEME] Runtime-build-index took 13.436 sec
3. Memory pre-allocation for BWT: 7204.5072 MB
------------------------------------------
* Threads used (compute): 40
* No. of pipeline threads: 2

[0000] read_chunk: 400000000, work_chunk_size: 400000168, nseq: 2796172
	[0000][ M::kt_pipeline] read 2796172 sequences (400000168 bp)...
[0000] Reallocating initial memory allocations!!
[0000] Calling mem_process_seqs.., task: 0
[0000] 1. Calling kt_for - worker_bwt
[0000] 2. Calling kt_for - worker_aln
[0000] read_chunk: 400000000, work_chunk_size: 400000171, nseq: 2800184
	[0000][ M::kt_pipeline] read 2800184 sequences (400000171 bp)...
[0000] Inferring insert size distribution of PE reads from data, l_pac: 656111652, n: 2796172
[0000][PE] # candidate unique pairs for (FF, FR, RF, RR): (69, 1116224, 122, 77)
[0000][PE] analyzing insert size distribution for orientation FF...
[0000][PE] (25, 50, 75) percentile: (165, 240, 1220)
[0000][PE] low and high boundaries for computing mean and std.dev: (1, 3330)
[0000][PE] mean and std.dev: (408.57, 551.71)
[0000][PE] low and high boundaries for proper pairs: (1, 4385)
[0000][PE] analyzing insert size distribution for orientation FR...
[0000][PE] (25, 50, 75) percentile: (236, 283, 324)
[0000][PE] low and high boundaries for computing mean and std.dev: (60, 500)
[0000][PE] mean and std.dev: (271.16, 72.92)
[0000][PE] low and high boundaries for proper pairs: (1, 588)
[0000][PE] analyzing insert size distribution for orientation RF...
[0000][PE] (25, 50, 75) percentile: (407, 2396, 6609)
[0000][PE] low and high boundaries for computing mean and std.dev: (1, 19013)
[0000][PE] mean and std.dev: (3440.14, 3160.97)
[0000][PE] low and high boundaries for proper pairs: (1, 25215)
[0000][PE] analyzing insert size distribution for orientation RR...
[0000][PE] (25, 50, 75) percentile: (147, 213, 529)
[0000][PE] low and high boundaries for computing mean and std.dev: (1, 1293)
[0000][PE] mean and std.dev: (248.20, 213.58)
[0000][PE] low and high boundaries for proper pairs: (1, 1675)
[0000][PE] skip orientation FF
[0000][PE] skip orientation RF
[0000][PE] skip orientation RR
[0000] 3. Calling kt_for - worker_sam
	[0000][ M::mem_process_seqs] Processed 2796172 reads in 476.360 CPU sec, 12.891 real sec
[0000] Reallocating initial memory allocations!!
[0000] Calling mem_process_seqs.., task: 1
[0000] 1. Calling kt_for - worker_bwt
[0000] 2. Calling kt_for - worker_aln
[0000] Inferring insert size distribution of PE reads from data, l_pac: 656111652, n: 2800184
[0000] read_chunk: 400000000, work_chunk_size: 400000199, nseq: 2799786
	[0000][ M::kt_pipeline] read 2799786 sequences (400000199 bp)...
[0000][PE] # candidate unique pairs for (FF, FR, RF, RR): (89, 1147645, 127, 62)
[0000][PE] analyzing insert size distribution for orientation FF...
[0000][PE] (25, 50, 75) percentile: (124, 169, 314)
[0000][PE] low and high boundaries for computing mean and std.dev: (1, 694)
[0000][PE] mean and std.dev: (198.55, 135.93)
[0000][PE] low and high boundaries for proper pairs: (1, 884)
[0000][PE] analyzing insert size distribution for orientation FR...
[0000][PE] (25, 50, 75) percentile: (236, 283, 323)
[0000][PE] low and high boundaries for computing mean and std.dev: (62, 497)
[0000][PE] mean and std.dev: (271.38, 72.49)
[0000][PE] low and high boundaries for proper pairs: (1, 584)
[0000][PE] analyzing insert size distribution for orientation RF...
[0000][PE] (25, 50, 75) percentile: (379, 2286, 5767)
[0000][PE] low and high boundaries for computing mean and std.dev: (1, 16543)
[0000][PE] mean and std.dev: (3274.13, 3101.69)
[0000][PE] low and high boundaries for proper pairs: (1, 21931)
[0000][PE] analyzing insert size distribution for orientation RR...
[0000][PE] (25, 50, 75) percentile: (164, 215, 380)
[0000][PE] low and high boundaries for computing mean and std.dev: (1, 812)
[0000][PE] mean and std.dev: (209.34, 87.93)
[0000][PE] low and high boundaries for proper pairs: (1, 1028)
[0000][PE] skip orientation FF
[0000][PE] skip orientation RF
[0000][PE] skip orientation RR
[0000] 3. Calling kt_for - worker_sam
	[0000][ M::mem_process_seqs] Processed 2800184 reads in 404.792 CPU sec, 10.770 real sec
[0000] Calling mem_process_seqs.., task: 2
[0000] 1. Calling kt_for - worker_bwt
[0000] 2. Calling kt_for - worker_aln
[0000] Inferring insert size distribution of PE reads from data, l_pac: 656111652, n: 2799786
[0000][PE] # candidate unique pairs for (FF, FR, RF, RR): (62, 1144007, 116, 76)
[0000][PE] analyzing insert size distribution for orientation FF...
[0000][PE] (25, 50, 75) percentile: (142, 217, 339)
[0000][PE] low and high boundaries for computing mean and std.dev: (1, 733)
[0000][PE] mean and std.dev: (201.36, 107.44)
[0000][PE] low and high boundaries for proper pairs: (1, 930)
[0000][PE] analyzing insert size distribution for orientation FR...
[0000][PE] (25, 50, 75) percentile: (235, 283, 323)
[0000][PE] low and high boundaries for computing mean and std.dev: (59, 499)
[0000][PE] mean and std.dev: (270.80, 73.15)
[0000][PE] low and high boundaries for proper pairs: (1, 587)
[0000][PE] analyzing insert size distribution for orientation RF...
[0000][PE] (25, 50, 75) percentile: (536, 2064, 5435)
[0000][PE] low and high boundaries for computing mean and std.dev: (1, 15233)
[0000][PE] mean and std.dev: (3154.32, 3001.58)
[0000][PE] low and high boundaries for proper pairs: (1, 20132)
[0000][PE] analyzing insert size distribution for orientation RR...
[0000][PE] (25, 50, 75) percentile: (156, 191, 312)
[0000][PE] low and high boundaries for computing mean and std.dev: (1, 624)
[0000][PE] mean and std.dev: (196.48, 96.85)
[0000][PE] low and high boundaries for proper pairs: (1, 780)
[0000][PE] skip orientation FF
[0000][PE] skip orientation RF
[0000][PE] skip orientation RR
[0000] 3. Calling kt_for - worker_sam
	[0000][ M::mem_process_seqs] Processed 2799786 reads in 426.997 CPU sec, 11.901 real sec
[0000] read_chunk: 400000000, work_chunk_size: 400000236, nseq: 2796512
	[0000][ M::kt_pipeline] read 2796512 sequences (400000236 bp)...
[0000] Calling mem_process_seqs.., task: 3
[0000] 1. Calling kt_for - worker_bwt
[0000] 2. Calling kt_for - worker_aln
[0000] Inferring insert size distribution of PE reads from data, l_pac: 656111652, n: 2796512
[0000][PE] # candidate unique pairs for (FF, FR, RF, RR): (80, 1111733, 116, 63)
[0000][PE] analyzing insert size distribution for orientation FF...
[0000][PE] (25, 50, 75) percentile: (148, 224, 816)
[0000][PE] low and high boundaries for computing mean and std.dev: (1, 2152)
[0000][PE] mean and std.dev: (263.97, 274.40)
[0000][PE] low and high boundaries for proper pairs: (1, 2820)
[0000][PE] analyzing insert size distribution for orientation FR...
[0000][PE] (25, 50, 75) percentile: (235, 283, 323)
[0000][PE] low and high boundaries for computing mean and std.dev: (59, 499)
[0000][PE] mean and std.dev: (270.98, 73.09)
[0000][PE] low and high boundaries for proper pairs: (1, 587)
[0000][PE] analyzing insert size distribution for orientation RF...
[0000][PE] (25, 50, 75) percentile: (415, 2083, 5736)
[0000][PE] low and high boundaries for computing mean and std.dev: (1, 16378)
[0000][PE] mean and std.dev: (3210.07, 3106.50)
[0000][PE] low and high boundaries for proper pairs: (1, 21699)
[0000][PE] analyzing insert size distribution for orientation RR...
[0000][PE] (25, 50, 75) percentile: (179, 229, 420)
[0000][PE] low and high boundaries for computing mean and std.dev: (1, 902)
[0000][PE] mean and std.dev: (242.79, 132.88)
[0000][PE] low and high boundaries for proper pairs: (1, 1143)
[0000][PE] skip orientation FF
[0000][PE] skip orientation RF
[0000][PE] skip orientation RR
[0000] 3. Calling kt_for - worker_sam
[0000] read_chunk: 400000000, work_chunk_size: 400000007, nseq: 2798250
	[0000][ M::kt_pipeline] read 2798250 sequences (400000007 bp)...
	[0000][ M::mem_process_seqs] Processed 2796512 reads in 487.840 CPU sec, 13.040 real sec
[0000] Calling mem_process_seqs.., task: 4
[0000] 1. Calling kt_for - worker_bwt
[0000] 2. Calling kt_for - worker_aln
[0000] Inferring insert size distribution of PE reads from data, l_pac: 656111652, n: 2798250
[0000][PE] # candidate unique pairs for (FF, FR, RF, RR): (84, 1136183, 126, 88)
[0000][PE] analyzing insert size distribution for orientation FF...
[0000][PE] (25, 50, 75) percentile: (169, 233, 3417)
[0000][PE] low and high boundaries for computing mean and std.dev: (1, 9913)
[0000][PE] mean and std.dev: (1757.25, 2674.35)
[0000][PE] low and high boundaries for proper pairs: (1, 13161)
[0000][PE] analyzing insert size distribution for orientation FR...
[0000][PE] (25, 50, 75) percentile: (236, 283, 323)
[0000][PE] low and high boundaries for computing mean and std.dev: (62, 497)
[0000][PE] mean and std.dev: (271.48, 72.44)
[0000][PE] low and high boundaries for proper pairs: (1, 584)
[0000][PE] analyzing insert size distribution for orientation RF...
[0000][PE] (25, 50, 75) percentile: (703, 2310, 6661)
[0000][PE] low and high boundaries for computing mean and std.dev: (1, 18577)
[0000][PE] mean and std.dev: (3586.33, 3265.05)
[0000][PE] low and high boundaries for proper pairs: (1, 24535)
[0000][PE] analyzing insert size distribution for orientation RR...
[0000][PE] (25, 50, 75) percentile: (147, 225, 610)
[0000][PE] low and high boundaries for computing mean and std.dev: (1, 1536)
[0000][PE] mean and std.dev: (294.12, 310.41)
[0000][PE] low and high boundaries for proper pairs: (1, 1999)
[0000][PE] skip orientation FF
[0000][PE] skip orientation RF
[0000][PE] skip orientation RR
[0000] 3. Calling kt_for - worker_sam
	[0000][ M::mem_process_seqs] Processed 2798250 reads in 436.822 CPU sec, 11.764 real sec
[0000] read_chunk: 400000000, work_chunk_size: 400000175, nseq: 2799154
	[0000][ M::kt_pipeline] read 2799154 sequences (400000175 bp)...
[0000] Calling mem_process_seqs.., task: 5
[0000] 1. Calling kt_for - worker_bwt
[0000] 2. Calling kt_for - worker_aln
[0000] Inferring insert size distribution of PE reads from data, l_pac: 656111652, n: 2799154
[0000][PE] # candidate unique pairs for (FF, FR, RF, RR): (77, 1143581, 112, 85)
[0000][PE] analyzing insert size distribution for orientation FF...
[0000][PE] (25, 50, 75) percentile: (154, 192, 264)
[0000][PE] low and high boundaries for computing mean and std.dev: (1, 484)
[0000][PE] mean and std.dev: (175.24, 57.84)
[0000][PE] low and high boundaries for proper pairs: (1, 594)
[0000][PE] analyzing insert size distribution for orientation FR...
[0000][PE] (25, 50, 75) percentile: (235, 283, 323)
[0000][PE] low and high boundaries for computing mean and std.dev: (59, 499)
[0000][PE] mean and std.dev: (270.92, 73.06)
[0000][PE] low and high boundaries for proper pairs: (1, 587)
[0000][PE] analyzing insert size distribution for orientation RF...
[0000][PE] (25, 50, 75) percentile: (987, 4135, 6194)
[0000][PE] low and high boundaries for computing mean and std.dev: (1, 16608)
[0000][PE] mean and std.dev: (3962.85, 2895.36)
[0000][PE] low and high boundaries for proper pairs: (1, 21815)
[0000][PE] analyzing insert size distribution for orientation RR...
[0000][PE] (25, 50, 75) percentile: (165, 221, 327)
[0000][PE] low and high boundaries for computing mean and std.dev: (1, 651)
[0000][PE] mean and std.dev: (191.52, 65.58)
[0000][PE] low and high boundaries for proper pairs: (1, 813)
[0000][PE] skip orientation FF
[0000][PE] skip orientation RF
[0000][PE] skip orientation RR
[0000] 3. Calling kt_for - worker_sam
[0000] read_chunk: 400000000, work_chunk_size: 400000296, nseq: 2799272
	[0000][ M::kt_pipeline] read 2799272 sequences (400000296 bp)...
	[0000][ M::mem_process_seqs] Processed 2799154 reads in 422.068 CPU sec, 11.320 real sec
[0000] Calling mem_process_seqs.., task: 6
[0000] 1. Calling kt_for - worker_bwt
[0000] 2. Calling kt_for - worker_aln
[0000] Inferring insert size distribution of PE reads from data, l_pac: 656111652, n: 2799272
[0000][PE] # candidate unique pairs for (FF, FR, RF, RR): (65, 1140034, 133, 83)
[0000][PE] analyzing insert size distribution for orientation FF...
[0000][PE] (25, 50, 75) percentile: (149, 198, 421)
[0000][PE] low and high boundaries for computing mean and std.dev: (1, 965)
[0000][PE] mean and std.dev: (245.22, 211.61)
[0000][PE] low and high boundaries for proper pairs: (1, 1237)
[0000][PE] analyzing insert size distribution for orientation FR...
[0000][PE] (25, 50, 75) percentile: (235, 283, 323)
[0000][PE] low and high boundaries for computing mean and std.dev: (59, 499)
[0000][PE] mean and std.dev: (270.93, 73.14)
[0000][PE] low and high boundaries for proper pairs: (1, 587)
[0000][PE] analyzing insert size distribution for orientation RF...
[0000][PE] (25, 50, 75) percentile: (281, 2616, 6906)
[0000][PE] low and high boundaries for computing mean and std.dev: (1, 20156)
[0000][PE] mean and std.dev: (3600.95, 3290.06)
[0000][PE] low and high boundaries for proper pairs: (1, 26781)
[0000][PE] analyzing insert size distribution for orientation RR...
[0000][PE] (25, 50, 75) percentile: (146, 211, 273)
[0000][PE] low and high boundaries for computing mean and std.dev: (1, 527)
[0000][PE] mean and std.dev: (175.43, 63.00)
[0000][PE] low and high boundaries for proper pairs: (1, 654)
[0000][PE] skip orientation FF
[0000][PE] skip orientation RF
[0000][PE] skip orientation RR
[0000] 3. Calling kt_for - worker_sam
	[0000][ M::mem_process_seqs] Processed 2799272 reads in 420.443 CPU sec, 11.235 real sec
[0000] read_chunk: 400000000, work_chunk_size: 400000187, nseq: 2798532
	[0000][ M::kt_pipeline] read 2798532 sequences (400000187 bp)...
[0000] Calling mem_process_seqs.., task: 7
[0000] 1. Calling kt_for - worker_bwt
[0000] 2. Calling kt_for - worker_aln
[0000] Inferring insert size distribution of PE reads from data, l_pac: 656111652, n: 2798532
[0000][PE] # candidate unique pairs for (FF, FR, RF, RR): (77, 1127692, 133, 64)
[0000][PE] analyzing insert size distribution for orientation FF...
[0000][PE] (25, 50, 75) percentile: (154, 214, 407)
[0000][PE] low and high boundaries for computing mean and std.dev: (1, 913)
[0000][PE] mean and std.dev: (220.13, 155.95)
[0000][PE] low and high boundaries for proper pairs: (1, 1166)
[0000][PE] analyzing insert size distribution for orientation FR...
[0000][PE] (25, 50, 75) percentile: (235, 283, 323)
[0000][PE] low and high boundaries for computing mean and std.dev: (59, 499)
[0000][PE] mean and std.dev: (270.86, 73.12)
[0000][PE] low and high boundaries for proper pairs: (1, 587)
[0000][PE] analyzing insert size distribution for orientation RF...
[0000][PE] (25, 50, 75) percentile: (778, 2804, 5658)
[0000][PE] low and high boundaries for computing mean and std.dev: (1, 15418)
[0000][PE] mean and std.dev: (3473.05, 2948.10)
[0000][PE] low and high boundaries for proper pairs: (1, 20298)
[0000][PE] analyzing insert size distribution for orientation RR...
[0000][PE] (25, 50, 75) percentile: (146, 203, 328)
[0000][PE] low and high boundaries for computing mean and std.dev: (1, 692)
[0000][PE] mean and std.dev: (190.37, 111.05)
[0000][PE] low and high boundaries for proper pairs: (1, 874)
[0000][PE] skip orientation FF
[0000][PE] skip orientation RF
[0000][PE] skip orientation RR
[0000] 3. Calling kt_for - worker_sam
[0000] read_chunk: 400000000, work_chunk_size: 400000140, nseq: 2800114
	[0000][ M::kt_pipeline] read 2800114 sequences (400000140 bp)...
	[0000][ M::mem_process_seqs] Processed 2798532 reads in 451.383 CPU sec, 12.084 real sec
[0000] Calling mem_process_seqs.., task: 8
[0000] 1. Calling kt_for - worker_bwt
[0000] 2. Calling kt_for - worker_aln
[0000] Inferring insert size distribution of PE reads from data, l_pac: 656111652, n: 2800114
[0000][PE] # candidate unique pairs for (FF, FR, RF, RR): (77, 1148868, 129, 93)
[0000][PE] analyzing insert size distribution for orientation FF...
[0000][PE] (25, 50, 75) percentile: (149, 212, 384)
[0000][PE] low and high boundaries for computing mean and std.dev: (1, 854)
[0000][PE] mean and std.dev: (246.96, 172.84)
[0000][PE] low and high boundaries for proper pairs: (1, 1089)
[0000][PE] analyzing insert size distribution for orientation FR...
[0000][PE] (25, 50, 75) percentile: (236, 283, 323)
[0000][PE] low and high boundaries for computing mean and std.dev: (62, 497)
[0000][PE] mean and std.dev: (271.46, 72.41)
[0000][PE] low and high boundaries for proper pairs: (1, 584)
[0000][PE] analyzing insert size distribution for orientation RF...
[0000][PE] (25, 50, 75) percentile: (674, 2386, 6289)
[0000][PE] low and high boundaries for computing mean and std.dev: (1, 17519)
[0000][PE] mean and std.dev: (3491.36, 3306.78)
[0000][PE] low and high boundaries for proper pairs: (1, 23134)
[0000][PE] analyzing insert size distribution for orientation RR...
[0000][PE] (25, 50, 75) percentile: (165, 231, 1214)
[0000][PE] low and high boundaries for computing mean and std.dev: (1, 3312)
[0000][PE] mean and std.dev: (437.70, 641.38)
[0000][PE] low and high boundaries for proper pairs: (1, 4361)
[0000][PE] skip orientation FF
[0000][PE] skip orientation RF
[0000][PE] skip orientation RR
[0000] 3. Calling kt_for - worker_sam
	[0000][ M::mem_process_seqs] Processed 2800114 reads in 419.097 CPU sec, 11.532 real sec
[0000] read_chunk: 400000000, work_chunk_size: 372910053, nseq: 2609082
	[0000][ M::kt_pipeline] read 2609082 sequences (372910053 bp)...
[0000] Calling mem_process_seqs.., task: 9
[0000] 1. Calling kt_for - worker_bwt
[0000] read_chunk: 400000000, work_chunk_size: 0, nseq: 0
[0000] 2. Calling kt_for - worker_aln
[0000] Inferring insert size distribution of PE reads from data, l_pac: 656111652, n: 2609082
[0000][PE] # candidate unique pairs for (FF, FR, RF, RR): (79, 1064647, 94, 42)
[0000][PE] analyzing insert size distribution for orientation FF...
[0000][PE] (25, 50, 75) percentile: (138, 177, 251)
[0000][PE] low and high boundaries for computing mean and std.dev: (1, 477)
[0000][PE] mean and std.dev: (173.83, 61.43)
[0000][PE] low and high boundaries for proper pairs: (1, 590)
[0000][PE] analyzing insert size distribution for orientation FR...
[0000][PE] (25, 50, 75) percentile: (236, 283, 323)
[0000][PE] low and high boundaries for computing mean and std.dev: (62, 497)
[0000][PE] mean and std.dev: (271.46, 72.45)
[0000][PE] low and high boundaries for proper pairs: (1, 584)
[0000][PE] analyzing insert size distribution for orientation RF...
[0000][PE] (25, 50, 75) percentile: (454, 3303, 6667)
[0000][PE] low and high boundaries for computing mean and std.dev: (1, 19093)
[0000][PE] mean and std.dev: (3725.53, 3174.87)
[0000][PE] low and high boundaries for proper pairs: (1, 25306)
[0000][PE] analyzing insert size distribution for orientation RR...
[0000][PE] (25, 50, 75) percentile: (173, 233, 1056)
[0000][PE] low and high boundaries for computing mean and std.dev: (1, 2822)
[0000][PE] mean and std.dev: (431.54, 625.24)
[0000][PE] low and high boundaries for proper pairs: (1, 3705)
[0000][PE] skip orientation FF
[0000][PE] skip orientation RF
[0000][PE] skip orientation RR
[0000] 3. Calling kt_for - worker_sam
	[0000][ M::mem_process_seqs] Processed 2609082 reads in 388.176 CPU sec, 10.643 real sec
[0000] read_chunk: 400000000, work_chunk_size: 0, nseq: 0
[0000] Computation ends..
No. of OMP threads: 40
Processor is running @2394.745416 MHz
Runtime profile:

	Time taken for main_mem function: 179.29 sec

	IO times (sec) :
	Reading IO time (reads) avg: 85.53, (85.53, 85.53)
	Writing IO time (SAM) avg: 34.03, (34.03, 34.03)
	Reading IO time (Reference Genome) avg: 0.49, (0.49, 0.49)
	Index read time avg: 0.12, (0.12, 0.12)

	Overall time (sec) (Excluding Index reading time):
	PROCESS() (Total compute time + (read + SAM) IO time) : 178.67
	MEM_PROCESS_SEQ() (Total compute time (Kernel + SAM)), avg: 117.16, (117.16, 117.16)

	 SAM Processing time (sec):
	--WORKER_SAM avg: 47.76, (47.76, 47.76)

	Kernels' compute time (sec):
	Total kernel (smem+sal+bsw) time avg: 66.36, (66.36, 66.36)
		MEM_ALN_CHAIN_FLT avg: 0.00, (0.00, 0.00)
		MEM_ALN_CHAIN_SEED avg: 0.00, (0.00, 0.00)
		ERT_SEED_CHAIN avg: 0.00, (0.00, 0.00)
	LEARNED_SEED_CHAIN avg: 25.60, (25.75, 25.51)
		SMEM compute avg: 0.00, (0.00, 0.00)
		SAL compute avg: 0.00, (0.00, 0.00)
				MEM_SA avg: 0.00, (0.00, 0.00)

		BSW time, avg: 37.87, (38.09, 37.69)

Important parameter settings: 
	BATCH_SIZE: 512
	MAX_SEQ_LEN_REF: 256
	MAX_SEQ_LEN_QER: 128
	MAX_SEQ_LEN8: 128
	SEEDS_PER_READ: 500
	SIMD_WIDTH8 X: 64
	SIMD_WIDTH16 X: 32
	AVG_SEEDS_PER_READ: 64
