Looking to launch executable "/opt/conda/bin/bwa-meme_mode3.avx512bw", simd = _mode3.avx512bw
Launching executable "/opt/conda/bin/bwa-meme_mode3.avx512bw"
-----------------------------
Executing in AVX512 mode!!
-----------------------------
* SA compression enabled with xfactor: 8
* Ref file: reference.902362185.genome.fasta
* Entering FMI_search
Reading other elements of the index from files reference.902362185.genome.fasta
* Index prefix: reference.902362185.genome.fasta
* Read 0 ALT contigs
* Reading reference genome..
* Binary seq file = reference.902362185.genome.fasta.0123
* Reference genome size: 1312223304 bp
* Done reading reference genome !!

------------------------------------------
1. Memory pre-allocation for Chaining: 5679.4903 MB
2. Memory pre-allocation for BSW: 9584.6810 MB
[M::memoryAllocLearned::MEME] Reading Learned-index models into memory
[Learned-Config] MODE:3 SEARCH_METHOD: 1 MEM_TRADEOFF:1 EXPONENTIAL_SMEMSEARCH: 1 DEBUG_MODE:0 Num 2nd Models:268435456 PWL Bits Used:28
[M::memoryAllocLearned::MEME] Loading RMI model and Pac reference file took 9.741 sec
[M::memoryAllocLearned::MEME] Reading suffix array into memory
[M::memoryAllocLearned::MEME] Loading pos_packed file took 14.274 sec
[M::memoryAllocLearned::MEME] Generating SA, 64-bit Suffix and ISA in memory
[M::memoryAllocLearned::MEME] Runtime-build-index took 13.366 sec
3. Memory pre-allocation for BWT: 7204.5072 MB
------------------------------------------
* Threads used (compute): 40
* No. of pipeline threads: 2

[0000] read_chunk: 400000000, work_chunk_size: 400000183, nseq: 2873688
	[0000][ M::kt_pipeline] read 2873688 sequences (400000183 bp)...
[0000] Reallocating initial memory allocations!!
[0000] Calling mem_process_seqs.., task: 0
[0000] 1. Calling kt_for - worker_bwt
[0000] 2. Calling kt_for - worker_aln
[0000] read_chunk: 400000000, work_chunk_size: 400000235, nseq: 2875270
	[0000][ M::kt_pipeline] read 2875270 sequences (400000235 bp)...
[0000] Inferring insert size distribution of PE reads from data, l_pac: 656111652, n: 2873688
[0000][PE] # candidate unique pairs for (FF, FR, RF, RR): (179, 1166610, 117, 131)
[0000][PE] analyzing insert size distribution for orientation FF...
[0000][PE] (25, 50, 75) percentile: (110, 151, 219)
[0000][PE] low and high boundaries for computing mean and std.dev: (1, 437)
[0000][PE] mean and std.dev: (139.98, 59.36)
[0000][PE] low and high boundaries for proper pairs: (1, 546)
[0000][PE] analyzing insert size distribution for orientation FR...
[0000][PE] (25, 50, 75) percentile: (211, 265, 311)
[0000][PE] low and high boundaries for computing mean and std.dev: (11, 511)
[0000][PE] mean and std.dev: (247.93, 85.49)
[0000][PE] low and high boundaries for proper pairs: (1, 611)
[0000][PE] analyzing insert size distribution for orientation RF...
[0000][PE] (25, 50, 75) percentile: (293, 2238, 5365)
[0000][PE] low and high boundaries for computing mean and std.dev: (1, 15509)
[0000][PE] mean and std.dev: (3195.45, 3030.79)
[0000][PE] low and high boundaries for proper pairs: (1, 20581)
[0000][PE] analyzing insert size distribution for orientation RR...
[0000][PE] (25, 50, 75) percentile: (112, 166, 234)
[0000][PE] low and high boundaries for computing mean and std.dev: (1, 478)
[0000][PE] mean and std.dev: (158.33, 84.56)
[0000][PE] low and high boundaries for proper pairs: (1, 600)
[0000][PE] skip orientation FF
[0000][PE] skip orientation RF
[0000][PE] skip orientation RR
[0000] 3. Calling kt_for - worker_sam
	[0000][ M::mem_process_seqs] Processed 2873688 reads in 453.184 CPU sec, 12.203 real sec
[0000] Reallocating initial memory allocations!!
[0000] Calling mem_process_seqs.., task: 1
[0000] 1. Calling kt_for - worker_bwt
[0000] 2. Calling kt_for - worker_aln
[0000] read_chunk: 400000000, work_chunk_size: 136327026, nseq: 980910
	[0000][ M::kt_pipeline] read 980910 sequences (136327026 bp)...
[0000] Inferring insert size distribution of PE reads from data, l_pac: 656111652, n: 2875270
[0000][PE] # candidate unique pairs for (FF, FR, RF, RR): (153, 1176675, 112, 126)
[0000][PE] analyzing insert size distribution for orientation FF...
[0000][PE] (25, 50, 75) percentile: (100, 165, 220)
[0000][PE] low and high boundaries for computing mean and std.dev: (1, 460)
[0000][PE] mean and std.dev: (148.11, 68.70)
[0000][PE] low and high boundaries for proper pairs: (1, 580)
[0000][PE] analyzing insert size distribution for orientation FR...
[0000][PE] (25, 50, 75) percentile: (210, 265, 311)
[0000][PE] low and high boundaries for computing mean and std.dev: (8, 513)
[0000][PE] mean and std.dev: (247.71, 85.53)
[0000][PE] low and high boundaries for proper pairs: (1, 614)
[0000][PE] analyzing insert size distribution for orientation RF...
[0000][PE] (25, 50, 75) percentile: (1031, 3121, 5708)
[0000][PE] low and high boundaries for computing mean and std.dev: (1, 15062)
[0000][PE] mean and std.dev: (3713.35, 2971.23)
[0000][PE] low and high boundaries for proper pairs: (1, 19739)
[0000][PE] analyzing insert size distribution for orientation RR...
[0000][PE] (25, 50, 75) percentile: (100, 162, 244)
[0000][PE] low and high boundaries for computing mean and std.dev: (1, 532)
[0000][PE] mean and std.dev: (161.03, 92.36)
[0000][PE] low and high boundaries for proper pairs: (1, 676)
[0000][PE] skip orientation FF
[0000][PE] skip orientation RF
[0000][PE] skip orientation RR
[0000] 3. Calling kt_for - worker_sam
	[0000][ M::mem_process_seqs] Processed 2875270 reads in 432.532 CPU sec, 11.831 real sec
[0000] Calling mem_process_seqs.., task: 2
[0000] 1. Calling kt_for - worker_bwt
[0000] 2. Calling kt_for - worker_aln
[0000] Inferring insert size distribution of PE reads from data, l_pac: 656111652, n: 980910
[0000][PE] # candidate unique pairs for (FF, FR, RF, RR): (54, 405193, 36, 40)
[0000][PE] analyzing insert size distribution for orientation FF...
[0000][PE] (25, 50, 75) percentile: (98, 162, 270)
[0000][PE] low and high boundaries for computing mean and std.dev: (1, 614)
[0000][PE] mean and std.dev: (169.13, 113.92)
[0000][PE] low and high boundaries for proper pairs: (1, 786)
[0000][PE] analyzing insert size distribution for orientation FR...
[0000][PE] (25, 50, 75) percentile: (210, 265, 310)
[0000][PE] low and high boundaries for computing mean and std.dev: (10, 510)
[0000][PE] mean and std.dev: (247.57, 85.53)
[0000][PE] low and high boundaries for proper pairs: (1, 610)
[0000][PE] analyzing insert size distribution for orientation RF...
[0000][PE] (25, 50, 75) percentile: (1539, 3680, 6076)
[0000][PE] low and high boundaries for computing mean and std.dev: (1, 15150)
[0000][PE] mean and std.dev: (3792.28, 2668.15)
[0000][PE] low and high boundaries for proper pairs: (1, 19687)
[0000][PE] analyzing insert size distribution for orientation RR...
[0000][PE] (25, 50, 75) percentile: (125, 160, 195)
[0000][PE] low and high boundaries for computing mean and std.dev: (1, 335)
[0000][PE] mean and std.dev: (140.82, 50.05)
[0000][PE] low and high boundaries for proper pairs: (1, 405)
[0000][PE] skip orientation FF
[0000][PE] skip orientation RF
[0000][PE] skip orientation RR
[0000] 3. Calling kt_for - worker_sam
	[0000][ M::mem_process_seqs] Processed 980910 reads in 142.209 CPU sec, 3.904 real sec
[0000] read_chunk: 400000000, work_chunk_size: 0, nseq: 0
[0000] read_chunk: 400000000, work_chunk_size: 0, nseq: 0
[0000] Computation ends..
No. of OMP threads: 40
Processor is running @2394.692008 MHz
Runtime profile:

	Time taken for main_mem function: 73.66 sec

	IO times (sec) :
	Reading IO time (reads) avg: 20.71, (20.71, 20.71)
	Writing IO time (SAM) avg: 8.04, (8.04, 8.04)
	Reading IO time (Reference Genome) avg: 0.59, (0.59, 0.59)
	Index read time avg: 0.13, (0.13, 0.13)

	Overall time (sec) (Excluding Index reading time):
	PROCESS() (Total compute time + (read + SAM) IO time) : 72.94
	MEM_PROCESS_SEQ() (Total compute time (Kernel + SAM)), avg: 27.93, (27.93, 27.93)

	 SAM Processing time (sec):
	--WORKER_SAM avg: 11.18, (11.18, 11.18)

	Kernels' compute time (sec):
	Total kernel (smem+sal+bsw) time avg: 16.03, (16.03, 16.03)
		MEM_ALN_CHAIN_FLT avg: 0.00, (0.00, 0.00)
		MEM_ALN_CHAIN_SEED avg: 0.00, (0.00, 0.00)
		ERT_SEED_CHAIN avg: 0.00, (0.00, 0.00)
	LEARNED_SEED_CHAIN avg: 6.44, (6.47, 6.41)
		SMEM compute avg: 0.00, (0.00, 0.00)
		SAL compute avg: 0.00, (0.00, 0.00)
				MEM_SA avg: 0.00, (0.00, 0.00)

		BSW time, avg: 8.83, (9.07, 8.75)

Important parameter settings: 
	BATCH_SIZE: 512
	MAX_SEQ_LEN_REF: 256
	MAX_SEQ_LEN_QER: 128
	MAX_SEQ_LEN8: 128
	SEEDS_PER_READ: 500
	SIMD_WIDTH8 X: 64
	SIMD_WIDTH16 X: 32
	AVG_SEEDS_PER_READ: 64
