Looking to launch executable "/opt/conda/bin/bwa-meme_mode3.avx512bw", simd = _mode3.avx512bw
Launching executable "/opt/conda/bin/bwa-meme_mode3.avx512bw"
-----------------------------
Executing in AVX512 mode!!
-----------------------------
* SA compression enabled with xfactor: 8
* Ref file: reference.902362185.genome.fasta
* Entering FMI_search
Reading other elements of the index from files reference.902362185.genome.fasta
* Index prefix: reference.902362185.genome.fasta
* Read 0 ALT contigs
* Reading reference genome..
* Binary seq file = reference.902362185.genome.fasta.0123
* Reference genome size: 1312223304 bp
* Done reading reference genome !!

------------------------------------------
1. Memory pre-allocation for Chaining: 5679.4903 MB
2. Memory pre-allocation for BSW: 9584.6810 MB
[M::memoryAllocLearned::MEME] Reading Learned-index models into memory
[Learned-Config] MODE:3 SEARCH_METHOD: 1 MEM_TRADEOFF:1 EXPONENTIAL_SMEMSEARCH: 1 DEBUG_MODE:0 Num 2nd Models:268435456 PWL Bits Used:28
[M::memoryAllocLearned::MEME] Loading RMI model and Pac reference file took 9.552 sec
[M::memoryAllocLearned::MEME] Reading suffix array into memory
[M::memoryAllocLearned::MEME] Loading pos_packed file took 95.494 sec
[M::memoryAllocLearned::MEME] Generating SA, 64-bit Suffix and ISA in memory
[M::memoryAllocLearned::MEME] Runtime-build-index took 13.366 sec
3. Memory pre-allocation for BWT: 7204.5072 MB
------------------------------------------
* Threads used (compute): 40
* No. of pipeline threads: 2

[0000] read_chunk: 400000000, work_chunk_size: 400000233, nseq: 2810228
	[0000][ M::kt_pipeline] read 2810228 sequences (400000233 bp)...
[0000] Reallocating initial memory allocations!!
[0000] read_chunk: 400000000, work_chunk_size: 400000299, nseq: 2810068
	[0000][ M::kt_pipeline] read 2810068 sequences (400000299 bp)...
[0000] Calling mem_process_seqs.., task: 0
[0000] 1. Calling kt_for - worker_bwt
[0000] 2. Calling kt_for - worker_aln
[0000] Inferring insert size distribution of PE reads from data, l_pac: 656111652, n: 2810228
[0000][PE] # candidate unique pairs for (FF, FR, RF, RR): (101, 1130055, 114, 66)
[0000][PE] analyzing insert size distribution for orientation FF...
[0000][PE] (25, 50, 75) percentile: (137, 196, 537)
[0000][PE] low and high boundaries for computing mean and std.dev: (1, 1337)
[0000][PE] mean and std.dev: (244.56, 232.00)
[0000][PE] low and high boundaries for proper pairs: (1, 1737)
[0000][PE] analyzing insert size distribution for orientation FR...
[0000][PE] (25, 50, 75) percentile: (230, 278, 319)
[0000][PE] low and high boundaries for computing mean and std.dev: (52, 497)
[0000][PE] mean and std.dev: (264.74, 75.24)
[0000][PE] low and high boundaries for proper pairs: (1, 586)
[0000][PE] analyzing insert size distribution for orientation RF...
[0000][PE] (25, 50, 75) percentile: (351, 3306, 6590)
[0000][PE] low and high boundaries for computing mean and std.dev: (1, 19068)
[0000][PE] mean and std.dev: (3671.12, 3244.66)
[0000][PE] low and high boundaries for proper pairs: (1, 25307)
[0000][PE] analyzing insert size distribution for orientation RR...
[0000][PE] (25, 50, 75) percentile: (171, 240, 1281)
[0000][PE] low and high boundaries for computing mean and std.dev: (1, 3501)
[0000][PE] mean and std.dev: (375.07, 433.45)
[0000][PE] low and high boundaries for proper pairs: (1, 4611)
[0000][PE] skip orientation FF
[0000][PE] skip orientation RF
[0000][PE] skip orientation RR
[0000] 3. Calling kt_for - worker_sam
	[0000][ M::mem_process_seqs] Processed 2810228 reads in 461.718 CPU sec, 16.449 real sec
[0000] Calling mem_process_seqs.., task: 1
[0000] 1. Calling kt_for - worker_bwt
[0000] 2. Calling kt_for - worker_aln
[0000] Inferring insert size distribution of PE reads from data, l_pac: 656111652, n: 2810068
[0000][PE] # candidate unique pairs for (FF, FR, RF, RR): (85, 1128630, 114, 86)
[0000][PE] analyzing insert size distribution for orientation FF...
[0000][PE] (25, 50, 75) percentile: (142, 188, 299)
[0000][PE] low and high boundaries for computing mean and std.dev: (1, 613)
[0000][PE] mean and std.dev: (179.36, 78.26)
[0000][PE] low and high boundaries for proper pairs: (1, 770)
[0000][PE] analyzing insert size distribution for orientation FR...
[0000][PE] (25, 50, 75) percentile: (230, 278, 319)
[0000][PE] low and high boundaries for computing mean and std.dev: (52, 497)
[0000][PE] mean and std.dev: (264.67, 75.31)
[0000][PE] low and high boundaries for proper pairs: (1, 586)
[0000][PE] analyzing insert size distribution for orientation RF...
[0000][PE] (25, 50, 75) percentile: (375, 1892, 5830)
[0000][PE] low and high boundaries for computing mean and std.dev: (1, 16740)
[0000][PE] mean and std.dev: (3267.60, 3059.50)
[0000][PE] low and high boundaries for proper pairs: (1, 22195)
[0000][PE] analyzing insert size distribution for orientation RR...
[0000][PE] (25, 50, 75) percentile: (138, 189, 250)
[0000][PE] low and high boundaries for computing mean and std.dev: (1, 474)
[0000][PE] mean and std.dev: (179.44, 80.54)
[0000][PE] low and high boundaries for proper pairs: (1, 586)
[0000][PE] skip orientation FF
[0000][PE] skip orientation RF
[0000][PE] skip orientation RR
[0000] 3. Calling kt_for - worker_sam
	[0000][ M::mem_process_seqs] Processed 2810068 reads in 459.774 CPU sec, 13.227 real sec
[0000] read_chunk: 400000000, work_chunk_size: 400000282, nseq: 2810600
	[0000][ M::kt_pipeline] read 2810600 sequences (400000282 bp)...
[0000] Reallocating initial memory allocations!!
[0000] Calling mem_process_seqs.., task: 2
[0000] 1. Calling kt_for - worker_bwt
[0000] 2. Calling kt_for - worker_aln
[0000] read_chunk: 400000000, work_chunk_size: 400000103, nseq: 2811656
	[0000][ M::kt_pipeline] read 2811656 sequences (400000103 bp)...
[0000] Inferring insert size distribution of PE reads from data, l_pac: 656111652, n: 2810600
[0000][PE] # candidate unique pairs for (FF, FR, RF, RR): (96, 1135503, 107, 86)
[0000][PE] analyzing insert size distribution for orientation FF...
[0000][PE] (25, 50, 75) percentile: (115, 175, 252)
[0000][PE] low and high boundaries for computing mean and std.dev: (1, 526)
[0000][PE] mean and std.dev: (159.44, 71.62)
[0000][PE] low and high boundaries for proper pairs: (1, 663)
[0000][PE] analyzing insert size distribution for orientation FR...
[0000][PE] (25, 50, 75) percentile: (229, 277, 319)
[0000][PE] low and high boundaries for computing mean and std.dev: (49, 499)
[0000][PE] mean and std.dev: (264.14, 75.86)
[0000][PE] low and high boundaries for proper pairs: (1, 589)
[0000][PE] analyzing insert size distribution for orientation RF...
[0000][PE] (25, 50, 75) percentile: (224, 1465, 5462)
[0000][PE] low and high boundaries for computing mean and std.dev: (1, 15938)
[0000][PE] mean and std.dev: (3008.70, 2994.50)
[0000][PE] low and high boundaries for proper pairs: (1, 21176)
[0000][PE] analyzing insert size distribution for orientation RR...
[0000][PE] (25, 50, 75) percentile: (143, 231, 541)
[0000][PE] low and high boundaries for computing mean and std.dev: (1, 1337)
[0000][PE] mean and std.dev: (253.53, 198.34)
[0000][PE] low and high boundaries for proper pairs: (1, 1735)
[0000][PE] skip orientation FF
[0000][PE] skip orientation RF
[0000][PE] skip orientation RR
[0000] 3. Calling kt_for - worker_sam
	[0000][ M::mem_process_seqs] Processed 2810600 reads in 433.752 CPU sec, 12.336 real sec
[0000] Reallocating initial memory allocations!!
[0000] Calling mem_process_seqs.., task: 3
[0000] 1. Calling kt_for - worker_bwt
[0000] read_chunk: 400000000, work_chunk_size: 150983569, nseq: 1060942
	[0000][ M::kt_pipeline] read 1060942 sequences (150983569 bp)...
[0000] 2. Calling kt_for - worker_aln
[0000] Inferring insert size distribution of PE reads from data, l_pac: 656111652, n: 2811656
[0000][PE] # candidate unique pairs for (FF, FR, RF, RR): (77, 1137525, 110, 69)
[0000][PE] analyzing insert size distribution for orientation FF...
[0000][PE] (25, 50, 75) percentile: (126, 189, 655)
[0000][PE] low and high boundaries for computing mean and std.dev: (1, 1713)
[0000][PE] mean and std.dev: (315.18, 378.30)
[0000][PE] low and high boundaries for proper pairs: (1, 2242)
[0000][PE] analyzing insert size distribution for orientation FR...
[0000][PE] (25, 50, 75) percentile: (230, 278, 319)
[0000][PE] low and high boundaries for computing mean and std.dev: (52, 497)
[0000][PE] mean and std.dev: (264.64, 75.38)
[0000][PE] low and high boundaries for proper pairs: (1, 586)
[0000][PE] analyzing insert size distribution for orientation RF...
[0000][PE] (25, 50, 75) percentile: (703, 2136, 5922)
[0000][PE] low and high boundaries for computing mean and std.dev: (1, 16360)
[0000][PE] mean and std.dev: (3182.34, 3016.53)
[0000][PE] low and high boundaries for proper pairs: (1, 21579)
[0000][PE] analyzing insert size distribution for orientation RR...
[0000][PE] (25, 50, 75) percentile: (126, 209, 327)
[0000][PE] low and high boundaries for computing mean and std.dev: (1, 729)
[0000][PE] mean and std.dev: (186.93, 115.43)
[0000][PE] low and high boundaries for proper pairs: (1, 930)
[0000][PE] skip orientation FF
[0000][PE] skip orientation RF
[0000][PE] skip orientation RR
[0000] 3. Calling kt_for - worker_sam
	[0000][ M::mem_process_seqs] Processed 2811656 reads in 426.391 CPU sec, 11.273 real sec
[0000] Calling mem_process_seqs.., task: 4
[0000] 1. Calling kt_for - worker_bwt
[0000] 2. Calling kt_for - worker_aln
[0000] Inferring insert size distribution of PE reads from data, l_pac: 656111652, n: 1060942
[0000][PE] # candidate unique pairs for (FF, FR, RF, RR): (35, 429524, 40, 27)
[0000][PE] analyzing insert size distribution for orientation FF...
[0000][PE] (25, 50, 75) percentile: (155, 227, 748)
[0000][PE] low and high boundaries for computing mean and std.dev: (1, 1934)
[0000][PE] mean and std.dev: (238.39, 176.30)
[0000][PE] low and high boundaries for proper pairs: (1, 2527)
[0000][PE] analyzing insert size distribution for orientation FR...
[0000][PE] (25, 50, 75) percentile: (230, 278, 319)
[0000][PE] low and high boundaries for computing mean and std.dev: (52, 497)
[0000][PE] mean and std.dev: (264.82, 75.23)
[0000][PE] low and high boundaries for proper pairs: (1, 586)
[0000][PE] analyzing insert size distribution for orientation RF...
[0000][PE] (25, 50, 75) percentile: (174, 1195, 4268)
[0000][PE] low and high boundaries for computing mean and std.dev: (1, 12456)
[0000][PE] mean and std.dev: (2414.88, 2923.96)
[0000][PE] low and high boundaries for proper pairs: (1, 16550)
[0000][PE] analyzing insert size distribution for orientation RR...
[0000][PE] (25, 50, 75) percentile: (184, 245, 1792)
[0000][PE] low and high boundaries for computing mean and std.dev: (1, 5008)
[0000][PE] mean and std.dev: (704.33, 951.24)
[0000][PE] low and high boundaries for proper pairs: (1, 6616)
[0000][PE] skip orientation FF
[0000][PE] skip orientation RF
[0000][PE] skip orientation RR
[0000] 3. Calling kt_for - worker_sam
[0000] read_chunk: 400000000, work_chunk_size: 0, nseq: 0
	[0000][ M::mem_process_seqs] Processed 1060942 reads in 162.713 CPU sec, 4.625 real sec
[0000] read_chunk: 400000000, work_chunk_size: 0, nseq: 0
[0000] Computation ends..
No. of OMP threads: 40
Processor is running @2394.744366 MHz
Runtime profile:

	Time taken for main_mem function: 238.46 sec

	IO times (sec) :
	Reading IO time (reads) avg: 61.22, (61.22, 61.22)
	Writing IO time (SAM) avg: 13.85, (13.85, 13.85)
	Reading IO time (Reference Genome) avg: 0.76, (0.76, 0.76)
	Index read time avg: 0.12, (0.12, 0.12)

	Overall time (sec) (Excluding Index reading time):
	PROCESS() (Total compute time + (read + SAM) IO time) : 237.50
	MEM_PROCESS_SEQ() (Total compute time (Kernel + SAM)), avg: 57.90, (57.90, 57.90)

	 SAM Processing time (sec):
	--WORKER_SAM avg: 22.83, (22.83, 22.83)

	Kernels' compute time (sec):
	Total kernel (smem+sal+bsw) time avg: 33.48, (33.48, 33.48)
		MEM_ALN_CHAIN_FLT avg: 0.00, (0.00, 0.00)
		MEM_ALN_CHAIN_SEED avg: 0.00, (0.00, 0.00)
		ERT_SEED_CHAIN avg: 0.00, (0.00, 0.00)
	LEARNED_SEED_CHAIN avg: 14.03, (14.47, 13.40)
		SMEM compute avg: 0.00, (0.00, 0.00)
		SAL compute avg: 0.00, (0.00, 0.00)
				MEM_SA avg: 0.00, (0.00, 0.00)

		BSW time, avg: 17.71, (18.03, 17.29)

Important parameter settings: 
	BATCH_SIZE: 512
	MAX_SEQ_LEN_REF: 256
	MAX_SEQ_LEN_QER: 128
	MAX_SEQ_LEN8: 128
	SEEDS_PER_READ: 500
	SIMD_WIDTH8 X: 64
	SIMD_WIDTH16 X: 32
	AVG_SEEDS_PER_READ: 64
