Looking to launch executable "/opt/conda/bin/bwa-meme_mode3.avx512bw", simd = _mode3.avx512bw
Launching executable "/opt/conda/bin/bwa-meme_mode3.avx512bw"
-----------------------------
Executing in AVX512 mode!!
-----------------------------
* SA compression enabled with xfactor: 8
* Ref file: reference.902362185.genome.fasta
* Entering FMI_search
Reading other elements of the index from files reference.902362185.genome.fasta
* Index prefix: reference.902362185.genome.fasta
* Read 0 ALT contigs
* Reading reference genome..
* Binary seq file = reference.902362185.genome.fasta.0123
* Reference genome size: 1312223304 bp
* Done reading reference genome !!

------------------------------------------
1. Memory pre-allocation for Chaining: 5679.4903 MB
2. Memory pre-allocation for BSW: 9584.6810 MB
[M::memoryAllocLearned::MEME] Reading Learned-index models into memory
[Learned-Config] MODE:3 SEARCH_METHOD: 1 MEM_TRADEOFF:1 EXPONENTIAL_SMEMSEARCH: 1 DEBUG_MODE:0 Num 2nd Models:268435456 PWL Bits Used:28
[M::memoryAllocLearned::MEME] Loading RMI model and Pac reference file took 9.600 sec
[M::memoryAllocLearned::MEME] Reading suffix array into memory
[M::memoryAllocLearned::MEME] Loading pos_packed file took 14.065 sec
[M::memoryAllocLearned::MEME] Generating SA, 64-bit Suffix and ISA in memory
[M::memoryAllocLearned::MEME] Runtime-build-index took 13.435 sec
3. Memory pre-allocation for BWT: 7204.5072 MB
------------------------------------------
* Threads used (compute): 40
* No. of pipeline threads: 2

[0000] read_chunk: 400000000, work_chunk_size: 400000193, nseq: 2796088
	[0000][ M::kt_pipeline] read 2796088 sequences (400000193 bp)...
[0000] Reallocating initial memory allocations!!
[0000] read_chunk: 400000000, work_chunk_size: 400000106, nseq: 2797424
	[0000][ M::kt_pipeline] read 2797424 sequences (400000106 bp)...
[0000] Calling mem_process_seqs.., task: 0
[0000] 1. Calling kt_for - worker_bwt
[0000] 2. Calling kt_for - worker_aln
[0000] Inferring insert size distribution of PE reads from data, l_pac: 656111652, n: 2796088
[0000][PE] # candidate unique pairs for (FF, FR, RF, RR): (71, 1129522, 108, 50)
[0000][PE] analyzing insert size distribution for orientation FF...
[0000][PE] (25, 50, 75) percentile: (146, 189, 256)
[0000][PE] low and high boundaries for computing mean and std.dev: (1, 476)
[0000][PE] mean and std.dev: (192.79, 84.28)
[0000][PE] low and high boundaries for proper pairs: (1, 586)
[0000][PE] analyzing insert size distribution for orientation FR...
[0000][PE] (25, 50, 75) percentile: (234, 280, 321)
[0000][PE] low and high boundaries for computing mean and std.dev: (60, 495)
[0000][PE] mean and std.dev: (269.31, 72.06)
[0000][PE] low and high boundaries for proper pairs: (1, 582)
[0000][PE] analyzing insert size distribution for orientation RF...
[0000][PE] (25, 50, 75) percentile: (339, 3323, 6498)
[0000][PE] low and high boundaries for computing mean and std.dev: (1, 18816)
[0000][PE] mean and std.dev: (3522.44, 3046.93)
[0000][PE] low and high boundaries for proper pairs: (1, 24975)
[0000][PE] analyzing insert size distribution for orientation RR...
[0000][PE] (25, 50, 75) percentile: (147, 215, 805)
[0000][PE] low and high boundaries for computing mean and std.dev: (1, 2121)
[0000][PE] mean and std.dev: (403.44, 492.53)
[0000][PE] low and high boundaries for proper pairs: (1, 2779)
[0000][PE] skip orientation FF
[0000][PE] skip orientation RF
[0000][PE] skip orientation RR
[0000] 3. Calling kt_for - worker_sam
	[0000][ M::mem_process_seqs] Processed 2796088 reads in 430.752 CPU sec, 12.950 real sec
[0000] Reallocating initial memory allocations!!
[0000] Calling mem_process_seqs.., task: 1
[0000] 1. Calling kt_for - worker_bwt
[0000] 2. Calling kt_for - worker_aln
[0000] read_chunk: 400000000, work_chunk_size: 400000069, nseq: 2794638
	[0000][ M::kt_pipeline] read 2794638 sequences (400000069 bp)...
[0000] Inferring insert size distribution of PE reads from data, l_pac: 656111652, n: 2797424
[0000][PE] # candidate unique pairs for (FF, FR, RF, RR): (74, 1144528, 109, 80)
[0000][PE] analyzing insert size distribution for orientation FF...
[0000][PE] (25, 50, 75) percentile: (147, 200, 280)
[0000][PE] low and high boundaries for computing mean and std.dev: (1, 546)
[0000][PE] mean and std.dev: (172.55, 69.92)
[0000][PE] low and high boundaries for proper pairs: (1, 679)
[0000][PE] analyzing insert size distribution for orientation FR...
[0000][PE] (25, 50, 75) percentile: (234, 280, 321)
[0000][PE] low and high boundaries for computing mean and std.dev: (60, 495)
[0000][PE] mean and std.dev: (269.14, 72.05)
[0000][PE] low and high boundaries for proper pairs: (1, 582)
[0000][PE] analyzing insert size distribution for orientation RF...
[0000][PE] (25, 50, 75) percentile: (298, 1695, 5401)
[0000][PE] low and high boundaries for computing mean and std.dev: (1, 15607)
[0000][PE] mean and std.dev: (3086.39, 3216.56)
[0000][PE] low and high boundaries for proper pairs: (1, 20710)
[0000][PE] analyzing insert size distribution for orientation RR...
[0000][PE] (25, 50, 75) percentile: (174, 225, 535)
[0000][PE] low and high boundaries for computing mean and std.dev: (1, 1257)
[0000][PE] mean and std.dev: (241.31, 156.50)
[0000][PE] low and high boundaries for proper pairs: (1, 1618)
[0000][PE] skip orientation FF
[0000][PE] skip orientation RF
[0000][PE] skip orientation RR
[0000] 3. Calling kt_for - worker_sam
	[0000][ M::mem_process_seqs] Processed 2797424 reads in 393.710 CPU sec, 10.695 real sec
[0000] Calling mem_process_seqs.., task: 2
[0000] 1. Calling kt_for - worker_bwt
[0000] 2. Calling kt_for - worker_aln
[0000] Inferring insert size distribution of PE reads from data, l_pac: 656111652, n: 2794638
[0000][PE] # candidate unique pairs for (FF, FR, RF, RR): (74, 1123079, 115, 70)
[0000][PE] analyzing insert size distribution for orientation FF...
[0000][PE] (25, 50, 75) percentile: (140, 193, 273)
[0000][PE] low and high boundaries for computing mean and std.dev: (1, 539)
[0000][PE] mean and std.dev: (189.22, 78.92)
[0000][PE] low and high boundaries for proper pairs: (1, 672)
[0000][PE] analyzing insert size distribution for orientation FR...
[0000][PE] (25, 50, 75) percentile: (234, 280, 321)
[0000][PE] low and high boundaries for computing mean and std.dev: (60, 495)
[0000][PE] mean and std.dev: (269.28, 72.03)
[0000][PE] low and high boundaries for proper pairs: (1, 582)
[0000][PE] analyzing insert size distribution for orientation RF...
[0000][PE] (25, 50, 75) percentile: (415, 1198, 5724)
[0000][PE] low and high boundaries for computing mean and std.dev: (1, 16342)
[0000][PE] mean and std.dev: (2994.72, 3140.09)
[0000][PE] low and high boundaries for proper pairs: (1, 21651)
[0000][PE] analyzing insert size distribution for orientation RR...
[0000][PE] (25, 50, 75) percentile: (117, 169, 265)
[0000][PE] low and high boundaries for computing mean and std.dev: (1, 561)
[0000][PE] mean and std.dev: (168.60, 78.32)
[0000][PE] low and high boundaries for proper pairs: (1, 709)
[0000][PE] skip orientation FF
[0000][PE] skip orientation RF
[0000][PE] skip orientation RR
[0000] 3. Calling kt_for - worker_sam
	[0000][ M::mem_process_seqs] Processed 2794638 reads in 448.841 CPU sec, 12.285 real sec
[0000] read_chunk: 400000000, work_chunk_size: 400000030, nseq: 2795810
	[0000][ M::kt_pipeline] read 2795810 sequences (400000030 bp)...
[0000] Calling mem_process_seqs.., task: 3
[0000] 1. Calling kt_for - worker_bwt
[0000] 2. Calling kt_for - worker_aln
[0000] Inferring insert size distribution of PE reads from data, l_pac: 656111652, n: 2795810
[0000][PE] # candidate unique pairs for (FF, FR, RF, RR): (64, 1132556, 111, 61)
[0000][PE] analyzing insert size distribution for orientation FF...
[0000][PE] (25, 50, 75) percentile: (153, 200, 914)
[0000][PE] low and high boundaries for computing mean and std.dev: (1, 2436)
[0000][PE] mean and std.dev: (304.83, 381.25)
[0000][PE] low and high boundaries for proper pairs: (1, 3197)
[0000][PE] analyzing insert size distribution for orientation FR...
[0000][PE] (25, 50, 75) percentile: (234, 280, 321)
[0000][PE] low and high boundaries for computing mean and std.dev: (60, 495)
[0000][PE] mean and std.dev: (269.35, 72.02)
[0000][PE] low and high boundaries for proper pairs: (1, 582)
[0000][PE] analyzing insert size distribution for orientation RF...
[0000][PE] (25, 50, 75) percentile: (491, 2983, 6914)
[0000][PE] low and high boundaries for computing mean and std.dev: (1, 19760)
[0000][PE] mean and std.dev: (3730.53, 3361.37)
[0000][PE] low and high boundaries for proper pairs: (1, 26183)
[0000][PE] analyzing insert size distribution for orientation RR...
[0000][PE] (25, 50, 75) percentile: (135, 195, 1106)
[0000][PE] low and high boundaries for computing mean and std.dev: (1, 3048)
[0000][PE] mean and std.dev: (288.68, 376.74)
[0000][PE] low and high boundaries for proper pairs: (1, 4019)
[0000][PE] skip orientation FF
[0000][PE] skip orientation RF
[0000][PE] skip orientation RR
[0000] 3. Calling kt_for - worker_sam
[0000] read_chunk: 400000000, work_chunk_size: 400000028, nseq: 2797278
	[0000][ M::kt_pipeline] read 2797278 sequences (400000028 bp)...
	[0000][ M::mem_process_seqs] Processed 2795810 reads in 426.014 CPU sec, 11.766 real sec
[0000] Calling mem_process_seqs.., task: 4
[0000] 1. Calling kt_for - worker_bwt
[0000] 2. Calling kt_for - worker_aln
[0000] Inferring insert size distribution of PE reads from data, l_pac: 656111652, n: 2797278
[0000][PE] # candidate unique pairs for (FF, FR, RF, RR): (73, 1143321, 101, 55)
[0000][PE] analyzing insert size distribution for orientation FF...
[0000][PE] (25, 50, 75) percentile: (135, 205, 507)
[0000][PE] low and high boundaries for computing mean and std.dev: (1, 1251)
[0000][PE] mean and std.dev: (253.10, 243.17)
[0000][PE] low and high boundaries for proper pairs: (1, 1623)
[0000][PE] analyzing insert size distribution for orientation FR...
[0000][PE] (25, 50, 75) percentile: (234, 280, 321)
[0000][PE] low and high boundaries for computing mean and std.dev: (60, 495)
[0000][PE] mean and std.dev: (269.29, 72.01)
[0000][PE] low and high boundaries for proper pairs: (1, 582)
[0000][PE] analyzing insert size distribution for orientation RF...
[0000][PE] (25, 50, 75) percentile: (493, 3070, 5896)
[0000][PE] low and high boundaries for computing mean and std.dev: (1, 16702)
[0000][PE] mean and std.dev: (3628.92, 3091.50)
[0000][PE] low and high boundaries for proper pairs: (1, 22105)
[0000][PE] analyzing insert size distribution for orientation RR...
[0000][PE] (25, 50, 75) percentile: (140, 208, 426)
[0000][PE] low and high boundaries for computing mean and std.dev: (1, 998)
[0000][PE] mean and std.dev: (271.92, 226.68)
[0000][PE] low and high boundaries for proper pairs: (1, 1284)
[0000][PE] skip orientation FF
[0000][PE] skip orientation RF
[0000][PE] skip orientation RR
[0000] 3. Calling kt_for - worker_sam
	[0000][ M::mem_process_seqs] Processed 2797278 reads in 402.239 CPU sec, 10.924 real sec
[0000] read_chunk: 400000000, work_chunk_size: 400000035, nseq: 2797032
	[0000][ M::kt_pipeline] read 2797032 sequences (400000035 bp)...
[0000] Calling mem_process_seqs.., task: 5
[0000] 1. Calling kt_for - worker_bwt
[0000] 2. Calling kt_for - worker_aln
[0000] Inferring insert size distribution of PE reads from data, l_pac: 656111652, n: 2797032
[0000][PE] # candidate unique pairs for (FF, FR, RF, RR): (80, 1132995, 113, 64)
[0000][PE] analyzing insert size distribution for orientation FF...
[0000][PE] (25, 50, 75) percentile: (163, 204, 279)
[0000][PE] low and high boundaries for computing mean and std.dev: (1, 511)
[0000][PE] mean and std.dev: (206.23, 74.83)
[0000][PE] low and high boundaries for proper pairs: (1, 627)
[0000][PE] analyzing insert size distribution for orientation FR...
[0000][PE] (25, 50, 75) percentile: (234, 280, 321)
[0000][PE] low and high boundaries for computing mean and std.dev: (60, 495)
[0000][PE] mean and std.dev: (269.21, 72.04)
[0000][PE] low and high boundaries for proper pairs: (1, 582)
[0000][PE] analyzing insert size distribution for orientation RF...
[0000][PE] (25, 50, 75) percentile: (732, 2860, 5864)
[0000][PE] low and high boundaries for computing mean and std.dev: (1, 16128)
[0000][PE] mean and std.dev: (3498.78, 3028.43)
[0000][PE] low and high boundaries for proper pairs: (1, 21260)
[0000][PE] analyzing insert size distribution for orientation RR...
[0000][PE] (25, 50, 75) percentile: (139, 187, 571)
[0000][PE] low and high boundaries for computing mean and std.dev: (1, 1435)
[0000][PE] mean and std.dev: (304.12, 326.61)
[0000][PE] low and high boundaries for proper pairs: (1, 1867)
[0000][PE] skip orientation FF
[0000][PE] skip orientation RF
[0000][PE] skip orientation RR
[0000] 3. Calling kt_for - worker_sam
[0000] read_chunk: 400000000, work_chunk_size: 400000069, nseq: 2797550
	[0000][ M::kt_pipeline] read 2797550 sequences (400000069 bp)...
	[0000][ M::mem_process_seqs] Processed 2797032 reads in 429.587 CPU sec, 11.975 real sec
[0000] Reallocating initial memory allocations!!
[0000] read_chunk: 400000000, work_chunk_size: 98825759, nseq: 691526
	[0000][ M::kt_pipeline] read 691526 sequences (98825759 bp)...
[0000] Calling mem_process_seqs.., task: 6
[0000] 1. Calling kt_for - worker_bwt
[0000] 2. Calling kt_for - worker_aln
[0000] Inferring insert size distribution of PE reads from data, l_pac: 656111652, n: 2797550
[0000][PE] # candidate unique pairs for (FF, FR, RF, RR): (78, 1142894, 119, 77)
[0000][PE] analyzing insert size distribution for orientation FF...
[0000][PE] (25, 50, 75) percentile: (161, 220, 448)
[0000][PE] low and high boundaries for computing mean and std.dev: (1, 1022)
[0000][PE] mean and std.dev: (229.11, 139.54)
[0000][PE] low and high boundaries for proper pairs: (1, 1309)
[0000][PE] analyzing insert size distribution for orientation FR...
[0000][PE] (25, 50, 75) percentile: (234, 280, 321)
[0000][PE] low and high boundaries for computing mean and std.dev: (60, 495)
[0000][PE] mean and std.dev: (269.21, 72.13)
[0000][PE] low and high boundaries for proper pairs: (1, 582)
[0000][PE] analyzing insert size distribution for orientation RF...
[0000][PE] (25, 50, 75) percentile: (376, 2311, 6202)
[0000][PE] low and high boundaries for computing mean and std.dev: (1, 17854)
[0000][PE] mean and std.dev: (3453.68, 3149.12)
[0000][PE] low and high boundaries for proper pairs: (1, 23680)
[0000][PE] analyzing insert size distribution for orientation RR...
[0000][PE] (25, 50, 75) percentile: (136, 191, 237)
[0000][PE] low and high boundaries for computing mean and std.dev: (1, 439)
[0000][PE] mean and std.dev: (173.67, 69.78)
[0000][PE] low and high boundaries for proper pairs: (1, 540)
[0000][PE] skip orientation FF
[0000][PE] skip orientation RF
[0000][PE] skip orientation RR
[0000] 3. Calling kt_for - worker_sam
	[0000][ M::mem_process_seqs] Processed 2797550 reads in 394.888 CPU sec, 10.634 real sec
[0000] Calling mem_process_seqs.., task: 7
[0000] 1. Calling kt_for - worker_bwt
[0000] 2. Calling kt_for - worker_aln
[0000] Inferring insert size distribution of PE reads from data, l_pac: 656111652, n: 691526
[0000][PE] # candidate unique pairs for (FF, FR, RF, RR): (19, 285483, 25, 13)
[0000][PE] analyzing insert size distribution for orientation FF...
[0000][PE] (25, 50, 75) percentile: (148, 226, 393)
[0000][PE] low and high boundaries for computing mean and std.dev: (1, 883)
[0000][PE] mean and std.dev: (204.33, 78.64)
[0000][PE] low and high boundaries for proper pairs: (1, 1128)
[0000][PE] analyzing insert size distribution for orientation FR...
[0000][PE] (25, 50, 75) percentile: (234, 280, 321)
[0000][PE] low and high boundaries for computing mean and std.dev: (60, 495)
[0000][PE] mean and std.dev: (269.34, 72.20)
[0000][PE] low and high boundaries for proper pairs: (1, 582)
[0000][PE] analyzing insert size distribution for orientation RF...
[0000][PE] (25, 50, 75) percentile: (941, 4055, 5139)
[0000][PE] low and high boundaries for computing mean and std.dev: (1, 13535)
[0000][PE] mean and std.dev: (3187.40, 2402.06)
[0000][PE] low and high boundaries for proper pairs: (1, 17733)
[0000][PE] analyzing insert size distribution for orientation RR...
[0000][PE] (25, 50, 75) percentile: (160, 218, 738)
[0000][PE] low and high boundaries for computing mean and std.dev: (1, 1894)
[0000][PE] mean and std.dev: (294.25, 232.37)
[0000][PE] low and high boundaries for proper pairs: (1, 2472)
[0000][PE] skip orientation FF
[0000][PE] skip orientation RF
[0000][PE] skip orientation RR
[0000] 3. Calling kt_for - worker_sam
	[0000][ M::mem_process_seqs] Processed 691526 reads in 95.772 CPU sec, 2.992 real sec
[0000] read_chunk: 400000000, work_chunk_size: 0, nseq: 0
[0000] read_chunk: 400000000, work_chunk_size: 0, nseq: 0
[0000] Computation ends..
No. of OMP threads: 40
Processor is running @2394.717702 MHz
Runtime profile:

	Time taken for main_mem function: 153.88 sec

	IO times (sec) :
	Reading IO time (reads) avg: 64.16, (64.16, 64.16)
	Writing IO time (SAM) avg: 21.28, (21.28, 21.28)
	Reading IO time (Reference Genome) avg: 0.82, (0.82, 0.82)
	Index read time avg: 0.12, (0.12, 0.12)

	Overall time (sec) (Excluding Index reading time):
	PROCESS() (Total compute time + (read + SAM) IO time) : 152.83
	MEM_PROCESS_SEQ() (Total compute time (Kernel + SAM)), avg: 84.21, (84.21, 84.21)

	 SAM Processing time (sec):
	--WORKER_SAM avg: 33.37, (33.37, 33.37)

	Kernels' compute time (sec):
	Total kernel (smem+sal+bsw) time avg: 48.42, (48.42, 48.42)
		MEM_ALN_CHAIN_FLT avg: 0.00, (0.00, 0.00)
		MEM_ALN_CHAIN_SEED avg: 0.00, (0.00, 0.00)
		ERT_SEED_CHAIN avg: 0.00, (0.00, 0.00)
	LEARNED_SEED_CHAIN avg: 18.96, (19.13, 18.78)
		SMEM compute avg: 0.00, (0.00, 0.00)
		SAL compute avg: 0.00, (0.00, 0.00)
				MEM_SA avg: 0.00, (0.00, 0.00)

		BSW time, avg: 26.84, (27.15, 26.53)

Important parameter settings: 
	BATCH_SIZE: 512
	MAX_SEQ_LEN_REF: 256
	MAX_SEQ_LEN_QER: 128
	MAX_SEQ_LEN8: 128
	SEEDS_PER_READ: 500
	SIMD_WIDTH8 X: 64
	SIMD_WIDTH16 X: 32
	AVG_SEEDS_PER_READ: 64
