Looking to launch executable "/opt/conda/bin/bwa-meme_mode3.avx512bw", simd = _mode3.avx512bw
Launching executable "/opt/conda/bin/bwa-meme_mode3.avx512bw"
-----------------------------
Executing in AVX512 mode!!
-----------------------------
* SA compression enabled with xfactor: 8
* Ref file: reference.902362185.genome.fasta
* Entering FMI_search
Reading other elements of the index from files reference.902362185.genome.fasta
* Index prefix: reference.902362185.genome.fasta
* Read 0 ALT contigs
* Reading reference genome..
* Binary seq file = reference.902362185.genome.fasta.0123
* Reference genome size: 1312223304 bp
* Done reading reference genome !!

------------------------------------------
1. Memory pre-allocation for Chaining: 5679.4903 MB
2. Memory pre-allocation for BSW: 9584.6810 MB
[M::memoryAllocLearned::MEME] Reading Learned-index models into memory
[Learned-Config] MODE:3 SEARCH_METHOD: 1 MEM_TRADEOFF:1 EXPONENTIAL_SMEMSEARCH: 1 DEBUG_MODE:0 Num 2nd Models:268435456 PWL Bits Used:28
[M::memoryAllocLearned::MEME] Loading RMI model and Pac reference file took 9.501 sec
[M::memoryAllocLearned::MEME] Reading suffix array into memory
[M::memoryAllocLearned::MEME] Loading pos_packed file took 13.815 sec
[M::memoryAllocLearned::MEME] Generating SA, 64-bit Suffix and ISA in memory
[M::memoryAllocLearned::MEME] Runtime-build-index took 13.452 sec
3. Memory pre-allocation for BWT: 7204.5072 MB
------------------------------------------
* Threads used (compute): 40
* No. of pipeline threads: 2

[0000] read_chunk: 400000000, work_chunk_size: 400000036, nseq: 2777588
	[0000][ M::kt_pipeline] read 2777588 sequences (400000036 bp)...
[0000] Reallocating initial memory allocations!!
[0000] Calling mem_process_seqs.., task: 0
[0000] 1. Calling kt_for - worker_bwt
[0000] 2. Calling kt_for - worker_aln
[0000] Inferring insert size distribution of PE reads from data, l_pac: 656111652, n: 2777588
[0000][PE] # candidate unique pairs for (FF, FR, RF, RR): (82, 1106081, 103, 70)
[0000][PE] analyzing insert size distribution for orientation FF...
[0000][PE] (25, 50, 75) percentile: (159, 208, 1080)
[0000][PE] low and high boundaries for computing mean and std.dev: (1, 2922)
[0000][PE] mean and std.dev: (463.03, 639.38)
[0000][PE] low and high boundaries for proper pairs: (1, 3843)
[0000][PE] analyzing insert size distribution for orientation FR...
[0000][PE] (25, 50, 75) percentile: (240, 284, 323)
[0000][PE] low and high boundaries for computing mean and std.dev: (74, 489)
[0000][PE] mean and std.dev: (277.11, 65.01)
[0000][PE] low and high boundaries for proper pairs: (1, 572)
[0000][PE] analyzing insert size distribution for orientation RF...
[0000][PE] (25, 50, 75) percentile: (268, 2388, 5772)
[0000][PE] low and high boundaries for computing mean and std.dev: (1, 16780)
[0000][PE] mean and std.dev: (3161.83, 2799.02)
[0000][PE] low and high boundaries for proper pairs: (1, 22284)
[0000][PE] analyzing insert size distribution for orientation RR...
[0000][PE] (25, 50, 75) percentile: (171, 229, 1224)
[0000][PE] low and high boundaries for computing mean and std.dev: (1, 3330)
[0000][PE] mean and std.dev: (401.29, 547.88)
[0000][PE] low and high boundaries for proper pairs: (1, 4383)
[0000][PE] skip orientation FF
[0000][PE] skip orientation RF
[0000][PE] skip orientation RR
[0000] 3. Calling kt_for - worker_sam
[0000] read_chunk: 400000000, work_chunk_size: 400000182, nseq: 2779396
	[0000][ M::kt_pipeline] read 2779396 sequences (400000182 bp)...
	[0000][ M::mem_process_seqs] Processed 2777588 reads in 468.639 CPU sec, 12.704 real sec
[0000] Reallocating initial memory allocations!!
[0000] Calling mem_process_seqs.., task: 1
[0000] 1. Calling kt_for - worker_bwt
[0000] 2. Calling kt_for - worker_aln
[0000] Inferring insert size distribution of PE reads from data, l_pac: 656111652, n: 2779396
[0000][PE] # candidate unique pairs for (FF, FR, RF, RR): (67, 1128645, 124, 69)
[0000][PE] analyzing insert size distribution for orientation FF...
[0000][PE] (25, 50, 75) percentile: (170, 248, 956)
[0000][PE] low and high boundaries for computing mean and std.dev: (1, 2528)
[0000][PE] mean and std.dev: (386.81, 511.72)
[0000][PE] low and high boundaries for proper pairs: (1, 3314)
[0000][PE] analyzing insert size distribution for orientation FR...
[0000][PE] (25, 50, 75) percentile: (240, 284, 323)
[0000][PE] low and high boundaries for computing mean and std.dev: (74, 489)
[0000][PE] mean and std.dev: (277.00, 65.09)
[0000][PE] low and high boundaries for proper pairs: (1, 572)
[0000][PE] analyzing insert size distribution for orientation RF...
[0000][PE] (25, 50, 75) percentile: (427, 2647, 6756)
[0000][PE] low and high boundaries for computing mean and std.dev: (1, 19414)
[0000][PE] mean and std.dev: (3546.22, 3331.34)
[0000][PE] low and high boundaries for proper pairs: (1, 25743)
[0000][PE] analyzing insert size distribution for orientation RR...
[0000][PE] (25, 50, 75) percentile: (173, 233, 1627)
[0000][PE] low and high boundaries for computing mean and std.dev: (1, 4535)
[0000][PE] mean and std.dev: (485.86, 779.68)
[0000][PE] low and high boundaries for proper pairs: (1, 5989)
[0000][PE] skip orientation FF
[0000][PE] skip orientation RF
[0000][PE] skip orientation RR
[0000] 3. Calling kt_for - worker_sam
[0000] read_chunk: 400000000, work_chunk_size: 400000282, nseq: 2776800
	[0000][ M::kt_pipeline] read 2776800 sequences (400000282 bp)...
	[0000][ M::mem_process_seqs] Processed 2779396 reads in 413.511 CPU sec, 11.222 real sec
[0000] Calling mem_process_seqs.., task: 2
[0000] 1. Calling kt_for - worker_bwt
[0000] 2. Calling kt_for - worker_aln
[0000] Inferring insert size distribution of PE reads from data, l_pac: 656111652, n: 2776800
[0000][PE] # candidate unique pairs for (FF, FR, RF, RR): (76, 1095521, 122, 60)
[0000][PE] analyzing insert size distribution for orientation FF...
[0000][PE] (25, 50, 75) percentile: (164, 247, 830)
[0000][PE] low and high boundaries for computing mean and std.dev: (1, 2162)
[0000][PE] mean and std.dev: (279.90, 260.56)
[0000][PE] low and high boundaries for proper pairs: (1, 2828)
[0000][PE] analyzing insert size distribution for orientation FR...
[0000][PE] (25, 50, 75) percentile: (240, 284, 323)
[0000][PE] low and high boundaries for computing mean and std.dev: (74, 489)
[0000][PE] mean and std.dev: (277.09, 64.95)
[0000][PE] low and high boundaries for proper pairs: (1, 572)
[0000][PE] analyzing insert size distribution for orientation RF...
[0000][PE] (25, 50, 75) percentile: (398, 3002, 5471)
[0000][PE] low and high boundaries for computing mean and std.dev: (1, 15617)
[0000][PE] mean and std.dev: (3400.71, 3118.35)
[0000][PE] low and high boundaries for proper pairs: (1, 20690)
[0000][PE] analyzing insert size distribution for orientation RR...
[0000][PE] (25, 50, 75) percentile: (164, 219, 1044)
[0000][PE] low and high boundaries for computing mean and std.dev: (1, 2804)
[0000][PE] mean and std.dev: (425.33, 537.63)
[0000][PE] low and high boundaries for proper pairs: (1, 3684)
[0000][PE] skip orientation FF
[0000][PE] skip orientation RF
[0000][PE] skip orientation RR
[0000] 3. Calling kt_for - worker_sam
[0000] read_chunk: 400000000, work_chunk_size: 400000184, nseq: 2777512
	[0000][ M::kt_pipeline] read 2777512 sequences (400000184 bp)...
	[0000][ M::mem_process_seqs] Processed 2776800 reads in 496.242 CPU sec, 13.610 real sec
[0000] Calling mem_process_seqs.., task: 3
[0000] 1. Calling kt_for - worker_bwt
[0000] 2. Calling kt_for - worker_aln
[0000] Inferring insert size distribution of PE reads from data, l_pac: 656111652, n: 2777512
[0000][PE] # candidate unique pairs for (FF, FR, RF, RR): (68, 1116827, 113, 54)
[0000][PE] analyzing insert size distribution for orientation FF...
[0000][PE] (25, 50, 75) percentile: (152, 223, 3239)
[0000][PE] low and high boundaries for computing mean and std.dev: (1, 9413)
[0000][PE] mean and std.dev: (1738.57, 2590.74)
[0000][PE] low and high boundaries for proper pairs: (1, 12500)
[0000][PE] analyzing insert size distribution for orientation FR...
[0000][PE] (25, 50, 75) percentile: (240, 284, 324)
[0000][PE] low and high boundaries for computing mean and std.dev: (72, 492)
[0000][PE] mean and std.dev: (276.86, 65.48)
[0000][PE] low and high boundaries for proper pairs: (1, 576)
[0000][PE] analyzing insert size distribution for orientation RF...
[0000][PE] (25, 50, 75) percentile: (543, 2452, 6345)
[0000][PE] low and high boundaries for computing mean and std.dev: (1, 17949)
[0000][PE] mean and std.dev: (3595.03, 3259.66)
[0000][PE] low and high boundaries for proper pairs: (1, 23751)
[0000][PE] analyzing insert size distribution for orientation RR...
[0000][PE] (25, 50, 75) percentile: (145, 211, 2841)
[0000][PE] low and high boundaries for computing mean and std.dev: (1, 8233)
[0000][PE] mean and std.dev: (1389.83, 1881.28)
[0000][PE] low and high boundaries for proper pairs: (1, 10929)
[0000][PE] skip orientation FF
[0000][PE] skip orientation RF
[0000][PE] skip orientation RR
[0000] 3. Calling kt_for - worker_sam
	[0000][ M::mem_process_seqs] Processed 2777512 reads in 445.864 CPU sec, 11.960 real sec
[0000] read_chunk: 400000000, work_chunk_size: 400000094, nseq: 2778620
	[0000][ M::kt_pipeline] read 2778620 sequences (400000094 bp)...
[0000] Calling mem_process_seqs.., task: 4
[0000] 1. Calling kt_for - worker_bwt
[0000] 2. Calling kt_for - worker_aln
[0000] Inferring insert size distribution of PE reads from data, l_pac: 656111652, n: 2778620
[0000][PE] # candidate unique pairs for (FF, FR, RF, RR): (83, 1121819, 116, 66)
[0000][PE] analyzing insert size distribution for orientation FF...
[0000][PE] (25, 50, 75) percentile: (164, 219, 1211)
[0000][PE] low and high boundaries for computing mean and std.dev: (1, 3305)
[0000][PE] mean and std.dev: (487.49, 683.85)
[0000][PE] low and high boundaries for proper pairs: (1, 4352)
[0000][PE] analyzing insert size distribution for orientation FR...
[0000][PE] (25, 50, 75) percentile: (240, 284, 323)
[0000][PE] low and high boundaries for computing mean and std.dev: (74, 489)
[0000][PE] mean and std.dev: (277.15, 65.00)
[0000][PE] low and high boundaries for proper pairs: (1, 572)
[0000][PE] analyzing insert size distribution for orientation RF...
[0000][PE] (25, 50, 75) percentile: (540, 2509, 6005)
[0000][PE] low and high boundaries for computing mean and std.dev: (1, 16935)
[0000][PE] mean and std.dev: (3455.98, 3240.40)
[0000][PE] low and high boundaries for proper pairs: (1, 22400)
[0000][PE] analyzing insert size distribution for orientation RR...
[0000][PE] (25, 50, 75) percentile: (180, 265, 1802)
[0000][PE] low and high boundaries for computing mean and std.dev: (1, 5046)
[0000][PE] mean and std.dev: (766.96, 1144.50)
[0000][PE] low and high boundaries for proper pairs: (1, 6668)
[0000][PE] skip orientation FF
[0000][PE] skip orientation RF
[0000][PE] skip orientation RR
[0000] 3. Calling kt_for - worker_sam
[0000] read_chunk: 400000000, work_chunk_size: 400000276, nseq: 2779190
	[0000][ M::kt_pipeline] read 2779190 sequences (400000276 bp)...
	[0000][ M::mem_process_seqs] Processed 2778620 reads in 430.825 CPU sec, 11.553 real sec
[0000] Calling mem_process_seqs.., task: 5
[0000] 1. Calling kt_for - worker_bwt
[0000] 2. Calling kt_for - worker_aln
[0000] Inferring insert size distribution of PE reads from data, l_pac: 656111652, n: 2779190
[0000][PE] # candidate unique pairs for (FF, FR, RF, RR): (67, 1116535, 138, 65)
[0000][PE] analyzing insert size distribution for orientation FF...
[0000][PE] (25, 50, 75) percentile: (118, 205, 1437)
[0000][PE] low and high boundaries for computing mean and std.dev: (1, 4075)
[0000][PE] mean and std.dev: (762.05, 1218.66)
[0000][PE] low and high boundaries for proper pairs: (1, 5637)
[0000][PE] analyzing insert size distribution for orientation FR...
[0000][PE] (25, 50, 75) percentile: (240, 284, 323)
[0000][PE] low and high boundaries for computing mean and std.dev: (74, 489)
[0000][PE] mean and std.dev: (277.07, 64.98)
[0000][PE] low and high boundaries for proper pairs: (1, 572)
[0000][PE] analyzing insert size distribution for orientation RF...
[0000][PE] (25, 50, 75) percentile: (813, 4502, 6842)
[0000][PE] low and high boundaries for computing mean and std.dev: (1, 18900)
[0000][PE] mean and std.dev: (4112.31, 3155.32)
[0000][PE] low and high boundaries for proper pairs: (1, 24929)
[0000][PE] analyzing insert size distribution for orientation RR...
[0000][PE] (25, 50, 75) percentile: (145, 199, 999)
[0000][PE] low and high boundaries for computing mean and std.dev: (1, 2707)
[0000][PE] mean and std.dev: (406.96, 548.52)
[0000][PE] low and high boundaries for proper pairs: (1, 3561)
[0000][PE] skip orientation FF
[0000][PE] skip orientation RF
[0000][PE] skip orientation RR
[0000] 3. Calling kt_for - worker_sam
	[0000][ M::mem_process_seqs] Processed 2779190 reads in 445.561 CPU sec, 12.133 real sec
[0000] read_chunk: 400000000, work_chunk_size: 400000009, nseq: 2778958
	[0000][ M::kt_pipeline] read 2778958 sequences (400000009 bp)...
[0000] Calling mem_process_seqs.., task: 6
[0000] 1. Calling kt_for - worker_bwt
[0000] 2. Calling kt_for - worker_aln
[0000] read_chunk: 400000000, work_chunk_size: 193890001, nseq: 1347024
	[0000][ M::kt_pipeline] read 1347024 sequences (193890001 bp)...
[0000] Inferring insert size distribution of PE reads from data, l_pac: 656111652, n: 2778958
[0000][PE] # candidate unique pairs for (FF, FR, RF, RR): (76, 1125534, 109, 75)
[0000][PE] analyzing insert size distribution for orientation FF...
[0000][PE] (25, 50, 75) percentile: (151, 227, 519)
[0000][PE] low and high boundaries for computing mean and std.dev: (1, 1255)
[0000][PE] mean and std.dev: (230.08, 149.75)
[0000][PE] low and high boundaries for proper pairs: (1, 1623)
[0000][PE] analyzing insert size distribution for orientation FR...
[0000][PE] (25, 50, 75) percentile: (240, 284, 323)
[0000][PE] low and high boundaries for computing mean and std.dev: (74, 489)
[0000][PE] mean and std.dev: (277.04, 64.99)
[0000][PE] low and high boundaries for proper pairs: (1, 572)
[0000][PE] analyzing insert size distribution for orientation RF...
[0000][PE] (25, 50, 75) percentile: (636, 3108, 6880)
[0000][PE] low and high boundaries for computing mean and std.dev: (1, 19368)
[0000][PE] mean and std.dev: (3879.89, 3297.45)
[0000][PE] low and high boundaries for proper pairs: (1, 25612)
[0000][PE] analyzing insert size distribution for orientation RR...
[0000][PE] (25, 50, 75) percentile: (155, 198, 278)
[0000][PE] low and high boundaries for computing mean and std.dev: (1, 524)
[0000][PE] mean and std.dev: (180.54, 58.08)
[0000][PE] low and high boundaries for proper pairs: (1, 647)
[0000][PE] skip orientation FF
[0000][PE] skip orientation RF
[0000][PE] skip orientation RR
[0000] 3. Calling kt_for - worker_sam
	[0000][ M::mem_process_seqs] Processed 2778958 reads in 430.670 CPU sec, 11.703 real sec
[0000] Calling mem_process_seqs.., task: 7
[0000] 1. Calling kt_for - worker_bwt
[0000] 2. Calling kt_for - worker_aln
[0000] Inferring insert size distribution of PE reads from data, l_pac: 656111652, n: 1347024
[0000][PE] # candidate unique pairs for (FF, FR, RF, RR): (40, 551142, 46, 33)
[0000][PE] analyzing insert size distribution for orientation FF...
[0000][PE] (25, 50, 75) percentile: (152, 253, 992)
[0000][PE] low and high boundaries for computing mean and std.dev: (1, 2672)
[0000][PE] mean and std.dev: (389.94, 527.23)
[0000][PE] low and high boundaries for proper pairs: (1, 3512)
[0000][PE] analyzing insert size distribution for orientation FR...
[0000][PE] (25, 50, 75) percentile: (240, 284, 323)
[0000][PE] low and high boundaries for computing mean and std.dev: (74, 489)
[0000][PE] mean and std.dev: (277.14, 64.90)
[0000][PE] low and high boundaries for proper pairs: (1, 572)
[0000][PE] analyzing insert size distribution for orientation RF...
[0000][PE] (25, 50, 75) percentile: (404, 1251, 6140)
[0000][PE] low and high boundaries for computing mean and std.dev: (1, 17612)
[0000][PE] mean and std.dev: (2915.35, 2996.65)
[0000][PE] low and high boundaries for proper pairs: (1, 23348)
[0000][PE] analyzing insert size distribution for orientation RR...
[0000][PE] (25, 50, 75) percentile: (148, 226, 270)
[0000][PE] low and high boundaries for computing mean and std.dev: (1, 514)
[0000][PE] mean and std.dev: (196.31, 67.38)
[0000][PE] low and high boundaries for proper pairs: (1, 636)
[0000][PE] skip orientation FF
[0000][PE] skip orientation RF
[0000][PE] skip orientation RR
[0000] 3. Calling kt_for - worker_sam
[0000] read_chunk: 400000000, work_chunk_size: 0, nseq: 0
	[0000][ M::mem_process_seqs] Processed 1347024 reads in 194.994 CPU sec, 5.362 real sec
[0000] read_chunk: 400000000, work_chunk_size: 0, nseq: 0
[0000] Computation ends..
No. of OMP threads: 40
Processor is running @2394.726468 MHz
Runtime profile:

	Time taken for main_mem function: 143.07 sec

	IO times (sec) :
	Reading IO time (reads) avg: 69.24, (69.24, 69.24)
	Writing IO time (SAM) avg: 25.50, (25.50, 25.50)
	Reading IO time (Reference Genome) avg: 0.51, (0.51, 0.51)
	Index read time avg: 0.12, (0.12, 0.12)

	Overall time (sec) (Excluding Index reading time):
	PROCESS() (Total compute time + (read + SAM) IO time) : 142.44
	MEM_PROCESS_SEQ() (Total compute time (Kernel + SAM)), avg: 90.24, (90.24, 90.24)

	 SAM Processing time (sec):
	--WORKER_SAM avg: 37.20, (37.20, 37.20)

	Kernels' compute time (sec):
	Total kernel (smem+sal+bsw) time avg: 50.80, (50.80, 50.80)
		MEM_ALN_CHAIN_FLT avg: 0.00, (0.00, 0.00)
		MEM_ALN_CHAIN_SEED avg: 0.00, (0.00, 0.00)
		ERT_SEED_CHAIN avg: 0.00, (0.00, 0.00)
	LEARNED_SEED_CHAIN avg: 19.54, (19.60, 19.45)
		SMEM compute avg: 0.00, (0.00, 0.00)
		SAL compute avg: 0.00, (0.00, 0.00)
				MEM_SA avg: 0.00, (0.00, 0.00)

		BSW time, avg: 29.06, (29.62, 28.78)

Important parameter settings: 
	BATCH_SIZE: 512
	MAX_SEQ_LEN_REF: 256
	MAX_SEQ_LEN_QER: 128
	MAX_SEQ_LEN8: 128
	SEEDS_PER_READ: 500
	SIMD_WIDTH8 X: 64
	SIMD_WIDTH16 X: 32
	AVG_SEEDS_PER_READ: 64
