Looking to launch executable "/opt/conda/bin/bwa-meme_mode3.avx512bw", simd = _mode3.avx512bw
Launching executable "/opt/conda/bin/bwa-meme_mode3.avx512bw"
-----------------------------
Executing in AVX512 mode!!
-----------------------------
* SA compression enabled with xfactor: 8
* Ref file: reference.902362185.genome.fasta
* Entering FMI_search
Reading other elements of the index from files reference.902362185.genome.fasta
* Index prefix: reference.902362185.genome.fasta
* Read 0 ALT contigs
* Reading reference genome..
* Binary seq file = reference.902362185.genome.fasta.0123
* Reference genome size: 1312223304 bp
* Done reading reference genome !!

------------------------------------------
1. Memory pre-allocation for Chaining: 5679.4903 MB
2. Memory pre-allocation for BSW: 9584.6810 MB
[M::memoryAllocLearned::MEME] Reading Learned-index models into memory
[Learned-Config] MODE:3 SEARCH_METHOD: 1 MEM_TRADEOFF:1 EXPONENTIAL_SMEMSEARCH: 1 DEBUG_MODE:0 Num 2nd Models:268435456 PWL Bits Used:28
[M::memoryAllocLearned::MEME] Loading RMI model and Pac reference file took 9.838 sec
[M::memoryAllocLearned::MEME] Reading suffix array into memory
[M::memoryAllocLearned::MEME] Loading pos_packed file took 14.428 sec
[M::memoryAllocLearned::MEME] Generating SA, 64-bit Suffix and ISA in memory
[M::memoryAllocLearned::MEME] Runtime-build-index took 13.459 sec
3. Memory pre-allocation for BWT: 7204.5072 MB
------------------------------------------
* Threads used (compute): 40
* No. of pipeline threads: 2

[0000] read_chunk: 400000000, work_chunk_size: 400000112, nseq: 2730616
	[0000][ M::kt_pipeline] read 2730616 sequences (400000112 bp)...
[0000] Reallocating initial memory allocations!!
[0000] Calling mem_process_seqs.., task: 0
[0000] 1. Calling kt_for - worker_bwt
[0000] 2. Calling kt_for - worker_aln
[0000] read_chunk: 400000000, work_chunk_size: 400000051, nseq: 2728574
	[0000][ M::kt_pipeline] read 2728574 sequences (400000051 bp)...
[0000] Inferring insert size distribution of PE reads from data, l_pac: 656111652, n: 2730616
[0000][PE] # candidate unique pairs for (FF, FR, RF, RR): (107, 1094097, 123, 98)
[0000][PE] analyzing insert size distribution for orientation FF...
[0000][PE] (25, 50, 75) percentile: (160, 218, 762)
[0000][PE] low and high boundaries for computing mean and std.dev: (1, 1966)
[0000][PE] mean and std.dev: (302.89, 306.02)
[0000][PE] low and high boundaries for proper pairs: (1, 2568)
[0000][PE] analyzing insert size distribution for orientation FR...
[0000][PE] (25, 50, 75) percentile: (257, 295, 330)
[0000][PE] low and high boundaries for computing mean and std.dev: (111, 476)
[0000][PE] mean and std.dev: (292.89, 50.21)
[0000][PE] low and high boundaries for proper pairs: (38, 549)
[0000][PE] analyzing insert size distribution for orientation RF...
[0000][PE] (25, 50, 75) percentile: (756, 3509, 7856)
[0000][PE] low and high boundaries for computing mean and std.dev: (1, 22056)
[0000][PE] mean and std.dev: (4138.33, 3447.02)
[0000][PE] low and high boundaries for proper pairs: (1, 29156)
[0000][PE] analyzing insert size distribution for orientation RR...
[0000][PE] (25, 50, 75) percentile: (146, 200, 354)
[0000][PE] low and high boundaries for computing mean and std.dev: (1, 770)
[0000][PE] mean and std.dev: (184.51, 93.51)
[0000][PE] low and high boundaries for proper pairs: (1, 978)
[0000][PE] skip orientation FF
[0000][PE] skip orientation RF
[0000][PE] skip orientation RR
[0000] 3. Calling kt_for - worker_sam
	[0000][ M::mem_process_seqs] Processed 2730616 reads in 443.915 CPU sec, 11.696 real sec
[0000] Calling mem_process_seqs.., task: 1
[0000] 1. Calling kt_for - worker_bwt
[0000] 2. Calling kt_for - worker_aln
[0000] Inferring insert size distribution of PE reads from data, l_pac: 656111652, n: 2728574
[0000][PE] # candidate unique pairs for (FF, FR, RF, RR): (84, 1031015, 107, 112)
[0000][PE] analyzing insert size distribution for orientation FF...
[0000][PE] (25, 50, 75) percentile: (137, 202, 285)
[0000][PE] low and high boundaries for computing mean and std.dev: (1, 581)
[0000][PE] mean and std.dev: (190.40, 93.39)
[0000][PE] low and high boundaries for proper pairs: (1, 729)
[0000][PE] analyzing insert size distribution for orientation FR...
[0000][PE] (25, 50, 75) percentile: (257, 295, 330)
[0000][PE] low and high boundaries for computing mean and std.dev: (111, 476)
[0000][PE] mean and std.dev: (292.96, 50.17)
[0000][PE] low and high boundaries for proper pairs: (38, 549)
[0000][PE] analyzing insert size distribution for orientation RF...
[0000][PE] (25, 50, 75) percentile: (666, 2104, 6965)
[0000][PE] low and high boundaries for computing mean and std.dev: (1, 19563)
[0000][PE] mean and std.dev: (3759.71, 3358.54)
[0000][PE] low and high boundaries for proper pairs: (1, 25862)
[0000][PE] analyzing insert size distribution for orientation RR...
[0000][PE] (25, 50, 75) percentile: (155, 222, 718)
[0000][PE] low and high boundaries for computing mean and std.dev: (1, 1844)
[0000][PE] mean and std.dev: (301.16, 318.63)
[0000][PE] low and high boundaries for proper pairs: (1, 2407)
[0000][PE] skip orientation FF
[0000][PE] skip orientation RF
[0000][PE] skip orientation RR
[0000] 3. Calling kt_for - worker_sam
[0000] read_chunk: 400000000, work_chunk_size: 400000178, nseq: 2732600
	[0000][ M::kt_pipeline] read 2732600 sequences (400000178 bp)...
	[0000][ M::mem_process_seqs] Processed 2728574 reads in 599.855 CPU sec, 15.950 real sec
[0000] Reallocating initial memory allocations!!
[0000] Calling mem_process_seqs.., task: 2
[0000] 1. Calling kt_for - worker_bwt
[0000] 2. Calling kt_for - worker_aln
[0000] Inferring insert size distribution of PE reads from data, l_pac: 656111652, n: 2732600
[0000] read_chunk: 400000000, work_chunk_size: 400000147, nseq: 2732476
	[0000][ M::kt_pipeline] read 2732476 sequences (400000147 bp)...
[0000][PE] # candidate unique pairs for (FF, FR, RF, RR): (136, 1116655, 148, 136)
[0000][PE] analyzing insert size distribution for orientation FF...
[0000][PE] (25, 50, 75) percentile: (162, 216, 651)
[0000][PE] low and high boundaries for computing mean and std.dev: (1, 1629)
[0000][PE] mean and std.dev: (322.57, 333.95)
[0000][PE] low and high boundaries for proper pairs: (1, 2118)
[0000][PE] analyzing insert size distribution for orientation FR...
[0000][PE] (25, 50, 75) percentile: (257, 295, 330)
[0000][PE] low and high boundaries for computing mean and std.dev: (111, 476)
[0000][PE] mean and std.dev: (292.93, 50.21)
[0000][PE] low and high boundaries for proper pairs: (38, 549)
[0000][PE] analyzing insert size distribution for orientation RF...
[0000][PE] (25, 50, 75) percentile: (519, 2005, 5631)
[0000][PE] low and high boundaries for computing mean and std.dev: (1, 15855)
[0000][PE] mean and std.dev: (3240.57, 3215.55)
[0000][PE] low and high boundaries for proper pairs: (1, 20967)
[0000][PE] analyzing insert size distribution for orientation RR...
[0000][PE] (25, 50, 75) percentile: (149, 208, 640)
[0000][PE] low and high boundaries for computing mean and std.dev: (1, 1622)
[0000][PE] mean and std.dev: (270.46, 262.58)
[0000][PE] low and high boundaries for proper pairs: (1, 2113)
[0000][PE] skip orientation FF
[0000][PE] skip orientation RF
[0000][PE] skip orientation RR
[0000] 3. Calling kt_for - worker_sam
	[0000][ M::mem_process_seqs] Processed 2732600 reads in 396.015 CPU sec, 10.992 real sec
[0000] Calling mem_process_seqs.., task: 3
[0000] 1. Calling kt_for - worker_bwt
[0000] 2. Calling kt_for - worker_aln
[0000] Inferring insert size distribution of PE reads from data, l_pac: 656111652, n: 2732476
[0000][PE] # candidate unique pairs for (FF, FR, RF, RR): (108, 1116469, 134, 107)
[0000][PE] analyzing insert size distribution for orientation FF...
[0000][PE] (25, 50, 75) percentile: (148, 205, 352)
[0000][PE] low and high boundaries for computing mean and std.dev: (1, 760)
[0000][PE] mean and std.dev: (179.41, 60.01)
[0000][PE] low and high boundaries for proper pairs: (1, 964)
[0000][PE] analyzing insert size distribution for orientation FR...
[0000][PE] (25, 50, 75) percentile: (257, 295, 330)
[0000][PE] low and high boundaries for computing mean and std.dev: (111, 476)
[0000][PE] mean and std.dev: (292.96, 50.27)
[0000][PE] low and high boundaries for proper pairs: (38, 549)
[0000][PE] analyzing insert size distribution for orientation RF...
[0000][PE] (25, 50, 75) percentile: (1060, 2787, 5895)
[0000][PE] low and high boundaries for computing mean and std.dev: (1, 15565)
[0000][PE] mean and std.dev: (3594.26, 2981.71)
[0000][PE] low and high boundaries for proper pairs: (1, 20400)
[0000][PE] analyzing insert size distribution for orientation RR...
[0000][PE] (25, 50, 75) percentile: (180, 238, 5811)
[0000][PE] low and high boundaries for computing mean and std.dev: (1, 17073)
[0000][PE] mean and std.dev: (2114.46, 2850.61)
[0000][PE] low and high boundaries for proper pairs: (1, 22704)
[0000][PE] skip orientation FF
[0000][PE] skip orientation RF
[0000][PE] skip orientation RR
[0000] 3. Calling kt_for - worker_sam
	[0000][ M::mem_process_seqs] Processed 2732476 reads in 395.265 CPU sec, 10.793 real sec
[0000] read_chunk: 400000000, work_chunk_size: 400000087, nseq: 2731650
	[0000][ M::kt_pipeline] read 2731650 sequences (400000087 bp)...
[0000] Calling mem_process_seqs.., task: 4
[0000] 1. Calling kt_for - worker_bwt
[0000] 2. Calling kt_for - worker_aln
[0000] Inferring insert size distribution of PE reads from data, l_pac: 656111652, n: 2731650
[0000][PE] # candidate unique pairs for (FF, FR, RF, RR): (111, 1112184, 130, 103)
[0000][PE] analyzing insert size distribution for orientation FF...
[0000][PE] (25, 50, 75) percentile: (128, 204, 283)
[0000][PE] low and high boundaries for computing mean and std.dev: (1, 593)
[0000][PE] mean and std.dev: (184.14, 89.95)
[0000][PE] low and high boundaries for proper pairs: (1, 748)
[0000][PE] analyzing insert size distribution for orientation FR...
[0000][PE] (25, 50, 75) percentile: (257, 295, 330)
[0000][PE] low and high boundaries for computing mean and std.dev: (111, 476)
[0000][PE] mean and std.dev: (292.96, 50.22)
[0000][PE] low and high boundaries for proper pairs: (38, 549)
[0000][PE] analyzing insert size distribution for orientation RF...
[0000][PE] (25, 50, 75) percentile: (881, 3407, 5625)
[0000][PE] low and high boundaries for computing mean and std.dev: (1, 15113)
[0000][PE] mean and std.dev: (3578.52, 2876.83)
[0000][PE] low and high boundaries for proper pairs: (1, 19857)
[0000][PE] analyzing insert size distribution for orientation RR...
[0000][PE] (25, 50, 75) percentile: (164, 212, 498)
[0000][PE] low and high boundaries for computing mean and std.dev: (1, 1166)
[0000][PE] mean and std.dev: (297.82, 288.47)
[0000][PE] low and high boundaries for proper pairs: (1, 1500)
[0000][PE] skip orientation FF
[0000][PE] skip orientation RF
[0000][PE] skip orientation RR
[0000] 3. Calling kt_for - worker_sam
[0000] read_chunk: 400000000, work_chunk_size: 400000170, nseq: 2731490
	[0000][ M::kt_pipeline] read 2731490 sequences (400000170 bp)...
	[0000][ M::mem_process_seqs] Processed 2731650 reads in 406.958 CPU sec, 10.828 real sec
[0000] Calling mem_process_seqs.., task: 5
[0000] 1. Calling kt_for - worker_bwt
[0000] 2. Calling kt_for - worker_aln
[0000] Inferring insert size distribution of PE reads from data, l_pac: 656111652, n: 2731490
[0000][PE] # candidate unique pairs for (FF, FR, RF, RR): (115, 1104075, 150, 111)
[0000][PE] analyzing insert size distribution for orientation FF...
[0000][PE] (25, 50, 75) percentile: (153, 212, 315)
[0000][PE] low and high boundaries for computing mean and std.dev: (1, 639)
[0000][PE] mean and std.dev: (199.94, 105.84)
[0000][PE] low and high boundaries for proper pairs: (1, 801)
[0000][PE] analyzing insert size distribution for orientation FR...
[0000][PE] (25, 50, 75) percentile: (257, 295, 330)
[0000][PE] low and high boundaries for computing mean and std.dev: (111, 476)
[0000][PE] mean and std.dev: (292.91, 50.22)
[0000][PE] low and high boundaries for proper pairs: (38, 549)
[0000][PE] analyzing insert size distribution for orientation RF...
[0000][PE] (25, 50, 75) percentile: (364, 2976, 6004)
[0000][PE] low and high boundaries for computing mean and std.dev: (1, 17284)
[0000][PE] mean and std.dev: (3553.86, 3283.33)
[0000][PE] low and high boundaries for proper pairs: (1, 22924)
[0000][PE] analyzing insert size distribution for orientation RR...
[0000][PE] (25, 50, 75) percentile: (156, 208, 1186)
[0000][PE] low and high boundaries for computing mean and std.dev: (1, 3246)
[0000][PE] mean and std.dev: (565.56, 728.69)
[0000][PE] low and high boundaries for proper pairs: (1, 4276)
[0000][PE] skip orientation FF
[0000][PE] skip orientation RF
[0000][PE] skip orientation RR
[0000] 3. Calling kt_for - worker_sam
	[0000][ M::mem_process_seqs] Processed 2731490 reads in 423.066 CPU sec, 11.391 real sec
[0000] read_chunk: 400000000, work_chunk_size: 400000199, nseq: 2732404
	[0000][ M::kt_pipeline] read 2732404 sequences (400000199 bp)...
[0000] Calling mem_process_seqs.., task: 6
[0000] 1. Calling kt_for - worker_bwt
[0000] 2. Calling kt_for - worker_aln
[0000] Inferring insert size distribution of PE reads from data, l_pac: 656111652, n: 2732404
[0000][PE] # candidate unique pairs for (FF, FR, RF, RR): (113, 1103301, 154, 87)
[0000][PE] analyzing insert size distribution for orientation FF...
[0000][PE] (25, 50, 75) percentile: (140, 187, 252)
[0000][PE] low and high boundaries for computing mean and std.dev: (1, 476)
[0000][PE] mean and std.dev: (174.66, 69.75)
[0000][PE] low and high boundaries for proper pairs: (1, 588)
[0000][PE] analyzing insert size distribution for orientation FR...
[0000][PE] (25, 50, 75) percentile: (257, 295, 330)
[0000][PE] low and high boundaries for computing mean and std.dev: (111, 476)
[0000][PE] mean and std.dev: (292.96, 50.17)
[0000][PE] low and high boundaries for proper pairs: (38, 549)
[0000][PE] analyzing insert size distribution for orientation RF...
[0000][PE] (25, 50, 75) percentile: (977, 3640, 7158)
[0000][PE] low and high boundaries for computing mean and std.dev: (1, 19520)
[0000][PE] mean and std.dev: (4156.98, 3240.53)
[0000][PE] low and high boundaries for proper pairs: (1, 25701)
[0000][PE] analyzing insert size distribution for orientation RR...
[0000][PE] (25, 50, 75) percentile: (158, 210, 299)
[0000][PE] low and high boundaries for computing mean and std.dev: (1, 581)
[0000][PE] mean and std.dev: (189.40, 75.54)
[0000][PE] low and high boundaries for proper pairs: (1, 722)
[0000][PE] skip orientation FF
[0000][PE] skip orientation RF
[0000][PE] skip orientation RR
[0000] 3. Calling kt_for - worker_sam
[0000] read_chunk: 400000000, work_chunk_size: 400000000, nseq: 2731270
	[0000][ M::kt_pipeline] read 2731270 sequences (400000000 bp)...
	[0000][ M::mem_process_seqs] Processed 2732404 reads in 420.427 CPU sec, 12.180 real sec
[0000] Calling mem_process_seqs.., task: 7
[0000] 1. Calling kt_for - worker_bwt
[0000] 2. Calling kt_for - worker_aln
[0000] Inferring insert size distribution of PE reads from data, l_pac: 656111652, n: 2731270
[0000][PE] # candidate unique pairs for (FF, FR, RF, RR): (105, 1111978, 130, 121)
[0000][PE] analyzing insert size distribution for orientation FF...
[0000][PE] (25, 50, 75) percentile: (158, 227, 777)
[0000][PE] low and high boundaries for computing mean and std.dev: (1, 2015)
[0000][PE] mean and std.dev: (326.62, 334.50)
[0000][PE] low and high boundaries for proper pairs: (1, 2634)
[0000][PE] analyzing insert size distribution for orientation FR...
[0000][PE] (25, 50, 75) percentile: (257, 295, 330)
[0000][PE] low and high boundaries for computing mean and std.dev: (111, 476)
[0000][PE] mean and std.dev: (292.94, 50.20)
[0000][PE] low and high boundaries for proper pairs: (38, 549)
[0000][PE] analyzing insert size distribution for orientation RF...
[0000][PE] (25, 50, 75) percentile: (1191, 3859, 6835)
[0000][PE] low and high boundaries for computing mean and std.dev: (1, 18123)
[0000][PE] mean and std.dev: (4037.74, 2965.81)
[0000][PE] low and high boundaries for proper pairs: (1, 23767)
[0000][PE] analyzing insert size distribution for orientation RR...
[0000][PE] (25, 50, 75) percentile: (166, 248, 1530)
[0000][PE] low and high boundaries for computing mean and std.dev: (1, 4258)
[0000][PE] mean and std.dev: (572.29, 796.80)
[0000][PE] low and high boundaries for proper pairs: (1, 5622)
[0000][PE] skip orientation FF
[0000][PE] skip orientation RF
[0000][PE] skip orientation RR
[0000] 3. Calling kt_for - worker_sam
	[0000][ M::mem_process_seqs] Processed 2731270 reads in 421.986 CPU sec, 11.409 real sec
[0000] read_chunk: 400000000, work_chunk_size: 400000248, nseq: 2731058
	[0000][ M::kt_pipeline] read 2731058 sequences (400000248 bp)...
[0000] Calling mem_process_seqs.., task: 8
[0000] 1. Calling kt_for - worker_bwt
[0000] 2. Calling kt_for - worker_aln
[0000] Inferring insert size distribution of PE reads from data, l_pac: 656111652, n: 2731058
[0000][PE] # candidate unique pairs for (FF, FR, RF, RR): (122, 1090713, 151, 101)
[0000][PE] analyzing insert size distribution for orientation FF...
[0000][PE] (25, 50, 75) percentile: (149, 221, 493)
[0000][PE] low and high boundaries for computing mean and std.dev: (1, 1181)
[0000][PE] mean and std.dev: (257.97, 213.79)
[0000][PE] low and high boundaries for proper pairs: (1, 1525)
[0000][PE] analyzing insert size distribution for orientation FR...
[0000][PE] (25, 50, 75) percentile: (257, 295, 330)
[0000][PE] low and high boundaries for computing mean and std.dev: (111, 476)
[0000][PE] mean and std.dev: (292.92, 50.20)
[0000][PE] low and high boundaries for proper pairs: (38, 549)
[0000][PE] analyzing insert size distribution for orientation RF...
[0000][PE] (25, 50, 75) percentile: (550, 2075, 5208)
[0000][PE] low and high boundaries for computing mean and std.dev: (1, 14524)
[0000][PE] mean and std.dev: (3147.68, 2791.86)
[0000][PE] low and high boundaries for proper pairs: (1, 19182)
[0000][PE] analyzing insert size distribution for orientation RR...
[0000][PE] (25, 50, 75) percentile: (166, 215, 300)
[0000][PE] low and high boundaries for computing mean and std.dev: (1, 568)
[0000][PE] mean and std.dev: (205.66, 86.02)
[0000][PE] low and high boundaries for proper pairs: (1, 702)
[0000][PE] skip orientation FF
[0000][PE] skip orientation RF
[0000][PE] skip orientation RR
[0000] 3. Calling kt_for - worker_sam
[0000] read_chunk: 400000000, work_chunk_size: 400000102, nseq: 2727656
	[0000][ M::kt_pipeline] read 2727656 sequences (400000102 bp)...
	[0000][ M::mem_process_seqs] Processed 2731058 reads in 474.803 CPU sec, 13.172 real sec
[0000] Calling mem_process_seqs.., task: 9
[0000] 1. Calling kt_for - worker_bwt
[0000] 2. Calling kt_for - worker_aln
[0000] Inferring insert size distribution of PE reads from data, l_pac: 656111652, n: 2727656
[0000][PE] # candidate unique pairs for (FF, FR, RF, RR): (131, 1032316, 147, 85)
[0000][PE] analyzing insert size distribution for orientation FF...
[0000][PE] (25, 50, 75) percentile: (142, 200, 680)
[0000][PE] low and high boundaries for computing mean and std.dev: (1, 1756)
[0000][PE] mean and std.dev: (248.96, 247.12)
[0000][PE] low and high boundaries for proper pairs: (1, 2294)
[0000][PE] analyzing insert size distribution for orientation FR...
[0000][PE] (25, 50, 75) percentile: (257, 296, 330)
[0000][PE] low and high boundaries for computing mean and std.dev: (111, 476)
[0000][PE] mean and std.dev: (293.00, 50.15)
[0000][PE] low and high boundaries for proper pairs: (38, 549)
[0000][PE] analyzing insert size distribution for orientation RF...
[0000][PE] (25, 50, 75) percentile: (954, 3081, 6578)
[0000][PE] low and high boundaries for computing mean and std.dev: (1, 17826)
[0000][PE] mean and std.dev: (3707.14, 3117.52)
[0000][PE] low and high boundaries for proper pairs: (1, 23450)
[0000][PE] analyzing insert size distribution for orientation RR...
[0000][PE] (25, 50, 75) percentile: (143, 188, 266)
[0000][PE] low and high boundaries for computing mean and std.dev: (1, 512)
[0000][PE] mean and std.dev: (186.91, 67.37)
[0000][PE] low and high boundaries for proper pairs: (1, 635)
[0000][PE] skip orientation FF
[0000][PE] skip orientation RF
[0000][PE] skip orientation RR
[0000] 3. Calling kt_for - worker_sam
[0000] read_chunk: 400000000, work_chunk_size: 400000187, nseq: 2731332
	[0000][ M::mem_process_seqs] Processed 2727656 reads in 574.870 CPU sec, 15.679 real sec
	[0000][ M::kt_pipeline] read 2731332 sequences (400000187 bp)...
[0000] Calling mem_process_seqs.., task: 10
[0000] 1. Calling kt_for - worker_bwt
[0000] 2. Calling kt_for - worker_aln
[0000] Inferring insert size distribution of PE reads from data, l_pac: 656111652, n: 2731332
[0000][PE] # candidate unique pairs for (FF, FR, RF, RR): (99, 1104003, 148, 87)
[0000][PE] analyzing insert size distribution for orientation FF...
[0000][PE] (25, 50, 75) percentile: (144, 190, 385)
[0000][PE] low and high boundaries for computing mean and std.dev: (1, 867)
[0000][PE] mean and std.dev: (212.71, 143.15)
[0000][PE] low and high boundaries for proper pairs: (1, 1108)
[0000][PE] analyzing insert size distribution for orientation FR...
[0000][PE] (25, 50, 75) percentile: (257, 295, 330)
[0000][PE] low and high boundaries for computing mean and std.dev: (111, 476)
[0000][PE] mean and std.dev: (292.94, 50.22)
[0000][PE] low and high boundaries for proper pairs: (38, 549)
[0000][PE] analyzing insert size distribution for orientation RF...
[0000][PE] (25, 50, 75) percentile: (1305, 3273, 6155)
[0000][PE] low and high boundaries for computing mean and std.dev: (1, 15855)
[0000][PE] mean and std.dev: (3892.48, 3014.45)
[0000][PE] low and high boundaries for proper pairs: (1, 20705)
[0000][PE] analyzing insert size distribution for orientation RR...
[0000][PE] (25, 50, 75) percentile: (170, 220, 1061)
[0000][PE] low and high boundaries for computing mean and std.dev: (1, 2843)
[0000][PE] mean and std.dev: (317.46, 390.82)
[0000][PE] low and high boundaries for proper pairs: (1, 3734)
[0000][PE] skip orientation FF
[0000][PE] skip orientation RF
[0000][PE] skip orientation RR
[0000] 3. Calling kt_for - worker_sam
	[0000][ M::mem_process_seqs] Processed 2731332 reads in 441.269 CPU sec, 12.158 real sec
[0000] read_chunk: 400000000, work_chunk_size: 400000233, nseq: 2730790
	[0000][ M::kt_pipeline] read 2730790 sequences (400000233 bp)...
[0000] Calling mem_process_seqs.., task: 11
[0000] 1. Calling kt_for - worker_bwt
[0000] 2. Calling kt_for - worker_aln
[0000] Inferring insert size distribution of PE reads from data, l_pac: 656111652, n: 2730790
[0000][PE] # candidate unique pairs for (FF, FR, RF, RR): (136, 1087803, 126, 78)
[0000][PE] analyzing insert size distribution for orientation FF...
[0000][PE] (25, 50, 75) percentile: (170, 249, 6149)
[0000][PE] low and high boundaries for computing mean and std.dev: (1, 18107)
[0000][PE] mean and std.dev: (2182.71, 2837.09)
[0000][PE] low and high boundaries for proper pairs: (1, 24086)
[0000][PE] analyzing insert size distribution for orientation FR...
[0000][PE] (25, 50, 75) percentile: (257, 295, 330)
[0000][PE] low and high boundaries for computing mean and std.dev: (111, 476)
[0000][PE] mean and std.dev: (292.93, 50.28)
[0000][PE] low and high boundaries for proper pairs: (38, 549)
[0000][PE] analyzing insert size distribution for orientation RF...
[0000][PE] (25, 50, 75) percentile: (482, 2891, 5911)
[0000][PE] low and high boundaries for computing mean and std.dev: (1, 16769)
[0000][PE] mean and std.dev: (3568.49, 3226.07)
[0000][PE] low and high boundaries for proper pairs: (1, 22198)
[0000][PE] analyzing insert size distribution for orientation RR...
[0000][PE] (25, 50, 75) percentile: (160, 240, 1466)
[0000][PE] low and high boundaries for computing mean and std.dev: (1, 4078)
[0000][PE] mean and std.dev: (617.71, 919.90)
[0000][PE] low and high boundaries for proper pairs: (1, 5384)
[0000][PE] skip orientation FF
[0000][PE] skip orientation RF
[0000][PE] skip orientation RR
[0000] 3. Calling kt_for - worker_sam
[0000] read_chunk: 400000000, work_chunk_size: 400000073, nseq: 2731140
	[0000][ M::kt_pipeline] read 2731140 sequences (400000073 bp)...
	[0000][ M::mem_process_seqs] Processed 2730790 reads in 496.222 CPU sec, 14.114 real sec
[0000] Calling mem_process_seqs.., task: 12
[0000] 1. Calling kt_for - worker_bwt
[0000] 2. Calling kt_for - worker_aln
[0000] Inferring insert size distribution of PE reads from data, l_pac: 656111652, n: 2731140
[0000][PE] # candidate unique pairs for (FF, FR, RF, RR): (105, 1091341, 110, 97)
[0000][PE] analyzing insert size distribution for orientation FF...
[0000][PE] (25, 50, 75) percentile: (149, 207, 1103)
[0000][PE] low and high boundaries for computing mean and std.dev: (1, 3011)
[0000][PE] mean and std.dev: (334.13, 475.91)
[0000][PE] low and high boundaries for proper pairs: (1, 3965)
[0000][PE] analyzing insert size distribution for orientation FR...
[0000][PE] (25, 50, 75) percentile: (257, 296, 330)
[0000][PE] low and high boundaries for computing mean and std.dev: (111, 476)
[0000][PE] mean and std.dev: (293.08, 50.19)
[0000][PE] low and high boundaries for proper pairs: (38, 549)
[0000][PE] analyzing insert size distribution for orientation RF...
[0000][PE] (25, 50, 75) percentile: (184, 2446, 7683)
[0000][PE] low and high boundaries for computing mean and std.dev: (1, 22681)
[0000][PE] mean and std.dev: (3805.81, 3581.74)
[0000][PE] low and high boundaries for proper pairs: (1, 30180)
[0000][PE] analyzing insert size distribution for orientation RR...
[0000][PE] (25, 50, 75) percentile: (161, 213, 447)
[0000][PE] low and high boundaries for computing mean and std.dev: (1, 1019)
[0000][PE] mean and std.dev: (231.28, 146.45)
[0000][PE] low and high boundaries for proper pairs: (1, 1305)
[0000][PE] skip orientation FF
[0000][PE] skip orientation RF
[0000][PE] skip orientation RR
[0000] 3. Calling kt_for - worker_sam
[0000] read_chunk: 400000000, work_chunk_size: 400000254, nseq: 2732532
	[0000][ M::kt_pipeline] read 2732532 sequences (400000254 bp)...
	[0000][ M::mem_process_seqs] Processed 2731140 reads in 454.869 CPU sec, 12.445 real sec
[0000] Calling mem_process_seqs.., task: 13
[0000] 1. Calling kt_for - worker_bwt
[0000] 2. Calling kt_for - worker_aln
[0000] Inferring insert size distribution of PE reads from data, l_pac: 656111652, n: 2732532
[0000][PE] # candidate unique pairs for (FF, FR, RF, RR): (105, 1110978, 136, 105)
[0000][PE] analyzing insert size distribution for orientation FF...
[0000][PE] (25, 50, 75) percentile: (143, 206, 854)
[0000][PE] low and high boundaries for computing mean and std.dev: (1, 2276)
[0000][PE] mean and std.dev: (384.65, 498.62)
[0000][PE] low and high boundaries for proper pairs: (1, 2987)
[0000][PE] analyzing insert size distribution for orientation FR...
[0000][PE] (25, 50, 75) percentile: (257, 295, 330)
[0000][PE] low and high boundaries for computing mean and std.dev: (111, 476)
[0000][PE] mean and std.dev: (292.90, 50.18)
[0000][PE] low and high boundaries for proper pairs: (38, 549)
[0000][PE] analyzing insert size distribution for orientation RF...
[0000][PE] (25, 50, 75) percentile: (639, 2454, 5967)
[0000][PE] low and high boundaries for computing mean and std.dev: (1, 16623)
[0000][PE] mean and std.dev: (3432.99, 3098.86)
[0000][PE] low and high boundaries for proper pairs: (1, 21951)
[0000][PE] analyzing insert size distribution for orientation RR...
[0000][PE] (25, 50, 75) percentile: (159, 208, 743)
[0000][PE] low and high boundaries for computing mean and std.dev: (1, 1911)
[0000][PE] mean and std.dev: (321.08, 366.29)
[0000][PE] low and high boundaries for proper pairs: (1, 2495)
[0000][PE] skip orientation FF
[0000][PE] skip orientation RF
[0000][PE] skip orientation RR
[0000] 3. Calling kt_for - worker_sam
	[0000][ M::mem_process_seqs] Processed 2732532 reads in 437.932 CPU sec, 13.057 real sec
[0000] read_chunk: 400000000, work_chunk_size: 400000085, nseq: 2730674
	[0000][ M::kt_pipeline] read 2730674 sequences (400000085 bp)...
[0000] Calling mem_process_seqs.., task: 14
[0000] 1. Calling kt_for - worker_bwt
[0000] 2. Calling kt_for - worker_aln
[0000] Inferring insert size distribution of PE reads from data, l_pac: 656111652, n: 2730674
[0000][PE] # candidate unique pairs for (FF, FR, RF, RR): (104, 1079987, 107, 103)
[0000][PE] analyzing insert size distribution for orientation FF...
[0000][PE] (25, 50, 75) percentile: (161, 215, 1357)
[0000][PE] low and high boundaries for computing mean and std.dev: (1, 3749)
[0000][PE] mean and std.dev: (277.93, 366.04)
[0000][PE] low and high boundaries for proper pairs: (1, 4945)
[0000][PE] analyzing insert size distribution for orientation FR...
[0000][PE] (25, 50, 75) percentile: (257, 295, 330)
[0000][PE] low and high boundaries for computing mean and std.dev: (111, 476)
[0000][PE] mean and std.dev: (292.94, 50.17)
[0000][PE] low and high boundaries for proper pairs: (38, 549)
[0000][PE] analyzing insert size distribution for orientation RF...
[0000][PE] (25, 50, 75) percentile: (576, 2151, 5406)
[0000][PE] low and high boundaries for computing mean and std.dev: (1, 15066)
[0000][PE] mean and std.dev: (3437.98, 3325.56)
[0000][PE] low and high boundaries for proper pairs: (1, 19896)
[0000][PE] analyzing insert size distribution for orientation RR...
[0000][PE] (25, 50, 75) percentile: (154, 221, 896)
[0000][PE] low and high boundaries for computing mean and std.dev: (1, 2380)
[0000][PE] mean and std.dev: (303.62, 349.15)
[0000][PE] low and high boundaries for proper pairs: (1, 3122)
[0000][PE] skip orientation FF
[0000][PE] skip orientation RF
[0000][PE] skip orientation RR
[0000] 3. Calling kt_for - worker_sam
	[0000][ M::mem_process_seqs] Processed 2730674 reads in 477.926 CPU sec, 14.217 real sec
[0000] read_chunk: 400000000, work_chunk_size: 400000225, nseq: 2730884
	[0000][ M::kt_pipeline] read 2730884 sequences (400000225 bp)...
[0000] Calling mem_process_seqs.., task: 15
[0000] 1. Calling kt_for - worker_bwt
[0000] 2. Calling kt_for - worker_aln
[0000] Inferring insert size distribution of PE reads from data, l_pac: 656111652, n: 2730884
[0000][PE] # candidate unique pairs for (FF, FR, RF, RR): (103, 1099096, 144, 108)
[0000][PE] analyzing insert size distribution for orientation FF...
[0000][PE] (25, 50, 75) percentile: (157, 202, 253)
[0000][PE] low and high boundaries for computing mean and std.dev: (1, 445)
[0000][PE] mean and std.dev: (189.74, 65.13)
[0000][PE] low and high boundaries for proper pairs: (1, 541)
[0000][PE] analyzing insert size distribution for orientation FR...
[0000][PE] (25, 50, 75) percentile: (257, 295, 330)
[0000][PE] low and high boundaries for computing mean and std.dev: (111, 476)
[0000][PE] mean and std.dev: (292.96, 50.18)
[0000][PE] low and high boundaries for proper pairs: (38, 549)
[0000][PE] analyzing insert size distribution for orientation RF...
[0000][PE] (25, 50, 75) percentile: (684, 3057, 6718)
[0000][PE] low and high boundaries for computing mean and std.dev: (1, 18786)
[0000][PE] mean and std.dev: (3775.84, 3303.77)
[0000][PE] low and high boundaries for proper pairs: (1, 24820)
[0000][PE] analyzing insert size distribution for orientation RR...
[0000][PE] (25, 50, 75) percentile: (156, 205, 535)
[0000][PE] low and high boundaries for computing mean and std.dev: (1, 1293)
[0000][PE] mean and std.dev: (218.13, 133.83)
[0000][PE] low and high boundaries for proper pairs: (1, 1672)
[0000][PE] skip orientation FF
[0000][PE] skip orientation RF
[0000][PE] skip orientation RR
[0000] 3. Calling kt_for - worker_sam
	[0000][ M::mem_process_seqs] Processed 2730884 reads in 456.821 CPU sec, 13.833 real sec
[0000] read_chunk: 400000000, work_chunk_size: 400000229, nseq: 2732032
	[0000][ M::kt_pipeline] read 2732032 sequences (400000229 bp)...
[0000] Calling mem_process_seqs.., task: 16
[0000] 1. Calling kt_for - worker_bwt
[0000] 2. Calling kt_for - worker_aln
[0000] Inferring insert size distribution of PE reads from data, l_pac: 656111652, n: 2732032
[0000][PE] # candidate unique pairs for (FF, FR, RF, RR): (101, 1111555, 122, 95)
[0000][PE] analyzing insert size distribution for orientation FF...
[0000][PE] (25, 50, 75) percentile: (143, 200, 391)
[0000][PE] low and high boundaries for computing mean and std.dev: (1, 887)
[0000][PE] mean and std.dev: (183.57, 89.00)
[0000][PE] low and high boundaries for proper pairs: (1, 1135)
[0000][PE] analyzing insert size distribution for orientation FR...
[0000][PE] (25, 50, 75) percentile: (257, 296, 330)
[0000][PE] low and high boundaries for computing mean and std.dev: (111, 476)
[0000][PE] mean and std.dev: (293.03, 50.13)
[0000][PE] low and high boundaries for proper pairs: (38, 549)
[0000][PE] analyzing insert size distribution for orientation RF...
[0000][PE] (25, 50, 75) percentile: (554, 2567, 7096)
[0000][PE] low and high boundaries for computing mean and std.dev: (1, 20180)
[0000][PE] mean and std.dev: (3915.20, 3505.24)
[0000][PE] low and high boundaries for proper pairs: (1, 26722)
[0000][PE] analyzing insert size distribution for orientation RR...
[0000][PE] (25, 50, 75) percentile: (152, 203, 499)
[0000][PE] low and high boundaries for computing mean and std.dev: (1, 1193)
[0000][PE] mean and std.dev: (192.32, 126.39)
[0000][PE] low and high boundaries for proper pairs: (1, 1540)
[0000][PE] skip orientation FF
[0000][PE] skip orientation RF
[0000][PE] skip orientation RR
[0000] 3. Calling kt_for - worker_sam
	[0000][ M::mem_process_seqs] Processed 2732032 reads in 441.119 CPU sec, 14.702 real sec
[0000] read_chunk: 400000000, work_chunk_size: 400000168, nseq: 2731866
	[0000][ M::kt_pipeline] read 2731866 sequences (400000168 bp)...
[0000] Calling mem_process_seqs.., task: 17
[0000] 1. Calling kt_for - worker_bwt
[0000] 2. Calling kt_for - worker_aln
[0000] Inferring insert size distribution of PE reads from data, l_pac: 656111652, n: 2731866
[0000][PE] # candidate unique pairs for (FF, FR, RF, RR): (107, 1112240, 158, 104)
[0000][PE] analyzing insert size distribution for orientation FF...
[0000][PE] (25, 50, 75) percentile: (136, 170, 235)
[0000][PE] low and high boundaries for computing mean and std.dev: (1, 433)
[0000][PE] mean and std.dev: (165.45, 61.85)
[0000][PE] low and high boundaries for proper pairs: (1, 532)
[0000][PE] analyzing insert size distribution for orientation FR...
[0000][PE] (25, 50, 75) percentile: (257, 295, 330)
[0000][PE] low and high boundaries for computing mean and std.dev: (111, 476)
[0000][PE] mean and std.dev: (292.90, 50.21)
[0000][PE] low and high boundaries for proper pairs: (38, 549)
[0000][PE] analyzing insert size distribution for orientation RF...
[0000][PE] (25, 50, 75) percentile: (921, 4163, 6969)
[0000][PE] low and high boundaries for computing mean and std.dev: (1, 19065)
[0000][PE] mean and std.dev: (4228.99, 3296.04)
[0000][PE] low and high boundaries for proper pairs: (1, 25113)
[0000][PE] analyzing insert size distribution for orientation RR...
[0000][PE] (25, 50, 75) percentile: (145, 220, 777)
[0000][PE] low and high boundaries for computing mean and std.dev: (1, 2041)
[0000][PE] mean and std.dev: (341.46, 344.13)
[0000][PE] low and high boundaries for proper pairs: (1, 2673)
[0000][PE] skip orientation FF
[0000][PE] skip orientation RF
[0000][PE] skip orientation RR
[0000] 3. Calling kt_for - worker_sam
	[0000][ M::mem_process_seqs] Processed 2731866 reads in 421.626 CPU sec, 12.701 real sec
[0000] read_chunk: 400000000, work_chunk_size: 400000163, nseq: 2731904
	[0000][ M::kt_pipeline] read 2731904 sequences (400000163 bp)...
[0000] Calling mem_process_seqs.., task: 18
[0000] 1. Calling kt_for - worker_bwt
[0000] 2. Calling kt_for - worker_aln
[0000] Inferring insert size distribution of PE reads from data, l_pac: 656111652, n: 2731904
[0000][PE] # candidate unique pairs for (FF, FR, RF, RR): (121, 1111621, 127, 108)
[0000][PE] analyzing insert size distribution for orientation FF...
[0000][PE] (25, 50, 75) percentile: (131, 194, 252)
[0000][PE] low and high boundaries for computing mean and std.dev: (1, 494)
[0000][PE] mean and std.dev: (175.16, 73.93)
[0000][PE] low and high boundaries for proper pairs: (1, 615)
[0000][PE] analyzing insert size distribution for orientation FR...
[0000][PE] (25, 50, 75) percentile: (257, 296, 330)
[0000][PE] low and high boundaries for computing mean and std.dev: (111, 476)
[0000][PE] mean and std.dev: (293.02, 50.25)
[0000][PE] low and high boundaries for proper pairs: (38, 549)
[0000][PE] analyzing insert size distribution for orientation RF...
[0000][PE] (25, 50, 75) percentile: (801, 3397, 6942)
[0000][PE] low and high boundaries for computing mean and std.dev: (1, 19224)
[0000][PE] mean and std.dev: (3939.16, 3215.95)
[0000][PE] low and high boundaries for proper pairs: (1, 25365)
[0000][PE] analyzing insert size distribution for orientation RR...
[0000][PE] (25, 50, 75) percentile: (153, 211, 694)
[0000][PE] low and high boundaries for computing mean and std.dev: (1, 1776)
[0000][PE] mean and std.dev: (333.75, 346.50)
[0000][PE] low and high boundaries for proper pairs: (1, 2317)
[0000][PE] skip orientation FF
[0000][PE] skip orientation RF
[0000][PE] skip orientation RR
[0000] 3. Calling kt_for - worker_sam
[0000] read_chunk: 400000000, work_chunk_size: 400000158, nseq: 2730512
	[0000][ M::kt_pipeline] read 2730512 sequences (400000158 bp)...
	[0000][ M::mem_process_seqs] Processed 2731904 reads in 410.158 CPU sec, 11.324 real sec
[0000] Calling mem_process_seqs.., task: 19
[0000] 1. Calling kt_for - worker_bwt
[0000] 2. Calling kt_for - worker_aln
[0000] Inferring insert size distribution of PE reads from data, l_pac: 656111652, n: 2730512
[0000][PE] # candidate unique pairs for (FF, FR, RF, RR): (124, 1081603, 132, 110)
[0000][PE] analyzing insert size distribution for orientation FF...
[0000][PE] (25, 50, 75) percentile: (162, 218, 1721)
[0000][PE] low and high boundaries for computing mean and std.dev: (1, 4839)
[0000][PE] mean and std.dev: (698.51, 1257.99)
[0000][PE] low and high boundaries for proper pairs: (1, 6398)
[0000][PE] analyzing insert size distribution for orientation FR...
[0000][PE] (25, 50, 75) percentile: (257, 295, 330)
[0000][PE] low and high boundaries for computing mean and std.dev: (111, 476)
[0000][PE] mean and std.dev: (293.02, 50.19)
[0000][PE] low and high boundaries for proper pairs: (38, 549)
[0000][PE] analyzing insert size distribution for orientation RF...
[0000][PE] (25, 50, 75) percentile: (738, 3418, 6972)
[0000][PE] low and high boundaries for computing mean and std.dev: (1, 19440)
[0000][PE] mean and std.dev: (3887.95, 3165.97)
[0000][PE] low and high boundaries for proper pairs: (1, 25674)
[0000][PE] analyzing insert size distribution for orientation RR...
[0000][PE] (25, 50, 75) percentile: (146, 207, 290)
[0000][PE] low and high boundaries for computing mean and std.dev: (1, 578)
[0000][PE] mean and std.dev: (183.18, 80.57)
[0000][PE] low and high boundaries for proper pairs: (1, 722)
[0000][PE] skip orientation FF
[0000][PE] skip orientation RF
[0000][PE] skip orientation RR
[0000] 3. Calling kt_for - worker_sam
	[0000][ M::mem_process_seqs] Processed 2730512 reads in 483.774 CPU sec, 14.101 real sec
[0000] read_chunk: 400000000, work_chunk_size: 400000067, nseq: 2732598
	[0000][ M::kt_pipeline] read 2732598 sequences (400000067 bp)...
[0000] Calling mem_process_seqs.., task: 20
[0000] 1. Calling kt_for - worker_bwt
[0000] 2. Calling kt_for - worker_aln
[0000] Inferring insert size distribution of PE reads from data, l_pac: 656111652, n: 2732598
[0000][PE] # candidate unique pairs for (FF, FR, RF, RR): (123, 1112855, 124, 97)
[0000][PE] analyzing insert size distribution for orientation FF...
[0000][PE] (25, 50, 75) percentile: (144, 211, 324)
[0000][PE] low and high boundaries for computing mean and std.dev: (1, 684)
[0000][PE] mean and std.dev: (192.07, 84.27)
[0000][PE] low and high boundaries for proper pairs: (1, 864)
[0000][PE] analyzing insert size distribution for orientation FR...
[0000][PE] (25, 50, 75) percentile: (257, 295, 330)
[0000][PE] low and high boundaries for computing mean and std.dev: (111, 476)
[0000][PE] mean and std.dev: (293.05, 50.09)
[0000][PE] low and high boundaries for proper pairs: (38, 549)
[0000][PE] analyzing insert size distribution for orientation RF...
[0000][PE] (25, 50, 75) percentile: (379, 3819, 6902)
[0000][PE] low and high boundaries for computing mean and std.dev: (1, 19948)
[0000][PE] mean and std.dev: (3830.67, 3304.86)
[0000][PE] low and high boundaries for proper pairs: (1, 26471)
[0000][PE] analyzing insert size distribution for orientation RR...
[0000][PE] (25, 50, 75) percentile: (144, 205, 364)
[0000][PE] low and high boundaries for computing mean and std.dev: (1, 804)
[0000][PE] mean and std.dev: (184.26, 72.61)
[0000][PE] low and high boundaries for proper pairs: (1, 1024)
[0000][PE] skip orientation FF
[0000][PE] skip orientation RF
[0000][PE] skip orientation RR
[0000] 3. Calling kt_for - worker_sam
	[0000][ M::mem_process_seqs] Processed 2732598 reads in 412.914 CPU sec, 12.554 real sec
[0000] read_chunk: 400000000, work_chunk_size: 400000098, nseq: 2731628
	[0000][ M::kt_pipeline] read 2731628 sequences (400000098 bp)...
[0000] Calling mem_process_seqs.., task: 21
[0000] 1. Calling kt_for - worker_bwt
[0000] 2. Calling kt_for - worker_aln
[0000] Inferring insert size distribution of PE reads from data, l_pac: 656111652, n: 2731628
[0000][PE] # candidate unique pairs for (FF, FR, RF, RR): (86, 1100738, 158, 103)
[0000][PE] analyzing insert size distribution for orientation FF...
[0000][PE] (25, 50, 75) percentile: (149, 208, 263)
[0000][PE] low and high boundaries for computing mean and std.dev: (1, 491)
[0000][PE] mean and std.dev: (184.70, 64.02)
[0000][PE] low and high boundaries for proper pairs: (1, 605)
[0000][PE] analyzing insert size distribution for orientation FR...
[0000][PE] (25, 50, 75) percentile: (257, 295, 330)
[0000][PE] low and high boundaries for computing mean and std.dev: (111, 476)
[0000][PE] mean and std.dev: (292.93, 50.25)
[0000][PE] low and high boundaries for proper pairs: (38, 549)
[0000][PE] analyzing insert size distribution for orientation RF...
[0000][PE] (25, 50, 75) percentile: (1199, 3042, 5784)
[0000][PE] low and high boundaries for computing mean and std.dev: (1, 14954)
[0000][PE] mean and std.dev: (3801.56, 2988.56)
[0000][PE] low and high boundaries for proper pairs: (1, 19539)
[0000][PE] analyzing insert size distribution for orientation RR...
[0000][PE] (25, 50, 75) percentile: (150, 192, 268)
[0000][PE] low and high boundaries for computing mean and std.dev: (1, 504)
[0000][PE] mean and std.dev: (171.09, 53.94)
[0000][PE] low and high boundaries for proper pairs: (1, 622)
[0000][PE] skip orientation FF
[0000][PE] skip orientation RF
[0000][PE] skip orientation RR
[0000] 3. Calling kt_for - worker_sam
[0000] read_chunk: 400000000, work_chunk_size: 400000056, nseq: 2731646
	[0000][ M::kt_pipeline] read 2731646 sequences (400000056 bp)...
	[0000][ M::mem_process_seqs] Processed 2731628 reads in 429.418 CPU sec, 12.630 real sec
[0000] Calling mem_process_seqs.., task: 22
[0000] 1. Calling kt_for - worker_bwt
[0000] 2. Calling kt_for - worker_aln
[0000] Inferring insert size distribution of PE reads from data, l_pac: 656111652, n: 2731646
[0000][PE] # candidate unique pairs for (FF, FR, RF, RR): (111, 1104443, 139, 108)
[0000][PE] analyzing insert size distribution for orientation FF...
[0000][PE] (25, 50, 75) percentile: (152, 222, 689)
[0000][PE] low and high boundaries for computing mean and std.dev: (1, 1763)
[0000][PE] mean and std.dev: (321.86, 370.69)
[0000][PE] low and high boundaries for proper pairs: (1, 2300)
[0000][PE] analyzing insert size distribution for orientation FR...
[0000][PE] (25, 50, 75) percentile: (257, 295, 330)
[0000][PE] low and high boundaries for computing mean and std.dev: (111, 476)
[0000][PE] mean and std.dev: (293.03, 50.19)
[0000][PE] low and high boundaries for proper pairs: (38, 549)
[0000][PE] analyzing insert size distribution for orientation RF...
[0000][PE] (25, 50, 75) percentile: (618, 3591, 6764)
[0000][PE] low and high boundaries for computing mean and std.dev: (1, 19056)
[0000][PE] mean and std.dev: (3887.37, 3375.98)
[0000][PE] low and high boundaries for proper pairs: (1, 25202)
[0000][PE] analyzing insert size distribution for orientation RR...
[0000][PE] (25, 50, 75) percentile: (173, 273, 2551)
[0000][PE] low and high boundaries for computing mean and std.dev: (1, 7307)
[0000][PE] mean and std.dev: (1266.77, 1774.98)
[0000][PE] low and high boundaries for proper pairs: (1, 9685)
[0000][PE] skip orientation FF
[0000][PE] skip orientation RF
[0000][PE] skip orientation RR
[0000] 3. Calling kt_for - worker_sam
	[0000][ M::mem_process_seqs] Processed 2731646 reads in 446.199 CPU sec, 13.673 real sec
[0000] read_chunk: 400000000, work_chunk_size: 400000191, nseq: 2731090
	[0000][ M::kt_pipeline] read 2731090 sequences (400000191 bp)...
[0000] Calling mem_process_seqs.., task: 23
[0000] 1. Calling kt_for - worker_bwt
[0000] 2. Calling kt_for - worker_aln
[0000] Inferring insert size distribution of PE reads from data, l_pac: 656111652, n: 2731090
[0000][PE] # candidate unique pairs for (FF, FR, RF, RR): (130, 1098979, 132, 91)
[0000][PE] analyzing insert size distribution for orientation FF...
[0000][PE] (25, 50, 75) percentile: (154, 218, 300)
[0000][PE] low and high boundaries for computing mean and std.dev: (1, 592)
[0000][PE] mean and std.dev: (189.61, 71.62)
[0000][PE] low and high boundaries for proper pairs: (1, 738)
[0000][PE] analyzing insert size distribution for orientation FR...
[0000][PE] (25, 50, 75) percentile: (257, 295, 330)
[0000][PE] low and high boundaries for computing mean and std.dev: (111, 476)
[0000][PE] mean and std.dev: (292.98, 50.21)
[0000][PE] low and high boundaries for proper pairs: (38, 549)
[0000][PE] analyzing insert size distribution for orientation RF...
[0000][PE] (25, 50, 75) percentile: (586, 2843, 7675)
[0000][PE] low and high boundaries for computing mean and std.dev: (1, 21853)
[0000][PE] mean and std.dev: (3927.68, 3506.12)
[0000][PE] low and high boundaries for proper pairs: (1, 28942)
[0000][PE] analyzing insert size distribution for orientation RR...
[0000][PE] (25, 50, 75) percentile: (172, 223, 403)
[0000][PE] low and high boundaries for computing mean and std.dev: (1, 865)
[0000][PE] mean and std.dev: (223.26, 113.94)
[0000][PE] low and high boundaries for proper pairs: (1, 1096)
[0000][PE] skip orientation FF
[0000][PE] skip orientation RF
[0000][PE] skip orientation RR
[0000] 3. Calling kt_for - worker_sam
	[0000][ M::mem_process_seqs] Processed 2731090 reads in 452.846 CPU sec, 20.166 real sec
[0000] read_chunk: 400000000, work_chunk_size: 400000005, nseq: 2730472
	[0000][ M::kt_pipeline] read 2730472 sequences (400000005 bp)...
[0000] Calling mem_process_seqs.., task: 24
[0000] 1. Calling kt_for - worker_bwt
[0000] 2. Calling kt_for - worker_aln
[0000] Inferring insert size distribution of PE reads from data, l_pac: 656111652, n: 2730472
[0000][PE] # candidate unique pairs for (FF, FR, RF, RR): (92, 1074026, 116, 85)
[0000][PE] analyzing insert size distribution for orientation FF...
[0000][PE] (25, 50, 75) percentile: (143, 201, 289)
[0000][PE] low and high boundaries for computing mean and std.dev: (1, 581)
[0000][PE] mean and std.dev: (200.93, 91.72)
[0000][PE] low and high boundaries for proper pairs: (1, 727)
[0000][PE] analyzing insert size distribution for orientation FR...
[0000][PE] (25, 50, 75) percentile: (257, 296, 330)
[0000][PE] low and high boundaries for computing mean and std.dev: (111, 476)
[0000][PE] mean and std.dev: (293.01, 50.20)
[0000][PE] low and high boundaries for proper pairs: (38, 549)
[0000][PE] analyzing insert size distribution for orientation RF...
[0000][PE] (25, 50, 75) percentile: (738, 3135, 7247)
[0000][PE] low and high boundaries for computing mean and std.dev: (1, 20265)
[0000][PE] mean and std.dev: (3995.43, 3289.16)
[0000][PE] low and high boundaries for proper pairs: (1, 26774)
[0000][PE] analyzing insert size distribution for orientation RR...
[0000][PE] (25, 50, 75) percentile: (144, 199, 267)
[0000][PE] low and high boundaries for computing mean and std.dev: (1, 513)
[0000][PE] mean and std.dev: (178.46, 58.59)
[0000][PE] low and high boundaries for proper pairs: (1, 636)
[0000][PE] skip orientation FF
[0000][PE] skip orientation RF
[0000][PE] skip orientation RR
[0000] 3. Calling kt_for - worker_sam
[0000] read_chunk: 400000000, work_chunk_size: 400000178, nseq: 2731790
	[0000][ M::kt_pipeline] read 2731790 sequences (400000178 bp)...
	[0000][ M::mem_process_seqs] Processed 2730472 reads in 571.980 CPU sec, 21.850 real sec
[0000] Calling mem_process_seqs.., task: 25
[0000] 1. Calling kt_for - worker_bwt
[0000] 2. Calling kt_for - worker_aln
[0000] Inferring insert size distribution of PE reads from data, l_pac: 656111652, n: 2731790
[0000][PE] # candidate unique pairs for (FF, FR, RF, RR): (106, 1118216, 144, 94)
[0000][PE] analyzing insert size distribution for orientation FF...
[0000][PE] (25, 50, 75) percentile: (155, 211, 321)
[0000][PE] low and high boundaries for computing mean and std.dev: (1, 653)
[0000][PE] mean and std.dev: (216.26, 120.58)
[0000][PE] low and high boundaries for proper pairs: (1, 819)
[0000][PE] analyzing insert size distribution for orientation FR...
[0000][PE] (25, 50, 75) percentile: (257, 295, 330)
[0000][PE] low and high boundaries for computing mean and std.dev: (111, 476)
[0000][PE] mean and std.dev: (292.95, 50.20)
[0000][PE] low and high boundaries for proper pairs: (38, 549)
[0000][PE] analyzing insert size distribution for orientation RF...
[0000][PE] (25, 50, 75) percentile: (477, 2061, 5627)
[0000][PE] low and high boundaries for computing mean and std.dev: (1, 15927)
[0000][PE] mean and std.dev: (3294.36, 3227.31)
[0000][PE] low and high boundaries for proper pairs: (1, 21077)
[0000][PE] analyzing insert size distribution for orientation RR...
[0000][PE] (25, 50, 75) percentile: (173, 210, 507)
[0000][PE] low and high boundaries for computing mean and std.dev: (1, 1175)
[0000][PE] mean and std.dev: (235.74, 163.09)
[0000][PE] low and high boundaries for proper pairs: (1, 1509)
[0000][PE] skip orientation FF
[0000][PE] skip orientation RF
[0000][PE] skip orientation RR
[0000] 3. Calling kt_for - worker_sam
	[0000][ M::mem_process_seqs] Processed 2731790 reads in 401.131 CPU sec, 11.274 real sec
[0000] read_chunk: 400000000, work_chunk_size: 400000038, nseq: 2732342
	[0000][ M::kt_pipeline] read 2732342 sequences (400000038 bp)...
[0000] Calling mem_process_seqs.., task: 26
[0000] 1. Calling kt_for - worker_bwt
[0000] 2. Calling kt_for - worker_aln
[0000] Inferring insert size distribution of PE reads from data, l_pac: 656111652, n: 2732342
[0000][PE] # candidate unique pairs for (FF, FR, RF, RR): (120, 1117935, 131, 100)
[0000][PE] analyzing insert size distribution for orientation FF...
[0000][PE] (25, 50, 75) percentile: (150, 203, 426)
[0000][PE] low and high boundaries for computing mean and std.dev: (1, 978)
[0000][PE] mean and std.dev: (234.61, 171.71)
[0000][PE] low and high boundaries for proper pairs: (1, 1254)
[0000][PE] analyzing insert size distribution for orientation FR...
[0000][PE] (25, 50, 75) percentile: (257, 295, 330)
[0000][PE] low and high boundaries for computing mean and std.dev: (111, 476)
[0000][PE] mean and std.dev: (293.01, 50.18)
[0000][PE] low and high boundaries for proper pairs: (38, 549)
[0000][PE] analyzing insert size distribution for orientation RF...
[0000][PE] (25, 50, 75) percentile: (711, 3208, 6918)
[0000][PE] low and high boundaries for computing mean and std.dev: (1, 19332)
[0000][PE] mean and std.dev: (3874.03, 3348.20)
[0000][PE] low and high boundaries for proper pairs: (1, 25539)
[0000][PE] analyzing insert size distribution for orientation RR...
[0000][PE] (25, 50, 75) percentile: (134, 194, 255)
[0000][PE] low and high boundaries for computing mean and std.dev: (1, 497)
[0000][PE] mean and std.dev: (177.54, 72.21)
[0000][PE] low and high boundaries for proper pairs: (1, 618)
[0000][PE] skip orientation FF
[0000][PE] skip orientation RF
[0000][PE] skip orientation RR
[0000] 3. Calling kt_for - worker_sam
	[0000][ M::mem_process_seqs] Processed 2732342 reads in 408.645 CPU sec, 11.040 real sec
[0000] read_chunk: 400000000, work_chunk_size: 400000208, nseq: 2731090
	[0000][ M::kt_pipeline] read 2731090 sequences (400000208 bp)...
[0000] Calling mem_process_seqs.., task: 27
[0000] 1. Calling kt_for - worker_bwt
[0000] 2. Calling kt_for - worker_aln
[0000] Inferring insert size distribution of PE reads from data, l_pac: 656111652, n: 2731090
[0000][PE] # candidate unique pairs for (FF, FR, RF, RR): (118, 1097666, 141, 129)
[0000][PE] analyzing insert size distribution for orientation FF...
[0000][PE] (25, 50, 75) percentile: (156, 201, 270)
[0000][PE] low and high boundaries for computing mean and std.dev: (1, 498)
[0000][PE] mean and std.dev: (180.66, 61.54)
[0000][PE] low and high boundaries for proper pairs: (1, 612)
[0000][PE] analyzing insert size distribution for orientation FR...
[0000][PE] (25, 50, 75) percentile: (257, 296, 330)
[0000][PE] low and high boundaries for computing mean and std.dev: (111, 476)
[0000][PE] mean and std.dev: (293.04, 50.16)
[0000][PE] low and high boundaries for proper pairs: (38, 549)
[0000][PE] analyzing insert size distribution for orientation RF...
[0000][PE] (25, 50, 75) percentile: (546, 2171, 7042)
[0000][PE] low and high boundaries for computing mean and std.dev: (1, 20034)
[0000][PE] mean and std.dev: (3566.04, 3339.03)
[0000][PE] low and high boundaries for proper pairs: (1, 26530)
[0000][PE] analyzing insert size distribution for orientation RR...
[0000][PE] (25, 50, 75) percentile: (152, 214, 387)
[0000][PE] low and high boundaries for computing mean and std.dev: (1, 857)
[0000][PE] mean and std.dev: (222.94, 149.95)
[0000][PE] low and high boundaries for proper pairs: (1, 1092)
[0000][PE] skip orientation FF
[0000][PE] skip orientation RF
[0000][PE] skip orientation RR
[0000] 3. Calling kt_for - worker_sam
	[0000][ M::mem_process_seqs] Processed 2731090 reads in 451.452 CPU sec, 12.187 real sec
[0000] read_chunk: 400000000, work_chunk_size: 400000084, nseq: 2731490
	[0000][ M::kt_pipeline] read 2731490 sequences (400000084 bp)...
[0000] Calling mem_process_seqs.., task: 28
[0000] 1. Calling kt_for - worker_bwt
[0000] 2. Calling kt_for - worker_aln
[0000] Inferring insert size distribution of PE reads from data, l_pac: 656111652, n: 2731490
[0000][PE] # candidate unique pairs for (FF, FR, RF, RR): (118, 1110068, 115, 109)
[0000][PE] analyzing insert size distribution for orientation FF...
[0000][PE] (25, 50, 75) percentile: (152, 232, 922)
[0000][PE] low and high boundaries for computing mean and std.dev: (1, 2462)
[0000][PE] mean and std.dev: (346.49, 369.20)
[0000][PE] low and high boundaries for proper pairs: (1, 3232)
[0000][PE] analyzing insert size distribution for orientation FR...
[0000][PE] (25, 50, 75) percentile: (257, 295, 330)
[0000][PE] low and high boundaries for computing mean and std.dev: (111, 476)
[0000][PE] mean and std.dev: (292.99, 50.22)
[0000][PE] low and high boundaries for proper pairs: (38, 549)
[0000][PE] analyzing insert size distribution for orientation RF...
[0000][PE] (25, 50, 75) percentile: (672, 1758, 5189)
[0000][PE] low and high boundaries for computing mean and std.dev: (1, 14223)
[0000][PE] mean and std.dev: (3175.75, 2958.98)
[0000][PE] low and high boundaries for proper pairs: (1, 18740)
[0000][PE] analyzing insert size distribution for orientation RR...
[0000][PE] (25, 50, 75) percentile: (153, 214, 309)
[0000][PE] low and high boundaries for computing mean and std.dev: (1, 621)
[0000][PE] mean and std.dev: (199.97, 98.50)
[0000][PE] low and high boundaries for proper pairs: (1, 777)
[0000][PE] skip orientation FF
[0000][PE] skip orientation RF
[0000][PE] skip orientation RR
[0000] 3. Calling kt_for - worker_sam
	[0000][ M::mem_process_seqs] Processed 2731490 reads in 420.123 CPU sec, 11.423 real sec
[0000] read_chunk: 400000000, work_chunk_size: 400000026, nseq: 2732140
	[0000][ M::kt_pipeline] read 2732140 sequences (400000026 bp)...
[0000] Calling mem_process_seqs.., task: 29
[0000] 1. Calling kt_for - worker_bwt
[0000] 2. Calling kt_for - worker_aln
[0000] read_chunk: 400000000, work_chunk_size: 26089636, nseq: 178102
	[0000][ M::kt_pipeline] read 178102 sequences (26089636 bp)...
[0000] Inferring insert size distribution of PE reads from data, l_pac: 656111652, n: 2732140
[0000][PE] # candidate unique pairs for (FF, FR, RF, RR): (121, 1122402, 122, 127)
[0000][PE] analyzing insert size distribution for orientation FF...
[0000][PE] (25, 50, 75) percentile: (142, 200, 264)
[0000][PE] low and high boundaries for computing mean and std.dev: (1, 508)
[0000][PE] mean and std.dev: (180.47, 78.82)
[0000][PE] low and high boundaries for proper pairs: (1, 630)
[0000][PE] analyzing insert size distribution for orientation FR...
[0000][PE] (25, 50, 75) percentile: (257, 295, 330)
[0000][PE] low and high boundaries for computing mean and std.dev: (111, 476)
[0000][PE] mean and std.dev: (292.97, 50.12)
[0000][PE] low and high boundaries for proper pairs: (38, 549)
[0000][PE] analyzing insert size distribution for orientation RF...
[0000][PE] (25, 50, 75) percentile: (308, 2089, 4822)
[0000][PE] low and high boundaries for computing mean and std.dev: (1, 13850)
[0000][PE] mean and std.dev: (3154.07, 2974.33)
[0000][PE] low and high boundaries for proper pairs: (1, 18364)
[0000][PE] analyzing insert size distribution for orientation RR...
[0000][PE] (25, 50, 75) percentile: (154, 208, 827)
[0000][PE] low and high boundaries for computing mean and std.dev: (1, 2173)
[0000][PE] mean and std.dev: (370.77, 447.83)
[0000][PE] low and high boundaries for proper pairs: (1, 2846)
[0000][PE] skip orientation FF
[0000][PE] skip orientation RF
[0000][PE] skip orientation RR
[0000] 3. Calling kt_for - worker_sam
	[0000][ M::mem_process_seqs] Processed 2732140 reads in 383.183 CPU sec, 11.298 real sec
[0000] Calling mem_process_seqs.., task: 30
[0000] 1. Calling kt_for - worker_bwt
[0000] 2. Calling kt_for - worker_aln
[0000] Inferring insert size distribution of PE reads from data, l_pac: 656111652, n: 178102
[0000][PE] # candidate unique pairs for (FF, FR, RF, RR): (8, 73534, 7, 6)
[0000][PE] skip orientation FF as there are not enough pairs
[0000][PE] analyzing insert size distribution for orientation FR...
[0000][PE] (25, 50, 75) percentile: (257, 296, 330)
[0000][PE] low and high boundaries for computing mean and std.dev: (111, 476)
[0000][PE] mean and std.dev: (292.96, 50.22)
[0000][PE] low and high boundaries for proper pairs: (38, 549)
[0000][PE] skip orientation RF as there are not enough pairs
[0000][PE] skip orientation RR as there are not enough pairs
[0000] 3. Calling kt_for - worker_sam
	[0000][ M::mem_process_seqs] Processed 178102 reads in 26.016 CPU sec, 1.023 real sec
[0000] read_chunk: 400000000, work_chunk_size: 0, nseq: 0
[0000] read_chunk: 400000000, work_chunk_size: 0, nseq: 0
[0000] Computation ends..
No. of OMP threads: 40
Processor is running @2394.725232 MHz
Runtime profile:

	Time taken for main_mem function: 540.29 sec

	IO times (sec) :
	Reading IO time (reads) avg: 287.32, (287.32, 287.32)
	Writing IO time (SAM) avg: 209.56, (209.56, 209.56)
	Reading IO time (Reference Genome) avg: 0.58, (0.58, 0.58)
	Index read time avg: 0.12, (0.12, 0.12)

	Overall time (sec) (Excluding Index reading time):
	PROCESS() (Total compute time + (read + SAM) IO time) : 539.57
	MEM_PROCESS_SEQ() (Total compute time (Kernel + SAM)), avg: 395.80, (395.80, 395.80)

	 SAM Processing time (sec):
	--WORKER_SAM avg: 156.53, (156.53, 156.53)

	Kernels' compute time (sec):
	Total kernel (smem+sal+bsw) time avg: 230.05, (230.05, 230.05)
		MEM_ALN_CHAIN_FLT avg: 0.00, (0.00, 0.00)
		MEM_ALN_CHAIN_SEED avg: 0.00, (0.00, 0.00)
		ERT_SEED_CHAIN avg: 0.00, (0.00, 0.00)
	LEARNED_SEED_CHAIN avg: 90.92, (91.25, 90.58)
		SMEM compute avg: 0.00, (0.00, 0.00)
		SAL compute avg: 0.00, (0.00, 0.00)
				MEM_SA avg: 0.00, (0.00, 0.00)

		BSW time, avg: 129.65, (130.22, 129.14)

Important parameter settings: 
	BATCH_SIZE: 512
	MAX_SEQ_LEN_REF: 256
	MAX_SEQ_LEN_QER: 128
	MAX_SEQ_LEN8: 128
	SEEDS_PER_READ: 500
	SIMD_WIDTH8 X: 64
	SIMD_WIDTH16 X: 32
	AVG_SEEDS_PER_READ: 64
