Looking to launch executable "/opt/conda/bin/bwa-meme_mode3.avx512bw", simd = _mode3.avx512bw
Launching executable "/opt/conda/bin/bwa-meme_mode3.avx512bw"
-----------------------------
Executing in AVX512 mode!!
-----------------------------
* SA compression enabled with xfactor: 8
* Ref file: reference.902362185.genome.fasta
* Entering FMI_search
Reading other elements of the index from files reference.902362185.genome.fasta
* Index prefix: reference.902362185.genome.fasta
* Read 0 ALT contigs
* Reading reference genome..
* Binary seq file = reference.902362185.genome.fasta.0123
* Reference genome size: 1312223304 bp
* Done reading reference genome !!

------------------------------------------
1. Memory pre-allocation for Chaining: 5679.4903 MB
2. Memory pre-allocation for BSW: 9584.6810 MB
[M::memoryAllocLearned::MEME] Reading Learned-index models into memory
[Learned-Config] MODE:3 SEARCH_METHOD: 1 MEM_TRADEOFF:1 EXPONENTIAL_SMEMSEARCH: 1 DEBUG_MODE:0 Num 2nd Models:268435456 PWL Bits Used:28
[M::memoryAllocLearned::MEME] Loading RMI model and Pac reference file took 9.941 sec
[M::memoryAllocLearned::MEME] Reading suffix array into memory
[M::memoryAllocLearned::MEME] Loading pos_packed file took 12.820 sec
[M::memoryAllocLearned::MEME] Generating SA, 64-bit Suffix and ISA in memory
[M::memoryAllocLearned::MEME] Runtime-build-index took 11.587 sec
3. Memory pre-allocation for BWT: 7204.5072 MB
------------------------------------------
* Threads used (compute): 40
* No. of pipeline threads: 2

[0000] read_chunk: 400000000, work_chunk_size: 400000201, nseq: 2813924
	[0000][ M::kt_pipeline] read 2813924 sequences (400000201 bp)...
[0000] Reallocating initial memory allocations!!
[0000] Calling mem_process_seqs.., task: 0
[0000] 1. Calling kt_for - worker_bwt
[0000] 2. Calling kt_for - worker_aln
[0000] read_chunk: 400000000, work_chunk_size: 400000298, nseq: 2817532
	[0000][ M::kt_pipeline] read 2817532 sequences (400000298 bp)...
[0000] Inferring insert size distribution of PE reads from data, l_pac: 656111652, n: 2813924
[0000][PE] # candidate unique pairs for (FF, FR, RF, RR): (69, 1109704, 121, 66)
[0000][PE] analyzing insert size distribution for orientation FF...
[0000][PE] (25, 50, 75) percentile: (140, 207, 320)
[0000][PE] low and high boundaries for computing mean and std.dev: (1, 680)
[0000][PE] mean and std.dev: (177.57, 82.12)
[0000][PE] low and high boundaries for proper pairs: (1, 860)
[0000][PE] analyzing insert size distribution for orientation FR...
[0000][PE] (25, 50, 75) percentile: (230, 278, 319)
[0000][PE] low and high boundaries for computing mean and std.dev: (52, 497)
[0000][PE] mean and std.dev: (264.70, 75.43)
[0000][PE] low and high boundaries for proper pairs: (1, 586)
[0000][PE] analyzing insert size distribution for orientation RF...
[0000][PE] (25, 50, 75) percentile: (447, 3176, 6656)
[0000][PE] low and high boundaries for computing mean and std.dev: (1, 19074)
[0000][PE] mean and std.dev: (3788.32, 3380.79)
[0000][PE] low and high boundaries for proper pairs: (1, 25283)
[0000][PE] analyzing insert size distribution for orientation RR...
[0000][PE] (25, 50, 75) percentile: (168, 250, 1328)
[0000][PE] low and high boundaries for computing mean and std.dev: (1, 3648)
[0000][PE] mean and std.dev: (443.36, 624.55)
[0000][PE] low and high boundaries for proper pairs: (1, 4808)
[0000][PE] skip orientation FF
[0000][PE] skip orientation RF
[0000][PE] skip orientation RR
[0000] 3. Calling kt_for - worker_sam
	[0000][ M::mem_process_seqs] Processed 2813924 reads in 488.342 CPU sec, 12.969 real sec
[0000] Reallocating initial memory allocations!!
[0000] Calling mem_process_seqs.., task: 1
[0000] 1. Calling kt_for - worker_bwt
[0000] 2. Calling kt_for - worker_aln
[0000] Inferring insert size distribution of PE reads from data, l_pac: 656111652, n: 2817532
[0000][PE] # candidate unique pairs for (FF, FR, RF, RR): (88, 1136138, 97, 61)
[0000][PE] analyzing insert size distribution for orientation FF...
[0000][PE] (25, 50, 75) percentile: (143, 198, 399)
[0000][PE] low and high boundaries for computing mean and std.dev: (1, 911)
[0000][PE] mean and std.dev: (184.88, 112.35)
[0000][PE] low and high boundaries for proper pairs: (1, 1167)
[0000][PE] analyzing insert size distribution for orientation FR...
[0000][PE] (25, 50, 75) percentile: (230, 278, 319)
[0000][PE] low and high boundaries for computing mean and std.dev: (52, 497)
[0000][PE] mean and std.dev: (264.71, 75.47)
[0000][PE] low and high boundaries for proper pairs: (1, 586)
[0000][PE] analyzing insert size distribution for orientation RF...
[0000][PE] (25, 50, 75) percentile: (316, 1826, 6240)
[0000][PE] low and high boundaries for computing mean and std.dev: (1, 18088)
[0000][PE] mean and std.dev: (3229.44, 3292.48)
[0000][PE] low and high boundaries for proper pairs: (1, 24012)
[0000][PE] analyzing insert size distribution for orientation RR...
[0000][PE] (25, 50, 75) percentile: (138, 223, 1169)
[0000][PE] low and high boundaries for computing mean and std.dev: (1, 3231)
[0000][PE] mean and std.dev: (438.06, 471.66)
[0000][PE] low and high boundaries for proper pairs: (1, 4262)
[0000][PE] skip orientation FF
[0000][PE] skip orientation RF
[0000][PE] skip orientation RR
[0000] 3. Calling kt_for - worker_sam
[0000] read_chunk: 400000000, work_chunk_size: 400000225, nseq: 2814480
	[0000][ M::kt_pipeline] read 2814480 sequences (400000225 bp)...
	[0000][ M::mem_process_seqs] Processed 2817532 reads in 426.533 CPU sec, 11.501 real sec
[0000] Calling mem_process_seqs.., task: 2
[0000] 1. Calling kt_for - worker_bwt
[0000] 2. Calling kt_for - worker_aln
[0000] Inferring insert size distribution of PE reads from data, l_pac: 656111652, n: 2814480
[0000][PE] # candidate unique pairs for (FF, FR, RF, RR): (89, 1113318, 131, 67)
[0000][PE] analyzing insert size distribution for orientation FF...
[0000][PE] (25, 50, 75) percentile: (141, 208, 847)
[0000][PE] low and high boundaries for computing mean and std.dev: (1, 2259)
[0000][PE] mean and std.dev: (335.24, 383.91)
[0000][PE] low and high boundaries for proper pairs: (1, 2965)
[0000][PE] analyzing insert size distribution for orientation FR...
[0000][PE] (25, 50, 75) percentile: (230, 278, 319)
[0000][PE] low and high boundaries for computing mean and std.dev: (52, 497)
[0000][PE] mean and std.dev: (264.62, 75.54)
[0000][PE] low and high boundaries for proper pairs: (1, 586)
[0000][PE] analyzing insert size distribution for orientation RF...
[0000][PE] (25, 50, 75) percentile: (835, 3638, 7025)
[0000][PE] low and high boundaries for computing mean and std.dev: (1, 19405)
[0000][PE] mean and std.dev: (4009.26, 3200.36)
[0000][PE] low and high boundaries for proper pairs: (1, 25595)
[0000][PE] analyzing insert size distribution for orientation RR...
[0000][PE] (25, 50, 75) percentile: (155, 237, 1092)
[0000][PE] low and high boundaries for computing mean and std.dev: (1, 2966)
[0000][PE] mean and std.dev: (377.59, 427.27)
[0000][PE] low and high boundaries for proper pairs: (1, 3903)
[0000][PE] skip orientation FF
[0000][PE] skip orientation RF
[0000][PE] skip orientation RR
[0000] 3. Calling kt_for - worker_sam
[0000] read_chunk: 400000000, work_chunk_size: 400000287, nseq: 2816146
	[0000][ M::kt_pipeline] read 2816146 sequences (400000287 bp)...
	[0000][ M::mem_process_seqs] Processed 2814480 reads in 486.499 CPU sec, 13.259 real sec
[0000] Calling mem_process_seqs.., task: 3
[0000] 1. Calling kt_for - worker_bwt
[0000] 2. Calling kt_for - worker_aln
[0000] Inferring insert size distribution of PE reads from data, l_pac: 656111652, n: 2816146
[0000][PE] # candidate unique pairs for (FF, FR, RF, RR): (99, 1125537, 104, 78)
[0000][PE] analyzing insert size distribution for orientation FF...
[0000][PE] (25, 50, 75) percentile: (128, 180, 278)
[0000][PE] low and high boundaries for computing mean and std.dev: (1, 578)
[0000][PE] mean and std.dev: (165.84, 70.00)
[0000][PE] low and high boundaries for proper pairs: (1, 728)
[0000][PE] analyzing insert size distribution for orientation FR...
[0000][PE] (25, 50, 75) percentile: (230, 278, 319)
[0000][PE] low and high boundaries for computing mean and std.dev: (52, 497)
[0000][PE] mean and std.dev: (264.75, 75.41)
[0000][PE] low and high boundaries for proper pairs: (1, 586)
[0000][PE] analyzing insert size distribution for orientation RF...
[0000][PE] (25, 50, 75) percentile: (519, 3971, 7338)
[0000][PE] low and high boundaries for computing mean and std.dev: (1, 20976)
[0000][PE] mean and std.dev: (4117.33, 3314.74)
[0000][PE] low and high boundaries for proper pairs: (1, 27795)
[0000][PE] analyzing insert size distribution for orientation RR...
[0000][PE] (25, 50, 75) percentile: (118, 200, 371)
[0000][PE] low and high boundaries for computing mean and std.dev: (1, 877)
[0000][PE] mean and std.dev: (172.35, 99.21)
[0000][PE] low and high boundaries for proper pairs: (1, 1130)
[0000][PE] skip orientation FF
[0000][PE] skip orientation RF
[0000][PE] skip orientation RR
[0000] 3. Calling kt_for - worker_sam
	[0000][ M::mem_process_seqs] Processed 2816146 reads in 466.430 CPU sec, 12.630 real sec
[0000] read_chunk: 400000000, work_chunk_size: 400000170, nseq: 2814906
	[0000][ M::kt_pipeline] read 2814906 sequences (400000170 bp)...
[0000] Calling mem_process_seqs.., task: 4
[0000] 1. Calling kt_for - worker_bwt
[0000] 2. Calling kt_for - worker_aln
[0000] Inferring insert size distribution of PE reads from data, l_pac: 656111652, n: 2814906
[0000][PE] # candidate unique pairs for (FF, FR, RF, RR): (54, 1121896, 117, 63)
[0000][PE] analyzing insert size distribution for orientation FF...
[0000][PE] (25, 50, 75) percentile: (154, 214, 1094)
[0000][PE] low and high boundaries for computing mean and std.dev: (1, 2974)
[0000][PE] mean and std.dev: (346.34, 486.30)
[0000][PE] low and high boundaries for proper pairs: (1, 3914)
[0000][PE] analyzing insert size distribution for orientation FR...
[0000][PE] (25, 50, 75) percentile: (230, 278, 319)
[0000][PE] low and high boundaries for computing mean and std.dev: (52, 497)
[0000][PE] mean and std.dev: (264.76, 75.42)
[0000][PE] low and high boundaries for proper pairs: (1, 586)
[0000][PE] analyzing insert size distribution for orientation RF...
[0000][PE] (25, 50, 75) percentile: (530, 3130, 7626)
[0000][PE] low and high boundaries for computing mean and std.dev: (1, 21818)
[0000][PE] mean and std.dev: (3906.97, 3485.05)
[0000][PE] low and high boundaries for proper pairs: (1, 28914)
[0000][PE] analyzing insert size distribution for orientation RR...
[0000][PE] (25, 50, 75) percentile: (151, 209, 2359)
[0000][PE] low and high boundaries for computing mean and std.dev: (1, 6775)
[0000][PE] mean and std.dev: (1467.52, 2252.83)
[0000][PE] low and high boundaries for proper pairs: (1, 10479)
[0000][PE] skip orientation FF
[0000][PE] skip orientation RF
[0000][PE] skip orientation RR
[0000] 3. Calling kt_for - worker_sam
[0000] read_chunk: 400000000, work_chunk_size: 400000116, nseq: 2816432
	[0000][ M::kt_pipeline] read 2816432 sequences (400000116 bp)...
	[0000][ M::mem_process_seqs] Processed 2814906 reads in 465.097 CPU sec, 12.803 real sec
[0000] Calling mem_process_seqs.., task: 5
[0000] 1. Calling kt_for - worker_bwt
[0000] 2. Calling kt_for - worker_aln
[0000] Inferring insert size distribution of PE reads from data, l_pac: 656111652, n: 2816432
[0000][PE] # candidate unique pairs for (FF, FR, RF, RR): (56, 1124757, 105, 70)
[0000][PE] analyzing insert size distribution for orientation FF...
[0000][PE] (25, 50, 75) percentile: (116, 199, 591)
[0000][PE] low and high boundaries for computing mean and std.dev: (1, 1541)
[0000][PE] mean and std.dev: (234.55, 214.15)
[0000][PE] low and high boundaries for proper pairs: (1, 2016)
[0000][PE] analyzing insert size distribution for orientation FR...
[0000][PE] (25, 50, 75) percentile: (230, 278, 319)
[0000][PE] low and high boundaries for computing mean and std.dev: (52, 497)
[0000][PE] mean and std.dev: (264.69, 75.50)
[0000][PE] low and high boundaries for proper pairs: (1, 586)
[0000][PE] analyzing insert size distribution for orientation RF...
[0000][PE] (25, 50, 75) percentile: (492, 1713, 6022)
[0000][PE] low and high boundaries for computing mean and std.dev: (1, 17082)
[0000][PE] mean and std.dev: (3390.71, 3156.94)
[0000][PE] low and high boundaries for proper pairs: (1, 22612)
[0000][PE] analyzing insert size distribution for orientation RR...
[0000][PE] (25, 50, 75) percentile: (148, 194, 847)
[0000][PE] low and high boundaries for computing mean and std.dev: (1, 2245)
[0000][PE] mean and std.dev: (281.12, 262.67)
[0000][PE] low and high boundaries for proper pairs: (1, 2944)
[0000][PE] skip orientation FF
[0000][PE] skip orientation RF
[0000][PE] skip orientation RR
[0000] 3. Calling kt_for - worker_sam
	[0000][ M::mem_process_seqs] Processed 2816432 reads in 451.098 CPU sec, 12.268 real sec
[0000] read_chunk: 400000000, work_chunk_size: 400000199, nseq: 2814902
	[0000][ M::kt_pipeline] read 2814902 sequences (400000199 bp)...
[0000] Calling mem_process_seqs.., task: 6
[0000] 1. Calling kt_for - worker_bwt
[0000] 2. Calling kt_for - worker_aln
[0000] Inferring insert size distribution of PE reads from data, l_pac: 656111652, n: 2814902
[0000][PE] # candidate unique pairs for (FF, FR, RF, RR): (78, 1115965, 116, 63)
[0000][PE] analyzing insert size distribution for orientation FF...
[0000][PE] (25, 50, 75) percentile: (165, 215, 380)
[0000][PE] low and high boundaries for computing mean and std.dev: (1, 810)
[0000][PE] mean and std.dev: (210.59, 96.43)
[0000][PE] low and high boundaries for proper pairs: (1, 1025)
[0000][PE] analyzing insert size distribution for orientation FR...
[0000][PE] (25, 50, 75) percentile: (230, 278, 319)
[0000][PE] low and high boundaries for computing mean and std.dev: (52, 497)
[0000][PE] mean and std.dev: (264.77, 75.34)
[0000][PE] low and high boundaries for proper pairs: (1, 586)
[0000][PE] analyzing insert size distribution for orientation RF...
[0000][PE] (25, 50, 75) percentile: (491, 2143, 7309)
[0000][PE] low and high boundaries for computing mean and std.dev: (1, 20945)
[0000][PE] mean and std.dev: (3623.21, 3436.27)
[0000][PE] low and high boundaries for proper pairs: (1, 27763)
[0000][PE] analyzing insert size distribution for orientation RR...
[0000][PE] (25, 50, 75) percentile: (151, 221, 723)
[0000][PE] low and high boundaries for computing mean and std.dev: (1, 1867)
[0000][PE] mean and std.dev: (320.35, 350.61)
[0000][PE] low and high boundaries for proper pairs: (1, 2439)
[0000][PE] skip orientation FF
[0000][PE] skip orientation RF
[0000][PE] skip orientation RR
[0000] 3. Calling kt_for - worker_sam
[0000] read_chunk: 400000000, work_chunk_size: 400000213, nseq: 2816774
	[0000][ M::mem_process_seqs] Processed 2814902 reads in 488.319 CPU sec, 13.966 real sec
	[0000][ M::kt_pipeline] read 2816774 sequences (400000213 bp)...
[0000] Calling mem_process_seqs.., task: 7
[0000] 1. Calling kt_for - worker_bwt
[0000] 2. Calling kt_for - worker_aln
[0000] Inferring insert size distribution of PE reads from data, l_pac: 656111652, n: 2816774
[0000][PE] # candidate unique pairs for (FF, FR, RF, RR): (104, 1133527, 118, 56)
[0000][PE] analyzing insert size distribution for orientation FF...
[0000][PE] (25, 50, 75) percentile: (136, 203, 715)
[0000][PE] low and high boundaries for computing mean and std.dev: (1, 1873)
[0000][PE] mean and std.dev: (331.09, 434.62)
[0000][PE] low and high boundaries for proper pairs: (1, 2452)
[0000][PE] analyzing insert size distribution for orientation FR...
[0000][PE] (25, 50, 75) percentile: (230, 277, 319)
[0000][PE] low and high boundaries for computing mean and std.dev: (52, 497)
[0000][PE] mean and std.dev: (264.72, 75.37)
[0000][PE] low and high boundaries for proper pairs: (1, 586)
[0000][PE] analyzing insert size distribution for orientation RF...
[0000][PE] (25, 50, 75) percentile: (380, 2300, 7113)
[0000][PE] low and high boundaries for computing mean and std.dev: (1, 20579)
[0000][PE] mean and std.dev: (3714.65, 3544.75)
[0000][PE] low and high boundaries for proper pairs: (1, 27312)
[0000][PE] analyzing insert size distribution for orientation RR...
[0000][PE] (25, 50, 75) percentile: (149, 216, 700)
[0000][PE] low and high boundaries for computing mean and std.dev: (1, 1802)
[0000][PE] mean and std.dev: (253.36, 265.39)
[0000][PE] low and high boundaries for proper pairs: (1, 2353)
[0000][PE] skip orientation FF
[0000][PE] skip orientation RF
[0000][PE] skip orientation RR
[0000] 3. Calling kt_for - worker_sam
	[0000][ M::mem_process_seqs] Processed 2816774 reads in 445.115 CPU sec, 13.433 real sec
[0000] read_chunk: 400000000, work_chunk_size: 160032739, nseq: 1127680
	[0000][ M::kt_pipeline] read 1127680 sequences (160032739 bp)...
[0000] Calling mem_process_seqs.., task: 8
[0000] 1. Calling kt_for - worker_bwt
[0000] 2. Calling kt_for - worker_aln
[0000] Inferring insert size distribution of PE reads from data, l_pac: 656111652, n: 1127680
[0000][PE] # candidate unique pairs for (FF, FR, RF, RR): (50, 461283, 54, 29)
[0000][PE] analyzing insert size distribution for orientation FF...
[0000][PE] (25, 50, 75) percentile: (155, 217, 563)
[0000][PE] low and high boundaries for computing mean and std.dev: (1, 1379)
[0000][PE] mean and std.dev: (235.07, 216.68)
[0000][PE] low and high boundaries for proper pairs: (1, 1787)
[0000][PE] analyzing insert size distribution for orientation FR...
[0000][PE] (25, 50, 75) percentile: (230, 278, 319)
[0000][PE] low and high boundaries for computing mean and std.dev: (52, 497)
[0000][PE] mean and std.dev: (264.79, 75.33)
[0000][PE] low and high boundaries for proper pairs: (1, 586)
[0000][PE] analyzing insert size distribution for orientation RF...
[0000][PE] (25, 50, 75) percentile: (632, 1657, 6303)
[0000][PE] low and high boundaries for computing mean and std.dev: (1, 17645)
[0000][PE] mean and std.dev: (3409.98, 3381.09)
[0000][PE] low and high boundaries for proper pairs: (1, 23316)
[0000][PE] analyzing insert size distribution for orientation RR...
[0000][PE] (25, 50, 75) percentile: (170, 225, 1529)
[0000][PE] low and high boundaries for computing mean and std.dev: (1, 4247)
[0000][PE] mean and std.dev: (518.48, 590.04)
[0000][PE] low and high boundaries for proper pairs: (1, 5606)
[0000][PE] skip orientation FF
[0000][PE] skip orientation RF
[0000][PE] skip orientation RR
[0000] 3. Calling kt_for - worker_sam
[0000] read_chunk: 400000000, work_chunk_size: 0, nseq: 0
	[0000][ M::mem_process_seqs] Processed 1127680 reads in 159.689 CPU sec, 4.705 real sec
[0000] read_chunk: 400000000, work_chunk_size: 0, nseq: 0
[0000] Computation ends..
No. of OMP threads: 40
Processor is running @2394.749096 MHz
Runtime profile:

	Time taken for main_mem function: 148.50 sec

	IO times (sec) :
	Reading IO time (reads) avg: 71.37, (71.37, 71.37)
	Writing IO time (SAM) avg: 40.46, (40.46, 40.46)
	Reading IO time (Reference Genome) avg: 0.59, (0.59, 0.59)
	Index read time avg: 0.13, (0.13, 0.13)

	Overall time (sec) (Excluding Index reading time):
	PROCESS() (Total compute time + (read + SAM) IO time) : 147.78
	MEM_PROCESS_SEQ() (Total compute time (Kernel + SAM)), avg: 107.52, (107.52, 107.52)

	 SAM Processing time (sec):
	--WORKER_SAM avg: 46.29, (46.29, 46.29)

	Kernels' compute time (sec):
	Total kernel (smem+sal+bsw) time avg: 58.65, (58.65, 58.65)
		MEM_ALN_CHAIN_FLT avg: 0.00, (0.00, 0.00)
		MEM_ALN_CHAIN_SEED avg: 0.00, (0.00, 0.00)
		ERT_SEED_CHAIN avg: 0.00, (0.00, 0.00)
	LEARNED_SEED_CHAIN avg: 20.27, (20.41, 20.19)
		SMEM compute avg: 0.00, (0.00, 0.00)
		SAL compute avg: 0.00, (0.00, 0.00)
				MEM_SA avg: 0.00, (0.00, 0.00)

		BSW time, avg: 35.56, (35.81, 35.27)

Important parameter settings: 
	BATCH_SIZE: 512
	MAX_SEQ_LEN_REF: 256
	MAX_SEQ_LEN_QER: 128
	MAX_SEQ_LEN8: 128
	SEEDS_PER_READ: 500
	SIMD_WIDTH8 X: 64
	SIMD_WIDTH16 X: 32
	AVG_SEEDS_PER_READ: 64
