Looking to launch executable "/opt/conda/bin/bwa-meme_mode3.avx512bw", simd = _mode3.avx512bw
Launching executable "/opt/conda/bin/bwa-meme_mode3.avx512bw"
-----------------------------
Executing in AVX512 mode!!
-----------------------------
* SA compression enabled with xfactor: 8
* Ref file: reference.902362185.genome.fasta
* Entering FMI_search
Reading other elements of the index from files reference.902362185.genome.fasta
* Index prefix: reference.902362185.genome.fasta
* Read 0 ALT contigs
* Reading reference genome..
* Binary seq file = reference.902362185.genome.fasta.0123
* Reference genome size: 1312223304 bp
* Done reading reference genome !!

------------------------------------------
1. Memory pre-allocation for Chaining: 5679.4903 MB
2. Memory pre-allocation for BSW: 9584.6810 MB
[M::memoryAllocLearned::MEME] Reading Learned-index models into memory
[Learned-Config] MODE:3 SEARCH_METHOD: 1 MEM_TRADEOFF:1 EXPONENTIAL_SMEMSEARCH: 1 DEBUG_MODE:0 Num 2nd Models:268435456 PWL Bits Used:28
[M::memoryAllocLearned::MEME] Loading RMI model and Pac reference file took 9.556 sec
[M::memoryAllocLearned::MEME] Reading suffix array into memory
[M::memoryAllocLearned::MEME] Loading pos_packed file took 14.012 sec
[M::memoryAllocLearned::MEME] Generating SA, 64-bit Suffix and ISA in memory
[M::memoryAllocLearned::MEME] Runtime-build-index took 13.728 sec
3. Memory pre-allocation for BWT: 7204.5072 MB
------------------------------------------
* Threads used (compute): 40
* No. of pipeline threads: 2

[0000] read_chunk: 400000000, work_chunk_size: 400000036, nseq: 2791530
	[0000][ M::kt_pipeline] read 2791530 sequences (400000036 bp)...
[0000] Reallocating initial memory allocations!!
[0000] read_chunk: 400000000, work_chunk_size: 400000012, nseq: 2792128
	[0000][ M::kt_pipeline] read 2792128 sequences (400000012 bp)...
[0000] Calling mem_process_seqs.., task: 0
[0000] 1. Calling kt_for - worker_bwt
[0000] 2. Calling kt_for - worker_aln
[0000] Inferring insert size distribution of PE reads from data, l_pac: 656111652, n: 2791530
[0000][PE] # candidate unique pairs for (FF, FR, RF, RR): (83, 1130085, 119, 82)
[0000][PE] analyzing insert size distribution for orientation FF...
[0000][PE] (25, 50, 75) percentile: (163, 235, 1508)
[0000][PE] low and high boundaries for computing mean and std.dev: (1, 4198)
[0000][PE] mean and std.dev: (609.49, 860.52)
[0000][PE] low and high boundaries for proper pairs: (1, 5543)
[0000][PE] analyzing insert size distribution for orientation FR...
[0000][PE] (25, 50, 75) percentile: (239, 284, 324)
[0000][PE] low and high boundaries for computing mean and std.dev: (69, 494)
[0000][PE] mean and std.dev: (275.61, 67.91)
[0000][PE] low and high boundaries for proper pairs: (1, 579)
[0000][PE] analyzing insert size distribution for orientation RF...
[0000][PE] (25, 50, 75) percentile: (354, 3204, 5958)
[0000][PE] low and high boundaries for computing mean and std.dev: (1, 17166)
[0000][PE] mean and std.dev: (3542.87, 3071.24)
[0000][PE] low and high boundaries for proper pairs: (1, 22770)
[0000][PE] analyzing insert size distribution for orientation RR...
[0000][PE] (25, 50, 75) percentile: (179, 237, 921)
[0000][PE] low and high boundaries for computing mean and std.dev: (1, 2405)
[0000][PE] mean and std.dev: (282.06, 273.70)
[0000][PE] low and high boundaries for proper pairs: (1, 3147)
[0000][PE] skip orientation FF
[0000][PE] skip orientation RF
[0000][PE] skip orientation RR
[0000] 3. Calling kt_for - worker_sam
	[0000][ M::mem_process_seqs] Processed 2791530 reads in 437.749 CPU sec, 12.838 real sec
[0000] Reallocating initial memory allocations!!
[0000] Calling mem_process_seqs.., task: 1
[0000] 1. Calling kt_for - worker_bwt
[0000] 2. Calling kt_for - worker_aln
[0000] read_chunk: 400000000, work_chunk_size: 400000173, nseq: 2789456
	[0000][ M::kt_pipeline] read 2789456 sequences (400000173 bp)...
[0000] Inferring insert size distribution of PE reads from data, l_pac: 656111652, n: 2792128
[0000][PE] # candidate unique pairs for (FF, FR, RF, RR): (75, 1142879, 106, 92)
[0000][PE] analyzing insert size distribution for orientation FF...
[0000][PE] (25, 50, 75) percentile: (142, 213, 336)
[0000][PE] low and high boundaries for computing mean and std.dev: (1, 724)
[0000][PE] mean and std.dev: (199.79, 104.15)
[0000][PE] low and high boundaries for proper pairs: (1, 918)
[0000][PE] analyzing insert size distribution for orientation FR...
[0000][PE] (25, 50, 75) percentile: (239, 284, 324)
[0000][PE] low and high boundaries for computing mean and std.dev: (69, 494)
[0000][PE] mean and std.dev: (275.69, 67.79)
[0000][PE] low and high boundaries for proper pairs: (1, 579)
[0000][PE] analyzing insert size distribution for orientation RF...
[0000][PE] (25, 50, 75) percentile: (808, 3309, 5913)
[0000][PE] low and high boundaries for computing mean and std.dev: (1, 16123)
[0000][PE] mean and std.dev: (3602.84, 2966.02)
[0000][PE] low and high boundaries for proper pairs: (1, 21228)
[0000][PE] analyzing insert size distribution for orientation RR...
[0000][PE] (25, 50, 75) percentile: (145, 209, 292)
[0000][PE] low and high boundaries for computing mean and std.dev: (1, 586)
[0000][PE] mean and std.dev: (195.07, 89.01)
[0000][PE] low and high boundaries for proper pairs: (1, 733)
[0000][PE] skip orientation FF
[0000][PE] skip orientation RF
[0000][PE] skip orientation RR
[0000] 3. Calling kt_for - worker_sam
	[0000][ M::mem_process_seqs] Processed 2792128 reads in 410.598 CPU sec, 11.216 real sec
[0000] Calling mem_process_seqs.., task: 2
[0000] 1. Calling kt_for - worker_bwt
[0000] 2. Calling kt_for - worker_aln
[0000] Inferring insert size distribution of PE reads from data, l_pac: 656111652, n: 2789456
[0000][PE] # candidate unique pairs for (FF, FR, RF, RR): (73, 1117864, 120, 76)
[0000][PE] analyzing insert size distribution for orientation FF...
[0000][PE] (25, 50, 75) percentile: (185, 240, 502)
[0000][PE] low and high boundaries for computing mean and std.dev: (1, 1136)
[0000][PE] mean and std.dev: (230.83, 103.99)
[0000][PE] low and high boundaries for proper pairs: (1, 1453)
[0000][PE] analyzing insert size distribution for orientation FR...
[0000][PE] (25, 50, 75) percentile: (239, 285, 324)
[0000][PE] low and high boundaries for computing mean and std.dev: (69, 494)
[0000][PE] mean and std.dev: (275.76, 67.76)
[0000][PE] low and high boundaries for proper pairs: (1, 579)
[0000][PE] analyzing insert size distribution for orientation RF...
[0000][PE] (25, 50, 75) percentile: (441, 2111, 5185)
[0000][PE] low and high boundaries for computing mean and std.dev: (1, 14673)
[0000][PE] mean and std.dev: (3220.21, 3156.21)
[0000][PE] low and high boundaries for proper pairs: (1, 19417)
[0000][PE] analyzing insert size distribution for orientation RR...
[0000][PE] (25, 50, 75) percentile: (161, 195, 300)
[0000][PE] low and high boundaries for computing mean and std.dev: (1, 578)
[0000][PE] mean and std.dev: (185.64, 71.28)
[0000][PE] low and high boundaries for proper pairs: (1, 717)
[0000][PE] skip orientation FF
[0000][PE] skip orientation RF
[0000][PE] skip orientation RR
[0000] 3. Calling kt_for - worker_sam
	[0000][ M::mem_process_seqs] Processed 2789456 reads in 466.508 CPU sec, 12.547 real sec
[0000] read_chunk: 400000000, work_chunk_size: 400000239, nseq: 2791728
	[0000][ M::kt_pipeline] read 2791728 sequences (400000239 bp)...
[0000] Calling mem_process_seqs.., task: 3
[0000] 1. Calling kt_for - worker_bwt
[0000] 2. Calling kt_for - worker_aln
[0000] Inferring insert size distribution of PE reads from data, l_pac: 656111652, n: 2791728
[0000][PE] # candidate unique pairs for (FF, FR, RF, RR): (81, 1140305, 123, 84)
[0000][PE] analyzing insert size distribution for orientation FF...
[0000][PE] (25, 50, 75) percentile: (172, 224, 442)
[0000][PE] low and high boundaries for computing mean and std.dev: (1, 982)
[0000][PE] mean and std.dev: (218.47, 138.16)
[0000][PE] low and high boundaries for proper pairs: (1, 1252)
[0000][PE] analyzing insert size distribution for orientation FR...
[0000][PE] (25, 50, 75) percentile: (239, 285, 324)
[0000][PE] low and high boundaries for computing mean and std.dev: (69, 494)
[0000][PE] mean and std.dev: (275.79, 67.77)
[0000][PE] low and high boundaries for proper pairs: (1, 579)
[0000][PE] analyzing insert size distribution for orientation RF...
[0000][PE] (25, 50, 75) percentile: (380, 2393, 5519)
[0000][PE] low and high boundaries for computing mean and std.dev: (1, 15797)
[0000][PE] mean and std.dev: (3087.20, 2988.44)
[0000][PE] low and high boundaries for proper pairs: (1, 20936)
[0000][PE] analyzing insert size distribution for orientation RR...
[0000][PE] (25, 50, 75) percentile: (181, 253, 1504)
[0000][PE] low and high boundaries for computing mean and std.dev: (1, 4150)
[0000][PE] mean and std.dev: (725.36, 807.89)
[0000][PE] low and high boundaries for proper pairs: (1, 5473)
[0000][PE] skip orientation FF
[0000][PE] skip orientation RF
[0000][PE] skip orientation RR
[0000] 3. Calling kt_for - worker_sam
[0000] read_chunk: 400000000, work_chunk_size: 400000169, nseq: 2792140
	[0000][ M::kt_pipeline] read 2792140 sequences (400000169 bp)...
	[0000][ M::mem_process_seqs] Processed 2791728 reads in 428.663 CPU sec, 11.455 real sec
[0000] Reallocating initial memory allocations!!
[0000] Calling mem_process_seqs.., task: 4
[0000] 1. Calling kt_for - worker_bwt
[0000] 2. Calling kt_for - worker_aln
[0000] Inferring insert size distribution of PE reads from data, l_pac: 656111652, n: 2792140
[0000][PE] # candidate unique pairs for (FF, FR, RF, RR): (83, 1140438, 110, 74)
[0000][PE] analyzing insert size distribution for orientation FF...
[0000][PE] (25, 50, 75) percentile: (163, 211, 308)
[0000][PE] low and high boundaries for computing mean and std.dev: (1, 598)
[0000][PE] mean and std.dev: (207.19, 86.78)
[0000][PE] low and high boundaries for proper pairs: (1, 743)
[0000][PE] analyzing insert size distribution for orientation FR...
[0000][PE] (25, 50, 75) percentile: (239, 284, 324)
[0000][PE] low and high boundaries for computing mean and std.dev: (69, 494)
[0000][PE] mean and std.dev: (275.70, 67.81)
[0000][PE] low and high boundaries for proper pairs: (1, 579)
[0000][PE] analyzing insert size distribution for orientation RF...
[0000][PE] (25, 50, 75) percentile: (320, 1695, 5943)
[0000][PE] low and high boundaries for computing mean and std.dev: (1, 17189)
[0000][PE] mean and std.dev: (3317.44, 3186.69)
[0000][PE] low and high boundaries for proper pairs: (1, 22812)
[0000][PE] analyzing insert size distribution for orientation RR...
[0000][PE] (25, 50, 75) percentile: (135, 218, 291)
[0000][PE] low and high boundaries for computing mean and std.dev: (1, 603)
[0000][PE] mean and std.dev: (203.54, 96.84)
[0000][PE] low and high boundaries for proper pairs: (1, 759)
[0000][PE] skip orientation FF
[0000][PE] skip orientation RF
[0000][PE] skip orientation RR
[0000] 3. Calling kt_for - worker_sam
[0000] read_chunk: 400000000, work_chunk_size: 400000082, nseq: 2791926
	[0000][ M::kt_pipeline] read 2791926 sequences (400000082 bp)...
	[0000][ M::mem_process_seqs] Processed 2792140 reads in 416.072 CPU sec, 11.290 real sec
[0000] Calling mem_process_seqs.., task: 5
[0000] 1. Calling kt_for - worker_bwt
[0000] 2. Calling kt_for - worker_aln
[0000] Inferring insert size distribution of PE reads from data, l_pac: 656111652, n: 2791926
[0000][PE] # candidate unique pairs for (FF, FR, RF, RR): (82, 1135865, 132, 57)
[0000][PE] analyzing insert size distribution for orientation FF...
[0000][PE] (25, 50, 75) percentile: (129, 176, 251)
[0000][PE] low and high boundaries for computing mean and std.dev: (1, 495)
[0000][PE] mean and std.dev: (177.01, 67.78)
[0000][PE] low and high boundaries for proper pairs: (1, 617)
[0000][PE] analyzing insert size distribution for orientation FR...
[0000][PE] (25, 50, 75) percentile: (239, 284, 324)
[0000][PE] low and high boundaries for computing mean and std.dev: (69, 494)
[0000][PE] mean and std.dev: (275.66, 67.84)
[0000][PE] low and high boundaries for proper pairs: (1, 579)
[0000][PE] analyzing insert size distribution for orientation RF...
[0000][PE] (25, 50, 75) percentile: (619, 2311, 6149)
[0000][PE] low and high boundaries for computing mean and std.dev: (1, 17209)
[0000][PE] mean and std.dev: (3339.97, 2948.21)
[0000][PE] low and high boundaries for proper pairs: (1, 22739)
[0000][PE] analyzing insert size distribution for orientation RR...
[0000][PE] (25, 50, 75) percentile: (140, 219, 1299)
[0000][PE] low and high boundaries for computing mean and std.dev: (1, 3617)
[0000][PE] mean and std.dev: (370.37, 547.96)
[0000][PE] low and high boundaries for proper pairs: (1, 4776)
[0000][PE] skip orientation FF
[0000][PE] skip orientation RF
[0000][PE] skip orientation RR
[0000] 3. Calling kt_for - worker_sam
	[0000][ M::mem_process_seqs] Processed 2791926 reads in 441.084 CPU sec, 12.043 real sec
[0000] read_chunk: 400000000, work_chunk_size: 400000230, nseq: 2792208
	[0000][ M::kt_pipeline] read 2792208 sequences (400000230 bp)...
[0000] Reallocating initial memory allocations!!
[0000] read_chunk: 400000000, work_chunk_size: 31356536, nseq: 219008
	[0000][ M::kt_pipeline] read 219008 sequences (31356536 bp)...
[0000] Calling mem_process_seqs.., task: 6
[0000] 1. Calling kt_for - worker_bwt
[0000] 2. Calling kt_for - worker_aln
[0000] Inferring insert size distribution of PE reads from data, l_pac: 656111652, n: 2792208
[0000][PE] # candidate unique pairs for (FF, FR, RF, RR): (79, 1148658, 113, 78)
[0000][PE] analyzing insert size distribution for orientation FF...
[0000][PE] (25, 50, 75) percentile: (160, 197, 286)
[0000][PE] low and high boundaries for computing mean and std.dev: (1, 538)
[0000][PE] mean and std.dev: (201.99, 97.90)
[0000][PE] low and high boundaries for proper pairs: (1, 664)
[0000][PE] analyzing insert size distribution for orientation FR...
[0000][PE] (25, 50, 75) percentile: (239, 284, 324)
[0000][PE] low and high boundaries for computing mean and std.dev: (69, 494)
[0000][PE] mean and std.dev: (275.67, 67.83)
[0000][PE] low and high boundaries for proper pairs: (1, 579)
[0000][PE] analyzing insert size distribution for orientation RF...
[0000][PE] (25, 50, 75) percentile: (767, 2895, 5832)
[0000][PE] low and high boundaries for computing mean and std.dev: (1, 15962)
[0000][PE] mean and std.dev: (3501.85, 3051.54)
[0000][PE] low and high boundaries for proper pairs: (1, 21027)
[0000][PE] analyzing insert size distribution for orientation RR...
[0000][PE] (25, 50, 75) percentile: (159, 225, 675)
[0000][PE] low and high boundaries for computing mean and std.dev: (1, 1707)
[0000][PE] mean and std.dev: (360.24, 347.54)
[0000][PE] low and high boundaries for proper pairs: (1, 2223)
[0000][PE] skip orientation FF
[0000][PE] skip orientation RF
[0000][PE] skip orientation RR
[0000] 3. Calling kt_for - worker_sam
	[0000][ M::mem_process_seqs] Processed 2792208 reads in 409.471 CPU sec, 12.397 real sec
[0000] Calling mem_process_seqs.., task: 7
[0000] 1. Calling kt_for - worker_bwt
[0000] 2. Calling kt_for - worker_aln
[0000] Inferring insert size distribution of PE reads from data, l_pac: 656111652, n: 219008
[0000][PE] # candidate unique pairs for (FF, FR, RF, RR): (8, 91136, 7, 3)
[0000][PE] skip orientation FF as there are not enough pairs
[0000][PE] analyzing insert size distribution for orientation FR...
[0000][PE] (25, 50, 75) percentile: (239, 285, 324)
[0000][PE] low and high boundaries for computing mean and std.dev: (69, 494)
[0000][PE] mean and std.dev: (275.87, 67.76)
[0000][PE] low and high boundaries for proper pairs: (1, 579)
[0000][PE] skip orientation RF as there are not enough pairs
[0000][PE] skip orientation RR as there are not enough pairs
[0000] 3. Calling kt_for - worker_sam
	[0000][ M::mem_process_seqs] Processed 219008 reads in 30.961 CPU sec, 1.118 real sec
[0000] read_chunk: 400000000, work_chunk_size: 0, nseq: 0
[0000] read_chunk: 400000000, work_chunk_size: 0, nseq: 0
[0000] Computation ends..
No. of OMP threads: 40
Processor is running @2394.721158 MHz
Runtime profile:

	Time taken for main_mem function: 228.19 sec

	IO times (sec) :
	Reading IO time (reads) avg: 66.14, (66.14, 66.14)
	Writing IO time (SAM) avg: 24.65, (24.65, 24.65)
	Reading IO time (Reference Genome) avg: 0.79, (0.79, 0.79)
	Index read time avg: 0.12, (0.12, 0.12)

	Overall time (sec) (Excluding Index reading time):
	PROCESS() (Total compute time + (read + SAM) IO time) : 227.20
	MEM_PROCESS_SEQ() (Total compute time (Kernel + SAM)), avg: 84.89, (84.89, 84.89)

	 SAM Processing time (sec):
	--WORKER_SAM avg: 33.08, (33.08, 33.08)

	Kernels' compute time (sec):
	Total kernel (smem+sal+bsw) time avg: 49.66, (49.66, 49.66)
		MEM_ALN_CHAIN_FLT avg: 0.00, (0.00, 0.00)
		MEM_ALN_CHAIN_SEED avg: 0.00, (0.00, 0.00)
		ERT_SEED_CHAIN avg: 0.00, (0.00, 0.00)
	LEARNED_SEED_CHAIN avg: 20.51, (20.73, 20.35)
		SMEM compute avg: 0.00, (0.00, 0.00)
		SAL compute avg: 0.00, (0.00, 0.00)
				MEM_SA avg: 0.00, (0.00, 0.00)

		BSW time, avg: 27.05, (27.34, 26.88)

Important parameter settings: 
	BATCH_SIZE: 512
	MAX_SEQ_LEN_REF: 256
	MAX_SEQ_LEN_QER: 128
	MAX_SEQ_LEN8: 128
	SEEDS_PER_READ: 500
	SIMD_WIDTH8 X: 64
	SIMD_WIDTH16 X: 32
	AVG_SEEDS_PER_READ: 64
