Looking to launch executable "/opt/conda/bin/bwa-meme_mode3.avx512bw", simd = _mode3.avx512bw
Launching executable "/opt/conda/bin/bwa-meme_mode3.avx512bw"
-----------------------------
Executing in AVX512 mode!!
-----------------------------
* SA compression enabled with xfactor: 8
* Ref file: reference.902362185.genome.fasta
* Entering FMI_search
Reading other elements of the index from files reference.902362185.genome.fasta
* Index prefix: reference.902362185.genome.fasta
* Read 0 ALT contigs
* Reading reference genome..
* Binary seq file = reference.902362185.genome.fasta.0123
* Reference genome size: 1312223304 bp
* Done reading reference genome !!

------------------------------------------
1. Memory pre-allocation for Chaining: 5679.4903 MB
2. Memory pre-allocation for BSW: 9584.6810 MB
[M::memoryAllocLearned::MEME] Reading Learned-index models into memory
[Learned-Config] MODE:3 SEARCH_METHOD: 1 MEM_TRADEOFF:1 EXPONENTIAL_SMEMSEARCH: 1 DEBUG_MODE:0 Num 2nd Models:268435456 PWL Bits Used:28
[M::memoryAllocLearned::MEME] Loading RMI model and Pac reference file took 9.570 sec
[M::memoryAllocLearned::MEME] Reading suffix array into memory
[M::memoryAllocLearned::MEME] Loading pos_packed file took 14.045 sec
[M::memoryAllocLearned::MEME] Generating SA, 64-bit Suffix and ISA in memory
[M::memoryAllocLearned::MEME] Runtime-build-index took 13.758 sec
3. Memory pre-allocation for BWT: 7204.5072 MB
------------------------------------------
* Threads used (compute): 40
* No. of pipeline threads: 2

[0000] read_chunk: 400000000, work_chunk_size: 400000265, nseq: 2847322
	[0000][ M::kt_pipeline] read 2847322 sequences (400000265 bp)...
[0000] Reallocating initial memory allocations!!
[0000] read_chunk: 400000000, work_chunk_size: 280737580, nseq: 1999022
	[0000][ M::kt_pipeline] read 1999022 sequences (280737580 bp)...
[0000] Calling mem_process_seqs.., task: 0
[0000] 1. Calling kt_for - worker_bwt
[0000] 2. Calling kt_for - worker_aln
[0000] Inferring insert size distribution of PE reads from data, l_pac: 656111652, n: 2847322
[0000][PE] # candidate unique pairs for (FF, FR, RF, RR): (92, 1147942, 96, 75)
[0000][PE] analyzing insert size distribution for orientation FF...
[0000][PE] (25, 50, 75) percentile: (135, 195, 256)
[0000][PE] low and high boundaries for computing mean and std.dev: (1, 498)
[0000][PE] mean and std.dev: (183.74, 72.25)
[0000][PE] low and high boundaries for proper pairs: (1, 619)
[0000][PE] analyzing insert size distribution for orientation FR...
[0000][PE] (25, 50, 75) percentile: (209, 265, 310)
[0000][PE] low and high boundaries for computing mean and std.dev: (7, 512)
[0000][PE] mean and std.dev: (249.56, 81.80)
[0000][PE] low and high boundaries for proper pairs: (1, 613)
[0000][PE] analyzing insert size distribution for orientation RF...
[0000][PE] (25, 50, 75) percentile: (584, 2040, 6799)
[0000][PE] low and high boundaries for computing mean and std.dev: (1, 19229)
[0000][PE] mean and std.dev: (3482.95, 3226.03)
[0000][PE] low and high boundaries for proper pairs: (1, 25444)
[0000][PE] analyzing insert size distribution for orientation RR...
[0000][PE] (25, 50, 75) percentile: (153, 193, 248)
[0000][PE] low and high boundaries for computing mean and std.dev: (1, 438)
[0000][PE] mean and std.dev: (175.40, 62.51)
[0000][PE] low and high boundaries for proper pairs: (1, 533)
[0000][PE] skip orientation FF
[0000][PE] skip orientation RF
[0000][PE] skip orientation RR
[0000] 3. Calling kt_for - worker_sam
	[0000][ M::mem_process_seqs] Processed 2847322 reads in 477.370 CPU sec, 15.645 real sec
[0000] Calling mem_process_seqs.., task: 1
[0000] 1. Calling kt_for - worker_bwt
[0000] 2. Calling kt_for - worker_aln
[0000] read_chunk: 400000000, work_chunk_size: 0, nseq: 0
[0000] Inferring insert size distribution of PE reads from data, l_pac: 656111652, n: 1999022
[0000][PE] # candidate unique pairs for (FF, FR, RF, RR): (59, 812287, 78, 54)
[0000][PE] analyzing insert size distribution for orientation FF...
[0000][PE] (25, 50, 75) percentile: (141, 204, 294)
[0000][PE] low and high boundaries for computing mean and std.dev: (1, 600)
[0000][PE] mean and std.dev: (195.96, 92.50)
[0000][PE] low and high boundaries for proper pairs: (1, 753)
[0000][PE] analyzing insert size distribution for orientation FR...
[0000][PE] (25, 50, 75) percentile: (209, 265, 310)
[0000][PE] low and high boundaries for computing mean and std.dev: (7, 512)
[0000][PE] mean and std.dev: (249.64, 81.72)
[0000][PE] low and high boundaries for proper pairs: (1, 613)
[0000][PE] analyzing insert size distribution for orientation RF...
[0000][PE] (25, 50, 75) percentile: (184, 1436, 6784)
[0000][PE] low and high boundaries for computing mean and std.dev: (1, 19984)
[0000][PE] mean and std.dev: (3306.21, 3405.52)
[0000][PE] low and high boundaries for proper pairs: (1, 26584)
[0000][PE] analyzing insert size distribution for orientation RR...
[0000][PE] (25, 50, 75) percentile: (118, 169, 307)
[0000][PE] low and high boundaries for computing mean and std.dev: (1, 685)
[0000][PE] mean and std.dev: (169.40, 79.26)
[0000][PE] low and high boundaries for proper pairs: (1, 874)
[0000][PE] skip orientation FF
[0000][PE] skip orientation RF
[0000][PE] skip orientation RR
[0000] 3. Calling kt_for - worker_sam
	[0000][ M::mem_process_seqs] Processed 1999022 reads in 313.289 CPU sec, 9.194 real sec
[0000] read_chunk: 400000000, work_chunk_size: 0, nseq: 0
[0000] Computation ends..
No. of OMP threads: 40
Processor is running @2394.715834 MHz
Runtime profile:

	Time taken for main_mem function: 113.76 sec

	IO times (sec) :
	Reading IO time (reads) avg: 35.83, (35.83, 35.83)
	Writing IO time (SAM) avg: 5.54, (5.54, 5.54)
	Reading IO time (Reference Genome) avg: 0.77, (0.77, 0.77)
	Index read time avg: 0.12, (0.12, 0.12)

	Overall time (sec) (Excluding Index reading time):
	PROCESS() (Total compute time + (read + SAM) IO time) : 112.78
	MEM_PROCESS_SEQ() (Total compute time (Kernel + SAM)), avg: 24.84, (24.84, 24.84)

	 SAM Processing time (sec):
	--WORKER_SAM avg: 9.69, (9.69, 9.69)

	Kernels' compute time (sec):
	Total kernel (smem+sal+bsw) time avg: 14.62, (14.62, 14.62)
		MEM_ALN_CHAIN_FLT avg: 0.00, (0.00, 0.00)
		MEM_ALN_CHAIN_SEED avg: 0.00, (0.00, 0.00)
		ERT_SEED_CHAIN avg: 0.00, (0.00, 0.00)
	LEARNED_SEED_CHAIN avg: 6.15, (6.30, 6.02)
		SMEM compute avg: 0.00, (0.00, 0.00)
		SAL compute avg: 0.00, (0.00, 0.00)
				MEM_SA avg: 0.00, (0.00, 0.00)

		BSW time, avg: 7.64, (8.05, 7.31)

Important parameter settings: 
	BATCH_SIZE: 512
	MAX_SEQ_LEN_REF: 256
	MAX_SEQ_LEN_QER: 128
	MAX_SEQ_LEN8: 128
	SEEDS_PER_READ: 500
	SIMD_WIDTH8 X: 64
	SIMD_WIDTH16 X: 32
	AVG_SEEDS_PER_READ: 64
