[2023-01-28 17:48:58,390] multiqc                                            [DEBUG  ]  This is MultiQC v1.13
[2023-01-28 17:48:58,391] multiqc                                            [DEBUG  ]  Command used: /opt/conda/bin/multiqc -v -p -ip -f --data-dir --data-format tsv --filename 1st_fastp_report --outdir fq_fp1 fq_fp1
[2023-01-28 17:48:59,002] multiqc                                            [WARNING]  MultiQC Version v1.14 now available!
[2023-01-28 17:48:59,002] multiqc                                            [DEBUG  ]  Working dir : /home/e1garcia/shotgun_PIRE/pire_lcwgs_data_processing/periophthalmus_argentilineatus
[2023-01-28 17:48:59,002] multiqc                                            [DEBUG  ]  Template    : default
[2023-01-28 17:48:59,002] multiqc                                            [DEBUG  ]  Running Python 3.9.12 (main, Aug 29 2022, 00:54:58)  [GCC 11.2.0]
[2023-01-28 17:48:59,002] multiqc                                            [DEBUG  ]  Analysing modules: custom_content, ccs, ngsderive, purple, conpair, lima, peddy, somalier, methylQA, mosdepth, phantompeakqualtools, qualimap, preseq, quast, qorts, rna_seqc, rockhopper, rsem, rseqc, busco, bustools, goleft_indexcov, gffcompare, disambiguate, supernova, deeptools, sargasso, verifybamid, mirtrace, happy, mirtop, sambamba, homer, hops, macs2, theta2, snpeff, gatk, htseq, bcftools, featureCounts, fgbio, dragen, dedup, pbmarkdup, damageprofiler, biobambam2, jcvi, mtnucratio, picard, vep, sentieon, prokka, qc3C, nanostat, samblaster, samtools, sexdeterrmine, eigenstratdatabasetools, bamtools, jellyfish, vcftools, longranger, stacks, varscan2, snippy, bbmap, bismark, biscuit, hicexplorer, hicup, hicpro, salmon, kallisto, slamdunk, star, hisat2, tophat, bowtie2, bowtie1, snpsplit, odgi, pangolin, kat, leehom, adapterRemoval, clipandmerge, cutadapt, flexbar, kaiju, kraken, malt, trimmomatic, sickle, skewer, sortmerna, biobloomtools, fastq_screen, afterqc, fastp, fastqc, pychopper, pycoqc, minionqc, multivcfanalyzer, clusterflow, checkqc, bcl2fastq, bclconvert, interop, ivar, flash, seqyclean, optitype, whatshap
[2023-01-28 17:48:59,002] multiqc                                            [DEBUG  ]  Using temporary directory for creating report: /tmp/tmpwhuo65x3
[2023-01-28 17:48:59,153] multiqc                                            [INFO   ]  Search path : /home/e1garcia/shotgun_PIRE/pire_lcwgs_data_processing/periophthalmus_argentilineatus/fq_fp1
[2023-01-28 17:49:09,829] multiqc                                            [DEBUG  ]  Summary of files that were skipped by the search: [skipped_module_specific_max_filesize: 426] // [skipped_no_match: 355] // [skipped_ignore_pattern: 284]
[2023-01-28 17:49:10,322] multiqc.plots.bargraph                             [DEBUG  ]  Using matplotlib version 3.1.2
[2023-01-28 17:49:10,323] multiqc.plots.linegraph                            [DEBUG  ]  Using matplotlib version 3.1.2
[2023-01-28 17:49:10,324] multiqc                                            [DEBUG  ]  No samples found: custom_content
[2023-01-28 17:49:10,628] multiqc.modules.fastp.fastp                        [INFO   ]  Found 71 reports
[2023-01-28 17:49:43,883] multiqc                                            [INFO   ]  Compressing plot data
[2023-01-28 17:49:49,353] multiqc                                            [INFO   ]  Report      : fq_fp1/1st_fastp_report.html
[2023-01-28 17:49:49,353] multiqc                                            [INFO   ]  Data        : fq_fp1/1st_fastp_report_data
[2023-01-28 17:49:49,353] multiqc                                            [DEBUG  ]  Moving data file from '/tmp/tmpwhuo65x3/multiqc_data' to 'fq_fp1/1st_fastp_report_data'
[2023-01-28 17:49:49,928] multiqc                                            [INFO   ]  Plots       : fq_fp1/1st_fastp_report_plots
[2023-01-28 17:49:49,928] multiqc                                            [DEBUG  ]  Moving plots directory from '/tmp/tmpwhuo65x3/multiqc_plots' to 'fq_fp1/1st_fastp_report_plots'
[2023-01-28 17:49:50,261] multiqc                                            [INFO   ]  MultiQC complete
