preview of orig and new R1 file names...
PaA0100106G_CKDL230012261-1A_HJLGYCCX2_L2_1.fq.gz Par-ARag-001-Ex1-6G-lcwgs-2-1.1.fq.gz
PaA0100206H_CKDL230012261-1A_HJLGYCCX2_L2_1.fq.gz Par-ARag-002-Ex1-6H-lcwgs-2-1.1.fq.gz
PaA0100607C_CKDL230012261-1A_HJLGYCCX2_L2_1.fq.gz Par-ARag-006-Ex1-7C-lcwgs-2-1.1.fq.gz
PaA0100707D_CKDL230012261-1A_HJLGYCCX2_L2_1.fq.gz Par-ARag-007-Ex1-7D-lcwgs-2-1.1.fq.gz
PaA0100807E_CKDL230012261-1A_HJLGYCCX2_L2_1.fq.gz Par-ARag-008-Ex1-7E-lcwgs-2-1.1.fq.gz
PaA0100907F_CKDL230012261-1A_HJLGYCCX2_L2_1.fq.gz Par-ARag-009-Ex1-7F-lcwgs-2-1.1.fq.gz
PaA0101007G_CKDL230012261-1A_HJLGYCCX2_L2_1.fq.gz Par-ARag-010-Ex1-7G-lcwgs-2-1.1.fq.gz
PaA0101107H_CKDL230012261-1A_HJLGYCCX2_L2_1.fq.gz Par-ARag-011-Ex1-7H-lcwgs-2-1.1.fq.gz
PaA0101208A_CKDL230012261-1A_HJLGYCCX2_L2_1.fq.gz Par-ARag-012-Ex1-8A-lcwgs-2-1.1.fq.gz
PaA0101308B_CKDL230012261-1A_HJLGYCCX2_L2_1.fq.gz Par-ARag-013-Ex1-8B-lcwgs-2-1.1.fq.gz
PaA0101408C_CKDL230012261-1A_HJLGYCCX2_L2_1.fq.gz Par-ARag-014-Ex1-8C-lcwgs-2-1.1.fq.gz
PaA0101708E_CKDL230012261-1A_HJLGYCCX2_L2_1.fq.gz Par-ARag-017-Ex1-8E-lcwgs-2-1.1.fq.gz
PaA0101908F_CKDL230012261-1A_HJLGYCCX2_L2_1.fq.gz Par-ARag-019-Ex1-8F-lcwgs-2-1.1.fq.gz
PaA0102008G_CKDL230012261-1A_HJLGYCCX2_L2_1.fq.gz Par-ARag-020-Ex1-8G-lcwgs-2-1.1.fq.gz
PaA0102108H_CKDL230012261-1A_HJLGYCCX2_L2_1.fq.gz Par-ARag-021-Ex1-8H-lcwgs-2-1.1.fq.gz
PaA0102209A_CKDL230012261-1A_HJLGYCCX2_L2_1.fq.gz Par-ARag-022-Ex1-9A-lcwgs-2-1.1.fq.gz
PaA0102509D_CKDL230012261-1A_HJLGYCCX2_L2_1.fq.gz Par-ARag-025-Ex1-9D-lcwgs-2-1.1.fq.gz
PaA0102709F_CKDL230012261-1A_HJLGYCCX2_L2_1.fq.gz Par-ARag-027-Ex1-9F-lcwgs-2-1.1.fq.gz
PaA0102809G_CKDL230012261-1A_HJLGYCCX2_L2_1.fq.gz Par-ARag-028-Ex1-9G-lcwgs-2-1.1.fq.gz
PaA0102909H_CKDL230012261-1A_HJLGYCCX2_L2_1.fq.gz Par-ARag-029-Ex1-9H-lcwgs-2-1.1.fq.gz
PaA0103010A_CKDL230012261-1A_HJLGYCCX2_L2_1.fq.gz Par-ARag-030-Ex1-10A-lcwgs-2-1.1.fq.gz
PaC0100305C_CKDL230012261-1A_HJLGYCCX2_L2_1.fq.gz Par-CPas-003-Ex1-5C-lcwgs-1-1.1.fq.gz
PaC0100407D_CKDL230012261-1A_HJLGYCCX2_L2_1.fq.gz Par-CPas-004-Ex1-7D7E-lcwgs-1and2-1.1.fq.gz
PaC0100806E_CKDL230012261-1A_HJLGYCCX2_L2_1.fq.gz Par-CPas-008-Ex1-6E6F-lcwgs-1and2-1.1.fq.gz
PaC0101005A_CKDL230012261-1A_HJLGYCCX2_L2_1.fq.gz Par-CPas-010-Ex1-5A-lcwgs-1-1.1.fq.gz
PaC0101302F_CKDL230012261-1A_HJLGYCCX2_L2_1.fq.gz Par-CPas-013-Ex1-2F3G-lcwgs-1and2-1.1.fq.gz
PaC0101507H_CKDL230012261-1A_HJLGYCCX2_L2_1.fq.gz Par-CPas-015-Ex1-7H-lcwgs-1-1.1.fq.gz
PaC0101606F_CKDL230012261-1A_HJLGYCCX2_L2_1.fq.gz Par-CPas-016-Ex1-6F6G-lcwgs-1and2-1.1.fq.gz
PaC0101803H_CKDL230012261-1A_HJLGYCCX2_L2_1.fq.gz Par-CPas-018-Ex1-3H4H-lcwgs-1and2-1.1.fq.gz
PaC0102006A_CKDL230012261-1A_HJLGYCCX2_L2_1.fq.gz Par-CPas-020-Ex1-6A-lcwgs-1-1.1.fq.gz
PaC0102308H_CKDL230012261-1A_HJLGYCCX2_L2_1.fq.gz Par-CPas-023-Ex1-8H-lcwgs-1-1.1.fq.gz
PaC0102702E_CKDL230012261-1A_HJLGYCCX2_L2_1.fq.gz Par-CPas-027-Ex1-2E-lcwgs-1-1.1.fq.gz
PaC0102803C_CKDL230012261-1A_HJLGYCCX2_L2_1.fq.gz Par-CPas-028-Ex1-3C-lcwgs-1-1.1.fq.gz
PaC0103305F_CKDL230012261-1A_HJLGYCCX2_L2_1.fq.gz Par-CPas-033-Ex1-5F-lcwgs-1-1.1.fq.gz
PaC0103502G_CKDL230012261-1A_HJLGYCCX2_L2_1.fq.gz Par-CPas-035-Ex1-2G3H-lcwgs-1and2-1.1.fq.gz
PaC0103707C_CKDL230012261-1A_HJLGYCCX2_L2_1.fq.gz Par-CPas-037-Ex1-7C7D-lcwgs-1and2-1.1.fq.gz
PaC0103804D_CKDL230012261-1A_HJLGYCCX2_L2_1.fq.gz Par-CPas-038-Ex1-4D-lcwgs-1-1.1.fq.gz
PaC0104108F_CKDL230012261-1A_HJLGYCCX2_L2_1.fq.gz Par-CPas-041-Ex1-8F-lcwgs-1-1.1.fq.gz
PaC0104307F_CKDL230012261-1A_HJLGYCCX2_L2_1.fq.gz Par-CPas-043-Ex1-7F7G-lcwgs-1and2-1.1.fq.gz
PaC0104408D_CKDL230012261-1A_HJLGYCCX2_L2_1.fq.gz Par-CPas-044-Ex1-8D-lcwgs-1-1.1.fq.gz
PaC0104506H_CKDL230012261-1A_HJLGYCCX2_L2_1.fq.gz Par-CPas-045-Ex1-6H7A-lcwgs-1and2-1.1.fq.gz
PaC0104603G_CKDL230012261-1A_HJLGYCCX2_L2_1.fq.gz Par-CPas-046-Ex1-3G-lcwgs-1-1.1.fq.gz
PaC0104702H_CKDL230012261-1A_HJLGYCCX2_L2_1.fq.gz Par-CPas-047-Ex1-2H-lcwgs-1-1.1.fq.gz
PaC0104804E_CKDL230012261-1A_HJLGYCCX2_L2_1.fq.gz Par-CPas-048-Ex1-4E-lcwgs-1-1.1.fq.gz
PaC0104904B_CKDL230012261-1A_HJLGYCCX2_L2_1.fq.gz Par-CPas-049-Ex1-4B-lcwgs-1-1.1.fq.gz
PaC0105504F_CKDL230012261-1A_HJLGYCCX2_L2_1.fq.gz Par-CPas-055-Ex1-4F5E-lcwgs-1and2-1.1.fq.gz
PaC0105805D_CKDL230012261-1A_HJLGYCCX2_L2_1.fq.gz Par-CPas-058-Ex1-5D-lcwgs-1-1.1.fq.gz
PaC0105903A_CKDL230012261-1A_HJLGYCCX2_L2_1.fq.gz Par-CPas-059-Ex1-3A-lcwgs-1-1.1.fq.gz
PaC0106103D_CKDL230012261-1A_HJLGYCCX2_L2_1.fq.gz Par-CPas-061-Ex1-3D-lcwgs-1-1.1.fq.gz
PaC0106205E_CKDL230012261-1A_HJLGYCCX2_L2_1.fq.gz Par-CPas-062-Ex1-5E-lcwgs-1-1.1.fq.gz
PaC0106308B_CKDL230012261-1A_HJLGYCCX2_L2_1.fq.gz Par-CPas-063-Ex1-8B8C-lcwgs-1and2-1.1.fq.gz
PaC0106406C_CKDL230012261-1A_HJLGYCCX2_L2_1.fq.gz Par-CPas-064-Ex1-6C6D-lcwgs-1and2-1.1.fq.gz
PaC0106503E_CKDL230012261-1A_HJLGYCCX2_L2_1.fq.gz Par-CPas-065-Ex1-3E-lcwgs-1-1.1.fq.gz
PaC0106608G_CKDL230012261-1A_HJLGYCCX2_L2_1.fq.gz Par-CPas-066-Ex1-8G-lcwgs-1-1.1.fq.gz
PaC0106707E_CKDL230012261-1A_HJLGYCCX2_L2_1.fq.gz Par-CPas-067-Ex1-7E7F-lcwgs-1and2-1.1.fq.gz
PaC0106804H_CKDL230012261-1A_HJLGYCCX2_L2_1.fq.gz Par-CPas-068-Ex1-4H-lcwgs-1-1.1.fq.gz
PaC0106905B_CKDL230012261-1A_HJLGYCCX2_L2_1.fq.gz Par-CPas-069-Ex1-5B-lcwgs-1-1.1.fq.gz
PaC0107004C_CKDL230012261-1A_HJLGYCCX2_L2_1.fq.gz Par-CPas-070-Ex1-4C2D-lcwgs-1and2-1.1.fq.gz
PaC0107106B_CKDL230012261-1A_HJLGYCCX2_L2_1.fq.gz Par-CPas-071-Ex1-6B-lcwgs-1-1.1.fq.gz
PaC0107206D_CKDL230012261-1A_HJLGYCCX2_L2_1.fq.gz Par-CPas-072-Ex1-6D6E-lcwgs-1and2-1.1.fq.gz
PaC0107308E_CKDL230012261-1A_HJLGYCCX2_L2_1.fq.gz Par-CPas-073-Ex1-8E8F-lcwgs-1and2-1.1.fq.gz
PaC0107404G_CKDL230012261-1A_HJLGYCCX2_L2_1.fq.gz Par-CPas-074-Ex1-4G-lcwgs-1-1.1.fq.gz
PaC0107508A_CKDL230012261-1A_HJLGYCCX2_L2_1.fq.gz Par-CPas-075-Ex1-8A8B-lcwgs-1and2-1.1.fq.gz
PaC0107605G_CKDL230012261-1A_HJLGYCCX2_L2_1.fq.gz Par-CPas-076-Ex1-5G-lcwgs-1-1.1.fq.gz
PaC0107707G_CKDL230012261-1A_HJLGYCCX2_L2_1.fq.gz Par-CPas-077-Ex1-7G7H-lcwgs-1and2-1.1.fq.gz
PaC0107908C_CKDL230012261-1A_HJLGYCCX2_L2_1.fq.gz Par-CPas-079-Ex1-8C-lcwgs-1-1.1.fq.gz
PaC0108206G_CKDL230012261-1A_HJLGYCCX2_L2_1.fq.gz Par-CPas-082-Ex1-6G6H-lcwgs-1and2-1.1.fq.gz
PaC0108304A_CKDL230012261-1A_HJLGYCCX2_L2_1.fq.gz Par-CPas-083-Ex1-4A-lcwgs-1-1.1.fq.gz
PaC0108403F_CKDL230012261-1A_HJLGYCCX2_L2_1.fq.gz Par-CPas-084-Ex1-3F4F-lcwgs-1and2-1.1.fq.gz
PaC0108502D_CKDL230012261-1A_HJLGYCCX2_L2_1.fq.gz Par-CPas-085-Ex1-2D3F-lcwgs-1and2-1.1.fq.gz
PaC0108705H_CKDL230012261-1A_HJLGYCCX2_L2_1.fq.gz Par-CPas-087-Ex1-5H-lcwgs-1-1.1.fq.gz
preview of orig and new R2 file names...
PaA0100106G_CKDL230012261-1A_HJLGYCCX2_L2_2.fq.gz Par-ARag-001-Ex1-6G-lcwgs-2-1.2.fq.gz
PaA0100206H_CKDL230012261-1A_HJLGYCCX2_L2_2.fq.gz Par-ARag-002-Ex1-6H-lcwgs-2-1.2.fq.gz
PaA0100607C_CKDL230012261-1A_HJLGYCCX2_L2_2.fq.gz Par-ARag-006-Ex1-7C-lcwgs-2-1.2.fq.gz
PaA0100707D_CKDL230012261-1A_HJLGYCCX2_L2_2.fq.gz Par-ARag-007-Ex1-7D-lcwgs-2-1.2.fq.gz
PaA0100807E_CKDL230012261-1A_HJLGYCCX2_L2_2.fq.gz Par-ARag-008-Ex1-7E-lcwgs-2-1.2.fq.gz
PaA0100907F_CKDL230012261-1A_HJLGYCCX2_L2_2.fq.gz Par-ARag-009-Ex1-7F-lcwgs-2-1.2.fq.gz
PaA0101007G_CKDL230012261-1A_HJLGYCCX2_L2_2.fq.gz Par-ARag-010-Ex1-7G-lcwgs-2-1.2.fq.gz
PaA0101107H_CKDL230012261-1A_HJLGYCCX2_L2_2.fq.gz Par-ARag-011-Ex1-7H-lcwgs-2-1.2.fq.gz
PaA0101208A_CKDL230012261-1A_HJLGYCCX2_L2_2.fq.gz Par-ARag-012-Ex1-8A-lcwgs-2-1.2.fq.gz
PaA0101308B_CKDL230012261-1A_HJLGYCCX2_L2_2.fq.gz Par-ARag-013-Ex1-8B-lcwgs-2-1.2.fq.gz
PaA0101408C_CKDL230012261-1A_HJLGYCCX2_L2_2.fq.gz Par-ARag-014-Ex1-8C-lcwgs-2-1.2.fq.gz
PaA0101708E_CKDL230012261-1A_HJLGYCCX2_L2_2.fq.gz Par-ARag-017-Ex1-8E-lcwgs-2-1.2.fq.gz
PaA0101908F_CKDL230012261-1A_HJLGYCCX2_L2_2.fq.gz Par-ARag-019-Ex1-8F-lcwgs-2-1.2.fq.gz
PaA0102008G_CKDL230012261-1A_HJLGYCCX2_L2_2.fq.gz Par-ARag-020-Ex1-8G-lcwgs-2-1.2.fq.gz
PaA0102108H_CKDL230012261-1A_HJLGYCCX2_L2_2.fq.gz Par-ARag-021-Ex1-8H-lcwgs-2-1.2.fq.gz
PaA0102209A_CKDL230012261-1A_HJLGYCCX2_L2_2.fq.gz Par-ARag-022-Ex1-9A-lcwgs-2-1.2.fq.gz
PaA0102509D_CKDL230012261-1A_HJLGYCCX2_L2_2.fq.gz Par-ARag-025-Ex1-9D-lcwgs-2-1.2.fq.gz
PaA0102709F_CKDL230012261-1A_HJLGYCCX2_L2_2.fq.gz Par-ARag-027-Ex1-9F-lcwgs-2-1.2.fq.gz
PaA0102809G_CKDL230012261-1A_HJLGYCCX2_L2_2.fq.gz Par-ARag-028-Ex1-9G-lcwgs-2-1.2.fq.gz
PaA0102909H_CKDL230012261-1A_HJLGYCCX2_L2_2.fq.gz Par-ARag-029-Ex1-9H-lcwgs-2-1.2.fq.gz
PaA0103010A_CKDL230012261-1A_HJLGYCCX2_L2_2.fq.gz Par-ARag-030-Ex1-10A-lcwgs-2-1.2.fq.gz
PaC0100305C_CKDL230012261-1A_HJLGYCCX2_L2_2.fq.gz Par-CPas-003-Ex1-5C-lcwgs-1-1.2.fq.gz
PaC0100407D_CKDL230012261-1A_HJLGYCCX2_L2_2.fq.gz Par-CPas-004-Ex1-7D7E-lcwgs-1and2-1.2.fq.gz
PaC0100806E_CKDL230012261-1A_HJLGYCCX2_L2_2.fq.gz Par-CPas-008-Ex1-6E6F-lcwgs-1and2-1.2.fq.gz
PaC0101005A_CKDL230012261-1A_HJLGYCCX2_L2_2.fq.gz Par-CPas-010-Ex1-5A-lcwgs-1-1.2.fq.gz
PaC0101302F_CKDL230012261-1A_HJLGYCCX2_L2_2.fq.gz Par-CPas-013-Ex1-2F3G-lcwgs-1and2-1.2.fq.gz
PaC0101507H_CKDL230012261-1A_HJLGYCCX2_L2_2.fq.gz Par-CPas-015-Ex1-7H-lcwgs-1-1.2.fq.gz
PaC0101606F_CKDL230012261-1A_HJLGYCCX2_L2_2.fq.gz Par-CPas-016-Ex1-6F6G-lcwgs-1and2-1.2.fq.gz
PaC0101803H_CKDL230012261-1A_HJLGYCCX2_L2_2.fq.gz Par-CPas-018-Ex1-3H4H-lcwgs-1and2-1.2.fq.gz
PaC0102006A_CKDL230012261-1A_HJLGYCCX2_L2_2.fq.gz Par-CPas-020-Ex1-6A-lcwgs-1-1.2.fq.gz
PaC0102308H_CKDL230012261-1A_HJLGYCCX2_L2_2.fq.gz Par-CPas-023-Ex1-8H-lcwgs-1-1.2.fq.gz
PaC0102702E_CKDL230012261-1A_HJLGYCCX2_L2_2.fq.gz Par-CPas-027-Ex1-2E-lcwgs-1-1.2.fq.gz
PaC0102803C_CKDL230012261-1A_HJLGYCCX2_L2_2.fq.gz Par-CPas-028-Ex1-3C-lcwgs-1-1.2.fq.gz
PaC0103305F_CKDL230012261-1A_HJLGYCCX2_L2_2.fq.gz Par-CPas-033-Ex1-5F-lcwgs-1-1.2.fq.gz
PaC0103502G_CKDL230012261-1A_HJLGYCCX2_L2_2.fq.gz Par-CPas-035-Ex1-2G3H-lcwgs-1and2-1.2.fq.gz
PaC0103707C_CKDL230012261-1A_HJLGYCCX2_L2_2.fq.gz Par-CPas-037-Ex1-7C7D-lcwgs-1and2-1.2.fq.gz
PaC0103804D_CKDL230012261-1A_HJLGYCCX2_L2_2.fq.gz Par-CPas-038-Ex1-4D-lcwgs-1-1.2.fq.gz
PaC0104108F_CKDL230012261-1A_HJLGYCCX2_L2_2.fq.gz Par-CPas-041-Ex1-8F-lcwgs-1-1.2.fq.gz
PaC0104307F_CKDL230012261-1A_HJLGYCCX2_L2_2.fq.gz Par-CPas-043-Ex1-7F7G-lcwgs-1and2-1.2.fq.gz
PaC0104408D_CKDL230012261-1A_HJLGYCCX2_L2_2.fq.gz Par-CPas-044-Ex1-8D-lcwgs-1-1.2.fq.gz
PaC0104506H_CKDL230012261-1A_HJLGYCCX2_L2_2.fq.gz Par-CPas-045-Ex1-6H7A-lcwgs-1and2-1.2.fq.gz
PaC0104603G_CKDL230012261-1A_HJLGYCCX2_L2_2.fq.gz Par-CPas-046-Ex1-3G-lcwgs-1-1.2.fq.gz
PaC0104702H_CKDL230012261-1A_HJLGYCCX2_L2_2.fq.gz Par-CPas-047-Ex1-2H-lcwgs-1-1.2.fq.gz
PaC0104804E_CKDL230012261-1A_HJLGYCCX2_L2_2.fq.gz Par-CPas-048-Ex1-4E-lcwgs-1-1.2.fq.gz
PaC0104904B_CKDL230012261-1A_HJLGYCCX2_L2_2.fq.gz Par-CPas-049-Ex1-4B-lcwgs-1-1.2.fq.gz
PaC0105504F_CKDL230012261-1A_HJLGYCCX2_L2_2.fq.gz Par-CPas-055-Ex1-4F5E-lcwgs-1and2-1.2.fq.gz
PaC0105805D_CKDL230012261-1A_HJLGYCCX2_L2_2.fq.gz Par-CPas-058-Ex1-5D-lcwgs-1-1.2.fq.gz
PaC0105903A_CKDL230012261-1A_HJLGYCCX2_L2_2.fq.gz Par-CPas-059-Ex1-3A-lcwgs-1-1.2.fq.gz
PaC0106103D_CKDL230012261-1A_HJLGYCCX2_L2_2.fq.gz Par-CPas-061-Ex1-3D-lcwgs-1-1.2.fq.gz
PaC0106205E_CKDL230012261-1A_HJLGYCCX2_L2_2.fq.gz Par-CPas-062-Ex1-5E-lcwgs-1-1.2.fq.gz
PaC0106308B_CKDL230012261-1A_HJLGYCCX2_L2_2.fq.gz Par-CPas-063-Ex1-8B8C-lcwgs-1and2-1.2.fq.gz
PaC0106406C_CKDL230012261-1A_HJLGYCCX2_L2_2.fq.gz Par-CPas-064-Ex1-6C6D-lcwgs-1and2-1.2.fq.gz
PaC0106503E_CKDL230012261-1A_HJLGYCCX2_L2_2.fq.gz Par-CPas-065-Ex1-3E-lcwgs-1-1.2.fq.gz
PaC0106608G_CKDL230012261-1A_HJLGYCCX2_L2_2.fq.gz Par-CPas-066-Ex1-8G-lcwgs-1-1.2.fq.gz
PaC0106707E_CKDL230012261-1A_HJLGYCCX2_L2_2.fq.gz Par-CPas-067-Ex1-7E7F-lcwgs-1and2-1.2.fq.gz
PaC0106804H_CKDL230012261-1A_HJLGYCCX2_L2_2.fq.gz Par-CPas-068-Ex1-4H-lcwgs-1-1.2.fq.gz
PaC0106905B_CKDL230012261-1A_HJLGYCCX2_L2_2.fq.gz Par-CPas-069-Ex1-5B-lcwgs-1-1.2.fq.gz
PaC0107004C_CKDL230012261-1A_HJLGYCCX2_L2_2.fq.gz Par-CPas-070-Ex1-4C2D-lcwgs-1and2-1.2.fq.gz
PaC0107106B_CKDL230012261-1A_HJLGYCCX2_L2_2.fq.gz Par-CPas-071-Ex1-6B-lcwgs-1-1.2.fq.gz
PaC0107206D_CKDL230012261-1A_HJLGYCCX2_L2_2.fq.gz Par-CPas-072-Ex1-6D6E-lcwgs-1and2-1.2.fq.gz
PaC0107308E_CKDL230012261-1A_HJLGYCCX2_L2_2.fq.gz Par-CPas-073-Ex1-8E8F-lcwgs-1and2-1.2.fq.gz
PaC0107404G_CKDL230012261-1A_HJLGYCCX2_L2_2.fq.gz Par-CPas-074-Ex1-4G-lcwgs-1-1.2.fq.gz
PaC0107508A_CKDL230012261-1A_HJLGYCCX2_L2_2.fq.gz Par-CPas-075-Ex1-8A8B-lcwgs-1and2-1.2.fq.gz
PaC0107605G_CKDL230012261-1A_HJLGYCCX2_L2_2.fq.gz Par-CPas-076-Ex1-5G-lcwgs-1-1.2.fq.gz
PaC0107707G_CKDL230012261-1A_HJLGYCCX2_L2_2.fq.gz Par-CPas-077-Ex1-7G7H-lcwgs-1and2-1.2.fq.gz
PaC0107908C_CKDL230012261-1A_HJLGYCCX2_L2_2.fq.gz Par-CPas-079-Ex1-8C-lcwgs-1-1.2.fq.gz
PaC0108206G_CKDL230012261-1A_HJLGYCCX2_L2_2.fq.gz Par-CPas-082-Ex1-6G6H-lcwgs-1and2-1.2.fq.gz
PaC0108304A_CKDL230012261-1A_HJLGYCCX2_L2_2.fq.gz Par-CPas-083-Ex1-4A-lcwgs-1-1.2.fq.gz
PaC0108403F_CKDL230012261-1A_HJLGYCCX2_L2_2.fq.gz Par-CPas-084-Ex1-3F4F-lcwgs-1and2-1.2.fq.gz
PaC0108502D_CKDL230012261-1A_HJLGYCCX2_L2_2.fq.gz Par-CPas-085-Ex1-2D3F-lcwgs-1and2-1.2.fq.gz
PaC0108705H_CKDL230012261-1A_HJLGYCCX2_L2_2.fq.gz Par-CPas-087-Ex1-5H-lcwgs-1-1.2.fq.gz
