	-> Indexing ./mkBGL/test03.minIndPerPop.sites and will add '0' to pos column
	-> Filterfile: ./mkBGL/test03.minIndPerPop.sites supplied will generate binary representations... 
	-> Input file has 2 columns, chr pos
	-> Writing chr:'NC_043745.1' 
	-> Writing chr:'NC_043746.1' 
	-> Writing chr:'NC_043747.1' 
	-> Writing chr:'NC_043748.1' 
	-> Writing chr:'NC_043749.1' 
	-> Writing chr:'NC_043750.1' 
	-> Writing chr:'NC_043751.1' 
	-> Writing chr:'NC_043752.1' 
	-> Writing chr:'NC_043753.1' 
	-> Writing chr:'NC_043754.1' 
	-> Writing chr:'NC_043755.1' 
	-> Writing chr:'NC_043756.1' 
	-> Writing chr:'NC_043757.1' 
	-> Writing chr:'NC_043758.1' 
	-> Writing chr:'NC_043759.1' 
	-> Writing chr:'NC_043760.1' 
	-> Writing chr:'NC_043761.1' 
	-> Writing chr:'NC_043762.1' 
	-> Writing chr:'NC_043763.1' 
	-> Writing chr:'NC_043764.1' 
	-> Writing chr:'NC_043765.1' 
	-> Writing chr:'NC_043766.1' 
	-> Writing chr:'NC_004412.1' 
	-> Filtering complete: Observed: 23 different chromosomes from file:./mkBGL/test03.minIndPerPop.sites
	-> Generated files:	
		'./mkBGL/test03.minIndPerPop.sites.bin'
		'./mkBGL/test03.minIndPerPop.sites.idx'
	-> angsd version: 0.937 (htslib: 1.14-9-ge769401) build(Mar 25 2022 10:24:30)
	-> angsd -beagle ./mkBGL/test03.beagle.gz -sites ./mkBGL/test03.minIndPerPop.sites.bin -fai ./refGenome/GCF_902148845.1_fSalaFa1.1_chr1-23-mtgen.fna.bgz.fai -out ./mkBGL/test03_fltrd -nThreads 40 
	-> Inputtype is beagle
	-> [prep_sites.cpp] Reading binary representation of './mkBGL/test03.minIndPerPop.sites.bin'
	-> Binary file doesnt exists:./mkBGL/test03.minIndPerPop.sites.bin.bin you should index:./mkBGL/test03.minIndPerPop.sites.bin
	-> like: 'angsd sites index ./mkBGL/test03.minIndPerPop.sites.bin'
